[2024-09-05T05:58:35.698+0000] {processor.py:186} INFO - Started process (PID=70) to work on /opt/airflow/dags/alpha.py
[2024-09-05T05:58:35.701+0000] {processor.py:914} INFO - Processing file /opt/airflow/dags/alpha.py for tasks to queue
[2024-09-05T05:58:35.704+0000] {logging_mixin.py:190} INFO - [2024-09-05T05:58:35.704+0000] {dagbag.py:587} INFO - Filling up the DagBag from /opt/airflow/dags/alpha.py
[2024-09-05T05:58:35.751+0000] {processor.py:925} INFO - DAG(s) 'alpha' retrieved from /opt/airflow/dags/alpha.py
[2024-09-05T05:58:36.077+0000] {logging_mixin.py:190} INFO - [2024-09-05T05:58:36.076+0000] {override.py:1858} INFO - Created Permission View: can edit on DAG:alpha
[2024-09-05T05:58:36.094+0000] {logging_mixin.py:190} INFO - [2024-09-05T05:58:36.093+0000] {override.py:1858} INFO - Created Permission View: can delete on DAG:alpha
[2024-09-05T05:58:36.113+0000] {logging_mixin.py:190} INFO - [2024-09-05T05:58:36.113+0000] {override.py:1858} INFO - Created Permission View: can read on DAG:alpha
[2024-09-05T05:58:36.114+0000] {logging_mixin.py:190} INFO - [2024-09-05T05:58:36.113+0000] {dag.py:3211} INFO - Sync 1 DAGs
[2024-09-05T05:58:36.138+0000] {logging_mixin.py:190} INFO - [2024-09-05T05:58:36.138+0000] {dag.py:3234} INFO - Creating ORM DAG for alpha
[2024-09-05T05:58:36.152+0000] {logging_mixin.py:190} INFO - [2024-09-05T05:58:36.151+0000] {dag.py:4138} INFO - Setting next_dagrun for alpha to 2024-09-04 00:00:00+00:00, run_after=2024-09-05 00:00:00+00:00
[2024-09-05T05:58:36.179+0000] {processor.py:208} INFO - Processing /opt/airflow/dags/alpha.py took 0.489 seconds
[2024-09-05T05:59:07.150+0000] {processor.py:186} INFO - Started process (PID=134) to work on /opt/airflow/dags/alpha.py
[2024-09-05T05:59:07.151+0000] {processor.py:914} INFO - Processing file /opt/airflow/dags/alpha.py for tasks to queue
[2024-09-05T05:59:07.153+0000] {logging_mixin.py:190} INFO - [2024-09-05T05:59:07.153+0000] {dagbag.py:587} INFO - Filling up the DagBag from /opt/airflow/dags/alpha.py
[2024-09-05T05:59:07.172+0000] {processor.py:925} INFO - DAG(s) 'alpha' retrieved from /opt/airflow/dags/alpha.py
[2024-09-05T05:59:07.195+0000] {logging_mixin.py:190} INFO - [2024-09-05T05:59:07.194+0000] {dag.py:3211} INFO - Sync 1 DAGs
[2024-09-05T05:59:07.237+0000] {logging_mixin.py:190} INFO - [2024-09-05T05:59:07.237+0000] {dag.py:4138} INFO - Setting next_dagrun for alpha to 2024-09-04 00:00:00+00:00, run_after=2024-09-05 00:00:00+00:00
[2024-09-05T05:59:07.297+0000] {processor.py:208} INFO - Processing /opt/airflow/dags/alpha.py took 0.152 seconds
[2024-09-05T05:59:37.485+0000] {processor.py:186} INFO - Started process (PID=198) to work on /opt/airflow/dags/alpha.py
[2024-09-05T05:59:37.486+0000] {processor.py:914} INFO - Processing file /opt/airflow/dags/alpha.py for tasks to queue
[2024-09-05T05:59:37.490+0000] {logging_mixin.py:190} INFO - [2024-09-05T05:59:37.489+0000] {dagbag.py:587} INFO - Filling up the DagBag from /opt/airflow/dags/alpha.py
[2024-09-05T05:59:37.504+0000] {processor.py:925} INFO - DAG(s) 'alpha' retrieved from /opt/airflow/dags/alpha.py
[2024-09-05T05:59:37.539+0000] {logging_mixin.py:190} INFO - [2024-09-05T05:59:37.538+0000] {dag.py:3211} INFO - Sync 1 DAGs
[2024-09-05T05:59:37.588+0000] {logging_mixin.py:190} INFO - [2024-09-05T05:59:37.587+0000] {dag.py:4138} INFO - Setting next_dagrun for alpha to 2024-09-04 00:00:00+00:00, run_after=2024-09-05 00:00:00+00:00
[2024-09-05T05:59:37.637+0000] {processor.py:208} INFO - Processing /opt/airflow/dags/alpha.py took 0.159 seconds
[2024-09-05T06:00:08.868+0000] {processor.py:186} INFO - Started process (PID=262) to work on /opt/airflow/dags/alpha.py
[2024-09-05T06:00:08.879+0000] {processor.py:914} INFO - Processing file /opt/airflow/dags/alpha.py for tasks to queue
[2024-09-05T06:00:08.890+0000] {logging_mixin.py:190} INFO - [2024-09-05T06:00:08.890+0000] {dagbag.py:587} INFO - Filling up the DagBag from /opt/airflow/dags/alpha.py
[2024-09-05T06:00:08.957+0000] {processor.py:925} INFO - DAG(s) 'alpha' retrieved from /opt/airflow/dags/alpha.py
[2024-09-05T06:00:08.996+0000] {logging_mixin.py:190} INFO - [2024-09-05T06:00:08.992+0000] {dag.py:3211} INFO - Sync 1 DAGs
[2024-09-05T06:00:09.084+0000] {logging_mixin.py:190} INFO - [2024-09-05T06:00:09.084+0000] {dag.py:4138} INFO - Setting next_dagrun for alpha to 2024-09-04 00:00:00+00:00, run_after=2024-09-05 00:00:00+00:00
[2024-09-05T06:00:09.115+0000] {processor.py:208} INFO - Processing /opt/airflow/dags/alpha.py took 0.265 seconds
[2024-09-05T07:19:21.453+0000] {processor.py:186} INFO - Started process (PID=70) to work on /opt/airflow/dags/alpha.py
[2024-09-05T07:19:21.455+0000] {processor.py:914} INFO - Processing file /opt/airflow/dags/alpha.py for tasks to queue
[2024-09-05T07:19:21.459+0000] {logging_mixin.py:190} INFO - [2024-09-05T07:19:21.459+0000] {dagbag.py:587} INFO - Filling up the DagBag from /opt/airflow/dags/alpha.py
[2024-09-05T07:19:21.498+0000] {processor.py:925} INFO - DAG(s) 'alpha' retrieved from /opt/airflow/dags/alpha.py
[2024-09-05T07:19:21.546+0000] {logging_mixin.py:190} INFO - [2024-09-05T07:19:21.545+0000] {dag.py:3211} INFO - Sync 1 DAGs
[2024-09-05T07:19:21.581+0000] {logging_mixin.py:190} INFO - [2024-09-05T07:19:21.581+0000] {dag.py:4138} INFO - Setting next_dagrun for alpha to 2024-09-04 00:00:00+00:00, run_after=2024-09-05 00:00:00+00:00
[2024-09-05T07:19:21.609+0000] {processor.py:208} INFO - Processing /opt/airflow/dags/alpha.py took 0.164 seconds
[2024-09-05T07:19:51.671+0000] {processor.py:186} INFO - Started process (PID=133) to work on /opt/airflow/dags/alpha.py
[2024-09-05T07:19:51.672+0000] {processor.py:914} INFO - Processing file /opt/airflow/dags/alpha.py for tasks to queue
[2024-09-05T07:19:51.676+0000] {logging_mixin.py:190} INFO - [2024-09-05T07:19:51.675+0000] {dagbag.py:587} INFO - Filling up the DagBag from /opt/airflow/dags/alpha.py
[2024-09-05T07:19:51.691+0000] {processor.py:925} INFO - DAG(s) 'alpha' retrieved from /opt/airflow/dags/alpha.py
[2024-09-05T07:19:51.708+0000] {logging_mixin.py:190} INFO - [2024-09-05T07:19:51.708+0000] {dag.py:3211} INFO - Sync 1 DAGs
[2024-09-05T07:19:51.732+0000] {logging_mixin.py:190} INFO - [2024-09-05T07:19:51.732+0000] {dag.py:4138} INFO - Setting next_dagrun for alpha to 2024-09-04 00:00:00+00:00, run_after=2024-09-05 00:00:00+00:00
[2024-09-05T07:19:51.755+0000] {processor.py:208} INFO - Processing /opt/airflow/dags/alpha.py took 0.092 seconds
