[2024-09-05T05:58:35.686+0000] {processor.py:186} INFO - Started process (PID=69) to work on /opt/airflow/dags/gcp_integration_dag.py
[2024-09-05T05:58:35.687+0000] {processor.py:914} INFO - Processing file /opt/airflow/dags/gcp_integration_dag.py for tasks to queue
[2024-09-05T05:58:35.691+0000] {logging_mixin.py:190} INFO - [2024-09-05T05:58:35.691+0000] {dagbag.py:587} INFO - Filling up the DagBag from /opt/airflow/dags/gcp_integration_dag.py
[2024-09-05T05:58:35.755+0000] {processor.py:925} INFO - DAG(s) 'bq_to_local_dag' retrieved from /opt/airflow/dags/gcp_integration_dag.py
[2024-09-05T05:58:36.074+0000] {logging_mixin.py:190} INFO - [2024-09-05T05:58:36.074+0000] {dag.py:3211} INFO - Sync 1 DAGs
[2024-09-05T05:58:36.120+0000] {logging_mixin.py:190} INFO - [2024-09-05T05:58:36.118+0000] {dag.py:4138} INFO - Setting next_dagrun for bq_to_local_dag to 2024-09-05 00:00:00+00:00, run_after=2024-09-06 00:00:00+00:00
[2024-09-05T05:58:36.151+0000] {processor.py:208} INFO - Processing /opt/airflow/dags/gcp_integration_dag.py took 0.473 seconds
[2024-09-05T05:59:07.144+0000] {processor.py:186} INFO - Started process (PID=133) to work on /opt/airflow/dags/gcp_integration_dag.py
[2024-09-05T05:59:07.145+0000] {processor.py:914} INFO - Processing file /opt/airflow/dags/gcp_integration_dag.py for tasks to queue
[2024-09-05T05:59:07.148+0000] {logging_mixin.py:190} INFO - [2024-09-05T05:59:07.147+0000] {dagbag.py:587} INFO - Filling up the DagBag from /opt/airflow/dags/gcp_integration_dag.py
[2024-09-05T05:59:07.166+0000] {processor.py:925} INFO - DAG(s) 'bq_to_local_dag' retrieved from /opt/airflow/dags/gcp_integration_dag.py
[2024-09-05T05:59:07.189+0000] {logging_mixin.py:190} INFO - [2024-09-05T05:59:07.188+0000] {dag.py:3211} INFO - Sync 1 DAGs
[2024-09-05T05:59:07.229+0000] {logging_mixin.py:190} INFO - [2024-09-05T05:59:07.227+0000] {dag.py:4138} INFO - Setting next_dagrun for bq_to_local_dag to 2024-09-05 00:00:00+00:00, run_after=2024-09-06 00:00:00+00:00
[2024-09-05T05:59:07.281+0000] {processor.py:208} INFO - Processing /opt/airflow/dags/gcp_integration_dag.py took 0.146 seconds
[2024-09-05T05:59:37.478+0000] {processor.py:186} INFO - Started process (PID=197) to work on /opt/airflow/dags/gcp_integration_dag.py
[2024-09-05T05:59:37.478+0000] {processor.py:914} INFO - Processing file /opt/airflow/dags/gcp_integration_dag.py for tasks to queue
[2024-09-05T05:59:37.481+0000] {logging_mixin.py:190} INFO - [2024-09-05T05:59:37.480+0000] {dagbag.py:587} INFO - Filling up the DagBag from /opt/airflow/dags/gcp_integration_dag.py
[2024-09-05T05:59:37.499+0000] {processor.py:925} INFO - DAG(s) 'bq_to_local_dag' retrieved from /opt/airflow/dags/gcp_integration_dag.py
[2024-09-05T05:59:37.539+0000] {logging_mixin.py:190} INFO - [2024-09-05T05:59:37.538+0000] {dag.py:3211} INFO - Sync 1 DAGs
[2024-09-05T05:59:37.568+0000] {logging_mixin.py:190} INFO - [2024-09-05T05:59:37.568+0000] {dag.py:4138} INFO - Setting next_dagrun for bq_to_local_dag to 2024-09-05 00:00:00+00:00, run_after=2024-09-06 00:00:00+00:00
[2024-09-05T05:59:37.610+0000] {processor.py:208} INFO - Processing /opt/airflow/dags/gcp_integration_dag.py took 0.138 seconds
[2024-09-05T06:00:08.867+0000] {processor.py:186} INFO - Started process (PID=261) to work on /opt/airflow/dags/gcp_integration_dag.py
[2024-09-05T06:00:08.883+0000] {processor.py:914} INFO - Processing file /opt/airflow/dags/gcp_integration_dag.py for tasks to queue
[2024-09-05T06:00:08.890+0000] {logging_mixin.py:190} INFO - [2024-09-05T06:00:08.890+0000] {dagbag.py:587} INFO - Filling up the DagBag from /opt/airflow/dags/gcp_integration_dag.py
[2024-09-05T06:00:08.958+0000] {processor.py:925} INFO - DAG(s) 'bq_to_local_dag' retrieved from /opt/airflow/dags/gcp_integration_dag.py
[2024-09-05T06:00:09.010+0000] {logging_mixin.py:190} INFO - [2024-09-05T06:00:09.008+0000] {dag.py:3211} INFO - Sync 1 DAGs
[2024-09-05T06:00:09.092+0000] {logging_mixin.py:190} INFO - [2024-09-05T06:00:09.091+0000] {dag.py:4138} INFO - Setting next_dagrun for bq_to_local_dag to 2024-09-05 00:00:00+00:00, run_after=2024-09-06 00:00:00+00:00
[2024-09-05T06:00:09.146+0000] {processor.py:208} INFO - Processing /opt/airflow/dags/gcp_integration_dag.py took 0.300 seconds
[2024-09-05T07:19:21.432+0000] {processor.py:186} INFO - Started process (PID=69) to work on /opt/airflow/dags/gcp_integration_dag.py
[2024-09-05T07:19:21.434+0000] {processor.py:914} INFO - Processing file /opt/airflow/dags/gcp_integration_dag.py for tasks to queue
[2024-09-05T07:19:21.439+0000] {logging_mixin.py:190} INFO - [2024-09-05T07:19:21.438+0000] {dagbag.py:587} INFO - Filling up the DagBag from /opt/airflow/dags/gcp_integration_dag.py
[2024-09-05T07:19:21.498+0000] {processor.py:925} INFO - DAG(s) 'bq_to_local_dag' retrieved from /opt/airflow/dags/gcp_integration_dag.py
[2024-09-05T07:19:21.547+0000] {logging_mixin.py:190} INFO - [2024-09-05T07:19:21.544+0000] {dag.py:3211} INFO - Sync 1 DAGs
[2024-09-05T07:19:21.586+0000] {logging_mixin.py:190} INFO - [2024-09-05T07:19:21.585+0000] {dag.py:4138} INFO - Setting next_dagrun for bq_to_local_dag to 2024-09-05 00:00:00+00:00, run_after=2024-09-06 00:00:00+00:00
[2024-09-05T07:19:21.609+0000] {processor.py:208} INFO - Processing /opt/airflow/dags/gcp_integration_dag.py took 0.185 seconds
[2024-09-05T07:19:51.789+0000] {processor.py:186} INFO - Started process (PID=134) to work on /opt/airflow/dags/gcp_integration_dag.py
[2024-09-05T07:19:51.790+0000] {processor.py:914} INFO - Processing file /opt/airflow/dags/gcp_integration_dag.py for tasks to queue
[2024-09-05T07:19:51.792+0000] {logging_mixin.py:190} INFO - [2024-09-05T07:19:51.792+0000] {dagbag.py:587} INFO - Filling up the DagBag from /opt/airflow/dags/gcp_integration_dag.py
[2024-09-05T07:19:51.807+0000] {processor.py:925} INFO - DAG(s) 'bq_to_local_dag' retrieved from /opt/airflow/dags/gcp_integration_dag.py
[2024-09-05T07:19:51.826+0000] {logging_mixin.py:190} INFO - [2024-09-05T07:19:51.826+0000] {dag.py:3211} INFO - Sync 1 DAGs
[2024-09-05T07:19:51.850+0000] {logging_mixin.py:190} INFO - [2024-09-05T07:19:51.850+0000] {dag.py:4138} INFO - Setting next_dagrun for bq_to_local_dag to 2024-09-05 00:00:00+00:00, run_after=2024-09-06 00:00:00+00:00
[2024-09-05T07:19:51.870+0000] {processor.py:208} INFO - Processing /opt/airflow/dags/gcp_integration_dag.py took 0.087 seconds
