[2024-09-05T05:58:40.702+0000] {processor.py:186} INFO - Started process (PID=100) to work on /home/airflow/.local/lib/python3.12/site-packages/airflow/example_dags/example_nested_branch_dag.py
[2024-09-05T05:58:40.704+0000] {processor.py:914} INFO - Processing file /home/airflow/.local/lib/python3.12/site-packages/airflow/example_dags/example_nested_branch_dag.py for tasks to queue
[2024-09-05T05:58:40.710+0000] {logging_mixin.py:190} INFO - [2024-09-05T05:58:40.709+0000] {dagbag.py:587} INFO - Filling up the DagBag from /home/airflow/.local/lib/python3.12/site-packages/airflow/example_dags/example_nested_branch_dag.py
[2024-09-05T05:58:40.730+0000] {processor.py:925} INFO - DAG(s) 'example_nested_branch_dag' retrieved from /home/airflow/.local/lib/python3.12/site-packages/airflow/example_dags/example_nested_branch_dag.py
[2024-09-05T05:58:40.771+0000] {logging_mixin.py:190} INFO - [2024-09-05T05:58:40.769+0000] {dag.py:3211} INFO - Sync 1 DAGs
[2024-09-05T05:58:40.821+0000] {logging_mixin.py:190} INFO - [2024-09-05T05:58:40.821+0000] {dag.py:4138} INFO - Setting next_dagrun for example_nested_branch_dag to 2024-09-04 00:00:00+00:00, run_after=2024-09-05 00:00:00+00:00
[2024-09-05T05:58:40.849+0000] {processor.py:208} INFO - Processing /home/airflow/.local/lib/python3.12/site-packages/airflow/example_dags/example_nested_branch_dag.py took 0.158 seconds
[2024-09-05T05:59:10.999+0000] {processor.py:186} INFO - Started process (PID=164) to work on /home/airflow/.local/lib/python3.12/site-packages/airflow/example_dags/example_nested_branch_dag.py
[2024-09-05T05:59:11.000+0000] {processor.py:914} INFO - Processing file /home/airflow/.local/lib/python3.12/site-packages/airflow/example_dags/example_nested_branch_dag.py for tasks to queue
[2024-09-05T05:59:11.002+0000] {logging_mixin.py:190} INFO - [2024-09-05T05:59:11.002+0000] {dagbag.py:587} INFO - Filling up the DagBag from /home/airflow/.local/lib/python3.12/site-packages/airflow/example_dags/example_nested_branch_dag.py
[2024-09-05T05:59:11.013+0000] {processor.py:925} INFO - DAG(s) 'example_nested_branch_dag' retrieved from /home/airflow/.local/lib/python3.12/site-packages/airflow/example_dags/example_nested_branch_dag.py
[2024-09-05T05:59:11.034+0000] {logging_mixin.py:190} INFO - [2024-09-05T05:59:11.034+0000] {dag.py:3211} INFO - Sync 1 DAGs
[2024-09-05T05:59:11.056+0000] {logging_mixin.py:190} INFO - [2024-09-05T05:59:11.056+0000] {dag.py:4138} INFO - Setting next_dagrun for example_nested_branch_dag to 2024-09-04 00:00:00+00:00, run_after=2024-09-05 00:00:00+00:00
[2024-09-05T05:59:11.077+0000] {processor.py:208} INFO - Processing /home/airflow/.local/lib/python3.12/site-packages/airflow/example_dags/example_nested_branch_dag.py took 0.083 seconds
[2024-09-05T05:59:41.252+0000] {processor.py:186} INFO - Started process (PID=228) to work on /home/airflow/.local/lib/python3.12/site-packages/airflow/example_dags/example_nested_branch_dag.py
[2024-09-05T05:59:41.254+0000] {processor.py:914} INFO - Processing file /home/airflow/.local/lib/python3.12/site-packages/airflow/example_dags/example_nested_branch_dag.py for tasks to queue
[2024-09-05T05:59:41.256+0000] {logging_mixin.py:190} INFO - [2024-09-05T05:59:41.256+0000] {dagbag.py:587} INFO - Filling up the DagBag from /home/airflow/.local/lib/python3.12/site-packages/airflow/example_dags/example_nested_branch_dag.py
[2024-09-05T05:59:41.267+0000] {processor.py:925} INFO - DAG(s) 'example_nested_branch_dag' retrieved from /home/airflow/.local/lib/python3.12/site-packages/airflow/example_dags/example_nested_branch_dag.py
[2024-09-05T05:59:41.290+0000] {logging_mixin.py:190} INFO - [2024-09-05T05:59:41.290+0000] {dag.py:3211} INFO - Sync 1 DAGs
[2024-09-05T05:59:41.323+0000] {logging_mixin.py:190} INFO - [2024-09-05T05:59:41.322+0000] {dag.py:4138} INFO - Setting next_dagrun for example_nested_branch_dag to 2024-09-04 00:00:00+00:00, run_after=2024-09-05 00:00:00+00:00
[2024-09-05T05:59:41.342+0000] {processor.py:208} INFO - Processing /home/airflow/.local/lib/python3.12/site-packages/airflow/example_dags/example_nested_branch_dag.py took 0.097 seconds
[2024-09-05T06:00:12.326+0000] {processor.py:186} INFO - Started process (PID=292) to work on /home/airflow/.local/lib/python3.12/site-packages/airflow/example_dags/example_nested_branch_dag.py
[2024-09-05T06:00:12.328+0000] {processor.py:914} INFO - Processing file /home/airflow/.local/lib/python3.12/site-packages/airflow/example_dags/example_nested_branch_dag.py for tasks to queue
[2024-09-05T06:00:12.331+0000] {logging_mixin.py:190} INFO - [2024-09-05T06:00:12.331+0000] {dagbag.py:587} INFO - Filling up the DagBag from /home/airflow/.local/lib/python3.12/site-packages/airflow/example_dags/example_nested_branch_dag.py
[2024-09-05T06:00:12.348+0000] {processor.py:925} INFO - DAG(s) 'example_nested_branch_dag' retrieved from /home/airflow/.local/lib/python3.12/site-packages/airflow/example_dags/example_nested_branch_dag.py
[2024-09-05T06:00:12.372+0000] {logging_mixin.py:190} INFO - [2024-09-05T06:00:12.371+0000] {dag.py:3211} INFO - Sync 1 DAGs
[2024-09-05T06:00:12.398+0000] {logging_mixin.py:190} INFO - [2024-09-05T06:00:12.398+0000] {dag.py:4138} INFO - Setting next_dagrun for example_nested_branch_dag to 2024-09-04 00:00:00+00:00, run_after=2024-09-05 00:00:00+00:00
[2024-09-05T06:00:12.415+0000] {processor.py:208} INFO - Processing /home/airflow/.local/lib/python3.12/site-packages/airflow/example_dags/example_nested_branch_dag.py took 0.096 seconds
[2024-09-05T07:19:25.165+0000] {processor.py:186} INFO - Started process (PID=100) to work on /home/airflow/.local/lib/python3.12/site-packages/airflow/example_dags/example_nested_branch_dag.py
[2024-09-05T07:19:25.167+0000] {processor.py:914} INFO - Processing file /home/airflow/.local/lib/python3.12/site-packages/airflow/example_dags/example_nested_branch_dag.py for tasks to queue
[2024-09-05T07:19:25.171+0000] {logging_mixin.py:190} INFO - [2024-09-05T07:19:25.171+0000] {dagbag.py:587} INFO - Filling up the DagBag from /home/airflow/.local/lib/python3.12/site-packages/airflow/example_dags/example_nested_branch_dag.py
[2024-09-05T07:19:25.187+0000] {processor.py:925} INFO - DAG(s) 'example_nested_branch_dag' retrieved from /home/airflow/.local/lib/python3.12/site-packages/airflow/example_dags/example_nested_branch_dag.py
[2024-09-05T07:19:25.218+0000] {logging_mixin.py:190} INFO - [2024-09-05T07:19:25.217+0000] {dag.py:3211} INFO - Sync 1 DAGs
[2024-09-05T07:19:25.243+0000] {logging_mixin.py:190} INFO - [2024-09-05T07:19:25.243+0000] {dag.py:4138} INFO - Setting next_dagrun for example_nested_branch_dag to 2024-09-04 00:00:00+00:00, run_after=2024-09-05 00:00:00+00:00
[2024-09-05T07:19:25.265+0000] {processor.py:208} INFO - Processing /home/airflow/.local/lib/python3.12/site-packages/airflow/example_dags/example_nested_branch_dag.py took 0.105 seconds
[2024-09-05T07:19:58.149+0000] {processor.py:186} INFO - Started process (PID=164) to work on /home/airflow/.local/lib/python3.12/site-packages/airflow/example_dags/example_nested_branch_dag.py
[2024-09-05T07:19:58.158+0000] {processor.py:914} INFO - Processing file /home/airflow/.local/lib/python3.12/site-packages/airflow/example_dags/example_nested_branch_dag.py for tasks to queue
[2024-09-05T07:19:58.175+0000] {logging_mixin.py:190} INFO - [2024-09-05T07:19:58.174+0000] {dagbag.py:587} INFO - Filling up the DagBag from /home/airflow/.local/lib/python3.12/site-packages/airflow/example_dags/example_nested_branch_dag.py
[2024-09-05T07:19:58.259+0000] {processor.py:925} INFO - DAG(s) 'example_nested_branch_dag' retrieved from /home/airflow/.local/lib/python3.12/site-packages/airflow/example_dags/example_nested_branch_dag.py
[2024-09-05T07:19:58.457+0000] {logging_mixin.py:190} INFO - [2024-09-05T07:19:58.446+0000] {dag.py:3211} INFO - Sync 1 DAGs
[2024-09-05T07:19:58.686+0000] {logging_mixin.py:190} INFO - [2024-09-05T07:19:58.685+0000] {dag.py:4138} INFO - Setting next_dagrun for example_nested_branch_dag to 2024-09-04 00:00:00+00:00, run_after=2024-09-05 00:00:00+00:00
[2024-09-05T07:19:58.810+0000] {processor.py:208} INFO - Processing /home/airflow/.local/lib/python3.12/site-packages/airflow/example_dags/example_nested_branch_dag.py took 0.686 seconds
