[2024-09-05T05:58:42.017+0000] {processor.py:186} INFO - Started process (PID=114) to work on /home/airflow/.local/lib/python3.12/site-packages/airflow/example_dags/example_complex.py
[2024-09-05T05:58:42.019+0000] {processor.py:914} INFO - Processing file /home/airflow/.local/lib/python3.12/site-packages/airflow/example_dags/example_complex.py for tasks to queue
[2024-09-05T05:58:42.022+0000] {logging_mixin.py:190} INFO - [2024-09-05T05:58:42.021+0000] {dagbag.py:587} INFO - Filling up the DagBag from /home/airflow/.local/lib/python3.12/site-packages/airflow/example_dags/example_complex.py
[2024-09-05T05:58:42.039+0000] {processor.py:925} INFO - DAG(s) 'example_complex' retrieved from /home/airflow/.local/lib/python3.12/site-packages/airflow/example_dags/example_complex.py
[2024-09-05T05:58:42.080+0000] {logging_mixin.py:190} INFO - [2024-09-05T05:58:42.079+0000] {dag.py:3211} INFO - Sync 1 DAGs
[2024-09-05T05:58:42.109+0000] {logging_mixin.py:190} INFO - [2024-09-05T05:58:42.108+0000] {dag.py:4138} INFO - Setting next_dagrun for example_complex to None, run_after=None
[2024-09-05T05:58:42.145+0000] {processor.py:208} INFO - Processing /home/airflow/.local/lib/python3.12/site-packages/airflow/example_dags/example_complex.py took 0.136 seconds
[2024-09-05T05:59:12.262+0000] {processor.py:186} INFO - Started process (PID=178) to work on /home/airflow/.local/lib/python3.12/site-packages/airflow/example_dags/example_complex.py
[2024-09-05T05:59:12.263+0000] {processor.py:914} INFO - Processing file /home/airflow/.local/lib/python3.12/site-packages/airflow/example_dags/example_complex.py for tasks to queue
[2024-09-05T05:59:12.265+0000] {logging_mixin.py:190} INFO - [2024-09-05T05:59:12.265+0000] {dagbag.py:587} INFO - Filling up the DagBag from /home/airflow/.local/lib/python3.12/site-packages/airflow/example_dags/example_complex.py
[2024-09-05T05:59:12.282+0000] {processor.py:925} INFO - DAG(s) 'example_complex' retrieved from /home/airflow/.local/lib/python3.12/site-packages/airflow/example_dags/example_complex.py
[2024-09-05T05:59:12.324+0000] {logging_mixin.py:190} INFO - [2024-09-05T05:59:12.324+0000] {dag.py:3211} INFO - Sync 1 DAGs
[2024-09-05T05:59:12.343+0000] {logging_mixin.py:190} INFO - [2024-09-05T05:59:12.342+0000] {dag.py:4138} INFO - Setting next_dagrun for example_complex to None, run_after=None
[2024-09-05T05:59:12.367+0000] {processor.py:208} INFO - Processing /home/airflow/.local/lib/python3.12/site-packages/airflow/example_dags/example_complex.py took 0.114 seconds
[2024-09-05T05:59:42.458+0000] {processor.py:186} INFO - Started process (PID=242) to work on /home/airflow/.local/lib/python3.12/site-packages/airflow/example_dags/example_complex.py
[2024-09-05T05:59:42.461+0000] {processor.py:914} INFO - Processing file /home/airflow/.local/lib/python3.12/site-packages/airflow/example_dags/example_complex.py for tasks to queue
[2024-09-05T05:59:42.463+0000] {logging_mixin.py:190} INFO - [2024-09-05T05:59:42.463+0000] {dagbag.py:587} INFO - Filling up the DagBag from /home/airflow/.local/lib/python3.12/site-packages/airflow/example_dags/example_complex.py
[2024-09-05T05:59:42.478+0000] {processor.py:925} INFO - DAG(s) 'example_complex' retrieved from /home/airflow/.local/lib/python3.12/site-packages/airflow/example_dags/example_complex.py
[2024-09-05T05:59:42.507+0000] {logging_mixin.py:190} INFO - [2024-09-05T05:59:42.507+0000] {dag.py:3211} INFO - Sync 1 DAGs
[2024-09-05T05:59:42.525+0000] {logging_mixin.py:190} INFO - [2024-09-05T05:59:42.525+0000] {dag.py:4138} INFO - Setting next_dagrun for example_complex to None, run_after=None
[2024-09-05T05:59:42.551+0000] {processor.py:208} INFO - Processing /home/airflow/.local/lib/python3.12/site-packages/airflow/example_dags/example_complex.py took 0.100 seconds
[2024-09-05T06:00:13.307+0000] {processor.py:186} INFO - Started process (PID=306) to work on /home/airflow/.local/lib/python3.12/site-packages/airflow/example_dags/example_complex.py
[2024-09-05T06:00:13.308+0000] {processor.py:914} INFO - Processing file /home/airflow/.local/lib/python3.12/site-packages/airflow/example_dags/example_complex.py for tasks to queue
[2024-09-05T06:00:13.311+0000] {logging_mixin.py:190} INFO - [2024-09-05T06:00:13.311+0000] {dagbag.py:587} INFO - Filling up the DagBag from /home/airflow/.local/lib/python3.12/site-packages/airflow/example_dags/example_complex.py
[2024-09-05T06:00:13.324+0000] {processor.py:925} INFO - DAG(s) 'example_complex' retrieved from /home/airflow/.local/lib/python3.12/site-packages/airflow/example_dags/example_complex.py
[2024-09-05T06:00:13.359+0000] {logging_mixin.py:190} INFO - [2024-09-05T06:00:13.359+0000] {dag.py:3211} INFO - Sync 1 DAGs
[2024-09-05T06:00:13.374+0000] {logging_mixin.py:190} INFO - [2024-09-05T06:00:13.374+0000] {dag.py:4138} INFO - Setting next_dagrun for example_complex to None, run_after=None
[2024-09-05T06:00:13.395+0000] {processor.py:208} INFO - Processing /home/airflow/.local/lib/python3.12/site-packages/airflow/example_dags/example_complex.py took 0.093 seconds
[2024-09-05T07:19:26.216+0000] {processor.py:186} INFO - Started process (PID=114) to work on /home/airflow/.local/lib/python3.12/site-packages/airflow/example_dags/example_complex.py
[2024-09-05T07:19:26.217+0000] {processor.py:914} INFO - Processing file /home/airflow/.local/lib/python3.12/site-packages/airflow/example_dags/example_complex.py for tasks to queue
[2024-09-05T07:19:26.221+0000] {logging_mixin.py:190} INFO - [2024-09-05T07:19:26.221+0000] {dagbag.py:587} INFO - Filling up the DagBag from /home/airflow/.local/lib/python3.12/site-packages/airflow/example_dags/example_complex.py
[2024-09-05T07:19:26.245+0000] {processor.py:925} INFO - DAG(s) 'example_complex' retrieved from /home/airflow/.local/lib/python3.12/site-packages/airflow/example_dags/example_complex.py
[2024-09-05T07:19:26.307+0000] {logging_mixin.py:190} INFO - [2024-09-05T07:19:26.305+0000] {dag.py:3211} INFO - Sync 1 DAGs
[2024-09-05T07:19:26.335+0000] {logging_mixin.py:190} INFO - [2024-09-05T07:19:26.334+0000] {dag.py:4138} INFO - Setting next_dagrun for example_complex to None, run_after=None
[2024-09-05T07:19:26.364+0000] {processor.py:208} INFO - Processing /home/airflow/.local/lib/python3.12/site-packages/airflow/example_dags/example_complex.py took 0.158 seconds
[2024-09-05T07:20:00.279+0000] {processor.py:186} INFO - Started process (PID=178) to work on /home/airflow/.local/lib/python3.12/site-packages/airflow/example_dags/example_complex.py
[2024-09-05T07:20:00.280+0000] {processor.py:914} INFO - Processing file /home/airflow/.local/lib/python3.12/site-packages/airflow/example_dags/example_complex.py for tasks to queue
[2024-09-05T07:20:00.283+0000] {logging_mixin.py:190} INFO - [2024-09-05T07:20:00.282+0000] {dagbag.py:587} INFO - Filling up the DagBag from /home/airflow/.local/lib/python3.12/site-packages/airflow/example_dags/example_complex.py
[2024-09-05T07:20:00.297+0000] {processor.py:925} INFO - DAG(s) 'example_complex' retrieved from /home/airflow/.local/lib/python3.12/site-packages/airflow/example_dags/example_complex.py
[2024-09-05T07:20:00.338+0000] {logging_mixin.py:190} INFO - [2024-09-05T07:20:00.338+0000] {dag.py:3211} INFO - Sync 1 DAGs
[2024-09-05T07:20:00.366+0000] {logging_mixin.py:190} INFO - [2024-09-05T07:20:00.366+0000] {dag.py:4138} INFO - Setting next_dagrun for example_complex to None, run_after=None
[2024-09-05T07:20:00.393+0000] {processor.py:208} INFO - Processing /home/airflow/.local/lib/python3.12/site-packages/airflow/example_dags/example_complex.py took 0.122 seconds
