[2024-09-05T05:58:36.305+0000] {processor.py:186} INFO - Started process (PID=71) to work on /home/airflow/.local/lib/python3.12/site-packages/airflow/example_dags/example_short_circuit_decorator.py
[2024-09-05T05:58:36.306+0000] {processor.py:914} INFO - Processing file /home/airflow/.local/lib/python3.12/site-packages/airflow/example_dags/example_short_circuit_decorator.py for tasks to queue
[2024-09-05T05:58:36.313+0000] {logging_mixin.py:190} INFO - [2024-09-05T05:58:36.312+0000] {dagbag.py:587} INFO - Filling up the DagBag from /home/airflow/.local/lib/python3.12/site-packages/airflow/example_dags/example_short_circuit_decorator.py
[2024-09-05T05:58:36.338+0000] {processor.py:925} INFO - DAG(s) 'example_short_circuit_decorator' retrieved from /home/airflow/.local/lib/python3.12/site-packages/airflow/example_dags/example_short_circuit_decorator.py
[2024-09-05T05:58:36.383+0000] {logging_mixin.py:190} INFO - [2024-09-05T05:58:36.382+0000] {dag.py:3211} INFO - Sync 1 DAGs
[2024-09-05T05:58:36.417+0000] {logging_mixin.py:190} INFO - [2024-09-05T05:58:36.416+0000] {dag.py:4138} INFO - Setting next_dagrun for example_short_circuit_decorator to 2024-09-04 00:00:00+00:00, run_after=2024-09-05 00:00:00+00:00
[2024-09-05T05:58:36.452+0000] {processor.py:208} INFO - Processing /home/airflow/.local/lib/python3.12/site-packages/airflow/example_dags/example_short_circuit_decorator.py took 0.167 seconds
[2024-09-05T05:59:07.320+0000] {processor.py:186} INFO - Started process (PID=135) to work on /home/airflow/.local/lib/python3.12/site-packages/airflow/example_dags/example_short_circuit_decorator.py
[2024-09-05T05:59:07.321+0000] {processor.py:914} INFO - Processing file /home/airflow/.local/lib/python3.12/site-packages/airflow/example_dags/example_short_circuit_decorator.py for tasks to queue
[2024-09-05T05:59:07.328+0000] {logging_mixin.py:190} INFO - [2024-09-05T05:59:07.327+0000] {dagbag.py:587} INFO - Filling up the DagBag from /home/airflow/.local/lib/python3.12/site-packages/airflow/example_dags/example_short_circuit_decorator.py
[2024-09-05T05:59:07.348+0000] {processor.py:925} INFO - DAG(s) 'example_short_circuit_decorator' retrieved from /home/airflow/.local/lib/python3.12/site-packages/airflow/example_dags/example_short_circuit_decorator.py
[2024-09-05T05:59:07.390+0000] {logging_mixin.py:190} INFO - [2024-09-05T05:59:07.389+0000] {dag.py:3211} INFO - Sync 1 DAGs
[2024-09-05T05:59:07.421+0000] {logging_mixin.py:190} INFO - [2024-09-05T05:59:07.421+0000] {dag.py:4138} INFO - Setting next_dagrun for example_short_circuit_decorator to 2024-09-04 00:00:00+00:00, run_after=2024-09-05 00:00:00+00:00
[2024-09-05T05:59:07.442+0000] {processor.py:208} INFO - Processing /home/airflow/.local/lib/python3.12/site-packages/airflow/example_dags/example_short_circuit_decorator.py took 0.131 seconds
[2024-09-05T05:59:37.647+0000] {processor.py:186} INFO - Started process (PID=199) to work on /home/airflow/.local/lib/python3.12/site-packages/airflow/example_dags/example_short_circuit_decorator.py
[2024-09-05T05:59:37.648+0000] {processor.py:914} INFO - Processing file /home/airflow/.local/lib/python3.12/site-packages/airflow/example_dags/example_short_circuit_decorator.py for tasks to queue
[2024-09-05T05:59:37.651+0000] {logging_mixin.py:190} INFO - [2024-09-05T05:59:37.651+0000] {dagbag.py:587} INFO - Filling up the DagBag from /home/airflow/.local/lib/python3.12/site-packages/airflow/example_dags/example_short_circuit_decorator.py
[2024-09-05T05:59:37.680+0000] {processor.py:925} INFO - DAG(s) 'example_short_circuit_decorator' retrieved from /home/airflow/.local/lib/python3.12/site-packages/airflow/example_dags/example_short_circuit_decorator.py
[2024-09-05T05:59:37.738+0000] {logging_mixin.py:190} INFO - [2024-09-05T05:59:37.737+0000] {dag.py:3211} INFO - Sync 1 DAGs
[2024-09-05T05:59:37.772+0000] {logging_mixin.py:190} INFO - [2024-09-05T05:59:37.771+0000] {dag.py:4138} INFO - Setting next_dagrun for example_short_circuit_decorator to 2024-09-04 00:00:00+00:00, run_after=2024-09-05 00:00:00+00:00
[2024-09-05T05:59:37.804+0000] {processor.py:208} INFO - Processing /home/airflow/.local/lib/python3.12/site-packages/airflow/example_dags/example_short_circuit_decorator.py took 0.163 seconds
[2024-09-05T06:00:09.188+0000] {processor.py:186} INFO - Started process (PID=263) to work on /home/airflow/.local/lib/python3.12/site-packages/airflow/example_dags/example_short_circuit_decorator.py
[2024-09-05T06:00:09.190+0000] {processor.py:914} INFO - Processing file /home/airflow/.local/lib/python3.12/site-packages/airflow/example_dags/example_short_circuit_decorator.py for tasks to queue
[2024-09-05T06:00:09.194+0000] {logging_mixin.py:190} INFO - [2024-09-05T06:00:09.193+0000] {dagbag.py:587} INFO - Filling up the DagBag from /home/airflow/.local/lib/python3.12/site-packages/airflow/example_dags/example_short_circuit_decorator.py
[2024-09-05T06:00:09.228+0000] {processor.py:925} INFO - DAG(s) 'example_short_circuit_decorator' retrieved from /home/airflow/.local/lib/python3.12/site-packages/airflow/example_dags/example_short_circuit_decorator.py
[2024-09-05T06:00:09.273+0000] {logging_mixin.py:190} INFO - [2024-09-05T06:00:09.272+0000] {dag.py:3211} INFO - Sync 1 DAGs
[2024-09-05T06:00:09.300+0000] {logging_mixin.py:190} INFO - [2024-09-05T06:00:09.300+0000] {dag.py:4138} INFO - Setting next_dagrun for example_short_circuit_decorator to 2024-09-04 00:00:00+00:00, run_after=2024-09-05 00:00:00+00:00
[2024-09-05T06:00:09.325+0000] {processor.py:208} INFO - Processing /home/airflow/.local/lib/python3.12/site-packages/airflow/example_dags/example_short_circuit_decorator.py took 0.149 seconds
[2024-09-05T07:19:21.688+0000] {processor.py:186} INFO - Started process (PID=71) to work on /home/airflow/.local/lib/python3.12/site-packages/airflow/example_dags/example_short_circuit_decorator.py
[2024-09-05T07:19:21.689+0000] {processor.py:914} INFO - Processing file /home/airflow/.local/lib/python3.12/site-packages/airflow/example_dags/example_short_circuit_decorator.py for tasks to queue
[2024-09-05T07:19:21.692+0000] {logging_mixin.py:190} INFO - [2024-09-05T07:19:21.692+0000] {dagbag.py:587} INFO - Filling up the DagBag from /home/airflow/.local/lib/python3.12/site-packages/airflow/example_dags/example_short_circuit_decorator.py
[2024-09-05T07:19:21.712+0000] {processor.py:925} INFO - DAG(s) 'example_short_circuit_decorator' retrieved from /home/airflow/.local/lib/python3.12/site-packages/airflow/example_dags/example_short_circuit_decorator.py
[2024-09-05T07:19:21.745+0000] {logging_mixin.py:190} INFO - [2024-09-05T07:19:21.744+0000] {dag.py:3211} INFO - Sync 1 DAGs
[2024-09-05T07:19:21.768+0000] {logging_mixin.py:190} INFO - [2024-09-05T07:19:21.767+0000] {dag.py:4138} INFO - Setting next_dagrun for example_short_circuit_decorator to 2024-09-04 00:00:00+00:00, run_after=2024-09-05 00:00:00+00:00
[2024-09-05T07:19:21.788+0000] {processor.py:208} INFO - Processing /home/airflow/.local/lib/python3.12/site-packages/airflow/example_dags/example_short_circuit_decorator.py took 0.107 seconds
[2024-09-05T07:19:51.908+0000] {processor.py:186} INFO - Started process (PID=135) to work on /home/airflow/.local/lib/python3.12/site-packages/airflow/example_dags/example_short_circuit_decorator.py
[2024-09-05T07:19:51.909+0000] {processor.py:914} INFO - Processing file /home/airflow/.local/lib/python3.12/site-packages/airflow/example_dags/example_short_circuit_decorator.py for tasks to queue
[2024-09-05T07:19:51.911+0000] {logging_mixin.py:190} INFO - [2024-09-05T07:19:51.911+0000] {dagbag.py:587} INFO - Filling up the DagBag from /home/airflow/.local/lib/python3.12/site-packages/airflow/example_dags/example_short_circuit_decorator.py
[2024-09-05T07:19:51.921+0000] {processor.py:925} INFO - DAG(s) 'example_short_circuit_decorator' retrieved from /home/airflow/.local/lib/python3.12/site-packages/airflow/example_dags/example_short_circuit_decorator.py
[2024-09-05T07:19:51.946+0000] {logging_mixin.py:190} INFO - [2024-09-05T07:19:51.945+0000] {dag.py:3211} INFO - Sync 1 DAGs
[2024-09-05T07:19:51.967+0000] {logging_mixin.py:190} INFO - [2024-09-05T07:19:51.966+0000] {dag.py:4138} INFO - Setting next_dagrun for example_short_circuit_decorator to 2024-09-04 00:00:00+00:00, run_after=2024-09-05 00:00:00+00:00
[2024-09-05T07:19:51.987+0000] {processor.py:208} INFO - Processing /home/airflow/.local/lib/python3.12/site-packages/airflow/example_dags/example_short_circuit_decorator.py took 0.085 seconds
