[2024-09-05T05:58:41.945+0000] {processor.py:186} INFO - Started process (PID=113) to work on /home/airflow/.local/lib/python3.12/site-packages/airflow/example_dags/example_python_operator.py
[2024-09-05T05:58:41.948+0000] {processor.py:914} INFO - Processing file /home/airflow/.local/lib/python3.12/site-packages/airflow/example_dags/example_python_operator.py for tasks to queue
[2024-09-05T05:58:41.951+0000] {logging_mixin.py:190} INFO - [2024-09-05T05:58:41.951+0000] {dagbag.py:587} INFO - Filling up the DagBag from /home/airflow/.local/lib/python3.12/site-packages/airflow/example_dags/example_python_operator.py
[2024-09-05T05:58:41.970+0000] {processor.py:925} INFO - DAG(s) 'example_python_operator' retrieved from /home/airflow/.local/lib/python3.12/site-packages/airflow/example_dags/example_python_operator.py
[2024-09-05T05:58:42.120+0000] {logging_mixin.py:190} INFO - [2024-09-05T05:58:42.119+0000] {dag.py:3211} INFO - Sync 1 DAGs
[2024-09-05T05:58:42.139+0000] {logging_mixin.py:190} INFO - [2024-09-05T05:58:42.139+0000] {dag.py:4138} INFO - Setting next_dagrun for example_python_operator to None, run_after=None
[2024-09-05T05:58:42.169+0000] {processor.py:208} INFO - Processing /home/airflow/.local/lib/python3.12/site-packages/airflow/example_dags/example_python_operator.py took 0.231 seconds
[2024-09-05T05:59:12.261+0000] {processor.py:186} INFO - Started process (PID=177) to work on /home/airflow/.local/lib/python3.12/site-packages/airflow/example_dags/example_python_operator.py
[2024-09-05T05:59:12.262+0000] {processor.py:914} INFO - Processing file /home/airflow/.local/lib/python3.12/site-packages/airflow/example_dags/example_python_operator.py for tasks to queue
[2024-09-05T05:59:12.264+0000] {logging_mixin.py:190} INFO - [2024-09-05T05:59:12.264+0000] {dagbag.py:587} INFO - Filling up the DagBag from /home/airflow/.local/lib/python3.12/site-packages/airflow/example_dags/example_python_operator.py
[2024-09-05T05:59:12.276+0000] {processor.py:925} INFO - DAG(s) 'example_python_operator' retrieved from /home/airflow/.local/lib/python3.12/site-packages/airflow/example_dags/example_python_operator.py
[2024-09-05T05:59:12.310+0000] {logging_mixin.py:190} INFO - [2024-09-05T05:59:12.309+0000] {dag.py:3211} INFO - Sync 1 DAGs
[2024-09-05T05:59:12.327+0000] {logging_mixin.py:190} INFO - [2024-09-05T05:59:12.326+0000] {dag.py:4138} INFO - Setting next_dagrun for example_python_operator to None, run_after=None
[2024-09-05T05:59:12.350+0000] {processor.py:208} INFO - Processing /home/airflow/.local/lib/python3.12/site-packages/airflow/example_dags/example_python_operator.py took 0.097 seconds
[2024-09-05T05:59:42.453+0000] {processor.py:186} INFO - Started process (PID=241) to work on /home/airflow/.local/lib/python3.12/site-packages/airflow/example_dags/example_python_operator.py
[2024-09-05T05:59:42.455+0000] {processor.py:914} INFO - Processing file /home/airflow/.local/lib/python3.12/site-packages/airflow/example_dags/example_python_operator.py for tasks to queue
[2024-09-05T05:59:42.457+0000] {logging_mixin.py:190} INFO - [2024-09-05T05:59:42.457+0000] {dagbag.py:587} INFO - Filling up the DagBag from /home/airflow/.local/lib/python3.12/site-packages/airflow/example_dags/example_python_operator.py
[2024-09-05T05:59:42.474+0000] {processor.py:925} INFO - DAG(s) 'example_python_operator' retrieved from /home/airflow/.local/lib/python3.12/site-packages/airflow/example_dags/example_python_operator.py
[2024-09-05T05:59:42.497+0000] {logging_mixin.py:190} INFO - [2024-09-05T05:59:42.497+0000] {dag.py:3211} INFO - Sync 1 DAGs
[2024-09-05T05:59:42.518+0000] {logging_mixin.py:190} INFO - [2024-09-05T05:59:42.517+0000] {dag.py:4138} INFO - Setting next_dagrun for example_python_operator to None, run_after=None
[2024-09-05T05:59:42.543+0000] {processor.py:208} INFO - Processing /home/airflow/.local/lib/python3.12/site-packages/airflow/example_dags/example_python_operator.py took 0.098 seconds
[2024-09-05T06:00:13.199+0000] {processor.py:186} INFO - Started process (PID=305) to work on /home/airflow/.local/lib/python3.12/site-packages/airflow/example_dags/example_python_operator.py
[2024-09-05T06:00:13.201+0000] {processor.py:914} INFO - Processing file /home/airflow/.local/lib/python3.12/site-packages/airflow/example_dags/example_python_operator.py for tasks to queue
[2024-09-05T06:00:13.203+0000] {logging_mixin.py:190} INFO - [2024-09-05T06:00:13.203+0000] {dagbag.py:587} INFO - Filling up the DagBag from /home/airflow/.local/lib/python3.12/site-packages/airflow/example_dags/example_python_operator.py
[2024-09-05T06:00:13.215+0000] {processor.py:925} INFO - DAG(s) 'example_python_operator' retrieved from /home/airflow/.local/lib/python3.12/site-packages/airflow/example_dags/example_python_operator.py
[2024-09-05T06:00:13.238+0000] {logging_mixin.py:190} INFO - [2024-09-05T06:00:13.238+0000] {dag.py:3211} INFO - Sync 1 DAGs
[2024-09-05T06:00:13.253+0000] {logging_mixin.py:190} INFO - [2024-09-05T06:00:13.253+0000] {dag.py:4138} INFO - Setting next_dagrun for example_python_operator to None, run_after=None
[2024-09-05T06:00:13.270+0000] {processor.py:208} INFO - Processing /home/airflow/.local/lib/python3.12/site-packages/airflow/example_dags/example_python_operator.py took 0.077 seconds
[2024-09-05T07:19:26.140+0000] {processor.py:186} INFO - Started process (PID=113) to work on /home/airflow/.local/lib/python3.12/site-packages/airflow/example_dags/example_python_operator.py
[2024-09-05T07:19:26.142+0000] {processor.py:914} INFO - Processing file /home/airflow/.local/lib/python3.12/site-packages/airflow/example_dags/example_python_operator.py for tasks to queue
[2024-09-05T07:19:26.144+0000] {logging_mixin.py:190} INFO - [2024-09-05T07:19:26.144+0000] {dagbag.py:587} INFO - Filling up the DagBag from /home/airflow/.local/lib/python3.12/site-packages/airflow/example_dags/example_python_operator.py
[2024-09-05T07:19:26.162+0000] {processor.py:925} INFO - DAG(s) 'example_python_operator' retrieved from /home/airflow/.local/lib/python3.12/site-packages/airflow/example_dags/example_python_operator.py
[2024-09-05T07:19:26.326+0000] {logging_mixin.py:190} INFO - [2024-09-05T07:19:26.325+0000] {dag.py:3211} INFO - Sync 1 DAGs
[2024-09-05T07:19:26.346+0000] {logging_mixin.py:190} INFO - [2024-09-05T07:19:26.345+0000] {dag.py:4138} INFO - Setting next_dagrun for example_python_operator to None, run_after=None
[2024-09-05T07:19:26.376+0000] {processor.py:208} INFO - Processing /home/airflow/.local/lib/python3.12/site-packages/airflow/example_dags/example_python_operator.py took 0.242 seconds
[2024-09-05T07:20:00.231+0000] {processor.py:186} INFO - Started process (PID=177) to work on /home/airflow/.local/lib/python3.12/site-packages/airflow/example_dags/example_python_operator.py
[2024-09-05T07:20:00.232+0000] {processor.py:914} INFO - Processing file /home/airflow/.local/lib/python3.12/site-packages/airflow/example_dags/example_python_operator.py for tasks to queue
[2024-09-05T07:20:00.235+0000] {logging_mixin.py:190} INFO - [2024-09-05T07:20:00.235+0000] {dagbag.py:587} INFO - Filling up the DagBag from /home/airflow/.local/lib/python3.12/site-packages/airflow/example_dags/example_python_operator.py
[2024-09-05T07:20:00.271+0000] {processor.py:925} INFO - DAG(s) 'example_python_operator' retrieved from /home/airflow/.local/lib/python3.12/site-packages/airflow/example_dags/example_python_operator.py
[2024-09-05T07:20:00.298+0000] {logging_mixin.py:190} INFO - [2024-09-05T07:20:00.297+0000] {dag.py:3211} INFO - Sync 1 DAGs
[2024-09-05T07:20:00.316+0000] {logging_mixin.py:190} INFO - [2024-09-05T07:20:00.316+0000] {dag.py:4138} INFO - Setting next_dagrun for example_python_operator to None, run_after=None
[2024-09-05T07:20:00.338+0000] {processor.py:208} INFO - Processing /home/airflow/.local/lib/python3.12/site-packages/airflow/example_dags/example_python_operator.py took 0.114 seconds
