[2024-09-05T05:58:43.202+0000] {processor.py:186} INFO - Started process (PID=121) to work on /home/airflow/.local/lib/python3.12/site-packages/airflow/example_dags/example_branch_python_dop_operator_3.py
[2024-09-05T05:58:43.203+0000] {processor.py:914} INFO - Processing file /home/airflow/.local/lib/python3.12/site-packages/airflow/example_dags/example_branch_python_dop_operator_3.py for tasks to queue
[2024-09-05T05:58:43.206+0000] {logging_mixin.py:190} INFO - [2024-09-05T05:58:43.206+0000] {dagbag.py:587} INFO - Filling up the DagBag from /home/airflow/.local/lib/python3.12/site-packages/airflow/example_dags/example_branch_python_dop_operator_3.py
[2024-09-05T05:58:43.221+0000] {processor.py:925} INFO - DAG(s) 'example_branch_dop_operator_v3' retrieved from /home/airflow/.local/lib/python3.12/site-packages/airflow/example_dags/example_branch_python_dop_operator_3.py
[2024-09-05T05:58:43.247+0000] {logging_mixin.py:190} INFO - [2024-09-05T05:58:43.246+0000] {dag.py:3211} INFO - Sync 1 DAGs
[2024-09-05T05:58:43.321+0000] {logging_mixin.py:190} INFO - [2024-09-05T05:58:43.320+0000] {dag.py:4138} INFO - Setting next_dagrun for example_branch_dop_operator_v3 to 2024-09-05 05:57:00+00:00, run_after=2024-09-05 05:58:00+00:00
[2024-09-05T05:58:43.413+0000] {processor.py:208} INFO - Processing /home/airflow/.local/lib/python3.12/site-packages/airflow/example_dags/example_branch_python_dop_operator_3.py took 0.217 seconds
[2024-09-05T05:59:13.770+0000] {processor.py:186} INFO - Started process (PID=184) to work on /home/airflow/.local/lib/python3.12/site-packages/airflow/example_dags/example_branch_python_dop_operator_3.py
[2024-09-05T05:59:13.771+0000] {processor.py:914} INFO - Processing file /home/airflow/.local/lib/python3.12/site-packages/airflow/example_dags/example_branch_python_dop_operator_3.py for tasks to queue
[2024-09-05T05:59:13.773+0000] {logging_mixin.py:190} INFO - [2024-09-05T05:59:13.773+0000] {dagbag.py:587} INFO - Filling up the DagBag from /home/airflow/.local/lib/python3.12/site-packages/airflow/example_dags/example_branch_python_dop_operator_3.py
[2024-09-05T05:59:13.783+0000] {processor.py:925} INFO - DAG(s) 'example_branch_dop_operator_v3' retrieved from /home/airflow/.local/lib/python3.12/site-packages/airflow/example_dags/example_branch_python_dop_operator_3.py
[2024-09-05T05:59:13.808+0000] {logging_mixin.py:190} INFO - [2024-09-05T05:59:13.807+0000] {dag.py:3211} INFO - Sync 1 DAGs
[2024-09-05T05:59:13.831+0000] {logging_mixin.py:190} INFO - [2024-09-05T05:59:13.831+0000] {dag.py:4138} INFO - Setting next_dagrun for example_branch_dop_operator_v3 to 2024-09-05 05:58:00+00:00, run_after=2024-09-05 05:59:00+00:00
[2024-09-05T05:59:13.861+0000] {processor.py:208} INFO - Processing /home/airflow/.local/lib/python3.12/site-packages/airflow/example_dags/example_branch_python_dop_operator_3.py took 0.096 seconds
[2024-09-05T05:59:44.175+0000] {processor.py:186} INFO - Started process (PID=249) to work on /home/airflow/.local/lib/python3.12/site-packages/airflow/example_dags/example_branch_python_dop_operator_3.py
[2024-09-05T05:59:44.177+0000] {processor.py:914} INFO - Processing file /home/airflow/.local/lib/python3.12/site-packages/airflow/example_dags/example_branch_python_dop_operator_3.py for tasks to queue
[2024-09-05T05:59:44.180+0000] {logging_mixin.py:190} INFO - [2024-09-05T05:59:44.179+0000] {dagbag.py:587} INFO - Filling up the DagBag from /home/airflow/.local/lib/python3.12/site-packages/airflow/example_dags/example_branch_python_dop_operator_3.py
[2024-09-05T05:59:44.190+0000] {processor.py:925} INFO - DAG(s) 'example_branch_dop_operator_v3' retrieved from /home/airflow/.local/lib/python3.12/site-packages/airflow/example_dags/example_branch_python_dop_operator_3.py
[2024-09-05T05:59:44.211+0000] {logging_mixin.py:190} INFO - [2024-09-05T05:59:44.210+0000] {dag.py:3211} INFO - Sync 1 DAGs
[2024-09-05T05:59:44.237+0000] {logging_mixin.py:190} INFO - [2024-09-05T05:59:44.237+0000] {dag.py:4138} INFO - Setting next_dagrun for example_branch_dop_operator_v3 to 2024-09-05 05:58:00+00:00, run_after=2024-09-05 05:59:00+00:00
[2024-09-05T05:59:44.256+0000] {processor.py:208} INFO - Processing /home/airflow/.local/lib/python3.12/site-packages/airflow/example_dags/example_branch_python_dop_operator_3.py took 0.089 seconds
[2024-09-05T06:00:14.733+0000] {processor.py:186} INFO - Started process (PID=313) to work on /home/airflow/.local/lib/python3.12/site-packages/airflow/example_dags/example_branch_python_dop_operator_3.py
[2024-09-05T06:00:14.735+0000] {processor.py:914} INFO - Processing file /home/airflow/.local/lib/python3.12/site-packages/airflow/example_dags/example_branch_python_dop_operator_3.py for tasks to queue
[2024-09-05T06:00:14.737+0000] {logging_mixin.py:190} INFO - [2024-09-05T06:00:14.737+0000] {dagbag.py:587} INFO - Filling up the DagBag from /home/airflow/.local/lib/python3.12/site-packages/airflow/example_dags/example_branch_python_dop_operator_3.py
[2024-09-05T06:00:14.747+0000] {processor.py:925} INFO - DAG(s) 'example_branch_dop_operator_v3' retrieved from /home/airflow/.local/lib/python3.12/site-packages/airflow/example_dags/example_branch_python_dop_operator_3.py
[2024-09-05T06:00:14.767+0000] {logging_mixin.py:190} INFO - [2024-09-05T06:00:14.767+0000] {dag.py:3211} INFO - Sync 1 DAGs
[2024-09-05T06:00:14.792+0000] {logging_mixin.py:190} INFO - [2024-09-05T06:00:14.791+0000] {dag.py:4138} INFO - Setting next_dagrun for example_branch_dop_operator_v3 to 2024-09-05 05:59:00+00:00, run_after=2024-09-05 06:00:00+00:00
[2024-09-05T06:00:14.815+0000] {processor.py:208} INFO - Processing /home/airflow/.local/lib/python3.12/site-packages/airflow/example_dags/example_branch_python_dop_operator_3.py took 0.086 seconds
[2024-09-05T07:19:27.006+0000] {processor.py:186} INFO - Started process (PID=121) to work on /home/airflow/.local/lib/python3.12/site-packages/airflow/example_dags/example_branch_python_dop_operator_3.py
[2024-09-05T07:19:27.008+0000] {processor.py:914} INFO - Processing file /home/airflow/.local/lib/python3.12/site-packages/airflow/example_dags/example_branch_python_dop_operator_3.py for tasks to queue
[2024-09-05T07:19:27.011+0000] {logging_mixin.py:190} INFO - [2024-09-05T07:19:27.011+0000] {dagbag.py:587} INFO - Filling up the DagBag from /home/airflow/.local/lib/python3.12/site-packages/airflow/example_dags/example_branch_python_dop_operator_3.py
[2024-09-05T07:19:27.025+0000] {processor.py:925} INFO - DAG(s) 'example_branch_dop_operator_v3' retrieved from /home/airflow/.local/lib/python3.12/site-packages/airflow/example_dags/example_branch_python_dop_operator_3.py
[2024-09-05T07:19:27.057+0000] {logging_mixin.py:190} INFO - [2024-09-05T07:19:27.056+0000] {dag.py:3211} INFO - Sync 1 DAGs
[2024-09-05T07:19:27.093+0000] {logging_mixin.py:190} INFO - [2024-09-05T07:19:27.093+0000] {dag.py:4138} INFO - Setting next_dagrun for example_branch_dop_operator_v3 to 2024-09-05 07:18:00+00:00, run_after=2024-09-05 07:19:00+00:00
[2024-09-05T07:19:27.119+0000] {processor.py:208} INFO - Processing /home/airflow/.local/lib/python3.12/site-packages/airflow/example_dags/example_branch_python_dop_operator_3.py took 0.121 seconds
[2024-09-05T07:20:01.109+0000] {processor.py:186} INFO - Started process (PID=185) to work on /home/airflow/.local/lib/python3.12/site-packages/airflow/example_dags/example_branch_python_dop_operator_3.py
[2024-09-05T07:20:01.110+0000] {processor.py:914} INFO - Processing file /home/airflow/.local/lib/python3.12/site-packages/airflow/example_dags/example_branch_python_dop_operator_3.py for tasks to queue
[2024-09-05T07:20:01.113+0000] {logging_mixin.py:190} INFO - [2024-09-05T07:20:01.113+0000] {dagbag.py:587} INFO - Filling up the DagBag from /home/airflow/.local/lib/python3.12/site-packages/airflow/example_dags/example_branch_python_dop_operator_3.py
[2024-09-05T07:20:01.127+0000] {processor.py:925} INFO - DAG(s) 'example_branch_dop_operator_v3' retrieved from /home/airflow/.local/lib/python3.12/site-packages/airflow/example_dags/example_branch_python_dop_operator_3.py
[2024-09-05T07:20:01.162+0000] {logging_mixin.py:190} INFO - [2024-09-05T07:20:01.161+0000] {dag.py:3211} INFO - Sync 1 DAGs
[2024-09-05T07:20:01.198+0000] {logging_mixin.py:190} INFO - [2024-09-05T07:20:01.198+0000] {dag.py:4138} INFO - Setting next_dagrun for example_branch_dop_operator_v3 to 2024-09-05 07:19:00+00:00, run_after=2024-09-05 07:20:00+00:00
[2024-09-05T07:20:01.219+0000] {processor.py:208} INFO - Processing /home/airflow/.local/lib/python3.12/site-packages/airflow/example_dags/example_branch_python_dop_operator_3.py took 0.117 seconds
