[2024-09-05T05:58:41.360+0000] {processor.py:186} INFO - Started process (PID=107) to work on /home/airflow/.local/lib/python3.12/site-packages/airflow/example_dags/example_sensors.py
[2024-09-05T05:58:41.361+0000] {processor.py:914} INFO - Processing file /home/airflow/.local/lib/python3.12/site-packages/airflow/example_dags/example_sensors.py for tasks to queue
[2024-09-05T05:58:41.364+0000] {logging_mixin.py:190} INFO - [2024-09-05T05:58:41.364+0000] {dagbag.py:587} INFO - Filling up the DagBag from /home/airflow/.local/lib/python3.12/site-packages/airflow/example_dags/example_sensors.py
[2024-09-05T05:58:41.377+0000] {processor.py:925} INFO - DAG(s) 'example_sensors' retrieved from /home/airflow/.local/lib/python3.12/site-packages/airflow/example_dags/example_sensors.py
[2024-09-05T05:58:41.405+0000] {logging_mixin.py:190} INFO - [2024-09-05T05:58:41.404+0000] {dag.py:3211} INFO - Sync 1 DAGs
[2024-09-05T05:58:41.418+0000] {logging_mixin.py:190} INFO - [2024-09-05T05:58:41.418+0000] {dag.py:4138} INFO - Setting next_dagrun for example_sensors to None, run_after=None
[2024-09-05T05:58:41.440+0000] {processor.py:208} INFO - Processing /home/airflow/.local/lib/python3.12/site-packages/airflow/example_dags/example_sensors.py took 0.087 seconds
[2024-09-05T05:59:11.597+0000] {processor.py:186} INFO - Started process (PID=171) to work on /home/airflow/.local/lib/python3.12/site-packages/airflow/example_dags/example_sensors.py
[2024-09-05T05:59:11.598+0000] {processor.py:914} INFO - Processing file /home/airflow/.local/lib/python3.12/site-packages/airflow/example_dags/example_sensors.py for tasks to queue
[2024-09-05T05:59:11.600+0000] {logging_mixin.py:190} INFO - [2024-09-05T05:59:11.600+0000] {dagbag.py:587} INFO - Filling up the DagBag from /home/airflow/.local/lib/python3.12/site-packages/airflow/example_dags/example_sensors.py
[2024-09-05T05:59:11.611+0000] {processor.py:925} INFO - DAG(s) 'example_sensors' retrieved from /home/airflow/.local/lib/python3.12/site-packages/airflow/example_dags/example_sensors.py
[2024-09-05T05:59:11.634+0000] {logging_mixin.py:190} INFO - [2024-09-05T05:59:11.634+0000] {dag.py:3211} INFO - Sync 1 DAGs
[2024-09-05T05:59:11.646+0000] {logging_mixin.py:190} INFO - [2024-09-05T05:59:11.646+0000] {dag.py:4138} INFO - Setting next_dagrun for example_sensors to None, run_after=None
[2024-09-05T05:59:11.664+0000] {processor.py:208} INFO - Processing /home/airflow/.local/lib/python3.12/site-packages/airflow/example_dags/example_sensors.py took 0.072 seconds
[2024-09-05T05:59:41.879+0000] {processor.py:186} INFO - Started process (PID=235) to work on /home/airflow/.local/lib/python3.12/site-packages/airflow/example_dags/example_sensors.py
[2024-09-05T05:59:41.880+0000] {processor.py:914} INFO - Processing file /home/airflow/.local/lib/python3.12/site-packages/airflow/example_dags/example_sensors.py for tasks to queue
[2024-09-05T05:59:41.887+0000] {logging_mixin.py:190} INFO - [2024-09-05T05:59:41.886+0000] {dagbag.py:587} INFO - Filling up the DagBag from /home/airflow/.local/lib/python3.12/site-packages/airflow/example_dags/example_sensors.py
[2024-09-05T05:59:41.901+0000] {processor.py:925} INFO - DAG(s) 'example_sensors' retrieved from /home/airflow/.local/lib/python3.12/site-packages/airflow/example_dags/example_sensors.py
[2024-09-05T05:59:41.923+0000] {logging_mixin.py:190} INFO - [2024-09-05T05:59:41.923+0000] {dag.py:3211} INFO - Sync 1 DAGs
[2024-09-05T05:59:41.938+0000] {logging_mixin.py:190} INFO - [2024-09-05T05:59:41.938+0000] {dag.py:4138} INFO - Setting next_dagrun for example_sensors to None, run_after=None
[2024-09-05T05:59:41.957+0000] {processor.py:208} INFO - Processing /home/airflow/.local/lib/python3.12/site-packages/airflow/example_dags/example_sensors.py took 0.086 seconds
[2024-09-05T06:00:12.732+0000] {processor.py:186} INFO - Started process (PID=299) to work on /home/airflow/.local/lib/python3.12/site-packages/airflow/example_dags/example_sensors.py
[2024-09-05T06:00:12.733+0000] {processor.py:914} INFO - Processing file /home/airflow/.local/lib/python3.12/site-packages/airflow/example_dags/example_sensors.py for tasks to queue
[2024-09-05T06:00:12.738+0000] {logging_mixin.py:190} INFO - [2024-09-05T06:00:12.737+0000] {dagbag.py:587} INFO - Filling up the DagBag from /home/airflow/.local/lib/python3.12/site-packages/airflow/example_dags/example_sensors.py
[2024-09-05T06:00:12.766+0000] {processor.py:925} INFO - DAG(s) 'example_sensors' retrieved from /home/airflow/.local/lib/python3.12/site-packages/airflow/example_dags/example_sensors.py
[2024-09-05T06:00:12.799+0000] {logging_mixin.py:190} INFO - [2024-09-05T06:00:12.799+0000] {dag.py:3211} INFO - Sync 1 DAGs
[2024-09-05T06:00:12.812+0000] {logging_mixin.py:190} INFO - [2024-09-05T06:00:12.812+0000] {dag.py:4138} INFO - Setting next_dagrun for example_sensors to None, run_after=None
[2024-09-05T06:00:12.831+0000] {processor.py:208} INFO - Processing /home/airflow/.local/lib/python3.12/site-packages/airflow/example_dags/example_sensors.py took 0.108 seconds
[2024-09-05T07:19:25.614+0000] {processor.py:186} INFO - Started process (PID=107) to work on /home/airflow/.local/lib/python3.12/site-packages/airflow/example_dags/example_sensors.py
[2024-09-05T07:19:25.615+0000] {processor.py:914} INFO - Processing file /home/airflow/.local/lib/python3.12/site-packages/airflow/example_dags/example_sensors.py for tasks to queue
[2024-09-05T07:19:25.618+0000] {logging_mixin.py:190} INFO - [2024-09-05T07:19:25.618+0000] {dagbag.py:587} INFO - Filling up the DagBag from /home/airflow/.local/lib/python3.12/site-packages/airflow/example_dags/example_sensors.py
[2024-09-05T07:19:25.632+0000] {processor.py:925} INFO - DAG(s) 'example_sensors' retrieved from /home/airflow/.local/lib/python3.12/site-packages/airflow/example_dags/example_sensors.py
[2024-09-05T07:19:25.662+0000] {logging_mixin.py:190} INFO - [2024-09-05T07:19:25.661+0000] {dag.py:3211} INFO - Sync 1 DAGs
[2024-09-05T07:19:25.677+0000] {logging_mixin.py:190} INFO - [2024-09-05T07:19:25.677+0000] {dag.py:4138} INFO - Setting next_dagrun for example_sensors to None, run_after=None
[2024-09-05T07:19:25.697+0000] {processor.py:208} INFO - Processing /home/airflow/.local/lib/python3.12/site-packages/airflow/example_dags/example_sensors.py took 0.090 seconds
[2024-09-05T07:19:59.736+0000] {processor.py:186} INFO - Started process (PID=171) to work on /home/airflow/.local/lib/python3.12/site-packages/airflow/example_dags/example_sensors.py
[2024-09-05T07:19:59.737+0000] {processor.py:914} INFO - Processing file /home/airflow/.local/lib/python3.12/site-packages/airflow/example_dags/example_sensors.py for tasks to queue
[2024-09-05T07:19:59.740+0000] {logging_mixin.py:190} INFO - [2024-09-05T07:19:59.739+0000] {dagbag.py:587} INFO - Filling up the DagBag from /home/airflow/.local/lib/python3.12/site-packages/airflow/example_dags/example_sensors.py
[2024-09-05T07:19:59.750+0000] {processor.py:925} INFO - DAG(s) 'example_sensors' retrieved from /home/airflow/.local/lib/python3.12/site-packages/airflow/example_dags/example_sensors.py
[2024-09-05T07:19:59.776+0000] {logging_mixin.py:190} INFO - [2024-09-05T07:19:59.775+0000] {dag.py:3211} INFO - Sync 1 DAGs
[2024-09-05T07:19:59.793+0000] {logging_mixin.py:190} INFO - [2024-09-05T07:19:59.792+0000] {dag.py:4138} INFO - Setting next_dagrun for example_sensors to None, run_after=None
[2024-09-05T07:19:59.812+0000] {processor.py:208} INFO - Processing /home/airflow/.local/lib/python3.12/site-packages/airflow/example_dags/example_sensors.py took 0.082 seconds
