[2024-09-05T05:58:37.180+0000] {processor.py:186} INFO - Started process (PID=74) to work on /home/airflow/.local/lib/python3.12/site-packages/airflow/example_dags/example_sla_dag.py
[2024-09-05T05:58:37.186+0000] {processor.py:914} INFO - Processing file /home/airflow/.local/lib/python3.12/site-packages/airflow/example_dags/example_sla_dag.py for tasks to queue
[2024-09-05T05:58:37.191+0000] {logging_mixin.py:190} INFO - [2024-09-05T05:58:37.191+0000] {dagbag.py:587} INFO - Filling up the DagBag from /home/airflow/.local/lib/python3.12/site-packages/airflow/example_dags/example_sla_dag.py
[2024-09-05T05:58:37.216+0000] {processor.py:925} INFO - DAG(s) 'example_sla_dag' retrieved from /home/airflow/.local/lib/python3.12/site-packages/airflow/example_dags/example_sla_dag.py
[2024-09-05T05:58:37.263+0000] {logging_mixin.py:190} INFO - [2024-09-05T05:58:37.261+0000] {dag.py:3211} INFO - Sync 1 DAGs
[2024-09-05T05:58:37.300+0000] {logging_mixin.py:190} INFO - [2024-09-05T05:58:37.299+0000] {dag.py:4138} INFO - Setting next_dagrun for example_sla_dag to 2024-09-05 05:56:00+00:00, run_after=2024-09-05 05:58:00+00:00
[2024-09-05T05:58:37.323+0000] {processor.py:208} INFO - Processing /home/airflow/.local/lib/python3.12/site-packages/airflow/example_dags/example_sla_dag.py took 0.152 seconds
[2024-09-05T05:59:07.504+0000] {processor.py:186} INFO - Started process (PID=138) to work on /home/airflow/.local/lib/python3.12/site-packages/airflow/example_dags/example_sla_dag.py
[2024-09-05T05:59:07.505+0000] {processor.py:914} INFO - Processing file /home/airflow/.local/lib/python3.12/site-packages/airflow/example_dags/example_sla_dag.py for tasks to queue
[2024-09-05T05:59:07.509+0000] {logging_mixin.py:190} INFO - [2024-09-05T05:59:07.509+0000] {dagbag.py:587} INFO - Filling up the DagBag from /home/airflow/.local/lib/python3.12/site-packages/airflow/example_dags/example_sla_dag.py
[2024-09-05T05:59:07.536+0000] {processor.py:925} INFO - DAG(s) 'example_sla_dag' retrieved from /home/airflow/.local/lib/python3.12/site-packages/airflow/example_dags/example_sla_dag.py
[2024-09-05T05:59:07.579+0000] {logging_mixin.py:190} INFO - [2024-09-05T05:59:07.579+0000] {dag.py:3211} INFO - Sync 1 DAGs
[2024-09-05T05:59:07.631+0000] {logging_mixin.py:190} INFO - [2024-09-05T05:59:07.631+0000] {dag.py:4138} INFO - Setting next_dagrun for example_sla_dag to 2024-09-05 05:56:00+00:00, run_after=2024-09-05 05:58:00+00:00
[2024-09-05T05:59:07.652+0000] {processor.py:208} INFO - Processing /home/airflow/.local/lib/python3.12/site-packages/airflow/example_dags/example_sla_dag.py took 0.156 seconds
[2024-09-05T05:59:37.933+0000] {processor.py:186} INFO - Started process (PID=202) to work on /home/airflow/.local/lib/python3.12/site-packages/airflow/example_dags/example_sla_dag.py
[2024-09-05T05:59:37.934+0000] {processor.py:914} INFO - Processing file /home/airflow/.local/lib/python3.12/site-packages/airflow/example_dags/example_sla_dag.py for tasks to queue
[2024-09-05T05:59:37.937+0000] {logging_mixin.py:190} INFO - [2024-09-05T05:59:37.937+0000] {dagbag.py:587} INFO - Filling up the DagBag from /home/airflow/.local/lib/python3.12/site-packages/airflow/example_dags/example_sla_dag.py
[2024-09-05T05:59:37.951+0000] {processor.py:925} INFO - DAG(s) 'example_sla_dag' retrieved from /home/airflow/.local/lib/python3.12/site-packages/airflow/example_dags/example_sla_dag.py
[2024-09-05T05:59:37.979+0000] {logging_mixin.py:190} INFO - [2024-09-05T05:59:37.979+0000] {dag.py:3211} INFO - Sync 1 DAGs
[2024-09-05T05:59:38.015+0000] {logging_mixin.py:190} INFO - [2024-09-05T05:59:38.015+0000] {dag.py:4138} INFO - Setting next_dagrun for example_sla_dag to 2024-09-05 05:56:00+00:00, run_after=2024-09-05 05:58:00+00:00
[2024-09-05T05:59:38.031+0000] {processor.py:208} INFO - Processing /home/airflow/.local/lib/python3.12/site-packages/airflow/example_dags/example_sla_dag.py took 0.107 seconds
[2024-09-05T06:00:09.575+0000] {processor.py:186} INFO - Started process (PID=266) to work on /home/airflow/.local/lib/python3.12/site-packages/airflow/example_dags/example_sla_dag.py
[2024-09-05T06:00:09.577+0000] {processor.py:914} INFO - Processing file /home/airflow/.local/lib/python3.12/site-packages/airflow/example_dags/example_sla_dag.py for tasks to queue
[2024-09-05T06:00:09.581+0000] {logging_mixin.py:190} INFO - [2024-09-05T06:00:09.580+0000] {dagbag.py:587} INFO - Filling up the DagBag from /home/airflow/.local/lib/python3.12/site-packages/airflow/example_dags/example_sla_dag.py
[2024-09-05T06:00:09.596+0000] {processor.py:925} INFO - DAG(s) 'example_sla_dag' retrieved from /home/airflow/.local/lib/python3.12/site-packages/airflow/example_dags/example_sla_dag.py
[2024-09-05T06:00:09.627+0000] {logging_mixin.py:190} INFO - [2024-09-05T06:00:09.626+0000] {dag.py:3211} INFO - Sync 1 DAGs
[2024-09-05T06:00:09.668+0000] {logging_mixin.py:190} INFO - [2024-09-05T06:00:09.668+0000] {dag.py:4138} INFO - Setting next_dagrun for example_sla_dag to 2024-09-05 05:58:00+00:00, run_after=2024-09-05 06:00:00+00:00
[2024-09-05T06:00:09.693+0000] {processor.py:208} INFO - Processing /home/airflow/.local/lib/python3.12/site-packages/airflow/example_dags/example_sla_dag.py took 0.126 seconds
[2024-09-05T07:19:22.003+0000] {processor.py:186} INFO - Started process (PID=74) to work on /home/airflow/.local/lib/python3.12/site-packages/airflow/example_dags/example_sla_dag.py
[2024-09-05T07:19:22.004+0000] {processor.py:914} INFO - Processing file /home/airflow/.local/lib/python3.12/site-packages/airflow/example_dags/example_sla_dag.py for tasks to queue
[2024-09-05T07:19:22.007+0000] {logging_mixin.py:190} INFO - [2024-09-05T07:19:22.007+0000] {dagbag.py:587} INFO - Filling up the DagBag from /home/airflow/.local/lib/python3.12/site-packages/airflow/example_dags/example_sla_dag.py
[2024-09-05T07:19:22.022+0000] {processor.py:925} INFO - DAG(s) 'example_sla_dag' retrieved from /home/airflow/.local/lib/python3.12/site-packages/airflow/example_dags/example_sla_dag.py
[2024-09-05T07:19:22.055+0000] {logging_mixin.py:190} INFO - [2024-09-05T07:19:22.054+0000] {dag.py:3211} INFO - Sync 1 DAGs
[2024-09-05T07:19:22.084+0000] {logging_mixin.py:190} INFO - [2024-09-05T07:19:22.084+0000] {dag.py:4138} INFO - Setting next_dagrun for example_sla_dag to 2024-09-05 07:16:00+00:00, run_after=2024-09-05 07:18:00+00:00
[2024-09-05T07:19:22.106+0000] {processor.py:208} INFO - Processing /home/airflow/.local/lib/python3.12/site-packages/airflow/example_dags/example_sla_dag.py took 0.110 seconds
[2024-09-05T07:19:52.216+0000] {processor.py:186} INFO - Started process (PID=138) to work on /home/airflow/.local/lib/python3.12/site-packages/airflow/example_dags/example_sla_dag.py
[2024-09-05T07:19:52.217+0000] {processor.py:914} INFO - Processing file /home/airflow/.local/lib/python3.12/site-packages/airflow/example_dags/example_sla_dag.py for tasks to queue
[2024-09-05T07:19:52.219+0000] {logging_mixin.py:190} INFO - [2024-09-05T07:19:52.219+0000] {dagbag.py:587} INFO - Filling up the DagBag from /home/airflow/.local/lib/python3.12/site-packages/airflow/example_dags/example_sla_dag.py
[2024-09-05T07:19:52.230+0000] {processor.py:925} INFO - DAG(s) 'example_sla_dag' retrieved from /home/airflow/.local/lib/python3.12/site-packages/airflow/example_dags/example_sla_dag.py
[2024-09-05T07:19:52.251+0000] {logging_mixin.py:190} INFO - [2024-09-05T07:19:52.250+0000] {dag.py:3211} INFO - Sync 1 DAGs
[2024-09-05T07:19:52.277+0000] {logging_mixin.py:190} INFO - [2024-09-05T07:19:52.277+0000] {dag.py:4138} INFO - Setting next_dagrun for example_sla_dag to 2024-09-05 07:16:00+00:00, run_after=2024-09-05 07:18:00+00:00
[2024-09-05T07:19:52.298+0000] {processor.py:208} INFO - Processing /home/airflow/.local/lib/python3.12/site-packages/airflow/example_dags/example_sla_dag.py took 0.088 seconds
