[2024-09-05T05:58:39.802+0000] {processor.py:186} INFO - Started process (PID=90) to work on /home/airflow/.local/lib/python3.12/site-packages/airflow/example_dags/example_display_name.py
[2024-09-05T05:58:39.803+0000] {processor.py:914} INFO - Processing file /home/airflow/.local/lib/python3.12/site-packages/airflow/example_dags/example_display_name.py for tasks to queue
[2024-09-05T05:58:39.807+0000] {logging_mixin.py:190} INFO - [2024-09-05T05:58:39.806+0000] {dagbag.py:587} INFO - Filling up the DagBag from /home/airflow/.local/lib/python3.12/site-packages/airflow/example_dags/example_display_name.py
[2024-09-05T05:58:39.815+0000] {processor.py:925} INFO - DAG(s) 'example_display_name' retrieved from /home/airflow/.local/lib/python3.12/site-packages/airflow/example_dags/example_display_name.py
[2024-09-05T05:58:39.845+0000] {logging_mixin.py:190} INFO - [2024-09-05T05:58:39.844+0000] {dag.py:3211} INFO - Sync 1 DAGs
[2024-09-05T05:58:39.867+0000] {logging_mixin.py:190} INFO - [2024-09-05T05:58:39.866+0000] {dag.py:4138} INFO - Setting next_dagrun for example_display_name to None, run_after=None
[2024-09-05T05:58:39.896+0000] {processor.py:208} INFO - Processing /home/airflow/.local/lib/python3.12/site-packages/airflow/example_dags/example_display_name.py took 0.102 seconds
[2024-09-05T05:59:10.000+0000] {processor.py:186} INFO - Started process (PID=154) to work on /home/airflow/.local/lib/python3.12/site-packages/airflow/example_dags/example_display_name.py
[2024-09-05T05:59:10.001+0000] {processor.py:914} INFO - Processing file /home/airflow/.local/lib/python3.12/site-packages/airflow/example_dags/example_display_name.py for tasks to queue
[2024-09-05T05:59:10.004+0000] {logging_mixin.py:190} INFO - [2024-09-05T05:59:10.004+0000] {dagbag.py:587} INFO - Filling up the DagBag from /home/airflow/.local/lib/python3.12/site-packages/airflow/example_dags/example_display_name.py
[2024-09-05T05:59:10.011+0000] {processor.py:925} INFO - DAG(s) 'example_display_name' retrieved from /home/airflow/.local/lib/python3.12/site-packages/airflow/example_dags/example_display_name.py
[2024-09-05T05:59:10.032+0000] {logging_mixin.py:190} INFO - [2024-09-05T05:59:10.032+0000] {dag.py:3211} INFO - Sync 1 DAGs
[2024-09-05T05:59:10.046+0000] {logging_mixin.py:190} INFO - [2024-09-05T05:59:10.046+0000] {dag.py:4138} INFO - Setting next_dagrun for example_display_name to None, run_after=None
[2024-09-05T05:59:10.066+0000] {processor.py:208} INFO - Processing /home/airflow/.local/lib/python3.12/site-packages/airflow/example_dags/example_display_name.py took 0.071 seconds
[2024-09-05T05:59:40.386+0000] {processor.py:186} INFO - Started process (PID=218) to work on /home/airflow/.local/lib/python3.12/site-packages/airflow/example_dags/example_display_name.py
[2024-09-05T05:59:40.387+0000] {processor.py:914} INFO - Processing file /home/airflow/.local/lib/python3.12/site-packages/airflow/example_dags/example_display_name.py for tasks to queue
[2024-09-05T05:59:40.389+0000] {logging_mixin.py:190} INFO - [2024-09-05T05:59:40.389+0000] {dagbag.py:587} INFO - Filling up the DagBag from /home/airflow/.local/lib/python3.12/site-packages/airflow/example_dags/example_display_name.py
[2024-09-05T05:59:40.396+0000] {processor.py:925} INFO - DAG(s) 'example_display_name' retrieved from /home/airflow/.local/lib/python3.12/site-packages/airflow/example_dags/example_display_name.py
[2024-09-05T05:59:40.417+0000] {logging_mixin.py:190} INFO - [2024-09-05T05:59:40.416+0000] {dag.py:3211} INFO - Sync 1 DAGs
[2024-09-05T05:59:40.428+0000] {logging_mixin.py:190} INFO - [2024-09-05T05:59:40.428+0000] {dag.py:4138} INFO - Setting next_dagrun for example_display_name to None, run_after=None
[2024-09-05T05:59:40.449+0000] {processor.py:208} INFO - Processing /home/airflow/.local/lib/python3.12/site-packages/airflow/example_dags/example_display_name.py took 0.067 seconds
[2024-09-05T06:00:11.376+0000] {processor.py:186} INFO - Started process (PID=282) to work on /home/airflow/.local/lib/python3.12/site-packages/airflow/example_dags/example_display_name.py
[2024-09-05T06:00:11.377+0000] {processor.py:914} INFO - Processing file /home/airflow/.local/lib/python3.12/site-packages/airflow/example_dags/example_display_name.py for tasks to queue
[2024-09-05T06:00:11.381+0000] {logging_mixin.py:190} INFO - [2024-09-05T06:00:11.381+0000] {dagbag.py:587} INFO - Filling up the DagBag from /home/airflow/.local/lib/python3.12/site-packages/airflow/example_dags/example_display_name.py
[2024-09-05T06:00:11.394+0000] {processor.py:925} INFO - DAG(s) 'example_display_name' retrieved from /home/airflow/.local/lib/python3.12/site-packages/airflow/example_dags/example_display_name.py
[2024-09-05T06:00:11.426+0000] {logging_mixin.py:190} INFO - [2024-09-05T06:00:11.425+0000] {dag.py:3211} INFO - Sync 1 DAGs
[2024-09-05T06:00:11.444+0000] {logging_mixin.py:190} INFO - [2024-09-05T06:00:11.444+0000] {dag.py:4138} INFO - Setting next_dagrun for example_display_name to None, run_after=None
[2024-09-05T06:00:11.464+0000] {processor.py:208} INFO - Processing /home/airflow/.local/lib/python3.12/site-packages/airflow/example_dags/example_display_name.py took 0.096 seconds
[2024-09-05T07:19:24.384+0000] {processor.py:186} INFO - Started process (PID=90) to work on /home/airflow/.local/lib/python3.12/site-packages/airflow/example_dags/example_display_name.py
[2024-09-05T07:19:24.385+0000] {processor.py:914} INFO - Processing file /home/airflow/.local/lib/python3.12/site-packages/airflow/example_dags/example_display_name.py for tasks to queue
[2024-09-05T07:19:24.388+0000] {logging_mixin.py:190} INFO - [2024-09-05T07:19:24.388+0000] {dagbag.py:587} INFO - Filling up the DagBag from /home/airflow/.local/lib/python3.12/site-packages/airflow/example_dags/example_display_name.py
[2024-09-05T07:19:24.398+0000] {processor.py:925} INFO - DAG(s) 'example_display_name' retrieved from /home/airflow/.local/lib/python3.12/site-packages/airflow/example_dags/example_display_name.py
[2024-09-05T07:19:24.422+0000] {logging_mixin.py:190} INFO - [2024-09-05T07:19:24.421+0000] {dag.py:3211} INFO - Sync 1 DAGs
[2024-09-05T07:19:24.441+0000] {logging_mixin.py:190} INFO - [2024-09-05T07:19:24.440+0000] {dag.py:4138} INFO - Setting next_dagrun for example_display_name to None, run_after=None
[2024-09-05T07:19:24.461+0000] {processor.py:208} INFO - Processing /home/airflow/.local/lib/python3.12/site-packages/airflow/example_dags/example_display_name.py took 0.083 seconds
[2024-09-05T07:19:55.676+0000] {processor.py:186} INFO - Started process (PID=154) to work on /home/airflow/.local/lib/python3.12/site-packages/airflow/example_dags/example_display_name.py
[2024-09-05T07:19:55.678+0000] {processor.py:914} INFO - Processing file /home/airflow/.local/lib/python3.12/site-packages/airflow/example_dags/example_display_name.py for tasks to queue
[2024-09-05T07:19:55.682+0000] {logging_mixin.py:190} INFO - [2024-09-05T07:19:55.682+0000] {dagbag.py:587} INFO - Filling up the DagBag from /home/airflow/.local/lib/python3.12/site-packages/airflow/example_dags/example_display_name.py
[2024-09-05T07:19:55.696+0000] {processor.py:925} INFO - DAG(s) 'example_display_name' retrieved from /home/airflow/.local/lib/python3.12/site-packages/airflow/example_dags/example_display_name.py
[2024-09-05T07:19:55.724+0000] {logging_mixin.py:190} INFO - [2024-09-05T07:19:55.723+0000] {dag.py:3211} INFO - Sync 1 DAGs
[2024-09-05T07:19:55.743+0000] {logging_mixin.py:190} INFO - [2024-09-05T07:19:55.743+0000] {dag.py:4138} INFO - Setting next_dagrun for example_display_name to None, run_after=None
[2024-09-05T07:19:55.771+0000] {processor.py:208} INFO - Processing /home/airflow/.local/lib/python3.12/site-packages/airflow/example_dags/example_display_name.py took 0.106 seconds
