[2024-09-05T05:58:36.650+0000] {processor.py:186} INFO - Started process (PID=72) to work on /home/airflow/.local/lib/python3.12/site-packages/airflow/example_dags/example_setup_teardown.py
[2024-09-05T05:58:36.656+0000] {processor.py:914} INFO - Processing file /home/airflow/.local/lib/python3.12/site-packages/airflow/example_dags/example_setup_teardown.py for tasks to queue
[2024-09-05T05:58:36.665+0000] {logging_mixin.py:190} INFO - [2024-09-05T05:58:36.664+0000] {dagbag.py:587} INFO - Filling up the DagBag from /home/airflow/.local/lib/python3.12/site-packages/airflow/example_dags/example_setup_teardown.py
[2024-09-05T05:58:36.695+0000] {processor.py:925} INFO - DAG(s) 'example_setup_teardown' retrieved from /home/airflow/.local/lib/python3.12/site-packages/airflow/example_dags/example_setup_teardown.py
[2024-09-05T05:58:36.762+0000] {logging_mixin.py:190} INFO - [2024-09-05T05:58:36.761+0000] {dag.py:3211} INFO - Sync 1 DAGs
[2024-09-05T05:58:36.834+0000] {logging_mixin.py:190} INFO - [2024-09-05T05:58:36.833+0000] {dag.py:4138} INFO - Setting next_dagrun for example_setup_teardown to 2024-09-04 00:00:00+00:00, run_after=2024-09-05 00:00:00+00:00
[2024-09-05T05:58:36.960+0000] {processor.py:208} INFO - Processing /home/airflow/.local/lib/python3.12/site-packages/airflow/example_dags/example_setup_teardown.py took 0.331 seconds
[2024-09-05T05:59:07.483+0000] {processor.py:186} INFO - Started process (PID=137) to work on /home/airflow/.local/lib/python3.12/site-packages/airflow/example_dags/example_setup_teardown.py
[2024-09-05T05:59:07.484+0000] {processor.py:914} INFO - Processing file /home/airflow/.local/lib/python3.12/site-packages/airflow/example_dags/example_setup_teardown.py for tasks to queue
[2024-09-05T05:59:07.488+0000] {logging_mixin.py:190} INFO - [2024-09-05T05:59:07.487+0000] {dagbag.py:587} INFO - Filling up the DagBag from /home/airflow/.local/lib/python3.12/site-packages/airflow/example_dags/example_setup_teardown.py
[2024-09-05T05:59:07.500+0000] {processor.py:925} INFO - DAG(s) 'example_setup_teardown' retrieved from /home/airflow/.local/lib/python3.12/site-packages/airflow/example_dags/example_setup_teardown.py
[2024-09-05T05:59:07.536+0000] {logging_mixin.py:190} INFO - [2024-09-05T05:59:07.536+0000] {dag.py:3211} INFO - Sync 1 DAGs
[2024-09-05T05:59:07.596+0000] {logging_mixin.py:190} INFO - [2024-09-05T05:59:07.594+0000] {dag.py:4138} INFO - Setting next_dagrun for example_setup_teardown to 2024-09-04 00:00:00+00:00, run_after=2024-09-05 00:00:00+00:00
[2024-09-05T05:59:07.624+0000] {processor.py:208} INFO - Processing /home/airflow/.local/lib/python3.12/site-packages/airflow/example_dags/example_setup_teardown.py took 0.150 seconds
[2024-09-05T05:59:37.861+0000] {processor.py:186} INFO - Started process (PID=201) to work on /home/airflow/.local/lib/python3.12/site-packages/airflow/example_dags/example_setup_teardown.py
[2024-09-05T05:59:37.862+0000] {processor.py:914} INFO - Processing file /home/airflow/.local/lib/python3.12/site-packages/airflow/example_dags/example_setup_teardown.py for tasks to queue
[2024-09-05T05:59:37.865+0000] {logging_mixin.py:190} INFO - [2024-09-05T05:59:37.865+0000] {dagbag.py:587} INFO - Filling up the DagBag from /home/airflow/.local/lib/python3.12/site-packages/airflow/example_dags/example_setup_teardown.py
[2024-09-05T05:59:37.897+0000] {processor.py:925} INFO - DAG(s) 'example_setup_teardown' retrieved from /home/airflow/.local/lib/python3.12/site-packages/airflow/example_dags/example_setup_teardown.py
[2024-09-05T05:59:37.929+0000] {logging_mixin.py:190} INFO - [2024-09-05T05:59:37.928+0000] {dag.py:3211} INFO - Sync 1 DAGs
[2024-09-05T05:59:37.967+0000] {logging_mixin.py:190} INFO - [2024-09-05T05:59:37.966+0000] {dag.py:4138} INFO - Setting next_dagrun for example_setup_teardown to 2024-09-04 00:00:00+00:00, run_after=2024-09-05 00:00:00+00:00
[2024-09-05T05:59:37.989+0000] {processor.py:208} INFO - Processing /home/airflow/.local/lib/python3.12/site-packages/airflow/example_dags/example_setup_teardown.py took 0.143 seconds
[2024-09-05T06:00:09.373+0000] {processor.py:186} INFO - Started process (PID=264) to work on /home/airflow/.local/lib/python3.12/site-packages/airflow/example_dags/example_setup_teardown.py
[2024-09-05T06:00:09.375+0000] {processor.py:914} INFO - Processing file /home/airflow/.local/lib/python3.12/site-packages/airflow/example_dags/example_setup_teardown.py for tasks to queue
[2024-09-05T06:00:09.380+0000] {logging_mixin.py:190} INFO - [2024-09-05T06:00:09.379+0000] {dagbag.py:587} INFO - Filling up the DagBag from /home/airflow/.local/lib/python3.12/site-packages/airflow/example_dags/example_setup_teardown.py
[2024-09-05T06:00:09.399+0000] {processor.py:925} INFO - DAG(s) 'example_setup_teardown' retrieved from /home/airflow/.local/lib/python3.12/site-packages/airflow/example_dags/example_setup_teardown.py
[2024-09-05T06:00:09.438+0000] {logging_mixin.py:190} INFO - [2024-09-05T06:00:09.437+0000] {dag.py:3211} INFO - Sync 1 DAGs
[2024-09-05T06:00:09.487+0000] {logging_mixin.py:190} INFO - [2024-09-05T06:00:09.487+0000] {dag.py:4138} INFO - Setting next_dagrun for example_setup_teardown to 2024-09-04 00:00:00+00:00, run_after=2024-09-05 00:00:00+00:00
[2024-09-05T06:00:09.523+0000] {processor.py:208} INFO - Processing /home/airflow/.local/lib/python3.12/site-packages/airflow/example_dags/example_setup_teardown.py took 0.158 seconds
[2024-09-05T07:19:21.839+0000] {processor.py:186} INFO - Started process (PID=72) to work on /home/airflow/.local/lib/python3.12/site-packages/airflow/example_dags/example_setup_teardown.py
[2024-09-05T07:19:21.842+0000] {processor.py:914} INFO - Processing file /home/airflow/.local/lib/python3.12/site-packages/airflow/example_dags/example_setup_teardown.py for tasks to queue
[2024-09-05T07:19:21.846+0000] {logging_mixin.py:190} INFO - [2024-09-05T07:19:21.846+0000] {dagbag.py:587} INFO - Filling up the DagBag from /home/airflow/.local/lib/python3.12/site-packages/airflow/example_dags/example_setup_teardown.py
[2024-09-05T07:19:21.868+0000] {processor.py:925} INFO - DAG(s) 'example_setup_teardown' retrieved from /home/airflow/.local/lib/python3.12/site-packages/airflow/example_dags/example_setup_teardown.py
[2024-09-05T07:19:21.899+0000] {logging_mixin.py:190} INFO - [2024-09-05T07:19:21.899+0000] {dag.py:3211} INFO - Sync 1 DAGs
[2024-09-05T07:19:21.929+0000] {logging_mixin.py:190} INFO - [2024-09-05T07:19:21.929+0000] {dag.py:4138} INFO - Setting next_dagrun for example_setup_teardown to 2024-09-04 00:00:00+00:00, run_after=2024-09-05 00:00:00+00:00
[2024-09-05T07:19:21.953+0000] {processor.py:208} INFO - Processing /home/airflow/.local/lib/python3.12/site-packages/airflow/example_dags/example_setup_teardown.py took 0.120 seconds
[2024-09-05T07:19:52.025+0000] {processor.py:186} INFO - Started process (PID=136) to work on /home/airflow/.local/lib/python3.12/site-packages/airflow/example_dags/example_setup_teardown.py
[2024-09-05T07:19:52.026+0000] {processor.py:914} INFO - Processing file /home/airflow/.local/lib/python3.12/site-packages/airflow/example_dags/example_setup_teardown.py for tasks to queue
[2024-09-05T07:19:52.029+0000] {logging_mixin.py:190} INFO - [2024-09-05T07:19:52.028+0000] {dagbag.py:587} INFO - Filling up the DagBag from /home/airflow/.local/lib/python3.12/site-packages/airflow/example_dags/example_setup_teardown.py
[2024-09-05T07:19:52.039+0000] {processor.py:925} INFO - DAG(s) 'example_setup_teardown' retrieved from /home/airflow/.local/lib/python3.12/site-packages/airflow/example_dags/example_setup_teardown.py
[2024-09-05T07:19:52.128+0000] {logging_mixin.py:190} INFO - [2024-09-05T07:19:52.128+0000] {dag.py:3211} INFO - Sync 1 DAGs
[2024-09-05T07:19:52.151+0000] {logging_mixin.py:190} INFO - [2024-09-05T07:19:52.150+0000] {dag.py:4138} INFO - Setting next_dagrun for example_setup_teardown to 2024-09-04 00:00:00+00:00, run_after=2024-09-05 00:00:00+00:00
[2024-09-05T07:19:52.172+0000] {processor.py:208} INFO - Processing /home/airflow/.local/lib/python3.12/site-packages/airflow/example_dags/example_setup_teardown.py took 0.152 seconds
