[2024-09-05T05:58:38.741+0000] {processor.py:186} INFO - Started process (PID=81) to work on /home/airflow/.local/lib/python3.12/site-packages/airflow/example_dags/example_short_circuit_operator.py
[2024-09-05T05:58:38.743+0000] {processor.py:914} INFO - Processing file /home/airflow/.local/lib/python3.12/site-packages/airflow/example_dags/example_short_circuit_operator.py for tasks to queue
[2024-09-05T05:58:38.747+0000] {logging_mixin.py:190} INFO - [2024-09-05T05:58:38.747+0000] {dagbag.py:587} INFO - Filling up the DagBag from /home/airflow/.local/lib/python3.12/site-packages/airflow/example_dags/example_short_circuit_operator.py
[2024-09-05T05:58:38.775+0000] {processor.py:925} INFO - DAG(s) 'example_short_circuit_operator' retrieved from /home/airflow/.local/lib/python3.12/site-packages/airflow/example_dags/example_short_circuit_operator.py
[2024-09-05T05:58:38.831+0000] {logging_mixin.py:190} INFO - [2024-09-05T05:58:38.830+0000] {dag.py:3211} INFO - Sync 1 DAGs
[2024-09-05T05:58:38.867+0000] {logging_mixin.py:190} INFO - [2024-09-05T05:58:38.867+0000] {dag.py:4138} INFO - Setting next_dagrun for example_short_circuit_operator to 2024-09-04 00:00:00+00:00, run_after=2024-09-05 00:00:00+00:00
[2024-09-05T05:58:38.892+0000] {processor.py:208} INFO - Processing /home/airflow/.local/lib/python3.12/site-packages/airflow/example_dags/example_short_circuit_operator.py took 0.158 seconds
[2024-09-05T05:59:09.350+0000] {processor.py:186} INFO - Started process (PID=145) to work on /home/airflow/.local/lib/python3.12/site-packages/airflow/example_dags/example_short_circuit_operator.py
[2024-09-05T05:59:09.351+0000] {processor.py:914} INFO - Processing file /home/airflow/.local/lib/python3.12/site-packages/airflow/example_dags/example_short_circuit_operator.py for tasks to queue
[2024-09-05T05:59:09.354+0000] {logging_mixin.py:190} INFO - [2024-09-05T05:59:09.353+0000] {dagbag.py:587} INFO - Filling up the DagBag from /home/airflow/.local/lib/python3.12/site-packages/airflow/example_dags/example_short_circuit_operator.py
[2024-09-05T05:59:09.366+0000] {processor.py:925} INFO - DAG(s) 'example_short_circuit_operator' retrieved from /home/airflow/.local/lib/python3.12/site-packages/airflow/example_dags/example_short_circuit_operator.py
[2024-09-05T05:59:09.394+0000] {logging_mixin.py:190} INFO - [2024-09-05T05:59:09.393+0000] {dag.py:3211} INFO - Sync 1 DAGs
[2024-09-05T05:59:09.423+0000] {logging_mixin.py:190} INFO - [2024-09-05T05:59:09.423+0000] {dag.py:4138} INFO - Setting next_dagrun for example_short_circuit_operator to 2024-09-04 00:00:00+00:00, run_after=2024-09-05 00:00:00+00:00
[2024-09-05T05:59:09.448+0000] {processor.py:208} INFO - Processing /home/airflow/.local/lib/python3.12/site-packages/airflow/example_dags/example_short_circuit_operator.py took 0.104 seconds
[2024-09-05T05:59:39.520+0000] {processor.py:186} INFO - Started process (PID=208) to work on /home/airflow/.local/lib/python3.12/site-packages/airflow/example_dags/example_short_circuit_operator.py
[2024-09-05T05:59:39.521+0000] {processor.py:914} INFO - Processing file /home/airflow/.local/lib/python3.12/site-packages/airflow/example_dags/example_short_circuit_operator.py for tasks to queue
[2024-09-05T05:59:39.523+0000] {logging_mixin.py:190} INFO - [2024-09-05T05:59:39.522+0000] {dagbag.py:587} INFO - Filling up the DagBag from /home/airflow/.local/lib/python3.12/site-packages/airflow/example_dags/example_short_circuit_operator.py
[2024-09-05T05:59:39.531+0000] {processor.py:925} INFO - DAG(s) 'example_short_circuit_operator' retrieved from /home/airflow/.local/lib/python3.12/site-packages/airflow/example_dags/example_short_circuit_operator.py
[2024-09-05T05:59:39.553+0000] {logging_mixin.py:190} INFO - [2024-09-05T05:59:39.553+0000] {dag.py:3211} INFO - Sync 1 DAGs
[2024-09-05T05:59:39.572+0000] {logging_mixin.py:190} INFO - [2024-09-05T05:59:39.572+0000] {dag.py:4138} INFO - Setting next_dagrun for example_short_circuit_operator to 2024-09-04 00:00:00+00:00, run_after=2024-09-05 00:00:00+00:00
[2024-09-05T05:59:39.592+0000] {processor.py:208} INFO - Processing /home/airflow/.local/lib/python3.12/site-packages/airflow/example_dags/example_short_circuit_operator.py took 0.077 seconds
[2024-09-05T06:00:10.338+0000] {processor.py:186} INFO - Started process (PID=272) to work on /home/airflow/.local/lib/python3.12/site-packages/airflow/example_dags/example_short_circuit_operator.py
[2024-09-05T06:00:10.339+0000] {processor.py:914} INFO - Processing file /home/airflow/.local/lib/python3.12/site-packages/airflow/example_dags/example_short_circuit_operator.py for tasks to queue
[2024-09-05T06:00:10.342+0000] {logging_mixin.py:190} INFO - [2024-09-05T06:00:10.342+0000] {dagbag.py:587} INFO - Filling up the DagBag from /home/airflow/.local/lib/python3.12/site-packages/airflow/example_dags/example_short_circuit_operator.py
[2024-09-05T06:00:10.356+0000] {processor.py:925} INFO - DAG(s) 'example_short_circuit_operator' retrieved from /home/airflow/.local/lib/python3.12/site-packages/airflow/example_dags/example_short_circuit_operator.py
[2024-09-05T06:00:10.392+0000] {logging_mixin.py:190} INFO - [2024-09-05T06:00:10.391+0000] {dag.py:3211} INFO - Sync 1 DAGs
[2024-09-05T06:00:10.416+0000] {logging_mixin.py:190} INFO - [2024-09-05T06:00:10.416+0000] {dag.py:4138} INFO - Setting next_dagrun for example_short_circuit_operator to 2024-09-04 00:00:00+00:00, run_after=2024-09-05 00:00:00+00:00
[2024-09-05T06:00:10.436+0000] {processor.py:208} INFO - Processing /home/airflow/.local/lib/python3.12/site-packages/airflow/example_dags/example_short_circuit_operator.py took 0.106 seconds
[2024-09-05T07:19:23.588+0000] {processor.py:186} INFO - Started process (PID=81) to work on /home/airflow/.local/lib/python3.12/site-packages/airflow/example_dags/example_short_circuit_operator.py
[2024-09-05T07:19:23.590+0000] {processor.py:914} INFO - Processing file /home/airflow/.local/lib/python3.12/site-packages/airflow/example_dags/example_short_circuit_operator.py for tasks to queue
[2024-09-05T07:19:23.593+0000] {logging_mixin.py:190} INFO - [2024-09-05T07:19:23.593+0000] {dagbag.py:587} INFO - Filling up the DagBag from /home/airflow/.local/lib/python3.12/site-packages/airflow/example_dags/example_short_circuit_operator.py
[2024-09-05T07:19:23.605+0000] {processor.py:925} INFO - DAG(s) 'example_short_circuit_operator' retrieved from /home/airflow/.local/lib/python3.12/site-packages/airflow/example_dags/example_short_circuit_operator.py
[2024-09-05T07:19:23.644+0000] {logging_mixin.py:190} INFO - [2024-09-05T07:19:23.644+0000] {dag.py:3211} INFO - Sync 1 DAGs
[2024-09-05T07:19:23.669+0000] {logging_mixin.py:190} INFO - [2024-09-05T07:19:23.669+0000] {dag.py:4138} INFO - Setting next_dagrun for example_short_circuit_operator to 2024-09-04 00:00:00+00:00, run_after=2024-09-05 00:00:00+00:00
[2024-09-05T07:19:23.690+0000] {processor.py:208} INFO - Processing /home/airflow/.local/lib/python3.12/site-packages/airflow/example_dags/example_short_circuit_operator.py took 0.108 seconds
[2024-09-05T07:19:54.777+0000] {processor.py:186} INFO - Started process (PID=145) to work on /home/airflow/.local/lib/python3.12/site-packages/airflow/example_dags/example_short_circuit_operator.py
[2024-09-05T07:19:54.779+0000] {processor.py:914} INFO - Processing file /home/airflow/.local/lib/python3.12/site-packages/airflow/example_dags/example_short_circuit_operator.py for tasks to queue
[2024-09-05T07:19:54.783+0000] {logging_mixin.py:190} INFO - [2024-09-05T07:19:54.782+0000] {dagbag.py:587} INFO - Filling up the DagBag from /home/airflow/.local/lib/python3.12/site-packages/airflow/example_dags/example_short_circuit_operator.py
[2024-09-05T07:19:54.800+0000] {processor.py:925} INFO - DAG(s) 'example_short_circuit_operator' retrieved from /home/airflow/.local/lib/python3.12/site-packages/airflow/example_dags/example_short_circuit_operator.py
[2024-09-05T07:19:54.836+0000] {logging_mixin.py:190} INFO - [2024-09-05T07:19:54.835+0000] {dag.py:3211} INFO - Sync 1 DAGs
[2024-09-05T07:19:54.862+0000] {logging_mixin.py:190} INFO - [2024-09-05T07:19:54.862+0000] {dag.py:4138} INFO - Setting next_dagrun for example_short_circuit_operator to 2024-09-04 00:00:00+00:00, run_after=2024-09-05 00:00:00+00:00
[2024-09-05T07:19:54.930+0000] {processor.py:208} INFO - Processing /home/airflow/.local/lib/python3.12/site-packages/airflow/example_dags/example_short_circuit_operator.py took 0.161 seconds
