[2024-09-05T05:58:39.404+0000] {processor.py:186} INFO - Started process (PID=86) to work on /home/airflow/.local/lib/python3.12/site-packages/airflow/example_dags/example_latest_only_with_trigger.py
[2024-09-05T05:58:39.405+0000] {processor.py:914} INFO - Processing file /home/airflow/.local/lib/python3.12/site-packages/airflow/example_dags/example_latest_only_with_trigger.py for tasks to queue
[2024-09-05T05:58:39.408+0000] {logging_mixin.py:190} INFO - [2024-09-05T05:58:39.408+0000] {dagbag.py:587} INFO - Filling up the DagBag from /home/airflow/.local/lib/python3.12/site-packages/airflow/example_dags/example_latest_only_with_trigger.py
[2024-09-05T05:58:39.416+0000] {processor.py:925} INFO - DAG(s) 'latest_only_with_trigger' retrieved from /home/airflow/.local/lib/python3.12/site-packages/airflow/example_dags/example_latest_only_with_trigger.py
[2024-09-05T05:58:39.440+0000] {logging_mixin.py:190} INFO - [2024-09-05T05:58:39.440+0000] {dag.py:3211} INFO - Sync 1 DAGs
[2024-09-05T05:58:39.464+0000] {logging_mixin.py:190} INFO - [2024-09-05T05:58:39.464+0000] {dag.py:4138} INFO - Setting next_dagrun for latest_only_with_trigger to 2024-09-05 00:00:00+00:00, run_after=2024-09-05 04:00:00+00:00
[2024-09-05T05:58:39.488+0000] {processor.py:208} INFO - Processing /home/airflow/.local/lib/python3.12/site-packages/airflow/example_dags/example_latest_only_with_trigger.py took 0.090 seconds
[2024-09-05T05:59:09.751+0000] {processor.py:186} INFO - Started process (PID=150) to work on /home/airflow/.local/lib/python3.12/site-packages/airflow/example_dags/example_latest_only_with_trigger.py
[2024-09-05T05:59:09.753+0000] {processor.py:914} INFO - Processing file /home/airflow/.local/lib/python3.12/site-packages/airflow/example_dags/example_latest_only_with_trigger.py for tasks to queue
[2024-09-05T05:59:09.756+0000] {logging_mixin.py:190} INFO - [2024-09-05T05:59:09.755+0000] {dagbag.py:587} INFO - Filling up the DagBag from /home/airflow/.local/lib/python3.12/site-packages/airflow/example_dags/example_latest_only_with_trigger.py
[2024-09-05T05:59:09.763+0000] {processor.py:925} INFO - DAG(s) 'latest_only_with_trigger' retrieved from /home/airflow/.local/lib/python3.12/site-packages/airflow/example_dags/example_latest_only_with_trigger.py
[2024-09-05T05:59:09.786+0000] {logging_mixin.py:190} INFO - [2024-09-05T05:59:09.786+0000] {dag.py:3211} INFO - Sync 1 DAGs
[2024-09-05T05:59:09.808+0000] {logging_mixin.py:190} INFO - [2024-09-05T05:59:09.808+0000] {dag.py:4138} INFO - Setting next_dagrun for latest_only_with_trigger to 2024-09-05 00:00:00+00:00, run_after=2024-09-05 04:00:00+00:00
[2024-09-05T05:59:09.829+0000] {processor.py:208} INFO - Processing /home/airflow/.local/lib/python3.12/site-packages/airflow/example_dags/example_latest_only_with_trigger.py took 0.083 seconds
[2024-09-05T05:59:40.147+0000] {processor.py:186} INFO - Started process (PID=214) to work on /home/airflow/.local/lib/python3.12/site-packages/airflow/example_dags/example_latest_only_with_trigger.py
[2024-09-05T05:59:40.148+0000] {processor.py:914} INFO - Processing file /home/airflow/.local/lib/python3.12/site-packages/airflow/example_dags/example_latest_only_with_trigger.py for tasks to queue
[2024-09-05T05:59:40.150+0000] {logging_mixin.py:190} INFO - [2024-09-05T05:59:40.150+0000] {dagbag.py:587} INFO - Filling up the DagBag from /home/airflow/.local/lib/python3.12/site-packages/airflow/example_dags/example_latest_only_with_trigger.py
[2024-09-05T05:59:40.157+0000] {processor.py:925} INFO - DAG(s) 'latest_only_with_trigger' retrieved from /home/airflow/.local/lib/python3.12/site-packages/airflow/example_dags/example_latest_only_with_trigger.py
[2024-09-05T05:59:40.178+0000] {logging_mixin.py:190} INFO - [2024-09-05T05:59:40.178+0000] {dag.py:3211} INFO - Sync 1 DAGs
[2024-09-05T05:59:40.208+0000] {logging_mixin.py:190} INFO - [2024-09-05T05:59:40.208+0000] {dag.py:4138} INFO - Setting next_dagrun for latest_only_with_trigger to 2024-09-05 00:00:00+00:00, run_after=2024-09-05 04:00:00+00:00
[2024-09-05T05:59:40.230+0000] {processor.py:208} INFO - Processing /home/airflow/.local/lib/python3.12/site-packages/airflow/example_dags/example_latest_only_with_trigger.py took 0.088 seconds
[2024-09-05T06:00:11.013+0000] {processor.py:186} INFO - Started process (PID=278) to work on /home/airflow/.local/lib/python3.12/site-packages/airflow/example_dags/example_latest_only_with_trigger.py
[2024-09-05T06:00:11.015+0000] {processor.py:914} INFO - Processing file /home/airflow/.local/lib/python3.12/site-packages/airflow/example_dags/example_latest_only_with_trigger.py for tasks to queue
[2024-09-05T06:00:11.017+0000] {logging_mixin.py:190} INFO - [2024-09-05T06:00:11.017+0000] {dagbag.py:587} INFO - Filling up the DagBag from /home/airflow/.local/lib/python3.12/site-packages/airflow/example_dags/example_latest_only_with_trigger.py
[2024-09-05T06:00:11.027+0000] {processor.py:925} INFO - DAG(s) 'latest_only_with_trigger' retrieved from /home/airflow/.local/lib/python3.12/site-packages/airflow/example_dags/example_latest_only_with_trigger.py
[2024-09-05T06:00:11.063+0000] {logging_mixin.py:190} INFO - [2024-09-05T06:00:11.062+0000] {dag.py:3211} INFO - Sync 1 DAGs
[2024-09-05T06:00:11.102+0000] {logging_mixin.py:190} INFO - [2024-09-05T06:00:11.102+0000] {dag.py:4138} INFO - Setting next_dagrun for latest_only_with_trigger to 2024-09-05 00:00:00+00:00, run_after=2024-09-05 04:00:00+00:00
[2024-09-05T06:00:11.125+0000] {processor.py:208} INFO - Processing /home/airflow/.local/lib/python3.12/site-packages/airflow/example_dags/example_latest_only_with_trigger.py took 0.117 seconds
[2024-09-05T07:19:24.117+0000] {processor.py:186} INFO - Started process (PID=86) to work on /home/airflow/.local/lib/python3.12/site-packages/airflow/example_dags/example_latest_only_with_trigger.py
[2024-09-05T07:19:24.118+0000] {processor.py:914} INFO - Processing file /home/airflow/.local/lib/python3.12/site-packages/airflow/example_dags/example_latest_only_with_trigger.py for tasks to queue
[2024-09-05T07:19:24.122+0000] {logging_mixin.py:190} INFO - [2024-09-05T07:19:24.121+0000] {dagbag.py:587} INFO - Filling up the DagBag from /home/airflow/.local/lib/python3.12/site-packages/airflow/example_dags/example_latest_only_with_trigger.py
[2024-09-05T07:19:24.134+0000] {processor.py:925} INFO - DAG(s) 'latest_only_with_trigger' retrieved from /home/airflow/.local/lib/python3.12/site-packages/airflow/example_dags/example_latest_only_with_trigger.py
[2024-09-05T07:19:24.168+0000] {logging_mixin.py:190} INFO - [2024-09-05T07:19:24.167+0000] {dag.py:3211} INFO - Sync 1 DAGs
[2024-09-05T07:19:24.191+0000] {logging_mixin.py:190} INFO - [2024-09-05T07:19:24.191+0000] {dag.py:4138} INFO - Setting next_dagrun for latest_only_with_trigger to 2024-09-05 00:00:00+00:00, run_after=2024-09-05 04:00:00+00:00
[2024-09-05T07:19:24.213+0000] {processor.py:208} INFO - Processing /home/airflow/.local/lib/python3.12/site-packages/airflow/example_dags/example_latest_only_with_trigger.py took 0.103 seconds
[2024-09-05T07:19:55.233+0000] {processor.py:186} INFO - Started process (PID=150) to work on /home/airflow/.local/lib/python3.12/site-packages/airflow/example_dags/example_latest_only_with_trigger.py
[2024-09-05T07:19:55.235+0000] {processor.py:914} INFO - Processing file /home/airflow/.local/lib/python3.12/site-packages/airflow/example_dags/example_latest_only_with_trigger.py for tasks to queue
[2024-09-05T07:19:55.237+0000] {logging_mixin.py:190} INFO - [2024-09-05T07:19:55.237+0000] {dagbag.py:587} INFO - Filling up the DagBag from /home/airflow/.local/lib/python3.12/site-packages/airflow/example_dags/example_latest_only_with_trigger.py
[2024-09-05T07:19:55.244+0000] {processor.py:925} INFO - DAG(s) 'latest_only_with_trigger' retrieved from /home/airflow/.local/lib/python3.12/site-packages/airflow/example_dags/example_latest_only_with_trigger.py
[2024-09-05T07:19:55.268+0000] {logging_mixin.py:190} INFO - [2024-09-05T07:19:55.267+0000] {dag.py:3211} INFO - Sync 1 DAGs
[2024-09-05T07:19:55.291+0000] {logging_mixin.py:190} INFO - [2024-09-05T07:19:55.291+0000] {dag.py:4138} INFO - Setting next_dagrun for latest_only_with_trigger to 2024-09-05 00:00:00+00:00, run_after=2024-09-05 04:00:00+00:00
[2024-09-05T07:19:55.312+0000] {processor.py:208} INFO - Processing /home/airflow/.local/lib/python3.12/site-packages/airflow/example_dags/example_latest_only_with_trigger.py took 0.084 seconds
