[2024-09-05T05:58:41.224+0000] {processor.py:186} INFO - Started process (PID=105) to work on /home/airflow/.local/lib/python3.12/site-packages/airflow/example_dags/example_xcomargs.py
[2024-09-05T05:58:41.225+0000] {processor.py:914} INFO - Processing file /home/airflow/.local/lib/python3.12/site-packages/airflow/example_dags/example_xcomargs.py for tasks to queue
[2024-09-05T05:58:41.229+0000] {logging_mixin.py:190} INFO - [2024-09-05T05:58:41.228+0000] {dagbag.py:587} INFO - Filling up the DagBag from /home/airflow/.local/lib/python3.12/site-packages/airflow/example_dags/example_xcomargs.py
[2024-09-05T05:58:41.247+0000] {processor.py:925} INFO - DAG(s) 'example_xcom_args_with_operators', 'example_xcom_args' retrieved from /home/airflow/.local/lib/python3.12/site-packages/airflow/example_dags/example_xcomargs.py
[2024-09-05T05:58:41.284+0000] {logging_mixin.py:190} INFO - [2024-09-05T05:58:41.283+0000] {dag.py:3211} INFO - Sync 2 DAGs
[2024-09-05T05:58:41.301+0000] {logging_mixin.py:190} INFO - [2024-09-05T05:58:41.301+0000] {dag.py:4138} INFO - Setting next_dagrun for example_xcom_args to None, run_after=None
[2024-09-05T05:58:41.305+0000] {logging_mixin.py:190} INFO - [2024-09-05T05:58:41.305+0000] {dag.py:4138} INFO - Setting next_dagrun for example_xcom_args_with_operators to None, run_after=None
[2024-09-05T05:58:41.329+0000] {processor.py:208} INFO - Processing /home/airflow/.local/lib/python3.12/site-packages/airflow/example_dags/example_xcomargs.py took 0.113 seconds
[2024-09-05T05:59:11.477+0000] {processor.py:186} INFO - Started process (PID=169) to work on /home/airflow/.local/lib/python3.12/site-packages/airflow/example_dags/example_xcomargs.py
[2024-09-05T05:59:11.478+0000] {processor.py:914} INFO - Processing file /home/airflow/.local/lib/python3.12/site-packages/airflow/example_dags/example_xcomargs.py for tasks to queue
[2024-09-05T05:59:11.480+0000] {logging_mixin.py:190} INFO - [2024-09-05T05:59:11.480+0000] {dagbag.py:587} INFO - Filling up the DagBag from /home/airflow/.local/lib/python3.12/site-packages/airflow/example_dags/example_xcomargs.py
[2024-09-05T05:59:11.490+0000] {processor.py:925} INFO - DAG(s) 'example_xcom_args', 'example_xcom_args_with_operators' retrieved from /home/airflow/.local/lib/python3.12/site-packages/airflow/example_dags/example_xcomargs.py
[2024-09-05T05:59:11.518+0000] {logging_mixin.py:190} INFO - [2024-09-05T05:59:11.518+0000] {dag.py:3211} INFO - Sync 2 DAGs
[2024-09-05T05:59:11.532+0000] {logging_mixin.py:190} INFO - [2024-09-05T05:59:11.532+0000] {dag.py:4138} INFO - Setting next_dagrun for example_xcom_args to None, run_after=None
[2024-09-05T05:59:11.536+0000] {logging_mixin.py:190} INFO - [2024-09-05T05:59:11.536+0000] {dag.py:4138} INFO - Setting next_dagrun for example_xcom_args_with_operators to None, run_after=None
[2024-09-05T05:59:11.558+0000] {processor.py:208} INFO - Processing /home/airflow/.local/lib/python3.12/site-packages/airflow/example_dags/example_xcomargs.py took 0.086 seconds
[2024-09-05T05:59:41.754+0000] {processor.py:186} INFO - Started process (PID=233) to work on /home/airflow/.local/lib/python3.12/site-packages/airflow/example_dags/example_xcomargs.py
[2024-09-05T05:59:41.755+0000] {processor.py:914} INFO - Processing file /home/airflow/.local/lib/python3.12/site-packages/airflow/example_dags/example_xcomargs.py for tasks to queue
[2024-09-05T05:59:41.757+0000] {logging_mixin.py:190} INFO - [2024-09-05T05:59:41.757+0000] {dagbag.py:587} INFO - Filling up the DagBag from /home/airflow/.local/lib/python3.12/site-packages/airflow/example_dags/example_xcomargs.py
[2024-09-05T05:59:41.773+0000] {processor.py:925} INFO - DAG(s) 'example_xcom_args_with_operators', 'example_xcom_args' retrieved from /home/airflow/.local/lib/python3.12/site-packages/airflow/example_dags/example_xcomargs.py
[2024-09-05T05:59:41.800+0000] {logging_mixin.py:190} INFO - [2024-09-05T05:59:41.799+0000] {dag.py:3211} INFO - Sync 2 DAGs
[2024-09-05T05:59:41.822+0000] {logging_mixin.py:190} INFO - [2024-09-05T05:59:41.822+0000] {dag.py:4138} INFO - Setting next_dagrun for example_xcom_args to None, run_after=None
[2024-09-05T05:59:41.826+0000] {logging_mixin.py:190} INFO - [2024-09-05T05:59:41.826+0000] {dag.py:4138} INFO - Setting next_dagrun for example_xcom_args_with_operators to None, run_after=None
[2024-09-05T05:59:41.845+0000] {processor.py:208} INFO - Processing /home/airflow/.local/lib/python3.12/site-packages/airflow/example_dags/example_xcomargs.py took 0.098 seconds
[2024-09-05T06:00:12.606+0000] {processor.py:186} INFO - Started process (PID=297) to work on /home/airflow/.local/lib/python3.12/site-packages/airflow/example_dags/example_xcomargs.py
[2024-09-05T06:00:12.609+0000] {processor.py:914} INFO - Processing file /home/airflow/.local/lib/python3.12/site-packages/airflow/example_dags/example_xcomargs.py for tasks to queue
[2024-09-05T06:00:12.612+0000] {logging_mixin.py:190} INFO - [2024-09-05T06:00:12.612+0000] {dagbag.py:587} INFO - Filling up the DagBag from /home/airflow/.local/lib/python3.12/site-packages/airflow/example_dags/example_xcomargs.py
[2024-09-05T06:00:12.624+0000] {processor.py:925} INFO - DAG(s) 'example_xcom_args_with_operators', 'example_xcom_args' retrieved from /home/airflow/.local/lib/python3.12/site-packages/airflow/example_dags/example_xcomargs.py
[2024-09-05T06:00:12.650+0000] {logging_mixin.py:190} INFO - [2024-09-05T06:00:12.649+0000] {dag.py:3211} INFO - Sync 2 DAGs
[2024-09-05T06:00:12.664+0000] {logging_mixin.py:190} INFO - [2024-09-05T06:00:12.664+0000] {dag.py:4138} INFO - Setting next_dagrun for example_xcom_args to None, run_after=None
[2024-09-05T06:00:12.668+0000] {logging_mixin.py:190} INFO - [2024-09-05T06:00:12.668+0000] {dag.py:4138} INFO - Setting next_dagrun for example_xcom_args_with_operators to None, run_after=None
[2024-09-05T06:00:12.688+0000] {processor.py:208} INFO - Processing /home/airflow/.local/lib/python3.12/site-packages/airflow/example_dags/example_xcomargs.py took 0.089 seconds
[2024-09-05T07:19:25.490+0000] {processor.py:186} INFO - Started process (PID=105) to work on /home/airflow/.local/lib/python3.12/site-packages/airflow/example_dags/example_xcomargs.py
[2024-09-05T07:19:25.492+0000] {processor.py:914} INFO - Processing file /home/airflow/.local/lib/python3.12/site-packages/airflow/example_dags/example_xcomargs.py for tasks to queue
[2024-09-05T07:19:25.495+0000] {logging_mixin.py:190} INFO - [2024-09-05T07:19:25.495+0000] {dagbag.py:587} INFO - Filling up the DagBag from /home/airflow/.local/lib/python3.12/site-packages/airflow/example_dags/example_xcomargs.py
[2024-09-05T07:19:25.506+0000] {processor.py:925} INFO - DAG(s) 'example_xcom_args_with_operators', 'example_xcom_args' retrieved from /home/airflow/.local/lib/python3.12/site-packages/airflow/example_dags/example_xcomargs.py
[2024-09-05T07:19:25.534+0000] {logging_mixin.py:190} INFO - [2024-09-05T07:19:25.534+0000] {dag.py:3211} INFO - Sync 2 DAGs
[2024-09-05T07:19:25.551+0000] {logging_mixin.py:190} INFO - [2024-09-05T07:19:25.550+0000] {dag.py:4138} INFO - Setting next_dagrun for example_xcom_args to None, run_after=None
[2024-09-05T07:19:25.555+0000] {logging_mixin.py:190} INFO - [2024-09-05T07:19:25.554+0000] {dag.py:4138} INFO - Setting next_dagrun for example_xcom_args_with_operators to None, run_after=None
[2024-09-05T07:19:25.573+0000] {processor.py:208} INFO - Processing /home/airflow/.local/lib/python3.12/site-packages/airflow/example_dags/example_xcomargs.py took 0.092 seconds
[2024-09-05T07:19:59.615+0000] {processor.py:186} INFO - Started process (PID=169) to work on /home/airflow/.local/lib/python3.12/site-packages/airflow/example_dags/example_xcomargs.py
[2024-09-05T07:19:59.617+0000] {processor.py:914} INFO - Processing file /home/airflow/.local/lib/python3.12/site-packages/airflow/example_dags/example_xcomargs.py for tasks to queue
[2024-09-05T07:19:59.619+0000] {logging_mixin.py:190} INFO - [2024-09-05T07:19:59.619+0000] {dagbag.py:587} INFO - Filling up the DagBag from /home/airflow/.local/lib/python3.12/site-packages/airflow/example_dags/example_xcomargs.py
[2024-09-05T07:19:59.631+0000] {processor.py:925} INFO - DAG(s) 'example_xcom_args', 'example_xcom_args_with_operators' retrieved from /home/airflow/.local/lib/python3.12/site-packages/airflow/example_dags/example_xcomargs.py
[2024-09-05T07:19:59.654+0000] {logging_mixin.py:190} INFO - [2024-09-05T07:19:59.653+0000] {dag.py:3211} INFO - Sync 2 DAGs
[2024-09-05T07:19:59.670+0000] {logging_mixin.py:190} INFO - [2024-09-05T07:19:59.670+0000] {dag.py:4138} INFO - Setting next_dagrun for example_xcom_args to None, run_after=None
[2024-09-05T07:19:59.675+0000] {logging_mixin.py:190} INFO - [2024-09-05T07:19:59.675+0000] {dag.py:4138} INFO - Setting next_dagrun for example_xcom_args_with_operators to None, run_after=None
[2024-09-05T07:19:59.694+0000] {processor.py:208} INFO - Processing /home/airflow/.local/lib/python3.12/site-packages/airflow/example_dags/example_xcomargs.py took 0.085 seconds
