[2024-09-05T05:58:37.364+0000] {processor.py:186} INFO - Started process (PID=75) to work on /home/airflow/.local/lib/python3.12/site-packages/airflow/example_dags/example_inlet_event_extra.py
[2024-09-05T05:58:37.365+0000] {processor.py:914} INFO - Processing file /home/airflow/.local/lib/python3.12/site-packages/airflow/example_dags/example_inlet_event_extra.py for tasks to queue
[2024-09-05T05:58:37.371+0000] {logging_mixin.py:190} INFO - [2024-09-05T05:58:37.370+0000] {dagbag.py:587} INFO - Filling up the DagBag from /home/airflow/.local/lib/python3.12/site-packages/airflow/example_dags/example_inlet_event_extra.py
[2024-09-05T05:58:38.126+0000] {processor.py:925} INFO - DAG(s) 'read_dataset_event_from_classic', 'read_dataset_event' retrieved from /home/airflow/.local/lib/python3.12/site-packages/airflow/example_dags/example_inlet_event_extra.py
[2024-09-05T05:58:38.165+0000] {logging_mixin.py:190} INFO - [2024-09-05T05:58:38.165+0000] {dag.py:3211} INFO - Sync 2 DAGs
[2024-09-05T05:58:38.209+0000] {logging_mixin.py:190} INFO - [2024-09-05T05:58:38.209+0000] {dag.py:4138} INFO - Setting next_dagrun for read_dataset_event to 2024-09-04 00:00:00+00:00, run_after=2024-09-05 00:00:00+00:00
[2024-09-05T05:58:38.216+0000] {logging_mixin.py:190} INFO - [2024-09-05T05:58:38.216+0000] {dag.py:4138} INFO - Setting next_dagrun for read_dataset_event_from_classic to 2024-09-04 00:00:00+00:00, run_after=2024-09-05 00:00:00+00:00
[2024-09-05T05:58:38.235+0000] {processor.py:208} INFO - Processing /home/airflow/.local/lib/python3.12/site-packages/airflow/example_dags/example_inlet_event_extra.py took 0.879 seconds
[2024-09-05T05:59:08.682+0000] {processor.py:186} INFO - Started process (PID=139) to work on /home/airflow/.local/lib/python3.12/site-packages/airflow/example_dags/example_inlet_event_extra.py
[2024-09-05T05:59:08.683+0000] {processor.py:914} INFO - Processing file /home/airflow/.local/lib/python3.12/site-packages/airflow/example_dags/example_inlet_event_extra.py for tasks to queue
[2024-09-05T05:59:08.685+0000] {logging_mixin.py:190} INFO - [2024-09-05T05:59:08.685+0000] {dagbag.py:587} INFO - Filling up the DagBag from /home/airflow/.local/lib/python3.12/site-packages/airflow/example_dags/example_inlet_event_extra.py
[2024-09-05T05:59:08.867+0000] {processor.py:925} INFO - DAG(s) 'read_dataset_event', 'read_dataset_event_from_classic' retrieved from /home/airflow/.local/lib/python3.12/site-packages/airflow/example_dags/example_inlet_event_extra.py
[2024-09-05T05:59:08.891+0000] {logging_mixin.py:190} INFO - [2024-09-05T05:59:08.891+0000] {dag.py:3211} INFO - Sync 2 DAGs
[2024-09-05T05:59:08.912+0000] {logging_mixin.py:190} INFO - [2024-09-05T05:59:08.912+0000] {dag.py:4138} INFO - Setting next_dagrun for read_dataset_event to 2024-09-04 00:00:00+00:00, run_after=2024-09-05 00:00:00+00:00
[2024-09-05T05:59:08.916+0000] {logging_mixin.py:190} INFO - [2024-09-05T05:59:08.916+0000] {dag.py:4138} INFO - Setting next_dagrun for read_dataset_event_from_classic to 2024-09-04 00:00:00+00:00, run_after=2024-09-05 00:00:00+00:00
[2024-09-05T05:59:08.933+0000] {processor.py:208} INFO - Processing /home/airflow/.local/lib/python3.12/site-packages/airflow/example_dags/example_inlet_event_extra.py took 0.259 seconds
[2024-09-05T05:59:39.044+0000] {processor.py:186} INFO - Started process (PID=203) to work on /home/airflow/.local/lib/python3.12/site-packages/airflow/example_dags/example_inlet_event_extra.py
[2024-09-05T05:59:39.047+0000] {processor.py:914} INFO - Processing file /home/airflow/.local/lib/python3.12/site-packages/airflow/example_dags/example_inlet_event_extra.py for tasks to queue
[2024-09-05T05:59:39.050+0000] {logging_mixin.py:190} INFO - [2024-09-05T05:59:39.050+0000] {dagbag.py:587} INFO - Filling up the DagBag from /home/airflow/.local/lib/python3.12/site-packages/airflow/example_dags/example_inlet_event_extra.py
[2024-09-05T05:59:39.191+0000] {processor.py:925} INFO - DAG(s) 'read_dataset_event_from_classic', 'read_dataset_event' retrieved from /home/airflow/.local/lib/python3.12/site-packages/airflow/example_dags/example_inlet_event_extra.py
[2024-09-05T05:59:39.217+0000] {logging_mixin.py:190} INFO - [2024-09-05T05:59:39.217+0000] {dag.py:3211} INFO - Sync 2 DAGs
[2024-09-05T05:59:39.240+0000] {logging_mixin.py:190} INFO - [2024-09-05T05:59:39.239+0000] {dag.py:4138} INFO - Setting next_dagrun for read_dataset_event to 2024-09-04 00:00:00+00:00, run_after=2024-09-05 00:00:00+00:00
[2024-09-05T05:59:39.244+0000] {logging_mixin.py:190} INFO - [2024-09-05T05:59:39.244+0000] {dag.py:4138} INFO - Setting next_dagrun for read_dataset_event_from_classic to 2024-09-04 00:00:00+00:00, run_after=2024-09-05 00:00:00+00:00
[2024-09-05T05:59:39.264+0000] {processor.py:208} INFO - Processing /home/airflow/.local/lib/python3.12/site-packages/airflow/example_dags/example_inlet_event_extra.py took 0.228 seconds
[2024-09-05T06:00:09.748+0000] {processor.py:186} INFO - Started process (PID=267) to work on /home/airflow/.local/lib/python3.12/site-packages/airflow/example_dags/example_inlet_event_extra.py
[2024-09-05T06:00:09.750+0000] {processor.py:914} INFO - Processing file /home/airflow/.local/lib/python3.12/site-packages/airflow/example_dags/example_inlet_event_extra.py for tasks to queue
[2024-09-05T06:00:09.756+0000] {logging_mixin.py:190} INFO - [2024-09-05T06:00:09.755+0000] {dagbag.py:587} INFO - Filling up the DagBag from /home/airflow/.local/lib/python3.12/site-packages/airflow/example_dags/example_inlet_event_extra.py
[2024-09-05T06:00:09.948+0000] {processor.py:925} INFO - DAG(s) 'read_dataset_event_from_classic', 'read_dataset_event' retrieved from /home/airflow/.local/lib/python3.12/site-packages/airflow/example_dags/example_inlet_event_extra.py
[2024-09-05T06:00:09.983+0000] {logging_mixin.py:190} INFO - [2024-09-05T06:00:09.983+0000] {dag.py:3211} INFO - Sync 2 DAGs
[2024-09-05T06:00:10.017+0000] {logging_mixin.py:190} INFO - [2024-09-05T06:00:10.017+0000] {dag.py:4138} INFO - Setting next_dagrun for read_dataset_event to 2024-09-04 00:00:00+00:00, run_after=2024-09-05 00:00:00+00:00
[2024-09-05T06:00:10.025+0000] {logging_mixin.py:190} INFO - [2024-09-05T06:00:10.024+0000] {dag.py:4138} INFO - Setting next_dagrun for read_dataset_event_from_classic to 2024-09-04 00:00:00+00:00, run_after=2024-09-05 00:00:00+00:00
[2024-09-05T06:00:10.045+0000] {processor.py:208} INFO - Processing /home/airflow/.local/lib/python3.12/site-packages/airflow/example_dags/example_inlet_event_extra.py took 0.306 seconds
[2024-09-05T07:19:22.147+0000] {processor.py:186} INFO - Started process (PID=75) to work on /home/airflow/.local/lib/python3.12/site-packages/airflow/example_dags/example_inlet_event_extra.py
[2024-09-05T07:19:22.149+0000] {processor.py:914} INFO - Processing file /home/airflow/.local/lib/python3.12/site-packages/airflow/example_dags/example_inlet_event_extra.py for tasks to queue
[2024-09-05T07:19:22.151+0000] {logging_mixin.py:190} INFO - [2024-09-05T07:19:22.151+0000] {dagbag.py:587} INFO - Filling up the DagBag from /home/airflow/.local/lib/python3.12/site-packages/airflow/example_dags/example_inlet_event_extra.py
[2024-09-05T07:19:22.987+0000] {processor.py:925} INFO - DAG(s) 'read_dataset_event', 'read_dataset_event_from_classic' retrieved from /home/airflow/.local/lib/python3.12/site-packages/airflow/example_dags/example_inlet_event_extra.py
[2024-09-05T07:19:23.034+0000] {logging_mixin.py:190} INFO - [2024-09-05T07:19:23.034+0000] {dag.py:3211} INFO - Sync 2 DAGs
[2024-09-05T07:19:23.089+0000] {logging_mixin.py:190} INFO - [2024-09-05T07:19:23.089+0000] {dag.py:4138} INFO - Setting next_dagrun for read_dataset_event to 2024-09-04 00:00:00+00:00, run_after=2024-09-05 00:00:00+00:00
[2024-09-05T07:19:23.098+0000] {logging_mixin.py:190} INFO - [2024-09-05T07:19:23.097+0000] {dag.py:4138} INFO - Setting next_dagrun for read_dataset_event_from_classic to 2024-09-04 00:00:00+00:00, run_after=2024-09-05 00:00:00+00:00
[2024-09-05T07:19:23.124+0000] {processor.py:208} INFO - Processing /home/airflow/.local/lib/python3.12/site-packages/airflow/example_dags/example_inlet_event_extra.py took 0.983 seconds
[2024-09-05T07:19:53.240+0000] {processor.py:186} INFO - Started process (PID=139) to work on /home/airflow/.local/lib/python3.12/site-packages/airflow/example_dags/example_inlet_event_extra.py
[2024-09-05T07:19:53.242+0000] {processor.py:914} INFO - Processing file /home/airflow/.local/lib/python3.12/site-packages/airflow/example_dags/example_inlet_event_extra.py for tasks to queue
[2024-09-05T07:19:53.249+0000] {logging_mixin.py:190} INFO - [2024-09-05T07:19:53.248+0000] {dagbag.py:587} INFO - Filling up the DagBag from /home/airflow/.local/lib/python3.12/site-packages/airflow/example_dags/example_inlet_event_extra.py
[2024-09-05T07:19:53.602+0000] {processor.py:925} INFO - DAG(s) 'read_dataset_event', 'read_dataset_event_from_classic' retrieved from /home/airflow/.local/lib/python3.12/site-packages/airflow/example_dags/example_inlet_event_extra.py
[2024-09-05T07:19:53.749+0000] {logging_mixin.py:190} INFO - [2024-09-05T07:19:53.741+0000] {dag.py:3211} INFO - Sync 2 DAGs
[2024-09-05T07:19:53.807+0000] {logging_mixin.py:190} INFO - [2024-09-05T07:19:53.806+0000] {dag.py:4138} INFO - Setting next_dagrun for read_dataset_event to 2024-09-04 00:00:00+00:00, run_after=2024-09-05 00:00:00+00:00
[2024-09-05T07:19:53.820+0000] {logging_mixin.py:190} INFO - [2024-09-05T07:19:53.820+0000] {dag.py:4138} INFO - Setting next_dagrun for read_dataset_event_from_classic to 2024-09-04 00:00:00+00:00, run_after=2024-09-05 00:00:00+00:00
[2024-09-05T07:19:53.897+0000] {processor.py:208} INFO - Processing /home/airflow/.local/lib/python3.12/site-packages/airflow/example_dags/example_inlet_event_extra.py took 0.664 seconds
