[2024-09-05T05:58:42.322+0000] {processor.py:186} INFO - Started process (PID=117) to work on /home/airflow/.local/lib/python3.12/site-packages/airflow/example_dags/example_dataset_alias.py
[2024-09-05T05:58:42.323+0000] {processor.py:914} INFO - Processing file /home/airflow/.local/lib/python3.12/site-packages/airflow/example_dags/example_dataset_alias.py for tasks to queue
[2024-09-05T05:58:42.326+0000] {logging_mixin.py:190} INFO - [2024-09-05T05:58:42.326+0000] {dagbag.py:587} INFO - Filling up the DagBag from /home/airflow/.local/lib/python3.12/site-packages/airflow/example_dags/example_dataset_alias.py
[2024-09-05T05:58:42.990+0000] {processor.py:925} INFO - DAG(s) 'dataset_alias_example_alias_producer', 'dataset_alias_example_alias_consumer', 'dataset_s3_bucket_producer', 'dataset_s3_bucket_consumer' retrieved from /home/airflow/.local/lib/python3.12/site-packages/airflow/example_dags/example_dataset_alias.py
[2024-09-05T05:58:43.023+0000] {logging_mixin.py:190} INFO - [2024-09-05T05:58:43.022+0000] {dag.py:3211} INFO - Sync 4 DAGs
[2024-09-05T05:58:43.089+0000] {logging_mixin.py:190} INFO - [2024-09-05T05:58:43.088+0000] {dag.py:4138} INFO - Setting next_dagrun for dataset_alias_example_alias_consumer to None, run_after=None
[2024-09-05T05:58:43.091+0000] {logging_mixin.py:190} INFO - [2024-09-05T05:58:43.091+0000] {dag.py:4138} INFO - Setting next_dagrun for dataset_alias_example_alias_producer to None, run_after=None
[2024-09-05T05:58:43.093+0000] {logging_mixin.py:190} INFO - [2024-09-05T05:58:43.093+0000] {dag.py:4138} INFO - Setting next_dagrun for dataset_s3_bucket_consumer to None, run_after=None
[2024-09-05T05:58:43.094+0000] {logging_mixin.py:190} INFO - [2024-09-05T05:58:43.094+0000] {dag.py:4138} INFO - Setting next_dagrun for dataset_s3_bucket_producer to None, run_after=None
[2024-09-05T05:58:43.119+0000] {processor.py:208} INFO - Processing /home/airflow/.local/lib/python3.12/site-packages/airflow/example_dags/example_dataset_alias.py took 0.803 seconds
[2024-09-05T05:59:13.524+0000] {processor.py:186} INFO - Started process (PID=181) to work on /home/airflow/.local/lib/python3.12/site-packages/airflow/example_dags/example_dataset_alias.py
[2024-09-05T05:59:13.525+0000] {processor.py:914} INFO - Processing file /home/airflow/.local/lib/python3.12/site-packages/airflow/example_dags/example_dataset_alias.py for tasks to queue
[2024-09-05T05:59:13.527+0000] {logging_mixin.py:190} INFO - [2024-09-05T05:59:13.527+0000] {dagbag.py:587} INFO - Filling up the DagBag from /home/airflow/.local/lib/python3.12/site-packages/airflow/example_dags/example_dataset_alias.py
[2024-09-05T05:59:13.664+0000] {processor.py:925} INFO - DAG(s) 'dataset_alias_example_alias_consumer', 'dataset_s3_bucket_consumer', 'dataset_s3_bucket_producer', 'dataset_alias_example_alias_producer' retrieved from /home/airflow/.local/lib/python3.12/site-packages/airflow/example_dags/example_dataset_alias.py
[2024-09-05T05:59:13.683+0000] {logging_mixin.py:190} INFO - [2024-09-05T05:59:13.683+0000] {dag.py:3211} INFO - Sync 4 DAGs
[2024-09-05T05:59:13.703+0000] {logging_mixin.py:190} INFO - [2024-09-05T05:59:13.702+0000] {dag.py:4138} INFO - Setting next_dagrun for dataset_alias_example_alias_consumer to None, run_after=None
[2024-09-05T05:59:13.706+0000] {logging_mixin.py:190} INFO - [2024-09-05T05:59:13.705+0000] {dag.py:4138} INFO - Setting next_dagrun for dataset_alias_example_alias_producer to None, run_after=None
[2024-09-05T05:59:13.707+0000] {logging_mixin.py:190} INFO - [2024-09-05T05:59:13.707+0000] {dag.py:4138} INFO - Setting next_dagrun for dataset_s3_bucket_consumer to None, run_after=None
[2024-09-05T05:59:13.708+0000] {logging_mixin.py:190} INFO - [2024-09-05T05:59:13.708+0000] {dag.py:4138} INFO - Setting next_dagrun for dataset_s3_bucket_producer to None, run_after=None
[2024-09-05T05:59:13.728+0000] {processor.py:208} INFO - Processing /home/airflow/.local/lib/python3.12/site-packages/airflow/example_dags/example_dataset_alias.py took 0.209 seconds
[2024-09-05T05:59:43.821+0000] {processor.py:186} INFO - Started process (PID=246) to work on /home/airflow/.local/lib/python3.12/site-packages/airflow/example_dags/example_dataset_alias.py
[2024-09-05T05:59:43.822+0000] {processor.py:914} INFO - Processing file /home/airflow/.local/lib/python3.12/site-packages/airflow/example_dags/example_dataset_alias.py for tasks to queue
[2024-09-05T05:59:43.824+0000] {logging_mixin.py:190} INFO - [2024-09-05T05:59:43.824+0000] {dagbag.py:587} INFO - Filling up the DagBag from /home/airflow/.local/lib/python3.12/site-packages/airflow/example_dags/example_dataset_alias.py
[2024-09-05T05:59:43.954+0000] {processor.py:925} INFO - DAG(s) 'dataset_alias_example_alias_producer', 'dataset_s3_bucket_producer', 'dataset_alias_example_alias_consumer', 'dataset_s3_bucket_consumer' retrieved from /home/airflow/.local/lib/python3.12/site-packages/airflow/example_dags/example_dataset_alias.py
[2024-09-05T05:59:43.975+0000] {logging_mixin.py:190} INFO - [2024-09-05T05:59:43.974+0000] {dag.py:3211} INFO - Sync 4 DAGs
[2024-09-05T05:59:43.997+0000] {logging_mixin.py:190} INFO - [2024-09-05T05:59:43.997+0000] {dag.py:4138} INFO - Setting next_dagrun for dataset_alias_example_alias_consumer to None, run_after=None
[2024-09-05T05:59:44.000+0000] {logging_mixin.py:190} INFO - [2024-09-05T05:59:44.000+0000] {dag.py:4138} INFO - Setting next_dagrun for dataset_alias_example_alias_producer to None, run_after=None
[2024-09-05T05:59:44.001+0000] {logging_mixin.py:190} INFO - [2024-09-05T05:59:44.001+0000] {dag.py:4138} INFO - Setting next_dagrun for dataset_s3_bucket_consumer to None, run_after=None
[2024-09-05T05:59:44.003+0000] {logging_mixin.py:190} INFO - [2024-09-05T05:59:44.003+0000] {dag.py:4138} INFO - Setting next_dagrun for dataset_s3_bucket_producer to None, run_after=None
[2024-09-05T05:59:44.026+0000] {processor.py:208} INFO - Processing /home/airflow/.local/lib/python3.12/site-packages/airflow/example_dags/example_dataset_alias.py took 0.210 seconds
[2024-09-05T06:00:14.460+0000] {processor.py:186} INFO - Started process (PID=309) to work on /home/airflow/.local/lib/python3.12/site-packages/airflow/example_dags/example_dataset_alias.py
[2024-09-05T06:00:14.461+0000] {processor.py:914} INFO - Processing file /home/airflow/.local/lib/python3.12/site-packages/airflow/example_dags/example_dataset_alias.py for tasks to queue
[2024-09-05T06:00:14.463+0000] {logging_mixin.py:190} INFO - [2024-09-05T06:00:14.462+0000] {dagbag.py:587} INFO - Filling up the DagBag from /home/airflow/.local/lib/python3.12/site-packages/airflow/example_dags/example_dataset_alias.py
[2024-09-05T06:00:14.616+0000] {processor.py:925} INFO - DAG(s) 'dataset_s3_bucket_producer', 'dataset_s3_bucket_consumer', 'dataset_alias_example_alias_producer', 'dataset_alias_example_alias_consumer' retrieved from /home/airflow/.local/lib/python3.12/site-packages/airflow/example_dags/example_dataset_alias.py
[2024-09-05T06:00:14.642+0000] {logging_mixin.py:190} INFO - [2024-09-05T06:00:14.641+0000] {dag.py:3211} INFO - Sync 4 DAGs
[2024-09-05T06:00:14.663+0000] {logging_mixin.py:190} INFO - [2024-09-05T06:00:14.663+0000] {dag.py:4138} INFO - Setting next_dagrun for dataset_alias_example_alias_consumer to None, run_after=None
[2024-09-05T06:00:14.666+0000] {logging_mixin.py:190} INFO - [2024-09-05T06:00:14.666+0000] {dag.py:4138} INFO - Setting next_dagrun for dataset_alias_example_alias_producer to None, run_after=None
[2024-09-05T06:00:14.668+0000] {logging_mixin.py:190} INFO - [2024-09-05T06:00:14.668+0000] {dag.py:4138} INFO - Setting next_dagrun for dataset_s3_bucket_consumer to None, run_after=None
[2024-09-05T06:00:14.670+0000] {logging_mixin.py:190} INFO - [2024-09-05T06:00:14.670+0000] {dag.py:4138} INFO - Setting next_dagrun for dataset_s3_bucket_producer to None, run_after=None
[2024-09-05T06:00:14.693+0000] {processor.py:208} INFO - Processing /home/airflow/.local/lib/python3.12/site-packages/airflow/example_dags/example_dataset_alias.py took 0.240 seconds
[2024-09-05T07:19:26.534+0000] {processor.py:186} INFO - Started process (PID=117) to work on /home/airflow/.local/lib/python3.12/site-packages/airflow/example_dags/example_dataset_alias.py
[2024-09-05T07:19:26.535+0000] {processor.py:914} INFO - Processing file /home/airflow/.local/lib/python3.12/site-packages/airflow/example_dags/example_dataset_alias.py for tasks to queue
[2024-09-05T07:19:26.539+0000] {logging_mixin.py:190} INFO - [2024-09-05T07:19:26.538+0000] {dagbag.py:587} INFO - Filling up the DagBag from /home/airflow/.local/lib/python3.12/site-packages/airflow/example_dags/example_dataset_alias.py
[2024-09-05T07:19:26.784+0000] {processor.py:925} INFO - DAG(s) 'dataset_alias_example_alias_producer', 'dataset_alias_example_alias_consumer', 'dataset_s3_bucket_producer', 'dataset_s3_bucket_consumer' retrieved from /home/airflow/.local/lib/python3.12/site-packages/airflow/example_dags/example_dataset_alias.py
[2024-09-05T07:19:26.821+0000] {logging_mixin.py:190} INFO - [2024-09-05T07:19:26.820+0000] {dag.py:3211} INFO - Sync 4 DAGs
[2024-09-05T07:19:26.861+0000] {logging_mixin.py:190} INFO - [2024-09-05T07:19:26.861+0000] {dag.py:4138} INFO - Setting next_dagrun for dataset_alias_example_alias_consumer to None, run_after=None
[2024-09-05T07:19:26.867+0000] {logging_mixin.py:190} INFO - [2024-09-05T07:19:26.866+0000] {dag.py:4138} INFO - Setting next_dagrun for dataset_alias_example_alias_producer to None, run_after=None
[2024-09-05T07:19:26.872+0000] {logging_mixin.py:190} INFO - [2024-09-05T07:19:26.872+0000] {dag.py:4138} INFO - Setting next_dagrun for dataset_s3_bucket_consumer to None, run_after=None
[2024-09-05T07:19:26.875+0000] {logging_mixin.py:190} INFO - [2024-09-05T07:19:26.875+0000] {dag.py:4138} INFO - Setting next_dagrun for dataset_s3_bucket_producer to None, run_after=None
[2024-09-05T07:19:26.910+0000] {processor.py:208} INFO - Processing /home/airflow/.local/lib/python3.12/site-packages/airflow/example_dags/example_dataset_alias.py took 0.387 seconds
[2024-09-05T07:20:00.509+0000] {processor.py:186} INFO - Started process (PID=181) to work on /home/airflow/.local/lib/python3.12/site-packages/airflow/example_dags/example_dataset_alias.py
[2024-09-05T07:20:00.512+0000] {processor.py:914} INFO - Processing file /home/airflow/.local/lib/python3.12/site-packages/airflow/example_dags/example_dataset_alias.py for tasks to queue
[2024-09-05T07:20:00.517+0000] {logging_mixin.py:190} INFO - [2024-09-05T07:20:00.517+0000] {dagbag.py:587} INFO - Filling up the DagBag from /home/airflow/.local/lib/python3.12/site-packages/airflow/example_dags/example_dataset_alias.py
[2024-09-05T07:20:00.734+0000] {processor.py:925} INFO - DAG(s) 'dataset_alias_example_alias_consumer', 'dataset_s3_bucket_consumer', 'dataset_s3_bucket_producer', 'dataset_alias_example_alias_producer' retrieved from /home/airflow/.local/lib/python3.12/site-packages/airflow/example_dags/example_dataset_alias.py
[2024-09-05T07:20:00.775+0000] {logging_mixin.py:190} INFO - [2024-09-05T07:20:00.774+0000] {dag.py:3211} INFO - Sync 4 DAGs
[2024-09-05T07:20:00.803+0000] {logging_mixin.py:190} INFO - [2024-09-05T07:20:00.802+0000] {dag.py:4138} INFO - Setting next_dagrun for dataset_alias_example_alias_consumer to None, run_after=None
[2024-09-05T07:20:00.807+0000] {logging_mixin.py:190} INFO - [2024-09-05T07:20:00.806+0000] {dag.py:4138} INFO - Setting next_dagrun for dataset_alias_example_alias_producer to None, run_after=None
[2024-09-05T07:20:00.809+0000] {logging_mixin.py:190} INFO - [2024-09-05T07:20:00.809+0000] {dag.py:4138} INFO - Setting next_dagrun for dataset_s3_bucket_consumer to None, run_after=None
[2024-09-05T07:20:00.810+0000] {logging_mixin.py:190} INFO - [2024-09-05T07:20:00.810+0000] {dag.py:4138} INFO - Setting next_dagrun for dataset_s3_bucket_producer to None, run_after=None
[2024-09-05T07:20:00.838+0000] {processor.py:208} INFO - Processing /home/airflow/.local/lib/python3.12/site-packages/airflow/example_dags/example_dataset_alias.py took 0.336 seconds
