[2024-09-05T05:58:41.634+0000] {processor.py:186} INFO - Started process (PID=110) to work on /home/airflow/.local/lib/python3.12/site-packages/airflow/example_dags/example_external_task_marker_dag.py
[2024-09-05T05:58:41.635+0000] {processor.py:914} INFO - Processing file /home/airflow/.local/lib/python3.12/site-packages/airflow/example_dags/example_external_task_marker_dag.py for tasks to queue
[2024-09-05T05:58:41.638+0000] {logging_mixin.py:190} INFO - [2024-09-05T05:58:41.637+0000] {dagbag.py:587} INFO - Filling up the DagBag from /home/airflow/.local/lib/python3.12/site-packages/airflow/example_dags/example_external_task_marker_dag.py
[2024-09-05T05:58:41.649+0000] {processor.py:925} INFO - DAG(s) 'example_external_task_marker_child', 'example_external_task_marker_parent' retrieved from /home/airflow/.local/lib/python3.12/site-packages/airflow/example_dags/example_external_task_marker_dag.py
[2024-09-05T05:58:41.677+0000] {logging_mixin.py:190} INFO - [2024-09-05T05:58:41.676+0000] {dag.py:3211} INFO - Sync 2 DAGs
[2024-09-05T05:58:41.706+0000] {logging_mixin.py:190} INFO - [2024-09-05T05:58:41.706+0000] {dag.py:4138} INFO - Setting next_dagrun for example_external_task_marker_child to None, run_after=None
[2024-09-05T05:58:41.710+0000] {logging_mixin.py:190} INFO - [2024-09-05T05:58:41.710+0000] {dag.py:4138} INFO - Setting next_dagrun for example_external_task_marker_parent to None, run_after=None
[2024-09-05T05:58:41.742+0000] {processor.py:208} INFO - Processing /home/airflow/.local/lib/python3.12/site-packages/airflow/example_dags/example_external_task_marker_dag.py took 0.115 seconds
[2024-09-05T05:59:11.837+0000] {processor.py:186} INFO - Started process (PID=174) to work on /home/airflow/.local/lib/python3.12/site-packages/airflow/example_dags/example_external_task_marker_dag.py
[2024-09-05T05:59:11.838+0000] {processor.py:914} INFO - Processing file /home/airflow/.local/lib/python3.12/site-packages/airflow/example_dags/example_external_task_marker_dag.py for tasks to queue
[2024-09-05T05:59:11.841+0000] {logging_mixin.py:190} INFO - [2024-09-05T05:59:11.841+0000] {dagbag.py:587} INFO - Filling up the DagBag from /home/airflow/.local/lib/python3.12/site-packages/airflow/example_dags/example_external_task_marker_dag.py
[2024-09-05T05:59:11.848+0000] {processor.py:925} INFO - DAG(s) 'example_external_task_marker_child', 'example_external_task_marker_parent' retrieved from /home/airflow/.local/lib/python3.12/site-packages/airflow/example_dags/example_external_task_marker_dag.py
[2024-09-05T05:59:11.873+0000] {logging_mixin.py:190} INFO - [2024-09-05T05:59:11.872+0000] {dag.py:3211} INFO - Sync 2 DAGs
[2024-09-05T05:59:11.887+0000] {logging_mixin.py:190} INFO - [2024-09-05T05:59:11.887+0000] {dag.py:4138} INFO - Setting next_dagrun for example_external_task_marker_child to None, run_after=None
[2024-09-05T05:59:11.892+0000] {logging_mixin.py:190} INFO - [2024-09-05T05:59:11.892+0000] {dag.py:4138} INFO - Setting next_dagrun for example_external_task_marker_parent to None, run_after=None
[2024-09-05T05:59:11.911+0000] {processor.py:208} INFO - Processing /home/airflow/.local/lib/python3.12/site-packages/airflow/example_dags/example_external_task_marker_dag.py took 0.079 seconds
[2024-09-05T05:59:42.138+0000] {processor.py:186} INFO - Started process (PID=238) to work on /home/airflow/.local/lib/python3.12/site-packages/airflow/example_dags/example_external_task_marker_dag.py
[2024-09-05T05:59:42.140+0000] {processor.py:914} INFO - Processing file /home/airflow/.local/lib/python3.12/site-packages/airflow/example_dags/example_external_task_marker_dag.py for tasks to queue
[2024-09-05T05:59:42.143+0000] {logging_mixin.py:190} INFO - [2024-09-05T05:59:42.142+0000] {dagbag.py:587} INFO - Filling up the DagBag from /home/airflow/.local/lib/python3.12/site-packages/airflow/example_dags/example_external_task_marker_dag.py
[2024-09-05T05:59:42.152+0000] {processor.py:925} INFO - DAG(s) 'example_external_task_marker_child', 'example_external_task_marker_parent' retrieved from /home/airflow/.local/lib/python3.12/site-packages/airflow/example_dags/example_external_task_marker_dag.py
[2024-09-05T05:59:42.176+0000] {logging_mixin.py:190} INFO - [2024-09-05T05:59:42.175+0000] {dag.py:3211} INFO - Sync 2 DAGs
[2024-09-05T05:59:42.193+0000] {logging_mixin.py:190} INFO - [2024-09-05T05:59:42.193+0000] {dag.py:4138} INFO - Setting next_dagrun for example_external_task_marker_child to None, run_after=None
[2024-09-05T05:59:42.200+0000] {logging_mixin.py:190} INFO - [2024-09-05T05:59:42.198+0000] {dag.py:4138} INFO - Setting next_dagrun for example_external_task_marker_parent to None, run_after=None
[2024-09-05T05:59:42.215+0000] {processor.py:208} INFO - Processing /home/airflow/.local/lib/python3.12/site-packages/airflow/example_dags/example_external_task_marker_dag.py took 0.082 seconds
[2024-09-05T06:00:12.971+0000] {processor.py:186} INFO - Started process (PID=302) to work on /home/airflow/.local/lib/python3.12/site-packages/airflow/example_dags/example_external_task_marker_dag.py
[2024-09-05T06:00:12.972+0000] {processor.py:914} INFO - Processing file /home/airflow/.local/lib/python3.12/site-packages/airflow/example_dags/example_external_task_marker_dag.py for tasks to queue
[2024-09-05T06:00:12.977+0000] {logging_mixin.py:190} INFO - [2024-09-05T06:00:12.976+0000] {dagbag.py:587} INFO - Filling up the DagBag from /home/airflow/.local/lib/python3.12/site-packages/airflow/example_dags/example_external_task_marker_dag.py
[2024-09-05T06:00:12.991+0000] {processor.py:925} INFO - DAG(s) 'example_external_task_marker_child', 'example_external_task_marker_parent' retrieved from /home/airflow/.local/lib/python3.12/site-packages/airflow/example_dags/example_external_task_marker_dag.py
[2024-09-05T06:00:13.020+0000] {logging_mixin.py:190} INFO - [2024-09-05T06:00:13.019+0000] {dag.py:3211} INFO - Sync 2 DAGs
[2024-09-05T06:00:13.033+0000] {logging_mixin.py:190} INFO - [2024-09-05T06:00:13.033+0000] {dag.py:4138} INFO - Setting next_dagrun for example_external_task_marker_child to None, run_after=None
[2024-09-05T06:00:13.038+0000] {logging_mixin.py:190} INFO - [2024-09-05T06:00:13.038+0000] {dag.py:4138} INFO - Setting next_dagrun for example_external_task_marker_parent to None, run_after=None
[2024-09-05T06:00:13.054+0000] {processor.py:208} INFO - Processing /home/airflow/.local/lib/python3.12/site-packages/airflow/example_dags/example_external_task_marker_dag.py took 0.092 seconds
[2024-09-05T07:19:25.842+0000] {processor.py:186} INFO - Started process (PID=110) to work on /home/airflow/.local/lib/python3.12/site-packages/airflow/example_dags/example_external_task_marker_dag.py
[2024-09-05T07:19:25.851+0000] {processor.py:914} INFO - Processing file /home/airflow/.local/lib/python3.12/site-packages/airflow/example_dags/example_external_task_marker_dag.py for tasks to queue
[2024-09-05T07:19:25.856+0000] {logging_mixin.py:190} INFO - [2024-09-05T07:19:25.855+0000] {dagbag.py:587} INFO - Filling up the DagBag from /home/airflow/.local/lib/python3.12/site-packages/airflow/example_dags/example_external_task_marker_dag.py
[2024-09-05T07:19:25.872+0000] {processor.py:925} INFO - DAG(s) 'example_external_task_marker_parent', 'example_external_task_marker_child' retrieved from /home/airflow/.local/lib/python3.12/site-packages/airflow/example_dags/example_external_task_marker_dag.py
[2024-09-05T07:19:25.911+0000] {logging_mixin.py:190} INFO - [2024-09-05T07:19:25.910+0000] {dag.py:3211} INFO - Sync 2 DAGs
[2024-09-05T07:19:25.936+0000] {logging_mixin.py:190} INFO - [2024-09-05T07:19:25.935+0000] {dag.py:4138} INFO - Setting next_dagrun for example_external_task_marker_child to None, run_after=None
[2024-09-05T07:19:25.942+0000] {logging_mixin.py:190} INFO - [2024-09-05T07:19:25.942+0000] {dag.py:4138} INFO - Setting next_dagrun for example_external_task_marker_parent to None, run_after=None
[2024-09-05T07:19:25.971+0000] {processor.py:208} INFO - Processing /home/airflow/.local/lib/python3.12/site-packages/airflow/example_dags/example_external_task_marker_dag.py took 0.138 seconds
[2024-09-05T07:19:59.976+0000] {processor.py:186} INFO - Started process (PID=174) to work on /home/airflow/.local/lib/python3.12/site-packages/airflow/example_dags/example_external_task_marker_dag.py
[2024-09-05T07:19:59.977+0000] {processor.py:914} INFO - Processing file /home/airflow/.local/lib/python3.12/site-packages/airflow/example_dags/example_external_task_marker_dag.py for tasks to queue
[2024-09-05T07:19:59.979+0000] {logging_mixin.py:190} INFO - [2024-09-05T07:19:59.979+0000] {dagbag.py:587} INFO - Filling up the DagBag from /home/airflow/.local/lib/python3.12/site-packages/airflow/example_dags/example_external_task_marker_dag.py
[2024-09-05T07:19:59.988+0000] {processor.py:925} INFO - DAG(s) 'example_external_task_marker_child', 'example_external_task_marker_parent' retrieved from /home/airflow/.local/lib/python3.12/site-packages/airflow/example_dags/example_external_task_marker_dag.py
[2024-09-05T07:20:00.018+0000] {logging_mixin.py:190} INFO - [2024-09-05T07:20:00.017+0000] {dag.py:3211} INFO - Sync 2 DAGs
[2024-09-05T07:20:00.038+0000] {logging_mixin.py:190} INFO - [2024-09-05T07:20:00.037+0000] {dag.py:4138} INFO - Setting next_dagrun for example_external_task_marker_child to None, run_after=None
[2024-09-05T07:20:00.043+0000] {logging_mixin.py:190} INFO - [2024-09-05T07:20:00.043+0000] {dag.py:4138} INFO - Setting next_dagrun for example_external_task_marker_parent to None, run_after=None
[2024-09-05T07:20:00.060+0000] {processor.py:208} INFO - Processing /home/airflow/.local/lib/python3.12/site-packages/airflow/example_dags/example_external_task_marker_dag.py took 0.091 seconds
