[2024-09-05T05:58:38.609+0000] {processor.py:186} INFO - Started process (PID=80) to work on /home/airflow/.local/lib/python3.12/site-packages/airflow/example_dags/example_datasets.py
[2024-09-05T05:58:38.611+0000] {processor.py:914} INFO - Processing file /home/airflow/.local/lib/python3.12/site-packages/airflow/example_dags/example_datasets.py for tasks to queue
[2024-09-05T05:58:38.614+0000] {logging_mixin.py:190} INFO - [2024-09-05T05:58:38.614+0000] {dagbag.py:587} INFO - Filling up the DagBag from /home/airflow/.local/lib/python3.12/site-packages/airflow/example_dags/example_datasets.py
[2024-09-05T05:58:38.877+0000] {processor.py:925} INFO - DAG(s) 'dataset_consumes_1', 'conditional_dataset_and_time_based_timetable', 'dataset_produces_1', 'dataset_consumes_1_never_scheduled', 'consume_1_or_2_with_dataset_expressions', 'dataset_consumes_unknown_never_scheduled', 'dataset_produces_2', 'consume_1_and_2_with_dataset_expressions', 'consume_1_or_both_2_and_3_with_dataset_expressions', 'dataset_consumes_1_and_2' retrieved from /home/airflow/.local/lib/python3.12/site-packages/airflow/example_dags/example_datasets.py
[2024-09-05T05:58:38.953+0000] {logging_mixin.py:190} INFO - [2024-09-05T05:58:38.953+0000] {dag.py:3211} INFO - Sync 10 DAGs
[2024-09-05T05:58:38.989+0000] {logging_mixin.py:190} INFO - [2024-09-05T05:58:38.989+0000] {dag.py:4138} INFO - Setting next_dagrun for conditional_dataset_and_time_based_timetable to 2024-09-04 01:00:00+00:00, run_after=2024-09-04 01:00:00+00:00
[2024-09-05T05:58:38.995+0000] {logging_mixin.py:190} INFO - [2024-09-05T05:58:38.995+0000] {dag.py:4138} INFO - Setting next_dagrun for consume_1_and_2_with_dataset_expressions to None, run_after=None
[2024-09-05T05:58:38.998+0000] {logging_mixin.py:190} INFO - [2024-09-05T05:58:38.997+0000] {dag.py:4138} INFO - Setting next_dagrun for consume_1_or_2_with_dataset_expressions to None, run_after=None
[2024-09-05T05:58:39.000+0000] {logging_mixin.py:190} INFO - [2024-09-05T05:58:38.999+0000] {dag.py:4138} INFO - Setting next_dagrun for consume_1_or_both_2_and_3_with_dataset_expressions to None, run_after=None
[2024-09-05T05:58:39.002+0000] {logging_mixin.py:190} INFO - [2024-09-05T05:58:39.001+0000] {dag.py:4138} INFO - Setting next_dagrun for dataset_consumes_1 to None, run_after=None
[2024-09-05T05:58:39.004+0000] {logging_mixin.py:190} INFO - [2024-09-05T05:58:39.003+0000] {dag.py:4138} INFO - Setting next_dagrun for dataset_consumes_1_and_2 to None, run_after=None
[2024-09-05T05:58:39.006+0000] {logging_mixin.py:190} INFO - [2024-09-05T05:58:39.006+0000] {dag.py:4138} INFO - Setting next_dagrun for dataset_consumes_1_never_scheduled to None, run_after=None
[2024-09-05T05:58:39.010+0000] {logging_mixin.py:190} INFO - [2024-09-05T05:58:39.009+0000] {dag.py:4138} INFO - Setting next_dagrun for dataset_consumes_unknown_never_scheduled to None, run_after=None
[2024-09-05T05:58:39.014+0000] {logging_mixin.py:190} INFO - [2024-09-05T05:58:39.014+0000] {dag.py:4138} INFO - Setting next_dagrun for dataset_produces_1 to 2024-09-04 00:00:00+00:00, run_after=2024-09-05 00:00:00+00:00
[2024-09-05T05:58:39.016+0000] {logging_mixin.py:190} INFO - [2024-09-05T05:58:39.016+0000] {dag.py:4138} INFO - Setting next_dagrun for dataset_produces_2 to None, run_after=None
[2024-09-05T05:58:39.065+0000] {processor.py:208} INFO - Processing /home/airflow/.local/lib/python3.12/site-packages/airflow/example_dags/example_datasets.py took 0.465 seconds
[2024-09-05T05:59:09.216+0000] {processor.py:186} INFO - Started process (PID=144) to work on /home/airflow/.local/lib/python3.12/site-packages/airflow/example_dags/example_datasets.py
[2024-09-05T05:59:09.217+0000] {processor.py:914} INFO - Processing file /home/airflow/.local/lib/python3.12/site-packages/airflow/example_dags/example_datasets.py for tasks to queue
[2024-09-05T05:59:09.221+0000] {logging_mixin.py:190} INFO - [2024-09-05T05:59:09.220+0000] {dagbag.py:587} INFO - Filling up the DagBag from /home/airflow/.local/lib/python3.12/site-packages/airflow/example_dags/example_datasets.py
[2024-09-05T05:59:09.387+0000] {processor.py:925} INFO - DAG(s) 'consume_1_and_2_with_dataset_expressions', 'dataset_consumes_1_never_scheduled', 'dataset_produces_1', 'dataset_consumes_1', 'conditional_dataset_and_time_based_timetable', 'consume_1_or_2_with_dataset_expressions', 'dataset_produces_2', 'dataset_consumes_1_and_2', 'dataset_consumes_unknown_never_scheduled', 'consume_1_or_both_2_and_3_with_dataset_expressions' retrieved from /home/airflow/.local/lib/python3.12/site-packages/airflow/example_dags/example_datasets.py
[2024-09-05T05:59:09.443+0000] {logging_mixin.py:190} INFO - [2024-09-05T05:59:09.443+0000] {dag.py:3211} INFO - Sync 10 DAGs
[2024-09-05T05:59:09.475+0000] {logging_mixin.py:190} INFO - [2024-09-05T05:59:09.475+0000] {dag.py:4138} INFO - Setting next_dagrun for conditional_dataset_and_time_based_timetable to 2024-09-04 01:00:00+00:00, run_after=2024-09-04 01:00:00+00:00
[2024-09-05T05:59:09.483+0000] {logging_mixin.py:190} INFO - [2024-09-05T05:59:09.483+0000] {dag.py:4138} INFO - Setting next_dagrun for consume_1_and_2_with_dataset_expressions to None, run_after=None
[2024-09-05T05:59:09.485+0000] {logging_mixin.py:190} INFO - [2024-09-05T05:59:09.485+0000] {dag.py:4138} INFO - Setting next_dagrun for consume_1_or_2_with_dataset_expressions to None, run_after=None
[2024-09-05T05:59:09.488+0000] {logging_mixin.py:190} INFO - [2024-09-05T05:59:09.488+0000] {dag.py:4138} INFO - Setting next_dagrun for consume_1_or_both_2_and_3_with_dataset_expressions to None, run_after=None
[2024-09-05T05:59:09.490+0000] {logging_mixin.py:190} INFO - [2024-09-05T05:59:09.490+0000] {dag.py:4138} INFO - Setting next_dagrun for dataset_consumes_1 to None, run_after=None
[2024-09-05T05:59:09.494+0000] {logging_mixin.py:190} INFO - [2024-09-05T05:59:09.493+0000] {dag.py:4138} INFO - Setting next_dagrun for dataset_consumes_1_and_2 to None, run_after=None
[2024-09-05T05:59:09.496+0000] {logging_mixin.py:190} INFO - [2024-09-05T05:59:09.496+0000] {dag.py:4138} INFO - Setting next_dagrun for dataset_consumes_1_never_scheduled to None, run_after=None
[2024-09-05T05:59:09.497+0000] {logging_mixin.py:190} INFO - [2024-09-05T05:59:09.497+0000] {dag.py:4138} INFO - Setting next_dagrun for dataset_consumes_unknown_never_scheduled to None, run_after=None
[2024-09-05T05:59:09.500+0000] {logging_mixin.py:190} INFO - [2024-09-05T05:59:09.500+0000] {dag.py:4138} INFO - Setting next_dagrun for dataset_produces_1 to 2024-09-04 00:00:00+00:00, run_after=2024-09-05 00:00:00+00:00
[2024-09-05T05:59:09.501+0000] {logging_mixin.py:190} INFO - [2024-09-05T05:59:09.501+0000] {dag.py:4138} INFO - Setting next_dagrun for dataset_produces_2 to None, run_after=None
[2024-09-05T05:59:09.535+0000] {processor.py:208} INFO - Processing /home/airflow/.local/lib/python3.12/site-packages/airflow/example_dags/example_datasets.py took 0.329 seconds
[2024-09-05T05:59:39.625+0000] {processor.py:186} INFO - Started process (PID=209) to work on /home/airflow/.local/lib/python3.12/site-packages/airflow/example_dags/example_datasets.py
[2024-09-05T05:59:39.626+0000] {processor.py:914} INFO - Processing file /home/airflow/.local/lib/python3.12/site-packages/airflow/example_dags/example_datasets.py for tasks to queue
[2024-09-05T05:59:39.629+0000] {logging_mixin.py:190} INFO - [2024-09-05T05:59:39.628+0000] {dagbag.py:587} INFO - Filling up the DagBag from /home/airflow/.local/lib/python3.12/site-packages/airflow/example_dags/example_datasets.py
[2024-09-05T05:59:39.766+0000] {processor.py:925} INFO - DAG(s) 'dataset_consumes_1', 'dataset_consumes_1_and_2', 'dataset_produces_2', 'consume_1_and_2_with_dataset_expressions', 'consume_1_or_2_with_dataset_expressions', 'dataset_produces_1', 'consume_1_or_both_2_and_3_with_dataset_expressions', 'conditional_dataset_and_time_based_timetable', 'dataset_consumes_unknown_never_scheduled', 'dataset_consumes_1_never_scheduled' retrieved from /home/airflow/.local/lib/python3.12/site-packages/airflow/example_dags/example_datasets.py
[2024-09-05T05:59:39.805+0000] {logging_mixin.py:190} INFO - [2024-09-05T05:59:39.805+0000] {dag.py:3211} INFO - Sync 10 DAGs
[2024-09-05T05:59:39.829+0000] {logging_mixin.py:190} INFO - [2024-09-05T05:59:39.829+0000] {dag.py:4138} INFO - Setting next_dagrun for conditional_dataset_and_time_based_timetable to 2024-09-04 01:00:00+00:00, run_after=2024-09-04 01:00:00+00:00
[2024-09-05T05:59:39.833+0000] {logging_mixin.py:190} INFO - [2024-09-05T05:59:39.833+0000] {dag.py:4138} INFO - Setting next_dagrun for consume_1_and_2_with_dataset_expressions to None, run_after=None
[2024-09-05T05:59:39.835+0000] {logging_mixin.py:190} INFO - [2024-09-05T05:59:39.835+0000] {dag.py:4138} INFO - Setting next_dagrun for consume_1_or_2_with_dataset_expressions to None, run_after=None
[2024-09-05T05:59:39.836+0000] {logging_mixin.py:190} INFO - [2024-09-05T05:59:39.836+0000] {dag.py:4138} INFO - Setting next_dagrun for consume_1_or_both_2_and_3_with_dataset_expressions to None, run_after=None
[2024-09-05T05:59:39.838+0000] {logging_mixin.py:190} INFO - [2024-09-05T05:59:39.838+0000] {dag.py:4138} INFO - Setting next_dagrun for dataset_consumes_1 to None, run_after=None
[2024-09-05T05:59:39.840+0000] {logging_mixin.py:190} INFO - [2024-09-05T05:59:39.840+0000] {dag.py:4138} INFO - Setting next_dagrun for dataset_consumes_1_and_2 to None, run_after=None
[2024-09-05T05:59:39.842+0000] {logging_mixin.py:190} INFO - [2024-09-05T05:59:39.842+0000] {dag.py:4138} INFO - Setting next_dagrun for dataset_consumes_1_never_scheduled to None, run_after=None
[2024-09-05T05:59:39.844+0000] {logging_mixin.py:190} INFO - [2024-09-05T05:59:39.843+0000] {dag.py:4138} INFO - Setting next_dagrun for dataset_consumes_unknown_never_scheduled to None, run_after=None
[2024-09-05T05:59:39.846+0000] {logging_mixin.py:190} INFO - [2024-09-05T05:59:39.846+0000] {dag.py:4138} INFO - Setting next_dagrun for dataset_produces_1 to 2024-09-04 00:00:00+00:00, run_after=2024-09-05 00:00:00+00:00
[2024-09-05T05:59:39.848+0000] {logging_mixin.py:190} INFO - [2024-09-05T05:59:39.848+0000] {dag.py:4138} INFO - Setting next_dagrun for dataset_produces_2 to None, run_after=None
[2024-09-05T05:59:39.887+0000] {processor.py:208} INFO - Processing /home/airflow/.local/lib/python3.12/site-packages/airflow/example_dags/example_datasets.py took 0.267 seconds
[2024-09-05T06:00:10.487+0000] {processor.py:186} INFO - Started process (PID=273) to work on /home/airflow/.local/lib/python3.12/site-packages/airflow/example_dags/example_datasets.py
[2024-09-05T06:00:10.489+0000] {processor.py:914} INFO - Processing file /home/airflow/.local/lib/python3.12/site-packages/airflow/example_dags/example_datasets.py for tasks to queue
[2024-09-05T06:00:10.492+0000] {logging_mixin.py:190} INFO - [2024-09-05T06:00:10.492+0000] {dagbag.py:587} INFO - Filling up the DagBag from /home/airflow/.local/lib/python3.12/site-packages/airflow/example_dags/example_datasets.py
[2024-09-05T06:00:10.731+0000] {processor.py:925} INFO - DAG(s) 'dataset_produces_1', 'conditional_dataset_and_time_based_timetable', 'consume_1_or_2_with_dataset_expressions', 'dataset_consumes_1_and_2', 'dataset_produces_2', 'consume_1_or_both_2_and_3_with_dataset_expressions', 'dataset_consumes_1_never_scheduled', 'dataset_consumes_1', 'consume_1_and_2_with_dataset_expressions', 'dataset_consumes_unknown_never_scheduled' retrieved from /home/airflow/.local/lib/python3.12/site-packages/airflow/example_dags/example_datasets.py
[2024-09-05T06:00:10.810+0000] {logging_mixin.py:190} INFO - [2024-09-05T06:00:10.810+0000] {dag.py:3211} INFO - Sync 10 DAGs
[2024-09-05T06:00:10.852+0000] {logging_mixin.py:190} INFO - [2024-09-05T06:00:10.852+0000] {dag.py:4138} INFO - Setting next_dagrun for conditional_dataset_and_time_based_timetable to 2024-09-04 01:00:00+00:00, run_after=2024-09-04 01:00:00+00:00
[2024-09-05T06:00:10.858+0000] {logging_mixin.py:190} INFO - [2024-09-05T06:00:10.857+0000] {dag.py:4138} INFO - Setting next_dagrun for consume_1_and_2_with_dataset_expressions to None, run_after=None
[2024-09-05T06:00:10.860+0000] {logging_mixin.py:190} INFO - [2024-09-05T06:00:10.860+0000] {dag.py:4138} INFO - Setting next_dagrun for consume_1_or_2_with_dataset_expressions to None, run_after=None
[2024-09-05T06:00:10.862+0000] {logging_mixin.py:190} INFO - [2024-09-05T06:00:10.862+0000] {dag.py:4138} INFO - Setting next_dagrun for consume_1_or_both_2_and_3_with_dataset_expressions to None, run_after=None
[2024-09-05T06:00:10.864+0000] {logging_mixin.py:190} INFO - [2024-09-05T06:00:10.864+0000] {dag.py:4138} INFO - Setting next_dagrun for dataset_consumes_1 to None, run_after=None
[2024-09-05T06:00:10.866+0000] {logging_mixin.py:190} INFO - [2024-09-05T06:00:10.866+0000] {dag.py:4138} INFO - Setting next_dagrun for dataset_consumes_1_and_2 to None, run_after=None
[2024-09-05T06:00:10.869+0000] {logging_mixin.py:190} INFO - [2024-09-05T06:00:10.868+0000] {dag.py:4138} INFO - Setting next_dagrun for dataset_consumes_1_never_scheduled to None, run_after=None
[2024-09-05T06:00:10.870+0000] {logging_mixin.py:190} INFO - [2024-09-05T06:00:10.870+0000] {dag.py:4138} INFO - Setting next_dagrun for dataset_consumes_unknown_never_scheduled to None, run_after=None
[2024-09-05T06:00:10.874+0000] {logging_mixin.py:190} INFO - [2024-09-05T06:00:10.873+0000] {dag.py:4138} INFO - Setting next_dagrun for dataset_produces_1 to 2024-09-04 00:00:00+00:00, run_after=2024-09-05 00:00:00+00:00
[2024-09-05T06:00:10.875+0000] {logging_mixin.py:190} INFO - [2024-09-05T06:00:10.875+0000] {dag.py:4138} INFO - Setting next_dagrun for dataset_produces_2 to None, run_after=None
[2024-09-05T06:00:10.920+0000] {processor.py:208} INFO - Processing /home/airflow/.local/lib/python3.12/site-packages/airflow/example_dags/example_datasets.py took 0.440 seconds
[2024-09-05T07:19:23.473+0000] {processor.py:186} INFO - Started process (PID=80) to work on /home/airflow/.local/lib/python3.12/site-packages/airflow/example_dags/example_datasets.py
[2024-09-05T07:19:23.474+0000] {processor.py:914} INFO - Processing file /home/airflow/.local/lib/python3.12/site-packages/airflow/example_dags/example_datasets.py for tasks to queue
[2024-09-05T07:19:23.478+0000] {logging_mixin.py:190} INFO - [2024-09-05T07:19:23.478+0000] {dagbag.py:587} INFO - Filling up the DagBag from /home/airflow/.local/lib/python3.12/site-packages/airflow/example_dags/example_datasets.py
[2024-09-05T07:19:23.655+0000] {processor.py:925} INFO - DAG(s) 'dataset_consumes_1', 'dataset_consumes_1_never_scheduled', 'consume_1_and_2_with_dataset_expressions', 'dataset_produces_1', 'dataset_consumes_unknown_never_scheduled', 'conditional_dataset_and_time_based_timetable', 'consume_1_or_2_with_dataset_expressions', 'consume_1_or_both_2_and_3_with_dataset_expressions', 'dataset_produces_2', 'dataset_consumes_1_and_2' retrieved from /home/airflow/.local/lib/python3.12/site-packages/airflow/example_dags/example_datasets.py
[2024-09-05T07:19:23.710+0000] {logging_mixin.py:190} INFO - [2024-09-05T07:19:23.709+0000] {dag.py:3211} INFO - Sync 10 DAGs
[2024-09-05T07:19:23.743+0000] {logging_mixin.py:190} INFO - [2024-09-05T07:19:23.743+0000] {dag.py:4138} INFO - Setting next_dagrun for conditional_dataset_and_time_based_timetable to 2024-09-04 01:00:00+00:00, run_after=2024-09-04 01:00:00+00:00
[2024-09-05T07:19:23.749+0000] {logging_mixin.py:190} INFO - [2024-09-05T07:19:23.749+0000] {dag.py:4138} INFO - Setting next_dagrun for consume_1_and_2_with_dataset_expressions to None, run_after=None
[2024-09-05T07:19:23.751+0000] {logging_mixin.py:190} INFO - [2024-09-05T07:19:23.751+0000] {dag.py:4138} INFO - Setting next_dagrun for consume_1_or_2_with_dataset_expressions to None, run_after=None
[2024-09-05T07:19:23.752+0000] {logging_mixin.py:190} INFO - [2024-09-05T07:19:23.752+0000] {dag.py:4138} INFO - Setting next_dagrun for consume_1_or_both_2_and_3_with_dataset_expressions to None, run_after=None
[2024-09-05T07:19:23.754+0000] {logging_mixin.py:190} INFO - [2024-09-05T07:19:23.754+0000] {dag.py:4138} INFO - Setting next_dagrun for dataset_consumes_1 to None, run_after=None
[2024-09-05T07:19:23.755+0000] {logging_mixin.py:190} INFO - [2024-09-05T07:19:23.755+0000] {dag.py:4138} INFO - Setting next_dagrun for dataset_consumes_1_and_2 to None, run_after=None
[2024-09-05T07:19:23.757+0000] {logging_mixin.py:190} INFO - [2024-09-05T07:19:23.757+0000] {dag.py:4138} INFO - Setting next_dagrun for dataset_consumes_1_never_scheduled to None, run_after=None
[2024-09-05T07:19:23.758+0000] {logging_mixin.py:190} INFO - [2024-09-05T07:19:23.758+0000] {dag.py:4138} INFO - Setting next_dagrun for dataset_consumes_unknown_never_scheduled to None, run_after=None
[2024-09-05T07:19:23.761+0000] {logging_mixin.py:190} INFO - [2024-09-05T07:19:23.760+0000] {dag.py:4138} INFO - Setting next_dagrun for dataset_produces_1 to 2024-09-04 00:00:00+00:00, run_after=2024-09-05 00:00:00+00:00
[2024-09-05T07:19:23.762+0000] {logging_mixin.py:190} INFO - [2024-09-05T07:19:23.762+0000] {dag.py:4138} INFO - Setting next_dagrun for dataset_produces_2 to None, run_after=None
[2024-09-05T07:19:23.800+0000] {processor.py:208} INFO - Processing /home/airflow/.local/lib/python3.12/site-packages/airflow/example_dags/example_datasets.py took 0.334 seconds
[2024-09-05T07:19:54.389+0000] {processor.py:186} INFO - Started process (PID=144) to work on /home/airflow/.local/lib/python3.12/site-packages/airflow/example_dags/example_datasets.py
[2024-09-05T07:19:54.392+0000] {processor.py:914} INFO - Processing file /home/airflow/.local/lib/python3.12/site-packages/airflow/example_dags/example_datasets.py for tasks to queue
[2024-09-05T07:19:54.397+0000] {logging_mixin.py:190} INFO - [2024-09-05T07:19:54.396+0000] {dagbag.py:587} INFO - Filling up the DagBag from /home/airflow/.local/lib/python3.12/site-packages/airflow/example_dags/example_datasets.py
[2024-09-05T07:19:54.578+0000] {processor.py:925} INFO - DAG(s) 'consume_1_or_both_2_and_3_with_dataset_expressions', 'consume_1_or_2_with_dataset_expressions', 'dataset_consumes_1_never_scheduled', 'dataset_consumes_unknown_never_scheduled', 'dataset_produces_2', 'conditional_dataset_and_time_based_timetable', 'consume_1_and_2_with_dataset_expressions', 'dataset_consumes_1_and_2', 'dataset_produces_1', 'dataset_consumes_1' retrieved from /home/airflow/.local/lib/python3.12/site-packages/airflow/example_dags/example_datasets.py
[2024-09-05T07:19:54.629+0000] {logging_mixin.py:190} INFO - [2024-09-05T07:19:54.629+0000] {dag.py:3211} INFO - Sync 10 DAGs
[2024-09-05T07:19:54.665+0000] {logging_mixin.py:190} INFO - [2024-09-05T07:19:54.665+0000] {dag.py:4138} INFO - Setting next_dagrun for conditional_dataset_and_time_based_timetable to 2024-09-04 01:00:00+00:00, run_after=2024-09-04 01:00:00+00:00
[2024-09-05T07:19:54.671+0000] {logging_mixin.py:190} INFO - [2024-09-05T07:19:54.671+0000] {dag.py:4138} INFO - Setting next_dagrun for consume_1_and_2_with_dataset_expressions to None, run_after=None
[2024-09-05T07:19:54.673+0000] {logging_mixin.py:190} INFO - [2024-09-05T07:19:54.673+0000] {dag.py:4138} INFO - Setting next_dagrun for consume_1_or_2_with_dataset_expressions to None, run_after=None
[2024-09-05T07:19:54.675+0000] {logging_mixin.py:190} INFO - [2024-09-05T07:19:54.675+0000] {dag.py:4138} INFO - Setting next_dagrun for consume_1_or_both_2_and_3_with_dataset_expressions to None, run_after=None
[2024-09-05T07:19:54.677+0000] {logging_mixin.py:190} INFO - [2024-09-05T07:19:54.677+0000] {dag.py:4138} INFO - Setting next_dagrun for dataset_consumes_1 to None, run_after=None
[2024-09-05T07:19:54.679+0000] {logging_mixin.py:190} INFO - [2024-09-05T07:19:54.679+0000] {dag.py:4138} INFO - Setting next_dagrun for dataset_consumes_1_and_2 to None, run_after=None
[2024-09-05T07:19:54.681+0000] {logging_mixin.py:190} INFO - [2024-09-05T07:19:54.681+0000] {dag.py:4138} INFO - Setting next_dagrun for dataset_consumes_1_never_scheduled to None, run_after=None
[2024-09-05T07:19:54.682+0000] {logging_mixin.py:190} INFO - [2024-09-05T07:19:54.682+0000] {dag.py:4138} INFO - Setting next_dagrun for dataset_consumes_unknown_never_scheduled to None, run_after=None
[2024-09-05T07:19:54.686+0000] {logging_mixin.py:190} INFO - [2024-09-05T07:19:54.685+0000] {dag.py:4138} INFO - Setting next_dagrun for dataset_produces_1 to 2024-09-04 00:00:00+00:00, run_after=2024-09-05 00:00:00+00:00
[2024-09-05T07:19:54.688+0000] {logging_mixin.py:190} INFO - [2024-09-05T07:19:54.688+0000] {dag.py:4138} INFO - Setting next_dagrun for dataset_produces_2 to None, run_after=None
[2024-09-05T07:19:54.730+0000] {processor.py:208} INFO - Processing /home/airflow/.local/lib/python3.12/site-packages/airflow/example_dags/example_datasets.py took 0.355 seconds
