[2024-09-05T05:58:40.745+0000] {processor.py:186} INFO - Started process (PID=101) to work on /home/airflow/.local/lib/python3.12/site-packages/airflow/example_dags/example_skip_dag.py
[2024-09-05T05:58:40.747+0000] {processor.py:914} INFO - Processing file /home/airflow/.local/lib/python3.12/site-packages/airflow/example_dags/example_skip_dag.py for tasks to queue
[2024-09-05T05:58:40.751+0000] {logging_mixin.py:190} INFO - [2024-09-05T05:58:40.751+0000] {dagbag.py:587} INFO - Filling up the DagBag from /home/airflow/.local/lib/python3.12/site-packages/airflow/example_dags/example_skip_dag.py
[2024-09-05T05:58:40.774+0000] {processor.py:925} INFO - DAG(s) 'example_skip_dag' retrieved from /home/airflow/.local/lib/python3.12/site-packages/airflow/example_dags/example_skip_dag.py
[2024-09-05T05:58:40.817+0000] {logging_mixin.py:190} INFO - [2024-09-05T05:58:40.816+0000] {dag.py:3211} INFO - Sync 1 DAGs
[2024-09-05T05:58:40.847+0000] {logging_mixin.py:190} INFO - [2024-09-05T05:58:40.847+0000] {dag.py:4138} INFO - Setting next_dagrun for example_skip_dag to 2024-09-04 00:00:00+00:00, run_after=2024-09-05 00:00:00+00:00
[2024-09-05T05:58:40.871+0000] {processor.py:208} INFO - Processing /home/airflow/.local/lib/python3.12/site-packages/airflow/example_dags/example_skip_dag.py took 0.134 seconds
[2024-09-05T05:59:11.000+0000] {processor.py:186} INFO - Started process (PID=165) to work on /home/airflow/.local/lib/python3.12/site-packages/airflow/example_dags/example_skip_dag.py
[2024-09-05T05:59:11.001+0000] {processor.py:914} INFO - Processing file /home/airflow/.local/lib/python3.12/site-packages/airflow/example_dags/example_skip_dag.py for tasks to queue
[2024-09-05T05:59:11.003+0000] {logging_mixin.py:190} INFO - [2024-09-05T05:59:11.003+0000] {dagbag.py:587} INFO - Filling up the DagBag from /home/airflow/.local/lib/python3.12/site-packages/airflow/example_dags/example_skip_dag.py
[2024-09-05T05:59:11.010+0000] {processor.py:925} INFO - DAG(s) 'example_skip_dag' retrieved from /home/airflow/.local/lib/python3.12/site-packages/airflow/example_dags/example_skip_dag.py
[2024-09-05T05:59:11.033+0000] {logging_mixin.py:190} INFO - [2024-09-05T05:59:11.032+0000] {dag.py:3211} INFO - Sync 1 DAGs
[2024-09-05T05:59:11.055+0000] {logging_mixin.py:190} INFO - [2024-09-05T05:59:11.055+0000] {dag.py:4138} INFO - Setting next_dagrun for example_skip_dag to 2024-09-04 00:00:00+00:00, run_after=2024-09-05 00:00:00+00:00
[2024-09-05T05:59:11.075+0000] {processor.py:208} INFO - Processing /home/airflow/.local/lib/python3.12/site-packages/airflow/example_dags/example_skip_dag.py took 0.080 seconds
[2024-09-05T05:59:41.380+0000] {processor.py:186} INFO - Started process (PID=229) to work on /home/airflow/.local/lib/python3.12/site-packages/airflow/example_dags/example_skip_dag.py
[2024-09-05T05:59:41.381+0000] {processor.py:914} INFO - Processing file /home/airflow/.local/lib/python3.12/site-packages/airflow/example_dags/example_skip_dag.py for tasks to queue
[2024-09-05T05:59:41.383+0000] {logging_mixin.py:190} INFO - [2024-09-05T05:59:41.383+0000] {dagbag.py:587} INFO - Filling up the DagBag from /home/airflow/.local/lib/python3.12/site-packages/airflow/example_dags/example_skip_dag.py
[2024-09-05T05:59:41.393+0000] {processor.py:925} INFO - DAG(s) 'example_skip_dag' retrieved from /home/airflow/.local/lib/python3.12/site-packages/airflow/example_dags/example_skip_dag.py
[2024-09-05T05:59:41.422+0000] {logging_mixin.py:190} INFO - [2024-09-05T05:59:41.421+0000] {dag.py:3211} INFO - Sync 1 DAGs
[2024-09-05T05:59:41.445+0000] {logging_mixin.py:190} INFO - [2024-09-05T05:59:41.445+0000] {dag.py:4138} INFO - Setting next_dagrun for example_skip_dag to 2024-09-04 00:00:00+00:00, run_after=2024-09-05 00:00:00+00:00
[2024-09-05T05:59:41.472+0000] {processor.py:208} INFO - Processing /home/airflow/.local/lib/python3.12/site-packages/airflow/example_dags/example_skip_dag.py took 0.102 seconds
[2024-09-05T06:00:12.376+0000] {processor.py:186} INFO - Started process (PID=293) to work on /home/airflow/.local/lib/python3.12/site-packages/airflow/example_dags/example_skip_dag.py
[2024-09-05T06:00:12.377+0000] {processor.py:914} INFO - Processing file /home/airflow/.local/lib/python3.12/site-packages/airflow/example_dags/example_skip_dag.py for tasks to queue
[2024-09-05T06:00:12.380+0000] {logging_mixin.py:190} INFO - [2024-09-05T06:00:12.379+0000] {dagbag.py:587} INFO - Filling up the DagBag from /home/airflow/.local/lib/python3.12/site-packages/airflow/example_dags/example_skip_dag.py
[2024-09-05T06:00:12.387+0000] {processor.py:925} INFO - DAG(s) 'example_skip_dag' retrieved from /home/airflow/.local/lib/python3.12/site-packages/airflow/example_dags/example_skip_dag.py
[2024-09-05T06:00:12.410+0000] {logging_mixin.py:190} INFO - [2024-09-05T06:00:12.410+0000] {dag.py:3211} INFO - Sync 1 DAGs
[2024-09-05T06:00:12.433+0000] {logging_mixin.py:190} INFO - [2024-09-05T06:00:12.433+0000] {dag.py:4138} INFO - Setting next_dagrun for example_skip_dag to 2024-09-04 00:00:00+00:00, run_after=2024-09-05 00:00:00+00:00
[2024-09-05T06:00:12.454+0000] {processor.py:208} INFO - Processing /home/airflow/.local/lib/python3.12/site-packages/airflow/example_dags/example_skip_dag.py took 0.088 seconds
[2024-09-05T07:19:25.254+0000] {processor.py:186} INFO - Started process (PID=101) to work on /home/airflow/.local/lib/python3.12/site-packages/airflow/example_dags/example_skip_dag.py
[2024-09-05T07:19:25.255+0000] {processor.py:914} INFO - Processing file /home/airflow/.local/lib/python3.12/site-packages/airflow/example_dags/example_skip_dag.py for tasks to queue
[2024-09-05T07:19:25.258+0000] {logging_mixin.py:190} INFO - [2024-09-05T07:19:25.257+0000] {dagbag.py:587} INFO - Filling up the DagBag from /home/airflow/.local/lib/python3.12/site-packages/airflow/example_dags/example_skip_dag.py
[2024-09-05T07:19:25.267+0000] {processor.py:925} INFO - DAG(s) 'example_skip_dag' retrieved from /home/airflow/.local/lib/python3.12/site-packages/airflow/example_dags/example_skip_dag.py
[2024-09-05T07:19:25.293+0000] {logging_mixin.py:190} INFO - [2024-09-05T07:19:25.292+0000] {dag.py:3211} INFO - Sync 1 DAGs
[2024-09-05T07:19:25.316+0000] {logging_mixin.py:190} INFO - [2024-09-05T07:19:25.316+0000] {dag.py:4138} INFO - Setting next_dagrun for example_skip_dag to 2024-09-04 00:00:00+00:00, run_after=2024-09-05 00:00:00+00:00
[2024-09-05T07:19:25.339+0000] {processor.py:208} INFO - Processing /home/airflow/.local/lib/python3.12/site-packages/airflow/example_dags/example_skip_dag.py took 0.092 seconds
[2024-09-05T07:19:58.967+0000] {processor.py:186} INFO - Started process (PID=165) to work on /home/airflow/.local/lib/python3.12/site-packages/airflow/example_dags/example_skip_dag.py
[2024-09-05T07:19:58.981+0000] {processor.py:914} INFO - Processing file /home/airflow/.local/lib/python3.12/site-packages/airflow/example_dags/example_skip_dag.py for tasks to queue
[2024-09-05T07:19:58.998+0000] {logging_mixin.py:190} INFO - [2024-09-05T07:19:58.997+0000] {dagbag.py:587} INFO - Filling up the DagBag from /home/airflow/.local/lib/python3.12/site-packages/airflow/example_dags/example_skip_dag.py
[2024-09-05T07:19:59.065+0000] {processor.py:925} INFO - DAG(s) 'example_skip_dag' retrieved from /home/airflow/.local/lib/python3.12/site-packages/airflow/example_dags/example_skip_dag.py
[2024-09-05T07:19:59.177+0000] {logging_mixin.py:190} INFO - [2024-09-05T07:19:59.173+0000] {dag.py:3211} INFO - Sync 1 DAGs
[2024-09-05T07:19:59.299+0000] {logging_mixin.py:190} INFO - [2024-09-05T07:19:59.298+0000] {dag.py:4138} INFO - Setting next_dagrun for example_skip_dag to 2024-09-04 00:00:00+00:00, run_after=2024-09-05 00:00:00+00:00
[2024-09-05T07:19:59.370+0000] {processor.py:208} INFO - Processing /home/airflow/.local/lib/python3.12/site-packages/airflow/example_dags/example_skip_dag.py took 0.437 seconds
