[2024-09-05T05:58:39.664+0000] {processor.py:186} INFO - Started process (PID=89) to work on /home/airflow/.local/lib/python3.12/site-packages/airflow/example_dags/example_latest_only.py
[2024-09-05T05:58:39.665+0000] {processor.py:914} INFO - Processing file /home/airflow/.local/lib/python3.12/site-packages/airflow/example_dags/example_latest_only.py for tasks to queue
[2024-09-05T05:58:39.668+0000] {logging_mixin.py:190} INFO - [2024-09-05T05:58:39.668+0000] {dagbag.py:587} INFO - Filling up the DagBag from /home/airflow/.local/lib/python3.12/site-packages/airflow/example_dags/example_latest_only.py
[2024-09-05T05:58:39.676+0000] {processor.py:925} INFO - DAG(s) 'latest_only' retrieved from /home/airflow/.local/lib/python3.12/site-packages/airflow/example_dags/example_latest_only.py
[2024-09-05T05:58:39.700+0000] {logging_mixin.py:190} INFO - [2024-09-05T05:58:39.699+0000] {dag.py:3211} INFO - Sync 1 DAGs
[2024-09-05T05:58:39.733+0000] {logging_mixin.py:190} INFO - [2024-09-05T05:58:39.733+0000] {dag.py:4138} INFO - Setting next_dagrun for latest_only to 2024-09-05 00:00:00+00:00, run_after=2024-09-05 04:00:00+00:00
[2024-09-05T05:58:39.755+0000] {processor.py:208} INFO - Processing /home/airflow/.local/lib/python3.12/site-packages/airflow/example_dags/example_latest_only.py took 0.097 seconds
[2024-09-05T05:59:09.957+0000] {processor.py:186} INFO - Started process (PID=153) to work on /home/airflow/.local/lib/python3.12/site-packages/airflow/example_dags/example_latest_only.py
[2024-09-05T05:59:09.959+0000] {processor.py:914} INFO - Processing file /home/airflow/.local/lib/python3.12/site-packages/airflow/example_dags/example_latest_only.py for tasks to queue
[2024-09-05T05:59:09.962+0000] {logging_mixin.py:190} INFO - [2024-09-05T05:59:09.961+0000] {dagbag.py:587} INFO - Filling up the DagBag from /home/airflow/.local/lib/python3.12/site-packages/airflow/example_dags/example_latest_only.py
[2024-09-05T05:59:09.968+0000] {processor.py:925} INFO - DAG(s) 'latest_only' retrieved from /home/airflow/.local/lib/python3.12/site-packages/airflow/example_dags/example_latest_only.py
[2024-09-05T05:59:09.990+0000] {logging_mixin.py:190} INFO - [2024-09-05T05:59:09.989+0000] {dag.py:3211} INFO - Sync 1 DAGs
[2024-09-05T05:59:10.011+0000] {logging_mixin.py:190} INFO - [2024-09-05T05:59:10.010+0000] {dag.py:4138} INFO - Setting next_dagrun for latest_only to 2024-09-05 00:00:00+00:00, run_after=2024-09-05 04:00:00+00:00
[2024-09-05T05:59:10.030+0000] {processor.py:208} INFO - Processing /home/airflow/.local/lib/python3.12/site-packages/airflow/example_dags/example_latest_only.py took 0.079 seconds
[2024-09-05T05:59:40.386+0000] {processor.py:186} INFO - Started process (PID=217) to work on /home/airflow/.local/lib/python3.12/site-packages/airflow/example_dags/example_latest_only.py
[2024-09-05T05:59:40.387+0000] {processor.py:914} INFO - Processing file /home/airflow/.local/lib/python3.12/site-packages/airflow/example_dags/example_latest_only.py for tasks to queue
[2024-09-05T05:59:40.389+0000] {logging_mixin.py:190} INFO - [2024-09-05T05:59:40.389+0000] {dagbag.py:587} INFO - Filling up the DagBag from /home/airflow/.local/lib/python3.12/site-packages/airflow/example_dags/example_latest_only.py
[2024-09-05T05:59:40.396+0000] {processor.py:925} INFO - DAG(s) 'latest_only' retrieved from /home/airflow/.local/lib/python3.12/site-packages/airflow/example_dags/example_latest_only.py
[2024-09-05T05:59:40.416+0000] {logging_mixin.py:190} INFO - [2024-09-05T05:59:40.416+0000] {dag.py:3211} INFO - Sync 1 DAGs
[2024-09-05T05:59:40.435+0000] {logging_mixin.py:190} INFO - [2024-09-05T05:59:40.435+0000] {dag.py:4138} INFO - Setting next_dagrun for latest_only to 2024-09-05 00:00:00+00:00, run_after=2024-09-05 04:00:00+00:00
[2024-09-05T05:59:40.456+0000] {processor.py:208} INFO - Processing /home/airflow/.local/lib/python3.12/site-packages/airflow/example_dags/example_latest_only.py took 0.075 seconds
[2024-09-05T06:00:11.286+0000] {processor.py:186} INFO - Started process (PID=281) to work on /home/airflow/.local/lib/python3.12/site-packages/airflow/example_dags/example_latest_only.py
[2024-09-05T06:00:11.288+0000] {processor.py:914} INFO - Processing file /home/airflow/.local/lib/python3.12/site-packages/airflow/example_dags/example_latest_only.py for tasks to queue
[2024-09-05T06:00:11.293+0000] {logging_mixin.py:190} INFO - [2024-09-05T06:00:11.292+0000] {dagbag.py:587} INFO - Filling up the DagBag from /home/airflow/.local/lib/python3.12/site-packages/airflow/example_dags/example_latest_only.py
[2024-09-05T06:00:11.318+0000] {processor.py:925} INFO - DAG(s) 'latest_only' retrieved from /home/airflow/.local/lib/python3.12/site-packages/airflow/example_dags/example_latest_only.py
[2024-09-05T06:00:11.363+0000] {logging_mixin.py:190} INFO - [2024-09-05T06:00:11.362+0000] {dag.py:3211} INFO - Sync 1 DAGs
[2024-09-05T06:00:11.398+0000] {logging_mixin.py:190} INFO - [2024-09-05T06:00:11.397+0000] {dag.py:4138} INFO - Setting next_dagrun for latest_only to 2024-09-05 00:00:00+00:00, run_after=2024-09-05 04:00:00+00:00
[2024-09-05T06:00:11.424+0000] {processor.py:208} INFO - Processing /home/airflow/.local/lib/python3.12/site-packages/airflow/example_dags/example_latest_only.py took 0.146 seconds
[2024-09-05T07:19:24.296+0000] {processor.py:186} INFO - Started process (PID=89) to work on /home/airflow/.local/lib/python3.12/site-packages/airflow/example_dags/example_latest_only.py
[2024-09-05T07:19:24.297+0000] {processor.py:914} INFO - Processing file /home/airflow/.local/lib/python3.12/site-packages/airflow/example_dags/example_latest_only.py for tasks to queue
[2024-09-05T07:19:24.301+0000] {logging_mixin.py:190} INFO - [2024-09-05T07:19:24.301+0000] {dagbag.py:587} INFO - Filling up the DagBag from /home/airflow/.local/lib/python3.12/site-packages/airflow/example_dags/example_latest_only.py
[2024-09-05T07:19:24.310+0000] {processor.py:925} INFO - DAG(s) 'latest_only' retrieved from /home/airflow/.local/lib/python3.12/site-packages/airflow/example_dags/example_latest_only.py
[2024-09-05T07:19:24.336+0000] {logging_mixin.py:190} INFO - [2024-09-05T07:19:24.335+0000] {dag.py:3211} INFO - Sync 1 DAGs
[2024-09-05T07:19:24.359+0000] {logging_mixin.py:190} INFO - [2024-09-05T07:19:24.359+0000] {dag.py:4138} INFO - Setting next_dagrun for latest_only to 2024-09-05 00:00:00+00:00, run_after=2024-09-05 04:00:00+00:00
[2024-09-05T07:19:24.380+0000] {processor.py:208} INFO - Processing /home/airflow/.local/lib/python3.12/site-packages/airflow/example_dags/example_latest_only.py took 0.091 seconds
[2024-09-05T07:19:55.493+0000] {processor.py:186} INFO - Started process (PID=153) to work on /home/airflow/.local/lib/python3.12/site-packages/airflow/example_dags/example_latest_only.py
[2024-09-05T07:19:55.495+0000] {processor.py:914} INFO - Processing file /home/airflow/.local/lib/python3.12/site-packages/airflow/example_dags/example_latest_only.py for tasks to queue
[2024-09-05T07:19:55.499+0000] {logging_mixin.py:190} INFO - [2024-09-05T07:19:55.498+0000] {dagbag.py:587} INFO - Filling up the DagBag from /home/airflow/.local/lib/python3.12/site-packages/airflow/example_dags/example_latest_only.py
[2024-09-05T07:19:55.507+0000] {processor.py:925} INFO - DAG(s) 'latest_only' retrieved from /home/airflow/.local/lib/python3.12/site-packages/airflow/example_dags/example_latest_only.py
[2024-09-05T07:19:55.537+0000] {logging_mixin.py:190} INFO - [2024-09-05T07:19:55.536+0000] {dag.py:3211} INFO - Sync 1 DAGs
[2024-09-05T07:19:55.571+0000] {logging_mixin.py:190} INFO - [2024-09-05T07:19:55.571+0000] {dag.py:4138} INFO - Setting next_dagrun for latest_only to 2024-09-05 00:00:00+00:00, run_after=2024-09-05 04:00:00+00:00
[2024-09-05T07:19:55.610+0000] {processor.py:208} INFO - Processing /home/airflow/.local/lib/python3.12/site-packages/airflow/example_dags/example_latest_only.py took 0.126 seconds
