[2024-09-05T05:58:42.191+0000] {processor.py:186} INFO - Started process (PID=115) to work on /home/airflow/.local/lib/python3.12/site-packages/airflow/example_dags/tutorial_dag.py
[2024-09-05T05:58:42.193+0000] {processor.py:914} INFO - Processing file /home/airflow/.local/lib/python3.12/site-packages/airflow/example_dags/tutorial_dag.py for tasks to queue
[2024-09-05T05:58:42.198+0000] {logging_mixin.py:190} INFO - [2024-09-05T05:58:42.196+0000] {dagbag.py:587} INFO - Filling up the DagBag from /home/airflow/.local/lib/python3.12/site-packages/airflow/example_dags/tutorial_dag.py
[2024-09-05T05:58:42.212+0000] {processor.py:925} INFO - DAG(s) 'tutorial_dag' retrieved from /home/airflow/.local/lib/python3.12/site-packages/airflow/example_dags/tutorial_dag.py
[2024-09-05T05:58:42.240+0000] {logging_mixin.py:190} INFO - [2024-09-05T05:58:42.239+0000] {dag.py:3211} INFO - Sync 1 DAGs
[2024-09-05T05:58:42.262+0000] {logging_mixin.py:190} INFO - [2024-09-05T05:58:42.262+0000] {dag.py:4138} INFO - Setting next_dagrun for tutorial_dag to None, run_after=None
[2024-09-05T05:58:42.285+0000] {processor.py:208} INFO - Processing /home/airflow/.local/lib/python3.12/site-packages/airflow/example_dags/tutorial_dag.py took 0.101 seconds
[2024-09-05T05:59:12.398+0000] {processor.py:186} INFO - Started process (PID=179) to work on /home/airflow/.local/lib/python3.12/site-packages/airflow/example_dags/tutorial_dag.py
[2024-09-05T05:59:12.399+0000] {processor.py:914} INFO - Processing file /home/airflow/.local/lib/python3.12/site-packages/airflow/example_dags/tutorial_dag.py for tasks to queue
[2024-09-05T05:59:12.401+0000] {logging_mixin.py:190} INFO - [2024-09-05T05:59:12.401+0000] {dagbag.py:587} INFO - Filling up the DagBag from /home/airflow/.local/lib/python3.12/site-packages/airflow/example_dags/tutorial_dag.py
[2024-09-05T05:59:12.411+0000] {processor.py:925} INFO - DAG(s) 'tutorial_dag' retrieved from /home/airflow/.local/lib/python3.12/site-packages/airflow/example_dags/tutorial_dag.py
[2024-09-05T05:59:12.432+0000] {logging_mixin.py:190} INFO - [2024-09-05T05:59:12.432+0000] {dag.py:3211} INFO - Sync 1 DAGs
[2024-09-05T05:59:12.446+0000] {logging_mixin.py:190} INFO - [2024-09-05T05:59:12.445+0000] {dag.py:4138} INFO - Setting next_dagrun for tutorial_dag to None, run_after=None
[2024-09-05T05:59:12.464+0000] {processor.py:208} INFO - Processing /home/airflow/.local/lib/python3.12/site-packages/airflow/example_dags/tutorial_dag.py took 0.072 seconds
[2024-09-05T05:59:42.590+0000] {processor.py:186} INFO - Started process (PID=243) to work on /home/airflow/.local/lib/python3.12/site-packages/airflow/example_dags/tutorial_dag.py
[2024-09-05T05:59:42.591+0000] {processor.py:914} INFO - Processing file /home/airflow/.local/lib/python3.12/site-packages/airflow/example_dags/tutorial_dag.py for tasks to queue
[2024-09-05T05:59:42.594+0000] {logging_mixin.py:190} INFO - [2024-09-05T05:59:42.593+0000] {dagbag.py:587} INFO - Filling up the DagBag from /home/airflow/.local/lib/python3.12/site-packages/airflow/example_dags/tutorial_dag.py
[2024-09-05T05:59:42.605+0000] {processor.py:925} INFO - DAG(s) 'tutorial_dag' retrieved from /home/airflow/.local/lib/python3.12/site-packages/airflow/example_dags/tutorial_dag.py
[2024-09-05T05:59:42.629+0000] {logging_mixin.py:190} INFO - [2024-09-05T05:59:42.629+0000] {dag.py:3211} INFO - Sync 1 DAGs
[2024-09-05T05:59:42.643+0000] {logging_mixin.py:190} INFO - [2024-09-05T05:59:42.643+0000] {dag.py:4138} INFO - Setting next_dagrun for tutorial_dag to None, run_after=None
[2024-09-05T05:59:42.660+0000] {processor.py:208} INFO - Processing /home/airflow/.local/lib/python3.12/site-packages/airflow/example_dags/tutorial_dag.py took 0.076 seconds
[2024-09-05T06:00:13.311+0000] {processor.py:186} INFO - Started process (PID=307) to work on /home/airflow/.local/lib/python3.12/site-packages/airflow/example_dags/tutorial_dag.py
[2024-09-05T06:00:13.312+0000] {processor.py:914} INFO - Processing file /home/airflow/.local/lib/python3.12/site-packages/airflow/example_dags/tutorial_dag.py for tasks to queue
[2024-09-05T06:00:13.314+0000] {logging_mixin.py:190} INFO - [2024-09-05T06:00:13.314+0000] {dagbag.py:587} INFO - Filling up the DagBag from /home/airflow/.local/lib/python3.12/site-packages/airflow/example_dags/tutorial_dag.py
[2024-09-05T06:00:13.322+0000] {processor.py:925} INFO - DAG(s) 'tutorial_dag' retrieved from /home/airflow/.local/lib/python3.12/site-packages/airflow/example_dags/tutorial_dag.py
[2024-09-05T06:00:13.344+0000] {logging_mixin.py:190} INFO - [2024-09-05T06:00:13.343+0000] {dag.py:3211} INFO - Sync 1 DAGs
[2024-09-05T06:00:13.359+0000] {logging_mixin.py:190} INFO - [2024-09-05T06:00:13.358+0000] {dag.py:4138} INFO - Setting next_dagrun for tutorial_dag to None, run_after=None
[2024-09-05T06:00:13.379+0000] {processor.py:208} INFO - Processing /home/airflow/.local/lib/python3.12/site-packages/airflow/example_dags/tutorial_dag.py took 0.074 seconds
[2024-09-05T07:19:26.405+0000] {processor.py:186} INFO - Started process (PID=115) to work on /home/airflow/.local/lib/python3.12/site-packages/airflow/example_dags/tutorial_dag.py
[2024-09-05T07:19:26.407+0000] {processor.py:914} INFO - Processing file /home/airflow/.local/lib/python3.12/site-packages/airflow/example_dags/tutorial_dag.py for tasks to queue
[2024-09-05T07:19:26.410+0000] {logging_mixin.py:190} INFO - [2024-09-05T07:19:26.410+0000] {dagbag.py:587} INFO - Filling up the DagBag from /home/airflow/.local/lib/python3.12/site-packages/airflow/example_dags/tutorial_dag.py
[2024-09-05T07:19:26.420+0000] {processor.py:925} INFO - DAG(s) 'tutorial_dag' retrieved from /home/airflow/.local/lib/python3.12/site-packages/airflow/example_dags/tutorial_dag.py
[2024-09-05T07:19:26.444+0000] {logging_mixin.py:190} INFO - [2024-09-05T07:19:26.444+0000] {dag.py:3211} INFO - Sync 1 DAGs
[2024-09-05T07:19:26.462+0000] {logging_mixin.py:190} INFO - [2024-09-05T07:19:26.461+0000] {dag.py:4138} INFO - Setting next_dagrun for tutorial_dag to None, run_after=None
[2024-09-05T07:19:26.491+0000] {processor.py:208} INFO - Processing /home/airflow/.local/lib/python3.12/site-packages/airflow/example_dags/tutorial_dag.py took 0.094 seconds
[2024-09-05T07:20:00.391+0000] {processor.py:186} INFO - Started process (PID=179) to work on /home/airflow/.local/lib/python3.12/site-packages/airflow/example_dags/tutorial_dag.py
[2024-09-05T07:20:00.393+0000] {processor.py:914} INFO - Processing file /home/airflow/.local/lib/python3.12/site-packages/airflow/example_dags/tutorial_dag.py for tasks to queue
[2024-09-05T07:20:00.396+0000] {logging_mixin.py:190} INFO - [2024-09-05T07:20:00.395+0000] {dagbag.py:587} INFO - Filling up the DagBag from /home/airflow/.local/lib/python3.12/site-packages/airflow/example_dags/tutorial_dag.py
[2024-09-05T07:20:00.405+0000] {processor.py:925} INFO - DAG(s) 'tutorial_dag' retrieved from /home/airflow/.local/lib/python3.12/site-packages/airflow/example_dags/tutorial_dag.py
[2024-09-05T07:20:00.426+0000] {logging_mixin.py:190} INFO - [2024-09-05T07:20:00.426+0000] {dag.py:3211} INFO - Sync 1 DAGs
[2024-09-05T07:20:00.445+0000] {logging_mixin.py:190} INFO - [2024-09-05T07:20:00.444+0000] {dag.py:4138} INFO - Setting next_dagrun for tutorial_dag to None, run_after=None
[2024-09-05T07:20:00.469+0000] {processor.py:208} INFO - Processing /home/airflow/.local/lib/python3.12/site-packages/airflow/example_dags/tutorial_dag.py took 0.084 seconds
