[2024-09-05T05:58:41.229+0000] {processor.py:186} INFO - Started process (PID=106) to work on /home/airflow/.local/lib/python3.12/site-packages/airflow/example_dags/tutorial_taskflow_api.py
[2024-09-05T05:58:41.230+0000] {processor.py:914} INFO - Processing file /home/airflow/.local/lib/python3.12/site-packages/airflow/example_dags/tutorial_taskflow_api.py for tasks to queue
[2024-09-05T05:58:41.232+0000] {logging_mixin.py:190} INFO - [2024-09-05T05:58:41.232+0000] {dagbag.py:587} INFO - Filling up the DagBag from /home/airflow/.local/lib/python3.12/site-packages/airflow/example_dags/tutorial_taskflow_api.py
[2024-09-05T05:58:41.247+0000] {processor.py:925} INFO - DAG(s) 'tutorial_taskflow_api' retrieved from /home/airflow/.local/lib/python3.12/site-packages/airflow/example_dags/tutorial_taskflow_api.py
[2024-09-05T05:58:41.279+0000] {logging_mixin.py:190} INFO - [2024-09-05T05:58:41.279+0000] {dag.py:3211} INFO - Sync 1 DAGs
[2024-09-05T05:58:41.297+0000] {logging_mixin.py:190} INFO - [2024-09-05T05:58:41.297+0000] {dag.py:4138} INFO - Setting next_dagrun for tutorial_taskflow_api to None, run_after=None
[2024-09-05T05:58:41.318+0000] {processor.py:208} INFO - Processing /home/airflow/.local/lib/python3.12/site-packages/airflow/example_dags/tutorial_taskflow_api.py took 0.095 seconds
[2024-09-05T05:59:11.477+0000] {processor.py:186} INFO - Started process (PID=170) to work on /home/airflow/.local/lib/python3.12/site-packages/airflow/example_dags/tutorial_taskflow_api.py
[2024-09-05T05:59:11.478+0000] {processor.py:914} INFO - Processing file /home/airflow/.local/lib/python3.12/site-packages/airflow/example_dags/tutorial_taskflow_api.py for tasks to queue
[2024-09-05T05:59:11.480+0000] {logging_mixin.py:190} INFO - [2024-09-05T05:59:11.480+0000] {dagbag.py:587} INFO - Filling up the DagBag from /home/airflow/.local/lib/python3.12/site-packages/airflow/example_dags/tutorial_taskflow_api.py
[2024-09-05T05:59:11.487+0000] {processor.py:925} INFO - DAG(s) 'tutorial_taskflow_api' retrieved from /home/airflow/.local/lib/python3.12/site-packages/airflow/example_dags/tutorial_taskflow_api.py
[2024-09-05T05:59:11.512+0000] {logging_mixin.py:190} INFO - [2024-09-05T05:59:11.512+0000] {dag.py:3211} INFO - Sync 1 DAGs
[2024-09-05T05:59:11.528+0000] {logging_mixin.py:190} INFO - [2024-09-05T05:59:11.527+0000] {dag.py:4138} INFO - Setting next_dagrun for tutorial_taskflow_api to None, run_after=None
[2024-09-05T05:59:11.549+0000] {processor.py:208} INFO - Processing /home/airflow/.local/lib/python3.12/site-packages/airflow/example_dags/tutorial_taskflow_api.py took 0.077 seconds
[2024-09-05T05:59:41.756+0000] {processor.py:186} INFO - Started process (PID=234) to work on /home/airflow/.local/lib/python3.12/site-packages/airflow/example_dags/tutorial_taskflow_api.py
[2024-09-05T05:59:41.757+0000] {processor.py:914} INFO - Processing file /home/airflow/.local/lib/python3.12/site-packages/airflow/example_dags/tutorial_taskflow_api.py for tasks to queue
[2024-09-05T05:59:41.759+0000] {logging_mixin.py:190} INFO - [2024-09-05T05:59:41.759+0000] {dagbag.py:587} INFO - Filling up the DagBag from /home/airflow/.local/lib/python3.12/site-packages/airflow/example_dags/tutorial_taskflow_api.py
[2024-09-05T05:59:41.771+0000] {processor.py:925} INFO - DAG(s) 'tutorial_taskflow_api' retrieved from /home/airflow/.local/lib/python3.12/site-packages/airflow/example_dags/tutorial_taskflow_api.py
[2024-09-05T05:59:41.795+0000] {logging_mixin.py:190} INFO - [2024-09-05T05:59:41.795+0000] {dag.py:3211} INFO - Sync 1 DAGs
[2024-09-05T05:59:41.814+0000] {logging_mixin.py:190} INFO - [2024-09-05T05:59:41.813+0000] {dag.py:4138} INFO - Setting next_dagrun for tutorial_taskflow_api to None, run_after=None
[2024-09-05T05:59:41.838+0000] {processor.py:208} INFO - Processing /home/airflow/.local/lib/python3.12/site-packages/airflow/example_dags/tutorial_taskflow_api.py took 0.087 seconds
[2024-09-05T06:00:12.713+0000] {processor.py:186} INFO - Started process (PID=298) to work on /home/airflow/.local/lib/python3.12/site-packages/airflow/example_dags/tutorial_taskflow_api.py
[2024-09-05T06:00:12.714+0000] {processor.py:914} INFO - Processing file /home/airflow/.local/lib/python3.12/site-packages/airflow/example_dags/tutorial_taskflow_api.py for tasks to queue
[2024-09-05T06:00:12.717+0000] {logging_mixin.py:190} INFO - [2024-09-05T06:00:12.717+0000] {dagbag.py:587} INFO - Filling up the DagBag from /home/airflow/.local/lib/python3.12/site-packages/airflow/example_dags/tutorial_taskflow_api.py
[2024-09-05T06:00:12.731+0000] {processor.py:925} INFO - DAG(s) 'tutorial_taskflow_api' retrieved from /home/airflow/.local/lib/python3.12/site-packages/airflow/example_dags/tutorial_taskflow_api.py
[2024-09-05T06:00:12.762+0000] {logging_mixin.py:190} INFO - [2024-09-05T06:00:12.761+0000] {dag.py:3211} INFO - Sync 1 DAGs
[2024-09-05T06:00:12.783+0000] {logging_mixin.py:190} INFO - [2024-09-05T06:00:12.783+0000] {dag.py:4138} INFO - Setting next_dagrun for tutorial_taskflow_api to None, run_after=None
[2024-09-05T06:00:12.802+0000] {processor.py:208} INFO - Processing /home/airflow/.local/lib/python3.12/site-packages/airflow/example_dags/tutorial_taskflow_api.py took 0.095 seconds
[2024-09-05T07:19:25.563+0000] {processor.py:186} INFO - Started process (PID=106) to work on /home/airflow/.local/lib/python3.12/site-packages/airflow/example_dags/tutorial_taskflow_api.py
[2024-09-05T07:19:25.565+0000] {processor.py:914} INFO - Processing file /home/airflow/.local/lib/python3.12/site-packages/airflow/example_dags/tutorial_taskflow_api.py for tasks to queue
[2024-09-05T07:19:25.567+0000] {logging_mixin.py:190} INFO - [2024-09-05T07:19:25.567+0000] {dagbag.py:587} INFO - Filling up the DagBag from /home/airflow/.local/lib/python3.12/site-packages/airflow/example_dags/tutorial_taskflow_api.py
[2024-09-05T07:19:25.579+0000] {processor.py:925} INFO - DAG(s) 'tutorial_taskflow_api' retrieved from /home/airflow/.local/lib/python3.12/site-packages/airflow/example_dags/tutorial_taskflow_api.py
[2024-09-05T07:19:25.602+0000] {logging_mixin.py:190} INFO - [2024-09-05T07:19:25.601+0000] {dag.py:3211} INFO - Sync 1 DAGs
[2024-09-05T07:19:25.618+0000] {logging_mixin.py:190} INFO - [2024-09-05T07:19:25.618+0000] {dag.py:4138} INFO - Setting next_dagrun for tutorial_taskflow_api to None, run_after=None
[2024-09-05T07:19:25.639+0000] {processor.py:208} INFO - Processing /home/airflow/.local/lib/python3.12/site-packages/airflow/example_dags/tutorial_taskflow_api.py took 0.082 seconds
[2024-09-05T07:19:59.699+0000] {processor.py:186} INFO - Started process (PID=170) to work on /home/airflow/.local/lib/python3.12/site-packages/airflow/example_dags/tutorial_taskflow_api.py
[2024-09-05T07:19:59.704+0000] {processor.py:914} INFO - Processing file /home/airflow/.local/lib/python3.12/site-packages/airflow/example_dags/tutorial_taskflow_api.py for tasks to queue
[2024-09-05T07:19:59.711+0000] {logging_mixin.py:190} INFO - [2024-09-05T07:19:59.709+0000] {dagbag.py:587} INFO - Filling up the DagBag from /home/airflow/.local/lib/python3.12/site-packages/airflow/example_dags/tutorial_taskflow_api.py
[2024-09-05T07:19:59.719+0000] {processor.py:925} INFO - DAG(s) 'tutorial_taskflow_api' retrieved from /home/airflow/.local/lib/python3.12/site-packages/airflow/example_dags/tutorial_taskflow_api.py
[2024-09-05T07:19:59.738+0000] {logging_mixin.py:190} INFO - [2024-09-05T07:19:59.738+0000] {dag.py:3211} INFO - Sync 1 DAGs
[2024-09-05T07:19:59.751+0000] {logging_mixin.py:190} INFO - [2024-09-05T07:19:59.751+0000] {dag.py:4138} INFO - Setting next_dagrun for tutorial_taskflow_api to None, run_after=None
[2024-09-05T07:19:59.768+0000] {processor.py:208} INFO - Processing /home/airflow/.local/lib/python3.12/site-packages/airflow/example_dags/tutorial_taskflow_api.py took 0.076 seconds
