[2024-09-04T20:52:33.644+0000] {processor.py:186} INFO - Started process (PID=89) to work on /home/airflow/.local/lib/python3.12/site-packages/airflow/example_dags/example_task_group_decorator.py
[2024-09-04T20:52:33.645+0000] {processor.py:914} INFO - Processing file /home/airflow/.local/lib/python3.12/site-packages/airflow/example_dags/example_task_group_decorator.py for tasks to queue
[2024-09-04T20:52:33.648+0000] {logging_mixin.py:190} INFO - [2024-09-04T20:52:33.648+0000] {dagbag.py:587} INFO - Filling up the DagBag from /home/airflow/.local/lib/python3.12/site-packages/airflow/example_dags/example_task_group_decorator.py
[2024-09-04T20:52:33.675+0000] {processor.py:925} INFO - DAG(s) 'example_task_group_decorator' retrieved from /home/airflow/.local/lib/python3.12/site-packages/airflow/example_dags/example_task_group_decorator.py
[2024-09-04T20:52:33.850+0000] {logging_mixin.py:190} INFO - [2024-09-04T20:52:33.849+0000] {override.py:1858} INFO - Created Permission View: can delete on DAG:example_task_group_decorator
[2024-09-04T20:52:33.862+0000] {logging_mixin.py:190} INFO - [2024-09-04T20:52:33.861+0000] {override.py:1858} INFO - Created Permission View: can edit on DAG:example_task_group_decorator
[2024-09-04T20:52:33.871+0000] {logging_mixin.py:190} INFO - [2024-09-04T20:52:33.871+0000] {override.py:1858} INFO - Created Permission View: can read on DAG:example_task_group_decorator
[2024-09-04T20:52:33.872+0000] {logging_mixin.py:190} INFO - [2024-09-04T20:52:33.872+0000] {dag.py:3211} INFO - Sync 1 DAGs
[2024-09-04T20:52:33.939+0000] {logging_mixin.py:190} INFO - [2024-09-04T20:52:33.939+0000] {dag.py:3234} INFO - Creating ORM DAG for example_task_group_decorator
[2024-09-04T20:52:33.965+0000] {logging_mixin.py:190} INFO - [2024-09-04T20:52:33.965+0000] {dag.py:4138} INFO - Setting next_dagrun for example_task_group_decorator to 2024-09-03 00:00:00+00:00, run_after=2024-09-04 00:00:00+00:00
[2024-09-04T20:52:34.000+0000] {processor.py:208} INFO - Processing /home/airflow/.local/lib/python3.12/site-packages/airflow/example_dags/example_task_group_decorator.py took 0.362 seconds
[2024-09-04T21:00:16.266+0000] {processor.py:186} INFO - Started process (PID=84) to work on /home/airflow/.local/lib/python3.12/site-packages/airflow/example_dags/example_task_group_decorator.py
[2024-09-04T21:00:16.267+0000] {processor.py:914} INFO - Processing file /home/airflow/.local/lib/python3.12/site-packages/airflow/example_dags/example_task_group_decorator.py for tasks to queue
[2024-09-04T21:00:16.271+0000] {logging_mixin.py:190} INFO - [2024-09-04T21:00:16.271+0000] {dagbag.py:587} INFO - Filling up the DagBag from /home/airflow/.local/lib/python3.12/site-packages/airflow/example_dags/example_task_group_decorator.py
[2024-09-04T21:00:16.310+0000] {processor.py:925} INFO - DAG(s) 'example_task_group_decorator' retrieved from /home/airflow/.local/lib/python3.12/site-packages/airflow/example_dags/example_task_group_decorator.py
[2024-09-04T21:00:16.383+0000] {logging_mixin.py:190} INFO - [2024-09-04T21:00:16.383+0000] {dag.py:3211} INFO - Sync 1 DAGs
[2024-09-04T21:00:16.425+0000] {logging_mixin.py:190} INFO - [2024-09-04T21:00:16.425+0000] {dag.py:4138} INFO - Setting next_dagrun for example_task_group_decorator to 2024-09-03 00:00:00+00:00, run_after=2024-09-04 00:00:00+00:00
[2024-09-04T21:00:16.463+0000] {processor.py:208} INFO - Processing /home/airflow/.local/lib/python3.12/site-packages/airflow/example_dags/example_task_group_decorator.py took 0.214 seconds
[2024-09-04T21:00:47.154+0000] {processor.py:186} INFO - Started process (PID=146) to work on /home/airflow/.local/lib/python3.12/site-packages/airflow/example_dags/example_task_group_decorator.py
[2024-09-04T21:00:47.156+0000] {processor.py:914} INFO - Processing file /home/airflow/.local/lib/python3.12/site-packages/airflow/example_dags/example_task_group_decorator.py for tasks to queue
[2024-09-04T21:00:47.160+0000] {logging_mixin.py:190} INFO - [2024-09-04T21:00:47.159+0000] {dagbag.py:587} INFO - Filling up the DagBag from /home/airflow/.local/lib/python3.12/site-packages/airflow/example_dags/example_task_group_decorator.py
[2024-09-04T21:00:47.179+0000] {processor.py:925} INFO - DAG(s) 'example_task_group_decorator' retrieved from /home/airflow/.local/lib/python3.12/site-packages/airflow/example_dags/example_task_group_decorator.py
[2024-09-04T21:00:47.208+0000] {logging_mixin.py:190} INFO - [2024-09-04T21:00:47.208+0000] {dag.py:3211} INFO - Sync 1 DAGs
[2024-09-04T21:00:47.231+0000] {logging_mixin.py:190} INFO - [2024-09-04T21:00:47.230+0000] {dag.py:4138} INFO - Setting next_dagrun for example_task_group_decorator to 2024-09-03 00:00:00+00:00, run_after=2024-09-04 00:00:00+00:00
[2024-09-04T21:00:47.254+0000] {processor.py:208} INFO - Processing /home/airflow/.local/lib/python3.12/site-packages/airflow/example_dags/example_task_group_decorator.py took 0.108 seconds
[2024-09-04T21:01:17.837+0000] {processor.py:186} INFO - Started process (PID=208) to work on /home/airflow/.local/lib/python3.12/site-packages/airflow/example_dags/example_task_group_decorator.py
[2024-09-04T21:01:17.838+0000] {processor.py:914} INFO - Processing file /home/airflow/.local/lib/python3.12/site-packages/airflow/example_dags/example_task_group_decorator.py for tasks to queue
[2024-09-04T21:01:17.840+0000] {logging_mixin.py:190} INFO - [2024-09-04T21:01:17.840+0000] {dagbag.py:587} INFO - Filling up the DagBag from /home/airflow/.local/lib/python3.12/site-packages/airflow/example_dags/example_task_group_decorator.py
[2024-09-04T21:01:17.854+0000] {processor.py:925} INFO - DAG(s) 'example_task_group_decorator' retrieved from /home/airflow/.local/lib/python3.12/site-packages/airflow/example_dags/example_task_group_decorator.py
[2024-09-04T21:01:17.877+0000] {logging_mixin.py:190} INFO - [2024-09-04T21:01:17.877+0000] {dag.py:3211} INFO - Sync 1 DAGs
[2024-09-04T21:01:17.897+0000] {logging_mixin.py:190} INFO - [2024-09-04T21:01:17.896+0000] {dag.py:4138} INFO - Setting next_dagrun for example_task_group_decorator to 2024-09-03 00:00:00+00:00, run_after=2024-09-04 00:00:00+00:00
[2024-09-04T21:01:17.919+0000] {processor.py:208} INFO - Processing /home/airflow/.local/lib/python3.12/site-packages/airflow/example_dags/example_task_group_decorator.py took 0.086 seconds
[2024-09-04T21:01:48.136+0000] {processor.py:186} INFO - Started process (PID=270) to work on /home/airflow/.local/lib/python3.12/site-packages/airflow/example_dags/example_task_group_decorator.py
[2024-09-04T21:01:48.137+0000] {processor.py:914} INFO - Processing file /home/airflow/.local/lib/python3.12/site-packages/airflow/example_dags/example_task_group_decorator.py for tasks to queue
[2024-09-04T21:01:48.140+0000] {logging_mixin.py:190} INFO - [2024-09-04T21:01:48.139+0000] {dagbag.py:587} INFO - Filling up the DagBag from /home/airflow/.local/lib/python3.12/site-packages/airflow/example_dags/example_task_group_decorator.py
[2024-09-04T21:01:48.154+0000] {processor.py:925} INFO - DAG(s) 'example_task_group_decorator' retrieved from /home/airflow/.local/lib/python3.12/site-packages/airflow/example_dags/example_task_group_decorator.py
[2024-09-04T21:01:48.177+0000] {logging_mixin.py:190} INFO - [2024-09-04T21:01:48.177+0000] {dag.py:3211} INFO - Sync 1 DAGs
[2024-09-04T21:01:48.196+0000] {logging_mixin.py:190} INFO - [2024-09-04T21:01:48.196+0000] {dag.py:4138} INFO - Setting next_dagrun for example_task_group_decorator to 2024-09-03 00:00:00+00:00, run_after=2024-09-04 00:00:00+00:00
[2024-09-04T21:01:48.217+0000] {processor.py:208} INFO - Processing /home/airflow/.local/lib/python3.12/site-packages/airflow/example_dags/example_task_group_decorator.py took 0.085 seconds
[2024-09-04T21:02:18.982+0000] {processor.py:186} INFO - Started process (PID=333) to work on /home/airflow/.local/lib/python3.12/site-packages/airflow/example_dags/example_task_group_decorator.py
[2024-09-04T21:02:18.983+0000] {processor.py:914} INFO - Processing file /home/airflow/.local/lib/python3.12/site-packages/airflow/example_dags/example_task_group_decorator.py for tasks to queue
[2024-09-04T21:02:18.986+0000] {logging_mixin.py:190} INFO - [2024-09-04T21:02:18.985+0000] {dagbag.py:587} INFO - Filling up the DagBag from /home/airflow/.local/lib/python3.12/site-packages/airflow/example_dags/example_task_group_decorator.py
[2024-09-04T21:02:19.000+0000] {processor.py:925} INFO - DAG(s) 'example_task_group_decorator' retrieved from /home/airflow/.local/lib/python3.12/site-packages/airflow/example_dags/example_task_group_decorator.py
[2024-09-04T21:02:19.025+0000] {logging_mixin.py:190} INFO - [2024-09-04T21:02:19.025+0000] {dag.py:3211} INFO - Sync 1 DAGs
[2024-09-04T21:02:19.046+0000] {logging_mixin.py:190} INFO - [2024-09-04T21:02:19.046+0000] {dag.py:4138} INFO - Setting next_dagrun for example_task_group_decorator to 2024-09-03 00:00:00+00:00, run_after=2024-09-04 00:00:00+00:00
[2024-09-04T21:02:19.068+0000] {processor.py:208} INFO - Processing /home/airflow/.local/lib/python3.12/site-packages/airflow/example_dags/example_task_group_decorator.py took 0.092 seconds
[2024-09-04T21:02:49.785+0000] {processor.py:186} INFO - Started process (PID=395) to work on /home/airflow/.local/lib/python3.12/site-packages/airflow/example_dags/example_task_group_decorator.py
[2024-09-04T21:02:49.786+0000] {processor.py:914} INFO - Processing file /home/airflow/.local/lib/python3.12/site-packages/airflow/example_dags/example_task_group_decorator.py for tasks to queue
[2024-09-04T21:02:49.788+0000] {logging_mixin.py:190} INFO - [2024-09-04T21:02:49.788+0000] {dagbag.py:587} INFO - Filling up the DagBag from /home/airflow/.local/lib/python3.12/site-packages/airflow/example_dags/example_task_group_decorator.py
[2024-09-04T21:02:49.801+0000] {processor.py:925} INFO - DAG(s) 'example_task_group_decorator' retrieved from /home/airflow/.local/lib/python3.12/site-packages/airflow/example_dags/example_task_group_decorator.py
[2024-09-04T21:02:49.824+0000] {logging_mixin.py:190} INFO - [2024-09-04T21:02:49.823+0000] {dag.py:3211} INFO - Sync 1 DAGs
[2024-09-04T21:02:49.842+0000] {logging_mixin.py:190} INFO - [2024-09-04T21:02:49.842+0000] {dag.py:4138} INFO - Setting next_dagrun for example_task_group_decorator to 2024-09-03 00:00:00+00:00, run_after=2024-09-04 00:00:00+00:00
[2024-09-04T21:02:49.865+0000] {processor.py:208} INFO - Processing /home/airflow/.local/lib/python3.12/site-packages/airflow/example_dags/example_task_group_decorator.py took 0.084 seconds
[2024-09-04T21:03:20.551+0000] {processor.py:186} INFO - Started process (PID=457) to work on /home/airflow/.local/lib/python3.12/site-packages/airflow/example_dags/example_task_group_decorator.py
[2024-09-04T21:03:20.554+0000] {processor.py:914} INFO - Processing file /home/airflow/.local/lib/python3.12/site-packages/airflow/example_dags/example_task_group_decorator.py for tasks to queue
[2024-09-04T21:03:20.560+0000] {logging_mixin.py:190} INFO - [2024-09-04T21:03:20.559+0000] {dagbag.py:587} INFO - Filling up the DagBag from /home/airflow/.local/lib/python3.12/site-packages/airflow/example_dags/example_task_group_decorator.py
[2024-09-04T21:03:20.600+0000] {processor.py:925} INFO - DAG(s) 'example_task_group_decorator' retrieved from /home/airflow/.local/lib/python3.12/site-packages/airflow/example_dags/example_task_group_decorator.py
[2024-09-04T21:03:20.663+0000] {logging_mixin.py:190} INFO - [2024-09-04T21:03:20.663+0000] {dag.py:3211} INFO - Sync 1 DAGs
[2024-09-04T21:03:20.722+0000] {logging_mixin.py:190} INFO - [2024-09-04T21:03:20.722+0000] {dag.py:4138} INFO - Setting next_dagrun for example_task_group_decorator to 2024-09-03 00:00:00+00:00, run_after=2024-09-04 00:00:00+00:00
[2024-09-04T21:03:20.767+0000] {processor.py:208} INFO - Processing /home/airflow/.local/lib/python3.12/site-packages/airflow/example_dags/example_task_group_decorator.py took 0.229 seconds
[2024-09-04T21:03:51.034+0000] {processor.py:186} INFO - Started process (PID=519) to work on /home/airflow/.local/lib/python3.12/site-packages/airflow/example_dags/example_task_group_decorator.py
[2024-09-04T21:03:51.036+0000] {processor.py:914} INFO - Processing file /home/airflow/.local/lib/python3.12/site-packages/airflow/example_dags/example_task_group_decorator.py for tasks to queue
[2024-09-04T21:03:51.039+0000] {logging_mixin.py:190} INFO - [2024-09-04T21:03:51.039+0000] {dagbag.py:587} INFO - Filling up the DagBag from /home/airflow/.local/lib/python3.12/site-packages/airflow/example_dags/example_task_group_decorator.py
[2024-09-04T21:03:51.057+0000] {processor.py:925} INFO - DAG(s) 'example_task_group_decorator' retrieved from /home/airflow/.local/lib/python3.12/site-packages/airflow/example_dags/example_task_group_decorator.py
[2024-09-04T21:03:51.088+0000] {logging_mixin.py:190} INFO - [2024-09-04T21:03:51.088+0000] {dag.py:3211} INFO - Sync 1 DAGs
[2024-09-04T21:03:51.120+0000] {logging_mixin.py:190} INFO - [2024-09-04T21:03:51.120+0000] {dag.py:4138} INFO - Setting next_dagrun for example_task_group_decorator to 2024-09-03 00:00:00+00:00, run_after=2024-09-04 00:00:00+00:00
[2024-09-04T21:03:51.144+0000] {processor.py:208} INFO - Processing /home/airflow/.local/lib/python3.12/site-packages/airflow/example_dags/example_task_group_decorator.py took 0.117 seconds
[2024-09-04T21:04:21.342+0000] {processor.py:186} INFO - Started process (PID=581) to work on /home/airflow/.local/lib/python3.12/site-packages/airflow/example_dags/example_task_group_decorator.py
[2024-09-04T21:04:21.343+0000] {processor.py:914} INFO - Processing file /home/airflow/.local/lib/python3.12/site-packages/airflow/example_dags/example_task_group_decorator.py for tasks to queue
[2024-09-04T21:04:21.348+0000] {logging_mixin.py:190} INFO - [2024-09-04T21:04:21.347+0000] {dagbag.py:587} INFO - Filling up the DagBag from /home/airflow/.local/lib/python3.12/site-packages/airflow/example_dags/example_task_group_decorator.py
[2024-09-04T21:04:21.371+0000] {processor.py:925} INFO - DAG(s) 'example_task_group_decorator' retrieved from /home/airflow/.local/lib/python3.12/site-packages/airflow/example_dags/example_task_group_decorator.py
[2024-09-04T21:04:21.409+0000] {logging_mixin.py:190} INFO - [2024-09-04T21:04:21.409+0000] {dag.py:3211} INFO - Sync 1 DAGs
[2024-09-04T21:04:21.442+0000] {logging_mixin.py:190} INFO - [2024-09-04T21:04:21.442+0000] {dag.py:4138} INFO - Setting next_dagrun for example_task_group_decorator to 2024-09-03 00:00:00+00:00, run_after=2024-09-04 00:00:00+00:00
[2024-09-04T21:04:21.470+0000] {processor.py:208} INFO - Processing /home/airflow/.local/lib/python3.12/site-packages/airflow/example_dags/example_task_group_decorator.py took 0.136 seconds
[2024-09-04T21:04:52.376+0000] {processor.py:186} INFO - Started process (PID=643) to work on /home/airflow/.local/lib/python3.12/site-packages/airflow/example_dags/example_task_group_decorator.py
[2024-09-04T21:04:52.378+0000] {processor.py:914} INFO - Processing file /home/airflow/.local/lib/python3.12/site-packages/airflow/example_dags/example_task_group_decorator.py for tasks to queue
[2024-09-04T21:04:52.386+0000] {logging_mixin.py:190} INFO - [2024-09-04T21:04:52.385+0000] {dagbag.py:587} INFO - Filling up the DagBag from /home/airflow/.local/lib/python3.12/site-packages/airflow/example_dags/example_task_group_decorator.py
[2024-09-04T21:04:52.416+0000] {processor.py:925} INFO - DAG(s) 'example_task_group_decorator' retrieved from /home/airflow/.local/lib/python3.12/site-packages/airflow/example_dags/example_task_group_decorator.py
[2024-09-04T21:04:52.463+0000] {logging_mixin.py:190} INFO - [2024-09-04T21:04:52.462+0000] {dag.py:3211} INFO - Sync 1 DAGs
[2024-09-04T21:04:52.504+0000] {logging_mixin.py:190} INFO - [2024-09-04T21:04:52.504+0000] {dag.py:4138} INFO - Setting next_dagrun for example_task_group_decorator to 2024-09-03 00:00:00+00:00, run_after=2024-09-04 00:00:00+00:00
[2024-09-04T21:04:52.538+0000] {processor.py:208} INFO - Processing /home/airflow/.local/lib/python3.12/site-packages/airflow/example_dags/example_task_group_decorator.py took 0.173 seconds
[2024-09-04T21:05:22.663+0000] {processor.py:186} INFO - Started process (PID=705) to work on /home/airflow/.local/lib/python3.12/site-packages/airflow/example_dags/example_task_group_decorator.py
[2024-09-04T21:05:22.665+0000] {processor.py:914} INFO - Processing file /home/airflow/.local/lib/python3.12/site-packages/airflow/example_dags/example_task_group_decorator.py for tasks to queue
[2024-09-04T21:05:22.668+0000] {logging_mixin.py:190} INFO - [2024-09-04T21:05:22.667+0000] {dagbag.py:587} INFO - Filling up the DagBag from /home/airflow/.local/lib/python3.12/site-packages/airflow/example_dags/example_task_group_decorator.py
[2024-09-04T21:05:22.691+0000] {processor.py:925} INFO - DAG(s) 'example_task_group_decorator' retrieved from /home/airflow/.local/lib/python3.12/site-packages/airflow/example_dags/example_task_group_decorator.py
[2024-09-04T21:05:22.724+0000] {logging_mixin.py:190} INFO - [2024-09-04T21:05:22.723+0000] {dag.py:3211} INFO - Sync 1 DAGs
[2024-09-04T21:05:22.751+0000] {logging_mixin.py:190} INFO - [2024-09-04T21:05:22.751+0000] {dag.py:4138} INFO - Setting next_dagrun for example_task_group_decorator to 2024-09-03 00:00:00+00:00, run_after=2024-09-04 00:00:00+00:00
[2024-09-04T21:05:22.776+0000] {processor.py:208} INFO - Processing /home/airflow/.local/lib/python3.12/site-packages/airflow/example_dags/example_task_group_decorator.py took 0.119 seconds
[2024-09-04T21:05:53.187+0000] {processor.py:186} INFO - Started process (PID=767) to work on /home/airflow/.local/lib/python3.12/site-packages/airflow/example_dags/example_task_group_decorator.py
[2024-09-04T21:05:53.188+0000] {processor.py:914} INFO - Processing file /home/airflow/.local/lib/python3.12/site-packages/airflow/example_dags/example_task_group_decorator.py for tasks to queue
[2024-09-04T21:05:53.191+0000] {logging_mixin.py:190} INFO - [2024-09-04T21:05:53.191+0000] {dagbag.py:587} INFO - Filling up the DagBag from /home/airflow/.local/lib/python3.12/site-packages/airflow/example_dags/example_task_group_decorator.py
[2024-09-04T21:05:53.204+0000] {processor.py:925} INFO - DAG(s) 'example_task_group_decorator' retrieved from /home/airflow/.local/lib/python3.12/site-packages/airflow/example_dags/example_task_group_decorator.py
[2024-09-04T21:05:53.227+0000] {logging_mixin.py:190} INFO - [2024-09-04T21:05:53.227+0000] {dag.py:3211} INFO - Sync 1 DAGs
[2024-09-04T21:05:53.247+0000] {logging_mixin.py:190} INFO - [2024-09-04T21:05:53.246+0000] {dag.py:4138} INFO - Setting next_dagrun for example_task_group_decorator to 2024-09-03 00:00:00+00:00, run_after=2024-09-04 00:00:00+00:00
[2024-09-04T21:05:53.267+0000] {processor.py:208} INFO - Processing /home/airflow/.local/lib/python3.12/site-packages/airflow/example_dags/example_task_group_decorator.py took 0.084 seconds
[2024-09-04T21:06:24.124+0000] {processor.py:186} INFO - Started process (PID=829) to work on /home/airflow/.local/lib/python3.12/site-packages/airflow/example_dags/example_task_group_decorator.py
[2024-09-04T21:06:24.126+0000] {processor.py:914} INFO - Processing file /home/airflow/.local/lib/python3.12/site-packages/airflow/example_dags/example_task_group_decorator.py for tasks to queue
[2024-09-04T21:06:24.132+0000] {logging_mixin.py:190} INFO - [2024-09-04T21:06:24.131+0000] {dagbag.py:587} INFO - Filling up the DagBag from /home/airflow/.local/lib/python3.12/site-packages/airflow/example_dags/example_task_group_decorator.py
[2024-09-04T21:06:24.166+0000] {processor.py:925} INFO - DAG(s) 'example_task_group_decorator' retrieved from /home/airflow/.local/lib/python3.12/site-packages/airflow/example_dags/example_task_group_decorator.py
[2024-09-04T21:06:24.220+0000] {logging_mixin.py:190} INFO - [2024-09-04T21:06:24.220+0000] {dag.py:3211} INFO - Sync 1 DAGs
[2024-09-04T21:06:24.269+0000] {logging_mixin.py:190} INFO - [2024-09-04T21:06:24.269+0000] {dag.py:4138} INFO - Setting next_dagrun for example_task_group_decorator to 2024-09-03 00:00:00+00:00, run_after=2024-09-04 00:00:00+00:00
[2024-09-04T21:06:24.308+0000] {processor.py:208} INFO - Processing /home/airflow/.local/lib/python3.12/site-packages/airflow/example_dags/example_task_group_decorator.py took 0.200 seconds
[2024-09-04T21:06:54.824+0000] {processor.py:186} INFO - Started process (PID=890) to work on /home/airflow/.local/lib/python3.12/site-packages/airflow/example_dags/example_task_group_decorator.py
[2024-09-04T21:06:54.827+0000] {processor.py:914} INFO - Processing file /home/airflow/.local/lib/python3.12/site-packages/airflow/example_dags/example_task_group_decorator.py for tasks to queue
[2024-09-04T21:06:54.829+0000] {logging_mixin.py:190} INFO - [2024-09-04T21:06:54.829+0000] {dagbag.py:587} INFO - Filling up the DagBag from /home/airflow/.local/lib/python3.12/site-packages/airflow/example_dags/example_task_group_decorator.py
[2024-09-04T21:06:54.851+0000] {processor.py:925} INFO - DAG(s) 'example_task_group_decorator' retrieved from /home/airflow/.local/lib/python3.12/site-packages/airflow/example_dags/example_task_group_decorator.py
[2024-09-04T21:06:54.887+0000] {logging_mixin.py:190} INFO - [2024-09-04T21:06:54.887+0000] {dag.py:3211} INFO - Sync 1 DAGs
[2024-09-04T21:06:54.911+0000] {logging_mixin.py:190} INFO - [2024-09-04T21:06:54.910+0000] {dag.py:4138} INFO - Setting next_dagrun for example_task_group_decorator to 2024-09-03 00:00:00+00:00, run_after=2024-09-04 00:00:00+00:00
[2024-09-04T21:06:54.940+0000] {processor.py:208} INFO - Processing /home/airflow/.local/lib/python3.12/site-packages/airflow/example_dags/example_task_group_decorator.py took 0.126 seconds
[2024-09-04T21:07:25.240+0000] {processor.py:186} INFO - Started process (PID=958) to work on /home/airflow/.local/lib/python3.12/site-packages/airflow/example_dags/example_task_group_decorator.py
[2024-09-04T21:07:25.241+0000] {processor.py:914} INFO - Processing file /home/airflow/.local/lib/python3.12/site-packages/airflow/example_dags/example_task_group_decorator.py for tasks to queue
[2024-09-04T21:07:25.244+0000] {logging_mixin.py:190} INFO - [2024-09-04T21:07:25.243+0000] {dagbag.py:587} INFO - Filling up the DagBag from /home/airflow/.local/lib/python3.12/site-packages/airflow/example_dags/example_task_group_decorator.py
[2024-09-04T21:07:25.259+0000] {processor.py:925} INFO - DAG(s) 'example_task_group_decorator' retrieved from /home/airflow/.local/lib/python3.12/site-packages/airflow/example_dags/example_task_group_decorator.py
[2024-09-04T21:07:25.285+0000] {logging_mixin.py:190} INFO - [2024-09-04T21:07:25.285+0000] {dag.py:3211} INFO - Sync 1 DAGs
[2024-09-04T21:07:25.310+0000] {logging_mixin.py:190} INFO - [2024-09-04T21:07:25.309+0000] {dag.py:4138} INFO - Setting next_dagrun for example_task_group_decorator to 2024-09-03 00:00:00+00:00, run_after=2024-09-04 00:00:00+00:00
[2024-09-04T21:07:25.330+0000] {processor.py:208} INFO - Processing /home/airflow/.local/lib/python3.12/site-packages/airflow/example_dags/example_task_group_decorator.py took 0.094 seconds
[2024-09-04T21:07:55.641+0000] {processor.py:186} INFO - Started process (PID=1021) to work on /home/airflow/.local/lib/python3.12/site-packages/airflow/example_dags/example_task_group_decorator.py
[2024-09-04T21:07:55.642+0000] {processor.py:914} INFO - Processing file /home/airflow/.local/lib/python3.12/site-packages/airflow/example_dags/example_task_group_decorator.py for tasks to queue
[2024-09-04T21:07:55.644+0000] {logging_mixin.py:190} INFO - [2024-09-04T21:07:55.643+0000] {dagbag.py:587} INFO - Filling up the DagBag from /home/airflow/.local/lib/python3.12/site-packages/airflow/example_dags/example_task_group_decorator.py
[2024-09-04T21:07:55.658+0000] {processor.py:925} INFO - DAG(s) 'example_task_group_decorator' retrieved from /home/airflow/.local/lib/python3.12/site-packages/airflow/example_dags/example_task_group_decorator.py
[2024-09-04T21:07:55.688+0000] {logging_mixin.py:190} INFO - [2024-09-04T21:07:55.688+0000] {dag.py:3211} INFO - Sync 1 DAGs
[2024-09-04T21:07:55.712+0000] {logging_mixin.py:190} INFO - [2024-09-04T21:07:55.711+0000] {dag.py:4138} INFO - Setting next_dagrun for example_task_group_decorator to 2024-09-03 00:00:00+00:00, run_after=2024-09-04 00:00:00+00:00
[2024-09-04T21:07:55.736+0000] {processor.py:208} INFO - Processing /home/airflow/.local/lib/python3.12/site-packages/airflow/example_dags/example_task_group_decorator.py took 0.100 seconds
[2024-09-04T21:08:26.686+0000] {processor.py:186} INFO - Started process (PID=1083) to work on /home/airflow/.local/lib/python3.12/site-packages/airflow/example_dags/example_task_group_decorator.py
[2024-09-04T21:08:26.687+0000] {processor.py:914} INFO - Processing file /home/airflow/.local/lib/python3.12/site-packages/airflow/example_dags/example_task_group_decorator.py for tasks to queue
[2024-09-04T21:08:26.690+0000] {logging_mixin.py:190} INFO - [2024-09-04T21:08:26.689+0000] {dagbag.py:587} INFO - Filling up the DagBag from /home/airflow/.local/lib/python3.12/site-packages/airflow/example_dags/example_task_group_decorator.py
[2024-09-04T21:08:26.703+0000] {processor.py:925} INFO - DAG(s) 'example_task_group_decorator' retrieved from /home/airflow/.local/lib/python3.12/site-packages/airflow/example_dags/example_task_group_decorator.py
[2024-09-04T21:08:26.728+0000] {logging_mixin.py:190} INFO - [2024-09-04T21:08:26.727+0000] {dag.py:3211} INFO - Sync 1 DAGs
[2024-09-04T21:08:26.748+0000] {logging_mixin.py:190} INFO - [2024-09-04T21:08:26.748+0000] {dag.py:4138} INFO - Setting next_dagrun for example_task_group_decorator to 2024-09-03 00:00:00+00:00, run_after=2024-09-04 00:00:00+00:00
[2024-09-04T21:08:26.767+0000] {processor.py:208} INFO - Processing /home/airflow/.local/lib/python3.12/site-packages/airflow/example_dags/example_task_group_decorator.py took 0.086 seconds
[2024-09-04T21:08:57.303+0000] {processor.py:186} INFO - Started process (PID=1145) to work on /home/airflow/.local/lib/python3.12/site-packages/airflow/example_dags/example_task_group_decorator.py
[2024-09-04T21:08:57.304+0000] {processor.py:914} INFO - Processing file /home/airflow/.local/lib/python3.12/site-packages/airflow/example_dags/example_task_group_decorator.py for tasks to queue
[2024-09-04T21:08:57.307+0000] {logging_mixin.py:190} INFO - [2024-09-04T21:08:57.306+0000] {dagbag.py:587} INFO - Filling up the DagBag from /home/airflow/.local/lib/python3.12/site-packages/airflow/example_dags/example_task_group_decorator.py
[2024-09-04T21:08:57.320+0000] {processor.py:925} INFO - DAG(s) 'example_task_group_decorator' retrieved from /home/airflow/.local/lib/python3.12/site-packages/airflow/example_dags/example_task_group_decorator.py
[2024-09-04T21:08:57.343+0000] {logging_mixin.py:190} INFO - [2024-09-04T21:08:57.343+0000] {dag.py:3211} INFO - Sync 1 DAGs
[2024-09-04T21:08:57.363+0000] {logging_mixin.py:190} INFO - [2024-09-04T21:08:57.363+0000] {dag.py:4138} INFO - Setting next_dagrun for example_task_group_decorator to 2024-09-03 00:00:00+00:00, run_after=2024-09-04 00:00:00+00:00
[2024-09-04T21:08:57.383+0000] {processor.py:208} INFO - Processing /home/airflow/.local/lib/python3.12/site-packages/airflow/example_dags/example_task_group_decorator.py took 0.085 seconds
[2024-09-04T21:09:27.651+0000] {processor.py:186} INFO - Started process (PID=1207) to work on /home/airflow/.local/lib/python3.12/site-packages/airflow/example_dags/example_task_group_decorator.py
[2024-09-04T21:09:27.652+0000] {processor.py:914} INFO - Processing file /home/airflow/.local/lib/python3.12/site-packages/airflow/example_dags/example_task_group_decorator.py for tasks to queue
[2024-09-04T21:09:27.655+0000] {logging_mixin.py:190} INFO - [2024-09-04T21:09:27.654+0000] {dagbag.py:587} INFO - Filling up the DagBag from /home/airflow/.local/lib/python3.12/site-packages/airflow/example_dags/example_task_group_decorator.py
[2024-09-04T21:09:27.667+0000] {processor.py:925} INFO - DAG(s) 'example_task_group_decorator' retrieved from /home/airflow/.local/lib/python3.12/site-packages/airflow/example_dags/example_task_group_decorator.py
[2024-09-04T21:09:27.691+0000] {logging_mixin.py:190} INFO - [2024-09-04T21:09:27.691+0000] {dag.py:3211} INFO - Sync 1 DAGs
[2024-09-04T21:09:27.711+0000] {logging_mixin.py:190} INFO - [2024-09-04T21:09:27.711+0000] {dag.py:4138} INFO - Setting next_dagrun for example_task_group_decorator to 2024-09-03 00:00:00+00:00, run_after=2024-09-04 00:00:00+00:00
[2024-09-04T21:09:27.731+0000] {processor.py:208} INFO - Processing /home/airflow/.local/lib/python3.12/site-packages/airflow/example_dags/example_task_group_decorator.py took 0.085 seconds
[2024-09-04T21:09:58.086+0000] {processor.py:186} INFO - Started process (PID=1269) to work on /home/airflow/.local/lib/python3.12/site-packages/airflow/example_dags/example_task_group_decorator.py
[2024-09-04T21:09:58.088+0000] {processor.py:914} INFO - Processing file /home/airflow/.local/lib/python3.12/site-packages/airflow/example_dags/example_task_group_decorator.py for tasks to queue
[2024-09-04T21:09:58.090+0000] {logging_mixin.py:190} INFO - [2024-09-04T21:09:58.090+0000] {dagbag.py:587} INFO - Filling up the DagBag from /home/airflow/.local/lib/python3.12/site-packages/airflow/example_dags/example_task_group_decorator.py
[2024-09-04T21:09:58.103+0000] {processor.py:925} INFO - DAG(s) 'example_task_group_decorator' retrieved from /home/airflow/.local/lib/python3.12/site-packages/airflow/example_dags/example_task_group_decorator.py
[2024-09-04T21:09:58.127+0000] {logging_mixin.py:190} INFO - [2024-09-04T21:09:58.126+0000] {dag.py:3211} INFO - Sync 1 DAGs
[2024-09-04T21:09:58.145+0000] {logging_mixin.py:190} INFO - [2024-09-04T21:09:58.145+0000] {dag.py:4138} INFO - Setting next_dagrun for example_task_group_decorator to 2024-09-03 00:00:00+00:00, run_after=2024-09-04 00:00:00+00:00
[2024-09-04T21:09:58.165+0000] {processor.py:208} INFO - Processing /home/airflow/.local/lib/python3.12/site-packages/airflow/example_dags/example_task_group_decorator.py took 0.084 seconds
[2024-09-04T21:10:28.568+0000] {processor.py:186} INFO - Started process (PID=1332) to work on /home/airflow/.local/lib/python3.12/site-packages/airflow/example_dags/example_task_group_decorator.py
[2024-09-04T21:10:28.569+0000] {processor.py:914} INFO - Processing file /home/airflow/.local/lib/python3.12/site-packages/airflow/example_dags/example_task_group_decorator.py for tasks to queue
[2024-09-04T21:10:28.572+0000] {logging_mixin.py:190} INFO - [2024-09-04T21:10:28.572+0000] {dagbag.py:587} INFO - Filling up the DagBag from /home/airflow/.local/lib/python3.12/site-packages/airflow/example_dags/example_task_group_decorator.py
[2024-09-04T21:10:28.586+0000] {processor.py:925} INFO - DAG(s) 'example_task_group_decorator' retrieved from /home/airflow/.local/lib/python3.12/site-packages/airflow/example_dags/example_task_group_decorator.py
[2024-09-04T21:10:28.612+0000] {logging_mixin.py:190} INFO - [2024-09-04T21:10:28.612+0000] {dag.py:3211} INFO - Sync 1 DAGs
[2024-09-04T21:10:28.637+0000] {logging_mixin.py:190} INFO - [2024-09-04T21:10:28.637+0000] {dag.py:4138} INFO - Setting next_dagrun for example_task_group_decorator to 2024-09-03 00:00:00+00:00, run_after=2024-09-04 00:00:00+00:00
[2024-09-04T21:10:28.658+0000] {processor.py:208} INFO - Processing /home/airflow/.local/lib/python3.12/site-packages/airflow/example_dags/example_task_group_decorator.py took 0.096 seconds
[2024-09-04T21:10:59.096+0000] {processor.py:186} INFO - Started process (PID=1395) to work on /home/airflow/.local/lib/python3.12/site-packages/airflow/example_dags/example_task_group_decorator.py
[2024-09-04T21:10:59.097+0000] {processor.py:914} INFO - Processing file /home/airflow/.local/lib/python3.12/site-packages/airflow/example_dags/example_task_group_decorator.py for tasks to queue
[2024-09-04T21:10:59.100+0000] {logging_mixin.py:190} INFO - [2024-09-04T21:10:59.100+0000] {dagbag.py:587} INFO - Filling up the DagBag from /home/airflow/.local/lib/python3.12/site-packages/airflow/example_dags/example_task_group_decorator.py
[2024-09-04T21:10:59.116+0000] {processor.py:925} INFO - DAG(s) 'example_task_group_decorator' retrieved from /home/airflow/.local/lib/python3.12/site-packages/airflow/example_dags/example_task_group_decorator.py
[2024-09-04T21:10:59.146+0000] {logging_mixin.py:190} INFO - [2024-09-04T21:10:59.145+0000] {dag.py:3211} INFO - Sync 1 DAGs
[2024-09-04T21:10:59.172+0000] {logging_mixin.py:190} INFO - [2024-09-04T21:10:59.172+0000] {dag.py:4138} INFO - Setting next_dagrun for example_task_group_decorator to 2024-09-03 00:00:00+00:00, run_after=2024-09-04 00:00:00+00:00
[2024-09-04T21:10:59.193+0000] {processor.py:208} INFO - Processing /home/airflow/.local/lib/python3.12/site-packages/airflow/example_dags/example_task_group_decorator.py took 0.103 seconds
[2024-09-04T21:11:30.159+0000] {processor.py:186} INFO - Started process (PID=1458) to work on /home/airflow/.local/lib/python3.12/site-packages/airflow/example_dags/example_task_group_decorator.py
[2024-09-04T21:11:30.160+0000] {processor.py:914} INFO - Processing file /home/airflow/.local/lib/python3.12/site-packages/airflow/example_dags/example_task_group_decorator.py for tasks to queue
[2024-09-04T21:11:30.162+0000] {logging_mixin.py:190} INFO - [2024-09-04T21:11:30.162+0000] {dagbag.py:587} INFO - Filling up the DagBag from /home/airflow/.local/lib/python3.12/site-packages/airflow/example_dags/example_task_group_decorator.py
[2024-09-04T21:11:30.177+0000] {processor.py:925} INFO - DAG(s) 'example_task_group_decorator' retrieved from /home/airflow/.local/lib/python3.12/site-packages/airflow/example_dags/example_task_group_decorator.py
[2024-09-04T21:11:30.207+0000] {logging_mixin.py:190} INFO - [2024-09-04T21:11:30.207+0000] {dag.py:3211} INFO - Sync 1 DAGs
[2024-09-04T21:11:30.230+0000] {logging_mixin.py:190} INFO - [2024-09-04T21:11:30.230+0000] {dag.py:4138} INFO - Setting next_dagrun for example_task_group_decorator to 2024-09-03 00:00:00+00:00, run_after=2024-09-04 00:00:00+00:00
[2024-09-04T21:11:30.251+0000] {processor.py:208} INFO - Processing /home/airflow/.local/lib/python3.12/site-packages/airflow/example_dags/example_task_group_decorator.py took 0.098 seconds
[2024-09-04T21:12:00.748+0000] {processor.py:186} INFO - Started process (PID=1521) to work on /home/airflow/.local/lib/python3.12/site-packages/airflow/example_dags/example_task_group_decorator.py
[2024-09-04T21:12:00.750+0000] {processor.py:914} INFO - Processing file /home/airflow/.local/lib/python3.12/site-packages/airflow/example_dags/example_task_group_decorator.py for tasks to queue
[2024-09-04T21:12:00.752+0000] {logging_mixin.py:190} INFO - [2024-09-04T21:12:00.752+0000] {dagbag.py:587} INFO - Filling up the DagBag from /home/airflow/.local/lib/python3.12/site-packages/airflow/example_dags/example_task_group_decorator.py
[2024-09-04T21:12:00.767+0000] {processor.py:925} INFO - DAG(s) 'example_task_group_decorator' retrieved from /home/airflow/.local/lib/python3.12/site-packages/airflow/example_dags/example_task_group_decorator.py
[2024-09-04T21:12:00.793+0000] {logging_mixin.py:190} INFO - [2024-09-04T21:12:00.792+0000] {dag.py:3211} INFO - Sync 1 DAGs
[2024-09-04T21:12:00.815+0000] {logging_mixin.py:190} INFO - [2024-09-04T21:12:00.814+0000] {dag.py:4138} INFO - Setting next_dagrun for example_task_group_decorator to 2024-09-03 00:00:00+00:00, run_after=2024-09-04 00:00:00+00:00
[2024-09-04T21:12:00.834+0000] {processor.py:208} INFO - Processing /home/airflow/.local/lib/python3.12/site-packages/airflow/example_dags/example_task_group_decorator.py took 0.091 seconds
[2024-09-04T21:12:31.491+0000] {processor.py:186} INFO - Started process (PID=1585) to work on /home/airflow/.local/lib/python3.12/site-packages/airflow/example_dags/example_task_group_decorator.py
[2024-09-04T21:12:31.493+0000] {processor.py:914} INFO - Processing file /home/airflow/.local/lib/python3.12/site-packages/airflow/example_dags/example_task_group_decorator.py for tasks to queue
[2024-09-04T21:12:31.495+0000] {logging_mixin.py:190} INFO - [2024-09-04T21:12:31.495+0000] {dagbag.py:587} INFO - Filling up the DagBag from /home/airflow/.local/lib/python3.12/site-packages/airflow/example_dags/example_task_group_decorator.py
[2024-09-04T21:12:31.510+0000] {processor.py:925} INFO - DAG(s) 'example_task_group_decorator' retrieved from /home/airflow/.local/lib/python3.12/site-packages/airflow/example_dags/example_task_group_decorator.py
[2024-09-04T21:12:31.535+0000] {logging_mixin.py:190} INFO - [2024-09-04T21:12:31.535+0000] {dag.py:3211} INFO - Sync 1 DAGs
[2024-09-04T21:12:31.559+0000] {logging_mixin.py:190} INFO - [2024-09-04T21:12:31.559+0000] {dag.py:4138} INFO - Setting next_dagrun for example_task_group_decorator to 2024-09-03 00:00:00+00:00, run_after=2024-09-04 00:00:00+00:00
[2024-09-04T21:12:31.579+0000] {processor.py:208} INFO - Processing /home/airflow/.local/lib/python3.12/site-packages/airflow/example_dags/example_task_group_decorator.py took 0.093 seconds
[2024-09-04T21:13:02.353+0000] {processor.py:186} INFO - Started process (PID=1648) to work on /home/airflow/.local/lib/python3.12/site-packages/airflow/example_dags/example_task_group_decorator.py
[2024-09-04T21:13:02.354+0000] {processor.py:914} INFO - Processing file /home/airflow/.local/lib/python3.12/site-packages/airflow/example_dags/example_task_group_decorator.py for tasks to queue
[2024-09-04T21:13:02.356+0000] {logging_mixin.py:190} INFO - [2024-09-04T21:13:02.356+0000] {dagbag.py:587} INFO - Filling up the DagBag from /home/airflow/.local/lib/python3.12/site-packages/airflow/example_dags/example_task_group_decorator.py
[2024-09-04T21:13:02.370+0000] {processor.py:925} INFO - DAG(s) 'example_task_group_decorator' retrieved from /home/airflow/.local/lib/python3.12/site-packages/airflow/example_dags/example_task_group_decorator.py
[2024-09-04T21:13:02.397+0000] {logging_mixin.py:190} INFO - [2024-09-04T21:13:02.397+0000] {dag.py:3211} INFO - Sync 1 DAGs
[2024-09-04T21:13:02.417+0000] {logging_mixin.py:190} INFO - [2024-09-04T21:13:02.417+0000] {dag.py:4138} INFO - Setting next_dagrun for example_task_group_decorator to 2024-09-03 00:00:00+00:00, run_after=2024-09-04 00:00:00+00:00
[2024-09-04T21:13:02.437+0000] {processor.py:208} INFO - Processing /home/airflow/.local/lib/python3.12/site-packages/airflow/example_dags/example_task_group_decorator.py took 0.090 seconds
[2024-09-04T21:13:33.285+0000] {processor.py:186} INFO - Started process (PID=1711) to work on /home/airflow/.local/lib/python3.12/site-packages/airflow/example_dags/example_task_group_decorator.py
[2024-09-04T21:13:33.286+0000] {processor.py:914} INFO - Processing file /home/airflow/.local/lib/python3.12/site-packages/airflow/example_dags/example_task_group_decorator.py for tasks to queue
[2024-09-04T21:13:33.288+0000] {logging_mixin.py:190} INFO - [2024-09-04T21:13:33.288+0000] {dagbag.py:587} INFO - Filling up the DagBag from /home/airflow/.local/lib/python3.12/site-packages/airflow/example_dags/example_task_group_decorator.py
[2024-09-04T21:13:33.304+0000] {processor.py:925} INFO - DAG(s) 'example_task_group_decorator' retrieved from /home/airflow/.local/lib/python3.12/site-packages/airflow/example_dags/example_task_group_decorator.py
[2024-09-04T21:13:33.331+0000] {logging_mixin.py:190} INFO - [2024-09-04T21:13:33.331+0000] {dag.py:3211} INFO - Sync 1 DAGs
[2024-09-04T21:13:33.353+0000] {logging_mixin.py:190} INFO - [2024-09-04T21:13:33.353+0000] {dag.py:4138} INFO - Setting next_dagrun for example_task_group_decorator to 2024-09-03 00:00:00+00:00, run_after=2024-09-04 00:00:00+00:00
[2024-09-04T21:13:33.371+0000] {processor.py:208} INFO - Processing /home/airflow/.local/lib/python3.12/site-packages/airflow/example_dags/example_task_group_decorator.py took 0.092 seconds
[2024-09-04T21:14:04.218+0000] {processor.py:186} INFO - Started process (PID=1774) to work on /home/airflow/.local/lib/python3.12/site-packages/airflow/example_dags/example_task_group_decorator.py
[2024-09-04T21:14:04.219+0000] {processor.py:914} INFO - Processing file /home/airflow/.local/lib/python3.12/site-packages/airflow/example_dags/example_task_group_decorator.py for tasks to queue
[2024-09-04T21:14:04.222+0000] {logging_mixin.py:190} INFO - [2024-09-04T21:14:04.222+0000] {dagbag.py:587} INFO - Filling up the DagBag from /home/airflow/.local/lib/python3.12/site-packages/airflow/example_dags/example_task_group_decorator.py
[2024-09-04T21:14:04.236+0000] {processor.py:925} INFO - DAG(s) 'example_task_group_decorator' retrieved from /home/airflow/.local/lib/python3.12/site-packages/airflow/example_dags/example_task_group_decorator.py
[2024-09-04T21:14:04.261+0000] {logging_mixin.py:190} INFO - [2024-09-04T21:14:04.261+0000] {dag.py:3211} INFO - Sync 1 DAGs
[2024-09-04T21:14:04.283+0000] {logging_mixin.py:190} INFO - [2024-09-04T21:14:04.283+0000] {dag.py:4138} INFO - Setting next_dagrun for example_task_group_decorator to 2024-09-03 00:00:00+00:00, run_after=2024-09-04 00:00:00+00:00
[2024-09-04T21:14:04.304+0000] {processor.py:208} INFO - Processing /home/airflow/.local/lib/python3.12/site-packages/airflow/example_dags/example_task_group_decorator.py took 0.092 seconds
[2024-09-04T21:14:35.079+0000] {processor.py:186} INFO - Started process (PID=1837) to work on /home/airflow/.local/lib/python3.12/site-packages/airflow/example_dags/example_task_group_decorator.py
[2024-09-04T21:14:35.080+0000] {processor.py:914} INFO - Processing file /home/airflow/.local/lib/python3.12/site-packages/airflow/example_dags/example_task_group_decorator.py for tasks to queue
[2024-09-04T21:14:35.082+0000] {logging_mixin.py:190} INFO - [2024-09-04T21:14:35.082+0000] {dagbag.py:587} INFO - Filling up the DagBag from /home/airflow/.local/lib/python3.12/site-packages/airflow/example_dags/example_task_group_decorator.py
[2024-09-04T21:14:35.097+0000] {processor.py:925} INFO - DAG(s) 'example_task_group_decorator' retrieved from /home/airflow/.local/lib/python3.12/site-packages/airflow/example_dags/example_task_group_decorator.py
[2024-09-04T21:14:35.123+0000] {logging_mixin.py:190} INFO - [2024-09-04T21:14:35.122+0000] {dag.py:3211} INFO - Sync 1 DAGs
[2024-09-04T21:14:35.145+0000] {logging_mixin.py:190} INFO - [2024-09-04T21:14:35.145+0000] {dag.py:4138} INFO - Setting next_dagrun for example_task_group_decorator to 2024-09-03 00:00:00+00:00, run_after=2024-09-04 00:00:00+00:00
[2024-09-04T21:14:35.166+0000] {processor.py:208} INFO - Processing /home/airflow/.local/lib/python3.12/site-packages/airflow/example_dags/example_task_group_decorator.py took 0.092 seconds
[2024-09-04T21:15:07.149+0000] {processor.py:186} INFO - Started process (PID=1900) to work on /home/airflow/.local/lib/python3.12/site-packages/airflow/example_dags/example_task_group_decorator.py
[2024-09-04T21:15:07.153+0000] {processor.py:914} INFO - Processing file /home/airflow/.local/lib/python3.12/site-packages/airflow/example_dags/example_task_group_decorator.py for tasks to queue
[2024-09-04T21:15:07.160+0000] {logging_mixin.py:190} INFO - [2024-09-04T21:15:07.159+0000] {dagbag.py:587} INFO - Filling up the DagBag from /home/airflow/.local/lib/python3.12/site-packages/airflow/example_dags/example_task_group_decorator.py
[2024-09-04T21:15:07.209+0000] {processor.py:925} INFO - DAG(s) 'example_task_group_decorator' retrieved from /home/airflow/.local/lib/python3.12/site-packages/airflow/example_dags/example_task_group_decorator.py
[2024-09-04T21:15:07.279+0000] {logging_mixin.py:190} INFO - [2024-09-04T21:15:07.278+0000] {dag.py:3211} INFO - Sync 1 DAGs
[2024-09-04T21:15:07.345+0000] {logging_mixin.py:190} INFO - [2024-09-04T21:15:07.344+0000] {dag.py:4138} INFO - Setting next_dagrun for example_task_group_decorator to 2024-09-03 00:00:00+00:00, run_after=2024-09-04 00:00:00+00:00
[2024-09-04T21:15:07.395+0000] {processor.py:208} INFO - Processing /home/airflow/.local/lib/python3.12/site-packages/airflow/example_dags/example_task_group_decorator.py took 0.261 seconds
[2024-09-04T21:15:37.444+0000] {processor.py:186} INFO - Started process (PID=1963) to work on /home/airflow/.local/lib/python3.12/site-packages/airflow/example_dags/example_task_group_decorator.py
[2024-09-04T21:15:37.445+0000] {processor.py:914} INFO - Processing file /home/airflow/.local/lib/python3.12/site-packages/airflow/example_dags/example_task_group_decorator.py for tasks to queue
[2024-09-04T21:15:37.447+0000] {logging_mixin.py:190} INFO - [2024-09-04T21:15:37.446+0000] {dagbag.py:587} INFO - Filling up the DagBag from /home/airflow/.local/lib/python3.12/site-packages/airflow/example_dags/example_task_group_decorator.py
[2024-09-04T21:15:37.462+0000] {processor.py:925} INFO - DAG(s) 'example_task_group_decorator' retrieved from /home/airflow/.local/lib/python3.12/site-packages/airflow/example_dags/example_task_group_decorator.py
[2024-09-04T21:15:37.490+0000] {logging_mixin.py:190} INFO - [2024-09-04T21:15:37.490+0000] {dag.py:3211} INFO - Sync 1 DAGs
[2024-09-04T21:15:37.512+0000] {logging_mixin.py:190} INFO - [2024-09-04T21:15:37.512+0000] {dag.py:4138} INFO - Setting next_dagrun for example_task_group_decorator to 2024-09-03 00:00:00+00:00, run_after=2024-09-04 00:00:00+00:00
[2024-09-04T21:15:37.537+0000] {processor.py:208} INFO - Processing /home/airflow/.local/lib/python3.12/site-packages/airflow/example_dags/example_task_group_decorator.py took 0.098 seconds
[2024-09-04T21:16:08.526+0000] {processor.py:186} INFO - Started process (PID=2027) to work on /home/airflow/.local/lib/python3.12/site-packages/airflow/example_dags/example_task_group_decorator.py
[2024-09-04T21:16:08.527+0000] {processor.py:914} INFO - Processing file /home/airflow/.local/lib/python3.12/site-packages/airflow/example_dags/example_task_group_decorator.py for tasks to queue
[2024-09-04T21:16:08.529+0000] {logging_mixin.py:190} INFO - [2024-09-04T21:16:08.529+0000] {dagbag.py:587} INFO - Filling up the DagBag from /home/airflow/.local/lib/python3.12/site-packages/airflow/example_dags/example_task_group_decorator.py
[2024-09-04T21:16:08.543+0000] {processor.py:925} INFO - DAG(s) 'example_task_group_decorator' retrieved from /home/airflow/.local/lib/python3.12/site-packages/airflow/example_dags/example_task_group_decorator.py
[2024-09-04T21:16:08.567+0000] {logging_mixin.py:190} INFO - [2024-09-04T21:16:08.567+0000] {dag.py:3211} INFO - Sync 1 DAGs
[2024-09-04T21:16:08.586+0000] {logging_mixin.py:190} INFO - [2024-09-04T21:16:08.586+0000] {dag.py:4138} INFO - Setting next_dagrun for example_task_group_decorator to 2024-09-03 00:00:00+00:00, run_after=2024-09-04 00:00:00+00:00
[2024-09-04T21:16:08.604+0000] {processor.py:208} INFO - Processing /home/airflow/.local/lib/python3.12/site-packages/airflow/example_dags/example_task_group_decorator.py took 0.084 seconds
[2024-09-04T21:16:38.885+0000] {processor.py:186} INFO - Started process (PID=2090) to work on /home/airflow/.local/lib/python3.12/site-packages/airflow/example_dags/example_task_group_decorator.py
[2024-09-04T21:16:38.886+0000] {processor.py:914} INFO - Processing file /home/airflow/.local/lib/python3.12/site-packages/airflow/example_dags/example_task_group_decorator.py for tasks to queue
[2024-09-04T21:16:38.888+0000] {logging_mixin.py:190} INFO - [2024-09-04T21:16:38.888+0000] {dagbag.py:587} INFO - Filling up the DagBag from /home/airflow/.local/lib/python3.12/site-packages/airflow/example_dags/example_task_group_decorator.py
[2024-09-04T21:16:38.903+0000] {processor.py:925} INFO - DAG(s) 'example_task_group_decorator' retrieved from /home/airflow/.local/lib/python3.12/site-packages/airflow/example_dags/example_task_group_decorator.py
[2024-09-04T21:16:38.929+0000] {logging_mixin.py:190} INFO - [2024-09-04T21:16:38.929+0000] {dag.py:3211} INFO - Sync 1 DAGs
[2024-09-04T21:16:38.951+0000] {logging_mixin.py:190} INFO - [2024-09-04T21:16:38.951+0000] {dag.py:4138} INFO - Setting next_dagrun for example_task_group_decorator to 2024-09-03 00:00:00+00:00, run_after=2024-09-04 00:00:00+00:00
[2024-09-04T21:16:38.970+0000] {processor.py:208} INFO - Processing /home/airflow/.local/lib/python3.12/site-packages/airflow/example_dags/example_task_group_decorator.py took 0.091 seconds
[2024-09-04T21:17:09.254+0000] {processor.py:186} INFO - Started process (PID=2153) to work on /home/airflow/.local/lib/python3.12/site-packages/airflow/example_dags/example_task_group_decorator.py
[2024-09-04T21:17:09.255+0000] {processor.py:914} INFO - Processing file /home/airflow/.local/lib/python3.12/site-packages/airflow/example_dags/example_task_group_decorator.py for tasks to queue
[2024-09-04T21:17:09.257+0000] {logging_mixin.py:190} INFO - [2024-09-04T21:17:09.257+0000] {dagbag.py:587} INFO - Filling up the DagBag from /home/airflow/.local/lib/python3.12/site-packages/airflow/example_dags/example_task_group_decorator.py
[2024-09-04T21:17:09.278+0000] {processor.py:925} INFO - DAG(s) 'example_task_group_decorator' retrieved from /home/airflow/.local/lib/python3.12/site-packages/airflow/example_dags/example_task_group_decorator.py
[2024-09-04T21:17:09.312+0000] {logging_mixin.py:190} INFO - [2024-09-04T21:17:09.311+0000] {dag.py:3211} INFO - Sync 1 DAGs
[2024-09-04T21:17:09.339+0000] {logging_mixin.py:190} INFO - [2024-09-04T21:17:09.339+0000] {dag.py:4138} INFO - Setting next_dagrun for example_task_group_decorator to 2024-09-03 00:00:00+00:00, run_after=2024-09-04 00:00:00+00:00
[2024-09-04T21:17:09.365+0000] {processor.py:208} INFO - Processing /home/airflow/.local/lib/python3.12/site-packages/airflow/example_dags/example_task_group_decorator.py took 0.119 seconds
[2024-09-04T21:17:39.491+0000] {processor.py:186} INFO - Started process (PID=2216) to work on /home/airflow/.local/lib/python3.12/site-packages/airflow/example_dags/example_task_group_decorator.py
[2024-09-04T21:17:39.492+0000] {processor.py:914} INFO - Processing file /home/airflow/.local/lib/python3.12/site-packages/airflow/example_dags/example_task_group_decorator.py for tasks to queue
[2024-09-04T21:17:39.494+0000] {logging_mixin.py:190} INFO - [2024-09-04T21:17:39.494+0000] {dagbag.py:587} INFO - Filling up the DagBag from /home/airflow/.local/lib/python3.12/site-packages/airflow/example_dags/example_task_group_decorator.py
[2024-09-04T21:17:39.508+0000] {processor.py:925} INFO - DAG(s) 'example_task_group_decorator' retrieved from /home/airflow/.local/lib/python3.12/site-packages/airflow/example_dags/example_task_group_decorator.py
[2024-09-04T21:17:39.533+0000] {logging_mixin.py:190} INFO - [2024-09-04T21:17:39.532+0000] {dag.py:3211} INFO - Sync 1 DAGs
[2024-09-04T21:17:39.554+0000] {logging_mixin.py:190} INFO - [2024-09-04T21:17:39.554+0000] {dag.py:4138} INFO - Setting next_dagrun for example_task_group_decorator to 2024-09-03 00:00:00+00:00, run_after=2024-09-04 00:00:00+00:00
[2024-09-04T21:17:39.572+0000] {processor.py:208} INFO - Processing /home/airflow/.local/lib/python3.12/site-packages/airflow/example_dags/example_task_group_decorator.py took 0.086 seconds
[2024-09-04T21:18:09.821+0000] {processor.py:186} INFO - Started process (PID=2279) to work on /home/airflow/.local/lib/python3.12/site-packages/airflow/example_dags/example_task_group_decorator.py
[2024-09-04T21:18:09.822+0000] {processor.py:914} INFO - Processing file /home/airflow/.local/lib/python3.12/site-packages/airflow/example_dags/example_task_group_decorator.py for tasks to queue
[2024-09-04T21:18:09.825+0000] {logging_mixin.py:190} INFO - [2024-09-04T21:18:09.825+0000] {dagbag.py:587} INFO - Filling up the DagBag from /home/airflow/.local/lib/python3.12/site-packages/airflow/example_dags/example_task_group_decorator.py
[2024-09-04T21:18:09.839+0000] {processor.py:925} INFO - DAG(s) 'example_task_group_decorator' retrieved from /home/airflow/.local/lib/python3.12/site-packages/airflow/example_dags/example_task_group_decorator.py
[2024-09-04T21:18:09.864+0000] {logging_mixin.py:190} INFO - [2024-09-04T21:18:09.864+0000] {dag.py:3211} INFO - Sync 1 DAGs
[2024-09-04T21:18:09.885+0000] {logging_mixin.py:190} INFO - [2024-09-04T21:18:09.885+0000] {dag.py:4138} INFO - Setting next_dagrun for example_task_group_decorator to 2024-09-03 00:00:00+00:00, run_after=2024-09-04 00:00:00+00:00
[2024-09-04T21:18:09.908+0000] {processor.py:208} INFO - Processing /home/airflow/.local/lib/python3.12/site-packages/airflow/example_dags/example_task_group_decorator.py took 0.093 seconds
[2024-09-04T21:18:40.442+0000] {processor.py:186} INFO - Started process (PID=2342) to work on /home/airflow/.local/lib/python3.12/site-packages/airflow/example_dags/example_task_group_decorator.py
[2024-09-04T21:18:40.444+0000] {processor.py:914} INFO - Processing file /home/airflow/.local/lib/python3.12/site-packages/airflow/example_dags/example_task_group_decorator.py for tasks to queue
[2024-09-04T21:18:40.451+0000] {logging_mixin.py:190} INFO - [2024-09-04T21:18:40.451+0000] {dagbag.py:587} INFO - Filling up the DagBag from /home/airflow/.local/lib/python3.12/site-packages/airflow/example_dags/example_task_group_decorator.py
[2024-09-04T21:18:40.483+0000] {processor.py:925} INFO - DAG(s) 'example_task_group_decorator' retrieved from /home/airflow/.local/lib/python3.12/site-packages/airflow/example_dags/example_task_group_decorator.py
[2024-09-04T21:18:40.534+0000] {logging_mixin.py:190} INFO - [2024-09-04T21:18:40.533+0000] {dag.py:3211} INFO - Sync 1 DAGs
[2024-09-04T21:18:40.574+0000] {logging_mixin.py:190} INFO - [2024-09-04T21:18:40.573+0000] {dag.py:4138} INFO - Setting next_dagrun for example_task_group_decorator to 2024-09-03 00:00:00+00:00, run_after=2024-09-04 00:00:00+00:00
[2024-09-04T21:18:40.605+0000] {processor.py:208} INFO - Processing /home/airflow/.local/lib/python3.12/site-packages/airflow/example_dags/example_task_group_decorator.py took 0.183 seconds
