[2024-09-04T20:52:38.478+0000] {processor.py:186} INFO - Started process (PID=114) to work on /home/airflow/.local/lib/python3.12/site-packages/airflow/example_dags/example_python_operator.py
[2024-09-04T20:52:38.480+0000] {processor.py:914} INFO - Processing file /home/airflow/.local/lib/python3.12/site-packages/airflow/example_dags/example_python_operator.py for tasks to queue
[2024-09-04T20:52:38.482+0000] {logging_mixin.py:190} INFO - [2024-09-04T20:52:38.482+0000] {dagbag.py:587} INFO - Filling up the DagBag from /home/airflow/.local/lib/python3.12/site-packages/airflow/example_dags/example_python_operator.py
[2024-09-04T20:52:38.498+0000] {processor.py:925} INFO - DAG(s) 'example_python_operator' retrieved from /home/airflow/.local/lib/python3.12/site-packages/airflow/example_dags/example_python_operator.py
[2024-09-04T20:52:38.632+0000] {logging_mixin.py:190} INFO - [2024-09-04T20:52:38.632+0000] {override.py:1858} INFO - Created Permission View: can delete on DAG:example_python_operator
[2024-09-04T20:52:38.650+0000] {logging_mixin.py:190} INFO - [2024-09-04T20:52:38.650+0000] {override.py:1858} INFO - Created Permission View: can edit on DAG:example_python_operator
[2024-09-04T20:52:38.658+0000] {logging_mixin.py:190} INFO - [2024-09-04T20:52:38.658+0000] {override.py:1858} INFO - Created Permission View: can read on DAG:example_python_operator
[2024-09-04T20:52:38.659+0000] {logging_mixin.py:190} INFO - [2024-09-04T20:52:38.659+0000] {dag.py:3211} INFO - Sync 1 DAGs
[2024-09-04T20:52:38.672+0000] {logging_mixin.py:190} INFO - [2024-09-04T20:52:38.672+0000] {dag.py:3234} INFO - Creating ORM DAG for example_python_operator
[2024-09-04T20:52:38.673+0000] {logging_mixin.py:190} INFO - [2024-09-04T20:52:38.673+0000] {dag.py:4138} INFO - Setting next_dagrun for example_python_operator to None, run_after=None
[2024-09-04T20:52:38.690+0000] {processor.py:208} INFO - Processing /home/airflow/.local/lib/python3.12/site-packages/airflow/example_dags/example_python_operator.py took 0.220 seconds
[2024-09-04T21:00:20.034+0000] {processor.py:186} INFO - Started process (PID=109) to work on /home/airflow/.local/lib/python3.12/site-packages/airflow/example_dags/example_python_operator.py
[2024-09-04T21:00:20.036+0000] {processor.py:914} INFO - Processing file /home/airflow/.local/lib/python3.12/site-packages/airflow/example_dags/example_python_operator.py for tasks to queue
[2024-09-04T21:00:20.040+0000] {logging_mixin.py:190} INFO - [2024-09-04T21:00:20.040+0000] {dagbag.py:587} INFO - Filling up the DagBag from /home/airflow/.local/lib/python3.12/site-packages/airflow/example_dags/example_python_operator.py
[2024-09-04T21:00:20.077+0000] {processor.py:925} INFO - DAG(s) 'example_python_operator' retrieved from /home/airflow/.local/lib/python3.12/site-packages/airflow/example_dags/example_python_operator.py
[2024-09-04T21:00:20.267+0000] {logging_mixin.py:190} INFO - [2024-09-04T21:00:20.266+0000] {dag.py:3211} INFO - Sync 1 DAGs
[2024-09-04T21:00:20.302+0000] {logging_mixin.py:190} INFO - [2024-09-04T21:00:20.302+0000] {dag.py:4138} INFO - Setting next_dagrun for example_python_operator to None, run_after=None
[2024-09-04T21:00:20.336+0000] {processor.py:208} INFO - Processing /home/airflow/.local/lib/python3.12/site-packages/airflow/example_dags/example_python_operator.py took 0.314 seconds
[2024-09-04T21:00:50.414+0000] {processor.py:186} INFO - Started process (PID=171) to work on /home/airflow/.local/lib/python3.12/site-packages/airflow/example_dags/example_python_operator.py
[2024-09-04T21:00:50.415+0000] {processor.py:914} INFO - Processing file /home/airflow/.local/lib/python3.12/site-packages/airflow/example_dags/example_python_operator.py for tasks to queue
[2024-09-04T21:00:50.417+0000] {logging_mixin.py:190} INFO - [2024-09-04T21:00:50.417+0000] {dagbag.py:587} INFO - Filling up the DagBag from /home/airflow/.local/lib/python3.12/site-packages/airflow/example_dags/example_python_operator.py
[2024-09-04T21:00:50.428+0000] {processor.py:925} INFO - DAG(s) 'example_python_operator' retrieved from /home/airflow/.local/lib/python3.12/site-packages/airflow/example_dags/example_python_operator.py
[2024-09-04T21:00:50.452+0000] {logging_mixin.py:190} INFO - [2024-09-04T21:00:50.451+0000] {dag.py:3211} INFO - Sync 1 DAGs
[2024-09-04T21:00:50.466+0000] {logging_mixin.py:190} INFO - [2024-09-04T21:00:50.466+0000] {dag.py:4138} INFO - Setting next_dagrun for example_python_operator to None, run_after=None
[2024-09-04T21:00:50.496+0000] {processor.py:208} INFO - Processing /home/airflow/.local/lib/python3.12/site-packages/airflow/example_dags/example_python_operator.py took 0.088 seconds
[2024-09-04T21:01:20.768+0000] {processor.py:186} INFO - Started process (PID=233) to work on /home/airflow/.local/lib/python3.12/site-packages/airflow/example_dags/example_python_operator.py
[2024-09-04T21:01:20.769+0000] {processor.py:914} INFO - Processing file /home/airflow/.local/lib/python3.12/site-packages/airflow/example_dags/example_python_operator.py for tasks to queue
[2024-09-04T21:01:20.771+0000] {logging_mixin.py:190} INFO - [2024-09-04T21:01:20.771+0000] {dagbag.py:587} INFO - Filling up the DagBag from /home/airflow/.local/lib/python3.12/site-packages/airflow/example_dags/example_python_operator.py
[2024-09-04T21:01:20.784+0000] {processor.py:925} INFO - DAG(s) 'example_python_operator' retrieved from /home/airflow/.local/lib/python3.12/site-packages/airflow/example_dags/example_python_operator.py
[2024-09-04T21:01:20.809+0000] {logging_mixin.py:190} INFO - [2024-09-04T21:01:20.809+0000] {dag.py:3211} INFO - Sync 1 DAGs
[2024-09-04T21:01:20.823+0000] {logging_mixin.py:190} INFO - [2024-09-04T21:01:20.823+0000] {dag.py:4138} INFO - Setting next_dagrun for example_python_operator to None, run_after=None
[2024-09-04T21:01:20.850+0000] {processor.py:208} INFO - Processing /home/airflow/.local/lib/python3.12/site-packages/airflow/example_dags/example_python_operator.py took 0.086 seconds
[2024-09-04T21:01:51.819+0000] {processor.py:186} INFO - Started process (PID=295) to work on /home/airflow/.local/lib/python3.12/site-packages/airflow/example_dags/example_python_operator.py
[2024-09-04T21:01:51.819+0000] {processor.py:914} INFO - Processing file /home/airflow/.local/lib/python3.12/site-packages/airflow/example_dags/example_python_operator.py for tasks to queue
[2024-09-04T21:01:51.821+0000] {logging_mixin.py:190} INFO - [2024-09-04T21:01:51.821+0000] {dagbag.py:587} INFO - Filling up the DagBag from /home/airflow/.local/lib/python3.12/site-packages/airflow/example_dags/example_python_operator.py
[2024-09-04T21:01:51.831+0000] {processor.py:925} INFO - DAG(s) 'example_python_operator' retrieved from /home/airflow/.local/lib/python3.12/site-packages/airflow/example_dags/example_python_operator.py
[2024-09-04T21:01:51.852+0000] {logging_mixin.py:190} INFO - [2024-09-04T21:01:51.852+0000] {dag.py:3211} INFO - Sync 1 DAGs
[2024-09-04T21:01:51.864+0000] {logging_mixin.py:190} INFO - [2024-09-04T21:01:51.864+0000] {dag.py:4138} INFO - Setting next_dagrun for example_python_operator to None, run_after=None
[2024-09-04T21:01:51.884+0000] {processor.py:208} INFO - Processing /home/airflow/.local/lib/python3.12/site-packages/airflow/example_dags/example_python_operator.py took 0.070 seconds
[2024-09-04T21:02:22.652+0000] {processor.py:186} INFO - Started process (PID=358) to work on /home/airflow/.local/lib/python3.12/site-packages/airflow/example_dags/example_python_operator.py
[2024-09-04T21:02:22.652+0000] {processor.py:914} INFO - Processing file /home/airflow/.local/lib/python3.12/site-packages/airflow/example_dags/example_python_operator.py for tasks to queue
[2024-09-04T21:02:22.655+0000] {logging_mixin.py:190} INFO - [2024-09-04T21:02:22.654+0000] {dagbag.py:587} INFO - Filling up the DagBag from /home/airflow/.local/lib/python3.12/site-packages/airflow/example_dags/example_python_operator.py
[2024-09-04T21:02:22.665+0000] {processor.py:925} INFO - DAG(s) 'example_python_operator' retrieved from /home/airflow/.local/lib/python3.12/site-packages/airflow/example_dags/example_python_operator.py
[2024-09-04T21:02:22.686+0000] {logging_mixin.py:190} INFO - [2024-09-04T21:02:22.686+0000] {dag.py:3211} INFO - Sync 1 DAGs
[2024-09-04T21:02:22.699+0000] {logging_mixin.py:190} INFO - [2024-09-04T21:02:22.698+0000] {dag.py:4138} INFO - Setting next_dagrun for example_python_operator to None, run_after=None
[2024-09-04T21:02:22.717+0000] {processor.py:208} INFO - Processing /home/airflow/.local/lib/python3.12/site-packages/airflow/example_dags/example_python_operator.py took 0.070 seconds
[2024-09-04T21:02:53.239+0000] {processor.py:186} INFO - Started process (PID=420) to work on /home/airflow/.local/lib/python3.12/site-packages/airflow/example_dags/example_python_operator.py
[2024-09-04T21:02:53.240+0000] {processor.py:914} INFO - Processing file /home/airflow/.local/lib/python3.12/site-packages/airflow/example_dags/example_python_operator.py for tasks to queue
[2024-09-04T21:02:53.242+0000] {logging_mixin.py:190} INFO - [2024-09-04T21:02:53.242+0000] {dagbag.py:587} INFO - Filling up the DagBag from /home/airflow/.local/lib/python3.12/site-packages/airflow/example_dags/example_python_operator.py
[2024-09-04T21:02:53.253+0000] {processor.py:925} INFO - DAG(s) 'example_python_operator' retrieved from /home/airflow/.local/lib/python3.12/site-packages/airflow/example_dags/example_python_operator.py
[2024-09-04T21:02:53.274+0000] {logging_mixin.py:190} INFO - [2024-09-04T21:02:53.274+0000] {dag.py:3211} INFO - Sync 1 DAGs
[2024-09-04T21:02:53.286+0000] {logging_mixin.py:190} INFO - [2024-09-04T21:02:53.286+0000] {dag.py:4138} INFO - Setting next_dagrun for example_python_operator to None, run_after=None
[2024-09-04T21:02:53.306+0000] {processor.py:208} INFO - Processing /home/airflow/.local/lib/python3.12/site-packages/airflow/example_dags/example_python_operator.py took 0.081 seconds
[2024-09-04T21:03:24.093+0000] {processor.py:186} INFO - Started process (PID=482) to work on /home/airflow/.local/lib/python3.12/site-packages/airflow/example_dags/example_python_operator.py
[2024-09-04T21:03:24.096+0000] {processor.py:914} INFO - Processing file /home/airflow/.local/lib/python3.12/site-packages/airflow/example_dags/example_python_operator.py for tasks to queue
[2024-09-04T21:03:24.101+0000] {logging_mixin.py:190} INFO - [2024-09-04T21:03:24.100+0000] {dagbag.py:587} INFO - Filling up the DagBag from /home/airflow/.local/lib/python3.12/site-packages/airflow/example_dags/example_python_operator.py
[2024-09-04T21:03:24.130+0000] {processor.py:925} INFO - DAG(s) 'example_python_operator' retrieved from /home/airflow/.local/lib/python3.12/site-packages/airflow/example_dags/example_python_operator.py
[2024-09-04T21:03:24.178+0000] {logging_mixin.py:190} INFO - [2024-09-04T21:03:24.177+0000] {dag.py:3211} INFO - Sync 1 DAGs
[2024-09-04T21:03:24.213+0000] {logging_mixin.py:190} INFO - [2024-09-04T21:03:24.213+0000] {dag.py:4138} INFO - Setting next_dagrun for example_python_operator to None, run_after=None
[2024-09-04T21:03:24.256+0000] {processor.py:208} INFO - Processing /home/airflow/.local/lib/python3.12/site-packages/airflow/example_dags/example_python_operator.py took 0.184 seconds
[2024-09-04T21:03:54.947+0000] {processor.py:186} INFO - Started process (PID=550) to work on /home/airflow/.local/lib/python3.12/site-packages/airflow/example_dags/example_python_operator.py
[2024-09-04T21:03:54.950+0000] {processor.py:914} INFO - Processing file /home/airflow/.local/lib/python3.12/site-packages/airflow/example_dags/example_python_operator.py for tasks to queue
[2024-09-04T21:03:54.957+0000] {logging_mixin.py:190} INFO - [2024-09-04T21:03:54.955+0000] {dagbag.py:587} INFO - Filling up the DagBag from /home/airflow/.local/lib/python3.12/site-packages/airflow/example_dags/example_python_operator.py
[2024-09-04T21:03:54.988+0000] {processor.py:925} INFO - DAG(s) 'example_python_operator' retrieved from /home/airflow/.local/lib/python3.12/site-packages/airflow/example_dags/example_python_operator.py
[2024-09-04T21:03:55.043+0000] {logging_mixin.py:190} INFO - [2024-09-04T21:03:55.042+0000] {dag.py:3211} INFO - Sync 1 DAGs
[2024-09-04T21:03:55.068+0000] {logging_mixin.py:190} INFO - [2024-09-04T21:03:55.068+0000] {dag.py:4138} INFO - Setting next_dagrun for example_python_operator to None, run_after=None
[2024-09-04T21:03:55.102+0000] {processor.py:208} INFO - Processing /home/airflow/.local/lib/python3.12/site-packages/airflow/example_dags/example_python_operator.py took 0.170 seconds
[2024-09-04T21:04:25.346+0000] {processor.py:186} INFO - Started process (PID=612) to work on /home/airflow/.local/lib/python3.12/site-packages/airflow/example_dags/example_python_operator.py
[2024-09-04T21:04:25.356+0000] {processor.py:914} INFO - Processing file /home/airflow/.local/lib/python3.12/site-packages/airflow/example_dags/example_python_operator.py for tasks to queue
[2024-09-04T21:04:25.361+0000] {logging_mixin.py:190} INFO - [2024-09-04T21:04:25.360+0000] {dagbag.py:587} INFO - Filling up the DagBag from /home/airflow/.local/lib/python3.12/site-packages/airflow/example_dags/example_python_operator.py
[2024-09-04T21:04:25.396+0000] {processor.py:925} INFO - DAG(s) 'example_python_operator' retrieved from /home/airflow/.local/lib/python3.12/site-packages/airflow/example_dags/example_python_operator.py
[2024-09-04T21:04:25.435+0000] {logging_mixin.py:190} INFO - [2024-09-04T21:04:25.435+0000] {dag.py:3211} INFO - Sync 1 DAGs
[2024-09-04T21:04:25.461+0000] {logging_mixin.py:190} INFO - [2024-09-04T21:04:25.460+0000] {dag.py:4138} INFO - Setting next_dagrun for example_python_operator to None, run_after=None
[2024-09-04T21:04:25.494+0000] {processor.py:208} INFO - Processing /home/airflow/.local/lib/python3.12/site-packages/airflow/example_dags/example_python_operator.py took 0.161 seconds
[2024-09-04T21:04:55.935+0000] {processor.py:186} INFO - Started process (PID=674) to work on /home/airflow/.local/lib/python3.12/site-packages/airflow/example_dags/example_python_operator.py
[2024-09-04T21:04:55.937+0000] {processor.py:914} INFO - Processing file /home/airflow/.local/lib/python3.12/site-packages/airflow/example_dags/example_python_operator.py for tasks to queue
[2024-09-04T21:04:55.940+0000] {logging_mixin.py:190} INFO - [2024-09-04T21:04:55.940+0000] {dagbag.py:587} INFO - Filling up the DagBag from /home/airflow/.local/lib/python3.12/site-packages/airflow/example_dags/example_python_operator.py
[2024-09-04T21:04:55.958+0000] {processor.py:925} INFO - DAG(s) 'example_python_operator' retrieved from /home/airflow/.local/lib/python3.12/site-packages/airflow/example_dags/example_python_operator.py
[2024-09-04T21:04:55.993+0000] {logging_mixin.py:190} INFO - [2024-09-04T21:04:55.992+0000] {dag.py:3211} INFO - Sync 1 DAGs
[2024-09-04T21:04:56.011+0000] {logging_mixin.py:190} INFO - [2024-09-04T21:04:56.011+0000] {dag.py:4138} INFO - Setting next_dagrun for example_python_operator to None, run_after=None
[2024-09-04T21:04:56.036+0000] {processor.py:208} INFO - Processing /home/airflow/.local/lib/python3.12/site-packages/airflow/example_dags/example_python_operator.py took 0.109 seconds
[2024-09-04T21:05:26.973+0000] {processor.py:186} INFO - Started process (PID=736) to work on /home/airflow/.local/lib/python3.12/site-packages/airflow/example_dags/example_python_operator.py
[2024-09-04T21:05:26.975+0000] {processor.py:914} INFO - Processing file /home/airflow/.local/lib/python3.12/site-packages/airflow/example_dags/example_python_operator.py for tasks to queue
[2024-09-04T21:05:26.980+0000] {logging_mixin.py:190} INFO - [2024-09-04T21:05:26.979+0000] {dagbag.py:587} INFO - Filling up the DagBag from /home/airflow/.local/lib/python3.12/site-packages/airflow/example_dags/example_python_operator.py
[2024-09-04T21:05:27.008+0000] {processor.py:925} INFO - DAG(s) 'example_python_operator' retrieved from /home/airflow/.local/lib/python3.12/site-packages/airflow/example_dags/example_python_operator.py
[2024-09-04T21:05:27.047+0000] {logging_mixin.py:190} INFO - [2024-09-04T21:05:27.047+0000] {dag.py:3211} INFO - Sync 1 DAGs
[2024-09-04T21:05:27.072+0000] {logging_mixin.py:190} INFO - [2024-09-04T21:05:27.071+0000] {dag.py:4138} INFO - Setting next_dagrun for example_python_operator to None, run_after=None
[2024-09-04T21:05:27.105+0000] {processor.py:208} INFO - Processing /home/airflow/.local/lib/python3.12/site-packages/airflow/example_dags/example_python_operator.py took 0.145 seconds
[2024-09-04T21:05:57.820+0000] {processor.py:186} INFO - Started process (PID=798) to work on /home/airflow/.local/lib/python3.12/site-packages/airflow/example_dags/example_python_operator.py
[2024-09-04T21:05:57.821+0000] {processor.py:914} INFO - Processing file /home/airflow/.local/lib/python3.12/site-packages/airflow/example_dags/example_python_operator.py for tasks to queue
[2024-09-04T21:05:57.823+0000] {logging_mixin.py:190} INFO - [2024-09-04T21:05:57.823+0000] {dagbag.py:587} INFO - Filling up the DagBag from /home/airflow/.local/lib/python3.12/site-packages/airflow/example_dags/example_python_operator.py
[2024-09-04T21:05:57.834+0000] {processor.py:925} INFO - DAG(s) 'example_python_operator' retrieved from /home/airflow/.local/lib/python3.12/site-packages/airflow/example_dags/example_python_operator.py
[2024-09-04T21:05:57.855+0000] {logging_mixin.py:190} INFO - [2024-09-04T21:05:57.855+0000] {dag.py:3211} INFO - Sync 1 DAGs
[2024-09-04T21:05:57.868+0000] {logging_mixin.py:190} INFO - [2024-09-04T21:05:57.868+0000] {dag.py:4138} INFO - Setting next_dagrun for example_python_operator to None, run_after=None
[2024-09-04T21:05:57.885+0000] {processor.py:208} INFO - Processing /home/airflow/.local/lib/python3.12/site-packages/airflow/example_dags/example_python_operator.py took 0.071 seconds
[2024-09-04T21:06:31.411+0000] {processor.py:186} INFO - Started process (PID=859) to work on /home/airflow/.local/lib/python3.12/site-packages/airflow/example_dags/example_python_operator.py
[2024-09-04T21:06:31.422+0000] {processor.py:914} INFO - Processing file /home/airflow/.local/lib/python3.12/site-packages/airflow/example_dags/example_python_operator.py for tasks to queue
[2024-09-04T21:06:31.440+0000] {logging_mixin.py:190} INFO - [2024-09-04T21:06:31.439+0000] {dagbag.py:587} INFO - Filling up the DagBag from /home/airflow/.local/lib/python3.12/site-packages/airflow/example_dags/example_python_operator.py
[2024-09-04T21:06:31.553+0000] {processor.py:925} INFO - DAG(s) 'example_python_operator' retrieved from /home/airflow/.local/lib/python3.12/site-packages/airflow/example_dags/example_python_operator.py
[2024-09-04T21:06:31.676+0000] {logging_mixin.py:190} INFO - [2024-09-04T21:06:31.675+0000] {dag.py:3211} INFO - Sync 1 DAGs
[2024-09-04T21:06:31.739+0000] {logging_mixin.py:190} INFO - [2024-09-04T21:06:31.738+0000] {dag.py:4138} INFO - Setting next_dagrun for example_python_operator to None, run_after=None
[2024-09-04T21:06:31.833+0000] {processor.py:208} INFO - Processing /home/airflow/.local/lib/python3.12/site-packages/airflow/example_dags/example_python_operator.py took 0.465 seconds
[2024-09-04T21:07:02.541+0000] {processor.py:186} INFO - Started process (PID=921) to work on /home/airflow/.local/lib/python3.12/site-packages/airflow/example_dags/example_python_operator.py
[2024-09-04T21:07:02.543+0000] {processor.py:914} INFO - Processing file /home/airflow/.local/lib/python3.12/site-packages/airflow/example_dags/example_python_operator.py for tasks to queue
[2024-09-04T21:07:02.561+0000] {logging_mixin.py:190} INFO - [2024-09-04T21:07:02.561+0000] {dagbag.py:587} INFO - Filling up the DagBag from /home/airflow/.local/lib/python3.12/site-packages/airflow/example_dags/example_python_operator.py
[2024-09-04T21:07:02.635+0000] {processor.py:925} INFO - DAG(s) 'example_python_operator' retrieved from /home/airflow/.local/lib/python3.12/site-packages/airflow/example_dags/example_python_operator.py
[2024-09-04T21:07:02.686+0000] {logging_mixin.py:190} INFO - [2024-09-04T21:07:02.686+0000] {dag.py:3211} INFO - Sync 1 DAGs
[2024-09-04T21:07:02.705+0000] {logging_mixin.py:190} INFO - [2024-09-04T21:07:02.705+0000] {dag.py:4138} INFO - Setting next_dagrun for example_python_operator to None, run_after=None
[2024-09-04T21:07:02.745+0000] {processor.py:208} INFO - Processing /home/airflow/.local/lib/python3.12/site-packages/airflow/example_dags/example_python_operator.py took 0.269 seconds
[2024-09-04T21:07:32.962+0000] {processor.py:186} INFO - Started process (PID=983) to work on /home/airflow/.local/lib/python3.12/site-packages/airflow/example_dags/example_python_operator.py
[2024-09-04T21:07:32.963+0000] {processor.py:914} INFO - Processing file /home/airflow/.local/lib/python3.12/site-packages/airflow/example_dags/example_python_operator.py for tasks to queue
[2024-09-04T21:07:32.966+0000] {logging_mixin.py:190} INFO - [2024-09-04T21:07:32.966+0000] {dagbag.py:587} INFO - Filling up the DagBag from /home/airflow/.local/lib/python3.12/site-packages/airflow/example_dags/example_python_operator.py
[2024-09-04T21:07:32.978+0000] {processor.py:925} INFO - DAG(s) 'example_python_operator' retrieved from /home/airflow/.local/lib/python3.12/site-packages/airflow/example_dags/example_python_operator.py
[2024-09-04T21:07:33.006+0000] {logging_mixin.py:190} INFO - [2024-09-04T21:07:33.006+0000] {dag.py:3211} INFO - Sync 1 DAGs
[2024-09-04T21:07:33.026+0000] {logging_mixin.py:190} INFO - [2024-09-04T21:07:33.026+0000] {dag.py:4138} INFO - Setting next_dagrun for example_python_operator to None, run_after=None
[2024-09-04T21:07:33.063+0000] {processor.py:208} INFO - Processing /home/airflow/.local/lib/python3.12/site-packages/airflow/example_dags/example_python_operator.py took 0.114 seconds
[2024-09-04T21:08:03.680+0000] {processor.py:186} INFO - Started process (PID=1046) to work on /home/airflow/.local/lib/python3.12/site-packages/airflow/example_dags/example_python_operator.py
[2024-09-04T21:08:03.681+0000] {processor.py:914} INFO - Processing file /home/airflow/.local/lib/python3.12/site-packages/airflow/example_dags/example_python_operator.py for tasks to queue
[2024-09-04T21:08:03.684+0000] {logging_mixin.py:190} INFO - [2024-09-04T21:08:03.684+0000] {dagbag.py:587} INFO - Filling up the DagBag from /home/airflow/.local/lib/python3.12/site-packages/airflow/example_dags/example_python_operator.py
[2024-09-04T21:08:03.697+0000] {processor.py:925} INFO - DAG(s) 'example_python_operator' retrieved from /home/airflow/.local/lib/python3.12/site-packages/airflow/example_dags/example_python_operator.py
[2024-09-04T21:08:03.723+0000] {logging_mixin.py:190} INFO - [2024-09-04T21:08:03.723+0000] {dag.py:3211} INFO - Sync 1 DAGs
[2024-09-04T21:08:03.742+0000] {logging_mixin.py:190} INFO - [2024-09-04T21:08:03.742+0000] {dag.py:4138} INFO - Setting next_dagrun for example_python_operator to None, run_after=None
[2024-09-04T21:08:03.771+0000] {processor.py:208} INFO - Processing /home/airflow/.local/lib/python3.12/site-packages/airflow/example_dags/example_python_operator.py took 0.098 seconds
[2024-09-04T21:08:34.247+0000] {processor.py:186} INFO - Started process (PID=1108) to work on /home/airflow/.local/lib/python3.12/site-packages/airflow/example_dags/example_python_operator.py
[2024-09-04T21:08:34.249+0000] {processor.py:914} INFO - Processing file /home/airflow/.local/lib/python3.12/site-packages/airflow/example_dags/example_python_operator.py for tasks to queue
[2024-09-04T21:08:34.251+0000] {logging_mixin.py:190} INFO - [2024-09-04T21:08:34.251+0000] {dagbag.py:587} INFO - Filling up the DagBag from /home/airflow/.local/lib/python3.12/site-packages/airflow/example_dags/example_python_operator.py
[2024-09-04T21:08:34.261+0000] {processor.py:925} INFO - DAG(s) 'example_python_operator' retrieved from /home/airflow/.local/lib/python3.12/site-packages/airflow/example_dags/example_python_operator.py
[2024-09-04T21:08:34.283+0000] {logging_mixin.py:190} INFO - [2024-09-04T21:08:34.283+0000] {dag.py:3211} INFO - Sync 1 DAGs
[2024-09-04T21:08:34.296+0000] {logging_mixin.py:190} INFO - [2024-09-04T21:08:34.296+0000] {dag.py:4138} INFO - Setting next_dagrun for example_python_operator to None, run_after=None
[2024-09-04T21:08:34.313+0000] {processor.py:208} INFO - Processing /home/airflow/.local/lib/python3.12/site-packages/airflow/example_dags/example_python_operator.py took 0.071 seconds
[2024-09-04T21:09:04.746+0000] {processor.py:186} INFO - Started process (PID=1170) to work on /home/airflow/.local/lib/python3.12/site-packages/airflow/example_dags/example_python_operator.py
[2024-09-04T21:09:04.747+0000] {processor.py:914} INFO - Processing file /home/airflow/.local/lib/python3.12/site-packages/airflow/example_dags/example_python_operator.py for tasks to queue
[2024-09-04T21:09:04.749+0000] {logging_mixin.py:190} INFO - [2024-09-04T21:09:04.749+0000] {dagbag.py:587} INFO - Filling up the DagBag from /home/airflow/.local/lib/python3.12/site-packages/airflow/example_dags/example_python_operator.py
[2024-09-04T21:09:04.759+0000] {processor.py:925} INFO - DAG(s) 'example_python_operator' retrieved from /home/airflow/.local/lib/python3.12/site-packages/airflow/example_dags/example_python_operator.py
[2024-09-04T21:09:04.780+0000] {logging_mixin.py:190} INFO - [2024-09-04T21:09:04.780+0000] {dag.py:3211} INFO - Sync 1 DAGs
[2024-09-04T21:09:04.795+0000] {logging_mixin.py:190} INFO - [2024-09-04T21:09:04.795+0000] {dag.py:4138} INFO - Setting next_dagrun for example_python_operator to None, run_after=None
[2024-09-04T21:09:04.816+0000] {processor.py:208} INFO - Processing /home/airflow/.local/lib/python3.12/site-packages/airflow/example_dags/example_python_operator.py took 0.075 seconds
[2024-09-04T21:09:35.179+0000] {processor.py:186} INFO - Started process (PID=1232) to work on /home/airflow/.local/lib/python3.12/site-packages/airflow/example_dags/example_python_operator.py
[2024-09-04T21:09:35.181+0000] {processor.py:914} INFO - Processing file /home/airflow/.local/lib/python3.12/site-packages/airflow/example_dags/example_python_operator.py for tasks to queue
[2024-09-04T21:09:35.183+0000] {logging_mixin.py:190} INFO - [2024-09-04T21:09:35.183+0000] {dagbag.py:587} INFO - Filling up the DagBag from /home/airflow/.local/lib/python3.12/site-packages/airflow/example_dags/example_python_operator.py
[2024-09-04T21:09:35.193+0000] {processor.py:925} INFO - DAG(s) 'example_python_operator' retrieved from /home/airflow/.local/lib/python3.12/site-packages/airflow/example_dags/example_python_operator.py
[2024-09-04T21:09:35.214+0000] {logging_mixin.py:190} INFO - [2024-09-04T21:09:35.214+0000] {dag.py:3211} INFO - Sync 1 DAGs
[2024-09-04T21:09:35.226+0000] {logging_mixin.py:190} INFO - [2024-09-04T21:09:35.226+0000] {dag.py:4138} INFO - Setting next_dagrun for example_python_operator to None, run_after=None
[2024-09-04T21:09:35.246+0000] {processor.py:208} INFO - Processing /home/airflow/.local/lib/python3.12/site-packages/airflow/example_dags/example_python_operator.py took 0.072 seconds
[2024-09-04T21:10:05.629+0000] {processor.py:186} INFO - Started process (PID=1294) to work on /home/airflow/.local/lib/python3.12/site-packages/airflow/example_dags/example_python_operator.py
[2024-09-04T21:10:05.630+0000] {processor.py:914} INFO - Processing file /home/airflow/.local/lib/python3.12/site-packages/airflow/example_dags/example_python_operator.py for tasks to queue
[2024-09-04T21:10:05.633+0000] {logging_mixin.py:190} INFO - [2024-09-04T21:10:05.632+0000] {dagbag.py:587} INFO - Filling up the DagBag from /home/airflow/.local/lib/python3.12/site-packages/airflow/example_dags/example_python_operator.py
[2024-09-04T21:10:05.642+0000] {processor.py:925} INFO - DAG(s) 'example_python_operator' retrieved from /home/airflow/.local/lib/python3.12/site-packages/airflow/example_dags/example_python_operator.py
[2024-09-04T21:10:05.664+0000] {logging_mixin.py:190} INFO - [2024-09-04T21:10:05.664+0000] {dag.py:3211} INFO - Sync 1 DAGs
[2024-09-04T21:10:05.676+0000] {logging_mixin.py:190} INFO - [2024-09-04T21:10:05.676+0000] {dag.py:4138} INFO - Setting next_dagrun for example_python_operator to None, run_after=None
[2024-09-04T21:10:05.696+0000] {processor.py:208} INFO - Processing /home/airflow/.local/lib/python3.12/site-packages/airflow/example_dags/example_python_operator.py took 0.072 seconds
[2024-09-04T21:10:36.385+0000] {processor.py:186} INFO - Started process (PID=1357) to work on /home/airflow/.local/lib/python3.12/site-packages/airflow/example_dags/example_python_operator.py
[2024-09-04T21:10:36.386+0000] {processor.py:914} INFO - Processing file /home/airflow/.local/lib/python3.12/site-packages/airflow/example_dags/example_python_operator.py for tasks to queue
[2024-09-04T21:10:36.392+0000] {logging_mixin.py:190} INFO - [2024-09-04T21:10:36.390+0000] {dagbag.py:587} INFO - Filling up the DagBag from /home/airflow/.local/lib/python3.12/site-packages/airflow/example_dags/example_python_operator.py
[2024-09-04T21:10:36.412+0000] {processor.py:925} INFO - DAG(s) 'example_python_operator' retrieved from /home/airflow/.local/lib/python3.12/site-packages/airflow/example_dags/example_python_operator.py
[2024-09-04T21:10:36.440+0000] {logging_mixin.py:190} INFO - [2024-09-04T21:10:36.439+0000] {dag.py:3211} INFO - Sync 1 DAGs
[2024-09-04T21:10:36.461+0000] {logging_mixin.py:190} INFO - [2024-09-04T21:10:36.461+0000] {dag.py:4138} INFO - Setting next_dagrun for example_python_operator to None, run_after=None
[2024-09-04T21:10:36.486+0000] {processor.py:208} INFO - Processing /home/airflow/.local/lib/python3.12/site-packages/airflow/example_dags/example_python_operator.py took 0.107 seconds
[2024-09-04T21:11:06.756+0000] {processor.py:186} INFO - Started process (PID=1420) to work on /home/airflow/.local/lib/python3.12/site-packages/airflow/example_dags/example_python_operator.py
[2024-09-04T21:11:06.757+0000] {processor.py:914} INFO - Processing file /home/airflow/.local/lib/python3.12/site-packages/airflow/example_dags/example_python_operator.py for tasks to queue
[2024-09-04T21:11:06.760+0000] {logging_mixin.py:190} INFO - [2024-09-04T21:11:06.760+0000] {dagbag.py:587} INFO - Filling up the DagBag from /home/airflow/.local/lib/python3.12/site-packages/airflow/example_dags/example_python_operator.py
[2024-09-04T21:11:06.772+0000] {processor.py:925} INFO - DAG(s) 'example_python_operator' retrieved from /home/airflow/.local/lib/python3.12/site-packages/airflow/example_dags/example_python_operator.py
[2024-09-04T21:11:06.795+0000] {logging_mixin.py:190} INFO - [2024-09-04T21:11:06.795+0000] {dag.py:3211} INFO - Sync 1 DAGs
[2024-09-04T21:11:06.809+0000] {logging_mixin.py:190} INFO - [2024-09-04T21:11:06.809+0000] {dag.py:4138} INFO - Setting next_dagrun for example_python_operator to None, run_after=None
[2024-09-04T21:11:06.828+0000] {processor.py:208} INFO - Processing /home/airflow/.local/lib/python3.12/site-packages/airflow/example_dags/example_python_operator.py took 0.078 seconds
[2024-09-04T21:11:37.011+0000] {processor.py:186} INFO - Started process (PID=1483) to work on /home/airflow/.local/lib/python3.12/site-packages/airflow/example_dags/example_python_operator.py
[2024-09-04T21:11:37.013+0000] {processor.py:914} INFO - Processing file /home/airflow/.local/lib/python3.12/site-packages/airflow/example_dags/example_python_operator.py for tasks to queue
[2024-09-04T21:11:37.016+0000] {logging_mixin.py:190} INFO - [2024-09-04T21:11:37.015+0000] {dagbag.py:587} INFO - Filling up the DagBag from /home/airflow/.local/lib/python3.12/site-packages/airflow/example_dags/example_python_operator.py
[2024-09-04T21:11:37.027+0000] {processor.py:925} INFO - DAG(s) 'example_python_operator' retrieved from /home/airflow/.local/lib/python3.12/site-packages/airflow/example_dags/example_python_operator.py
[2024-09-04T21:11:37.051+0000] {logging_mixin.py:190} INFO - [2024-09-04T21:11:37.050+0000] {dag.py:3211} INFO - Sync 1 DAGs
[2024-09-04T21:11:37.064+0000] {logging_mixin.py:190} INFO - [2024-09-04T21:11:37.064+0000] {dag.py:4138} INFO - Setting next_dagrun for example_python_operator to None, run_after=None
[2024-09-04T21:11:37.087+0000] {processor.py:208} INFO - Processing /home/airflow/.local/lib/python3.12/site-packages/airflow/example_dags/example_python_operator.py took 0.081 seconds
[2024-09-04T21:12:07.200+0000] {processor.py:186} INFO - Started process (PID=1546) to work on /home/airflow/.local/lib/python3.12/site-packages/airflow/example_dags/example_python_operator.py
[2024-09-04T21:12:07.201+0000] {processor.py:914} INFO - Processing file /home/airflow/.local/lib/python3.12/site-packages/airflow/example_dags/example_python_operator.py for tasks to queue
[2024-09-04T21:12:07.204+0000] {logging_mixin.py:190} INFO - [2024-09-04T21:12:07.204+0000] {dagbag.py:587} INFO - Filling up the DagBag from /home/airflow/.local/lib/python3.12/site-packages/airflow/example_dags/example_python_operator.py
[2024-09-04T21:12:07.217+0000] {processor.py:925} INFO - DAG(s) 'example_python_operator' retrieved from /home/airflow/.local/lib/python3.12/site-packages/airflow/example_dags/example_python_operator.py
[2024-09-04T21:12:07.241+0000] {logging_mixin.py:190} INFO - [2024-09-04T21:12:07.240+0000] {dag.py:3211} INFO - Sync 1 DAGs
[2024-09-04T21:12:07.254+0000] {logging_mixin.py:190} INFO - [2024-09-04T21:12:07.254+0000] {dag.py:4138} INFO - Setting next_dagrun for example_python_operator to None, run_after=None
[2024-09-04T21:12:07.274+0000] {processor.py:208} INFO - Processing /home/airflow/.local/lib/python3.12/site-packages/airflow/example_dags/example_python_operator.py took 0.080 seconds
[2024-09-04T21:12:38.148+0000] {processor.py:186} INFO - Started process (PID=1610) to work on /home/airflow/.local/lib/python3.12/site-packages/airflow/example_dags/example_python_operator.py
[2024-09-04T21:12:38.148+0000] {processor.py:914} INFO - Processing file /home/airflow/.local/lib/python3.12/site-packages/airflow/example_dags/example_python_operator.py for tasks to queue
[2024-09-04T21:12:38.151+0000] {logging_mixin.py:190} INFO - [2024-09-04T21:12:38.150+0000] {dagbag.py:587} INFO - Filling up the DagBag from /home/airflow/.local/lib/python3.12/site-packages/airflow/example_dags/example_python_operator.py
[2024-09-04T21:12:38.161+0000] {processor.py:925} INFO - DAG(s) 'example_python_operator' retrieved from /home/airflow/.local/lib/python3.12/site-packages/airflow/example_dags/example_python_operator.py
[2024-09-04T21:12:38.184+0000] {logging_mixin.py:190} INFO - [2024-09-04T21:12:38.184+0000] {dag.py:3211} INFO - Sync 1 DAGs
[2024-09-04T21:12:38.197+0000] {logging_mixin.py:190} INFO - [2024-09-04T21:12:38.197+0000] {dag.py:4138} INFO - Setting next_dagrun for example_python_operator to None, run_after=None
[2024-09-04T21:12:38.217+0000] {processor.py:208} INFO - Processing /home/airflow/.local/lib/python3.12/site-packages/airflow/example_dags/example_python_operator.py took 0.074 seconds
[2024-09-04T21:13:09.066+0000] {processor.py:186} INFO - Started process (PID=1673) to work on /home/airflow/.local/lib/python3.12/site-packages/airflow/example_dags/example_python_operator.py
[2024-09-04T21:13:09.067+0000] {processor.py:914} INFO - Processing file /home/airflow/.local/lib/python3.12/site-packages/airflow/example_dags/example_python_operator.py for tasks to queue
[2024-09-04T21:13:09.069+0000] {logging_mixin.py:190} INFO - [2024-09-04T21:13:09.069+0000] {dagbag.py:587} INFO - Filling up the DagBag from /home/airflow/.local/lib/python3.12/site-packages/airflow/example_dags/example_python_operator.py
[2024-09-04T21:13:09.080+0000] {processor.py:925} INFO - DAG(s) 'example_python_operator' retrieved from /home/airflow/.local/lib/python3.12/site-packages/airflow/example_dags/example_python_operator.py
[2024-09-04T21:13:09.103+0000] {logging_mixin.py:190} INFO - [2024-09-04T21:13:09.102+0000] {dag.py:3211} INFO - Sync 1 DAGs
[2024-09-04T21:13:09.115+0000] {logging_mixin.py:190} INFO - [2024-09-04T21:13:09.114+0000] {dag.py:4138} INFO - Setting next_dagrun for example_python_operator to None, run_after=None
[2024-09-04T21:13:09.135+0000] {processor.py:208} INFO - Processing /home/airflow/.local/lib/python3.12/site-packages/airflow/example_dags/example_python_operator.py took 0.075 seconds
[2024-09-04T21:13:39.257+0000] {processor.py:186} INFO - Started process (PID=1736) to work on /home/airflow/.local/lib/python3.12/site-packages/airflow/example_dags/example_python_operator.py
[2024-09-04T21:13:39.258+0000] {processor.py:914} INFO - Processing file /home/airflow/.local/lib/python3.12/site-packages/airflow/example_dags/example_python_operator.py for tasks to queue
[2024-09-04T21:13:39.261+0000] {logging_mixin.py:190} INFO - [2024-09-04T21:13:39.261+0000] {dagbag.py:587} INFO - Filling up the DagBag from /home/airflow/.local/lib/python3.12/site-packages/airflow/example_dags/example_python_operator.py
[2024-09-04T21:13:39.273+0000] {processor.py:925} INFO - DAG(s) 'example_python_operator' retrieved from /home/airflow/.local/lib/python3.12/site-packages/airflow/example_dags/example_python_operator.py
[2024-09-04T21:13:39.296+0000] {logging_mixin.py:190} INFO - [2024-09-04T21:13:39.296+0000] {dag.py:3211} INFO - Sync 1 DAGs
[2024-09-04T21:13:39.308+0000] {logging_mixin.py:190} INFO - [2024-09-04T21:13:39.308+0000] {dag.py:4138} INFO - Setting next_dagrun for example_python_operator to None, run_after=None
[2024-09-04T21:13:39.330+0000] {processor.py:208} INFO - Processing /home/airflow/.local/lib/python3.12/site-packages/airflow/example_dags/example_python_operator.py took 0.078 seconds
[2024-09-04T21:14:09.914+0000] {processor.py:186} INFO - Started process (PID=1799) to work on /home/airflow/.local/lib/python3.12/site-packages/airflow/example_dags/example_python_operator.py
[2024-09-04T21:14:09.915+0000] {processor.py:914} INFO - Processing file /home/airflow/.local/lib/python3.12/site-packages/airflow/example_dags/example_python_operator.py for tasks to queue
[2024-09-04T21:14:09.918+0000] {logging_mixin.py:190} INFO - [2024-09-04T21:14:09.918+0000] {dagbag.py:587} INFO - Filling up the DagBag from /home/airflow/.local/lib/python3.12/site-packages/airflow/example_dags/example_python_operator.py
[2024-09-04T21:14:09.930+0000] {processor.py:925} INFO - DAG(s) 'example_python_operator' retrieved from /home/airflow/.local/lib/python3.12/site-packages/airflow/example_dags/example_python_operator.py
[2024-09-04T21:14:09.957+0000] {logging_mixin.py:190} INFO - [2024-09-04T21:14:09.957+0000] {dag.py:3211} INFO - Sync 1 DAGs
[2024-09-04T21:14:09.974+0000] {logging_mixin.py:190} INFO - [2024-09-04T21:14:09.973+0000] {dag.py:4138} INFO - Setting next_dagrun for example_python_operator to None, run_after=None
[2024-09-04T21:14:09.995+0000] {processor.py:208} INFO - Processing /home/airflow/.local/lib/python3.12/site-packages/airflow/example_dags/example_python_operator.py took 0.086 seconds
[2024-09-04T21:14:40.764+0000] {processor.py:186} INFO - Started process (PID=1862) to work on /home/airflow/.local/lib/python3.12/site-packages/airflow/example_dags/example_python_operator.py
[2024-09-04T21:14:40.765+0000] {processor.py:914} INFO - Processing file /home/airflow/.local/lib/python3.12/site-packages/airflow/example_dags/example_python_operator.py for tasks to queue
[2024-09-04T21:14:40.768+0000] {logging_mixin.py:190} INFO - [2024-09-04T21:14:40.767+0000] {dagbag.py:587} INFO - Filling up the DagBag from /home/airflow/.local/lib/python3.12/site-packages/airflow/example_dags/example_python_operator.py
[2024-09-04T21:14:40.781+0000] {processor.py:925} INFO - DAG(s) 'example_python_operator' retrieved from /home/airflow/.local/lib/python3.12/site-packages/airflow/example_dags/example_python_operator.py
[2024-09-04T21:14:40.805+0000] {logging_mixin.py:190} INFO - [2024-09-04T21:14:40.804+0000] {dag.py:3211} INFO - Sync 1 DAGs
[2024-09-04T21:14:40.819+0000] {logging_mixin.py:190} INFO - [2024-09-04T21:14:40.819+0000] {dag.py:4138} INFO - Setting next_dagrun for example_python_operator to None, run_after=None
[2024-09-04T21:14:40.844+0000] {processor.py:208} INFO - Processing /home/airflow/.local/lib/python3.12/site-packages/airflow/example_dags/example_python_operator.py took 0.085 seconds
[2024-09-04T21:15:11.940+0000] {processor.py:186} INFO - Started process (PID=1925) to work on /home/airflow/.local/lib/python3.12/site-packages/airflow/example_dags/example_python_operator.py
[2024-09-04T21:15:11.942+0000] {processor.py:914} INFO - Processing file /home/airflow/.local/lib/python3.12/site-packages/airflow/example_dags/example_python_operator.py for tasks to queue
[2024-09-04T21:15:11.946+0000] {logging_mixin.py:190} INFO - [2024-09-04T21:15:11.945+0000] {dagbag.py:587} INFO - Filling up the DagBag from /home/airflow/.local/lib/python3.12/site-packages/airflow/example_dags/example_python_operator.py
[2024-09-04T21:15:11.971+0000] {processor.py:925} INFO - DAG(s) 'example_python_operator' retrieved from /home/airflow/.local/lib/python3.12/site-packages/airflow/example_dags/example_python_operator.py
[2024-09-04T21:15:12.009+0000] {logging_mixin.py:190} INFO - [2024-09-04T21:15:12.008+0000] {dag.py:3211} INFO - Sync 1 DAGs
[2024-09-04T21:15:12.041+0000] {logging_mixin.py:190} INFO - [2024-09-04T21:15:12.040+0000] {dag.py:4138} INFO - Setting next_dagrun for example_python_operator to None, run_after=None
[2024-09-04T21:15:12.083+0000] {processor.py:208} INFO - Processing /home/airflow/.local/lib/python3.12/site-packages/airflow/example_dags/example_python_operator.py took 0.152 seconds
[2024-09-04T21:15:42.294+0000] {processor.py:186} INFO - Started process (PID=1988) to work on /home/airflow/.local/lib/python3.12/site-packages/airflow/example_dags/example_python_operator.py
[2024-09-04T21:15:42.296+0000] {processor.py:914} INFO - Processing file /home/airflow/.local/lib/python3.12/site-packages/airflow/example_dags/example_python_operator.py for tasks to queue
[2024-09-04T21:15:42.300+0000] {logging_mixin.py:190} INFO - [2024-09-04T21:15:42.300+0000] {dagbag.py:587} INFO - Filling up the DagBag from /home/airflow/.local/lib/python3.12/site-packages/airflow/example_dags/example_python_operator.py
[2024-09-04T21:15:42.327+0000] {processor.py:925} INFO - DAG(s) 'example_python_operator' retrieved from /home/airflow/.local/lib/python3.12/site-packages/airflow/example_dags/example_python_operator.py
[2024-09-04T21:15:42.370+0000] {logging_mixin.py:190} INFO - [2024-09-04T21:15:42.369+0000] {dag.py:3211} INFO - Sync 1 DAGs
[2024-09-04T21:15:42.396+0000] {logging_mixin.py:190} INFO - [2024-09-04T21:15:42.396+0000] {dag.py:4138} INFO - Setting next_dagrun for example_python_operator to None, run_after=None
[2024-09-04T21:15:42.430+0000] {processor.py:208} INFO - Processing /home/airflow/.local/lib/python3.12/site-packages/airflow/example_dags/example_python_operator.py took 0.146 seconds
[2024-09-04T21:16:13.127+0000] {processor.py:186} INFO - Started process (PID=2052) to work on /home/airflow/.local/lib/python3.12/site-packages/airflow/example_dags/example_python_operator.py
[2024-09-04T21:16:13.129+0000] {processor.py:914} INFO - Processing file /home/airflow/.local/lib/python3.12/site-packages/airflow/example_dags/example_python_operator.py for tasks to queue
[2024-09-04T21:16:13.132+0000] {logging_mixin.py:190} INFO - [2024-09-04T21:16:13.131+0000] {dagbag.py:587} INFO - Filling up the DagBag from /home/airflow/.local/lib/python3.12/site-packages/airflow/example_dags/example_python_operator.py
[2024-09-04T21:16:13.146+0000] {processor.py:925} INFO - DAG(s) 'example_python_operator' retrieved from /home/airflow/.local/lib/python3.12/site-packages/airflow/example_dags/example_python_operator.py
[2024-09-04T21:16:13.169+0000] {logging_mixin.py:190} INFO - [2024-09-04T21:16:13.169+0000] {dag.py:3211} INFO - Sync 1 DAGs
[2024-09-04T21:16:13.182+0000] {logging_mixin.py:190} INFO - [2024-09-04T21:16:13.182+0000] {dag.py:4138} INFO - Setting next_dagrun for example_python_operator to None, run_after=None
[2024-09-04T21:16:13.202+0000] {processor.py:208} INFO - Processing /home/airflow/.local/lib/python3.12/site-packages/airflow/example_dags/example_python_operator.py took 0.080 seconds
[2024-09-04T21:16:43.612+0000] {processor.py:186} INFO - Started process (PID=2115) to work on /home/airflow/.local/lib/python3.12/site-packages/airflow/example_dags/example_python_operator.py
[2024-09-04T21:16:43.614+0000] {processor.py:914} INFO - Processing file /home/airflow/.local/lib/python3.12/site-packages/airflow/example_dags/example_python_operator.py for tasks to queue
[2024-09-04T21:16:43.616+0000] {logging_mixin.py:190} INFO - [2024-09-04T21:16:43.616+0000] {dagbag.py:587} INFO - Filling up the DagBag from /home/airflow/.local/lib/python3.12/site-packages/airflow/example_dags/example_python_operator.py
[2024-09-04T21:16:43.629+0000] {processor.py:925} INFO - DAG(s) 'example_python_operator' retrieved from /home/airflow/.local/lib/python3.12/site-packages/airflow/example_dags/example_python_operator.py
[2024-09-04T21:16:43.655+0000] {logging_mixin.py:190} INFO - [2024-09-04T21:16:43.654+0000] {dag.py:3211} INFO - Sync 1 DAGs
[2024-09-04T21:16:43.667+0000] {logging_mixin.py:190} INFO - [2024-09-04T21:16:43.667+0000] {dag.py:4138} INFO - Setting next_dagrun for example_python_operator to None, run_after=None
[2024-09-04T21:16:43.688+0000] {processor.py:208} INFO - Processing /home/airflow/.local/lib/python3.12/site-packages/airflow/example_dags/example_python_operator.py took 0.081 seconds
[2024-09-04T21:17:14.526+0000] {processor.py:186} INFO - Started process (PID=2178) to work on /home/airflow/.local/lib/python3.12/site-packages/airflow/example_dags/example_python_operator.py
[2024-09-04T21:17:14.528+0000] {processor.py:914} INFO - Processing file /home/airflow/.local/lib/python3.12/site-packages/airflow/example_dags/example_python_operator.py for tasks to queue
[2024-09-04T21:17:14.532+0000] {logging_mixin.py:190} INFO - [2024-09-04T21:17:14.531+0000] {dagbag.py:587} INFO - Filling up the DagBag from /home/airflow/.local/lib/python3.12/site-packages/airflow/example_dags/example_python_operator.py
[2024-09-04T21:17:14.558+0000] {processor.py:925} INFO - DAG(s) 'example_python_operator' retrieved from /home/airflow/.local/lib/python3.12/site-packages/airflow/example_dags/example_python_operator.py
[2024-09-04T21:17:14.606+0000] {logging_mixin.py:190} INFO - [2024-09-04T21:17:14.605+0000] {dag.py:3211} INFO - Sync 1 DAGs
[2024-09-04T21:17:14.636+0000] {logging_mixin.py:190} INFO - [2024-09-04T21:17:14.636+0000] {dag.py:4138} INFO - Setting next_dagrun for example_python_operator to None, run_after=None
[2024-09-04T21:17:14.677+0000] {processor.py:208} INFO - Processing /home/airflow/.local/lib/python3.12/site-packages/airflow/example_dags/example_python_operator.py took 0.164 seconds
[2024-09-04T21:17:45.403+0000] {processor.py:186} INFO - Started process (PID=2241) to work on /home/airflow/.local/lib/python3.12/site-packages/airflow/example_dags/example_python_operator.py
[2024-09-04T21:17:45.404+0000] {processor.py:914} INFO - Processing file /home/airflow/.local/lib/python3.12/site-packages/airflow/example_dags/example_python_operator.py for tasks to queue
[2024-09-04T21:17:45.407+0000] {logging_mixin.py:190} INFO - [2024-09-04T21:17:45.406+0000] {dagbag.py:587} INFO - Filling up the DagBag from /home/airflow/.local/lib/python3.12/site-packages/airflow/example_dags/example_python_operator.py
[2024-09-04T21:17:45.417+0000] {processor.py:925} INFO - DAG(s) 'example_python_operator' retrieved from /home/airflow/.local/lib/python3.12/site-packages/airflow/example_dags/example_python_operator.py
[2024-09-04T21:17:45.442+0000] {logging_mixin.py:190} INFO - [2024-09-04T21:17:45.441+0000] {dag.py:3211} INFO - Sync 1 DAGs
[2024-09-04T21:17:45.454+0000] {logging_mixin.py:190} INFO - [2024-09-04T21:17:45.454+0000] {dag.py:4138} INFO - Setting next_dagrun for example_python_operator to None, run_after=None
[2024-09-04T21:17:45.475+0000] {processor.py:208} INFO - Processing /home/airflow/.local/lib/python3.12/site-packages/airflow/example_dags/example_python_operator.py took 0.077 seconds
[2024-09-04T21:18:15.613+0000] {processor.py:186} INFO - Started process (PID=2304) to work on /home/airflow/.local/lib/python3.12/site-packages/airflow/example_dags/example_python_operator.py
[2024-09-04T21:18:15.614+0000] {processor.py:914} INFO - Processing file /home/airflow/.local/lib/python3.12/site-packages/airflow/example_dags/example_python_operator.py for tasks to queue
[2024-09-04T21:18:15.617+0000] {logging_mixin.py:190} INFO - [2024-09-04T21:18:15.616+0000] {dagbag.py:587} INFO - Filling up the DagBag from /home/airflow/.local/lib/python3.12/site-packages/airflow/example_dags/example_python_operator.py
[2024-09-04T21:18:15.628+0000] {processor.py:925} INFO - DAG(s) 'example_python_operator' retrieved from /home/airflow/.local/lib/python3.12/site-packages/airflow/example_dags/example_python_operator.py
[2024-09-04T21:18:15.651+0000] {logging_mixin.py:190} INFO - [2024-09-04T21:18:15.650+0000] {dag.py:3211} INFO - Sync 1 DAGs
[2024-09-04T21:18:15.663+0000] {logging_mixin.py:190} INFO - [2024-09-04T21:18:15.663+0000] {dag.py:4138} INFO - Setting next_dagrun for example_python_operator to None, run_after=None
[2024-09-04T21:18:15.681+0000] {processor.py:208} INFO - Processing /home/airflow/.local/lib/python3.12/site-packages/airflow/example_dags/example_python_operator.py took 0.075 seconds
[2024-09-04T21:18:46.208+0000] {processor.py:186} INFO - Started process (PID=2367) to work on /home/airflow/.local/lib/python3.12/site-packages/airflow/example_dags/example_python_operator.py
[2024-09-04T21:18:46.209+0000] {processor.py:914} INFO - Processing file /home/airflow/.local/lib/python3.12/site-packages/airflow/example_dags/example_python_operator.py for tasks to queue
[2024-09-04T21:18:46.212+0000] {logging_mixin.py:190} INFO - [2024-09-04T21:18:46.211+0000] {dagbag.py:587} INFO - Filling up the DagBag from /home/airflow/.local/lib/python3.12/site-packages/airflow/example_dags/example_python_operator.py
[2024-09-04T21:18:46.225+0000] {processor.py:925} INFO - DAG(s) 'example_python_operator' retrieved from /home/airflow/.local/lib/python3.12/site-packages/airflow/example_dags/example_python_operator.py
[2024-09-04T21:18:46.251+0000] {logging_mixin.py:190} INFO - [2024-09-04T21:18:46.251+0000] {dag.py:3211} INFO - Sync 1 DAGs
[2024-09-04T21:18:46.265+0000] {logging_mixin.py:190} INFO - [2024-09-04T21:18:46.265+0000] {dag.py:4138} INFO - Setting next_dagrun for example_python_operator to None, run_after=None
[2024-09-04T21:18:46.286+0000] {processor.py:208} INFO - Processing /home/airflow/.local/lib/python3.12/site-packages/airflow/example_dags/example_python_operator.py took 0.084 seconds
