[2024-09-04T20:52:39.803+0000] {processor.py:186} INFO - Started process (PID=122) to work on /home/airflow/.local/lib/python3.12/site-packages/airflow/example_dags/example_branch_python_dop_operator_3.py
[2024-09-04T20:52:39.804+0000] {processor.py:914} INFO - Processing file /home/airflow/.local/lib/python3.12/site-packages/airflow/example_dags/example_branch_python_dop_operator_3.py for tasks to queue
[2024-09-04T20:52:39.807+0000] {logging_mixin.py:190} INFO - [2024-09-04T20:52:39.807+0000] {dagbag.py:587} INFO - Filling up the DagBag from /home/airflow/.local/lib/python3.12/site-packages/airflow/example_dags/example_branch_python_dop_operator_3.py
[2024-09-04T20:52:39.822+0000] {processor.py:925} INFO - DAG(s) 'example_branch_dop_operator_v3' retrieved from /home/airflow/.local/lib/python3.12/site-packages/airflow/example_dags/example_branch_python_dop_operator_3.py
[2024-09-04T20:52:39.942+0000] {logging_mixin.py:190} INFO - [2024-09-04T20:52:39.941+0000] {override.py:1858} INFO - Created Permission View: can delete on DAG:example_branch_dop_operator_v3
[2024-09-04T20:52:39.960+0000] {logging_mixin.py:190} INFO - [2024-09-04T20:52:39.959+0000] {override.py:1858} INFO - Created Permission View: can edit on DAG:example_branch_dop_operator_v3
[2024-09-04T20:52:39.969+0000] {logging_mixin.py:190} INFO - [2024-09-04T20:52:39.969+0000] {override.py:1858} INFO - Created Permission View: can read on DAG:example_branch_dop_operator_v3
[2024-09-04T20:52:39.971+0000] {logging_mixin.py:190} INFO - [2024-09-04T20:52:39.970+0000] {dag.py:3211} INFO - Sync 1 DAGs
[2024-09-04T20:52:39.989+0000] {logging_mixin.py:190} INFO - [2024-09-04T20:52:39.989+0000] {dag.py:3234} INFO - Creating ORM DAG for example_branch_dop_operator_v3
[2024-09-04T20:52:40.013+0000] {logging_mixin.py:190} INFO - [2024-09-04T20:52:40.013+0000] {dag.py:4138} INFO - Setting next_dagrun for example_branch_dop_operator_v3 to 2024-09-04 20:51:00+00:00, run_after=2024-09-04 20:52:00+00:00
[2024-09-04T20:52:40.035+0000] {processor.py:208} INFO - Processing /home/airflow/.local/lib/python3.12/site-packages/airflow/example_dags/example_branch_python_dop_operator_3.py took 0.239 seconds
[2024-09-04T21:00:21.094+0000] {processor.py:186} INFO - Started process (PID=117) to work on /home/airflow/.local/lib/python3.12/site-packages/airflow/example_dags/example_branch_python_dop_operator_3.py
[2024-09-04T21:00:21.096+0000] {processor.py:914} INFO - Processing file /home/airflow/.local/lib/python3.12/site-packages/airflow/example_dags/example_branch_python_dop_operator_3.py for tasks to queue
[2024-09-04T21:00:21.099+0000] {logging_mixin.py:190} INFO - [2024-09-04T21:00:21.099+0000] {dagbag.py:587} INFO - Filling up the DagBag from /home/airflow/.local/lib/python3.12/site-packages/airflow/example_dags/example_branch_python_dop_operator_3.py
[2024-09-04T21:00:21.114+0000] {processor.py:925} INFO - DAG(s) 'example_branch_dop_operator_v3' retrieved from /home/airflow/.local/lib/python3.12/site-packages/airflow/example_dags/example_branch_python_dop_operator_3.py
[2024-09-04T21:00:21.143+0000] {logging_mixin.py:190} INFO - [2024-09-04T21:00:21.143+0000] {dag.py:3211} INFO - Sync 1 DAGs
[2024-09-04T21:00:21.185+0000] {logging_mixin.py:190} INFO - [2024-09-04T21:00:21.185+0000] {dag.py:4138} INFO - Setting next_dagrun for example_branch_dop_operator_v3 to 2024-09-04 20:59:00+00:00, run_after=2024-09-04 21:00:00+00:00
[2024-09-04T21:00:21.218+0000] {processor.py:208} INFO - Processing /home/airflow/.local/lib/python3.12/site-packages/airflow/example_dags/example_branch_python_dop_operator_3.py took 0.133 seconds
[2024-09-04T21:00:52.077+0000] {processor.py:186} INFO - Started process (PID=179) to work on /home/airflow/.local/lib/python3.12/site-packages/airflow/example_dags/example_branch_python_dop_operator_3.py
[2024-09-04T21:00:52.078+0000] {processor.py:914} INFO - Processing file /home/airflow/.local/lib/python3.12/site-packages/airflow/example_dags/example_branch_python_dop_operator_3.py for tasks to queue
[2024-09-04T21:00:52.082+0000] {logging_mixin.py:190} INFO - [2024-09-04T21:00:52.081+0000] {dagbag.py:587} INFO - Filling up the DagBag from /home/airflow/.local/lib/python3.12/site-packages/airflow/example_dags/example_branch_python_dop_operator_3.py
[2024-09-04T21:00:52.093+0000] {processor.py:925} INFO - DAG(s) 'example_branch_dop_operator_v3' retrieved from /home/airflow/.local/lib/python3.12/site-packages/airflow/example_dags/example_branch_python_dop_operator_3.py
[2024-09-04T21:00:52.118+0000] {logging_mixin.py:190} INFO - [2024-09-04T21:00:52.117+0000] {dag.py:3211} INFO - Sync 1 DAGs
[2024-09-04T21:00:52.144+0000] {logging_mixin.py:190} INFO - [2024-09-04T21:00:52.144+0000] {dag.py:4138} INFO - Setting next_dagrun for example_branch_dop_operator_v3 to 2024-09-04 20:59:00+00:00, run_after=2024-09-04 21:00:00+00:00
[2024-09-04T21:00:52.169+0000] {processor.py:208} INFO - Processing /home/airflow/.local/lib/python3.12/site-packages/airflow/example_dags/example_branch_python_dop_operator_3.py took 0.097 seconds
[2024-09-04T21:01:22.326+0000] {processor.py:186} INFO - Started process (PID=241) to work on /home/airflow/.local/lib/python3.12/site-packages/airflow/example_dags/example_branch_python_dop_operator_3.py
[2024-09-04T21:01:22.328+0000] {processor.py:914} INFO - Processing file /home/airflow/.local/lib/python3.12/site-packages/airflow/example_dags/example_branch_python_dop_operator_3.py for tasks to queue
[2024-09-04T21:01:22.331+0000] {logging_mixin.py:190} INFO - [2024-09-04T21:01:22.330+0000] {dagbag.py:587} INFO - Filling up the DagBag from /home/airflow/.local/lib/python3.12/site-packages/airflow/example_dags/example_branch_python_dop_operator_3.py
[2024-09-04T21:01:22.340+0000] {processor.py:925} INFO - DAG(s) 'example_branch_dop_operator_v3' retrieved from /home/airflow/.local/lib/python3.12/site-packages/airflow/example_dags/example_branch_python_dop_operator_3.py
[2024-09-04T21:01:22.359+0000] {logging_mixin.py:190} INFO - [2024-09-04T21:01:22.359+0000] {dag.py:3211} INFO - Sync 1 DAGs
[2024-09-04T21:01:22.381+0000] {logging_mixin.py:190} INFO - [2024-09-04T21:01:22.381+0000] {dag.py:4138} INFO - Setting next_dagrun for example_branch_dop_operator_v3 to 2024-09-04 21:00:00+00:00, run_after=2024-09-04 21:01:00+00:00
[2024-09-04T21:01:22.404+0000] {processor.py:208} INFO - Processing /home/airflow/.local/lib/python3.12/site-packages/airflow/example_dags/example_branch_python_dop_operator_3.py took 0.084 seconds
[2024-09-04T21:01:53.343+0000] {processor.py:186} INFO - Started process (PID=303) to work on /home/airflow/.local/lib/python3.12/site-packages/airflow/example_dags/example_branch_python_dop_operator_3.py
[2024-09-04T21:01:53.345+0000] {processor.py:914} INFO - Processing file /home/airflow/.local/lib/python3.12/site-packages/airflow/example_dags/example_branch_python_dop_operator_3.py for tasks to queue
[2024-09-04T21:01:53.347+0000] {logging_mixin.py:190} INFO - [2024-09-04T21:01:53.347+0000] {dagbag.py:587} INFO - Filling up the DagBag from /home/airflow/.local/lib/python3.12/site-packages/airflow/example_dags/example_branch_python_dop_operator_3.py
[2024-09-04T21:01:53.355+0000] {processor.py:925} INFO - DAG(s) 'example_branch_dop_operator_v3' retrieved from /home/airflow/.local/lib/python3.12/site-packages/airflow/example_dags/example_branch_python_dop_operator_3.py
[2024-09-04T21:01:53.376+0000] {logging_mixin.py:190} INFO - [2024-09-04T21:01:53.376+0000] {dag.py:3211} INFO - Sync 1 DAGs
[2024-09-04T21:01:53.397+0000] {logging_mixin.py:190} INFO - [2024-09-04T21:01:53.397+0000] {dag.py:4138} INFO - Setting next_dagrun for example_branch_dop_operator_v3 to 2024-09-04 21:00:00+00:00, run_after=2024-09-04 21:01:00+00:00
[2024-09-04T21:01:53.419+0000] {processor.py:208} INFO - Processing /home/airflow/.local/lib/python3.12/site-packages/airflow/example_dags/example_branch_python_dop_operator_3.py took 0.081 seconds
[2024-09-04T21:02:24.186+0000] {processor.py:186} INFO - Started process (PID=366) to work on /home/airflow/.local/lib/python3.12/site-packages/airflow/example_dags/example_branch_python_dop_operator_3.py
[2024-09-04T21:02:24.187+0000] {processor.py:914} INFO - Processing file /home/airflow/.local/lib/python3.12/site-packages/airflow/example_dags/example_branch_python_dop_operator_3.py for tasks to queue
[2024-09-04T21:02:24.189+0000] {logging_mixin.py:190} INFO - [2024-09-04T21:02:24.189+0000] {dagbag.py:587} INFO - Filling up the DagBag from /home/airflow/.local/lib/python3.12/site-packages/airflow/example_dags/example_branch_python_dop_operator_3.py
[2024-09-04T21:02:24.199+0000] {processor.py:925} INFO - DAG(s) 'example_branch_dop_operator_v3' retrieved from /home/airflow/.local/lib/python3.12/site-packages/airflow/example_dags/example_branch_python_dop_operator_3.py
[2024-09-04T21:02:24.219+0000] {logging_mixin.py:190} INFO - [2024-09-04T21:02:24.219+0000] {dag.py:3211} INFO - Sync 1 DAGs
[2024-09-04T21:02:24.241+0000] {logging_mixin.py:190} INFO - [2024-09-04T21:02:24.241+0000] {dag.py:4138} INFO - Setting next_dagrun for example_branch_dop_operator_v3 to 2024-09-04 21:01:00+00:00, run_after=2024-09-04 21:02:00+00:00
[2024-09-04T21:02:24.261+0000] {processor.py:208} INFO - Processing /home/airflow/.local/lib/python3.12/site-packages/airflow/example_dags/example_branch_python_dop_operator_3.py took 0.081 seconds
[2024-09-04T21:02:54.755+0000] {processor.py:186} INFO - Started process (PID=434) to work on /home/airflow/.local/lib/python3.12/site-packages/airflow/example_dags/example_branch_python_dop_operator_3.py
[2024-09-04T21:02:54.757+0000] {processor.py:914} INFO - Processing file /home/airflow/.local/lib/python3.12/site-packages/airflow/example_dags/example_branch_python_dop_operator_3.py for tasks to queue
[2024-09-04T21:02:54.760+0000] {logging_mixin.py:190} INFO - [2024-09-04T21:02:54.759+0000] {dagbag.py:587} INFO - Filling up the DagBag from /home/airflow/.local/lib/python3.12/site-packages/airflow/example_dags/example_branch_python_dop_operator_3.py
[2024-09-04T21:02:54.769+0000] {processor.py:925} INFO - DAG(s) 'example_branch_dop_operator_v3' retrieved from /home/airflow/.local/lib/python3.12/site-packages/airflow/example_dags/example_branch_python_dop_operator_3.py
[2024-09-04T21:02:54.790+0000] {logging_mixin.py:190} INFO - [2024-09-04T21:02:54.789+0000] {dag.py:3211} INFO - Sync 1 DAGs
[2024-09-04T21:02:54.811+0000] {logging_mixin.py:190} INFO - [2024-09-04T21:02:54.811+0000] {dag.py:4138} INFO - Setting next_dagrun for example_branch_dop_operator_v3 to 2024-09-04 21:01:00+00:00, run_after=2024-09-04 21:02:00+00:00
[2024-09-04T21:02:54.833+0000] {processor.py:208} INFO - Processing /home/airflow/.local/lib/python3.12/site-packages/airflow/example_dags/example_branch_python_dop_operator_3.py took 0.085 seconds
[2024-09-04T21:03:25.394+0000] {processor.py:186} INFO - Started process (PID=496) to work on /home/airflow/.local/lib/python3.12/site-packages/airflow/example_dags/example_branch_python_dop_operator_3.py
[2024-09-04T21:03:25.396+0000] {processor.py:914} INFO - Processing file /home/airflow/.local/lib/python3.12/site-packages/airflow/example_dags/example_branch_python_dop_operator_3.py for tasks to queue
[2024-09-04T21:03:25.401+0000] {logging_mixin.py:190} INFO - [2024-09-04T21:03:25.401+0000] {dagbag.py:587} INFO - Filling up the DagBag from /home/airflow/.local/lib/python3.12/site-packages/airflow/example_dags/example_branch_python_dop_operator_3.py
[2024-09-04T21:03:25.417+0000] {processor.py:925} INFO - DAG(s) 'example_branch_dop_operator_v3' retrieved from /home/airflow/.local/lib/python3.12/site-packages/airflow/example_dags/example_branch_python_dop_operator_3.py
[2024-09-04T21:03:25.452+0000] {logging_mixin.py:190} INFO - [2024-09-04T21:03:25.452+0000] {dag.py:3211} INFO - Sync 1 DAGs
[2024-09-04T21:03:25.490+0000] {logging_mixin.py:190} INFO - [2024-09-04T21:03:25.489+0000] {dag.py:4138} INFO - Setting next_dagrun for example_branch_dop_operator_v3 to 2024-09-04 21:02:00+00:00, run_after=2024-09-04 21:03:00+00:00
[2024-09-04T21:03:25.521+0000] {processor.py:208} INFO - Processing /home/airflow/.local/lib/python3.12/site-packages/airflow/example_dags/example_branch_python_dop_operator_3.py took 0.138 seconds
[2024-09-04T21:03:56.308+0000] {processor.py:186} INFO - Started process (PID=558) to work on /home/airflow/.local/lib/python3.12/site-packages/airflow/example_dags/example_branch_python_dop_operator_3.py
[2024-09-04T21:03:56.314+0000] {processor.py:914} INFO - Processing file /home/airflow/.local/lib/python3.12/site-packages/airflow/example_dags/example_branch_python_dop_operator_3.py for tasks to queue
[2024-09-04T21:03:56.330+0000] {logging_mixin.py:190} INFO - [2024-09-04T21:03:56.329+0000] {dagbag.py:587} INFO - Filling up the DagBag from /home/airflow/.local/lib/python3.12/site-packages/airflow/example_dags/example_branch_python_dop_operator_3.py
[2024-09-04T21:03:56.393+0000] {processor.py:925} INFO - DAG(s) 'example_branch_dop_operator_v3' retrieved from /home/airflow/.local/lib/python3.12/site-packages/airflow/example_dags/example_branch_python_dop_operator_3.py
[2024-09-04T21:03:56.498+0000] {logging_mixin.py:190} INFO - [2024-09-04T21:03:56.497+0000] {dag.py:3211} INFO - Sync 1 DAGs
[2024-09-04T21:03:56.655+0000] {logging_mixin.py:190} INFO - [2024-09-04T21:03:56.654+0000] {dag.py:4138} INFO - Setting next_dagrun for example_branch_dop_operator_v3 to 2024-09-04 21:02:00+00:00, run_after=2024-09-04 21:03:00+00:00
[2024-09-04T21:03:56.757+0000] {processor.py:208} INFO - Processing /home/airflow/.local/lib/python3.12/site-packages/airflow/example_dags/example_branch_python_dop_operator_3.py took 0.476 seconds
[2024-09-04T21:04:27.227+0000] {processor.py:186} INFO - Started process (PID=620) to work on /home/airflow/.local/lib/python3.12/site-packages/airflow/example_dags/example_branch_python_dop_operator_3.py
[2024-09-04T21:04:27.228+0000] {processor.py:914} INFO - Processing file /home/airflow/.local/lib/python3.12/site-packages/airflow/example_dags/example_branch_python_dop_operator_3.py for tasks to queue
[2024-09-04T21:04:27.231+0000] {logging_mixin.py:190} INFO - [2024-09-04T21:04:27.231+0000] {dagbag.py:587} INFO - Filling up the DagBag from /home/airflow/.local/lib/python3.12/site-packages/airflow/example_dags/example_branch_python_dop_operator_3.py
[2024-09-04T21:04:27.244+0000] {processor.py:925} INFO - DAG(s) 'example_branch_dop_operator_v3' retrieved from /home/airflow/.local/lib/python3.12/site-packages/airflow/example_dags/example_branch_python_dop_operator_3.py
[2024-09-04T21:04:27.272+0000] {logging_mixin.py:190} INFO - [2024-09-04T21:04:27.271+0000] {dag.py:3211} INFO - Sync 1 DAGs
[2024-09-04T21:04:27.304+0000] {logging_mixin.py:190} INFO - [2024-09-04T21:04:27.303+0000] {dag.py:4138} INFO - Setting next_dagrun for example_branch_dop_operator_v3 to 2024-09-04 21:03:00+00:00, run_after=2024-09-04 21:04:00+00:00
[2024-09-04T21:04:27.330+0000] {processor.py:208} INFO - Processing /home/airflow/.local/lib/python3.12/site-packages/airflow/example_dags/example_branch_python_dop_operator_3.py took 0.111 seconds
[2024-09-04T21:04:58.285+0000] {processor.py:186} INFO - Started process (PID=682) to work on /home/airflow/.local/lib/python3.12/site-packages/airflow/example_dags/example_branch_python_dop_operator_3.py
[2024-09-04T21:04:58.339+0000] {processor.py:914} INFO - Processing file /home/airflow/.local/lib/python3.12/site-packages/airflow/example_dags/example_branch_python_dop_operator_3.py for tasks to queue
[2024-09-04T21:04:58.361+0000] {logging_mixin.py:190} INFO - [2024-09-04T21:04:58.360+0000] {dagbag.py:587} INFO - Filling up the DagBag from /home/airflow/.local/lib/python3.12/site-packages/airflow/example_dags/example_branch_python_dop_operator_3.py
[2024-09-04T21:04:58.443+0000] {processor.py:925} INFO - DAG(s) 'example_branch_dop_operator_v3' retrieved from /home/airflow/.local/lib/python3.12/site-packages/airflow/example_dags/example_branch_python_dop_operator_3.py
[2024-09-04T21:04:58.545+0000] {logging_mixin.py:190} INFO - [2024-09-04T21:04:58.541+0000] {dag.py:3211} INFO - Sync 1 DAGs
[2024-09-04T21:04:58.654+0000] {logging_mixin.py:190} INFO - [2024-09-04T21:04:58.653+0000] {dag.py:4138} INFO - Setting next_dagrun for example_branch_dop_operator_v3 to 2024-09-04 21:03:00+00:00, run_after=2024-09-04 21:04:00+00:00
[2024-09-04T21:04:58.708+0000] {processor.py:208} INFO - Processing /home/airflow/.local/lib/python3.12/site-packages/airflow/example_dags/example_branch_python_dop_operator_3.py took 0.448 seconds
[2024-09-04T21:05:28.776+0000] {processor.py:186} INFO - Started process (PID=744) to work on /home/airflow/.local/lib/python3.12/site-packages/airflow/example_dags/example_branch_python_dop_operator_3.py
[2024-09-04T21:05:28.777+0000] {processor.py:914} INFO - Processing file /home/airflow/.local/lib/python3.12/site-packages/airflow/example_dags/example_branch_python_dop_operator_3.py for tasks to queue
[2024-09-04T21:05:28.780+0000] {logging_mixin.py:190} INFO - [2024-09-04T21:05:28.779+0000] {dagbag.py:587} INFO - Filling up the DagBag from /home/airflow/.local/lib/python3.12/site-packages/airflow/example_dags/example_branch_python_dop_operator_3.py
[2024-09-04T21:05:28.792+0000] {processor.py:925} INFO - DAG(s) 'example_branch_dop_operator_v3' retrieved from /home/airflow/.local/lib/python3.12/site-packages/airflow/example_dags/example_branch_python_dop_operator_3.py
[2024-09-04T21:05:28.818+0000] {logging_mixin.py:190} INFO - [2024-09-04T21:05:28.818+0000] {dag.py:3211} INFO - Sync 1 DAGs
[2024-09-04T21:05:28.855+0000] {logging_mixin.py:190} INFO - [2024-09-04T21:05:28.855+0000] {dag.py:4138} INFO - Setting next_dagrun for example_branch_dop_operator_v3 to 2024-09-04 21:04:00+00:00, run_after=2024-09-04 21:05:00+00:00
[2024-09-04T21:05:28.883+0000] {processor.py:208} INFO - Processing /home/airflow/.local/lib/python3.12/site-packages/airflow/example_dags/example_branch_python_dop_operator_3.py took 0.116 seconds
[2024-09-04T21:05:59.326+0000] {processor.py:186} INFO - Started process (PID=806) to work on /home/airflow/.local/lib/python3.12/site-packages/airflow/example_dags/example_branch_python_dop_operator_3.py
[2024-09-04T21:05:59.328+0000] {processor.py:914} INFO - Processing file /home/airflow/.local/lib/python3.12/site-packages/airflow/example_dags/example_branch_python_dop_operator_3.py for tasks to queue
[2024-09-04T21:05:59.332+0000] {logging_mixin.py:190} INFO - [2024-09-04T21:05:59.332+0000] {dagbag.py:587} INFO - Filling up the DagBag from /home/airflow/.local/lib/python3.12/site-packages/airflow/example_dags/example_branch_python_dop_operator_3.py
[2024-09-04T21:05:59.349+0000] {processor.py:925} INFO - DAG(s) 'example_branch_dop_operator_v3' retrieved from /home/airflow/.local/lib/python3.12/site-packages/airflow/example_dags/example_branch_python_dop_operator_3.py
[2024-09-04T21:05:59.380+0000] {logging_mixin.py:190} INFO - [2024-09-04T21:05:59.380+0000] {dag.py:3211} INFO - Sync 1 DAGs
[2024-09-04T21:05:59.415+0000] {logging_mixin.py:190} INFO - [2024-09-04T21:05:59.415+0000] {dag.py:4138} INFO - Setting next_dagrun for example_branch_dop_operator_v3 to 2024-09-04 21:04:00+00:00, run_after=2024-09-04 21:05:00+00:00
[2024-09-04T21:05:59.444+0000] {processor.py:208} INFO - Processing /home/airflow/.local/lib/python3.12/site-packages/airflow/example_dags/example_branch_python_dop_operator_3.py took 0.128 seconds
[2024-09-04T21:06:34.047+0000] {processor.py:186} INFO - Started process (PID=867) to work on /home/airflow/.local/lib/python3.12/site-packages/airflow/example_dags/example_branch_python_dop_operator_3.py
[2024-09-04T21:06:34.060+0000] {processor.py:914} INFO - Processing file /home/airflow/.local/lib/python3.12/site-packages/airflow/example_dags/example_branch_python_dop_operator_3.py for tasks to queue
[2024-09-04T21:06:34.068+0000] {logging_mixin.py:190} INFO - [2024-09-04T21:06:34.067+0000] {dagbag.py:587} INFO - Filling up the DagBag from /home/airflow/.local/lib/python3.12/site-packages/airflow/example_dags/example_branch_python_dop_operator_3.py
[2024-09-04T21:06:34.131+0000] {processor.py:925} INFO - DAG(s) 'example_branch_dop_operator_v3' retrieved from /home/airflow/.local/lib/python3.12/site-packages/airflow/example_dags/example_branch_python_dop_operator_3.py
[2024-09-04T21:06:34.243+0000] {logging_mixin.py:190} INFO - [2024-09-04T21:06:34.242+0000] {dag.py:3211} INFO - Sync 1 DAGs
[2024-09-04T21:06:34.374+0000] {logging_mixin.py:190} INFO - [2024-09-04T21:06:34.373+0000] {dag.py:4138} INFO - Setting next_dagrun for example_branch_dop_operator_v3 to 2024-09-04 21:05:00+00:00, run_after=2024-09-04 21:06:00+00:00
[2024-09-04T21:06:34.462+0000] {processor.py:208} INFO - Processing /home/airflow/.local/lib/python3.12/site-packages/airflow/example_dags/example_branch_python_dop_operator_3.py took 0.447 seconds
[2024-09-04T21:07:05.298+0000] {processor.py:186} INFO - Started process (PID=929) to work on /home/airflow/.local/lib/python3.12/site-packages/airflow/example_dags/example_branch_python_dop_operator_3.py
[2024-09-04T21:07:05.299+0000] {processor.py:914} INFO - Processing file /home/airflow/.local/lib/python3.12/site-packages/airflow/example_dags/example_branch_python_dop_operator_3.py for tasks to queue
[2024-09-04T21:07:05.301+0000] {logging_mixin.py:190} INFO - [2024-09-04T21:07:05.301+0000] {dagbag.py:587} INFO - Filling up the DagBag from /home/airflow/.local/lib/python3.12/site-packages/airflow/example_dags/example_branch_python_dop_operator_3.py
[2024-09-04T21:07:05.310+0000] {processor.py:925} INFO - DAG(s) 'example_branch_dop_operator_v3' retrieved from /home/airflow/.local/lib/python3.12/site-packages/airflow/example_dags/example_branch_python_dop_operator_3.py
[2024-09-04T21:07:05.332+0000] {logging_mixin.py:190} INFO - [2024-09-04T21:07:05.332+0000] {dag.py:3211} INFO - Sync 1 DAGs
[2024-09-04T21:07:05.357+0000] {logging_mixin.py:190} INFO - [2024-09-04T21:07:05.357+0000] {dag.py:4138} INFO - Setting next_dagrun for example_branch_dop_operator_v3 to 2024-09-04 21:06:00+00:00, run_after=2024-09-04 21:07:00+00:00
[2024-09-04T21:07:05.381+0000] {processor.py:208} INFO - Processing /home/airflow/.local/lib/python3.12/site-packages/airflow/example_dags/example_branch_python_dop_operator_3.py took 0.089 seconds
[2024-09-04T21:07:35.499+0000] {processor.py:186} INFO - Started process (PID=990) to work on /home/airflow/.local/lib/python3.12/site-packages/airflow/example_dags/example_branch_python_dop_operator_3.py
[2024-09-04T21:07:35.500+0000] {processor.py:914} INFO - Processing file /home/airflow/.local/lib/python3.12/site-packages/airflow/example_dags/example_branch_python_dop_operator_3.py for tasks to queue
[2024-09-04T21:07:35.502+0000] {logging_mixin.py:190} INFO - [2024-09-04T21:07:35.502+0000] {dagbag.py:587} INFO - Filling up the DagBag from /home/airflow/.local/lib/python3.12/site-packages/airflow/example_dags/example_branch_python_dop_operator_3.py
[2024-09-04T21:07:35.511+0000] {processor.py:925} INFO - DAG(s) 'example_branch_dop_operator_v3' retrieved from /home/airflow/.local/lib/python3.12/site-packages/airflow/example_dags/example_branch_python_dop_operator_3.py
[2024-09-04T21:07:35.532+0000] {logging_mixin.py:190} INFO - [2024-09-04T21:07:35.531+0000] {dag.py:3211} INFO - Sync 1 DAGs
[2024-09-04T21:07:35.552+0000] {logging_mixin.py:190} INFO - [2024-09-04T21:07:35.552+0000] {dag.py:4138} INFO - Setting next_dagrun for example_branch_dop_operator_v3 to 2024-09-04 21:06:00+00:00, run_after=2024-09-04 21:07:00+00:00
[2024-09-04T21:07:35.573+0000] {processor.py:208} INFO - Processing /home/airflow/.local/lib/python3.12/site-packages/airflow/example_dags/example_branch_python_dop_operator_3.py took 0.079 seconds
[2024-09-04T21:08:06.213+0000] {processor.py:186} INFO - Started process (PID=1054) to work on /home/airflow/.local/lib/python3.12/site-packages/airflow/example_dags/example_branch_python_dop_operator_3.py
[2024-09-04T21:08:06.214+0000] {processor.py:914} INFO - Processing file /home/airflow/.local/lib/python3.12/site-packages/airflow/example_dags/example_branch_python_dop_operator_3.py for tasks to queue
[2024-09-04T21:08:06.216+0000] {logging_mixin.py:190} INFO - [2024-09-04T21:08:06.216+0000] {dagbag.py:587} INFO - Filling up the DagBag from /home/airflow/.local/lib/python3.12/site-packages/airflow/example_dags/example_branch_python_dop_operator_3.py
[2024-09-04T21:08:06.224+0000] {processor.py:925} INFO - DAG(s) 'example_branch_dop_operator_v3' retrieved from /home/airflow/.local/lib/python3.12/site-packages/airflow/example_dags/example_branch_python_dop_operator_3.py
[2024-09-04T21:08:06.246+0000] {logging_mixin.py:190} INFO - [2024-09-04T21:08:06.246+0000] {dag.py:3211} INFO - Sync 1 DAGs
[2024-09-04T21:08:06.267+0000] {logging_mixin.py:190} INFO - [2024-09-04T21:08:06.267+0000] {dag.py:4138} INFO - Setting next_dagrun for example_branch_dop_operator_v3 to 2024-09-04 21:07:00+00:00, run_after=2024-09-04 21:08:00+00:00
[2024-09-04T21:08:06.285+0000] {processor.py:208} INFO - Processing /home/airflow/.local/lib/python3.12/site-packages/airflow/example_dags/example_branch_python_dop_operator_3.py took 0.077 seconds
[2024-09-04T21:08:36.639+0000] {processor.py:186} INFO - Started process (PID=1116) to work on /home/airflow/.local/lib/python3.12/site-packages/airflow/example_dags/example_branch_python_dop_operator_3.py
[2024-09-04T21:08:36.641+0000] {processor.py:914} INFO - Processing file /home/airflow/.local/lib/python3.12/site-packages/airflow/example_dags/example_branch_python_dop_operator_3.py for tasks to queue
[2024-09-04T21:08:36.643+0000] {logging_mixin.py:190} INFO - [2024-09-04T21:08:36.643+0000] {dagbag.py:587} INFO - Filling up the DagBag from /home/airflow/.local/lib/python3.12/site-packages/airflow/example_dags/example_branch_python_dop_operator_3.py
[2024-09-04T21:08:36.655+0000] {processor.py:925} INFO - DAG(s) 'example_branch_dop_operator_v3' retrieved from /home/airflow/.local/lib/python3.12/site-packages/airflow/example_dags/example_branch_python_dop_operator_3.py
[2024-09-04T21:08:36.676+0000] {logging_mixin.py:190} INFO - [2024-09-04T21:08:36.675+0000] {dag.py:3211} INFO - Sync 1 DAGs
[2024-09-04T21:08:36.697+0000] {logging_mixin.py:190} INFO - [2024-09-04T21:08:36.697+0000] {dag.py:4138} INFO - Setting next_dagrun for example_branch_dop_operator_v3 to 2024-09-04 21:07:00+00:00, run_after=2024-09-04 21:08:00+00:00
[2024-09-04T21:08:36.718+0000] {processor.py:208} INFO - Processing /home/airflow/.local/lib/python3.12/site-packages/airflow/example_dags/example_branch_python_dop_operator_3.py took 0.085 seconds
[2024-09-04T21:09:07.164+0000] {processor.py:186} INFO - Started process (PID=1178) to work on /home/airflow/.local/lib/python3.12/site-packages/airflow/example_dags/example_branch_python_dop_operator_3.py
[2024-09-04T21:09:07.165+0000] {processor.py:914} INFO - Processing file /home/airflow/.local/lib/python3.12/site-packages/airflow/example_dags/example_branch_python_dop_operator_3.py for tasks to queue
[2024-09-04T21:09:07.167+0000] {logging_mixin.py:190} INFO - [2024-09-04T21:09:07.167+0000] {dagbag.py:587} INFO - Filling up the DagBag from /home/airflow/.local/lib/python3.12/site-packages/airflow/example_dags/example_branch_python_dop_operator_3.py
[2024-09-04T21:09:07.176+0000] {processor.py:925} INFO - DAG(s) 'example_branch_dop_operator_v3' retrieved from /home/airflow/.local/lib/python3.12/site-packages/airflow/example_dags/example_branch_python_dop_operator_3.py
[2024-09-04T21:09:07.196+0000] {logging_mixin.py:190} INFO - [2024-09-04T21:09:07.195+0000] {dag.py:3211} INFO - Sync 1 DAGs
[2024-09-04T21:09:07.216+0000] {logging_mixin.py:190} INFO - [2024-09-04T21:09:07.216+0000] {dag.py:4138} INFO - Setting next_dagrun for example_branch_dop_operator_v3 to 2024-09-04 21:08:00+00:00, run_after=2024-09-04 21:09:00+00:00
[2024-09-04T21:09:07.240+0000] {processor.py:208} INFO - Processing /home/airflow/.local/lib/python3.12/site-packages/airflow/example_dags/example_branch_python_dop_operator_3.py took 0.083 seconds
[2024-09-04T21:09:37.587+0000] {processor.py:186} INFO - Started process (PID=1240) to work on /home/airflow/.local/lib/python3.12/site-packages/airflow/example_dags/example_branch_python_dop_operator_3.py
[2024-09-04T21:09:37.588+0000] {processor.py:914} INFO - Processing file /home/airflow/.local/lib/python3.12/site-packages/airflow/example_dags/example_branch_python_dop_operator_3.py for tasks to queue
[2024-09-04T21:09:37.590+0000] {logging_mixin.py:190} INFO - [2024-09-04T21:09:37.590+0000] {dagbag.py:587} INFO - Filling up the DagBag from /home/airflow/.local/lib/python3.12/site-packages/airflow/example_dags/example_branch_python_dop_operator_3.py
[2024-09-04T21:09:37.599+0000] {processor.py:925} INFO - DAG(s) 'example_branch_dop_operator_v3' retrieved from /home/airflow/.local/lib/python3.12/site-packages/airflow/example_dags/example_branch_python_dop_operator_3.py
[2024-09-04T21:09:37.618+0000] {logging_mixin.py:190} INFO - [2024-09-04T21:09:37.617+0000] {dag.py:3211} INFO - Sync 1 DAGs
[2024-09-04T21:09:37.638+0000] {logging_mixin.py:190} INFO - [2024-09-04T21:09:37.638+0000] {dag.py:4138} INFO - Setting next_dagrun for example_branch_dop_operator_v3 to 2024-09-04 21:08:00+00:00, run_after=2024-09-04 21:09:00+00:00
[2024-09-04T21:09:37.656+0000] {processor.py:208} INFO - Processing /home/airflow/.local/lib/python3.12/site-packages/airflow/example_dags/example_branch_python_dop_operator_3.py took 0.074 seconds
[2024-09-04T21:10:08.041+0000] {processor.py:186} INFO - Started process (PID=1302) to work on /home/airflow/.local/lib/python3.12/site-packages/airflow/example_dags/example_branch_python_dop_operator_3.py
[2024-09-04T21:10:08.042+0000] {processor.py:914} INFO - Processing file /home/airflow/.local/lib/python3.12/site-packages/airflow/example_dags/example_branch_python_dop_operator_3.py for tasks to queue
[2024-09-04T21:10:08.044+0000] {logging_mixin.py:190} INFO - [2024-09-04T21:10:08.044+0000] {dagbag.py:587} INFO - Filling up the DagBag from /home/airflow/.local/lib/python3.12/site-packages/airflow/example_dags/example_branch_python_dop_operator_3.py
[2024-09-04T21:10:08.053+0000] {processor.py:925} INFO - DAG(s) 'example_branch_dop_operator_v3' retrieved from /home/airflow/.local/lib/python3.12/site-packages/airflow/example_dags/example_branch_python_dop_operator_3.py
[2024-09-04T21:10:08.073+0000] {logging_mixin.py:190} INFO - [2024-09-04T21:10:08.072+0000] {dag.py:3211} INFO - Sync 1 DAGs
[2024-09-04T21:10:08.093+0000] {logging_mixin.py:190} INFO - [2024-09-04T21:10:08.093+0000] {dag.py:4138} INFO - Setting next_dagrun for example_branch_dop_operator_v3 to 2024-09-04 21:09:00+00:00, run_after=2024-09-04 21:10:00+00:00
[2024-09-04T21:10:08.111+0000] {processor.py:208} INFO - Processing /home/airflow/.local/lib/python3.12/site-packages/airflow/example_dags/example_branch_python_dop_operator_3.py took 0.075 seconds
[2024-09-04T21:10:39.003+0000] {processor.py:186} INFO - Started process (PID=1365) to work on /home/airflow/.local/lib/python3.12/site-packages/airflow/example_dags/example_branch_python_dop_operator_3.py
[2024-09-04T21:10:39.004+0000] {processor.py:914} INFO - Processing file /home/airflow/.local/lib/python3.12/site-packages/airflow/example_dags/example_branch_python_dop_operator_3.py for tasks to queue
[2024-09-04T21:10:39.011+0000] {logging_mixin.py:190} INFO - [2024-09-04T21:10:39.010+0000] {dagbag.py:587} INFO - Filling up the DagBag from /home/airflow/.local/lib/python3.12/site-packages/airflow/example_dags/example_branch_python_dop_operator_3.py
[2024-09-04T21:10:39.022+0000] {processor.py:925} INFO - DAG(s) 'example_branch_dop_operator_v3' retrieved from /home/airflow/.local/lib/python3.12/site-packages/airflow/example_dags/example_branch_python_dop_operator_3.py
[2024-09-04T21:10:39.054+0000] {logging_mixin.py:190} INFO - [2024-09-04T21:10:39.053+0000] {dag.py:3211} INFO - Sync 1 DAGs
[2024-09-04T21:10:39.092+0000] {logging_mixin.py:190} INFO - [2024-09-04T21:10:39.092+0000] {dag.py:4138} INFO - Setting next_dagrun for example_branch_dop_operator_v3 to 2024-09-04 21:09:00+00:00, run_after=2024-09-04 21:10:00+00:00
[2024-09-04T21:10:39.118+0000] {processor.py:208} INFO - Processing /home/airflow/.local/lib/python3.12/site-packages/airflow/example_dags/example_branch_python_dop_operator_3.py took 0.123 seconds
[2024-09-04T21:11:09.187+0000] {processor.py:186} INFO - Started process (PID=1427) to work on /home/airflow/.local/lib/python3.12/site-packages/airflow/example_dags/example_branch_python_dop_operator_3.py
[2024-09-04T21:11:09.188+0000] {processor.py:914} INFO - Processing file /home/airflow/.local/lib/python3.12/site-packages/airflow/example_dags/example_branch_python_dop_operator_3.py for tasks to queue
[2024-09-04T21:11:09.190+0000] {logging_mixin.py:190} INFO - [2024-09-04T21:11:09.190+0000] {dagbag.py:587} INFO - Filling up the DagBag from /home/airflow/.local/lib/python3.12/site-packages/airflow/example_dags/example_branch_python_dop_operator_3.py
[2024-09-04T21:11:09.198+0000] {processor.py:925} INFO - DAG(s) 'example_branch_dop_operator_v3' retrieved from /home/airflow/.local/lib/python3.12/site-packages/airflow/example_dags/example_branch_python_dop_operator_3.py
[2024-09-04T21:11:09.217+0000] {logging_mixin.py:190} INFO - [2024-09-04T21:11:09.217+0000] {dag.py:3211} INFO - Sync 1 DAGs
[2024-09-04T21:11:09.238+0000] {logging_mixin.py:190} INFO - [2024-09-04T21:11:09.238+0000] {dag.py:4138} INFO - Setting next_dagrun for example_branch_dop_operator_v3 to 2024-09-04 21:10:00+00:00, run_after=2024-09-04 21:11:00+00:00
[2024-09-04T21:11:09.259+0000] {processor.py:208} INFO - Processing /home/airflow/.local/lib/python3.12/site-packages/airflow/example_dags/example_branch_python_dop_operator_3.py took 0.077 seconds
[2024-09-04T21:11:39.460+0000] {processor.py:186} INFO - Started process (PID=1490) to work on /home/airflow/.local/lib/python3.12/site-packages/airflow/example_dags/example_branch_python_dop_operator_3.py
[2024-09-04T21:11:39.461+0000] {processor.py:914} INFO - Processing file /home/airflow/.local/lib/python3.12/site-packages/airflow/example_dags/example_branch_python_dop_operator_3.py for tasks to queue
[2024-09-04T21:11:39.463+0000] {logging_mixin.py:190} INFO - [2024-09-04T21:11:39.463+0000] {dagbag.py:587} INFO - Filling up the DagBag from /home/airflow/.local/lib/python3.12/site-packages/airflow/example_dags/example_branch_python_dop_operator_3.py
[2024-09-04T21:11:39.473+0000] {processor.py:925} INFO - DAG(s) 'example_branch_dop_operator_v3' retrieved from /home/airflow/.local/lib/python3.12/site-packages/airflow/example_dags/example_branch_python_dop_operator_3.py
[2024-09-04T21:11:39.495+0000] {logging_mixin.py:190} INFO - [2024-09-04T21:11:39.494+0000] {dag.py:3211} INFO - Sync 1 DAGs
[2024-09-04T21:11:39.522+0000] {logging_mixin.py:190} INFO - [2024-09-04T21:11:39.522+0000] {dag.py:4138} INFO - Setting next_dagrun for example_branch_dop_operator_v3 to 2024-09-04 21:10:00+00:00, run_after=2024-09-04 21:11:00+00:00
[2024-09-04T21:11:39.541+0000] {processor.py:208} INFO - Processing /home/airflow/.local/lib/python3.12/site-packages/airflow/example_dags/example_branch_python_dop_operator_3.py took 0.086 seconds
[2024-09-04T21:12:09.655+0000] {processor.py:186} INFO - Started process (PID=1553) to work on /home/airflow/.local/lib/python3.12/site-packages/airflow/example_dags/example_branch_python_dop_operator_3.py
[2024-09-04T21:12:09.655+0000] {processor.py:914} INFO - Processing file /home/airflow/.local/lib/python3.12/site-packages/airflow/example_dags/example_branch_python_dop_operator_3.py for tasks to queue
[2024-09-04T21:12:09.658+0000] {logging_mixin.py:190} INFO - [2024-09-04T21:12:09.657+0000] {dagbag.py:587} INFO - Filling up the DagBag from /home/airflow/.local/lib/python3.12/site-packages/airflow/example_dags/example_branch_python_dop_operator_3.py
[2024-09-04T21:12:09.667+0000] {processor.py:925} INFO - DAG(s) 'example_branch_dop_operator_v3' retrieved from /home/airflow/.local/lib/python3.12/site-packages/airflow/example_dags/example_branch_python_dop_operator_3.py
[2024-09-04T21:12:09.689+0000] {logging_mixin.py:190} INFO - [2024-09-04T21:12:09.688+0000] {dag.py:3211} INFO - Sync 1 DAGs
[2024-09-04T21:12:09.714+0000] {logging_mixin.py:190} INFO - [2024-09-04T21:12:09.714+0000] {dag.py:4138} INFO - Setting next_dagrun for example_branch_dop_operator_v3 to 2024-09-04 21:11:00+00:00, run_after=2024-09-04 21:12:00+00:00
[2024-09-04T21:12:09.734+0000] {processor.py:208} INFO - Processing /home/airflow/.local/lib/python3.12/site-packages/airflow/example_dags/example_branch_python_dop_operator_3.py took 0.084 seconds
[2024-09-04T21:12:40.514+0000] {processor.py:186} INFO - Started process (PID=1617) to work on /home/airflow/.local/lib/python3.12/site-packages/airflow/example_dags/example_branch_python_dop_operator_3.py
[2024-09-04T21:12:40.515+0000] {processor.py:914} INFO - Processing file /home/airflow/.local/lib/python3.12/site-packages/airflow/example_dags/example_branch_python_dop_operator_3.py for tasks to queue
[2024-09-04T21:12:40.517+0000] {logging_mixin.py:190} INFO - [2024-09-04T21:12:40.517+0000] {dagbag.py:587} INFO - Filling up the DagBag from /home/airflow/.local/lib/python3.12/site-packages/airflow/example_dags/example_branch_python_dop_operator_3.py
[2024-09-04T21:12:40.527+0000] {processor.py:925} INFO - DAG(s) 'example_branch_dop_operator_v3' retrieved from /home/airflow/.local/lib/python3.12/site-packages/airflow/example_dags/example_branch_python_dop_operator_3.py
[2024-09-04T21:12:40.549+0000] {logging_mixin.py:190} INFO - [2024-09-04T21:12:40.548+0000] {dag.py:3211} INFO - Sync 1 DAGs
[2024-09-04T21:12:40.573+0000] {logging_mixin.py:190} INFO - [2024-09-04T21:12:40.573+0000] {dag.py:4138} INFO - Setting next_dagrun for example_branch_dop_operator_v3 to 2024-09-04 21:11:00+00:00, run_after=2024-09-04 21:12:00+00:00
[2024-09-04T21:12:40.593+0000] {processor.py:208} INFO - Processing /home/airflow/.local/lib/python3.12/site-packages/airflow/example_dags/example_branch_python_dop_operator_3.py took 0.084 seconds
[2024-09-04T21:13:11.424+0000] {processor.py:186} INFO - Started process (PID=1680) to work on /home/airflow/.local/lib/python3.12/site-packages/airflow/example_dags/example_branch_python_dop_operator_3.py
[2024-09-04T21:13:11.425+0000] {processor.py:914} INFO - Processing file /home/airflow/.local/lib/python3.12/site-packages/airflow/example_dags/example_branch_python_dop_operator_3.py for tasks to queue
[2024-09-04T21:13:11.427+0000] {logging_mixin.py:190} INFO - [2024-09-04T21:13:11.427+0000] {dagbag.py:587} INFO - Filling up the DagBag from /home/airflow/.local/lib/python3.12/site-packages/airflow/example_dags/example_branch_python_dop_operator_3.py
[2024-09-04T21:13:11.437+0000] {processor.py:925} INFO - DAG(s) 'example_branch_dop_operator_v3' retrieved from /home/airflow/.local/lib/python3.12/site-packages/airflow/example_dags/example_branch_python_dop_operator_3.py
[2024-09-04T21:13:11.458+0000] {logging_mixin.py:190} INFO - [2024-09-04T21:13:11.458+0000] {dag.py:3211} INFO - Sync 1 DAGs
[2024-09-04T21:13:11.483+0000] {logging_mixin.py:190} INFO - [2024-09-04T21:13:11.483+0000] {dag.py:4138} INFO - Setting next_dagrun for example_branch_dop_operator_v3 to 2024-09-04 21:12:00+00:00, run_after=2024-09-04 21:13:00+00:00
[2024-09-04T21:13:11.503+0000] {processor.py:208} INFO - Processing /home/airflow/.local/lib/python3.12/site-packages/airflow/example_dags/example_branch_python_dop_operator_3.py took 0.084 seconds
[2024-09-04T21:13:41.635+0000] {processor.py:186} INFO - Started process (PID=1743) to work on /home/airflow/.local/lib/python3.12/site-packages/airflow/example_dags/example_branch_python_dop_operator_3.py
[2024-09-04T21:13:41.636+0000] {processor.py:914} INFO - Processing file /home/airflow/.local/lib/python3.12/site-packages/airflow/example_dags/example_branch_python_dop_operator_3.py for tasks to queue
[2024-09-04T21:13:41.639+0000] {logging_mixin.py:190} INFO - [2024-09-04T21:13:41.639+0000] {dagbag.py:587} INFO - Filling up the DagBag from /home/airflow/.local/lib/python3.12/site-packages/airflow/example_dags/example_branch_python_dop_operator_3.py
[2024-09-04T21:13:41.648+0000] {processor.py:925} INFO - DAG(s) 'example_branch_dop_operator_v3' retrieved from /home/airflow/.local/lib/python3.12/site-packages/airflow/example_dags/example_branch_python_dop_operator_3.py
[2024-09-04T21:13:41.671+0000] {logging_mixin.py:190} INFO - [2024-09-04T21:13:41.670+0000] {dag.py:3211} INFO - Sync 1 DAGs
[2024-09-04T21:13:41.695+0000] {logging_mixin.py:190} INFO - [2024-09-04T21:13:41.695+0000] {dag.py:4138} INFO - Setting next_dagrun for example_branch_dop_operator_v3 to 2024-09-04 21:12:00+00:00, run_after=2024-09-04 21:13:00+00:00
[2024-09-04T21:13:41.718+0000] {processor.py:208} INFO - Processing /home/airflow/.local/lib/python3.12/site-packages/airflow/example_dags/example_branch_python_dop_operator_3.py took 0.088 seconds
[2024-09-04T21:14:12.343+0000] {processor.py:186} INFO - Started process (PID=1806) to work on /home/airflow/.local/lib/python3.12/site-packages/airflow/example_dags/example_branch_python_dop_operator_3.py
[2024-09-04T21:14:12.344+0000] {processor.py:914} INFO - Processing file /home/airflow/.local/lib/python3.12/site-packages/airflow/example_dags/example_branch_python_dop_operator_3.py for tasks to queue
[2024-09-04T21:14:12.346+0000] {logging_mixin.py:190} INFO - [2024-09-04T21:14:12.346+0000] {dagbag.py:587} INFO - Filling up the DagBag from /home/airflow/.local/lib/python3.12/site-packages/airflow/example_dags/example_branch_python_dop_operator_3.py
[2024-09-04T21:14:12.356+0000] {processor.py:925} INFO - DAG(s) 'example_branch_dop_operator_v3' retrieved from /home/airflow/.local/lib/python3.12/site-packages/airflow/example_dags/example_branch_python_dop_operator_3.py
[2024-09-04T21:14:12.376+0000] {logging_mixin.py:190} INFO - [2024-09-04T21:14:12.375+0000] {dag.py:3211} INFO - Sync 1 DAGs
[2024-09-04T21:14:12.406+0000] {logging_mixin.py:190} INFO - [2024-09-04T21:14:12.406+0000] {dag.py:4138} INFO - Setting next_dagrun for example_branch_dop_operator_v3 to 2024-09-04 21:13:00+00:00, run_after=2024-09-04 21:14:00+00:00
[2024-09-04T21:14:12.427+0000] {processor.py:208} INFO - Processing /home/airflow/.local/lib/python3.12/site-packages/airflow/example_dags/example_branch_python_dop_operator_3.py took 0.090 seconds
[2024-09-04T21:14:43.300+0000] {processor.py:186} INFO - Started process (PID=1869) to work on /home/airflow/.local/lib/python3.12/site-packages/airflow/example_dags/example_branch_python_dop_operator_3.py
[2024-09-04T21:14:43.302+0000] {processor.py:914} INFO - Processing file /home/airflow/.local/lib/python3.12/site-packages/airflow/example_dags/example_branch_python_dop_operator_3.py for tasks to queue
[2024-09-04T21:14:43.306+0000] {logging_mixin.py:190} INFO - [2024-09-04T21:14:43.305+0000] {dagbag.py:587} INFO - Filling up the DagBag from /home/airflow/.local/lib/python3.12/site-packages/airflow/example_dags/example_branch_python_dop_operator_3.py
[2024-09-04T21:14:43.321+0000] {processor.py:925} INFO - DAG(s) 'example_branch_dop_operator_v3' retrieved from /home/airflow/.local/lib/python3.12/site-packages/airflow/example_dags/example_branch_python_dop_operator_3.py
[2024-09-04T21:14:43.364+0000] {logging_mixin.py:190} INFO - [2024-09-04T21:14:43.363+0000] {dag.py:3211} INFO - Sync 1 DAGs
[2024-09-04T21:14:43.405+0000] {logging_mixin.py:190} INFO - [2024-09-04T21:14:43.405+0000] {dag.py:4138} INFO - Setting next_dagrun for example_branch_dop_operator_v3 to 2024-09-04 21:13:00+00:00, run_after=2024-09-04 21:14:00+00:00
[2024-09-04T21:14:43.439+0000] {processor.py:208} INFO - Processing /home/airflow/.local/lib/python3.12/site-packages/airflow/example_dags/example_branch_python_dop_operator_3.py took 0.151 seconds
[2024-09-04T21:15:13.709+0000] {processor.py:186} INFO - Started process (PID=1932) to work on /home/airflow/.local/lib/python3.12/site-packages/airflow/example_dags/example_branch_python_dop_operator_3.py
[2024-09-04T21:15:13.710+0000] {processor.py:914} INFO - Processing file /home/airflow/.local/lib/python3.12/site-packages/airflow/example_dags/example_branch_python_dop_operator_3.py for tasks to queue
[2024-09-04T21:15:13.712+0000] {logging_mixin.py:190} INFO - [2024-09-04T21:15:13.712+0000] {dagbag.py:587} INFO - Filling up the DagBag from /home/airflow/.local/lib/python3.12/site-packages/airflow/example_dags/example_branch_python_dop_operator_3.py
[2024-09-04T21:15:13.723+0000] {processor.py:925} INFO - DAG(s) 'example_branch_dop_operator_v3' retrieved from /home/airflow/.local/lib/python3.12/site-packages/airflow/example_dags/example_branch_python_dop_operator_3.py
[2024-09-04T21:15:13.748+0000] {logging_mixin.py:190} INFO - [2024-09-04T21:15:13.747+0000] {dag.py:3211} INFO - Sync 1 DAGs
[2024-09-04T21:15:13.775+0000] {logging_mixin.py:190} INFO - [2024-09-04T21:15:13.775+0000] {dag.py:4138} INFO - Setting next_dagrun for example_branch_dop_operator_v3 to 2024-09-04 21:14:00+00:00, run_after=2024-09-04 21:15:00+00:00
[2024-09-04T21:15:13.798+0000] {processor.py:208} INFO - Processing /home/airflow/.local/lib/python3.12/site-packages/airflow/example_dags/example_branch_python_dop_operator_3.py took 0.095 seconds
[2024-09-04T21:15:44.066+0000] {processor.py:186} INFO - Started process (PID=1995) to work on /home/airflow/.local/lib/python3.12/site-packages/airflow/example_dags/example_branch_python_dop_operator_3.py
[2024-09-04T21:15:44.068+0000] {processor.py:914} INFO - Processing file /home/airflow/.local/lib/python3.12/site-packages/airflow/example_dags/example_branch_python_dop_operator_3.py for tasks to queue
[2024-09-04T21:15:44.072+0000] {logging_mixin.py:190} INFO - [2024-09-04T21:15:44.072+0000] {dagbag.py:587} INFO - Filling up the DagBag from /home/airflow/.local/lib/python3.12/site-packages/airflow/example_dags/example_branch_python_dop_operator_3.py
[2024-09-04T21:15:44.089+0000] {processor.py:925} INFO - DAG(s) 'example_branch_dop_operator_v3' retrieved from /home/airflow/.local/lib/python3.12/site-packages/airflow/example_dags/example_branch_python_dop_operator_3.py
[2024-09-04T21:15:44.120+0000] {logging_mixin.py:190} INFO - [2024-09-04T21:15:44.119+0000] {dag.py:3211} INFO - Sync 1 DAGs
[2024-09-04T21:15:44.164+0000] {logging_mixin.py:190} INFO - [2024-09-04T21:15:44.163+0000] {dag.py:4138} INFO - Setting next_dagrun for example_branch_dop_operator_v3 to 2024-09-04 21:14:00+00:00, run_after=2024-09-04 21:15:00+00:00
[2024-09-04T21:15:44.192+0000] {processor.py:208} INFO - Processing /home/airflow/.local/lib/python3.12/site-packages/airflow/example_dags/example_branch_python_dop_operator_3.py took 0.138 seconds
[2024-09-04T21:16:14.538+0000] {processor.py:186} INFO - Started process (PID=2059) to work on /home/airflow/.local/lib/python3.12/site-packages/airflow/example_dags/example_branch_python_dop_operator_3.py
[2024-09-04T21:16:14.539+0000] {processor.py:914} INFO - Processing file /home/airflow/.local/lib/python3.12/site-packages/airflow/example_dags/example_branch_python_dop_operator_3.py for tasks to queue
[2024-09-04T21:16:14.541+0000] {logging_mixin.py:190} INFO - [2024-09-04T21:16:14.541+0000] {dagbag.py:587} INFO - Filling up the DagBag from /home/airflow/.local/lib/python3.12/site-packages/airflow/example_dags/example_branch_python_dop_operator_3.py
[2024-09-04T21:16:14.551+0000] {processor.py:925} INFO - DAG(s) 'example_branch_dop_operator_v3' retrieved from /home/airflow/.local/lib/python3.12/site-packages/airflow/example_dags/example_branch_python_dop_operator_3.py
[2024-09-04T21:16:14.574+0000] {logging_mixin.py:190} INFO - [2024-09-04T21:16:14.573+0000] {dag.py:3211} INFO - Sync 1 DAGs
[2024-09-04T21:16:14.598+0000] {logging_mixin.py:190} INFO - [2024-09-04T21:16:14.598+0000] {dag.py:4138} INFO - Setting next_dagrun for example_branch_dop_operator_v3 to 2024-09-04 21:15:00+00:00, run_after=2024-09-04 21:16:00+00:00
[2024-09-04T21:16:14.622+0000] {processor.py:208} INFO - Processing /home/airflow/.local/lib/python3.12/site-packages/airflow/example_dags/example_branch_python_dop_operator_3.py took 0.090 seconds
[2024-09-04T21:16:45.025+0000] {processor.py:186} INFO - Started process (PID=2122) to work on /home/airflow/.local/lib/python3.12/site-packages/airflow/example_dags/example_branch_python_dop_operator_3.py
[2024-09-04T21:16:45.026+0000] {processor.py:914} INFO - Processing file /home/airflow/.local/lib/python3.12/site-packages/airflow/example_dags/example_branch_python_dop_operator_3.py for tasks to queue
[2024-09-04T21:16:45.028+0000] {logging_mixin.py:190} INFO - [2024-09-04T21:16:45.028+0000] {dagbag.py:587} INFO - Filling up the DagBag from /home/airflow/.local/lib/python3.12/site-packages/airflow/example_dags/example_branch_python_dop_operator_3.py
[2024-09-04T21:16:45.038+0000] {processor.py:925} INFO - DAG(s) 'example_branch_dop_operator_v3' retrieved from /home/airflow/.local/lib/python3.12/site-packages/airflow/example_dags/example_branch_python_dop_operator_3.py
[2024-09-04T21:16:45.060+0000] {logging_mixin.py:190} INFO - [2024-09-04T21:16:45.060+0000] {dag.py:3211} INFO - Sync 1 DAGs
[2024-09-04T21:16:45.085+0000] {logging_mixin.py:190} INFO - [2024-09-04T21:16:45.085+0000] {dag.py:4138} INFO - Setting next_dagrun for example_branch_dop_operator_v3 to 2024-09-04 21:15:00+00:00, run_after=2024-09-04 21:16:00+00:00
[2024-09-04T21:16:45.108+0000] {processor.py:208} INFO - Processing /home/airflow/.local/lib/python3.12/site-packages/airflow/example_dags/example_branch_python_dop_operator_3.py took 0.088 seconds
[2024-09-04T21:17:15.215+0000] {processor.py:186} INFO - Started process (PID=2185) to work on /home/airflow/.local/lib/python3.12/site-packages/airflow/example_dags/example_branch_python_dop_operator_3.py
[2024-09-04T21:17:15.218+0000] {processor.py:914} INFO - Processing file /home/airflow/.local/lib/python3.12/site-packages/airflow/example_dags/example_branch_python_dop_operator_3.py for tasks to queue
[2024-09-04T21:17:15.223+0000] {logging_mixin.py:190} INFO - [2024-09-04T21:17:15.222+0000] {dagbag.py:587} INFO - Filling up the DagBag from /home/airflow/.local/lib/python3.12/site-packages/airflow/example_dags/example_branch_python_dop_operator_3.py
[2024-09-04T21:17:15.242+0000] {processor.py:925} INFO - DAG(s) 'example_branch_dop_operator_v3' retrieved from /home/airflow/.local/lib/python3.12/site-packages/airflow/example_dags/example_branch_python_dop_operator_3.py
[2024-09-04T21:17:15.280+0000] {logging_mixin.py:190} INFO - [2024-09-04T21:17:15.279+0000] {dag.py:3211} INFO - Sync 1 DAGs
[2024-09-04T21:17:15.358+0000] {logging_mixin.py:190} INFO - [2024-09-04T21:17:15.358+0000] {dag.py:4138} INFO - Setting next_dagrun for example_branch_dop_operator_v3 to 2024-09-04 21:16:00+00:00, run_after=2024-09-04 21:17:00+00:00
[2024-09-04T21:17:15.398+0000] {processor.py:208} INFO - Processing /home/airflow/.local/lib/python3.12/site-packages/airflow/example_dags/example_branch_python_dop_operator_3.py took 0.194 seconds
[2024-09-04T21:17:45.766+0000] {processor.py:186} INFO - Started process (PID=2248) to work on /home/airflow/.local/lib/python3.12/site-packages/airflow/example_dags/example_branch_python_dop_operator_3.py
[2024-09-04T21:17:45.767+0000] {processor.py:914} INFO - Processing file /home/airflow/.local/lib/python3.12/site-packages/airflow/example_dags/example_branch_python_dop_operator_3.py for tasks to queue
[2024-09-04T21:17:45.770+0000] {logging_mixin.py:190} INFO - [2024-09-04T21:17:45.770+0000] {dagbag.py:587} INFO - Filling up the DagBag from /home/airflow/.local/lib/python3.12/site-packages/airflow/example_dags/example_branch_python_dop_operator_3.py
[2024-09-04T21:17:45.780+0000] {processor.py:925} INFO - DAG(s) 'example_branch_dop_operator_v3' retrieved from /home/airflow/.local/lib/python3.12/site-packages/airflow/example_dags/example_branch_python_dop_operator_3.py
[2024-09-04T21:17:45.801+0000] {logging_mixin.py:190} INFO - [2024-09-04T21:17:45.800+0000] {dag.py:3211} INFO - Sync 1 DAGs
[2024-09-04T21:17:45.823+0000] {logging_mixin.py:190} INFO - [2024-09-04T21:17:45.822+0000] {dag.py:4138} INFO - Setting next_dagrun for example_branch_dop_operator_v3 to 2024-09-04 21:16:00+00:00, run_after=2024-09-04 21:17:00+00:00
[2024-09-04T21:17:45.843+0000] {processor.py:208} INFO - Processing /home/airflow/.local/lib/python3.12/site-packages/airflow/example_dags/example_branch_python_dop_operator_3.py took 0.083 seconds
[2024-09-04T21:18:16.226+0000] {processor.py:186} INFO - Started process (PID=2311) to work on /home/airflow/.local/lib/python3.12/site-packages/airflow/example_dags/example_branch_python_dop_operator_3.py
[2024-09-04T21:18:16.228+0000] {processor.py:914} INFO - Processing file /home/airflow/.local/lib/python3.12/site-packages/airflow/example_dags/example_branch_python_dop_operator_3.py for tasks to queue
[2024-09-04T21:18:16.232+0000] {logging_mixin.py:190} INFO - [2024-09-04T21:18:16.231+0000] {dagbag.py:587} INFO - Filling up the DagBag from /home/airflow/.local/lib/python3.12/site-packages/airflow/example_dags/example_branch_python_dop_operator_3.py
[2024-09-04T21:18:16.247+0000] {processor.py:925} INFO - DAG(s) 'example_branch_dop_operator_v3' retrieved from /home/airflow/.local/lib/python3.12/site-packages/airflow/example_dags/example_branch_python_dop_operator_3.py
[2024-09-04T21:18:16.276+0000] {logging_mixin.py:190} INFO - [2024-09-04T21:18:16.275+0000] {dag.py:3211} INFO - Sync 1 DAGs
[2024-09-04T21:18:16.309+0000] {logging_mixin.py:190} INFO - [2024-09-04T21:18:16.309+0000] {dag.py:4138} INFO - Setting next_dagrun for example_branch_dop_operator_v3 to 2024-09-04 21:17:00+00:00, run_after=2024-09-04 21:18:00+00:00
[2024-09-04T21:18:16.336+0000] {processor.py:208} INFO - Processing /home/airflow/.local/lib/python3.12/site-packages/airflow/example_dags/example_branch_python_dop_operator_3.py took 0.118 seconds
[2024-09-04T21:18:46.646+0000] {processor.py:186} INFO - Started process (PID=2374) to work on /home/airflow/.local/lib/python3.12/site-packages/airflow/example_dags/example_branch_python_dop_operator_3.py
[2024-09-04T21:18:46.648+0000] {processor.py:914} INFO - Processing file /home/airflow/.local/lib/python3.12/site-packages/airflow/example_dags/example_branch_python_dop_operator_3.py for tasks to queue
[2024-09-04T21:18:46.651+0000] {logging_mixin.py:190} INFO - [2024-09-04T21:18:46.650+0000] {dagbag.py:587} INFO - Filling up the DagBag from /home/airflow/.local/lib/python3.12/site-packages/airflow/example_dags/example_branch_python_dop_operator_3.py
[2024-09-04T21:18:46.664+0000] {processor.py:925} INFO - DAG(s) 'example_branch_dop_operator_v3' retrieved from /home/airflow/.local/lib/python3.12/site-packages/airflow/example_dags/example_branch_python_dop_operator_3.py
[2024-09-04T21:18:46.691+0000] {logging_mixin.py:190} INFO - [2024-09-04T21:18:46.690+0000] {dag.py:3211} INFO - Sync 1 DAGs
[2024-09-04T21:18:46.725+0000] {logging_mixin.py:190} INFO - [2024-09-04T21:18:46.724+0000] {dag.py:4138} INFO - Setting next_dagrun for example_branch_dop_operator_v3 to 2024-09-04 21:17:00+00:00, run_after=2024-09-04 21:18:00+00:00
[2024-09-04T21:18:46.748+0000] {processor.py:208} INFO - Processing /home/airflow/.local/lib/python3.12/site-packages/airflow/example_dags/example_branch_python_dop_operator_3.py took 0.109 seconds
