[2024-09-04T20:52:31.366+0000] {processor.py:186} INFO - Started process (PID=82) to work on /home/airflow/.local/lib/python3.12/site-packages/airflow/example_dags/example_short_circuit_operator.py
[2024-09-04T20:52:31.368+0000] {processor.py:914} INFO - Processing file /home/airflow/.local/lib/python3.12/site-packages/airflow/example_dags/example_short_circuit_operator.py for tasks to queue
[2024-09-04T20:52:31.371+0000] {logging_mixin.py:190} INFO - [2024-09-04T20:52:31.370+0000] {dagbag.py:587} INFO - Filling up the DagBag from /home/airflow/.local/lib/python3.12/site-packages/airflow/example_dags/example_short_circuit_operator.py
[2024-09-04T20:52:31.391+0000] {processor.py:925} INFO - DAG(s) 'example_short_circuit_operator' retrieved from /home/airflow/.local/lib/python3.12/site-packages/airflow/example_dags/example_short_circuit_operator.py
[2024-09-04T20:52:32.047+0000] {logging_mixin.py:190} INFO - [2024-09-04T20:52:32.042+0000] {override.py:1858} INFO - Created Permission View: can delete on DAG:example_short_circuit_operator
[2024-09-04T20:52:32.079+0000] {logging_mixin.py:190} INFO - [2024-09-04T20:52:32.079+0000] {override.py:1858} INFO - Created Permission View: can edit on DAG:example_short_circuit_operator
[2024-09-04T20:52:32.088+0000] {logging_mixin.py:190} INFO - [2024-09-04T20:52:32.088+0000] {override.py:1858} INFO - Created Permission View: can read on DAG:example_short_circuit_operator
[2024-09-04T20:52:32.089+0000] {logging_mixin.py:190} INFO - [2024-09-04T20:52:32.089+0000] {dag.py:3211} INFO - Sync 1 DAGs
[2024-09-04T20:52:32.224+0000] {logging_mixin.py:190} INFO - [2024-09-04T20:52:32.224+0000] {dag.py:3234} INFO - Creating ORM DAG for example_short_circuit_operator
[2024-09-04T20:52:32.340+0000] {logging_mixin.py:190} INFO - [2024-09-04T20:52:32.338+0000] {dag.py:4138} INFO - Setting next_dagrun for example_short_circuit_operator to 2024-09-03 00:00:00+00:00, run_after=2024-09-04 00:00:00+00:00
[2024-09-04T20:52:32.394+0000] {processor.py:208} INFO - Processing /home/airflow/.local/lib/python3.12/site-packages/airflow/example_dags/example_short_circuit_operator.py took 1.033 seconds
[2024-09-04T21:00:14.899+0000] {processor.py:186} INFO - Started process (PID=77) to work on /home/airflow/.local/lib/python3.12/site-packages/airflow/example_dags/example_short_circuit_operator.py
[2024-09-04T21:00:14.902+0000] {processor.py:914} INFO - Processing file /home/airflow/.local/lib/python3.12/site-packages/airflow/example_dags/example_short_circuit_operator.py for tasks to queue
[2024-09-04T21:00:14.911+0000] {logging_mixin.py:190} INFO - [2024-09-04T21:00:14.911+0000] {dagbag.py:587} INFO - Filling up the DagBag from /home/airflow/.local/lib/python3.12/site-packages/airflow/example_dags/example_short_circuit_operator.py
[2024-09-04T21:00:14.934+0000] {processor.py:925} INFO - DAG(s) 'example_short_circuit_operator' retrieved from /home/airflow/.local/lib/python3.12/site-packages/airflow/example_dags/example_short_circuit_operator.py
[2024-09-04T21:00:15.005+0000] {logging_mixin.py:190} INFO - [2024-09-04T21:00:15.005+0000] {dag.py:3211} INFO - Sync 1 DAGs
[2024-09-04T21:00:15.054+0000] {logging_mixin.py:190} INFO - [2024-09-04T21:00:15.053+0000] {dag.py:4138} INFO - Setting next_dagrun for example_short_circuit_operator to 2024-09-03 00:00:00+00:00, run_after=2024-09-04 00:00:00+00:00
[2024-09-04T21:00:15.176+0000] {processor.py:208} INFO - Processing /home/airflow/.local/lib/python3.12/site-packages/airflow/example_dags/example_short_circuit_operator.py took 0.286 seconds
[2024-09-04T21:00:45.645+0000] {processor.py:186} INFO - Started process (PID=139) to work on /home/airflow/.local/lib/python3.12/site-packages/airflow/example_dags/example_short_circuit_operator.py
[2024-09-04T21:00:45.646+0000] {processor.py:914} INFO - Processing file /home/airflow/.local/lib/python3.12/site-packages/airflow/example_dags/example_short_circuit_operator.py for tasks to queue
[2024-09-04T21:00:45.649+0000] {logging_mixin.py:190} INFO - [2024-09-04T21:00:45.648+0000] {dagbag.py:587} INFO - Filling up the DagBag from /home/airflow/.local/lib/python3.12/site-packages/airflow/example_dags/example_short_circuit_operator.py
[2024-09-04T21:00:45.659+0000] {processor.py:925} INFO - DAG(s) 'example_short_circuit_operator' retrieved from /home/airflow/.local/lib/python3.12/site-packages/airflow/example_dags/example_short_circuit_operator.py
[2024-09-04T21:00:45.682+0000] {logging_mixin.py:190} INFO - [2024-09-04T21:00:45.682+0000] {dag.py:3211} INFO - Sync 1 DAGs
[2024-09-04T21:00:45.702+0000] {logging_mixin.py:190} INFO - [2024-09-04T21:00:45.702+0000] {dag.py:4138} INFO - Setting next_dagrun for example_short_circuit_operator to 2024-09-03 00:00:00+00:00, run_after=2024-09-04 00:00:00+00:00
[2024-09-04T21:00:45.724+0000] {processor.py:208} INFO - Processing /home/airflow/.local/lib/python3.12/site-packages/airflow/example_dags/example_short_circuit_operator.py took 0.085 seconds
[2024-09-04T21:01:16.369+0000] {processor.py:186} INFO - Started process (PID=201) to work on /home/airflow/.local/lib/python3.12/site-packages/airflow/example_dags/example_short_circuit_operator.py
[2024-09-04T21:01:16.370+0000] {processor.py:914} INFO - Processing file /home/airflow/.local/lib/python3.12/site-packages/airflow/example_dags/example_short_circuit_operator.py for tasks to queue
[2024-09-04T21:01:16.373+0000] {logging_mixin.py:190} INFO - [2024-09-04T21:01:16.372+0000] {dagbag.py:587} INFO - Filling up the DagBag from /home/airflow/.local/lib/python3.12/site-packages/airflow/example_dags/example_short_circuit_operator.py
[2024-09-04T21:01:16.382+0000] {processor.py:925} INFO - DAG(s) 'example_short_circuit_operator' retrieved from /home/airflow/.local/lib/python3.12/site-packages/airflow/example_dags/example_short_circuit_operator.py
[2024-09-04T21:01:16.406+0000] {logging_mixin.py:190} INFO - [2024-09-04T21:01:16.406+0000] {dag.py:3211} INFO - Sync 1 DAGs
[2024-09-04T21:01:16.430+0000] {logging_mixin.py:190} INFO - [2024-09-04T21:01:16.430+0000] {dag.py:4138} INFO - Setting next_dagrun for example_short_circuit_operator to 2024-09-03 00:00:00+00:00, run_after=2024-09-04 00:00:00+00:00
[2024-09-04T21:01:16.449+0000] {processor.py:208} INFO - Processing /home/airflow/.local/lib/python3.12/site-packages/airflow/example_dags/example_short_circuit_operator.py took 0.086 seconds
[2024-09-04T21:01:46.682+0000] {processor.py:186} INFO - Started process (PID=263) to work on /home/airflow/.local/lib/python3.12/site-packages/airflow/example_dags/example_short_circuit_operator.py
[2024-09-04T21:01:46.683+0000] {processor.py:914} INFO - Processing file /home/airflow/.local/lib/python3.12/site-packages/airflow/example_dags/example_short_circuit_operator.py for tasks to queue
[2024-09-04T21:01:46.685+0000] {logging_mixin.py:190} INFO - [2024-09-04T21:01:46.684+0000] {dagbag.py:587} INFO - Filling up the DagBag from /home/airflow/.local/lib/python3.12/site-packages/airflow/example_dags/example_short_circuit_operator.py
[2024-09-04T21:01:46.694+0000] {processor.py:925} INFO - DAG(s) 'example_short_circuit_operator' retrieved from /home/airflow/.local/lib/python3.12/site-packages/airflow/example_dags/example_short_circuit_operator.py
[2024-09-04T21:01:46.716+0000] {logging_mixin.py:190} INFO - [2024-09-04T21:01:46.716+0000] {dag.py:3211} INFO - Sync 1 DAGs
[2024-09-04T21:01:46.735+0000] {logging_mixin.py:190} INFO - [2024-09-04T21:01:46.735+0000] {dag.py:4138} INFO - Setting next_dagrun for example_short_circuit_operator to 2024-09-03 00:00:00+00:00, run_after=2024-09-04 00:00:00+00:00
[2024-09-04T21:01:46.757+0000] {processor.py:208} INFO - Processing /home/airflow/.local/lib/python3.12/site-packages/airflow/example_dags/example_short_circuit_operator.py took 0.080 seconds
[2024-09-04T21:02:17.504+0000] {processor.py:186} INFO - Started process (PID=326) to work on /home/airflow/.local/lib/python3.12/site-packages/airflow/example_dags/example_short_circuit_operator.py
[2024-09-04T21:02:17.505+0000] {processor.py:914} INFO - Processing file /home/airflow/.local/lib/python3.12/site-packages/airflow/example_dags/example_short_circuit_operator.py for tasks to queue
[2024-09-04T21:02:17.507+0000] {logging_mixin.py:190} INFO - [2024-09-04T21:02:17.507+0000] {dagbag.py:587} INFO - Filling up the DagBag from /home/airflow/.local/lib/python3.12/site-packages/airflow/example_dags/example_short_circuit_operator.py
[2024-09-04T21:02:17.516+0000] {processor.py:925} INFO - DAG(s) 'example_short_circuit_operator' retrieved from /home/airflow/.local/lib/python3.12/site-packages/airflow/example_dags/example_short_circuit_operator.py
[2024-09-04T21:02:17.541+0000] {logging_mixin.py:190} INFO - [2024-09-04T21:02:17.540+0000] {dag.py:3211} INFO - Sync 1 DAGs
[2024-09-04T21:02:17.559+0000] {logging_mixin.py:190} INFO - [2024-09-04T21:02:17.559+0000] {dag.py:4138} INFO - Setting next_dagrun for example_short_circuit_operator to 2024-09-03 00:00:00+00:00, run_after=2024-09-04 00:00:00+00:00
[2024-09-04T21:02:17.580+0000] {processor.py:208} INFO - Processing /home/airflow/.local/lib/python3.12/site-packages/airflow/example_dags/example_short_circuit_operator.py took 0.080 seconds
[2024-09-04T21:02:48.314+0000] {processor.py:186} INFO - Started process (PID=388) to work on /home/airflow/.local/lib/python3.12/site-packages/airflow/example_dags/example_short_circuit_operator.py
[2024-09-04T21:02:48.315+0000] {processor.py:914} INFO - Processing file /home/airflow/.local/lib/python3.12/site-packages/airflow/example_dags/example_short_circuit_operator.py for tasks to queue
[2024-09-04T21:02:48.317+0000] {logging_mixin.py:190} INFO - [2024-09-04T21:02:48.317+0000] {dagbag.py:587} INFO - Filling up the DagBag from /home/airflow/.local/lib/python3.12/site-packages/airflow/example_dags/example_short_circuit_operator.py
[2024-09-04T21:02:48.325+0000] {processor.py:925} INFO - DAG(s) 'example_short_circuit_operator' retrieved from /home/airflow/.local/lib/python3.12/site-packages/airflow/example_dags/example_short_circuit_operator.py
[2024-09-04T21:02:48.347+0000] {logging_mixin.py:190} INFO - [2024-09-04T21:02:48.347+0000] {dag.py:3211} INFO - Sync 1 DAGs
[2024-09-04T21:02:48.365+0000] {logging_mixin.py:190} INFO - [2024-09-04T21:02:48.365+0000] {dag.py:4138} INFO - Setting next_dagrun for example_short_circuit_operator to 2024-09-03 00:00:00+00:00, run_after=2024-09-04 00:00:00+00:00
[2024-09-04T21:02:48.385+0000] {processor.py:208} INFO - Processing /home/airflow/.local/lib/python3.12/site-packages/airflow/example_dags/example_short_circuit_operator.py took 0.076 seconds
[2024-09-04T21:03:19.537+0000] {processor.py:186} INFO - Started process (PID=450) to work on /home/airflow/.local/lib/python3.12/site-packages/airflow/example_dags/example_short_circuit_operator.py
[2024-09-04T21:03:19.540+0000] {processor.py:914} INFO - Processing file /home/airflow/.local/lib/python3.12/site-packages/airflow/example_dags/example_short_circuit_operator.py for tasks to queue
[2024-09-04T21:03:19.547+0000] {logging_mixin.py:190} INFO - [2024-09-04T21:03:19.546+0000] {dagbag.py:587} INFO - Filling up the DagBag from /home/airflow/.local/lib/python3.12/site-packages/airflow/example_dags/example_short_circuit_operator.py
[2024-09-04T21:03:19.570+0000] {processor.py:925} INFO - DAG(s) 'example_short_circuit_operator' retrieved from /home/airflow/.local/lib/python3.12/site-packages/airflow/example_dags/example_short_circuit_operator.py
[2024-09-04T21:03:19.618+0000] {logging_mixin.py:190} INFO - [2024-09-04T21:03:19.617+0000] {dag.py:3211} INFO - Sync 1 DAGs
[2024-09-04T21:03:19.670+0000] {logging_mixin.py:190} INFO - [2024-09-04T21:03:19.670+0000] {dag.py:4138} INFO - Setting next_dagrun for example_short_circuit_operator to 2024-09-03 00:00:00+00:00, run_after=2024-09-04 00:00:00+00:00
[2024-09-04T21:03:19.709+0000] {processor.py:208} INFO - Processing /home/airflow/.local/lib/python3.12/site-packages/airflow/example_dags/example_short_circuit_operator.py took 0.188 seconds
[2024-09-04T21:03:50.454+0000] {processor.py:186} INFO - Started process (PID=512) to work on /home/airflow/.local/lib/python3.12/site-packages/airflow/example_dags/example_short_circuit_operator.py
[2024-09-04T21:03:50.455+0000] {processor.py:914} INFO - Processing file /home/airflow/.local/lib/python3.12/site-packages/airflow/example_dags/example_short_circuit_operator.py for tasks to queue
[2024-09-04T21:03:50.457+0000] {logging_mixin.py:190} INFO - [2024-09-04T21:03:50.457+0000] {dagbag.py:587} INFO - Filling up the DagBag from /home/airflow/.local/lib/python3.12/site-packages/airflow/example_dags/example_short_circuit_operator.py
[2024-09-04T21:03:50.466+0000] {processor.py:925} INFO - DAG(s) 'example_short_circuit_operator' retrieved from /home/airflow/.local/lib/python3.12/site-packages/airflow/example_dags/example_short_circuit_operator.py
[2024-09-04T21:03:50.488+0000] {logging_mixin.py:190} INFO - [2024-09-04T21:03:50.488+0000] {dag.py:3211} INFO - Sync 1 DAGs
[2024-09-04T21:03:50.512+0000] {logging_mixin.py:190} INFO - [2024-09-04T21:03:50.512+0000] {dag.py:4138} INFO - Setting next_dagrun for example_short_circuit_operator to 2024-09-03 00:00:00+00:00, run_after=2024-09-04 00:00:00+00:00
[2024-09-04T21:03:50.533+0000] {processor.py:208} INFO - Processing /home/airflow/.local/lib/python3.12/site-packages/airflow/example_dags/example_short_circuit_operator.py took 0.084 seconds
[2024-09-04T21:04:20.650+0000] {processor.py:186} INFO - Started process (PID=573) to work on /home/airflow/.local/lib/python3.12/site-packages/airflow/example_dags/example_short_circuit_operator.py
[2024-09-04T21:04:20.652+0000] {processor.py:914} INFO - Processing file /home/airflow/.local/lib/python3.12/site-packages/airflow/example_dags/example_short_circuit_operator.py for tasks to queue
[2024-09-04T21:04:20.654+0000] {logging_mixin.py:190} INFO - [2024-09-04T21:04:20.654+0000] {dagbag.py:587} INFO - Filling up the DagBag from /home/airflow/.local/lib/python3.12/site-packages/airflow/example_dags/example_short_circuit_operator.py
[2024-09-04T21:04:20.664+0000] {processor.py:925} INFO - DAG(s) 'example_short_circuit_operator' retrieved from /home/airflow/.local/lib/python3.12/site-packages/airflow/example_dags/example_short_circuit_operator.py
[2024-09-04T21:04:20.687+0000] {logging_mixin.py:190} INFO - [2024-09-04T21:04:20.687+0000] {dag.py:3211} INFO - Sync 1 DAGs
[2024-09-04T21:04:20.709+0000] {logging_mixin.py:190} INFO - [2024-09-04T21:04:20.709+0000] {dag.py:4138} INFO - Setting next_dagrun for example_short_circuit_operator to 2024-09-03 00:00:00+00:00, run_after=2024-09-04 00:00:00+00:00
[2024-09-04T21:04:20.732+0000] {processor.py:208} INFO - Processing /home/airflow/.local/lib/python3.12/site-packages/airflow/example_dags/example_short_circuit_operator.py took 0.088 seconds
[2024-09-04T21:04:51.409+0000] {processor.py:186} INFO - Started process (PID=636) to work on /home/airflow/.local/lib/python3.12/site-packages/airflow/example_dags/example_short_circuit_operator.py
[2024-09-04T21:04:51.411+0000] {processor.py:914} INFO - Processing file /home/airflow/.local/lib/python3.12/site-packages/airflow/example_dags/example_short_circuit_operator.py for tasks to queue
[2024-09-04T21:04:51.415+0000] {logging_mixin.py:190} INFO - [2024-09-04T21:04:51.414+0000] {dagbag.py:587} INFO - Filling up the DagBag from /home/airflow/.local/lib/python3.12/site-packages/airflow/example_dags/example_short_circuit_operator.py
[2024-09-04T21:04:51.429+0000] {processor.py:925} INFO - DAG(s) 'example_short_circuit_operator' retrieved from /home/airflow/.local/lib/python3.12/site-packages/airflow/example_dags/example_short_circuit_operator.py
[2024-09-04T21:04:51.469+0000] {logging_mixin.py:190} INFO - [2024-09-04T21:04:51.469+0000] {dag.py:3211} INFO - Sync 1 DAGs
[2024-09-04T21:04:51.509+0000] {logging_mixin.py:190} INFO - [2024-09-04T21:04:51.508+0000] {dag.py:4138} INFO - Setting next_dagrun for example_short_circuit_operator to 2024-09-03 00:00:00+00:00, run_after=2024-09-04 00:00:00+00:00
[2024-09-04T21:04:51.542+0000] {processor.py:208} INFO - Processing /home/airflow/.local/lib/python3.12/site-packages/airflow/example_dags/example_short_circuit_operator.py took 0.142 seconds
[2024-09-04T21:05:21.935+0000] {processor.py:186} INFO - Started process (PID=697) to work on /home/airflow/.local/lib/python3.12/site-packages/airflow/example_dags/example_short_circuit_operator.py
[2024-09-04T21:05:21.936+0000] {processor.py:914} INFO - Processing file /home/airflow/.local/lib/python3.12/site-packages/airflow/example_dags/example_short_circuit_operator.py for tasks to queue
[2024-09-04T21:05:21.938+0000] {logging_mixin.py:190} INFO - [2024-09-04T21:05:21.937+0000] {dagbag.py:587} INFO - Filling up the DagBag from /home/airflow/.local/lib/python3.12/site-packages/airflow/example_dags/example_short_circuit_operator.py
[2024-09-04T21:05:21.945+0000] {processor.py:925} INFO - DAG(s) 'example_short_circuit_operator' retrieved from /home/airflow/.local/lib/python3.12/site-packages/airflow/example_dags/example_short_circuit_operator.py
[2024-09-04T21:05:21.967+0000] {logging_mixin.py:190} INFO - [2024-09-04T21:05:21.967+0000] {dag.py:3211} INFO - Sync 1 DAGs
[2024-09-04T21:05:21.987+0000] {logging_mixin.py:190} INFO - [2024-09-04T21:05:21.986+0000] {dag.py:4138} INFO - Setting next_dagrun for example_short_circuit_operator to 2024-09-03 00:00:00+00:00, run_after=2024-09-04 00:00:00+00:00
[2024-09-04T21:05:22.005+0000] {processor.py:208} INFO - Processing /home/airflow/.local/lib/python3.12/site-packages/airflow/example_dags/example_short_circuit_operator.py took 0.075 seconds
[2024-09-04T21:05:52.706+0000] {processor.py:186} INFO - Started process (PID=760) to work on /home/airflow/.local/lib/python3.12/site-packages/airflow/example_dags/example_short_circuit_operator.py
[2024-09-04T21:05:52.707+0000] {processor.py:914} INFO - Processing file /home/airflow/.local/lib/python3.12/site-packages/airflow/example_dags/example_short_circuit_operator.py for tasks to queue
[2024-09-04T21:05:52.709+0000] {logging_mixin.py:190} INFO - [2024-09-04T21:05:52.709+0000] {dagbag.py:587} INFO - Filling up the DagBag from /home/airflow/.local/lib/python3.12/site-packages/airflow/example_dags/example_short_circuit_operator.py
[2024-09-04T21:05:52.716+0000] {processor.py:925} INFO - DAG(s) 'example_short_circuit_operator' retrieved from /home/airflow/.local/lib/python3.12/site-packages/airflow/example_dags/example_short_circuit_operator.py
[2024-09-04T21:05:52.739+0000] {logging_mixin.py:190} INFO - [2024-09-04T21:05:52.738+0000] {dag.py:3211} INFO - Sync 1 DAGs
[2024-09-04T21:05:52.759+0000] {logging_mixin.py:190} INFO - [2024-09-04T21:05:52.759+0000] {dag.py:4138} INFO - Setting next_dagrun for example_short_circuit_operator to 2024-09-03 00:00:00+00:00, run_after=2024-09-04 00:00:00+00:00
[2024-09-04T21:05:52.777+0000] {processor.py:208} INFO - Processing /home/airflow/.local/lib/python3.12/site-packages/airflow/example_dags/example_short_circuit_operator.py took 0.075 seconds
[2024-09-04T21:06:22.913+0000] {processor.py:186} INFO - Started process (PID=821) to work on /home/airflow/.local/lib/python3.12/site-packages/airflow/example_dags/example_short_circuit_operator.py
[2024-09-04T21:06:22.915+0000] {processor.py:914} INFO - Processing file /home/airflow/.local/lib/python3.12/site-packages/airflow/example_dags/example_short_circuit_operator.py for tasks to queue
[2024-09-04T21:06:22.920+0000] {logging_mixin.py:190} INFO - [2024-09-04T21:06:22.919+0000] {dagbag.py:587} INFO - Filling up the DagBag from /home/airflow/.local/lib/python3.12/site-packages/airflow/example_dags/example_short_circuit_operator.py
[2024-09-04T21:06:22.938+0000] {processor.py:925} INFO - DAG(s) 'example_short_circuit_operator' retrieved from /home/airflow/.local/lib/python3.12/site-packages/airflow/example_dags/example_short_circuit_operator.py
[2024-09-04T21:06:22.982+0000] {logging_mixin.py:190} INFO - [2024-09-04T21:06:22.982+0000] {dag.py:3211} INFO - Sync 1 DAGs
[2024-09-04T21:06:23.022+0000] {logging_mixin.py:190} INFO - [2024-09-04T21:06:23.022+0000] {dag.py:4138} INFO - Setting next_dagrun for example_short_circuit_operator to 2024-09-03 00:00:00+00:00, run_after=2024-09-04 00:00:00+00:00
[2024-09-04T21:06:23.054+0000] {processor.py:208} INFO - Processing /home/airflow/.local/lib/python3.12/site-packages/airflow/example_dags/example_short_circuit_operator.py took 0.153 seconds
[2024-09-04T21:06:53.213+0000] {processor.py:186} INFO - Started process (PID=882) to work on /home/airflow/.local/lib/python3.12/site-packages/airflow/example_dags/example_short_circuit_operator.py
[2024-09-04T21:06:53.215+0000] {processor.py:914} INFO - Processing file /home/airflow/.local/lib/python3.12/site-packages/airflow/example_dags/example_short_circuit_operator.py for tasks to queue
[2024-09-04T21:06:53.219+0000] {logging_mixin.py:190} INFO - [2024-09-04T21:06:53.218+0000] {dagbag.py:587} INFO - Filling up the DagBag from /home/airflow/.local/lib/python3.12/site-packages/airflow/example_dags/example_short_circuit_operator.py
[2024-09-04T21:06:53.230+0000] {processor.py:925} INFO - DAG(s) 'example_short_circuit_operator' retrieved from /home/airflow/.local/lib/python3.12/site-packages/airflow/example_dags/example_short_circuit_operator.py
[2024-09-04T21:06:53.264+0000] {logging_mixin.py:190} INFO - [2024-09-04T21:06:53.264+0000] {dag.py:3211} INFO - Sync 1 DAGs
[2024-09-04T21:06:53.289+0000] {logging_mixin.py:190} INFO - [2024-09-04T21:06:53.289+0000] {dag.py:4138} INFO - Setting next_dagrun for example_short_circuit_operator to 2024-09-03 00:00:00+00:00, run_after=2024-09-04 00:00:00+00:00
[2024-09-04T21:06:53.319+0000] {processor.py:208} INFO - Processing /home/airflow/.local/lib/python3.12/site-packages/airflow/example_dags/example_short_circuit_operator.py took 0.115 seconds
[2024-09-04T21:07:24.516+0000] {processor.py:186} INFO - Started process (PID=944) to work on /home/airflow/.local/lib/python3.12/site-packages/airflow/example_dags/example_short_circuit_operator.py
[2024-09-04T21:07:24.517+0000] {processor.py:914} INFO - Processing file /home/airflow/.local/lib/python3.12/site-packages/airflow/example_dags/example_short_circuit_operator.py for tasks to queue
[2024-09-04T21:07:24.519+0000] {logging_mixin.py:190} INFO - [2024-09-04T21:07:24.519+0000] {dagbag.py:587} INFO - Filling up the DagBag from /home/airflow/.local/lib/python3.12/site-packages/airflow/example_dags/example_short_circuit_operator.py
[2024-09-04T21:07:24.526+0000] {processor.py:925} INFO - DAG(s) 'example_short_circuit_operator' retrieved from /home/airflow/.local/lib/python3.12/site-packages/airflow/example_dags/example_short_circuit_operator.py
[2024-09-04T21:07:24.554+0000] {logging_mixin.py:190} INFO - [2024-09-04T21:07:24.554+0000] {dag.py:3211} INFO - Sync 1 DAGs
[2024-09-04T21:07:24.573+0000] {logging_mixin.py:190} INFO - [2024-09-04T21:07:24.573+0000] {dag.py:4138} INFO - Setting next_dagrun for example_short_circuit_operator to 2024-09-03 00:00:00+00:00, run_after=2024-09-04 00:00:00+00:00
[2024-09-04T21:07:24.595+0000] {processor.py:208} INFO - Processing /home/airflow/.local/lib/python3.12/site-packages/airflow/example_dags/example_short_circuit_operator.py took 0.085 seconds
[2024-09-04T21:07:54.874+0000] {processor.py:186} INFO - Started process (PID=1006) to work on /home/airflow/.local/lib/python3.12/site-packages/airflow/example_dags/example_short_circuit_operator.py
[2024-09-04T21:07:54.875+0000] {processor.py:914} INFO - Processing file /home/airflow/.local/lib/python3.12/site-packages/airflow/example_dags/example_short_circuit_operator.py for tasks to queue
[2024-09-04T21:07:54.877+0000] {logging_mixin.py:190} INFO - [2024-09-04T21:07:54.877+0000] {dagbag.py:587} INFO - Filling up the DagBag from /home/airflow/.local/lib/python3.12/site-packages/airflow/example_dags/example_short_circuit_operator.py
[2024-09-04T21:07:54.885+0000] {processor.py:925} INFO - DAG(s) 'example_short_circuit_operator' retrieved from /home/airflow/.local/lib/python3.12/site-packages/airflow/example_dags/example_short_circuit_operator.py
[2024-09-04T21:07:54.915+0000] {logging_mixin.py:190} INFO - [2024-09-04T21:07:54.914+0000] {dag.py:3211} INFO - Sync 1 DAGs
[2024-09-04T21:07:54.944+0000] {logging_mixin.py:190} INFO - [2024-09-04T21:07:54.943+0000] {dag.py:4138} INFO - Setting next_dagrun for example_short_circuit_operator to 2024-09-03 00:00:00+00:00, run_after=2024-09-04 00:00:00+00:00
[2024-09-04T21:07:54.971+0000] {processor.py:208} INFO - Processing /home/airflow/.local/lib/python3.12/site-packages/airflow/example_dags/example_short_circuit_operator.py took 0.103 seconds
[2024-09-04T21:08:25.186+0000] {processor.py:186} INFO - Started process (PID=1075) to work on /home/airflow/.local/lib/python3.12/site-packages/airflow/example_dags/example_short_circuit_operator.py
[2024-09-04T21:08:25.187+0000] {processor.py:914} INFO - Processing file /home/airflow/.local/lib/python3.12/site-packages/airflow/example_dags/example_short_circuit_operator.py for tasks to queue
[2024-09-04T21:08:25.190+0000] {logging_mixin.py:190} INFO - [2024-09-04T21:08:25.189+0000] {dagbag.py:587} INFO - Filling up the DagBag from /home/airflow/.local/lib/python3.12/site-packages/airflow/example_dags/example_short_circuit_operator.py
[2024-09-04T21:08:25.199+0000] {processor.py:925} INFO - DAG(s) 'example_short_circuit_operator' retrieved from /home/airflow/.local/lib/python3.12/site-packages/airflow/example_dags/example_short_circuit_operator.py
[2024-09-04T21:08:25.219+0000] {logging_mixin.py:190} INFO - [2024-09-04T21:08:25.219+0000] {dag.py:3211} INFO - Sync 1 DAGs
[2024-09-04T21:08:25.239+0000] {logging_mixin.py:190} INFO - [2024-09-04T21:08:25.239+0000] {dag.py:4138} INFO - Setting next_dagrun for example_short_circuit_operator to 2024-09-03 00:00:00+00:00, run_after=2024-09-04 00:00:00+00:00
[2024-09-04T21:08:25.257+0000] {processor.py:208} INFO - Processing /home/airflow/.local/lib/python3.12/site-packages/airflow/example_dags/example_short_circuit_operator.py took 0.076 seconds
[2024-09-04T21:08:55.796+0000] {processor.py:186} INFO - Started process (PID=1137) to work on /home/airflow/.local/lib/python3.12/site-packages/airflow/example_dags/example_short_circuit_operator.py
[2024-09-04T21:08:55.797+0000] {processor.py:914} INFO - Processing file /home/airflow/.local/lib/python3.12/site-packages/airflow/example_dags/example_short_circuit_operator.py for tasks to queue
[2024-09-04T21:08:55.800+0000] {logging_mixin.py:190} INFO - [2024-09-04T21:08:55.800+0000] {dagbag.py:587} INFO - Filling up the DagBag from /home/airflow/.local/lib/python3.12/site-packages/airflow/example_dags/example_short_circuit_operator.py
[2024-09-04T21:08:55.808+0000] {processor.py:925} INFO - DAG(s) 'example_short_circuit_operator' retrieved from /home/airflow/.local/lib/python3.12/site-packages/airflow/example_dags/example_short_circuit_operator.py
[2024-09-04T21:08:55.831+0000] {logging_mixin.py:190} INFO - [2024-09-04T21:08:55.831+0000] {dag.py:3211} INFO - Sync 1 DAGs
[2024-09-04T21:08:55.851+0000] {logging_mixin.py:190} INFO - [2024-09-04T21:08:55.851+0000] {dag.py:4138} INFO - Setting next_dagrun for example_short_circuit_operator to 2024-09-03 00:00:00+00:00, run_after=2024-09-04 00:00:00+00:00
[2024-09-04T21:08:55.868+0000] {processor.py:208} INFO - Processing /home/airflow/.local/lib/python3.12/site-packages/airflow/example_dags/example_short_circuit_operator.py took 0.079 seconds
[2024-09-04T21:09:26.140+0000] {processor.py:186} INFO - Started process (PID=1199) to work on /home/airflow/.local/lib/python3.12/site-packages/airflow/example_dags/example_short_circuit_operator.py
[2024-09-04T21:09:26.141+0000] {processor.py:914} INFO - Processing file /home/airflow/.local/lib/python3.12/site-packages/airflow/example_dags/example_short_circuit_operator.py for tasks to queue
[2024-09-04T21:09:26.143+0000] {logging_mixin.py:190} INFO - [2024-09-04T21:09:26.142+0000] {dagbag.py:587} INFO - Filling up the DagBag from /home/airflow/.local/lib/python3.12/site-packages/airflow/example_dags/example_short_circuit_operator.py
[2024-09-04T21:09:26.149+0000] {processor.py:925} INFO - DAG(s) 'example_short_circuit_operator' retrieved from /home/airflow/.local/lib/python3.12/site-packages/airflow/example_dags/example_short_circuit_operator.py
[2024-09-04T21:09:26.169+0000] {logging_mixin.py:190} INFO - [2024-09-04T21:09:26.168+0000] {dag.py:3211} INFO - Sync 1 DAGs
[2024-09-04T21:09:26.187+0000] {logging_mixin.py:190} INFO - [2024-09-04T21:09:26.187+0000] {dag.py:4138} INFO - Setting next_dagrun for example_short_circuit_operator to 2024-09-03 00:00:00+00:00, run_after=2024-09-04 00:00:00+00:00
[2024-09-04T21:09:26.206+0000] {processor.py:208} INFO - Processing /home/airflow/.local/lib/python3.12/site-packages/airflow/example_dags/example_short_circuit_operator.py took 0.071 seconds
[2024-09-04T21:09:56.587+0000] {processor.py:186} INFO - Started process (PID=1261) to work on /home/airflow/.local/lib/python3.12/site-packages/airflow/example_dags/example_short_circuit_operator.py
[2024-09-04T21:09:56.588+0000] {processor.py:914} INFO - Processing file /home/airflow/.local/lib/python3.12/site-packages/airflow/example_dags/example_short_circuit_operator.py for tasks to queue
[2024-09-04T21:09:56.590+0000] {logging_mixin.py:190} INFO - [2024-09-04T21:09:56.590+0000] {dagbag.py:587} INFO - Filling up the DagBag from /home/airflow/.local/lib/python3.12/site-packages/airflow/example_dags/example_short_circuit_operator.py
[2024-09-04T21:09:56.597+0000] {processor.py:925} INFO - DAG(s) 'example_short_circuit_operator' retrieved from /home/airflow/.local/lib/python3.12/site-packages/airflow/example_dags/example_short_circuit_operator.py
[2024-09-04T21:09:56.618+0000] {logging_mixin.py:190} INFO - [2024-09-04T21:09:56.618+0000] {dag.py:3211} INFO - Sync 1 DAGs
[2024-09-04T21:09:56.635+0000] {logging_mixin.py:190} INFO - [2024-09-04T21:09:56.635+0000] {dag.py:4138} INFO - Setting next_dagrun for example_short_circuit_operator to 2024-09-03 00:00:00+00:00, run_after=2024-09-04 00:00:00+00:00
[2024-09-04T21:09:56.655+0000] {processor.py:208} INFO - Processing /home/airflow/.local/lib/python3.12/site-packages/airflow/example_dags/example_short_circuit_operator.py took 0.072 seconds
[2024-09-04T21:10:27.906+0000] {processor.py:186} INFO - Started process (PID=1324) to work on /home/airflow/.local/lib/python3.12/site-packages/airflow/example_dags/example_short_circuit_operator.py
[2024-09-04T21:10:27.907+0000] {processor.py:914} INFO - Processing file /home/airflow/.local/lib/python3.12/site-packages/airflow/example_dags/example_short_circuit_operator.py for tasks to queue
[2024-09-04T21:10:27.910+0000] {logging_mixin.py:190} INFO - [2024-09-04T21:10:27.910+0000] {dagbag.py:587} INFO - Filling up the DagBag from /home/airflow/.local/lib/python3.12/site-packages/airflow/example_dags/example_short_circuit_operator.py
[2024-09-04T21:10:27.919+0000] {processor.py:925} INFO - DAG(s) 'example_short_circuit_operator' retrieved from /home/airflow/.local/lib/python3.12/site-packages/airflow/example_dags/example_short_circuit_operator.py
[2024-09-04T21:10:27.944+0000] {logging_mixin.py:190} INFO - [2024-09-04T21:10:27.944+0000] {dag.py:3211} INFO - Sync 1 DAGs
[2024-09-04T21:10:27.967+0000] {logging_mixin.py:190} INFO - [2024-09-04T21:10:27.967+0000] {dag.py:4138} INFO - Setting next_dagrun for example_short_circuit_operator to 2024-09-03 00:00:00+00:00, run_after=2024-09-04 00:00:00+00:00
[2024-09-04T21:10:27.988+0000] {processor.py:208} INFO - Processing /home/airflow/.local/lib/python3.12/site-packages/airflow/example_dags/example_short_circuit_operator.py took 0.088 seconds
[2024-09-04T21:10:58.573+0000] {processor.py:186} INFO - Started process (PID=1388) to work on /home/airflow/.local/lib/python3.12/site-packages/airflow/example_dags/example_short_circuit_operator.py
[2024-09-04T21:10:58.575+0000] {processor.py:914} INFO - Processing file /home/airflow/.local/lib/python3.12/site-packages/airflow/example_dags/example_short_circuit_operator.py for tasks to queue
[2024-09-04T21:10:58.578+0000] {logging_mixin.py:190} INFO - [2024-09-04T21:10:58.578+0000] {dagbag.py:587} INFO - Filling up the DagBag from /home/airflow/.local/lib/python3.12/site-packages/airflow/example_dags/example_short_circuit_operator.py
[2024-09-04T21:10:58.587+0000] {processor.py:925} INFO - DAG(s) 'example_short_circuit_operator' retrieved from /home/airflow/.local/lib/python3.12/site-packages/airflow/example_dags/example_short_circuit_operator.py
[2024-09-04T21:10:58.610+0000] {logging_mixin.py:190} INFO - [2024-09-04T21:10:58.610+0000] {dag.py:3211} INFO - Sync 1 DAGs
[2024-09-04T21:10:58.631+0000] {logging_mixin.py:190} INFO - [2024-09-04T21:10:58.631+0000] {dag.py:4138} INFO - Setting next_dagrun for example_short_circuit_operator to 2024-09-03 00:00:00+00:00, run_after=2024-09-04 00:00:00+00:00
[2024-09-04T21:10:58.659+0000] {processor.py:208} INFO - Processing /home/airflow/.local/lib/python3.12/site-packages/airflow/example_dags/example_short_circuit_operator.py took 0.091 seconds
[2024-09-04T21:11:29.548+0000] {processor.py:186} INFO - Started process (PID=1451) to work on /home/airflow/.local/lib/python3.12/site-packages/airflow/example_dags/example_short_circuit_operator.py
[2024-09-04T21:11:29.549+0000] {processor.py:914} INFO - Processing file /home/airflow/.local/lib/python3.12/site-packages/airflow/example_dags/example_short_circuit_operator.py for tasks to queue
[2024-09-04T21:11:29.551+0000] {logging_mixin.py:190} INFO - [2024-09-04T21:11:29.551+0000] {dagbag.py:587} INFO - Filling up the DagBag from /home/airflow/.local/lib/python3.12/site-packages/airflow/example_dags/example_short_circuit_operator.py
[2024-09-04T21:11:29.560+0000] {processor.py:925} INFO - DAG(s) 'example_short_circuit_operator' retrieved from /home/airflow/.local/lib/python3.12/site-packages/airflow/example_dags/example_short_circuit_operator.py
[2024-09-04T21:11:29.583+0000] {logging_mixin.py:190} INFO - [2024-09-04T21:11:29.583+0000] {dag.py:3211} INFO - Sync 1 DAGs
[2024-09-04T21:11:29.610+0000] {logging_mixin.py:190} INFO - [2024-09-04T21:11:29.609+0000] {dag.py:4138} INFO - Setting next_dagrun for example_short_circuit_operator to 2024-09-03 00:00:00+00:00, run_after=2024-09-04 00:00:00+00:00
[2024-09-04T21:11:29.628+0000] {processor.py:208} INFO - Processing /home/airflow/.local/lib/python3.12/site-packages/airflow/example_dags/example_short_circuit_operator.py took 0.087 seconds
[2024-09-04T21:12:00.143+0000] {processor.py:186} INFO - Started process (PID=1514) to work on /home/airflow/.local/lib/python3.12/site-packages/airflow/example_dags/example_short_circuit_operator.py
[2024-09-04T21:12:00.144+0000] {processor.py:914} INFO - Processing file /home/airflow/.local/lib/python3.12/site-packages/airflow/example_dags/example_short_circuit_operator.py for tasks to queue
[2024-09-04T21:12:00.146+0000] {logging_mixin.py:190} INFO - [2024-09-04T21:12:00.145+0000] {dagbag.py:587} INFO - Filling up the DagBag from /home/airflow/.local/lib/python3.12/site-packages/airflow/example_dags/example_short_circuit_operator.py
[2024-09-04T21:12:00.154+0000] {processor.py:925} INFO - DAG(s) 'example_short_circuit_operator' retrieved from /home/airflow/.local/lib/python3.12/site-packages/airflow/example_dags/example_short_circuit_operator.py
[2024-09-04T21:12:00.177+0000] {logging_mixin.py:190} INFO - [2024-09-04T21:12:00.177+0000] {dag.py:3211} INFO - Sync 1 DAGs
[2024-09-04T21:12:00.197+0000] {logging_mixin.py:190} INFO - [2024-09-04T21:12:00.197+0000] {dag.py:4138} INFO - Setting next_dagrun for example_short_circuit_operator to 2024-09-03 00:00:00+00:00, run_after=2024-09-04 00:00:00+00:00
[2024-09-04T21:12:00.218+0000] {processor.py:208} INFO - Processing /home/airflow/.local/lib/python3.12/site-packages/airflow/example_dags/example_short_circuit_operator.py took 0.080 seconds
[2024-09-04T21:12:30.957+0000] {processor.py:186} INFO - Started process (PID=1578) to work on /home/airflow/.local/lib/python3.12/site-packages/airflow/example_dags/example_short_circuit_operator.py
[2024-09-04T21:12:30.958+0000] {processor.py:914} INFO - Processing file /home/airflow/.local/lib/python3.12/site-packages/airflow/example_dags/example_short_circuit_operator.py for tasks to queue
[2024-09-04T21:12:30.960+0000] {logging_mixin.py:190} INFO - [2024-09-04T21:12:30.960+0000] {dagbag.py:587} INFO - Filling up the DagBag from /home/airflow/.local/lib/python3.12/site-packages/airflow/example_dags/example_short_circuit_operator.py
[2024-09-04T21:12:30.968+0000] {processor.py:925} INFO - DAG(s) 'example_short_circuit_operator' retrieved from /home/airflow/.local/lib/python3.12/site-packages/airflow/example_dags/example_short_circuit_operator.py
[2024-09-04T21:12:30.993+0000] {logging_mixin.py:190} INFO - [2024-09-04T21:12:30.992+0000] {dag.py:3211} INFO - Sync 1 DAGs
[2024-09-04T21:12:31.014+0000] {logging_mixin.py:190} INFO - [2024-09-04T21:12:31.014+0000] {dag.py:4138} INFO - Setting next_dagrun for example_short_circuit_operator to 2024-09-03 00:00:00+00:00, run_after=2024-09-04 00:00:00+00:00
[2024-09-04T21:12:31.033+0000] {processor.py:208} INFO - Processing /home/airflow/.local/lib/python3.12/site-packages/airflow/example_dags/example_short_circuit_operator.py took 0.081 seconds
[2024-09-04T21:13:01.477+0000] {processor.py:186} INFO - Started process (PID=1640) to work on /home/airflow/.local/lib/python3.12/site-packages/airflow/example_dags/example_short_circuit_operator.py
[2024-09-04T21:13:01.478+0000] {processor.py:914} INFO - Processing file /home/airflow/.local/lib/python3.12/site-packages/airflow/example_dags/example_short_circuit_operator.py for tasks to queue
[2024-09-04T21:13:01.480+0000] {logging_mixin.py:190} INFO - [2024-09-04T21:13:01.480+0000] {dagbag.py:587} INFO - Filling up the DagBag from /home/airflow/.local/lib/python3.12/site-packages/airflow/example_dags/example_short_circuit_operator.py
[2024-09-04T21:13:01.488+0000] {processor.py:925} INFO - DAG(s) 'example_short_circuit_operator' retrieved from /home/airflow/.local/lib/python3.12/site-packages/airflow/example_dags/example_short_circuit_operator.py
[2024-09-04T21:13:01.512+0000] {logging_mixin.py:190} INFO - [2024-09-04T21:13:01.512+0000] {dag.py:3211} INFO - Sync 1 DAGs
[2024-09-04T21:13:01.531+0000] {logging_mixin.py:190} INFO - [2024-09-04T21:13:01.531+0000] {dag.py:4138} INFO - Setting next_dagrun for example_short_circuit_operator to 2024-09-03 00:00:00+00:00, run_after=2024-09-04 00:00:00+00:00
[2024-09-04T21:13:01.553+0000] {processor.py:208} INFO - Processing /home/airflow/.local/lib/python3.12/site-packages/airflow/example_dags/example_short_circuit_operator.py took 0.081 seconds
[2024-09-04T21:13:32.796+0000] {processor.py:186} INFO - Started process (PID=1704) to work on /home/airflow/.local/lib/python3.12/site-packages/airflow/example_dags/example_short_circuit_operator.py
[2024-09-04T21:13:32.797+0000] {processor.py:914} INFO - Processing file /home/airflow/.local/lib/python3.12/site-packages/airflow/example_dags/example_short_circuit_operator.py for tasks to queue
[2024-09-04T21:13:32.799+0000] {logging_mixin.py:190} INFO - [2024-09-04T21:13:32.799+0000] {dagbag.py:587} INFO - Filling up the DagBag from /home/airflow/.local/lib/python3.12/site-packages/airflow/example_dags/example_short_circuit_operator.py
[2024-09-04T21:13:32.807+0000] {processor.py:925} INFO - DAG(s) 'example_short_circuit_operator' retrieved from /home/airflow/.local/lib/python3.12/site-packages/airflow/example_dags/example_short_circuit_operator.py
[2024-09-04T21:13:32.831+0000] {logging_mixin.py:190} INFO - [2024-09-04T21:13:32.831+0000] {dag.py:3211} INFO - Sync 1 DAGs
[2024-09-04T21:13:32.853+0000] {logging_mixin.py:190} INFO - [2024-09-04T21:13:32.853+0000] {dag.py:4138} INFO - Setting next_dagrun for example_short_circuit_operator to 2024-09-03 00:00:00+00:00, run_after=2024-09-04 00:00:00+00:00
[2024-09-04T21:13:32.877+0000] {processor.py:208} INFO - Processing /home/airflow/.local/lib/python3.12/site-packages/airflow/example_dags/example_short_circuit_operator.py took 0.086 seconds
[2024-09-04T21:14:03.709+0000] {processor.py:186} INFO - Started process (PID=1767) to work on /home/airflow/.local/lib/python3.12/site-packages/airflow/example_dags/example_short_circuit_operator.py
[2024-09-04T21:14:03.710+0000] {processor.py:914} INFO - Processing file /home/airflow/.local/lib/python3.12/site-packages/airflow/example_dags/example_short_circuit_operator.py for tasks to queue
[2024-09-04T21:14:03.712+0000] {logging_mixin.py:190} INFO - [2024-09-04T21:14:03.712+0000] {dagbag.py:587} INFO - Filling up the DagBag from /home/airflow/.local/lib/python3.12/site-packages/airflow/example_dags/example_short_circuit_operator.py
[2024-09-04T21:14:03.721+0000] {processor.py:925} INFO - DAG(s) 'example_short_circuit_operator' retrieved from /home/airflow/.local/lib/python3.12/site-packages/airflow/example_dags/example_short_circuit_operator.py
[2024-09-04T21:14:03.744+0000] {logging_mixin.py:190} INFO - [2024-09-04T21:14:03.743+0000] {dag.py:3211} INFO - Sync 1 DAGs
[2024-09-04T21:14:03.765+0000] {logging_mixin.py:190} INFO - [2024-09-04T21:14:03.764+0000] {dag.py:4138} INFO - Setting next_dagrun for example_short_circuit_operator to 2024-09-03 00:00:00+00:00, run_after=2024-09-04 00:00:00+00:00
[2024-09-04T21:14:03.787+0000] {processor.py:208} INFO - Processing /home/airflow/.local/lib/python3.12/site-packages/airflow/example_dags/example_short_circuit_operator.py took 0.083 seconds
[2024-09-04T21:14:34.534+0000] {processor.py:186} INFO - Started process (PID=1830) to work on /home/airflow/.local/lib/python3.12/site-packages/airflow/example_dags/example_short_circuit_operator.py
[2024-09-04T21:14:34.535+0000] {processor.py:914} INFO - Processing file /home/airflow/.local/lib/python3.12/site-packages/airflow/example_dags/example_short_circuit_operator.py for tasks to queue
[2024-09-04T21:14:34.537+0000] {logging_mixin.py:190} INFO - [2024-09-04T21:14:34.537+0000] {dagbag.py:587} INFO - Filling up the DagBag from /home/airflow/.local/lib/python3.12/site-packages/airflow/example_dags/example_short_circuit_operator.py
[2024-09-04T21:14:34.545+0000] {processor.py:925} INFO - DAG(s) 'example_short_circuit_operator' retrieved from /home/airflow/.local/lib/python3.12/site-packages/airflow/example_dags/example_short_circuit_operator.py
[2024-09-04T21:14:34.570+0000] {logging_mixin.py:190} INFO - [2024-09-04T21:14:34.569+0000] {dag.py:3211} INFO - Sync 1 DAGs
[2024-09-04T21:14:34.592+0000] {logging_mixin.py:190} INFO - [2024-09-04T21:14:34.592+0000] {dag.py:4138} INFO - Setting next_dagrun for example_short_circuit_operator to 2024-09-03 00:00:00+00:00, run_after=2024-09-04 00:00:00+00:00
[2024-09-04T21:14:34.616+0000] {processor.py:208} INFO - Processing /home/airflow/.local/lib/python3.12/site-packages/airflow/example_dags/example_short_circuit_operator.py took 0.088 seconds
[2024-09-04T21:15:05.818+0000] {processor.py:186} INFO - Started process (PID=1893) to work on /home/airflow/.local/lib/python3.12/site-packages/airflow/example_dags/example_short_circuit_operator.py
[2024-09-04T21:15:05.821+0000] {processor.py:914} INFO - Processing file /home/airflow/.local/lib/python3.12/site-packages/airflow/example_dags/example_short_circuit_operator.py for tasks to queue
[2024-09-04T21:15:05.827+0000] {logging_mixin.py:190} INFO - [2024-09-04T21:15:05.826+0000] {dagbag.py:587} INFO - Filling up the DagBag from /home/airflow/.local/lib/python3.12/site-packages/airflow/example_dags/example_short_circuit_operator.py
[2024-09-04T21:15:05.853+0000] {processor.py:925} INFO - DAG(s) 'example_short_circuit_operator' retrieved from /home/airflow/.local/lib/python3.12/site-packages/airflow/example_dags/example_short_circuit_operator.py
[2024-09-04T21:15:05.919+0000] {logging_mixin.py:190} INFO - [2024-09-04T21:15:05.918+0000] {dag.py:3211} INFO - Sync 1 DAGs
[2024-09-04T21:15:05.974+0000] {logging_mixin.py:190} INFO - [2024-09-04T21:15:05.973+0000] {dag.py:4138} INFO - Setting next_dagrun for example_short_circuit_operator to 2024-09-03 00:00:00+00:00, run_after=2024-09-04 00:00:00+00:00
[2024-09-04T21:15:06.015+0000] {processor.py:208} INFO - Processing /home/airflow/.local/lib/python3.12/site-packages/airflow/example_dags/example_short_circuit_operator.py took 0.212 seconds
[2024-09-04T21:15:36.607+0000] {processor.py:186} INFO - Started process (PID=1955) to work on /home/airflow/.local/lib/python3.12/site-packages/airflow/example_dags/example_short_circuit_operator.py
[2024-09-04T21:15:36.609+0000] {processor.py:914} INFO - Processing file /home/airflow/.local/lib/python3.12/site-packages/airflow/example_dags/example_short_circuit_operator.py for tasks to queue
[2024-09-04T21:15:36.612+0000] {logging_mixin.py:190} INFO - [2024-09-04T21:15:36.612+0000] {dagbag.py:587} INFO - Filling up the DagBag from /home/airflow/.local/lib/python3.12/site-packages/airflow/example_dags/example_short_circuit_operator.py
[2024-09-04T21:15:36.624+0000] {processor.py:925} INFO - DAG(s) 'example_short_circuit_operator' retrieved from /home/airflow/.local/lib/python3.12/site-packages/airflow/example_dags/example_short_circuit_operator.py
[2024-09-04T21:15:36.648+0000] {logging_mixin.py:190} INFO - [2024-09-04T21:15:36.647+0000] {dag.py:3211} INFO - Sync 1 DAGs
[2024-09-04T21:15:36.668+0000] {logging_mixin.py:190} INFO - [2024-09-04T21:15:36.668+0000] {dag.py:4138} INFO - Setting next_dagrun for example_short_circuit_operator to 2024-09-03 00:00:00+00:00, run_after=2024-09-04 00:00:00+00:00
[2024-09-04T21:15:36.687+0000] {processor.py:208} INFO - Processing /home/airflow/.local/lib/python3.12/site-packages/airflow/example_dags/example_short_circuit_operator.py took 0.086 seconds
[2024-09-04T21:16:08.033+0000] {processor.py:186} INFO - Started process (PID=2020) to work on /home/airflow/.local/lib/python3.12/site-packages/airflow/example_dags/example_short_circuit_operator.py
[2024-09-04T21:16:08.034+0000] {processor.py:914} INFO - Processing file /home/airflow/.local/lib/python3.12/site-packages/airflow/example_dags/example_short_circuit_operator.py for tasks to queue
[2024-09-04T21:16:08.037+0000] {logging_mixin.py:190} INFO - [2024-09-04T21:16:08.036+0000] {dagbag.py:587} INFO - Filling up the DagBag from /home/airflow/.local/lib/python3.12/site-packages/airflow/example_dags/example_short_circuit_operator.py
[2024-09-04T21:16:08.047+0000] {processor.py:925} INFO - DAG(s) 'example_short_circuit_operator' retrieved from /home/airflow/.local/lib/python3.12/site-packages/airflow/example_dags/example_short_circuit_operator.py
[2024-09-04T21:16:08.072+0000] {logging_mixin.py:190} INFO - [2024-09-04T21:16:08.071+0000] {dag.py:3211} INFO - Sync 1 DAGs
[2024-09-04T21:16:08.093+0000] {logging_mixin.py:190} INFO - [2024-09-04T21:16:08.092+0000] {dag.py:4138} INFO - Setting next_dagrun for example_short_circuit_operator to 2024-09-03 00:00:00+00:00, run_after=2024-09-04 00:00:00+00:00
[2024-09-04T21:16:08.113+0000] {processor.py:208} INFO - Processing /home/airflow/.local/lib/python3.12/site-packages/airflow/example_dags/example_short_circuit_operator.py took 0.085 seconds
[2024-09-04T21:16:38.396+0000] {processor.py:186} INFO - Started process (PID=2083) to work on /home/airflow/.local/lib/python3.12/site-packages/airflow/example_dags/example_short_circuit_operator.py
[2024-09-04T21:16:38.397+0000] {processor.py:914} INFO - Processing file /home/airflow/.local/lib/python3.12/site-packages/airflow/example_dags/example_short_circuit_operator.py for tasks to queue
[2024-09-04T21:16:38.400+0000] {logging_mixin.py:190} INFO - [2024-09-04T21:16:38.399+0000] {dagbag.py:587} INFO - Filling up the DagBag from /home/airflow/.local/lib/python3.12/site-packages/airflow/example_dags/example_short_circuit_operator.py
[2024-09-04T21:16:38.408+0000] {processor.py:925} INFO - DAG(s) 'example_short_circuit_operator' retrieved from /home/airflow/.local/lib/python3.12/site-packages/airflow/example_dags/example_short_circuit_operator.py
[2024-09-04T21:16:38.433+0000] {logging_mixin.py:190} INFO - [2024-09-04T21:16:38.432+0000] {dag.py:3211} INFO - Sync 1 DAGs
[2024-09-04T21:16:38.453+0000] {logging_mixin.py:190} INFO - [2024-09-04T21:16:38.453+0000] {dag.py:4138} INFO - Setting next_dagrun for example_short_circuit_operator to 2024-09-03 00:00:00+00:00, run_after=2024-09-04 00:00:00+00:00
[2024-09-04T21:16:38.477+0000] {processor.py:208} INFO - Processing /home/airflow/.local/lib/python3.12/site-packages/airflow/example_dags/example_short_circuit_operator.py took 0.085 seconds
[2024-09-04T21:17:08.712+0000] {processor.py:186} INFO - Started process (PID=2146) to work on /home/airflow/.local/lib/python3.12/site-packages/airflow/example_dags/example_short_circuit_operator.py
[2024-09-04T21:17:08.713+0000] {processor.py:914} INFO - Processing file /home/airflow/.local/lib/python3.12/site-packages/airflow/example_dags/example_short_circuit_operator.py for tasks to queue
[2024-09-04T21:17:08.715+0000] {logging_mixin.py:190} INFO - [2024-09-04T21:17:08.715+0000] {dagbag.py:587} INFO - Filling up the DagBag from /home/airflow/.local/lib/python3.12/site-packages/airflow/example_dags/example_short_circuit_operator.py
[2024-09-04T21:17:08.724+0000] {processor.py:925} INFO - DAG(s) 'example_short_circuit_operator' retrieved from /home/airflow/.local/lib/python3.12/site-packages/airflow/example_dags/example_short_circuit_operator.py
[2024-09-04T21:17:08.750+0000] {logging_mixin.py:190} INFO - [2024-09-04T21:17:08.750+0000] {dag.py:3211} INFO - Sync 1 DAGs
[2024-09-04T21:17:08.771+0000] {logging_mixin.py:190} INFO - [2024-09-04T21:17:08.771+0000] {dag.py:4138} INFO - Setting next_dagrun for example_short_circuit_operator to 2024-09-03 00:00:00+00:00, run_after=2024-09-04 00:00:00+00:00
[2024-09-04T21:17:08.796+0000] {processor.py:208} INFO - Processing /home/airflow/.local/lib/python3.12/site-packages/airflow/example_dags/example_short_circuit_operator.py took 0.089 seconds
[2024-09-04T21:17:38.995+0000] {processor.py:186} INFO - Started process (PID=2209) to work on /home/airflow/.local/lib/python3.12/site-packages/airflow/example_dags/example_short_circuit_operator.py
[2024-09-04T21:17:38.996+0000] {processor.py:914} INFO - Processing file /home/airflow/.local/lib/python3.12/site-packages/airflow/example_dags/example_short_circuit_operator.py for tasks to queue
[2024-09-04T21:17:38.998+0000] {logging_mixin.py:190} INFO - [2024-09-04T21:17:38.998+0000] {dagbag.py:587} INFO - Filling up the DagBag from /home/airflow/.local/lib/python3.12/site-packages/airflow/example_dags/example_short_circuit_operator.py
[2024-09-04T21:17:39.007+0000] {processor.py:925} INFO - DAG(s) 'example_short_circuit_operator' retrieved from /home/airflow/.local/lib/python3.12/site-packages/airflow/example_dags/example_short_circuit_operator.py
[2024-09-04T21:17:39.031+0000] {logging_mixin.py:190} INFO - [2024-09-04T21:17:39.030+0000] {dag.py:3211} INFO - Sync 1 DAGs
[2024-09-04T21:17:39.051+0000] {logging_mixin.py:190} INFO - [2024-09-04T21:17:39.051+0000] {dag.py:4138} INFO - Setting next_dagrun for example_short_circuit_operator to 2024-09-03 00:00:00+00:00, run_after=2024-09-04 00:00:00+00:00
[2024-09-04T21:17:39.072+0000] {processor.py:208} INFO - Processing /home/airflow/.local/lib/python3.12/site-packages/airflow/example_dags/example_short_circuit_operator.py took 0.082 seconds
[2024-09-04T21:18:09.333+0000] {processor.py:186} INFO - Started process (PID=2272) to work on /home/airflow/.local/lib/python3.12/site-packages/airflow/example_dags/example_short_circuit_operator.py
[2024-09-04T21:18:09.334+0000] {processor.py:914} INFO - Processing file /home/airflow/.local/lib/python3.12/site-packages/airflow/example_dags/example_short_circuit_operator.py for tasks to queue
[2024-09-04T21:18:09.337+0000] {logging_mixin.py:190} INFO - [2024-09-04T21:18:09.337+0000] {dagbag.py:587} INFO - Filling up the DagBag from /home/airflow/.local/lib/python3.12/site-packages/airflow/example_dags/example_short_circuit_operator.py
[2024-09-04T21:18:09.345+0000] {processor.py:925} INFO - DAG(s) 'example_short_circuit_operator' retrieved from /home/airflow/.local/lib/python3.12/site-packages/airflow/example_dags/example_short_circuit_operator.py
[2024-09-04T21:18:09.369+0000] {logging_mixin.py:190} INFO - [2024-09-04T21:18:09.369+0000] {dag.py:3211} INFO - Sync 1 DAGs
[2024-09-04T21:18:09.390+0000] {logging_mixin.py:190} INFO - [2024-09-04T21:18:09.390+0000] {dag.py:4138} INFO - Setting next_dagrun for example_short_circuit_operator to 2024-09-03 00:00:00+00:00, run_after=2024-09-04 00:00:00+00:00
[2024-09-04T21:18:09.412+0000] {processor.py:208} INFO - Processing /home/airflow/.local/lib/python3.12/site-packages/airflow/example_dags/example_short_circuit_operator.py took 0.084 seconds
[2024-09-04T21:18:39.598+0000] {processor.py:186} INFO - Started process (PID=2335) to work on /home/airflow/.local/lib/python3.12/site-packages/airflow/example_dags/example_short_circuit_operator.py
[2024-09-04T21:18:39.600+0000] {processor.py:914} INFO - Processing file /home/airflow/.local/lib/python3.12/site-packages/airflow/example_dags/example_short_circuit_operator.py for tasks to queue
[2024-09-04T21:18:39.603+0000] {logging_mixin.py:190} INFO - [2024-09-04T21:18:39.603+0000] {dagbag.py:587} INFO - Filling up the DagBag from /home/airflow/.local/lib/python3.12/site-packages/airflow/example_dags/example_short_circuit_operator.py
[2024-09-04T21:18:39.613+0000] {processor.py:925} INFO - DAG(s) 'example_short_circuit_operator' retrieved from /home/airflow/.local/lib/python3.12/site-packages/airflow/example_dags/example_short_circuit_operator.py
[2024-09-04T21:18:39.638+0000] {logging_mixin.py:190} INFO - [2024-09-04T21:18:39.638+0000] {dag.py:3211} INFO - Sync 1 DAGs
[2024-09-04T21:18:39.661+0000] {logging_mixin.py:190} INFO - [2024-09-04T21:18:39.661+0000] {dag.py:4138} INFO - Setting next_dagrun for example_short_circuit_operator to 2024-09-03 00:00:00+00:00, run_after=2024-09-04 00:00:00+00:00
[2024-09-04T21:18:39.685+0000] {processor.py:208} INFO - Processing /home/airflow/.local/lib/python3.12/site-packages/airflow/example_dags/example_short_circuit_operator.py took 0.092 seconds
