[2024-09-04T20:52:38.637+0000] {processor.py:186} INFO - Started process (PID=115) to work on /home/airflow/.local/lib/python3.12/site-packages/airflow/example_dags/example_complex.py
[2024-09-04T20:52:38.638+0000] {processor.py:914} INFO - Processing file /home/airflow/.local/lib/python3.12/site-packages/airflow/example_dags/example_complex.py for tasks to queue
[2024-09-04T20:52:38.643+0000] {logging_mixin.py:190} INFO - [2024-09-04T20:52:38.642+0000] {dagbag.py:587} INFO - Filling up the DagBag from /home/airflow/.local/lib/python3.12/site-packages/airflow/example_dags/example_complex.py
[2024-09-04T20:52:38.658+0000] {processor.py:925} INFO - DAG(s) 'example_complex' retrieved from /home/airflow/.local/lib/python3.12/site-packages/airflow/example_dags/example_complex.py
[2024-09-04T20:52:38.796+0000] {logging_mixin.py:190} INFO - [2024-09-04T20:52:38.795+0000] {override.py:1858} INFO - Created Permission View: can delete on DAG:example_complex
[2024-09-04T20:52:38.806+0000] {logging_mixin.py:190} INFO - [2024-09-04T20:52:38.806+0000] {override.py:1858} INFO - Created Permission View: can edit on DAG:example_complex
[2024-09-04T20:52:38.816+0000] {logging_mixin.py:190} INFO - [2024-09-04T20:52:38.815+0000] {override.py:1858} INFO - Created Permission View: can read on DAG:example_complex
[2024-09-04T20:52:38.817+0000] {logging_mixin.py:190} INFO - [2024-09-04T20:52:38.817+0000] {dag.py:3211} INFO - Sync 1 DAGs
[2024-09-04T20:52:38.834+0000] {logging_mixin.py:190} INFO - [2024-09-04T20:52:38.834+0000] {dag.py:3234} INFO - Creating ORM DAG for example_complex
[2024-09-04T20:52:38.836+0000] {logging_mixin.py:190} INFO - [2024-09-04T20:52:38.835+0000] {dag.py:4138} INFO - Setting next_dagrun for example_complex to None, run_after=None
[2024-09-04T20:52:38.856+0000] {processor.py:208} INFO - Processing /home/airflow/.local/lib/python3.12/site-packages/airflow/example_dags/example_complex.py took 0.227 seconds
[2024-09-04T21:00:20.141+0000] {processor.py:186} INFO - Started process (PID=110) to work on /home/airflow/.local/lib/python3.12/site-packages/airflow/example_dags/example_complex.py
[2024-09-04T21:00:20.143+0000] {processor.py:914} INFO - Processing file /home/airflow/.local/lib/python3.12/site-packages/airflow/example_dags/example_complex.py for tasks to queue
[2024-09-04T21:00:20.147+0000] {logging_mixin.py:190} INFO - [2024-09-04T21:00:20.147+0000] {dagbag.py:587} INFO - Filling up the DagBag from /home/airflow/.local/lib/python3.12/site-packages/airflow/example_dags/example_complex.py
[2024-09-04T21:00:20.171+0000] {processor.py:925} INFO - DAG(s) 'example_complex' retrieved from /home/airflow/.local/lib/python3.12/site-packages/airflow/example_dags/example_complex.py
[2024-09-04T21:00:20.236+0000] {logging_mixin.py:190} INFO - [2024-09-04T21:00:20.236+0000] {dag.py:3211} INFO - Sync 1 DAGs
[2024-09-04T21:00:20.269+0000] {logging_mixin.py:190} INFO - [2024-09-04T21:00:20.269+0000] {dag.py:4138} INFO - Setting next_dagrun for example_complex to None, run_after=None
[2024-09-04T21:00:20.311+0000] {processor.py:208} INFO - Processing /home/airflow/.local/lib/python3.12/site-packages/airflow/example_dags/example_complex.py took 0.195 seconds
[2024-09-04T21:00:50.498+0000] {processor.py:186} INFO - Started process (PID=172) to work on /home/airflow/.local/lib/python3.12/site-packages/airflow/example_dags/example_complex.py
[2024-09-04T21:00:50.499+0000] {processor.py:914} INFO - Processing file /home/airflow/.local/lib/python3.12/site-packages/airflow/example_dags/example_complex.py for tasks to queue
[2024-09-04T21:00:50.502+0000] {logging_mixin.py:190} INFO - [2024-09-04T21:00:50.501+0000] {dagbag.py:587} INFO - Filling up the DagBag from /home/airflow/.local/lib/python3.12/site-packages/airflow/example_dags/example_complex.py
[2024-09-04T21:00:50.516+0000] {processor.py:925} INFO - DAG(s) 'example_complex' retrieved from /home/airflow/.local/lib/python3.12/site-packages/airflow/example_dags/example_complex.py
[2024-09-04T21:00:50.552+0000] {logging_mixin.py:190} INFO - [2024-09-04T21:00:50.551+0000] {dag.py:3211} INFO - Sync 1 DAGs
[2024-09-04T21:00:50.567+0000] {logging_mixin.py:190} INFO - [2024-09-04T21:00:50.566+0000] {dag.py:4138} INFO - Setting next_dagrun for example_complex to None, run_after=None
[2024-09-04T21:00:50.596+0000] {processor.py:208} INFO - Processing /home/airflow/.local/lib/python3.12/site-packages/airflow/example_dags/example_complex.py took 0.107 seconds
[2024-09-04T21:01:20.888+0000] {processor.py:186} INFO - Started process (PID=234) to work on /home/airflow/.local/lib/python3.12/site-packages/airflow/example_dags/example_complex.py
[2024-09-04T21:01:20.889+0000] {processor.py:914} INFO - Processing file /home/airflow/.local/lib/python3.12/site-packages/airflow/example_dags/example_complex.py for tasks to queue
[2024-09-04T21:01:20.892+0000] {logging_mixin.py:190} INFO - [2024-09-04T21:01:20.891+0000] {dagbag.py:587} INFO - Filling up the DagBag from /home/airflow/.local/lib/python3.12/site-packages/airflow/example_dags/example_complex.py
[2024-09-04T21:01:20.902+0000] {processor.py:925} INFO - DAG(s) 'example_complex' retrieved from /home/airflow/.local/lib/python3.12/site-packages/airflow/example_dags/example_complex.py
[2024-09-04T21:01:20.934+0000] {logging_mixin.py:190} INFO - [2024-09-04T21:01:20.933+0000] {dag.py:3211} INFO - Sync 1 DAGs
[2024-09-04T21:01:20.949+0000] {logging_mixin.py:190} INFO - [2024-09-04T21:01:20.948+0000] {dag.py:4138} INFO - Setting next_dagrun for example_complex to None, run_after=None
[2024-09-04T21:01:20.971+0000] {processor.py:208} INFO - Processing /home/airflow/.local/lib/python3.12/site-packages/airflow/example_dags/example_complex.py took 0.088 seconds
[2024-09-04T21:01:51.923+0000] {processor.py:186} INFO - Started process (PID=296) to work on /home/airflow/.local/lib/python3.12/site-packages/airflow/example_dags/example_complex.py
[2024-09-04T21:01:51.924+0000] {processor.py:914} INFO - Processing file /home/airflow/.local/lib/python3.12/site-packages/airflow/example_dags/example_complex.py for tasks to queue
[2024-09-04T21:01:51.927+0000] {logging_mixin.py:190} INFO - [2024-09-04T21:01:51.927+0000] {dagbag.py:587} INFO - Filling up the DagBag from /home/airflow/.local/lib/python3.12/site-packages/airflow/example_dags/example_complex.py
[2024-09-04T21:01:51.937+0000] {processor.py:925} INFO - DAG(s) 'example_complex' retrieved from /home/airflow/.local/lib/python3.12/site-packages/airflow/example_dags/example_complex.py
[2024-09-04T21:01:51.970+0000] {logging_mixin.py:190} INFO - [2024-09-04T21:01:51.970+0000] {dag.py:3211} INFO - Sync 1 DAGs
[2024-09-04T21:01:51.984+0000] {logging_mixin.py:190} INFO - [2024-09-04T21:01:51.984+0000] {dag.py:4138} INFO - Setting next_dagrun for example_complex to None, run_after=None
[2024-09-04T21:01:52.005+0000] {processor.py:208} INFO - Processing /home/airflow/.local/lib/python3.12/site-packages/airflow/example_dags/example_complex.py took 0.087 seconds
[2024-09-04T21:02:22.743+0000] {processor.py:186} INFO - Started process (PID=359) to work on /home/airflow/.local/lib/python3.12/site-packages/airflow/example_dags/example_complex.py
[2024-09-04T21:02:22.744+0000] {processor.py:914} INFO - Processing file /home/airflow/.local/lib/python3.12/site-packages/airflow/example_dags/example_complex.py for tasks to queue
[2024-09-04T21:02:22.747+0000] {logging_mixin.py:190} INFO - [2024-09-04T21:02:22.746+0000] {dagbag.py:587} INFO - Filling up the DagBag from /home/airflow/.local/lib/python3.12/site-packages/airflow/example_dags/example_complex.py
[2024-09-04T21:02:22.758+0000] {processor.py:925} INFO - DAG(s) 'example_complex' retrieved from /home/airflow/.local/lib/python3.12/site-packages/airflow/example_dags/example_complex.py
[2024-09-04T21:02:22.785+0000] {logging_mixin.py:190} INFO - [2024-09-04T21:02:22.784+0000] {dag.py:3211} INFO - Sync 1 DAGs
[2024-09-04T21:02:22.798+0000] {logging_mixin.py:190} INFO - [2024-09-04T21:02:22.798+0000] {dag.py:4138} INFO - Setting next_dagrun for example_complex to None, run_after=None
[2024-09-04T21:02:22.819+0000] {processor.py:208} INFO - Processing /home/airflow/.local/lib/python3.12/site-packages/airflow/example_dags/example_complex.py took 0.081 seconds
[2024-09-04T21:02:53.345+0000] {processor.py:186} INFO - Started process (PID=421) to work on /home/airflow/.local/lib/python3.12/site-packages/airflow/example_dags/example_complex.py
[2024-09-04T21:02:53.346+0000] {processor.py:914} INFO - Processing file /home/airflow/.local/lib/python3.12/site-packages/airflow/example_dags/example_complex.py for tasks to queue
[2024-09-04T21:02:53.349+0000] {logging_mixin.py:190} INFO - [2024-09-04T21:02:53.348+0000] {dagbag.py:587} INFO - Filling up the DagBag from /home/airflow/.local/lib/python3.12/site-packages/airflow/example_dags/example_complex.py
[2024-09-04T21:02:53.359+0000] {processor.py:925} INFO - DAG(s) 'example_complex' retrieved from /home/airflow/.local/lib/python3.12/site-packages/airflow/example_dags/example_complex.py
[2024-09-04T21:02:53.389+0000] {logging_mixin.py:190} INFO - [2024-09-04T21:02:53.388+0000] {dag.py:3211} INFO - Sync 1 DAGs
[2024-09-04T21:02:53.401+0000] {logging_mixin.py:190} INFO - [2024-09-04T21:02:53.400+0000] {dag.py:4138} INFO - Setting next_dagrun for example_complex to None, run_after=None
[2024-09-04T21:02:53.420+0000] {processor.py:208} INFO - Processing /home/airflow/.local/lib/python3.12/site-packages/airflow/example_dags/example_complex.py took 0.081 seconds
[2024-09-04T21:03:24.330+0000] {processor.py:186} INFO - Started process (PID=483) to work on /home/airflow/.local/lib/python3.12/site-packages/airflow/example_dags/example_complex.py
[2024-09-04T21:03:24.332+0000] {processor.py:914} INFO - Processing file /home/airflow/.local/lib/python3.12/site-packages/airflow/example_dags/example_complex.py for tasks to queue
[2024-09-04T21:03:24.338+0000] {logging_mixin.py:190} INFO - [2024-09-04T21:03:24.337+0000] {dagbag.py:587} INFO - Filling up the DagBag from /home/airflow/.local/lib/python3.12/site-packages/airflow/example_dags/example_complex.py
[2024-09-04T21:03:24.370+0000] {processor.py:925} INFO - DAG(s) 'example_complex' retrieved from /home/airflow/.local/lib/python3.12/site-packages/airflow/example_dags/example_complex.py
[2024-09-04T21:03:24.462+0000] {logging_mixin.py:190} INFO - [2024-09-04T21:03:24.462+0000] {dag.py:3211} INFO - Sync 1 DAGs
[2024-09-04T21:03:24.504+0000] {logging_mixin.py:190} INFO - [2024-09-04T21:03:24.503+0000] {dag.py:4138} INFO - Setting next_dagrun for example_complex to None, run_after=None
[2024-09-04T21:03:24.556+0000] {processor.py:208} INFO - Processing /home/airflow/.local/lib/python3.12/site-packages/airflow/example_dags/example_complex.py took 0.242 seconds
[2024-09-04T21:03:55.175+0000] {processor.py:186} INFO - Started process (PID=551) to work on /home/airflow/.local/lib/python3.12/site-packages/airflow/example_dags/example_complex.py
[2024-09-04T21:03:55.178+0000] {processor.py:914} INFO - Processing file /home/airflow/.local/lib/python3.12/site-packages/airflow/example_dags/example_complex.py for tasks to queue
[2024-09-04T21:03:55.182+0000] {logging_mixin.py:190} INFO - [2024-09-04T21:03:55.182+0000] {dagbag.py:587} INFO - Filling up the DagBag from /home/airflow/.local/lib/python3.12/site-packages/airflow/example_dags/example_complex.py
[2024-09-04T21:03:55.212+0000] {processor.py:925} INFO - DAG(s) 'example_complex' retrieved from /home/airflow/.local/lib/python3.12/site-packages/airflow/example_dags/example_complex.py
[2024-09-04T21:03:55.299+0000] {logging_mixin.py:190} INFO - [2024-09-04T21:03:55.298+0000] {dag.py:3211} INFO - Sync 1 DAGs
[2024-09-04T21:03:55.335+0000] {logging_mixin.py:190} INFO - [2024-09-04T21:03:55.334+0000] {dag.py:4138} INFO - Setting next_dagrun for example_complex to None, run_after=None
[2024-09-04T21:03:55.379+0000] {processor.py:208} INFO - Processing /home/airflow/.local/lib/python3.12/site-packages/airflow/example_dags/example_complex.py took 0.216 seconds
[2024-09-04T21:04:25.537+0000] {processor.py:186} INFO - Started process (PID=613) to work on /home/airflow/.local/lib/python3.12/site-packages/airflow/example_dags/example_complex.py
[2024-09-04T21:04:25.538+0000] {processor.py:914} INFO - Processing file /home/airflow/.local/lib/python3.12/site-packages/airflow/example_dags/example_complex.py for tasks to queue
[2024-09-04T21:04:25.543+0000] {logging_mixin.py:190} INFO - [2024-09-04T21:04:25.543+0000] {dagbag.py:587} INFO - Filling up the DagBag from /home/airflow/.local/lib/python3.12/site-packages/airflow/example_dags/example_complex.py
[2024-09-04T21:04:25.565+0000] {processor.py:925} INFO - DAG(s) 'example_complex' retrieved from /home/airflow/.local/lib/python3.12/site-packages/airflow/example_dags/example_complex.py
[2024-09-04T21:04:25.614+0000] {logging_mixin.py:190} INFO - [2024-09-04T21:04:25.613+0000] {dag.py:3211} INFO - Sync 1 DAGs
[2024-09-04T21:04:25.635+0000] {logging_mixin.py:190} INFO - [2024-09-04T21:04:25.634+0000] {dag.py:4138} INFO - Setting next_dagrun for example_complex to None, run_after=None
[2024-09-04T21:04:25.661+0000] {processor.py:208} INFO - Processing /home/airflow/.local/lib/python3.12/site-packages/airflow/example_dags/example_complex.py took 0.135 seconds
[2024-09-04T21:04:56.092+0000] {processor.py:186} INFO - Started process (PID=675) to work on /home/airflow/.local/lib/python3.12/site-packages/airflow/example_dags/example_complex.py
[2024-09-04T21:04:56.094+0000] {processor.py:914} INFO - Processing file /home/airflow/.local/lib/python3.12/site-packages/airflow/example_dags/example_complex.py for tasks to queue
[2024-09-04T21:04:56.097+0000] {logging_mixin.py:190} INFO - [2024-09-04T21:04:56.097+0000] {dagbag.py:587} INFO - Filling up the DagBag from /home/airflow/.local/lib/python3.12/site-packages/airflow/example_dags/example_complex.py
[2024-09-04T21:04:56.113+0000] {processor.py:925} INFO - DAG(s) 'example_complex' retrieved from /home/airflow/.local/lib/python3.12/site-packages/airflow/example_dags/example_complex.py
[2024-09-04T21:04:56.164+0000] {logging_mixin.py:190} INFO - [2024-09-04T21:04:56.164+0000] {dag.py:3211} INFO - Sync 1 DAGs
[2024-09-04T21:04:56.185+0000] {logging_mixin.py:190} INFO - [2024-09-04T21:04:56.185+0000] {dag.py:4138} INFO - Setting next_dagrun for example_complex to None, run_after=None
[2024-09-04T21:04:56.212+0000] {processor.py:208} INFO - Processing /home/airflow/.local/lib/python3.12/site-packages/airflow/example_dags/example_complex.py took 0.128 seconds
[2024-09-04T21:05:27.155+0000] {processor.py:186} INFO - Started process (PID=737) to work on /home/airflow/.local/lib/python3.12/site-packages/airflow/example_dags/example_complex.py
[2024-09-04T21:05:27.156+0000] {processor.py:914} INFO - Processing file /home/airflow/.local/lib/python3.12/site-packages/airflow/example_dags/example_complex.py for tasks to queue
[2024-09-04T21:05:27.160+0000] {logging_mixin.py:190} INFO - [2024-09-04T21:05:27.160+0000] {dagbag.py:587} INFO - Filling up the DagBag from /home/airflow/.local/lib/python3.12/site-packages/airflow/example_dags/example_complex.py
[2024-09-04T21:05:27.180+0000] {processor.py:925} INFO - DAG(s) 'example_complex' retrieved from /home/airflow/.local/lib/python3.12/site-packages/airflow/example_dags/example_complex.py
[2024-09-04T21:05:27.239+0000] {logging_mixin.py:190} INFO - [2024-09-04T21:05:27.239+0000] {dag.py:3211} INFO - Sync 1 DAGs
[2024-09-04T21:05:27.267+0000] {logging_mixin.py:190} INFO - [2024-09-04T21:05:27.266+0000] {dag.py:4138} INFO - Setting next_dagrun for example_complex to None, run_after=None
[2024-09-04T21:05:27.301+0000] {processor.py:208} INFO - Processing /home/airflow/.local/lib/python3.12/site-packages/airflow/example_dags/example_complex.py took 0.156 seconds
[2024-09-04T21:05:57.872+0000] {processor.py:186} INFO - Started process (PID=799) to work on /home/airflow/.local/lib/python3.12/site-packages/airflow/example_dags/example_complex.py
[2024-09-04T21:05:57.873+0000] {processor.py:914} INFO - Processing file /home/airflow/.local/lib/python3.12/site-packages/airflow/example_dags/example_complex.py for tasks to queue
[2024-09-04T21:05:57.876+0000] {logging_mixin.py:190} INFO - [2024-09-04T21:05:57.875+0000] {dagbag.py:587} INFO - Filling up the DagBag from /home/airflow/.local/lib/python3.12/site-packages/airflow/example_dags/example_complex.py
[2024-09-04T21:05:57.886+0000] {processor.py:925} INFO - DAG(s) 'example_complex' retrieved from /home/airflow/.local/lib/python3.12/site-packages/airflow/example_dags/example_complex.py
[2024-09-04T21:05:57.915+0000] {logging_mixin.py:190} INFO - [2024-09-04T21:05:57.915+0000] {dag.py:3211} INFO - Sync 1 DAGs
[2024-09-04T21:05:57.927+0000] {logging_mixin.py:190} INFO - [2024-09-04T21:05:57.926+0000] {dag.py:4138} INFO - Setting next_dagrun for example_complex to None, run_after=None
[2024-09-04T21:05:57.945+0000] {processor.py:208} INFO - Processing /home/airflow/.local/lib/python3.12/site-packages/airflow/example_dags/example_complex.py took 0.078 seconds
[2024-09-04T21:06:31.677+0000] {processor.py:186} INFO - Started process (PID=860) to work on /home/airflow/.local/lib/python3.12/site-packages/airflow/example_dags/example_complex.py
[2024-09-04T21:06:31.683+0000] {processor.py:914} INFO - Processing file /home/airflow/.local/lib/python3.12/site-packages/airflow/example_dags/example_complex.py for tasks to queue
[2024-09-04T21:06:31.698+0000] {logging_mixin.py:190} INFO - [2024-09-04T21:06:31.696+0000] {dagbag.py:587} INFO - Filling up the DagBag from /home/airflow/.local/lib/python3.12/site-packages/airflow/example_dags/example_complex.py
[2024-09-04T21:06:31.763+0000] {processor.py:925} INFO - DAG(s) 'example_complex' retrieved from /home/airflow/.local/lib/python3.12/site-packages/airflow/example_dags/example_complex.py
[2024-09-04T21:06:31.932+0000] {logging_mixin.py:190} INFO - [2024-09-04T21:06:31.932+0000] {dag.py:3211} INFO - Sync 1 DAGs
[2024-09-04T21:06:32.013+0000] {logging_mixin.py:190} INFO - [2024-09-04T21:06:32.009+0000] {dag.py:4138} INFO - Setting next_dagrun for example_complex to None, run_after=None
[2024-09-04T21:06:32.140+0000] {processor.py:208} INFO - Processing /home/airflow/.local/lib/python3.12/site-packages/airflow/example_dags/example_complex.py took 0.501 seconds
[2024-09-04T21:07:02.702+0000] {processor.py:186} INFO - Started process (PID=922) to work on /home/airflow/.local/lib/python3.12/site-packages/airflow/example_dags/example_complex.py
[2024-09-04T21:07:02.703+0000] {processor.py:914} INFO - Processing file /home/airflow/.local/lib/python3.12/site-packages/airflow/example_dags/example_complex.py for tasks to queue
[2024-09-04T21:07:02.707+0000] {logging_mixin.py:190} INFO - [2024-09-04T21:07:02.707+0000] {dagbag.py:587} INFO - Filling up the DagBag from /home/airflow/.local/lib/python3.12/site-packages/airflow/example_dags/example_complex.py
[2024-09-04T21:07:02.737+0000] {processor.py:925} INFO - DAG(s) 'example_complex' retrieved from /home/airflow/.local/lib/python3.12/site-packages/airflow/example_dags/example_complex.py
[2024-09-04T21:07:02.791+0000] {logging_mixin.py:190} INFO - [2024-09-04T21:07:02.790+0000] {dag.py:3211} INFO - Sync 1 DAGs
[2024-09-04T21:07:02.813+0000] {logging_mixin.py:190} INFO - [2024-09-04T21:07:02.812+0000] {dag.py:4138} INFO - Setting next_dagrun for example_complex to None, run_after=None
[2024-09-04T21:07:02.846+0000] {processor.py:208} INFO - Processing /home/airflow/.local/lib/python3.12/site-packages/airflow/example_dags/example_complex.py took 0.151 seconds
[2024-09-04T21:07:32.965+0000] {processor.py:186} INFO - Started process (PID=984) to work on /home/airflow/.local/lib/python3.12/site-packages/airflow/example_dags/example_complex.py
[2024-09-04T21:07:32.967+0000] {processor.py:914} INFO - Processing file /home/airflow/.local/lib/python3.12/site-packages/airflow/example_dags/example_complex.py for tasks to queue
[2024-09-04T21:07:32.969+0000] {logging_mixin.py:190} INFO - [2024-09-04T21:07:32.969+0000] {dagbag.py:587} INFO - Filling up the DagBag from /home/airflow/.local/lib/python3.12/site-packages/airflow/example_dags/example_complex.py
[2024-09-04T21:07:32.988+0000] {processor.py:925} INFO - DAG(s) 'example_complex' retrieved from /home/airflow/.local/lib/python3.12/site-packages/airflow/example_dags/example_complex.py
[2024-09-04T21:07:33.032+0000] {logging_mixin.py:190} INFO - [2024-09-04T21:07:33.031+0000] {dag.py:3211} INFO - Sync 1 DAGs
[2024-09-04T21:07:33.062+0000] {logging_mixin.py:190} INFO - [2024-09-04T21:07:33.062+0000] {dag.py:4138} INFO - Setting next_dagrun for example_complex to None, run_after=None
[2024-09-04T21:07:33.087+0000] {processor.py:208} INFO - Processing /home/airflow/.local/lib/python3.12/site-packages/airflow/example_dags/example_complex.py took 0.129 seconds
[2024-09-04T21:08:03.766+0000] {processor.py:186} INFO - Started process (PID=1047) to work on /home/airflow/.local/lib/python3.12/site-packages/airflow/example_dags/example_complex.py
[2024-09-04T21:08:03.767+0000] {processor.py:914} INFO - Processing file /home/airflow/.local/lib/python3.12/site-packages/airflow/example_dags/example_complex.py for tasks to queue
[2024-09-04T21:08:03.771+0000] {logging_mixin.py:190} INFO - [2024-09-04T21:08:03.771+0000] {dagbag.py:587} INFO - Filling up the DagBag from /home/airflow/.local/lib/python3.12/site-packages/airflow/example_dags/example_complex.py
[2024-09-04T21:08:03.787+0000] {processor.py:925} INFO - DAG(s) 'example_complex' retrieved from /home/airflow/.local/lib/python3.12/site-packages/airflow/example_dags/example_complex.py
[2024-09-04T21:08:03.825+0000] {logging_mixin.py:190} INFO - [2024-09-04T21:08:03.825+0000] {dag.py:3211} INFO - Sync 1 DAGs
[2024-09-04T21:08:03.845+0000] {logging_mixin.py:190} INFO - [2024-09-04T21:08:03.844+0000] {dag.py:4138} INFO - Setting next_dagrun for example_complex to None, run_after=None
[2024-09-04T21:08:03.861+0000] {processor.py:208} INFO - Processing /home/airflow/.local/lib/python3.12/site-packages/airflow/example_dags/example_complex.py took 0.105 seconds
[2024-09-04T21:08:34.309+0000] {processor.py:186} INFO - Started process (PID=1109) to work on /home/airflow/.local/lib/python3.12/site-packages/airflow/example_dags/example_complex.py
[2024-09-04T21:08:34.310+0000] {processor.py:914} INFO - Processing file /home/airflow/.local/lib/python3.12/site-packages/airflow/example_dags/example_complex.py for tasks to queue
[2024-09-04T21:08:34.312+0000] {logging_mixin.py:190} INFO - [2024-09-04T21:08:34.312+0000] {dagbag.py:587} INFO - Filling up the DagBag from /home/airflow/.local/lib/python3.12/site-packages/airflow/example_dags/example_complex.py
[2024-09-04T21:08:34.322+0000] {processor.py:925} INFO - DAG(s) 'example_complex' retrieved from /home/airflow/.local/lib/python3.12/site-packages/airflow/example_dags/example_complex.py
[2024-09-04T21:08:34.351+0000] {logging_mixin.py:190} INFO - [2024-09-04T21:08:34.350+0000] {dag.py:3211} INFO - Sync 1 DAGs
[2024-09-04T21:08:34.362+0000] {logging_mixin.py:190} INFO - [2024-09-04T21:08:34.362+0000] {dag.py:4138} INFO - Setting next_dagrun for example_complex to None, run_after=None
[2024-09-04T21:08:34.382+0000] {processor.py:208} INFO - Processing /home/airflow/.local/lib/python3.12/site-packages/airflow/example_dags/example_complex.py took 0.078 seconds
[2024-09-04T21:09:04.822+0000] {processor.py:186} INFO - Started process (PID=1171) to work on /home/airflow/.local/lib/python3.12/site-packages/airflow/example_dags/example_complex.py
[2024-09-04T21:09:04.823+0000] {processor.py:914} INFO - Processing file /home/airflow/.local/lib/python3.12/site-packages/airflow/example_dags/example_complex.py for tasks to queue
[2024-09-04T21:09:04.825+0000] {logging_mixin.py:190} INFO - [2024-09-04T21:09:04.825+0000] {dagbag.py:587} INFO - Filling up the DagBag from /home/airflow/.local/lib/python3.12/site-packages/airflow/example_dags/example_complex.py
[2024-09-04T21:09:04.836+0000] {processor.py:925} INFO - DAG(s) 'example_complex' retrieved from /home/airflow/.local/lib/python3.12/site-packages/airflow/example_dags/example_complex.py
[2024-09-04T21:09:04.863+0000] {logging_mixin.py:190} INFO - [2024-09-04T21:09:04.863+0000] {dag.py:3211} INFO - Sync 1 DAGs
[2024-09-04T21:09:04.875+0000] {logging_mixin.py:190} INFO - [2024-09-04T21:09:04.874+0000] {dag.py:4138} INFO - Setting next_dagrun for example_complex to None, run_after=None
[2024-09-04T21:09:04.893+0000] {processor.py:208} INFO - Processing /home/airflow/.local/lib/python3.12/site-packages/airflow/example_dags/example_complex.py took 0.077 seconds
[2024-09-04T21:09:35.252+0000] {processor.py:186} INFO - Started process (PID=1233) to work on /home/airflow/.local/lib/python3.12/site-packages/airflow/example_dags/example_complex.py
[2024-09-04T21:09:35.253+0000] {processor.py:914} INFO - Processing file /home/airflow/.local/lib/python3.12/site-packages/airflow/example_dags/example_complex.py for tasks to queue
[2024-09-04T21:09:35.256+0000] {logging_mixin.py:190} INFO - [2024-09-04T21:09:35.256+0000] {dagbag.py:587} INFO - Filling up the DagBag from /home/airflow/.local/lib/python3.12/site-packages/airflow/example_dags/example_complex.py
[2024-09-04T21:09:35.266+0000] {processor.py:925} INFO - DAG(s) 'example_complex' retrieved from /home/airflow/.local/lib/python3.12/site-packages/airflow/example_dags/example_complex.py
[2024-09-04T21:09:35.294+0000] {logging_mixin.py:190} INFO - [2024-09-04T21:09:35.294+0000] {dag.py:3211} INFO - Sync 1 DAGs
[2024-09-04T21:09:35.306+0000] {logging_mixin.py:190} INFO - [2024-09-04T21:09:35.306+0000] {dag.py:4138} INFO - Setting next_dagrun for example_complex to None, run_after=None
[2024-09-04T21:09:35.325+0000] {processor.py:208} INFO - Processing /home/airflow/.local/lib/python3.12/site-packages/airflow/example_dags/example_complex.py took 0.079 seconds
[2024-09-04T21:10:05.696+0000] {processor.py:186} INFO - Started process (PID=1295) to work on /home/airflow/.local/lib/python3.12/site-packages/airflow/example_dags/example_complex.py
[2024-09-04T21:10:05.697+0000] {processor.py:914} INFO - Processing file /home/airflow/.local/lib/python3.12/site-packages/airflow/example_dags/example_complex.py for tasks to queue
[2024-09-04T21:10:05.700+0000] {logging_mixin.py:190} INFO - [2024-09-04T21:10:05.700+0000] {dagbag.py:587} INFO - Filling up the DagBag from /home/airflow/.local/lib/python3.12/site-packages/airflow/example_dags/example_complex.py
[2024-09-04T21:10:05.711+0000] {processor.py:925} INFO - DAG(s) 'example_complex' retrieved from /home/airflow/.local/lib/python3.12/site-packages/airflow/example_dags/example_complex.py
[2024-09-04T21:10:05.740+0000] {logging_mixin.py:190} INFO - [2024-09-04T21:10:05.739+0000] {dag.py:3211} INFO - Sync 1 DAGs
[2024-09-04T21:10:05.752+0000] {logging_mixin.py:190} INFO - [2024-09-04T21:10:05.752+0000] {dag.py:4138} INFO - Setting next_dagrun for example_complex to None, run_after=None
[2024-09-04T21:10:05.770+0000] {processor.py:208} INFO - Processing /home/airflow/.local/lib/python3.12/site-packages/airflow/example_dags/example_complex.py took 0.080 seconds
[2024-09-04T21:10:36.502+0000] {processor.py:186} INFO - Started process (PID=1358) to work on /home/airflow/.local/lib/python3.12/site-packages/airflow/example_dags/example_complex.py
[2024-09-04T21:10:36.503+0000] {processor.py:914} INFO - Processing file /home/airflow/.local/lib/python3.12/site-packages/airflow/example_dags/example_complex.py for tasks to queue
[2024-09-04T21:10:36.506+0000] {logging_mixin.py:190} INFO - [2024-09-04T21:10:36.505+0000] {dagbag.py:587} INFO - Filling up the DagBag from /home/airflow/.local/lib/python3.12/site-packages/airflow/example_dags/example_complex.py
[2024-09-04T21:10:36.529+0000] {processor.py:925} INFO - DAG(s) 'example_complex' retrieved from /home/airflow/.local/lib/python3.12/site-packages/airflow/example_dags/example_complex.py
[2024-09-04T21:10:36.571+0000] {logging_mixin.py:190} INFO - [2024-09-04T21:10:36.571+0000] {dag.py:3211} INFO - Sync 1 DAGs
[2024-09-04T21:10:36.588+0000] {logging_mixin.py:190} INFO - [2024-09-04T21:10:36.588+0000] {dag.py:4138} INFO - Setting next_dagrun for example_complex to None, run_after=None
[2024-09-04T21:10:36.618+0000] {processor.py:208} INFO - Processing /home/airflow/.local/lib/python3.12/site-packages/airflow/example_dags/example_complex.py took 0.124 seconds
[2024-09-04T21:11:06.833+0000] {processor.py:186} INFO - Started process (PID=1421) to work on /home/airflow/.local/lib/python3.12/site-packages/airflow/example_dags/example_complex.py
[2024-09-04T21:11:06.835+0000] {processor.py:914} INFO - Processing file /home/airflow/.local/lib/python3.12/site-packages/airflow/example_dags/example_complex.py for tasks to queue
[2024-09-04T21:11:06.838+0000] {logging_mixin.py:190} INFO - [2024-09-04T21:11:06.837+0000] {dagbag.py:587} INFO - Filling up the DagBag from /home/airflow/.local/lib/python3.12/site-packages/airflow/example_dags/example_complex.py
[2024-09-04T21:11:06.850+0000] {processor.py:925} INFO - DAG(s) 'example_complex' retrieved from /home/airflow/.local/lib/python3.12/site-packages/airflow/example_dags/example_complex.py
[2024-09-04T21:11:06.879+0000] {logging_mixin.py:190} INFO - [2024-09-04T21:11:06.879+0000] {dag.py:3211} INFO - Sync 1 DAGs
[2024-09-04T21:11:06.891+0000] {logging_mixin.py:190} INFO - [2024-09-04T21:11:06.891+0000] {dag.py:4138} INFO - Setting next_dagrun for example_complex to None, run_after=None
[2024-09-04T21:11:06.915+0000] {processor.py:208} INFO - Processing /home/airflow/.local/lib/python3.12/site-packages/airflow/example_dags/example_complex.py took 0.088 seconds
[2024-09-04T21:11:37.088+0000] {processor.py:186} INFO - Started process (PID=1484) to work on /home/airflow/.local/lib/python3.12/site-packages/airflow/example_dags/example_complex.py
[2024-09-04T21:11:37.090+0000] {processor.py:914} INFO - Processing file /home/airflow/.local/lib/python3.12/site-packages/airflow/example_dags/example_complex.py for tasks to queue
[2024-09-04T21:11:37.092+0000] {logging_mixin.py:190} INFO - [2024-09-04T21:11:37.092+0000] {dagbag.py:587} INFO - Filling up the DagBag from /home/airflow/.local/lib/python3.12/site-packages/airflow/example_dags/example_complex.py
[2024-09-04T21:11:37.104+0000] {processor.py:925} INFO - DAG(s) 'example_complex' retrieved from /home/airflow/.local/lib/python3.12/site-packages/airflow/example_dags/example_complex.py
[2024-09-04T21:11:37.136+0000] {logging_mixin.py:190} INFO - [2024-09-04T21:11:37.136+0000] {dag.py:3211} INFO - Sync 1 DAGs
[2024-09-04T21:11:37.152+0000] {logging_mixin.py:190} INFO - [2024-09-04T21:11:37.152+0000] {dag.py:4138} INFO - Setting next_dagrun for example_complex to None, run_after=None
[2024-09-04T21:11:37.172+0000] {processor.py:208} INFO - Processing /home/airflow/.local/lib/python3.12/site-packages/airflow/example_dags/example_complex.py took 0.089 seconds
[2024-09-04T21:12:07.279+0000] {processor.py:186} INFO - Started process (PID=1547) to work on /home/airflow/.local/lib/python3.12/site-packages/airflow/example_dags/example_complex.py
[2024-09-04T21:12:07.281+0000] {processor.py:914} INFO - Processing file /home/airflow/.local/lib/python3.12/site-packages/airflow/example_dags/example_complex.py for tasks to queue
[2024-09-04T21:12:07.283+0000] {logging_mixin.py:190} INFO - [2024-09-04T21:12:07.283+0000] {dagbag.py:587} INFO - Filling up the DagBag from /home/airflow/.local/lib/python3.12/site-packages/airflow/example_dags/example_complex.py
[2024-09-04T21:12:07.295+0000] {processor.py:925} INFO - DAG(s) 'example_complex' retrieved from /home/airflow/.local/lib/python3.12/site-packages/airflow/example_dags/example_complex.py
[2024-09-04T21:12:07.325+0000] {logging_mixin.py:190} INFO - [2024-09-04T21:12:07.325+0000] {dag.py:3211} INFO - Sync 1 DAGs
[2024-09-04T21:12:07.339+0000] {logging_mixin.py:190} INFO - [2024-09-04T21:12:07.339+0000] {dag.py:4138} INFO - Setting next_dagrun for example_complex to None, run_after=None
[2024-09-04T21:12:07.358+0000] {processor.py:208} INFO - Processing /home/airflow/.local/lib/python3.12/site-packages/airflow/example_dags/example_complex.py took 0.085 seconds
[2024-09-04T21:12:38.149+0000] {processor.py:186} INFO - Started process (PID=1611) to work on /home/airflow/.local/lib/python3.12/site-packages/airflow/example_dags/example_complex.py
[2024-09-04T21:12:38.150+0000] {processor.py:914} INFO - Processing file /home/airflow/.local/lib/python3.12/site-packages/airflow/example_dags/example_complex.py for tasks to queue
[2024-09-04T21:12:38.152+0000] {logging_mixin.py:190} INFO - [2024-09-04T21:12:38.152+0000] {dagbag.py:587} INFO - Filling up the DagBag from /home/airflow/.local/lib/python3.12/site-packages/airflow/example_dags/example_complex.py
[2024-09-04T21:12:38.163+0000] {processor.py:925} INFO - DAG(s) 'example_complex' retrieved from /home/airflow/.local/lib/python3.12/site-packages/airflow/example_dags/example_complex.py
[2024-09-04T21:12:38.194+0000] {logging_mixin.py:190} INFO - [2024-09-04T21:12:38.193+0000] {dag.py:3211} INFO - Sync 1 DAGs
[2024-09-04T21:12:38.206+0000] {logging_mixin.py:190} INFO - [2024-09-04T21:12:38.206+0000] {dag.py:4138} INFO - Setting next_dagrun for example_complex to None, run_after=None
[2024-09-04T21:12:38.226+0000] {processor.py:208} INFO - Processing /home/airflow/.local/lib/python3.12/site-packages/airflow/example_dags/example_complex.py took 0.082 seconds
[2024-09-04T21:13:09.066+0000] {processor.py:186} INFO - Started process (PID=1674) to work on /home/airflow/.local/lib/python3.12/site-packages/airflow/example_dags/example_complex.py
[2024-09-04T21:13:09.067+0000] {processor.py:914} INFO - Processing file /home/airflow/.local/lib/python3.12/site-packages/airflow/example_dags/example_complex.py for tasks to queue
[2024-09-04T21:13:09.069+0000] {logging_mixin.py:190} INFO - [2024-09-04T21:13:09.069+0000] {dagbag.py:587} INFO - Filling up the DagBag from /home/airflow/.local/lib/python3.12/site-packages/airflow/example_dags/example_complex.py
[2024-09-04T21:13:09.080+0000] {processor.py:925} INFO - DAG(s) 'example_complex' retrieved from /home/airflow/.local/lib/python3.12/site-packages/airflow/example_dags/example_complex.py
[2024-09-04T21:13:09.110+0000] {logging_mixin.py:190} INFO - [2024-09-04T21:13:09.110+0000] {dag.py:3211} INFO - Sync 1 DAGs
[2024-09-04T21:13:09.126+0000] {logging_mixin.py:190} INFO - [2024-09-04T21:13:09.126+0000] {dag.py:4138} INFO - Setting next_dagrun for example_complex to None, run_after=None
[2024-09-04T21:13:09.147+0000] {processor.py:208} INFO - Processing /home/airflow/.local/lib/python3.12/site-packages/airflow/example_dags/example_complex.py took 0.086 seconds
[2024-09-04T21:13:39.257+0000] {processor.py:186} INFO - Started process (PID=1737) to work on /home/airflow/.local/lib/python3.12/site-packages/airflow/example_dags/example_complex.py
[2024-09-04T21:13:39.258+0000] {processor.py:914} INFO - Processing file /home/airflow/.local/lib/python3.12/site-packages/airflow/example_dags/example_complex.py for tasks to queue
[2024-09-04T21:13:39.261+0000] {logging_mixin.py:190} INFO - [2024-09-04T21:13:39.261+0000] {dagbag.py:587} INFO - Filling up the DagBag from /home/airflow/.local/lib/python3.12/site-packages/airflow/example_dags/example_complex.py
[2024-09-04T21:13:39.273+0000] {processor.py:925} INFO - DAG(s) 'example_complex' retrieved from /home/airflow/.local/lib/python3.12/site-packages/airflow/example_dags/example_complex.py
[2024-09-04T21:13:39.304+0000] {logging_mixin.py:190} INFO - [2024-09-04T21:13:39.304+0000] {dag.py:3211} INFO - Sync 1 DAGs
[2024-09-04T21:13:39.317+0000] {logging_mixin.py:190} INFO - [2024-09-04T21:13:39.317+0000] {dag.py:4138} INFO - Setting next_dagrun for example_complex to None, run_after=None
[2024-09-04T21:13:39.339+0000] {processor.py:208} INFO - Processing /home/airflow/.local/lib/python3.12/site-packages/airflow/example_dags/example_complex.py took 0.087 seconds
[2024-09-04T21:14:09.995+0000] {processor.py:186} INFO - Started process (PID=1800) to work on /home/airflow/.local/lib/python3.12/site-packages/airflow/example_dags/example_complex.py
[2024-09-04T21:14:09.996+0000] {processor.py:914} INFO - Processing file /home/airflow/.local/lib/python3.12/site-packages/airflow/example_dags/example_complex.py for tasks to queue
[2024-09-04T21:14:09.999+0000] {logging_mixin.py:190} INFO - [2024-09-04T21:14:09.998+0000] {dagbag.py:587} INFO - Filling up the DagBag from /home/airflow/.local/lib/python3.12/site-packages/airflow/example_dags/example_complex.py
[2024-09-04T21:14:10.011+0000] {processor.py:925} INFO - DAG(s) 'example_complex' retrieved from /home/airflow/.local/lib/python3.12/site-packages/airflow/example_dags/example_complex.py
[2024-09-04T21:14:10.043+0000] {logging_mixin.py:190} INFO - [2024-09-04T21:14:10.042+0000] {dag.py:3211} INFO - Sync 1 DAGs
[2024-09-04T21:14:10.056+0000] {logging_mixin.py:190} INFO - [2024-09-04T21:14:10.056+0000] {dag.py:4138} INFO - Setting next_dagrun for example_complex to None, run_after=None
[2024-09-04T21:14:10.077+0000] {processor.py:208} INFO - Processing /home/airflow/.local/lib/python3.12/site-packages/airflow/example_dags/example_complex.py took 0.088 seconds
[2024-09-04T21:14:40.838+0000] {processor.py:186} INFO - Started process (PID=1863) to work on /home/airflow/.local/lib/python3.12/site-packages/airflow/example_dags/example_complex.py
[2024-09-04T21:14:40.839+0000] {processor.py:914} INFO - Processing file /home/airflow/.local/lib/python3.12/site-packages/airflow/example_dags/example_complex.py for tasks to queue
[2024-09-04T21:14:40.842+0000] {logging_mixin.py:190} INFO - [2024-09-04T21:14:40.842+0000] {dagbag.py:587} INFO - Filling up the DagBag from /home/airflow/.local/lib/python3.12/site-packages/airflow/example_dags/example_complex.py
[2024-09-04T21:14:40.856+0000] {processor.py:925} INFO - DAG(s) 'example_complex' retrieved from /home/airflow/.local/lib/python3.12/site-packages/airflow/example_dags/example_complex.py
[2024-09-04T21:14:40.890+0000] {logging_mixin.py:190} INFO - [2024-09-04T21:14:40.889+0000] {dag.py:3211} INFO - Sync 1 DAGs
[2024-09-04T21:14:40.908+0000] {logging_mixin.py:190} INFO - [2024-09-04T21:14:40.908+0000] {dag.py:4138} INFO - Setting next_dagrun for example_complex to None, run_after=None
[2024-09-04T21:14:40.932+0000] {processor.py:208} INFO - Processing /home/airflow/.local/lib/python3.12/site-packages/airflow/example_dags/example_complex.py took 0.101 seconds
[2024-09-04T21:15:11.975+0000] {processor.py:186} INFO - Started process (PID=1926) to work on /home/airflow/.local/lib/python3.12/site-packages/airflow/example_dags/example_complex.py
[2024-09-04T21:15:11.977+0000] {processor.py:914} INFO - Processing file /home/airflow/.local/lib/python3.12/site-packages/airflow/example_dags/example_complex.py for tasks to queue
[2024-09-04T21:15:11.982+0000] {logging_mixin.py:190} INFO - [2024-09-04T21:15:11.982+0000] {dagbag.py:587} INFO - Filling up the DagBag from /home/airflow/.local/lib/python3.12/site-packages/airflow/example_dags/example_complex.py
[2024-09-04T21:15:12.008+0000] {processor.py:925} INFO - DAG(s) 'example_complex' retrieved from /home/airflow/.local/lib/python3.12/site-packages/airflow/example_dags/example_complex.py
[2024-09-04T21:15:12.074+0000] {logging_mixin.py:190} INFO - [2024-09-04T21:15:12.073+0000] {dag.py:3211} INFO - Sync 1 DAGs
[2024-09-04T21:15:12.104+0000] {logging_mixin.py:190} INFO - [2024-09-04T21:15:12.104+0000] {dag.py:4138} INFO - Setting next_dagrun for example_complex to None, run_after=None
[2024-09-04T21:15:12.136+0000] {processor.py:208} INFO - Processing /home/airflow/.local/lib/python3.12/site-packages/airflow/example_dags/example_complex.py took 0.170 seconds
[2024-09-04T21:15:42.413+0000] {processor.py:186} INFO - Started process (PID=1989) to work on /home/airflow/.local/lib/python3.12/site-packages/airflow/example_dags/example_complex.py
[2024-09-04T21:15:42.415+0000] {processor.py:914} INFO - Processing file /home/airflow/.local/lib/python3.12/site-packages/airflow/example_dags/example_complex.py for tasks to queue
[2024-09-04T21:15:42.419+0000] {logging_mixin.py:190} INFO - [2024-09-04T21:15:42.419+0000] {dagbag.py:587} INFO - Filling up the DagBag from /home/airflow/.local/lib/python3.12/site-packages/airflow/example_dags/example_complex.py
[2024-09-04T21:15:42.446+0000] {processor.py:925} INFO - DAG(s) 'example_complex' retrieved from /home/airflow/.local/lib/python3.12/site-packages/airflow/example_dags/example_complex.py
[2024-09-04T21:15:42.512+0000] {logging_mixin.py:190} INFO - [2024-09-04T21:15:42.512+0000] {dag.py:3211} INFO - Sync 1 DAGs
[2024-09-04T21:15:42.561+0000] {logging_mixin.py:190} INFO - [2024-09-04T21:15:42.561+0000] {dag.py:4138} INFO - Setting next_dagrun for example_complex to None, run_after=None
[2024-09-04T21:15:42.600+0000] {processor.py:208} INFO - Processing /home/airflow/.local/lib/python3.12/site-packages/airflow/example_dags/example_complex.py took 0.198 seconds
[2024-09-04T21:16:13.172+0000] {processor.py:186} INFO - Started process (PID=2053) to work on /home/airflow/.local/lib/python3.12/site-packages/airflow/example_dags/example_complex.py
[2024-09-04T21:16:13.174+0000] {processor.py:914} INFO - Processing file /home/airflow/.local/lib/python3.12/site-packages/airflow/example_dags/example_complex.py for tasks to queue
[2024-09-04T21:16:13.176+0000] {logging_mixin.py:190} INFO - [2024-09-04T21:16:13.176+0000] {dagbag.py:587} INFO - Filling up the DagBag from /home/airflow/.local/lib/python3.12/site-packages/airflow/example_dags/example_complex.py
[2024-09-04T21:16:13.188+0000] {processor.py:925} INFO - DAG(s) 'example_complex' retrieved from /home/airflow/.local/lib/python3.12/site-packages/airflow/example_dags/example_complex.py
[2024-09-04T21:16:13.220+0000] {logging_mixin.py:190} INFO - [2024-09-04T21:16:13.220+0000] {dag.py:3211} INFO - Sync 1 DAGs
[2024-09-04T21:16:13.234+0000] {logging_mixin.py:190} INFO - [2024-09-04T21:16:13.234+0000] {dag.py:4138} INFO - Setting next_dagrun for example_complex to None, run_after=None
[2024-09-04T21:16:13.254+0000] {processor.py:208} INFO - Processing /home/airflow/.local/lib/python3.12/site-packages/airflow/example_dags/example_complex.py took 0.087 seconds
[2024-09-04T21:16:43.661+0000] {processor.py:186} INFO - Started process (PID=2116) to work on /home/airflow/.local/lib/python3.12/site-packages/airflow/example_dags/example_complex.py
[2024-09-04T21:16:43.663+0000] {processor.py:914} INFO - Processing file /home/airflow/.local/lib/python3.12/site-packages/airflow/example_dags/example_complex.py for tasks to queue
[2024-09-04T21:16:43.665+0000] {logging_mixin.py:190} INFO - [2024-09-04T21:16:43.665+0000] {dagbag.py:587} INFO - Filling up the DagBag from /home/airflow/.local/lib/python3.12/site-packages/airflow/example_dags/example_complex.py
[2024-09-04T21:16:43.676+0000] {processor.py:925} INFO - DAG(s) 'example_complex' retrieved from /home/airflow/.local/lib/python3.12/site-packages/airflow/example_dags/example_complex.py
[2024-09-04T21:16:43.712+0000] {logging_mixin.py:190} INFO - [2024-09-04T21:16:43.712+0000] {dag.py:3211} INFO - Sync 1 DAGs
[2024-09-04T21:16:43.727+0000] {logging_mixin.py:190} INFO - [2024-09-04T21:16:43.727+0000] {dag.py:4138} INFO - Setting next_dagrun for example_complex to None, run_after=None
[2024-09-04T21:16:43.749+0000] {processor.py:208} INFO - Processing /home/airflow/.local/lib/python3.12/site-packages/airflow/example_dags/example_complex.py took 0.092 seconds
[2024-09-04T21:17:14.559+0000] {processor.py:186} INFO - Started process (PID=2179) to work on /home/airflow/.local/lib/python3.12/site-packages/airflow/example_dags/example_complex.py
[2024-09-04T21:17:14.561+0000] {processor.py:914} INFO - Processing file /home/airflow/.local/lib/python3.12/site-packages/airflow/example_dags/example_complex.py for tasks to queue
[2024-09-04T21:17:14.568+0000] {logging_mixin.py:190} INFO - [2024-09-04T21:17:14.567+0000] {dagbag.py:587} INFO - Filling up the DagBag from /home/airflow/.local/lib/python3.12/site-packages/airflow/example_dags/example_complex.py
[2024-09-04T21:17:14.599+0000] {processor.py:925} INFO - DAG(s) 'example_complex' retrieved from /home/airflow/.local/lib/python3.12/site-packages/airflow/example_dags/example_complex.py
[2024-09-04T21:17:14.659+0000] {logging_mixin.py:190} INFO - [2024-09-04T21:17:14.659+0000] {dag.py:3211} INFO - Sync 1 DAGs
[2024-09-04T21:17:14.689+0000] {logging_mixin.py:190} INFO - [2024-09-04T21:17:14.689+0000] {dag.py:4138} INFO - Setting next_dagrun for example_complex to None, run_after=None
[2024-09-04T21:17:14.726+0000] {processor.py:208} INFO - Processing /home/airflow/.local/lib/python3.12/site-packages/airflow/example_dags/example_complex.py took 0.178 seconds
[2024-09-04T21:17:45.411+0000] {processor.py:186} INFO - Started process (PID=2242) to work on /home/airflow/.local/lib/python3.12/site-packages/airflow/example_dags/example_complex.py
[2024-09-04T21:17:45.412+0000] {processor.py:914} INFO - Processing file /home/airflow/.local/lib/python3.12/site-packages/airflow/example_dags/example_complex.py for tasks to queue
[2024-09-04T21:17:45.415+0000] {logging_mixin.py:190} INFO - [2024-09-04T21:17:45.414+0000] {dagbag.py:587} INFO - Filling up the DagBag from /home/airflow/.local/lib/python3.12/site-packages/airflow/example_dags/example_complex.py
[2024-09-04T21:17:45.427+0000] {processor.py:925} INFO - DAG(s) 'example_complex' retrieved from /home/airflow/.local/lib/python3.12/site-packages/airflow/example_dags/example_complex.py
[2024-09-04T21:17:45.458+0000] {logging_mixin.py:190} INFO - [2024-09-04T21:17:45.458+0000] {dag.py:3211} INFO - Sync 1 DAGs
[2024-09-04T21:17:45.471+0000] {logging_mixin.py:190} INFO - [2024-09-04T21:17:45.471+0000] {dag.py:4138} INFO - Setting next_dagrun for example_complex to None, run_after=None
[2024-09-04T21:17:45.492+0000] {processor.py:208} INFO - Processing /home/airflow/.local/lib/python3.12/site-packages/airflow/example_dags/example_complex.py took 0.086 seconds
[2024-09-04T21:18:15.622+0000] {processor.py:186} INFO - Started process (PID=2305) to work on /home/airflow/.local/lib/python3.12/site-packages/airflow/example_dags/example_complex.py
[2024-09-04T21:18:15.623+0000] {processor.py:914} INFO - Processing file /home/airflow/.local/lib/python3.12/site-packages/airflow/example_dags/example_complex.py for tasks to queue
[2024-09-04T21:18:15.626+0000] {logging_mixin.py:190} INFO - [2024-09-04T21:18:15.626+0000] {dagbag.py:587} INFO - Filling up the DagBag from /home/airflow/.local/lib/python3.12/site-packages/airflow/example_dags/example_complex.py
[2024-09-04T21:18:15.640+0000] {processor.py:925} INFO - DAG(s) 'example_complex' retrieved from /home/airflow/.local/lib/python3.12/site-packages/airflow/example_dags/example_complex.py
[2024-09-04T21:18:15.674+0000] {logging_mixin.py:190} INFO - [2024-09-04T21:18:15.674+0000] {dag.py:3211} INFO - Sync 1 DAGs
[2024-09-04T21:18:15.688+0000] {logging_mixin.py:190} INFO - [2024-09-04T21:18:15.688+0000] {dag.py:4138} INFO - Setting next_dagrun for example_complex to None, run_after=None
[2024-09-04T21:18:15.710+0000] {processor.py:208} INFO - Processing /home/airflow/.local/lib/python3.12/site-packages/airflow/example_dags/example_complex.py took 0.094 seconds
[2024-09-04T21:18:46.267+0000] {processor.py:186} INFO - Started process (PID=2368) to work on /home/airflow/.local/lib/python3.12/site-packages/airflow/example_dags/example_complex.py
[2024-09-04T21:18:46.268+0000] {processor.py:914} INFO - Processing file /home/airflow/.local/lib/python3.12/site-packages/airflow/example_dags/example_complex.py for tasks to queue
[2024-09-04T21:18:46.271+0000] {logging_mixin.py:190} INFO - [2024-09-04T21:18:46.271+0000] {dagbag.py:587} INFO - Filling up the DagBag from /home/airflow/.local/lib/python3.12/site-packages/airflow/example_dags/example_complex.py
[2024-09-04T21:18:46.284+0000] {processor.py:925} INFO - DAG(s) 'example_complex' retrieved from /home/airflow/.local/lib/python3.12/site-packages/airflow/example_dags/example_complex.py
[2024-09-04T21:18:46.318+0000] {logging_mixin.py:190} INFO - [2024-09-04T21:18:46.318+0000] {dag.py:3211} INFO - Sync 1 DAGs
[2024-09-04T21:18:46.332+0000] {logging_mixin.py:190} INFO - [2024-09-04T21:18:46.332+0000] {dag.py:4138} INFO - Setting next_dagrun for example_complex to None, run_after=None
[2024-09-04T21:18:46.353+0000] {processor.py:208} INFO - Processing /home/airflow/.local/lib/python3.12/site-packages/airflow/example_dags/example_complex.py took 0.092 seconds
