[2024-09-04T20:52:19.183+0000] {processor.py:186} INFO - Started process (PID=67) to work on /home/airflow/.local/lib/python3.12/site-packages/airflow/example_dags/example_setup_teardown.py
[2024-09-04T20:52:19.381+0000] {processor.py:914} INFO - Processing file /home/airflow/.local/lib/python3.12/site-packages/airflow/example_dags/example_setup_teardown.py for tasks to queue
[2024-09-04T20:52:19.526+0000] {logging_mixin.py:190} INFO - [2024-09-04T20:52:19.526+0000] {dagbag.py:587} INFO - Filling up the DagBag from /home/airflow/.local/lib/python3.12/site-packages/airflow/example_dags/example_setup_teardown.py
[2024-09-04T20:52:19.827+0000] {processor.py:925} INFO - DAG(s) 'example_setup_teardown' retrieved from /home/airflow/.local/lib/python3.12/site-packages/airflow/example_dags/example_setup_teardown.py
[2024-09-04T20:52:22.745+0000] {logging_mixin.py:190} INFO - [2024-09-04T20:52:22.743+0000] {override.py:1858} INFO - Created Permission View: can delete on DAG:example_setup_teardown
[2024-09-04T20:52:22.798+0000] {logging_mixin.py:190} INFO - [2024-09-04T20:52:22.797+0000] {override.py:1858} INFO - Created Permission View: can edit on DAG:example_setup_teardown
[2024-09-04T20:52:22.817+0000] {logging_mixin.py:190} INFO - [2024-09-04T20:52:22.816+0000] {override.py:1858} INFO - Created Permission View: can read on DAG:example_setup_teardown
[2024-09-04T20:52:22.819+0000] {logging_mixin.py:190} INFO - [2024-09-04T20:52:22.818+0000] {dag.py:3211} INFO - Sync 1 DAGs
[2024-09-04T20:52:22.933+0000] {logging_mixin.py:190} INFO - [2024-09-04T20:52:22.932+0000] {dag.py:3234} INFO - Creating ORM DAG for example_setup_teardown
[2024-09-04T20:52:23.021+0000] {logging_mixin.py:190} INFO - [2024-09-04T20:52:23.021+0000] {dag.py:4138} INFO - Setting next_dagrun for example_setup_teardown to 2024-09-03 00:00:00+00:00, run_after=2024-09-04 00:00:00+00:00
[2024-09-04T20:52:23.147+0000] {processor.py:208} INFO - Processing /home/airflow/.local/lib/python3.12/site-packages/airflow/example_dags/example_setup_teardown.py took 4.218 seconds
[2024-09-04T21:00:09.688+0000] {processor.py:186} INFO - Started process (PID=68) to work on /home/airflow/.local/lib/python3.12/site-packages/airflow/example_dags/example_setup_teardown.py
[2024-09-04T21:00:09.694+0000] {processor.py:914} INFO - Processing file /home/airflow/.local/lib/python3.12/site-packages/airflow/example_dags/example_setup_teardown.py for tasks to queue
[2024-09-04T21:00:09.704+0000] {logging_mixin.py:190} INFO - [2024-09-04T21:00:09.704+0000] {dagbag.py:587} INFO - Filling up the DagBag from /home/airflow/.local/lib/python3.12/site-packages/airflow/example_dags/example_setup_teardown.py
[2024-09-04T21:00:09.855+0000] {processor.py:925} INFO - DAG(s) 'example_setup_teardown' retrieved from /home/airflow/.local/lib/python3.12/site-packages/airflow/example_dags/example_setup_teardown.py
[2024-09-04T21:00:10.104+0000] {logging_mixin.py:190} INFO - [2024-09-04T21:00:10.104+0000] {dag.py:3211} INFO - Sync 1 DAGs
[2024-09-04T21:00:10.218+0000] {logging_mixin.py:190} INFO - [2024-09-04T21:00:10.217+0000] {dag.py:4138} INFO - Setting next_dagrun for example_setup_teardown to 2024-09-03 00:00:00+00:00, run_after=2024-09-04 00:00:00+00:00
[2024-09-04T21:00:10.305+0000] {processor.py:208} INFO - Processing /home/airflow/.local/lib/python3.12/site-packages/airflow/example_dags/example_setup_teardown.py took 0.640 seconds
[2024-09-04T21:00:40.584+0000] {processor.py:186} INFO - Started process (PID=130) to work on /home/airflow/.local/lib/python3.12/site-packages/airflow/example_dags/example_setup_teardown.py
[2024-09-04T21:00:40.586+0000] {processor.py:914} INFO - Processing file /home/airflow/.local/lib/python3.12/site-packages/airflow/example_dags/example_setup_teardown.py for tasks to queue
[2024-09-04T21:00:40.588+0000] {logging_mixin.py:190} INFO - [2024-09-04T21:00:40.588+0000] {dagbag.py:587} INFO - Filling up the DagBag from /home/airflow/.local/lib/python3.12/site-packages/airflow/example_dags/example_setup_teardown.py
[2024-09-04T21:00:40.596+0000] {processor.py:925} INFO - DAG(s) 'example_setup_teardown' retrieved from /home/airflow/.local/lib/python3.12/site-packages/airflow/example_dags/example_setup_teardown.py
[2024-09-04T21:00:40.619+0000] {logging_mixin.py:190} INFO - [2024-09-04T21:00:40.619+0000] {dag.py:3211} INFO - Sync 1 DAGs
[2024-09-04T21:00:40.638+0000] {logging_mixin.py:190} INFO - [2024-09-04T21:00:40.638+0000] {dag.py:4138} INFO - Setting next_dagrun for example_setup_teardown to 2024-09-03 00:00:00+00:00, run_after=2024-09-04 00:00:00+00:00
[2024-09-04T21:00:40.666+0000] {processor.py:208} INFO - Processing /home/airflow/.local/lib/python3.12/site-packages/airflow/example_dags/example_setup_teardown.py took 0.088 seconds
[2024-09-04T21:01:11.573+0000] {processor.py:186} INFO - Started process (PID=192) to work on /home/airflow/.local/lib/python3.12/site-packages/airflow/example_dags/example_setup_teardown.py
[2024-09-04T21:01:11.575+0000] {processor.py:914} INFO - Processing file /home/airflow/.local/lib/python3.12/site-packages/airflow/example_dags/example_setup_teardown.py for tasks to queue
[2024-09-04T21:01:11.578+0000] {logging_mixin.py:190} INFO - [2024-09-04T21:01:11.578+0000] {dagbag.py:587} INFO - Filling up the DagBag from /home/airflow/.local/lib/python3.12/site-packages/airflow/example_dags/example_setup_teardown.py
[2024-09-04T21:01:11.587+0000] {processor.py:925} INFO - DAG(s) 'example_setup_teardown' retrieved from /home/airflow/.local/lib/python3.12/site-packages/airflow/example_dags/example_setup_teardown.py
[2024-09-04T21:01:11.612+0000] {logging_mixin.py:190} INFO - [2024-09-04T21:01:11.612+0000] {dag.py:3211} INFO - Sync 1 DAGs
[2024-09-04T21:01:11.637+0000] {logging_mixin.py:190} INFO - [2024-09-04T21:01:11.637+0000] {dag.py:4138} INFO - Setting next_dagrun for example_setup_teardown to 2024-09-03 00:00:00+00:00, run_after=2024-09-04 00:00:00+00:00
[2024-09-04T21:01:11.667+0000] {processor.py:208} INFO - Processing /home/airflow/.local/lib/python3.12/site-packages/airflow/example_dags/example_setup_teardown.py took 0.101 seconds
[2024-09-04T21:01:41.713+0000] {processor.py:186} INFO - Started process (PID=254) to work on /home/airflow/.local/lib/python3.12/site-packages/airflow/example_dags/example_setup_teardown.py
[2024-09-04T21:01:41.714+0000] {processor.py:914} INFO - Processing file /home/airflow/.local/lib/python3.12/site-packages/airflow/example_dags/example_setup_teardown.py for tasks to queue
[2024-09-04T21:01:41.717+0000] {logging_mixin.py:190} INFO - [2024-09-04T21:01:41.716+0000] {dagbag.py:587} INFO - Filling up the DagBag from /home/airflow/.local/lib/python3.12/site-packages/airflow/example_dags/example_setup_teardown.py
[2024-09-04T21:01:41.724+0000] {processor.py:925} INFO - DAG(s) 'example_setup_teardown' retrieved from /home/airflow/.local/lib/python3.12/site-packages/airflow/example_dags/example_setup_teardown.py
[2024-09-04T21:01:41.744+0000] {logging_mixin.py:190} INFO - [2024-09-04T21:01:41.744+0000] {dag.py:3211} INFO - Sync 1 DAGs
[2024-09-04T21:01:41.763+0000] {logging_mixin.py:190} INFO - [2024-09-04T21:01:41.763+0000] {dag.py:4138} INFO - Setting next_dagrun for example_setup_teardown to 2024-09-03 00:00:00+00:00, run_after=2024-09-04 00:00:00+00:00
[2024-09-04T21:01:41.786+0000] {processor.py:208} INFO - Processing /home/airflow/.local/lib/python3.12/site-packages/airflow/example_dags/example_setup_teardown.py took 0.078 seconds
[2024-09-04T21:02:12.747+0000] {processor.py:186} INFO - Started process (PID=317) to work on /home/airflow/.local/lib/python3.12/site-packages/airflow/example_dags/example_setup_teardown.py
[2024-09-04T21:02:12.748+0000] {processor.py:914} INFO - Processing file /home/airflow/.local/lib/python3.12/site-packages/airflow/example_dags/example_setup_teardown.py for tasks to queue
[2024-09-04T21:02:12.751+0000] {logging_mixin.py:190} INFO - [2024-09-04T21:02:12.751+0000] {dagbag.py:587} INFO - Filling up the DagBag from /home/airflow/.local/lib/python3.12/site-packages/airflow/example_dags/example_setup_teardown.py
[2024-09-04T21:02:12.759+0000] {processor.py:925} INFO - DAG(s) 'example_setup_teardown' retrieved from /home/airflow/.local/lib/python3.12/site-packages/airflow/example_dags/example_setup_teardown.py
[2024-09-04T21:02:12.782+0000] {logging_mixin.py:190} INFO - [2024-09-04T21:02:12.782+0000] {dag.py:3211} INFO - Sync 1 DAGs
[2024-09-04T21:02:12.807+0000] {logging_mixin.py:190} INFO - [2024-09-04T21:02:12.806+0000] {dag.py:4138} INFO - Setting next_dagrun for example_setup_teardown to 2024-09-03 00:00:00+00:00, run_after=2024-09-04 00:00:00+00:00
[2024-09-04T21:02:12.834+0000] {processor.py:208} INFO - Processing /home/airflow/.local/lib/python3.12/site-packages/airflow/example_dags/example_setup_teardown.py took 0.093 seconds
[2024-09-04T21:02:43.575+0000] {processor.py:186} INFO - Started process (PID=379) to work on /home/airflow/.local/lib/python3.12/site-packages/airflow/example_dags/example_setup_teardown.py
[2024-09-04T21:02:43.576+0000] {processor.py:914} INFO - Processing file /home/airflow/.local/lib/python3.12/site-packages/airflow/example_dags/example_setup_teardown.py for tasks to queue
[2024-09-04T21:02:43.579+0000] {logging_mixin.py:190} INFO - [2024-09-04T21:02:43.578+0000] {dagbag.py:587} INFO - Filling up the DagBag from /home/airflow/.local/lib/python3.12/site-packages/airflow/example_dags/example_setup_teardown.py
[2024-09-04T21:02:43.586+0000] {processor.py:925} INFO - DAG(s) 'example_setup_teardown' retrieved from /home/airflow/.local/lib/python3.12/site-packages/airflow/example_dags/example_setup_teardown.py
[2024-09-04T21:02:43.607+0000] {logging_mixin.py:190} INFO - [2024-09-04T21:02:43.607+0000] {dag.py:3211} INFO - Sync 1 DAGs
[2024-09-04T21:02:43.627+0000] {logging_mixin.py:190} INFO - [2024-09-04T21:02:43.627+0000] {dag.py:4138} INFO - Setting next_dagrun for example_setup_teardown to 2024-09-03 00:00:00+00:00, run_after=2024-09-04 00:00:00+00:00
[2024-09-04T21:02:43.652+0000] {processor.py:208} INFO - Processing /home/airflow/.local/lib/python3.12/site-packages/airflow/example_dags/example_setup_teardown.py took 0.082 seconds
[2024-09-04T21:03:14.158+0000] {processor.py:186} INFO - Started process (PID=441) to work on /home/airflow/.local/lib/python3.12/site-packages/airflow/example_dags/example_setup_teardown.py
[2024-09-04T21:03:14.159+0000] {processor.py:914} INFO - Processing file /home/airflow/.local/lib/python3.12/site-packages/airflow/example_dags/example_setup_teardown.py for tasks to queue
[2024-09-04T21:03:14.162+0000] {logging_mixin.py:190} INFO - [2024-09-04T21:03:14.162+0000] {dagbag.py:587} INFO - Filling up the DagBag from /home/airflow/.local/lib/python3.12/site-packages/airflow/example_dags/example_setup_teardown.py
[2024-09-04T21:03:14.172+0000] {processor.py:925} INFO - DAG(s) 'example_setup_teardown' retrieved from /home/airflow/.local/lib/python3.12/site-packages/airflow/example_dags/example_setup_teardown.py
[2024-09-04T21:03:14.200+0000] {logging_mixin.py:190} INFO - [2024-09-04T21:03:14.200+0000] {dag.py:3211} INFO - Sync 1 DAGs
[2024-09-04T21:03:14.232+0000] {logging_mixin.py:190} INFO - [2024-09-04T21:03:14.232+0000] {dag.py:4138} INFO - Setting next_dagrun for example_setup_teardown to 2024-09-03 00:00:00+00:00, run_after=2024-09-04 00:00:00+00:00
[2024-09-04T21:03:14.255+0000] {processor.py:208} INFO - Processing /home/airflow/.local/lib/python3.12/site-packages/airflow/example_dags/example_setup_teardown.py took 0.103 seconds
[2024-09-04T21:03:44.942+0000] {processor.py:186} INFO - Started process (PID=503) to work on /home/airflow/.local/lib/python3.12/site-packages/airflow/example_dags/example_setup_teardown.py
[2024-09-04T21:03:44.943+0000] {processor.py:914} INFO - Processing file /home/airflow/.local/lib/python3.12/site-packages/airflow/example_dags/example_setup_teardown.py for tasks to queue
[2024-09-04T21:03:44.945+0000] {logging_mixin.py:190} INFO - [2024-09-04T21:03:44.945+0000] {dagbag.py:587} INFO - Filling up the DagBag from /home/airflow/.local/lib/python3.12/site-packages/airflow/example_dags/example_setup_teardown.py
[2024-09-04T21:03:44.953+0000] {processor.py:925} INFO - DAG(s) 'example_setup_teardown' retrieved from /home/airflow/.local/lib/python3.12/site-packages/airflow/example_dags/example_setup_teardown.py
[2024-09-04T21:03:44.973+0000] {logging_mixin.py:190} INFO - [2024-09-04T21:03:44.972+0000] {dag.py:3211} INFO - Sync 1 DAGs
[2024-09-04T21:03:44.995+0000] {logging_mixin.py:190} INFO - [2024-09-04T21:03:44.994+0000] {dag.py:4138} INFO - Setting next_dagrun for example_setup_teardown to 2024-09-03 00:00:00+00:00, run_after=2024-09-04 00:00:00+00:00
[2024-09-04T21:03:45.016+0000] {processor.py:208} INFO - Processing /home/airflow/.local/lib/python3.12/site-packages/airflow/example_dags/example_setup_teardown.py took 0.079 seconds
[2024-09-04T21:04:15.777+0000] {processor.py:186} INFO - Started process (PID=565) to work on /home/airflow/.local/lib/python3.12/site-packages/airflow/example_dags/example_setup_teardown.py
[2024-09-04T21:04:15.780+0000] {processor.py:914} INFO - Processing file /home/airflow/.local/lib/python3.12/site-packages/airflow/example_dags/example_setup_teardown.py for tasks to queue
[2024-09-04T21:04:15.788+0000] {logging_mixin.py:190} INFO - [2024-09-04T21:04:15.787+0000] {dagbag.py:587} INFO - Filling up the DagBag from /home/airflow/.local/lib/python3.12/site-packages/airflow/example_dags/example_setup_teardown.py
[2024-09-04T21:04:15.818+0000] {processor.py:925} INFO - DAG(s) 'example_setup_teardown' retrieved from /home/airflow/.local/lib/python3.12/site-packages/airflow/example_dags/example_setup_teardown.py
[2024-09-04T21:04:15.884+0000] {logging_mixin.py:190} INFO - [2024-09-04T21:04:15.883+0000] {dag.py:3211} INFO - Sync 1 DAGs
[2024-09-04T21:04:15.950+0000] {logging_mixin.py:190} INFO - [2024-09-04T21:04:15.950+0000] {dag.py:4138} INFO - Setting next_dagrun for example_setup_teardown to 2024-09-03 00:00:00+00:00, run_after=2024-09-04 00:00:00+00:00
[2024-09-04T21:04:16.000+0000] {processor.py:208} INFO - Processing /home/airflow/.local/lib/python3.12/site-packages/airflow/example_dags/example_setup_teardown.py took 0.240 seconds
[2024-09-04T21:04:46.738+0000] {processor.py:186} INFO - Started process (PID=627) to work on /home/airflow/.local/lib/python3.12/site-packages/airflow/example_dags/example_setup_teardown.py
[2024-09-04T21:04:46.739+0000] {processor.py:914} INFO - Processing file /home/airflow/.local/lib/python3.12/site-packages/airflow/example_dags/example_setup_teardown.py for tasks to queue
[2024-09-04T21:04:46.741+0000] {logging_mixin.py:190} INFO - [2024-09-04T21:04:46.741+0000] {dagbag.py:587} INFO - Filling up the DagBag from /home/airflow/.local/lib/python3.12/site-packages/airflow/example_dags/example_setup_teardown.py
[2024-09-04T21:04:46.749+0000] {processor.py:925} INFO - DAG(s) 'example_setup_teardown' retrieved from /home/airflow/.local/lib/python3.12/site-packages/airflow/example_dags/example_setup_teardown.py
[2024-09-04T21:04:46.769+0000] {logging_mixin.py:190} INFO - [2024-09-04T21:04:46.769+0000] {dag.py:3211} INFO - Sync 1 DAGs
[2024-09-04T21:04:46.789+0000] {logging_mixin.py:190} INFO - [2024-09-04T21:04:46.789+0000] {dag.py:4138} INFO - Setting next_dagrun for example_setup_teardown to 2024-09-03 00:00:00+00:00, run_after=2024-09-04 00:00:00+00:00
[2024-09-04T21:04:46.810+0000] {processor.py:208} INFO - Processing /home/airflow/.local/lib/python3.12/site-packages/airflow/example_dags/example_setup_teardown.py took 0.077 seconds
[2024-09-04T21:05:17.355+0000] {processor.py:186} INFO - Started process (PID=689) to work on /home/airflow/.local/lib/python3.12/site-packages/airflow/example_dags/example_setup_teardown.py
[2024-09-04T21:05:17.357+0000] {processor.py:914} INFO - Processing file /home/airflow/.local/lib/python3.12/site-packages/airflow/example_dags/example_setup_teardown.py for tasks to queue
[2024-09-04T21:05:17.360+0000] {logging_mixin.py:190} INFO - [2024-09-04T21:05:17.359+0000] {dagbag.py:587} INFO - Filling up the DagBag from /home/airflow/.local/lib/python3.12/site-packages/airflow/example_dags/example_setup_teardown.py
[2024-09-04T21:05:17.368+0000] {processor.py:925} INFO - DAG(s) 'example_setup_teardown' retrieved from /home/airflow/.local/lib/python3.12/site-packages/airflow/example_dags/example_setup_teardown.py
[2024-09-04T21:05:17.389+0000] {logging_mixin.py:190} INFO - [2024-09-04T21:05:17.388+0000] {dag.py:3211} INFO - Sync 1 DAGs
[2024-09-04T21:05:17.411+0000] {logging_mixin.py:190} INFO - [2024-09-04T21:05:17.411+0000] {dag.py:4138} INFO - Setting next_dagrun for example_setup_teardown to 2024-09-03 00:00:00+00:00, run_after=2024-09-04 00:00:00+00:00
[2024-09-04T21:05:17.430+0000] {processor.py:208} INFO - Processing /home/airflow/.local/lib/python3.12/site-packages/airflow/example_dags/example_setup_teardown.py took 0.079 seconds
[2024-09-04T21:05:48.230+0000] {processor.py:186} INFO - Started process (PID=751) to work on /home/airflow/.local/lib/python3.12/site-packages/airflow/example_dags/example_setup_teardown.py
[2024-09-04T21:05:48.231+0000] {processor.py:914} INFO - Processing file /home/airflow/.local/lib/python3.12/site-packages/airflow/example_dags/example_setup_teardown.py for tasks to queue
[2024-09-04T21:05:48.234+0000] {logging_mixin.py:190} INFO - [2024-09-04T21:05:48.234+0000] {dagbag.py:587} INFO - Filling up the DagBag from /home/airflow/.local/lib/python3.12/site-packages/airflow/example_dags/example_setup_teardown.py
[2024-09-04T21:05:48.242+0000] {processor.py:925} INFO - DAG(s) 'example_setup_teardown' retrieved from /home/airflow/.local/lib/python3.12/site-packages/airflow/example_dags/example_setup_teardown.py
[2024-09-04T21:05:48.261+0000] {logging_mixin.py:190} INFO - [2024-09-04T21:05:48.261+0000] {dag.py:3211} INFO - Sync 1 DAGs
[2024-09-04T21:05:48.281+0000] {logging_mixin.py:190} INFO - [2024-09-04T21:05:48.281+0000] {dag.py:4138} INFO - Setting next_dagrun for example_setup_teardown to 2024-09-03 00:00:00+00:00, run_after=2024-09-04 00:00:00+00:00
[2024-09-04T21:05:48.301+0000] {processor.py:208} INFO - Processing /home/airflow/.local/lib/python3.12/site-packages/airflow/example_dags/example_setup_teardown.py took 0.076 seconds
[2024-09-04T21:06:18.797+0000] {processor.py:186} INFO - Started process (PID=813) to work on /home/airflow/.local/lib/python3.12/site-packages/airflow/example_dags/example_setup_teardown.py
[2024-09-04T21:06:18.799+0000] {processor.py:914} INFO - Processing file /home/airflow/.local/lib/python3.12/site-packages/airflow/example_dags/example_setup_teardown.py for tasks to queue
[2024-09-04T21:06:18.802+0000] {logging_mixin.py:190} INFO - [2024-09-04T21:06:18.801+0000] {dagbag.py:587} INFO - Filling up the DagBag from /home/airflow/.local/lib/python3.12/site-packages/airflow/example_dags/example_setup_teardown.py
[2024-09-04T21:06:18.809+0000] {processor.py:925} INFO - DAG(s) 'example_setup_teardown' retrieved from /home/airflow/.local/lib/python3.12/site-packages/airflow/example_dags/example_setup_teardown.py
[2024-09-04T21:06:18.833+0000] {logging_mixin.py:190} INFO - [2024-09-04T21:06:18.832+0000] {dag.py:3211} INFO - Sync 1 DAGs
[2024-09-04T21:06:18.852+0000] {logging_mixin.py:190} INFO - [2024-09-04T21:06:18.852+0000] {dag.py:4138} INFO - Setting next_dagrun for example_setup_teardown to 2024-09-03 00:00:00+00:00, run_after=2024-09-04 00:00:00+00:00
[2024-09-04T21:06:18.871+0000] {processor.py:208} INFO - Processing /home/airflow/.local/lib/python3.12/site-packages/airflow/example_dags/example_setup_teardown.py took 0.079 seconds
[2024-09-04T21:06:49.626+0000] {processor.py:186} INFO - Started process (PID=874) to work on /home/airflow/.local/lib/python3.12/site-packages/airflow/example_dags/example_setup_teardown.py
[2024-09-04T21:06:49.627+0000] {processor.py:914} INFO - Processing file /home/airflow/.local/lib/python3.12/site-packages/airflow/example_dags/example_setup_teardown.py for tasks to queue
[2024-09-04T21:06:49.629+0000] {logging_mixin.py:190} INFO - [2024-09-04T21:06:49.629+0000] {dagbag.py:587} INFO - Filling up the DagBag from /home/airflow/.local/lib/python3.12/site-packages/airflow/example_dags/example_setup_teardown.py
[2024-09-04T21:06:49.637+0000] {processor.py:925} INFO - DAG(s) 'example_setup_teardown' retrieved from /home/airflow/.local/lib/python3.12/site-packages/airflow/example_dags/example_setup_teardown.py
[2024-09-04T21:06:49.658+0000] {logging_mixin.py:190} INFO - [2024-09-04T21:06:49.657+0000] {dag.py:3211} INFO - Sync 1 DAGs
[2024-09-04T21:06:49.678+0000] {logging_mixin.py:190} INFO - [2024-09-04T21:06:49.678+0000] {dag.py:4138} INFO - Setting next_dagrun for example_setup_teardown to 2024-09-03 00:00:00+00:00, run_after=2024-09-04 00:00:00+00:00
[2024-09-04T21:06:49.699+0000] {processor.py:208} INFO - Processing /home/airflow/.local/lib/python3.12/site-packages/airflow/example_dags/example_setup_teardown.py took 0.078 seconds
[2024-09-04T21:07:19.856+0000] {processor.py:186} INFO - Started process (PID=936) to work on /home/airflow/.local/lib/python3.12/site-packages/airflow/example_dags/example_setup_teardown.py
[2024-09-04T21:07:19.857+0000] {processor.py:914} INFO - Processing file /home/airflow/.local/lib/python3.12/site-packages/airflow/example_dags/example_setup_teardown.py for tasks to queue
[2024-09-04T21:07:19.860+0000] {logging_mixin.py:190} INFO - [2024-09-04T21:07:19.860+0000] {dagbag.py:587} INFO - Filling up the DagBag from /home/airflow/.local/lib/python3.12/site-packages/airflow/example_dags/example_setup_teardown.py
[2024-09-04T21:07:19.874+0000] {processor.py:925} INFO - DAG(s) 'example_setup_teardown' retrieved from /home/airflow/.local/lib/python3.12/site-packages/airflow/example_dags/example_setup_teardown.py
[2024-09-04T21:07:19.900+0000] {logging_mixin.py:190} INFO - [2024-09-04T21:07:19.900+0000] {dag.py:3211} INFO - Sync 1 DAGs
[2024-09-04T21:07:19.944+0000] {logging_mixin.py:190} INFO - [2024-09-04T21:07:19.944+0000] {dag.py:4138} INFO - Setting next_dagrun for example_setup_teardown to 2024-09-03 00:00:00+00:00, run_after=2024-09-04 00:00:00+00:00
[2024-09-04T21:07:19.965+0000] {processor.py:208} INFO - Processing /home/airflow/.local/lib/python3.12/site-packages/airflow/example_dags/example_setup_teardown.py took 0.116 seconds
[2024-09-04T21:07:50.073+0000] {processor.py:186} INFO - Started process (PID=998) to work on /home/airflow/.local/lib/python3.12/site-packages/airflow/example_dags/example_setup_teardown.py
[2024-09-04T21:07:50.075+0000] {processor.py:914} INFO - Processing file /home/airflow/.local/lib/python3.12/site-packages/airflow/example_dags/example_setup_teardown.py for tasks to queue
[2024-09-04T21:07:50.081+0000] {logging_mixin.py:190} INFO - [2024-09-04T21:07:50.079+0000] {dagbag.py:587} INFO - Filling up the DagBag from /home/airflow/.local/lib/python3.12/site-packages/airflow/example_dags/example_setup_teardown.py
[2024-09-04T21:07:50.092+0000] {processor.py:925} INFO - DAG(s) 'example_setup_teardown' retrieved from /home/airflow/.local/lib/python3.12/site-packages/airflow/example_dags/example_setup_teardown.py
[2024-09-04T21:07:50.123+0000] {logging_mixin.py:190} INFO - [2024-09-04T21:07:50.123+0000] {dag.py:3211} INFO - Sync 1 DAGs
[2024-09-04T21:07:50.157+0000] {logging_mixin.py:190} INFO - [2024-09-04T21:07:50.156+0000] {dag.py:4138} INFO - Setting next_dagrun for example_setup_teardown to 2024-09-03 00:00:00+00:00, run_after=2024-09-04 00:00:00+00:00
[2024-09-04T21:07:50.182+0000] {processor.py:208} INFO - Processing /home/airflow/.local/lib/python3.12/site-packages/airflow/example_dags/example_setup_teardown.py took 0.116 seconds
[2024-09-04T21:08:20.651+0000] {processor.py:186} INFO - Started process (PID=1061) to work on /home/airflow/.local/lib/python3.12/site-packages/airflow/example_dags/example_setup_teardown.py
[2024-09-04T21:08:20.652+0000] {processor.py:914} INFO - Processing file /home/airflow/.local/lib/python3.12/site-packages/airflow/example_dags/example_setup_teardown.py for tasks to queue
[2024-09-04T21:08:20.654+0000] {logging_mixin.py:190} INFO - [2024-09-04T21:08:20.654+0000] {dagbag.py:587} INFO - Filling up the DagBag from /home/airflow/.local/lib/python3.12/site-packages/airflow/example_dags/example_setup_teardown.py
[2024-09-04T21:08:20.661+0000] {processor.py:925} INFO - DAG(s) 'example_setup_teardown' retrieved from /home/airflow/.local/lib/python3.12/site-packages/airflow/example_dags/example_setup_teardown.py
[2024-09-04T21:08:20.681+0000] {logging_mixin.py:190} INFO - [2024-09-04T21:08:20.681+0000] {dag.py:3211} INFO - Sync 1 DAGs
[2024-09-04T21:08:20.699+0000] {logging_mixin.py:190} INFO - [2024-09-04T21:08:20.699+0000] {dag.py:4138} INFO - Setting next_dagrun for example_setup_teardown to 2024-09-03 00:00:00+00:00, run_after=2024-09-04 00:00:00+00:00
[2024-09-04T21:08:20.719+0000] {processor.py:208} INFO - Processing /home/airflow/.local/lib/python3.12/site-packages/airflow/example_dags/example_setup_teardown.py took 0.073 seconds
[2024-09-04T21:08:51.247+0000] {processor.py:186} INFO - Started process (PID=1123) to work on /home/airflow/.local/lib/python3.12/site-packages/airflow/example_dags/example_setup_teardown.py
[2024-09-04T21:08:51.248+0000] {processor.py:914} INFO - Processing file /home/airflow/.local/lib/python3.12/site-packages/airflow/example_dags/example_setup_teardown.py for tasks to queue
[2024-09-04T21:08:51.250+0000] {logging_mixin.py:190} INFO - [2024-09-04T21:08:51.250+0000] {dagbag.py:587} INFO - Filling up the DagBag from /home/airflow/.local/lib/python3.12/site-packages/airflow/example_dags/example_setup_teardown.py
[2024-09-04T21:08:51.257+0000] {processor.py:925} INFO - DAG(s) 'example_setup_teardown' retrieved from /home/airflow/.local/lib/python3.12/site-packages/airflow/example_dags/example_setup_teardown.py
[2024-09-04T21:08:51.273+0000] {logging_mixin.py:190} INFO - [2024-09-04T21:08:51.272+0000] {dag.py:3211} INFO - Sync 1 DAGs
[2024-09-04T21:08:51.292+0000] {logging_mixin.py:190} INFO - [2024-09-04T21:08:51.292+0000] {dag.py:4138} INFO - Setting next_dagrun for example_setup_teardown to 2024-09-03 00:00:00+00:00, run_after=2024-09-04 00:00:00+00:00
[2024-09-04T21:08:51.307+0000] {processor.py:208} INFO - Processing /home/airflow/.local/lib/python3.12/site-packages/airflow/example_dags/example_setup_teardown.py took 0.066 seconds
[2024-09-04T21:09:21.577+0000] {processor.py:186} INFO - Started process (PID=1185) to work on /home/airflow/.local/lib/python3.12/site-packages/airflow/example_dags/example_setup_teardown.py
[2024-09-04T21:09:21.578+0000] {processor.py:914} INFO - Processing file /home/airflow/.local/lib/python3.12/site-packages/airflow/example_dags/example_setup_teardown.py for tasks to queue
[2024-09-04T21:09:21.580+0000] {logging_mixin.py:190} INFO - [2024-09-04T21:09:21.580+0000] {dagbag.py:587} INFO - Filling up the DagBag from /home/airflow/.local/lib/python3.12/site-packages/airflow/example_dags/example_setup_teardown.py
[2024-09-04T21:09:21.587+0000] {processor.py:925} INFO - DAG(s) 'example_setup_teardown' retrieved from /home/airflow/.local/lib/python3.12/site-packages/airflow/example_dags/example_setup_teardown.py
[2024-09-04T21:09:21.607+0000] {logging_mixin.py:190} INFO - [2024-09-04T21:09:21.607+0000] {dag.py:3211} INFO - Sync 1 DAGs
[2024-09-04T21:09:21.626+0000] {logging_mixin.py:190} INFO - [2024-09-04T21:09:21.626+0000] {dag.py:4138} INFO - Setting next_dagrun for example_setup_teardown to 2024-09-03 00:00:00+00:00, run_after=2024-09-04 00:00:00+00:00
[2024-09-04T21:09:21.648+0000] {processor.py:208} INFO - Processing /home/airflow/.local/lib/python3.12/site-packages/airflow/example_dags/example_setup_teardown.py took 0.076 seconds
[2024-09-04T21:09:52.005+0000] {processor.py:186} INFO - Started process (PID=1247) to work on /home/airflow/.local/lib/python3.12/site-packages/airflow/example_dags/example_setup_teardown.py
[2024-09-04T21:09:52.006+0000] {processor.py:914} INFO - Processing file /home/airflow/.local/lib/python3.12/site-packages/airflow/example_dags/example_setup_teardown.py for tasks to queue
[2024-09-04T21:09:52.008+0000] {logging_mixin.py:190} INFO - [2024-09-04T21:09:52.008+0000] {dagbag.py:587} INFO - Filling up the DagBag from /home/airflow/.local/lib/python3.12/site-packages/airflow/example_dags/example_setup_teardown.py
[2024-09-04T21:09:52.015+0000] {processor.py:925} INFO - DAG(s) 'example_setup_teardown' retrieved from /home/airflow/.local/lib/python3.12/site-packages/airflow/example_dags/example_setup_teardown.py
[2024-09-04T21:09:52.036+0000] {logging_mixin.py:190} INFO - [2024-09-04T21:09:52.036+0000] {dag.py:3211} INFO - Sync 1 DAGs
[2024-09-04T21:09:52.055+0000] {logging_mixin.py:190} INFO - [2024-09-04T21:09:52.055+0000] {dag.py:4138} INFO - Setting next_dagrun for example_setup_teardown to 2024-09-03 00:00:00+00:00, run_after=2024-09-04 00:00:00+00:00
[2024-09-04T21:09:52.073+0000] {processor.py:208} INFO - Processing /home/airflow/.local/lib/python3.12/site-packages/airflow/example_dags/example_setup_teardown.py took 0.074 seconds
[2024-09-04T21:10:22.206+0000] {processor.py:186} INFO - Started process (PID=1310) to work on /home/airflow/.local/lib/python3.12/site-packages/airflow/example_dags/example_setup_teardown.py
[2024-09-04T21:10:22.208+0000] {processor.py:914} INFO - Processing file /home/airflow/.local/lib/python3.12/site-packages/airflow/example_dags/example_setup_teardown.py for tasks to queue
[2024-09-04T21:10:22.210+0000] {logging_mixin.py:190} INFO - [2024-09-04T21:10:22.210+0000] {dagbag.py:587} INFO - Filling up the DagBag from /home/airflow/.local/lib/python3.12/site-packages/airflow/example_dags/example_setup_teardown.py
[2024-09-04T21:10:22.218+0000] {processor.py:925} INFO - DAG(s) 'example_setup_teardown' retrieved from /home/airflow/.local/lib/python3.12/site-packages/airflow/example_dags/example_setup_teardown.py
[2024-09-04T21:10:22.239+0000] {logging_mixin.py:190} INFO - [2024-09-04T21:10:22.239+0000] {dag.py:3211} INFO - Sync 1 DAGs
[2024-09-04T21:10:22.261+0000] {logging_mixin.py:190} INFO - [2024-09-04T21:10:22.261+0000] {dag.py:4138} INFO - Setting next_dagrun for example_setup_teardown to 2024-09-03 00:00:00+00:00, run_after=2024-09-04 00:00:00+00:00
[2024-09-04T21:10:22.282+0000] {processor.py:208} INFO - Processing /home/airflow/.local/lib/python3.12/site-packages/airflow/example_dags/example_setup_teardown.py took 0.080 seconds
[2024-09-04T21:10:52.620+0000] {processor.py:186} INFO - Started process (PID=1373) to work on /home/airflow/.local/lib/python3.12/site-packages/airflow/example_dags/example_setup_teardown.py
[2024-09-04T21:10:52.621+0000] {processor.py:914} INFO - Processing file /home/airflow/.local/lib/python3.12/site-packages/airflow/example_dags/example_setup_teardown.py for tasks to queue
[2024-09-04T21:10:52.623+0000] {logging_mixin.py:190} INFO - [2024-09-04T21:10:52.623+0000] {dagbag.py:587} INFO - Filling up the DagBag from /home/airflow/.local/lib/python3.12/site-packages/airflow/example_dags/example_setup_teardown.py
[2024-09-04T21:10:52.636+0000] {processor.py:925} INFO - DAG(s) 'example_setup_teardown' retrieved from /home/airflow/.local/lib/python3.12/site-packages/airflow/example_dags/example_setup_teardown.py
[2024-09-04T21:10:52.677+0000] {logging_mixin.py:190} INFO - [2024-09-04T21:10:52.677+0000] {dag.py:3211} INFO - Sync 1 DAGs
[2024-09-04T21:10:52.711+0000] {logging_mixin.py:190} INFO - [2024-09-04T21:10:52.711+0000] {dag.py:4138} INFO - Setting next_dagrun for example_setup_teardown to 2024-09-03 00:00:00+00:00, run_after=2024-09-04 00:00:00+00:00
[2024-09-04T21:10:52.739+0000] {processor.py:208} INFO - Processing /home/airflow/.local/lib/python3.12/site-packages/airflow/example_dags/example_setup_teardown.py took 0.124 seconds
[2024-09-04T21:11:22.845+0000] {processor.py:186} INFO - Started process (PID=1436) to work on /home/airflow/.local/lib/python3.12/site-packages/airflow/example_dags/example_setup_teardown.py
[2024-09-04T21:11:22.846+0000] {processor.py:914} INFO - Processing file /home/airflow/.local/lib/python3.12/site-packages/airflow/example_dags/example_setup_teardown.py for tasks to queue
[2024-09-04T21:11:22.848+0000] {logging_mixin.py:190} INFO - [2024-09-04T21:11:22.848+0000] {dagbag.py:587} INFO - Filling up the DagBag from /home/airflow/.local/lib/python3.12/site-packages/airflow/example_dags/example_setup_teardown.py
[2024-09-04T21:11:22.856+0000] {processor.py:925} INFO - DAG(s) 'example_setup_teardown' retrieved from /home/airflow/.local/lib/python3.12/site-packages/airflow/example_dags/example_setup_teardown.py
[2024-09-04T21:11:22.878+0000] {logging_mixin.py:190} INFO - [2024-09-04T21:11:22.877+0000] {dag.py:3211} INFO - Sync 1 DAGs
[2024-09-04T21:11:22.899+0000] {logging_mixin.py:190} INFO - [2024-09-04T21:11:22.899+0000] {dag.py:4138} INFO - Setting next_dagrun for example_setup_teardown to 2024-09-03 00:00:00+00:00, run_after=2024-09-04 00:00:00+00:00
[2024-09-04T21:11:22.920+0000] {processor.py:208} INFO - Processing /home/airflow/.local/lib/python3.12/site-packages/airflow/example_dags/example_setup_teardown.py took 0.080 seconds
[2024-09-04T21:11:53.113+0000] {processor.py:186} INFO - Started process (PID=1499) to work on /home/airflow/.local/lib/python3.12/site-packages/airflow/example_dags/example_setup_teardown.py
[2024-09-04T21:11:53.114+0000] {processor.py:914} INFO - Processing file /home/airflow/.local/lib/python3.12/site-packages/airflow/example_dags/example_setup_teardown.py for tasks to queue
[2024-09-04T21:11:53.116+0000] {logging_mixin.py:190} INFO - [2024-09-04T21:11:53.116+0000] {dagbag.py:587} INFO - Filling up the DagBag from /home/airflow/.local/lib/python3.12/site-packages/airflow/example_dags/example_setup_teardown.py
[2024-09-04T21:11:53.125+0000] {processor.py:925} INFO - DAG(s) 'example_setup_teardown' retrieved from /home/airflow/.local/lib/python3.12/site-packages/airflow/example_dags/example_setup_teardown.py
[2024-09-04T21:11:53.146+0000] {logging_mixin.py:190} INFO - [2024-09-04T21:11:53.146+0000] {dag.py:3211} INFO - Sync 1 DAGs
[2024-09-04T21:11:53.166+0000] {logging_mixin.py:190} INFO - [2024-09-04T21:11:53.166+0000] {dag.py:4138} INFO - Setting next_dagrun for example_setup_teardown to 2024-09-03 00:00:00+00:00, run_after=2024-09-04 00:00:00+00:00
[2024-09-04T21:11:53.186+0000] {processor.py:208} INFO - Processing /home/airflow/.local/lib/python3.12/site-packages/airflow/example_dags/example_setup_teardown.py took 0.078 seconds
[2024-09-04T21:12:23.276+0000] {processor.py:186} INFO - Started process (PID=1562) to work on /home/airflow/.local/lib/python3.12/site-packages/airflow/example_dags/example_setup_teardown.py
[2024-09-04T21:12:23.277+0000] {processor.py:914} INFO - Processing file /home/airflow/.local/lib/python3.12/site-packages/airflow/example_dags/example_setup_teardown.py for tasks to queue
[2024-09-04T21:12:23.280+0000] {logging_mixin.py:190} INFO - [2024-09-04T21:12:23.279+0000] {dagbag.py:587} INFO - Filling up the DagBag from /home/airflow/.local/lib/python3.12/site-packages/airflow/example_dags/example_setup_teardown.py
[2024-09-04T21:12:23.289+0000] {processor.py:925} INFO - DAG(s) 'example_setup_teardown' retrieved from /home/airflow/.local/lib/python3.12/site-packages/airflow/example_dags/example_setup_teardown.py
[2024-09-04T21:12:23.310+0000] {logging_mixin.py:190} INFO - [2024-09-04T21:12:23.310+0000] {dag.py:3211} INFO - Sync 1 DAGs
[2024-09-04T21:12:23.335+0000] {logging_mixin.py:190} INFO - [2024-09-04T21:12:23.335+0000] {dag.py:4138} INFO - Setting next_dagrun for example_setup_teardown to 2024-09-03 00:00:00+00:00, run_after=2024-09-04 00:00:00+00:00
[2024-09-04T21:12:23.355+0000] {processor.py:208} INFO - Processing /home/airflow/.local/lib/python3.12/site-packages/airflow/example_dags/example_setup_teardown.py took 0.083 seconds
[2024-09-04T21:12:53.941+0000] {processor.py:186} INFO - Started process (PID=1626) to work on /home/airflow/.local/lib/python3.12/site-packages/airflow/example_dags/example_setup_teardown.py
[2024-09-04T21:12:53.942+0000] {processor.py:914} INFO - Processing file /home/airflow/.local/lib/python3.12/site-packages/airflow/example_dags/example_setup_teardown.py for tasks to queue
[2024-09-04T21:12:53.944+0000] {logging_mixin.py:190} INFO - [2024-09-04T21:12:53.944+0000] {dagbag.py:587} INFO - Filling up the DagBag from /home/airflow/.local/lib/python3.12/site-packages/airflow/example_dags/example_setup_teardown.py
[2024-09-04T21:12:53.952+0000] {processor.py:925} INFO - DAG(s) 'example_setup_teardown' retrieved from /home/airflow/.local/lib/python3.12/site-packages/airflow/example_dags/example_setup_teardown.py
[2024-09-04T21:12:53.972+0000] {logging_mixin.py:190} INFO - [2024-09-04T21:12:53.972+0000] {dag.py:3211} INFO - Sync 1 DAGs
[2024-09-04T21:12:53.993+0000] {logging_mixin.py:190} INFO - [2024-09-04T21:12:53.993+0000] {dag.py:4138} INFO - Setting next_dagrun for example_setup_teardown to 2024-09-03 00:00:00+00:00, run_after=2024-09-04 00:00:00+00:00
[2024-09-04T21:12:54.017+0000] {processor.py:208} INFO - Processing /home/airflow/.local/lib/python3.12/site-packages/airflow/example_dags/example_setup_teardown.py took 0.082 seconds
[2024-09-04T21:13:24.859+0000] {processor.py:186} INFO - Started process (PID=1689) to work on /home/airflow/.local/lib/python3.12/site-packages/airflow/example_dags/example_setup_teardown.py
[2024-09-04T21:13:24.861+0000] {processor.py:914} INFO - Processing file /home/airflow/.local/lib/python3.12/site-packages/airflow/example_dags/example_setup_teardown.py for tasks to queue
[2024-09-04T21:13:24.863+0000] {logging_mixin.py:190} INFO - [2024-09-04T21:13:24.862+0000] {dagbag.py:587} INFO - Filling up the DagBag from /home/airflow/.local/lib/python3.12/site-packages/airflow/example_dags/example_setup_teardown.py
[2024-09-04T21:13:24.871+0000] {processor.py:925} INFO - DAG(s) 'example_setup_teardown' retrieved from /home/airflow/.local/lib/python3.12/site-packages/airflow/example_dags/example_setup_teardown.py
[2024-09-04T21:13:24.892+0000] {logging_mixin.py:190} INFO - [2024-09-04T21:13:24.891+0000] {dag.py:3211} INFO - Sync 1 DAGs
[2024-09-04T21:13:24.913+0000] {logging_mixin.py:190} INFO - [2024-09-04T21:13:24.913+0000] {dag.py:4138} INFO - Setting next_dagrun for example_setup_teardown to 2024-09-03 00:00:00+00:00, run_after=2024-09-04 00:00:00+00:00
[2024-09-04T21:13:24.941+0000] {processor.py:208} INFO - Processing /home/airflow/.local/lib/python3.12/site-packages/airflow/example_dags/example_setup_teardown.py took 0.086 seconds
[2024-09-04T21:13:55.067+0000] {processor.py:186} INFO - Started process (PID=1752) to work on /home/airflow/.local/lib/python3.12/site-packages/airflow/example_dags/example_setup_teardown.py
[2024-09-04T21:13:55.068+0000] {processor.py:914} INFO - Processing file /home/airflow/.local/lib/python3.12/site-packages/airflow/example_dags/example_setup_teardown.py for tasks to queue
[2024-09-04T21:13:55.071+0000] {logging_mixin.py:190} INFO - [2024-09-04T21:13:55.070+0000] {dagbag.py:587} INFO - Filling up the DagBag from /home/airflow/.local/lib/python3.12/site-packages/airflow/example_dags/example_setup_teardown.py
[2024-09-04T21:13:55.079+0000] {processor.py:925} INFO - DAG(s) 'example_setup_teardown' retrieved from /home/airflow/.local/lib/python3.12/site-packages/airflow/example_dags/example_setup_teardown.py
[2024-09-04T21:13:55.101+0000] {logging_mixin.py:190} INFO - [2024-09-04T21:13:55.101+0000] {dag.py:3211} INFO - Sync 1 DAGs
[2024-09-04T21:13:55.121+0000] {logging_mixin.py:190} INFO - [2024-09-04T21:13:55.121+0000] {dag.py:4138} INFO - Setting next_dagrun for example_setup_teardown to 2024-09-03 00:00:00+00:00, run_after=2024-09-04 00:00:00+00:00
[2024-09-04T21:13:55.140+0000] {processor.py:208} INFO - Processing /home/airflow/.local/lib/python3.12/site-packages/airflow/example_dags/example_setup_teardown.py took 0.078 seconds
[2024-09-04T21:14:25.755+0000] {processor.py:186} INFO - Started process (PID=1821) to work on /home/airflow/.local/lib/python3.12/site-packages/airflow/example_dags/example_setup_teardown.py
[2024-09-04T21:14:25.756+0000] {processor.py:914} INFO - Processing file /home/airflow/.local/lib/python3.12/site-packages/airflow/example_dags/example_setup_teardown.py for tasks to queue
[2024-09-04T21:14:25.759+0000] {logging_mixin.py:190} INFO - [2024-09-04T21:14:25.759+0000] {dagbag.py:587} INFO - Filling up the DagBag from /home/airflow/.local/lib/python3.12/site-packages/airflow/example_dags/example_setup_teardown.py
[2024-09-04T21:14:25.769+0000] {processor.py:925} INFO - DAG(s) 'example_setup_teardown' retrieved from /home/airflow/.local/lib/python3.12/site-packages/airflow/example_dags/example_setup_teardown.py
[2024-09-04T21:14:25.790+0000] {logging_mixin.py:190} INFO - [2024-09-04T21:14:25.790+0000] {dag.py:3211} INFO - Sync 1 DAGs
[2024-09-04T21:14:25.814+0000] {logging_mixin.py:190} INFO - [2024-09-04T21:14:25.814+0000] {dag.py:4138} INFO - Setting next_dagrun for example_setup_teardown to 2024-09-03 00:00:00+00:00, run_after=2024-09-04 00:00:00+00:00
[2024-09-04T21:14:25.837+0000] {processor.py:208} INFO - Processing /home/airflow/.local/lib/python3.12/site-packages/airflow/example_dags/example_setup_teardown.py took 0.087 seconds
[2024-09-04T21:14:56.415+0000] {processor.py:186} INFO - Started process (PID=1884) to work on /home/airflow/.local/lib/python3.12/site-packages/airflow/example_dags/example_setup_teardown.py
[2024-09-04T21:14:56.417+0000] {processor.py:914} INFO - Processing file /home/airflow/.local/lib/python3.12/site-packages/airflow/example_dags/example_setup_teardown.py for tasks to queue
[2024-09-04T21:14:56.422+0000] {logging_mixin.py:190} INFO - [2024-09-04T21:14:56.422+0000] {dagbag.py:587} INFO - Filling up the DagBag from /home/airflow/.local/lib/python3.12/site-packages/airflow/example_dags/example_setup_teardown.py
[2024-09-04T21:14:56.443+0000] {processor.py:925} INFO - DAG(s) 'example_setup_teardown' retrieved from /home/airflow/.local/lib/python3.12/site-packages/airflow/example_dags/example_setup_teardown.py
[2024-09-04T21:14:56.532+0000] {logging_mixin.py:190} INFO - [2024-09-04T21:14:56.532+0000] {dag.py:3211} INFO - Sync 1 DAGs
[2024-09-04T21:14:56.628+0000] {logging_mixin.py:190} INFO - [2024-09-04T21:14:56.627+0000] {dag.py:4138} INFO - Setting next_dagrun for example_setup_teardown to 2024-09-03 00:00:00+00:00, run_after=2024-09-04 00:00:00+00:00
[2024-09-04T21:14:56.692+0000] {processor.py:208} INFO - Processing /home/airflow/.local/lib/python3.12/site-packages/airflow/example_dags/example_setup_teardown.py took 0.287 seconds
[2024-09-04T21:15:26.824+0000] {processor.py:186} INFO - Started process (PID=1947) to work on /home/airflow/.local/lib/python3.12/site-packages/airflow/example_dags/example_setup_teardown.py
[2024-09-04T21:15:26.825+0000] {processor.py:914} INFO - Processing file /home/airflow/.local/lib/python3.12/site-packages/airflow/example_dags/example_setup_teardown.py for tasks to queue
[2024-09-04T21:15:26.827+0000] {logging_mixin.py:190} INFO - [2024-09-04T21:15:26.827+0000] {dagbag.py:587} INFO - Filling up the DagBag from /home/airflow/.local/lib/python3.12/site-packages/airflow/example_dags/example_setup_teardown.py
[2024-09-04T21:15:26.837+0000] {processor.py:925} INFO - DAG(s) 'example_setup_teardown' retrieved from /home/airflow/.local/lib/python3.12/site-packages/airflow/example_dags/example_setup_teardown.py
[2024-09-04T21:15:26.859+0000] {logging_mixin.py:190} INFO - [2024-09-04T21:15:26.859+0000] {dag.py:3211} INFO - Sync 1 DAGs
[2024-09-04T21:15:26.880+0000] {logging_mixin.py:190} INFO - [2024-09-04T21:15:26.880+0000] {dag.py:4138} INFO - Setting next_dagrun for example_setup_teardown to 2024-09-03 00:00:00+00:00, run_after=2024-09-04 00:00:00+00:00
[2024-09-04T21:15:26.902+0000] {processor.py:208} INFO - Processing /home/airflow/.local/lib/python3.12/site-packages/airflow/example_dags/example_setup_teardown.py took 0.084 seconds
[2024-09-04T21:15:57.070+0000] {processor.py:186} INFO - Started process (PID=2011) to work on /home/airflow/.local/lib/python3.12/site-packages/airflow/example_dags/example_setup_teardown.py
[2024-09-04T21:15:57.071+0000] {processor.py:914} INFO - Processing file /home/airflow/.local/lib/python3.12/site-packages/airflow/example_dags/example_setup_teardown.py for tasks to queue
[2024-09-04T21:15:57.074+0000] {logging_mixin.py:190} INFO - [2024-09-04T21:15:57.074+0000] {dagbag.py:587} INFO - Filling up the DagBag from /home/airflow/.local/lib/python3.12/site-packages/airflow/example_dags/example_setup_teardown.py
[2024-09-04T21:15:57.086+0000] {processor.py:925} INFO - DAG(s) 'example_setup_teardown' retrieved from /home/airflow/.local/lib/python3.12/site-packages/airflow/example_dags/example_setup_teardown.py
[2024-09-04T21:15:57.107+0000] {logging_mixin.py:190} INFO - [2024-09-04T21:15:57.107+0000] {dag.py:3211} INFO - Sync 1 DAGs
[2024-09-04T21:15:57.128+0000] {logging_mixin.py:190} INFO - [2024-09-04T21:15:57.127+0000] {dag.py:4138} INFO - Setting next_dagrun for example_setup_teardown to 2024-09-03 00:00:00+00:00, run_after=2024-09-04 00:00:00+00:00
[2024-09-04T21:15:57.148+0000] {processor.py:208} INFO - Processing /home/airflow/.local/lib/python3.12/site-packages/airflow/example_dags/example_setup_teardown.py took 0.083 seconds
[2024-09-04T21:16:27.373+0000] {processor.py:186} INFO - Started process (PID=2074) to work on /home/airflow/.local/lib/python3.12/site-packages/airflow/example_dags/example_setup_teardown.py
[2024-09-04T21:16:27.375+0000] {processor.py:914} INFO - Processing file /home/airflow/.local/lib/python3.12/site-packages/airflow/example_dags/example_setup_teardown.py for tasks to queue
[2024-09-04T21:16:27.377+0000] {logging_mixin.py:190} INFO - [2024-09-04T21:16:27.377+0000] {dagbag.py:587} INFO - Filling up the DagBag from /home/airflow/.local/lib/python3.12/site-packages/airflow/example_dags/example_setup_teardown.py
[2024-09-04T21:16:27.387+0000] {processor.py:925} INFO - DAG(s) 'example_setup_teardown' retrieved from /home/airflow/.local/lib/python3.12/site-packages/airflow/example_dags/example_setup_teardown.py
[2024-09-04T21:16:27.407+0000] {logging_mixin.py:190} INFO - [2024-09-04T21:16:27.407+0000] {dag.py:3211} INFO - Sync 1 DAGs
[2024-09-04T21:16:27.428+0000] {logging_mixin.py:190} INFO - [2024-09-04T21:16:27.428+0000] {dag.py:4138} INFO - Setting next_dagrun for example_setup_teardown to 2024-09-03 00:00:00+00:00, run_after=2024-09-04 00:00:00+00:00
[2024-09-04T21:16:27.451+0000] {processor.py:208} INFO - Processing /home/airflow/.local/lib/python3.12/site-packages/airflow/example_dags/example_setup_teardown.py took 0.085 seconds
[2024-09-04T21:16:57.660+0000] {processor.py:186} INFO - Started process (PID=2137) to work on /home/airflow/.local/lib/python3.12/site-packages/airflow/example_dags/example_setup_teardown.py
[2024-09-04T21:16:57.662+0000] {processor.py:914} INFO - Processing file /home/airflow/.local/lib/python3.12/site-packages/airflow/example_dags/example_setup_teardown.py for tasks to queue
[2024-09-04T21:16:57.668+0000] {logging_mixin.py:190} INFO - [2024-09-04T21:16:57.666+0000] {dagbag.py:587} INFO - Filling up the DagBag from /home/airflow/.local/lib/python3.12/site-packages/airflow/example_dags/example_setup_teardown.py
[2024-09-04T21:16:57.685+0000] {processor.py:925} INFO - DAG(s) 'example_setup_teardown' retrieved from /home/airflow/.local/lib/python3.12/site-packages/airflow/example_dags/example_setup_teardown.py
[2024-09-04T21:16:57.717+0000] {logging_mixin.py:190} INFO - [2024-09-04T21:16:57.717+0000] {dag.py:3211} INFO - Sync 1 DAGs
[2024-09-04T21:16:57.755+0000] {logging_mixin.py:190} INFO - [2024-09-04T21:16:57.754+0000] {dag.py:4138} INFO - Setting next_dagrun for example_setup_teardown to 2024-09-03 00:00:00+00:00, run_after=2024-09-04 00:00:00+00:00
[2024-09-04T21:16:57.789+0000] {processor.py:208} INFO - Processing /home/airflow/.local/lib/python3.12/site-packages/airflow/example_dags/example_setup_teardown.py took 0.139 seconds
[2024-09-04T21:17:27.940+0000] {processor.py:186} INFO - Started process (PID=2200) to work on /home/airflow/.local/lib/python3.12/site-packages/airflow/example_dags/example_setup_teardown.py
[2024-09-04T21:17:27.941+0000] {processor.py:914} INFO - Processing file /home/airflow/.local/lib/python3.12/site-packages/airflow/example_dags/example_setup_teardown.py for tasks to queue
[2024-09-04T21:17:27.943+0000] {logging_mixin.py:190} INFO - [2024-09-04T21:17:27.943+0000] {dagbag.py:587} INFO - Filling up the DagBag from /home/airflow/.local/lib/python3.12/site-packages/airflow/example_dags/example_setup_teardown.py
[2024-09-04T21:17:27.951+0000] {processor.py:925} INFO - DAG(s) 'example_setup_teardown' retrieved from /home/airflow/.local/lib/python3.12/site-packages/airflow/example_dags/example_setup_teardown.py
[2024-09-04T21:17:27.971+0000] {logging_mixin.py:190} INFO - [2024-09-04T21:17:27.971+0000] {dag.py:3211} INFO - Sync 1 DAGs
[2024-09-04T21:17:27.991+0000] {logging_mixin.py:190} INFO - [2024-09-04T21:17:27.991+0000] {dag.py:4138} INFO - Setting next_dagrun for example_setup_teardown to 2024-09-03 00:00:00+00:00, run_after=2024-09-04 00:00:00+00:00
[2024-09-04T21:17:28.017+0000] {processor.py:208} INFO - Processing /home/airflow/.local/lib/python3.12/site-packages/airflow/example_dags/example_setup_teardown.py took 0.082 seconds
[2024-09-04T21:17:58.359+0000] {processor.py:186} INFO - Started process (PID=2263) to work on /home/airflow/.local/lib/python3.12/site-packages/airflow/example_dags/example_setup_teardown.py
[2024-09-04T21:17:58.360+0000] {processor.py:914} INFO - Processing file /home/airflow/.local/lib/python3.12/site-packages/airflow/example_dags/example_setup_teardown.py for tasks to queue
[2024-09-04T21:17:58.362+0000] {logging_mixin.py:190} INFO - [2024-09-04T21:17:58.362+0000] {dagbag.py:587} INFO - Filling up the DagBag from /home/airflow/.local/lib/python3.12/site-packages/airflow/example_dags/example_setup_teardown.py
[2024-09-04T21:17:58.372+0000] {processor.py:925} INFO - DAG(s) 'example_setup_teardown' retrieved from /home/airflow/.local/lib/python3.12/site-packages/airflow/example_dags/example_setup_teardown.py
[2024-09-04T21:17:58.396+0000] {logging_mixin.py:190} INFO - [2024-09-04T21:17:58.396+0000] {dag.py:3211} INFO - Sync 1 DAGs
[2024-09-04T21:17:58.418+0000] {logging_mixin.py:190} INFO - [2024-09-04T21:17:58.417+0000] {dag.py:4138} INFO - Setting next_dagrun for example_setup_teardown to 2024-09-03 00:00:00+00:00, run_after=2024-09-04 00:00:00+00:00
[2024-09-04T21:17:58.438+0000] {processor.py:208} INFO - Processing /home/airflow/.local/lib/python3.12/site-packages/airflow/example_dags/example_setup_teardown.py took 0.084 seconds
[2024-09-04T21:18:28.748+0000] {processor.py:186} INFO - Started process (PID=2326) to work on /home/airflow/.local/lib/python3.12/site-packages/airflow/example_dags/example_setup_teardown.py
[2024-09-04T21:18:28.749+0000] {processor.py:914} INFO - Processing file /home/airflow/.local/lib/python3.12/site-packages/airflow/example_dags/example_setup_teardown.py for tasks to queue
[2024-09-04T21:18:28.752+0000] {logging_mixin.py:190} INFO - [2024-09-04T21:18:28.752+0000] {dagbag.py:587} INFO - Filling up the DagBag from /home/airflow/.local/lib/python3.12/site-packages/airflow/example_dags/example_setup_teardown.py
[2024-09-04T21:18:28.763+0000] {processor.py:925} INFO - DAG(s) 'example_setup_teardown' retrieved from /home/airflow/.local/lib/python3.12/site-packages/airflow/example_dags/example_setup_teardown.py
[2024-09-04T21:18:28.788+0000] {logging_mixin.py:190} INFO - [2024-09-04T21:18:28.788+0000] {dag.py:3211} INFO - Sync 1 DAGs
[2024-09-04T21:18:28.816+0000] {logging_mixin.py:190} INFO - [2024-09-04T21:18:28.815+0000] {dag.py:4138} INFO - Setting next_dagrun for example_setup_teardown to 2024-09-03 00:00:00+00:00, run_after=2024-09-04 00:00:00+00:00
[2024-09-04T21:18:28.835+0000] {processor.py:208} INFO - Processing /home/airflow/.local/lib/python3.12/site-packages/airflow/example_dags/example_setup_teardown.py took 0.092 seconds
[2024-09-04T21:18:59.260+0000] {processor.py:186} INFO - Started process (PID=2389) to work on /home/airflow/.local/lib/python3.12/site-packages/airflow/example_dags/example_setup_teardown.py
[2024-09-04T21:18:59.262+0000] {processor.py:914} INFO - Processing file /home/airflow/.local/lib/python3.12/site-packages/airflow/example_dags/example_setup_teardown.py for tasks to queue
[2024-09-04T21:18:59.265+0000] {logging_mixin.py:190} INFO - [2024-09-04T21:18:59.265+0000] {dagbag.py:587} INFO - Filling up the DagBag from /home/airflow/.local/lib/python3.12/site-packages/airflow/example_dags/example_setup_teardown.py
[2024-09-04T21:18:59.292+0000] {processor.py:925} INFO - DAG(s) 'example_setup_teardown' retrieved from /home/airflow/.local/lib/python3.12/site-packages/airflow/example_dags/example_setup_teardown.py
[2024-09-04T21:18:59.414+0000] {logging_mixin.py:190} INFO - [2024-09-04T21:18:59.413+0000] {dag.py:3211} INFO - Sync 1 DAGs
[2024-09-04T21:18:59.444+0000] {logging_mixin.py:190} INFO - [2024-09-04T21:18:59.444+0000] {dag.py:4138} INFO - Setting next_dagrun for example_setup_teardown to 2024-09-03 00:00:00+00:00, run_after=2024-09-04 00:00:00+00:00
[2024-09-04T21:18:59.461+0000] {processor.py:208} INFO - Processing /home/airflow/.local/lib/python3.12/site-packages/airflow/example_dags/example_setup_teardown.py took 0.214 seconds
