[2024-09-04T20:52:32.473+0000] {processor.py:186} INFO - Started process (PID=83) to work on /home/airflow/.local/lib/python3.12/site-packages/airflow/example_dags/example_bash_operator.py
[2024-09-04T20:52:32.475+0000] {processor.py:914} INFO - Processing file /home/airflow/.local/lib/python3.12/site-packages/airflow/example_dags/example_bash_operator.py for tasks to queue
[2024-09-04T20:52:32.480+0000] {logging_mixin.py:190} INFO - [2024-09-04T20:52:32.479+0000] {dagbag.py:587} INFO - Filling up the DagBag from /home/airflow/.local/lib/python3.12/site-packages/airflow/example_dags/example_bash_operator.py
[2024-09-04T20:52:32.508+0000] {processor.py:925} INFO - DAG(s) 'example_bash_operator' retrieved from /home/airflow/.local/lib/python3.12/site-packages/airflow/example_dags/example_bash_operator.py
[2024-09-04T20:52:32.728+0000] {logging_mixin.py:190} INFO - [2024-09-04T20:52:32.726+0000] {override.py:1858} INFO - Created Permission View: can delete on DAG:example_bash_operator
[2024-09-04T20:52:32.746+0000] {logging_mixin.py:190} INFO - [2024-09-04T20:52:32.745+0000] {override.py:1858} INFO - Created Permission View: can edit on DAG:example_bash_operator
[2024-09-04T20:52:32.763+0000] {logging_mixin.py:190} INFO - [2024-09-04T20:52:32.763+0000] {override.py:1858} INFO - Created Permission View: can read on DAG:example_bash_operator
[2024-09-04T20:52:32.765+0000] {logging_mixin.py:190} INFO - [2024-09-04T20:52:32.764+0000] {dag.py:3211} INFO - Sync 1 DAGs
[2024-09-04T20:52:32.802+0000] {logging_mixin.py:190} INFO - [2024-09-04T20:52:32.802+0000] {dag.py:3234} INFO - Creating ORM DAG for example_bash_operator
[2024-09-04T20:52:32.818+0000] {logging_mixin.py:190} INFO - [2024-09-04T20:52:32.817+0000] {dag.py:4138} INFO - Setting next_dagrun for example_bash_operator to 2024-09-03 00:00:00+00:00, run_after=2024-09-04 00:00:00+00:00
[2024-09-04T20:52:32.840+0000] {processor.py:208} INFO - Processing /home/airflow/.local/lib/python3.12/site-packages/airflow/example_dags/example_bash_operator.py took 0.377 seconds
[2024-09-04T21:00:15.233+0000] {processor.py:186} INFO - Started process (PID=78) to work on /home/airflow/.local/lib/python3.12/site-packages/airflow/example_dags/example_bash_operator.py
[2024-09-04T21:00:15.237+0000] {processor.py:914} INFO - Processing file /home/airflow/.local/lib/python3.12/site-packages/airflow/example_dags/example_bash_operator.py for tasks to queue
[2024-09-04T21:00:15.249+0000] {logging_mixin.py:190} INFO - [2024-09-04T21:00:15.249+0000] {dagbag.py:587} INFO - Filling up the DagBag from /home/airflow/.local/lib/python3.12/site-packages/airflow/example_dags/example_bash_operator.py
[2024-09-04T21:00:15.284+0000] {processor.py:925} INFO - DAG(s) 'example_bash_operator' retrieved from /home/airflow/.local/lib/python3.12/site-packages/airflow/example_dags/example_bash_operator.py
[2024-09-04T21:00:15.342+0000] {logging_mixin.py:190} INFO - [2024-09-04T21:00:15.341+0000] {dag.py:3211} INFO - Sync 1 DAGs
[2024-09-04T21:00:15.400+0000] {logging_mixin.py:190} INFO - [2024-09-04T21:00:15.400+0000] {dag.py:4138} INFO - Setting next_dagrun for example_bash_operator to 2024-09-03 00:00:00+00:00, run_after=2024-09-04 00:00:00+00:00
[2024-09-04T21:00:15.442+0000] {processor.py:208} INFO - Processing /home/airflow/.local/lib/python3.12/site-packages/airflow/example_dags/example_bash_operator.py took 0.231 seconds
[2024-09-04T21:00:45.765+0000] {processor.py:186} INFO - Started process (PID=140) to work on /home/airflow/.local/lib/python3.12/site-packages/airflow/example_dags/example_bash_operator.py
[2024-09-04T21:00:45.766+0000] {processor.py:914} INFO - Processing file /home/airflow/.local/lib/python3.12/site-packages/airflow/example_dags/example_bash_operator.py for tasks to queue
[2024-09-04T21:00:45.769+0000] {logging_mixin.py:190} INFO - [2024-09-04T21:00:45.769+0000] {dagbag.py:587} INFO - Filling up the DagBag from /home/airflow/.local/lib/python3.12/site-packages/airflow/example_dags/example_bash_operator.py
[2024-09-04T21:00:45.781+0000] {processor.py:925} INFO - DAG(s) 'example_bash_operator' retrieved from /home/airflow/.local/lib/python3.12/site-packages/airflow/example_dags/example_bash_operator.py
[2024-09-04T21:00:45.808+0000] {logging_mixin.py:190} INFO - [2024-09-04T21:00:45.808+0000] {dag.py:3211} INFO - Sync 1 DAGs
[2024-09-04T21:00:45.835+0000] {logging_mixin.py:190} INFO - [2024-09-04T21:00:45.835+0000] {dag.py:4138} INFO - Setting next_dagrun for example_bash_operator to 2024-09-03 00:00:00+00:00, run_after=2024-09-04 00:00:00+00:00
[2024-09-04T21:00:45.859+0000] {processor.py:208} INFO - Processing /home/airflow/.local/lib/python3.12/site-packages/airflow/example_dags/example_bash_operator.py took 0.099 seconds
[2024-09-04T21:01:16.370+0000] {processor.py:186} INFO - Started process (PID=202) to work on /home/airflow/.local/lib/python3.12/site-packages/airflow/example_dags/example_bash_operator.py
[2024-09-04T21:01:16.371+0000] {processor.py:914} INFO - Processing file /home/airflow/.local/lib/python3.12/site-packages/airflow/example_dags/example_bash_operator.py for tasks to queue
[2024-09-04T21:01:16.373+0000] {logging_mixin.py:190} INFO - [2024-09-04T21:01:16.373+0000] {dagbag.py:587} INFO - Filling up the DagBag from /home/airflow/.local/lib/python3.12/site-packages/airflow/example_dags/example_bash_operator.py
[2024-09-04T21:01:16.385+0000] {processor.py:925} INFO - DAG(s) 'example_bash_operator' retrieved from /home/airflow/.local/lib/python3.12/site-packages/airflow/example_dags/example_bash_operator.py
[2024-09-04T21:01:16.413+0000] {logging_mixin.py:190} INFO - [2024-09-04T21:01:16.413+0000] {dag.py:3211} INFO - Sync 1 DAGs
[2024-09-04T21:01:16.436+0000] {logging_mixin.py:190} INFO - [2024-09-04T21:01:16.436+0000] {dag.py:4138} INFO - Setting next_dagrun for example_bash_operator to 2024-09-03 00:00:00+00:00, run_after=2024-09-04 00:00:00+00:00
[2024-09-04T21:01:16.455+0000] {processor.py:208} INFO - Processing /home/airflow/.local/lib/python3.12/site-packages/airflow/example_dags/example_bash_operator.py took 0.091 seconds
[2024-09-04T21:01:46.682+0000] {processor.py:186} INFO - Started process (PID=264) to work on /home/airflow/.local/lib/python3.12/site-packages/airflow/example_dags/example_bash_operator.py
[2024-09-04T21:01:46.683+0000] {processor.py:914} INFO - Processing file /home/airflow/.local/lib/python3.12/site-packages/airflow/example_dags/example_bash_operator.py for tasks to queue
[2024-09-04T21:01:46.685+0000] {logging_mixin.py:190} INFO - [2024-09-04T21:01:46.684+0000] {dagbag.py:587} INFO - Filling up the DagBag from /home/airflow/.local/lib/python3.12/site-packages/airflow/example_dags/example_bash_operator.py
[2024-09-04T21:01:46.696+0000] {processor.py:925} INFO - DAG(s) 'example_bash_operator' retrieved from /home/airflow/.local/lib/python3.12/site-packages/airflow/example_dags/example_bash_operator.py
[2024-09-04T21:01:46.720+0000] {logging_mixin.py:190} INFO - [2024-09-04T21:01:46.720+0000] {dag.py:3211} INFO - Sync 1 DAGs
[2024-09-04T21:01:46.739+0000] {logging_mixin.py:190} INFO - [2024-09-04T21:01:46.739+0000] {dag.py:4138} INFO - Setting next_dagrun for example_bash_operator to 2024-09-03 00:00:00+00:00, run_after=2024-09-04 00:00:00+00:00
[2024-09-04T21:01:46.762+0000] {processor.py:208} INFO - Processing /home/airflow/.local/lib/python3.12/site-packages/airflow/example_dags/example_bash_operator.py took 0.085 seconds
[2024-09-04T21:02:17.505+0000] {processor.py:186} INFO - Started process (PID=327) to work on /home/airflow/.local/lib/python3.12/site-packages/airflow/example_dags/example_bash_operator.py
[2024-09-04T21:02:17.506+0000] {processor.py:914} INFO - Processing file /home/airflow/.local/lib/python3.12/site-packages/airflow/example_dags/example_bash_operator.py for tasks to queue
[2024-09-04T21:02:17.509+0000] {logging_mixin.py:190} INFO - [2024-09-04T21:02:17.509+0000] {dagbag.py:587} INFO - Filling up the DagBag from /home/airflow/.local/lib/python3.12/site-packages/airflow/example_dags/example_bash_operator.py
[2024-09-04T21:02:17.522+0000] {processor.py:925} INFO - DAG(s) 'example_bash_operator' retrieved from /home/airflow/.local/lib/python3.12/site-packages/airflow/example_dags/example_bash_operator.py
[2024-09-04T21:02:17.547+0000] {logging_mixin.py:190} INFO - [2024-09-04T21:02:17.547+0000] {dag.py:3211} INFO - Sync 1 DAGs
[2024-09-04T21:02:17.566+0000] {logging_mixin.py:190} INFO - [2024-09-04T21:02:17.566+0000] {dag.py:4138} INFO - Setting next_dagrun for example_bash_operator to 2024-09-03 00:00:00+00:00, run_after=2024-09-04 00:00:00+00:00
[2024-09-04T21:02:17.587+0000] {processor.py:208} INFO - Processing /home/airflow/.local/lib/python3.12/site-packages/airflow/example_dags/example_bash_operator.py took 0.088 seconds
[2024-09-04T21:02:48.314+0000] {processor.py:186} INFO - Started process (PID=389) to work on /home/airflow/.local/lib/python3.12/site-packages/airflow/example_dags/example_bash_operator.py
[2024-09-04T21:02:48.315+0000] {processor.py:914} INFO - Processing file /home/airflow/.local/lib/python3.12/site-packages/airflow/example_dags/example_bash_operator.py for tasks to queue
[2024-09-04T21:02:48.317+0000] {logging_mixin.py:190} INFO - [2024-09-04T21:02:48.317+0000] {dagbag.py:587} INFO - Filling up the DagBag from /home/airflow/.local/lib/python3.12/site-packages/airflow/example_dags/example_bash_operator.py
[2024-09-04T21:02:48.329+0000] {processor.py:925} INFO - DAG(s) 'example_bash_operator' retrieved from /home/airflow/.local/lib/python3.12/site-packages/airflow/example_dags/example_bash_operator.py
[2024-09-04T21:02:48.353+0000] {logging_mixin.py:190} INFO - [2024-09-04T21:02:48.352+0000] {dag.py:3211} INFO - Sync 1 DAGs
[2024-09-04T21:02:48.372+0000] {logging_mixin.py:190} INFO - [2024-09-04T21:02:48.372+0000] {dag.py:4138} INFO - Setting next_dagrun for example_bash_operator to 2024-09-03 00:00:00+00:00, run_after=2024-09-04 00:00:00+00:00
[2024-09-04T21:02:48.391+0000] {processor.py:208} INFO - Processing /home/airflow/.local/lib/python3.12/site-packages/airflow/example_dags/example_bash_operator.py took 0.082 seconds
[2024-09-04T21:03:19.546+0000] {processor.py:186} INFO - Started process (PID=451) to work on /home/airflow/.local/lib/python3.12/site-packages/airflow/example_dags/example_bash_operator.py
[2024-09-04T21:03:19.551+0000] {processor.py:914} INFO - Processing file /home/airflow/.local/lib/python3.12/site-packages/airflow/example_dags/example_bash_operator.py for tasks to queue
[2024-09-04T21:03:19.558+0000] {logging_mixin.py:190} INFO - [2024-09-04T21:03:19.557+0000] {dagbag.py:587} INFO - Filling up the DagBag from /home/airflow/.local/lib/python3.12/site-packages/airflow/example_dags/example_bash_operator.py
[2024-09-04T21:03:19.590+0000] {processor.py:925} INFO - DAG(s) 'example_bash_operator' retrieved from /home/airflow/.local/lib/python3.12/site-packages/airflow/example_dags/example_bash_operator.py
[2024-09-04T21:03:19.649+0000] {logging_mixin.py:190} INFO - [2024-09-04T21:03:19.648+0000] {dag.py:3211} INFO - Sync 1 DAGs
[2024-09-04T21:03:19.694+0000] {logging_mixin.py:190} INFO - [2024-09-04T21:03:19.694+0000] {dag.py:4138} INFO - Setting next_dagrun for example_bash_operator to 2024-09-03 00:00:00+00:00, run_after=2024-09-04 00:00:00+00:00
[2024-09-04T21:03:19.739+0000] {processor.py:208} INFO - Processing /home/airflow/.local/lib/python3.12/site-packages/airflow/example_dags/example_bash_operator.py took 0.211 seconds
[2024-09-04T21:03:50.568+0000] {processor.py:186} INFO - Started process (PID=513) to work on /home/airflow/.local/lib/python3.12/site-packages/airflow/example_dags/example_bash_operator.py
[2024-09-04T21:03:50.569+0000] {processor.py:914} INFO - Processing file /home/airflow/.local/lib/python3.12/site-packages/airflow/example_dags/example_bash_operator.py for tasks to queue
[2024-09-04T21:03:50.572+0000] {logging_mixin.py:190} INFO - [2024-09-04T21:03:50.571+0000] {dagbag.py:587} INFO - Filling up the DagBag from /home/airflow/.local/lib/python3.12/site-packages/airflow/example_dags/example_bash_operator.py
[2024-09-04T21:03:50.584+0000] {processor.py:925} INFO - DAG(s) 'example_bash_operator' retrieved from /home/airflow/.local/lib/python3.12/site-packages/airflow/example_dags/example_bash_operator.py
[2024-09-04T21:03:50.609+0000] {logging_mixin.py:190} INFO - [2024-09-04T21:03:50.609+0000] {dag.py:3211} INFO - Sync 1 DAGs
[2024-09-04T21:03:50.631+0000] {logging_mixin.py:190} INFO - [2024-09-04T21:03:50.631+0000] {dag.py:4138} INFO - Setting next_dagrun for example_bash_operator to 2024-09-03 00:00:00+00:00, run_after=2024-09-04 00:00:00+00:00
[2024-09-04T21:03:50.651+0000] {processor.py:208} INFO - Processing /home/airflow/.local/lib/python3.12/site-packages/airflow/example_dags/example_bash_operator.py took 0.088 seconds
[2024-09-04T21:04:20.774+0000] {processor.py:186} INFO - Started process (PID=575) to work on /home/airflow/.local/lib/python3.12/site-packages/airflow/example_dags/example_bash_operator.py
[2024-09-04T21:04:20.775+0000] {processor.py:914} INFO - Processing file /home/airflow/.local/lib/python3.12/site-packages/airflow/example_dags/example_bash_operator.py for tasks to queue
[2024-09-04T21:04:20.778+0000] {logging_mixin.py:190} INFO - [2024-09-04T21:04:20.778+0000] {dagbag.py:587} INFO - Filling up the DagBag from /home/airflow/.local/lib/python3.12/site-packages/airflow/example_dags/example_bash_operator.py
[2024-09-04T21:04:20.791+0000] {processor.py:925} INFO - DAG(s) 'example_bash_operator' retrieved from /home/airflow/.local/lib/python3.12/site-packages/airflow/example_dags/example_bash_operator.py
[2024-09-04T21:04:20.825+0000] {logging_mixin.py:190} INFO - [2024-09-04T21:04:20.825+0000] {dag.py:3211} INFO - Sync 1 DAGs
[2024-09-04T21:04:20.850+0000] {logging_mixin.py:190} INFO - [2024-09-04T21:04:20.850+0000] {dag.py:4138} INFO - Setting next_dagrun for example_bash_operator to 2024-09-03 00:00:00+00:00, run_after=2024-09-04 00:00:00+00:00
[2024-09-04T21:04:20.872+0000] {processor.py:208} INFO - Processing /home/airflow/.local/lib/python3.12/site-packages/airflow/example_dags/example_bash_operator.py took 0.103 seconds
[2024-09-04T21:04:51.592+0000] {processor.py:186} INFO - Started process (PID=637) to work on /home/airflow/.local/lib/python3.12/site-packages/airflow/example_dags/example_bash_operator.py
[2024-09-04T21:04:51.594+0000] {processor.py:914} INFO - Processing file /home/airflow/.local/lib/python3.12/site-packages/airflow/example_dags/example_bash_operator.py for tasks to queue
[2024-09-04T21:04:51.599+0000] {logging_mixin.py:190} INFO - [2024-09-04T21:04:51.598+0000] {dagbag.py:587} INFO - Filling up the DagBag from /home/airflow/.local/lib/python3.12/site-packages/airflow/example_dags/example_bash_operator.py
[2024-09-04T21:04:51.621+0000] {processor.py:925} INFO - DAG(s) 'example_bash_operator' retrieved from /home/airflow/.local/lib/python3.12/site-packages/airflow/example_dags/example_bash_operator.py
[2024-09-04T21:04:51.674+0000] {logging_mixin.py:190} INFO - [2024-09-04T21:04:51.673+0000] {dag.py:3211} INFO - Sync 1 DAGs
[2024-09-04T21:04:51.717+0000] {logging_mixin.py:190} INFO - [2024-09-04T21:04:51.716+0000] {dag.py:4138} INFO - Setting next_dagrun for example_bash_operator to 2024-09-03 00:00:00+00:00, run_after=2024-09-04 00:00:00+00:00
[2024-09-04T21:04:51.748+0000] {processor.py:208} INFO - Processing /home/airflow/.local/lib/python3.12/site-packages/airflow/example_dags/example_bash_operator.py took 0.166 seconds
[2024-09-04T21:05:21.935+0000] {processor.py:186} INFO - Started process (PID=698) to work on /home/airflow/.local/lib/python3.12/site-packages/airflow/example_dags/example_bash_operator.py
[2024-09-04T21:05:21.936+0000] {processor.py:914} INFO - Processing file /home/airflow/.local/lib/python3.12/site-packages/airflow/example_dags/example_bash_operator.py for tasks to queue
[2024-09-04T21:05:21.938+0000] {logging_mixin.py:190} INFO - [2024-09-04T21:05:21.938+0000] {dagbag.py:587} INFO - Filling up the DagBag from /home/airflow/.local/lib/python3.12/site-packages/airflow/example_dags/example_bash_operator.py
[2024-09-04T21:05:21.948+0000] {processor.py:925} INFO - DAG(s) 'example_bash_operator' retrieved from /home/airflow/.local/lib/python3.12/site-packages/airflow/example_dags/example_bash_operator.py
[2024-09-04T21:05:21.971+0000] {logging_mixin.py:190} INFO - [2024-09-04T21:05:21.971+0000] {dag.py:3211} INFO - Sync 1 DAGs
[2024-09-04T21:05:21.990+0000] {logging_mixin.py:190} INFO - [2024-09-04T21:05:21.989+0000] {dag.py:4138} INFO - Setting next_dagrun for example_bash_operator to 2024-09-03 00:00:00+00:00, run_after=2024-09-04 00:00:00+00:00
[2024-09-04T21:05:22.009+0000] {processor.py:208} INFO - Processing /home/airflow/.local/lib/python3.12/site-packages/airflow/example_dags/example_bash_operator.py took 0.078 seconds
[2024-09-04T21:05:52.814+0000] {processor.py:186} INFO - Started process (PID=761) to work on /home/airflow/.local/lib/python3.12/site-packages/airflow/example_dags/example_bash_operator.py
[2024-09-04T21:05:52.815+0000] {processor.py:914} INFO - Processing file /home/airflow/.local/lib/python3.12/site-packages/airflow/example_dags/example_bash_operator.py for tasks to queue
[2024-09-04T21:05:52.817+0000] {logging_mixin.py:190} INFO - [2024-09-04T21:05:52.817+0000] {dagbag.py:587} INFO - Filling up the DagBag from /home/airflow/.local/lib/python3.12/site-packages/airflow/example_dags/example_bash_operator.py
[2024-09-04T21:05:52.827+0000] {processor.py:925} INFO - DAG(s) 'example_bash_operator' retrieved from /home/airflow/.local/lib/python3.12/site-packages/airflow/example_dags/example_bash_operator.py
[2024-09-04T21:05:52.852+0000] {logging_mixin.py:190} INFO - [2024-09-04T21:05:52.852+0000] {dag.py:3211} INFO - Sync 1 DAGs
[2024-09-04T21:05:52.872+0000] {logging_mixin.py:190} INFO - [2024-09-04T21:05:52.871+0000] {dag.py:4138} INFO - Setting next_dagrun for example_bash_operator to 2024-09-03 00:00:00+00:00, run_after=2024-09-04 00:00:00+00:00
[2024-09-04T21:05:52.891+0000] {processor.py:208} INFO - Processing /home/airflow/.local/lib/python3.12/site-packages/airflow/example_dags/example_bash_operator.py took 0.082 seconds
[2024-09-04T21:06:23.131+0000] {processor.py:186} INFO - Started process (PID=823) to work on /home/airflow/.local/lib/python3.12/site-packages/airflow/example_dags/example_bash_operator.py
[2024-09-04T21:06:23.133+0000] {processor.py:914} INFO - Processing file /home/airflow/.local/lib/python3.12/site-packages/airflow/example_dags/example_bash_operator.py for tasks to queue
[2024-09-04T21:06:23.138+0000] {logging_mixin.py:190} INFO - [2024-09-04T21:06:23.137+0000] {dagbag.py:587} INFO - Filling up the DagBag from /home/airflow/.local/lib/python3.12/site-packages/airflow/example_dags/example_bash_operator.py
[2024-09-04T21:06:23.167+0000] {processor.py:925} INFO - DAG(s) 'example_bash_operator' retrieved from /home/airflow/.local/lib/python3.12/site-packages/airflow/example_dags/example_bash_operator.py
[2024-09-04T21:06:23.224+0000] {logging_mixin.py:190} INFO - [2024-09-04T21:06:23.223+0000] {dag.py:3211} INFO - Sync 1 DAGs
[2024-09-04T21:06:23.271+0000] {logging_mixin.py:190} INFO - [2024-09-04T21:06:23.270+0000] {dag.py:4138} INFO - Setting next_dagrun for example_bash_operator to 2024-09-03 00:00:00+00:00, run_after=2024-09-04 00:00:00+00:00
[2024-09-04T21:06:23.303+0000] {processor.py:208} INFO - Processing /home/airflow/.local/lib/python3.12/site-packages/airflow/example_dags/example_bash_operator.py took 0.184 seconds
[2024-09-04T21:06:53.380+0000] {processor.py:186} INFO - Started process (PID=883) to work on /home/airflow/.local/lib/python3.12/site-packages/airflow/example_dags/example_bash_operator.py
[2024-09-04T21:06:53.381+0000] {processor.py:914} INFO - Processing file /home/airflow/.local/lib/python3.12/site-packages/airflow/example_dags/example_bash_operator.py for tasks to queue
[2024-09-04T21:06:53.384+0000] {logging_mixin.py:190} INFO - [2024-09-04T21:06:53.384+0000] {dagbag.py:587} INFO - Filling up the DagBag from /home/airflow/.local/lib/python3.12/site-packages/airflow/example_dags/example_bash_operator.py
[2024-09-04T21:06:53.400+0000] {processor.py:925} INFO - DAG(s) 'example_bash_operator' retrieved from /home/airflow/.local/lib/python3.12/site-packages/airflow/example_dags/example_bash_operator.py
[2024-09-04T21:06:53.427+0000] {logging_mixin.py:190} INFO - [2024-09-04T21:06:53.427+0000] {dag.py:3211} INFO - Sync 1 DAGs
[2024-09-04T21:06:53.447+0000] {logging_mixin.py:190} INFO - [2024-09-04T21:06:53.446+0000] {dag.py:4138} INFO - Setting next_dagrun for example_bash_operator to 2024-09-03 00:00:00+00:00, run_after=2024-09-04 00:00:00+00:00
[2024-09-04T21:06:53.468+0000] {processor.py:208} INFO - Processing /home/airflow/.local/lib/python3.12/site-packages/airflow/example_dags/example_bash_operator.py took 0.098 seconds
[2024-09-04T21:07:24.516+0000] {processor.py:186} INFO - Started process (PID=945) to work on /home/airflow/.local/lib/python3.12/site-packages/airflow/example_dags/example_bash_operator.py
[2024-09-04T21:07:24.517+0000] {processor.py:914} INFO - Processing file /home/airflow/.local/lib/python3.12/site-packages/airflow/example_dags/example_bash_operator.py for tasks to queue
[2024-09-04T21:07:24.520+0000] {logging_mixin.py:190} INFO - [2024-09-04T21:07:24.520+0000] {dagbag.py:587} INFO - Filling up the DagBag from /home/airflow/.local/lib/python3.12/site-packages/airflow/example_dags/example_bash_operator.py
[2024-09-04T21:07:24.532+0000] {processor.py:925} INFO - DAG(s) 'example_bash_operator' retrieved from /home/airflow/.local/lib/python3.12/site-packages/airflow/example_dags/example_bash_operator.py
[2024-09-04T21:07:24.564+0000] {logging_mixin.py:190} INFO - [2024-09-04T21:07:24.564+0000] {dag.py:3211} INFO - Sync 1 DAGs
[2024-09-04T21:07:24.585+0000] {logging_mixin.py:190} INFO - [2024-09-04T21:07:24.585+0000] {dag.py:4138} INFO - Setting next_dagrun for example_bash_operator to 2024-09-03 00:00:00+00:00, run_after=2024-09-04 00:00:00+00:00
[2024-09-04T21:07:24.605+0000] {processor.py:208} INFO - Processing /home/airflow/.local/lib/python3.12/site-packages/airflow/example_dags/example_bash_operator.py took 0.095 seconds
[2024-09-04T21:07:55.019+0000] {processor.py:186} INFO - Started process (PID=1014) to work on /home/airflow/.local/lib/python3.12/site-packages/airflow/example_dags/example_bash_operator.py
[2024-09-04T21:07:55.021+0000] {processor.py:914} INFO - Processing file /home/airflow/.local/lib/python3.12/site-packages/airflow/example_dags/example_bash_operator.py for tasks to queue
[2024-09-04T21:07:55.025+0000] {logging_mixin.py:190} INFO - [2024-09-04T21:07:55.024+0000] {dagbag.py:587} INFO - Filling up the DagBag from /home/airflow/.local/lib/python3.12/site-packages/airflow/example_dags/example_bash_operator.py
[2024-09-04T21:07:55.048+0000] {processor.py:925} INFO - DAG(s) 'example_bash_operator' retrieved from /home/airflow/.local/lib/python3.12/site-packages/airflow/example_dags/example_bash_operator.py
[2024-09-04T21:07:55.097+0000] {logging_mixin.py:190} INFO - [2024-09-04T21:07:55.097+0000] {dag.py:3211} INFO - Sync 1 DAGs
[2024-09-04T21:07:55.145+0000] {logging_mixin.py:190} INFO - [2024-09-04T21:07:55.145+0000] {dag.py:4138} INFO - Setting next_dagrun for example_bash_operator to 2024-09-03 00:00:00+00:00, run_after=2024-09-04 00:00:00+00:00
[2024-09-04T21:07:55.168+0000] {processor.py:208} INFO - Processing /home/airflow/.local/lib/python3.12/site-packages/airflow/example_dags/example_bash_operator.py took 0.156 seconds
[2024-09-04T21:08:25.240+0000] {processor.py:186} INFO - Started process (PID=1076) to work on /home/airflow/.local/lib/python3.12/site-packages/airflow/example_dags/example_bash_operator.py
[2024-09-04T21:08:25.241+0000] {processor.py:914} INFO - Processing file /home/airflow/.local/lib/python3.12/site-packages/airflow/example_dags/example_bash_operator.py for tasks to queue
[2024-09-04T21:08:25.243+0000] {logging_mixin.py:190} INFO - [2024-09-04T21:08:25.243+0000] {dagbag.py:587} INFO - Filling up the DagBag from /home/airflow/.local/lib/python3.12/site-packages/airflow/example_dags/example_bash_operator.py
[2024-09-04T21:08:25.254+0000] {processor.py:925} INFO - DAG(s) 'example_bash_operator' retrieved from /home/airflow/.local/lib/python3.12/site-packages/airflow/example_dags/example_bash_operator.py
[2024-09-04T21:08:25.278+0000] {logging_mixin.py:190} INFO - [2024-09-04T21:08:25.278+0000] {dag.py:3211} INFO - Sync 1 DAGs
[2024-09-04T21:08:25.297+0000] {logging_mixin.py:190} INFO - [2024-09-04T21:08:25.297+0000] {dag.py:4138} INFO - Setting next_dagrun for example_bash_operator to 2024-09-03 00:00:00+00:00, run_after=2024-09-04 00:00:00+00:00
[2024-09-04T21:08:25.314+0000] {processor.py:208} INFO - Processing /home/airflow/.local/lib/python3.12/site-packages/airflow/example_dags/example_bash_operator.py took 0.079 seconds
[2024-09-04T21:08:55.903+0000] {processor.py:186} INFO - Started process (PID=1138) to work on /home/airflow/.local/lib/python3.12/site-packages/airflow/example_dags/example_bash_operator.py
[2024-09-04T21:08:55.904+0000] {processor.py:914} INFO - Processing file /home/airflow/.local/lib/python3.12/site-packages/airflow/example_dags/example_bash_operator.py for tasks to queue
[2024-09-04T21:08:55.907+0000] {logging_mixin.py:190} INFO - [2024-09-04T21:08:55.907+0000] {dagbag.py:587} INFO - Filling up the DagBag from /home/airflow/.local/lib/python3.12/site-packages/airflow/example_dags/example_bash_operator.py
[2024-09-04T21:08:55.916+0000] {processor.py:925} INFO - DAG(s) 'example_bash_operator' retrieved from /home/airflow/.local/lib/python3.12/site-packages/airflow/example_dags/example_bash_operator.py
[2024-09-04T21:08:55.943+0000] {logging_mixin.py:190} INFO - [2024-09-04T21:08:55.942+0000] {dag.py:3211} INFO - Sync 1 DAGs
[2024-09-04T21:08:55.964+0000] {logging_mixin.py:190} INFO - [2024-09-04T21:08:55.963+0000] {dag.py:4138} INFO - Setting next_dagrun for example_bash_operator to 2024-09-03 00:00:00+00:00, run_after=2024-09-04 00:00:00+00:00
[2024-09-04T21:08:55.980+0000] {processor.py:208} INFO - Processing /home/airflow/.local/lib/python3.12/site-packages/airflow/example_dags/example_bash_operator.py took 0.081 seconds
[2024-09-04T21:09:26.247+0000] {processor.py:186} INFO - Started process (PID=1200) to work on /home/airflow/.local/lib/python3.12/site-packages/airflow/example_dags/example_bash_operator.py
[2024-09-04T21:09:26.248+0000] {processor.py:914} INFO - Processing file /home/airflow/.local/lib/python3.12/site-packages/airflow/example_dags/example_bash_operator.py for tasks to queue
[2024-09-04T21:09:26.250+0000] {logging_mixin.py:190} INFO - [2024-09-04T21:09:26.249+0000] {dagbag.py:587} INFO - Filling up the DagBag from /home/airflow/.local/lib/python3.12/site-packages/airflow/example_dags/example_bash_operator.py
[2024-09-04T21:09:26.261+0000] {processor.py:925} INFO - DAG(s) 'example_bash_operator' retrieved from /home/airflow/.local/lib/python3.12/site-packages/airflow/example_dags/example_bash_operator.py
[2024-09-04T21:09:26.286+0000] {logging_mixin.py:190} INFO - [2024-09-04T21:09:26.286+0000] {dag.py:3211} INFO - Sync 1 DAGs
[2024-09-04T21:09:26.304+0000] {logging_mixin.py:190} INFO - [2024-09-04T21:09:26.304+0000] {dag.py:4138} INFO - Setting next_dagrun for example_bash_operator to 2024-09-03 00:00:00+00:00, run_after=2024-09-04 00:00:00+00:00
[2024-09-04T21:09:26.322+0000] {processor.py:208} INFO - Processing /home/airflow/.local/lib/python3.12/site-packages/airflow/example_dags/example_bash_operator.py took 0.080 seconds
[2024-09-04T21:09:56.699+0000] {processor.py:186} INFO - Started process (PID=1262) to work on /home/airflow/.local/lib/python3.12/site-packages/airflow/example_dags/example_bash_operator.py
[2024-09-04T21:09:56.700+0000] {processor.py:914} INFO - Processing file /home/airflow/.local/lib/python3.12/site-packages/airflow/example_dags/example_bash_operator.py for tasks to queue
[2024-09-04T21:09:56.702+0000] {logging_mixin.py:190} INFO - [2024-09-04T21:09:56.702+0000] {dagbag.py:587} INFO - Filling up the DagBag from /home/airflow/.local/lib/python3.12/site-packages/airflow/example_dags/example_bash_operator.py
[2024-09-04T21:09:56.713+0000] {processor.py:925} INFO - DAG(s) 'example_bash_operator' retrieved from /home/airflow/.local/lib/python3.12/site-packages/airflow/example_dags/example_bash_operator.py
[2024-09-04T21:09:56.737+0000] {logging_mixin.py:190} INFO - [2024-09-04T21:09:56.737+0000] {dag.py:3211} INFO - Sync 1 DAGs
[2024-09-04T21:09:56.755+0000] {logging_mixin.py:190} INFO - [2024-09-04T21:09:56.755+0000] {dag.py:4138} INFO - Setting next_dagrun for example_bash_operator to 2024-09-03 00:00:00+00:00, run_after=2024-09-04 00:00:00+00:00
[2024-09-04T21:09:56.774+0000] {processor.py:208} INFO - Processing /home/airflow/.local/lib/python3.12/site-packages/airflow/example_dags/example_bash_operator.py took 0.080 seconds
[2024-09-04T21:10:27.907+0000] {processor.py:186} INFO - Started process (PID=1325) to work on /home/airflow/.local/lib/python3.12/site-packages/airflow/example_dags/example_bash_operator.py
[2024-09-04T21:10:27.908+0000] {processor.py:914} INFO - Processing file /home/airflow/.local/lib/python3.12/site-packages/airflow/example_dags/example_bash_operator.py for tasks to queue
[2024-09-04T21:10:27.911+0000] {logging_mixin.py:190} INFO - [2024-09-04T21:10:27.911+0000] {dagbag.py:587} INFO - Filling up the DagBag from /home/airflow/.local/lib/python3.12/site-packages/airflow/example_dags/example_bash_operator.py
[2024-09-04T21:10:27.923+0000] {processor.py:925} INFO - DAG(s) 'example_bash_operator' retrieved from /home/airflow/.local/lib/python3.12/site-packages/airflow/example_dags/example_bash_operator.py
[2024-09-04T21:10:27.950+0000] {logging_mixin.py:190} INFO - [2024-09-04T21:10:27.950+0000] {dag.py:3211} INFO - Sync 1 DAGs
[2024-09-04T21:10:27.973+0000] {logging_mixin.py:190} INFO - [2024-09-04T21:10:27.973+0000] {dag.py:4138} INFO - Setting next_dagrun for example_bash_operator to 2024-09-03 00:00:00+00:00, run_after=2024-09-04 00:00:00+00:00
[2024-09-04T21:10:27.994+0000] {processor.py:208} INFO - Processing /home/airflow/.local/lib/python3.12/site-packages/airflow/example_dags/example_bash_operator.py took 0.093 seconds
[2024-09-04T21:10:58.700+0000] {processor.py:186} INFO - Started process (PID=1389) to work on /home/airflow/.local/lib/python3.12/site-packages/airflow/example_dags/example_bash_operator.py
[2024-09-04T21:10:58.702+0000] {processor.py:914} INFO - Processing file /home/airflow/.local/lib/python3.12/site-packages/airflow/example_dags/example_bash_operator.py for tasks to queue
[2024-09-04T21:10:58.705+0000] {logging_mixin.py:190} INFO - [2024-09-04T21:10:58.705+0000] {dagbag.py:587} INFO - Filling up the DagBag from /home/airflow/.local/lib/python3.12/site-packages/airflow/example_dags/example_bash_operator.py
[2024-09-04T21:10:58.720+0000] {processor.py:925} INFO - DAG(s) 'example_bash_operator' retrieved from /home/airflow/.local/lib/python3.12/site-packages/airflow/example_dags/example_bash_operator.py
[2024-09-04T21:10:58.749+0000] {logging_mixin.py:190} INFO - [2024-09-04T21:10:58.749+0000] {dag.py:3211} INFO - Sync 1 DAGs
[2024-09-04T21:10:58.773+0000] {logging_mixin.py:190} INFO - [2024-09-04T21:10:58.773+0000] {dag.py:4138} INFO - Setting next_dagrun for example_bash_operator to 2024-09-03 00:00:00+00:00, run_after=2024-09-04 00:00:00+00:00
[2024-09-04T21:10:58.795+0000] {processor.py:208} INFO - Processing /home/airflow/.local/lib/python3.12/site-packages/airflow/example_dags/example_bash_operator.py took 0.100 seconds
[2024-09-04T21:11:29.666+0000] {processor.py:186} INFO - Started process (PID=1452) to work on /home/airflow/.local/lib/python3.12/site-packages/airflow/example_dags/example_bash_operator.py
[2024-09-04T21:11:29.667+0000] {processor.py:914} INFO - Processing file /home/airflow/.local/lib/python3.12/site-packages/airflow/example_dags/example_bash_operator.py for tasks to queue
[2024-09-04T21:11:29.670+0000] {logging_mixin.py:190} INFO - [2024-09-04T21:11:29.670+0000] {dagbag.py:587} INFO - Filling up the DagBag from /home/airflow/.local/lib/python3.12/site-packages/airflow/example_dags/example_bash_operator.py
[2024-09-04T21:11:29.682+0000] {processor.py:925} INFO - DAG(s) 'example_bash_operator' retrieved from /home/airflow/.local/lib/python3.12/site-packages/airflow/example_dags/example_bash_operator.py
[2024-09-04T21:11:29.709+0000] {logging_mixin.py:190} INFO - [2024-09-04T21:11:29.709+0000] {dag.py:3211} INFO - Sync 1 DAGs
[2024-09-04T21:11:29.732+0000] {logging_mixin.py:190} INFO - [2024-09-04T21:11:29.732+0000] {dag.py:4138} INFO - Setting next_dagrun for example_bash_operator to 2024-09-03 00:00:00+00:00, run_after=2024-09-04 00:00:00+00:00
[2024-09-04T21:11:29.752+0000] {processor.py:208} INFO - Processing /home/airflow/.local/lib/python3.12/site-packages/airflow/example_dags/example_bash_operator.py took 0.097 seconds
[2024-09-04T21:12:00.143+0000] {processor.py:186} INFO - Started process (PID=1515) to work on /home/airflow/.local/lib/python3.12/site-packages/airflow/example_dags/example_bash_operator.py
[2024-09-04T21:12:00.144+0000] {processor.py:914} INFO - Processing file /home/airflow/.local/lib/python3.12/site-packages/airflow/example_dags/example_bash_operator.py for tasks to queue
[2024-09-04T21:12:00.146+0000] {logging_mixin.py:190} INFO - [2024-09-04T21:12:00.145+0000] {dagbag.py:587} INFO - Filling up the DagBag from /home/airflow/.local/lib/python3.12/site-packages/airflow/example_dags/example_bash_operator.py
[2024-09-04T21:12:00.157+0000] {processor.py:925} INFO - DAG(s) 'example_bash_operator' retrieved from /home/airflow/.local/lib/python3.12/site-packages/airflow/example_dags/example_bash_operator.py
[2024-09-04T21:12:00.183+0000] {logging_mixin.py:190} INFO - [2024-09-04T21:12:00.183+0000] {dag.py:3211} INFO - Sync 1 DAGs
[2024-09-04T21:12:00.204+0000] {logging_mixin.py:190} INFO - [2024-09-04T21:12:00.204+0000] {dag.py:4138} INFO - Setting next_dagrun for example_bash_operator to 2024-09-03 00:00:00+00:00, run_after=2024-09-04 00:00:00+00:00
[2024-09-04T21:12:00.224+0000] {processor.py:208} INFO - Processing /home/airflow/.local/lib/python3.12/site-packages/airflow/example_dags/example_bash_operator.py took 0.086 seconds
[2024-09-04T21:12:31.071+0000] {processor.py:186} INFO - Started process (PID=1579) to work on /home/airflow/.local/lib/python3.12/site-packages/airflow/example_dags/example_bash_operator.py
[2024-09-04T21:12:31.073+0000] {processor.py:914} INFO - Processing file /home/airflow/.local/lib/python3.12/site-packages/airflow/example_dags/example_bash_operator.py for tasks to queue
[2024-09-04T21:12:31.076+0000] {logging_mixin.py:190} INFO - [2024-09-04T21:12:31.075+0000] {dagbag.py:587} INFO - Filling up the DagBag from /home/airflow/.local/lib/python3.12/site-packages/airflow/example_dags/example_bash_operator.py
[2024-09-04T21:12:31.088+0000] {processor.py:925} INFO - DAG(s) 'example_bash_operator' retrieved from /home/airflow/.local/lib/python3.12/site-packages/airflow/example_dags/example_bash_operator.py
[2024-09-04T21:12:31.118+0000] {logging_mixin.py:190} INFO - [2024-09-04T21:12:31.118+0000] {dag.py:3211} INFO - Sync 1 DAGs
[2024-09-04T21:12:31.140+0000] {logging_mixin.py:190} INFO - [2024-09-04T21:12:31.140+0000] {dag.py:4138} INFO - Setting next_dagrun for example_bash_operator to 2024-09-03 00:00:00+00:00, run_after=2024-09-04 00:00:00+00:00
[2024-09-04T21:12:31.161+0000] {processor.py:208} INFO - Processing /home/airflow/.local/lib/python3.12/site-packages/airflow/example_dags/example_bash_operator.py took 0.094 seconds
[2024-09-04T21:13:01.873+0000] {processor.py:186} INFO - Started process (PID=1642) to work on /home/airflow/.local/lib/python3.12/site-packages/airflow/example_dags/example_bash_operator.py
[2024-09-04T21:13:01.874+0000] {processor.py:914} INFO - Processing file /home/airflow/.local/lib/python3.12/site-packages/airflow/example_dags/example_bash_operator.py for tasks to queue
[2024-09-04T21:13:01.876+0000] {logging_mixin.py:190} INFO - [2024-09-04T21:13:01.876+0000] {dagbag.py:587} INFO - Filling up the DagBag from /home/airflow/.local/lib/python3.12/site-packages/airflow/example_dags/example_bash_operator.py
[2024-09-04T21:13:01.888+0000] {processor.py:925} INFO - DAG(s) 'example_bash_operator' retrieved from /home/airflow/.local/lib/python3.12/site-packages/airflow/example_dags/example_bash_operator.py
[2024-09-04T21:13:01.914+0000] {logging_mixin.py:190} INFO - [2024-09-04T21:13:01.914+0000] {dag.py:3211} INFO - Sync 1 DAGs
[2024-09-04T21:13:01.936+0000] {logging_mixin.py:190} INFO - [2024-09-04T21:13:01.936+0000] {dag.py:4138} INFO - Setting next_dagrun for example_bash_operator to 2024-09-03 00:00:00+00:00, run_after=2024-09-04 00:00:00+00:00
[2024-09-04T21:13:01.955+0000] {processor.py:208} INFO - Processing /home/airflow/.local/lib/python3.12/site-packages/airflow/example_dags/example_bash_operator.py took 0.087 seconds
[2024-09-04T21:13:32.796+0000] {processor.py:186} INFO - Started process (PID=1705) to work on /home/airflow/.local/lib/python3.12/site-packages/airflow/example_dags/example_bash_operator.py
[2024-09-04T21:13:32.797+0000] {processor.py:914} INFO - Processing file /home/airflow/.local/lib/python3.12/site-packages/airflow/example_dags/example_bash_operator.py for tasks to queue
[2024-09-04T21:13:32.799+0000] {logging_mixin.py:190} INFO - [2024-09-04T21:13:32.799+0000] {dagbag.py:587} INFO - Filling up the DagBag from /home/airflow/.local/lib/python3.12/site-packages/airflow/example_dags/example_bash_operator.py
[2024-09-04T21:13:32.811+0000] {processor.py:925} INFO - DAG(s) 'example_bash_operator' retrieved from /home/airflow/.local/lib/python3.12/site-packages/airflow/example_dags/example_bash_operator.py
[2024-09-04T21:13:32.837+0000] {logging_mixin.py:190} INFO - [2024-09-04T21:13:32.837+0000] {dag.py:3211} INFO - Sync 1 DAGs
[2024-09-04T21:13:32.859+0000] {logging_mixin.py:190} INFO - [2024-09-04T21:13:32.859+0000] {dag.py:4138} INFO - Setting next_dagrun for example_bash_operator to 2024-09-03 00:00:00+00:00, run_after=2024-09-04 00:00:00+00:00
[2024-09-04T21:13:32.879+0000] {processor.py:208} INFO - Processing /home/airflow/.local/lib/python3.12/site-packages/airflow/example_dags/example_bash_operator.py took 0.088 seconds
[2024-09-04T21:14:03.818+0000] {processor.py:186} INFO - Started process (PID=1768) to work on /home/airflow/.local/lib/python3.12/site-packages/airflow/example_dags/example_bash_operator.py
[2024-09-04T21:14:03.820+0000] {processor.py:914} INFO - Processing file /home/airflow/.local/lib/python3.12/site-packages/airflow/example_dags/example_bash_operator.py for tasks to queue
[2024-09-04T21:14:03.822+0000] {logging_mixin.py:190} INFO - [2024-09-04T21:14:03.822+0000] {dagbag.py:587} INFO - Filling up the DagBag from /home/airflow/.local/lib/python3.12/site-packages/airflow/example_dags/example_bash_operator.py
[2024-09-04T21:14:03.834+0000] {processor.py:925} INFO - DAG(s) 'example_bash_operator' retrieved from /home/airflow/.local/lib/python3.12/site-packages/airflow/example_dags/example_bash_operator.py
[2024-09-04T21:14:03.860+0000] {logging_mixin.py:190} INFO - [2024-09-04T21:14:03.860+0000] {dag.py:3211} INFO - Sync 1 DAGs
[2024-09-04T21:14:03.881+0000] {logging_mixin.py:190} INFO - [2024-09-04T21:14:03.881+0000] {dag.py:4138} INFO - Setting next_dagrun for example_bash_operator to 2024-09-03 00:00:00+00:00, run_after=2024-09-04 00:00:00+00:00
[2024-09-04T21:14:03.905+0000] {processor.py:208} INFO - Processing /home/airflow/.local/lib/python3.12/site-packages/airflow/example_dags/example_bash_operator.py took 0.091 seconds
[2024-09-04T21:14:34.653+0000] {processor.py:186} INFO - Started process (PID=1831) to work on /home/airflow/.local/lib/python3.12/site-packages/airflow/example_dags/example_bash_operator.py
[2024-09-04T21:14:34.654+0000] {processor.py:914} INFO - Processing file /home/airflow/.local/lib/python3.12/site-packages/airflow/example_dags/example_bash_operator.py for tasks to queue
[2024-09-04T21:14:34.657+0000] {logging_mixin.py:190} INFO - [2024-09-04T21:14:34.657+0000] {dagbag.py:587} INFO - Filling up the DagBag from /home/airflow/.local/lib/python3.12/site-packages/airflow/example_dags/example_bash_operator.py
[2024-09-04T21:14:34.670+0000] {processor.py:925} INFO - DAG(s) 'example_bash_operator' retrieved from /home/airflow/.local/lib/python3.12/site-packages/airflow/example_dags/example_bash_operator.py
[2024-09-04T21:14:34.700+0000] {logging_mixin.py:190} INFO - [2024-09-04T21:14:34.700+0000] {dag.py:3211} INFO - Sync 1 DAGs
[2024-09-04T21:14:34.723+0000] {logging_mixin.py:190} INFO - [2024-09-04T21:14:34.723+0000] {dag.py:4138} INFO - Setting next_dagrun for example_bash_operator to 2024-09-03 00:00:00+00:00, run_after=2024-09-04 00:00:00+00:00
[2024-09-04T21:14:34.742+0000] {processor.py:208} INFO - Processing /home/airflow/.local/lib/python3.12/site-packages/airflow/example_dags/example_bash_operator.py took 0.095 seconds
[2024-09-04T21:15:06.095+0000] {processor.py:186} INFO - Started process (PID=1894) to work on /home/airflow/.local/lib/python3.12/site-packages/airflow/example_dags/example_bash_operator.py
[2024-09-04T21:15:06.098+0000] {processor.py:914} INFO - Processing file /home/airflow/.local/lib/python3.12/site-packages/airflow/example_dags/example_bash_operator.py for tasks to queue
[2024-09-04T21:15:06.105+0000] {logging_mixin.py:190} INFO - [2024-09-04T21:15:06.104+0000] {dagbag.py:587} INFO - Filling up the DagBag from /home/airflow/.local/lib/python3.12/site-packages/airflow/example_dags/example_bash_operator.py
[2024-09-04T21:15:06.145+0000] {processor.py:925} INFO - DAG(s) 'example_bash_operator' retrieved from /home/airflow/.local/lib/python3.12/site-packages/airflow/example_dags/example_bash_operator.py
[2024-09-04T21:15:06.219+0000] {logging_mixin.py:190} INFO - [2024-09-04T21:15:06.218+0000] {dag.py:3211} INFO - Sync 1 DAGs
[2024-09-04T21:15:06.287+0000] {logging_mixin.py:190} INFO - [2024-09-04T21:15:06.286+0000] {dag.py:4138} INFO - Setting next_dagrun for example_bash_operator to 2024-09-03 00:00:00+00:00, run_after=2024-09-04 00:00:00+00:00
[2024-09-04T21:15:06.333+0000] {processor.py:208} INFO - Processing /home/airflow/.local/lib/python3.12/site-packages/airflow/example_dags/example_bash_operator.py took 0.255 seconds
[2024-09-04T21:15:36.608+0000] {processor.py:186} INFO - Started process (PID=1956) to work on /home/airflow/.local/lib/python3.12/site-packages/airflow/example_dags/example_bash_operator.py
[2024-09-04T21:15:36.610+0000] {processor.py:914} INFO - Processing file /home/airflow/.local/lib/python3.12/site-packages/airflow/example_dags/example_bash_operator.py for tasks to queue
[2024-09-04T21:15:36.613+0000] {logging_mixin.py:190} INFO - [2024-09-04T21:15:36.613+0000] {dagbag.py:587} INFO - Filling up the DagBag from /home/airflow/.local/lib/python3.12/site-packages/airflow/example_dags/example_bash_operator.py
[2024-09-04T21:15:36.628+0000] {processor.py:925} INFO - DAG(s) 'example_bash_operator' retrieved from /home/airflow/.local/lib/python3.12/site-packages/airflow/example_dags/example_bash_operator.py
[2024-09-04T21:15:36.656+0000] {logging_mixin.py:190} INFO - [2024-09-04T21:15:36.655+0000] {dag.py:3211} INFO - Sync 1 DAGs
[2024-09-04T21:15:36.677+0000] {logging_mixin.py:190} INFO - [2024-09-04T21:15:36.676+0000] {dag.py:4138} INFO - Setting next_dagrun for example_bash_operator to 2024-09-03 00:00:00+00:00, run_after=2024-09-04 00:00:00+00:00
[2024-09-04T21:15:36.695+0000] {processor.py:208} INFO - Processing /home/airflow/.local/lib/python3.12/site-packages/airflow/example_dags/example_bash_operator.py took 0.092 seconds
[2024-09-04T21:16:08.033+0000] {processor.py:186} INFO - Started process (PID=2021) to work on /home/airflow/.local/lib/python3.12/site-packages/airflow/example_dags/example_bash_operator.py
[2024-09-04T21:16:08.034+0000] {processor.py:914} INFO - Processing file /home/airflow/.local/lib/python3.12/site-packages/airflow/example_dags/example_bash_operator.py for tasks to queue
[2024-09-04T21:16:08.037+0000] {logging_mixin.py:190} INFO - [2024-09-04T21:16:08.036+0000] {dagbag.py:587} INFO - Filling up the DagBag from /home/airflow/.local/lib/python3.12/site-packages/airflow/example_dags/example_bash_operator.py
[2024-09-04T21:16:08.049+0000] {processor.py:925} INFO - DAG(s) 'example_bash_operator' retrieved from /home/airflow/.local/lib/python3.12/site-packages/airflow/example_dags/example_bash_operator.py
[2024-09-04T21:16:08.075+0000] {logging_mixin.py:190} INFO - [2024-09-04T21:16:08.075+0000] {dag.py:3211} INFO - Sync 1 DAGs
[2024-09-04T21:16:08.096+0000] {logging_mixin.py:190} INFO - [2024-09-04T21:16:08.096+0000] {dag.py:4138} INFO - Setting next_dagrun for example_bash_operator to 2024-09-03 00:00:00+00:00, run_after=2024-09-04 00:00:00+00:00
[2024-09-04T21:16:08.116+0000] {processor.py:208} INFO - Processing /home/airflow/.local/lib/python3.12/site-packages/airflow/example_dags/example_bash_operator.py took 0.087 seconds
[2024-09-04T21:16:38.396+0000] {processor.py:186} INFO - Started process (PID=2084) to work on /home/airflow/.local/lib/python3.12/site-packages/airflow/example_dags/example_bash_operator.py
[2024-09-04T21:16:38.397+0000] {processor.py:914} INFO - Processing file /home/airflow/.local/lib/python3.12/site-packages/airflow/example_dags/example_bash_operator.py for tasks to queue
[2024-09-04T21:16:38.400+0000] {logging_mixin.py:190} INFO - [2024-09-04T21:16:38.399+0000] {dagbag.py:587} INFO - Filling up the DagBag from /home/airflow/.local/lib/python3.12/site-packages/airflow/example_dags/example_bash_operator.py
[2024-09-04T21:16:38.412+0000] {processor.py:925} INFO - DAG(s) 'example_bash_operator' retrieved from /home/airflow/.local/lib/python3.12/site-packages/airflow/example_dags/example_bash_operator.py
[2024-09-04T21:16:38.439+0000] {logging_mixin.py:190} INFO - [2024-09-04T21:16:38.438+0000] {dag.py:3211} INFO - Sync 1 DAGs
[2024-09-04T21:16:38.461+0000] {logging_mixin.py:190} INFO - [2024-09-04T21:16:38.461+0000] {dag.py:4138} INFO - Setting next_dagrun for example_bash_operator to 2024-09-03 00:00:00+00:00, run_after=2024-09-04 00:00:00+00:00
[2024-09-04T21:16:38.483+0000] {processor.py:208} INFO - Processing /home/airflow/.local/lib/python3.12/site-packages/airflow/example_dags/example_bash_operator.py took 0.091 seconds
[2024-09-04T21:17:08.712+0000] {processor.py:186} INFO - Started process (PID=2147) to work on /home/airflow/.local/lib/python3.12/site-packages/airflow/example_dags/example_bash_operator.py
[2024-09-04T21:17:08.713+0000] {processor.py:914} INFO - Processing file /home/airflow/.local/lib/python3.12/site-packages/airflow/example_dags/example_bash_operator.py for tasks to queue
[2024-09-04T21:17:08.716+0000] {logging_mixin.py:190} INFO - [2024-09-04T21:17:08.715+0000] {dagbag.py:587} INFO - Filling up the DagBag from /home/airflow/.local/lib/python3.12/site-packages/airflow/example_dags/example_bash_operator.py
[2024-09-04T21:17:08.730+0000] {processor.py:925} INFO - DAG(s) 'example_bash_operator' retrieved from /home/airflow/.local/lib/python3.12/site-packages/airflow/example_dags/example_bash_operator.py
[2024-09-04T21:17:08.756+0000] {logging_mixin.py:190} INFO - [2024-09-04T21:17:08.756+0000] {dag.py:3211} INFO - Sync 1 DAGs
[2024-09-04T21:17:08.779+0000] {logging_mixin.py:190} INFO - [2024-09-04T21:17:08.778+0000] {dag.py:4138} INFO - Setting next_dagrun for example_bash_operator to 2024-09-03 00:00:00+00:00, run_after=2024-09-04 00:00:00+00:00
[2024-09-04T21:17:08.799+0000] {processor.py:208} INFO - Processing /home/airflow/.local/lib/python3.12/site-packages/airflow/example_dags/example_bash_operator.py took 0.092 seconds
[2024-09-04T21:17:38.995+0000] {processor.py:186} INFO - Started process (PID=2210) to work on /home/airflow/.local/lib/python3.12/site-packages/airflow/example_dags/example_bash_operator.py
[2024-09-04T21:17:38.996+0000] {processor.py:914} INFO - Processing file /home/airflow/.local/lib/python3.12/site-packages/airflow/example_dags/example_bash_operator.py for tasks to queue
[2024-09-04T21:17:38.999+0000] {logging_mixin.py:190} INFO - [2024-09-04T21:17:38.999+0000] {dagbag.py:587} INFO - Filling up the DagBag from /home/airflow/.local/lib/python3.12/site-packages/airflow/example_dags/example_bash_operator.py
[2024-09-04T21:17:39.012+0000] {processor.py:925} INFO - DAG(s) 'example_bash_operator' retrieved from /home/airflow/.local/lib/python3.12/site-packages/airflow/example_dags/example_bash_operator.py
[2024-09-04T21:17:39.038+0000] {logging_mixin.py:190} INFO - [2024-09-04T21:17:39.038+0000] {dag.py:3211} INFO - Sync 1 DAGs
[2024-09-04T21:17:39.059+0000] {logging_mixin.py:190} INFO - [2024-09-04T21:17:39.058+0000] {dag.py:4138} INFO - Setting next_dagrun for example_bash_operator to 2024-09-03 00:00:00+00:00, run_after=2024-09-04 00:00:00+00:00
[2024-09-04T21:17:39.078+0000] {processor.py:208} INFO - Processing /home/airflow/.local/lib/python3.12/site-packages/airflow/example_dags/example_bash_operator.py took 0.088 seconds
[2024-09-04T21:18:09.332+0000] {processor.py:186} INFO - Started process (PID=2273) to work on /home/airflow/.local/lib/python3.12/site-packages/airflow/example_dags/example_bash_operator.py
[2024-09-04T21:18:09.333+0000] {processor.py:914} INFO - Processing file /home/airflow/.local/lib/python3.12/site-packages/airflow/example_dags/example_bash_operator.py for tasks to queue
[2024-09-04T21:18:09.335+0000] {logging_mixin.py:190} INFO - [2024-09-04T21:18:09.335+0000] {dagbag.py:587} INFO - Filling up the DagBag from /home/airflow/.local/lib/python3.12/site-packages/airflow/example_dags/example_bash_operator.py
[2024-09-04T21:18:09.347+0000] {processor.py:925} INFO - DAG(s) 'example_bash_operator' retrieved from /home/airflow/.local/lib/python3.12/site-packages/airflow/example_dags/example_bash_operator.py
[2024-09-04T21:18:09.373+0000] {logging_mixin.py:190} INFO - [2024-09-04T21:18:09.373+0000] {dag.py:3211} INFO - Sync 1 DAGs
[2024-09-04T21:18:09.396+0000] {logging_mixin.py:190} INFO - [2024-09-04T21:18:09.396+0000] {dag.py:4138} INFO - Setting next_dagrun for example_bash_operator to 2024-09-03 00:00:00+00:00, run_after=2024-09-04 00:00:00+00:00
[2024-09-04T21:18:09.419+0000] {processor.py:208} INFO - Processing /home/airflow/.local/lib/python3.12/site-packages/airflow/example_dags/example_bash_operator.py took 0.092 seconds
[2024-09-04T21:18:39.724+0000] {processor.py:186} INFO - Started process (PID=2336) to work on /home/airflow/.local/lib/python3.12/site-packages/airflow/example_dags/example_bash_operator.py
[2024-09-04T21:18:39.725+0000] {processor.py:914} INFO - Processing file /home/airflow/.local/lib/python3.12/site-packages/airflow/example_dags/example_bash_operator.py for tasks to queue
[2024-09-04T21:18:39.728+0000] {logging_mixin.py:190} INFO - [2024-09-04T21:18:39.728+0000] {dagbag.py:587} INFO - Filling up the DagBag from /home/airflow/.local/lib/python3.12/site-packages/airflow/example_dags/example_bash_operator.py
[2024-09-04T21:18:39.745+0000] {processor.py:925} INFO - DAG(s) 'example_bash_operator' retrieved from /home/airflow/.local/lib/python3.12/site-packages/airflow/example_dags/example_bash_operator.py
[2024-09-04T21:18:39.776+0000] {logging_mixin.py:190} INFO - [2024-09-04T21:18:39.776+0000] {dag.py:3211} INFO - Sync 1 DAGs
[2024-09-04T21:18:39.803+0000] {logging_mixin.py:190} INFO - [2024-09-04T21:18:39.803+0000] {dag.py:4138} INFO - Setting next_dagrun for example_bash_operator to 2024-09-03 00:00:00+00:00, run_after=2024-09-04 00:00:00+00:00
[2024-09-04T21:18:39.828+0000] {processor.py:208} INFO - Processing /home/airflow/.local/lib/python3.12/site-packages/airflow/example_dags/example_bash_operator.py took 0.111 seconds
