[2024-09-04T20:52:34.061+0000] {processor.py:186} INFO - Started process (PID=91) to work on /home/airflow/.local/lib/python3.12/site-packages/airflow/example_dags/example_display_name.py
[2024-09-04T20:52:34.063+0000] {processor.py:914} INFO - Processing file /home/airflow/.local/lib/python3.12/site-packages/airflow/example_dags/example_display_name.py for tasks to queue
[2024-09-04T20:52:34.068+0000] {logging_mixin.py:190} INFO - [2024-09-04T20:52:34.068+0000] {dagbag.py:587} INFO - Filling up the DagBag from /home/airflow/.local/lib/python3.12/site-packages/airflow/example_dags/example_display_name.py
[2024-09-04T20:52:34.083+0000] {processor.py:925} INFO - DAG(s) 'example_display_name' retrieved from /home/airflow/.local/lib/python3.12/site-packages/airflow/example_dags/example_display_name.py
[2024-09-04T20:52:34.376+0000] {logging_mixin.py:190} INFO - [2024-09-04T20:52:34.373+0000] {override.py:1858} INFO - Created Permission View: can delete on DAG:example_display_name
[2024-09-04T20:52:34.394+0000] {logging_mixin.py:190} INFO - [2024-09-04T20:52:34.394+0000] {override.py:1858} INFO - Created Permission View: can edit on DAG:example_display_name
[2024-09-04T20:52:34.403+0000] {logging_mixin.py:190} INFO - [2024-09-04T20:52:34.402+0000] {override.py:1858} INFO - Created Permission View: can read on DAG:example_display_name
[2024-09-04T20:52:34.404+0000] {logging_mixin.py:190} INFO - [2024-09-04T20:52:34.404+0000] {dag.py:3211} INFO - Sync 1 DAGs
[2024-09-04T20:52:34.425+0000] {logging_mixin.py:190} INFO - [2024-09-04T20:52:34.424+0000] {dag.py:3234} INFO - Creating ORM DAG for example_display_name
[2024-09-04T20:52:34.427+0000] {logging_mixin.py:190} INFO - [2024-09-04T20:52:34.427+0000] {dag.py:4138} INFO - Setting next_dagrun for example_display_name to None, run_after=None
[2024-09-04T20:52:34.471+0000] {processor.py:208} INFO - Processing /home/airflow/.local/lib/python3.12/site-packages/airflow/example_dags/example_display_name.py took 0.418 seconds
[2024-09-04T21:00:16.501+0000] {processor.py:186} INFO - Started process (PID=86) to work on /home/airflow/.local/lib/python3.12/site-packages/airflow/example_dags/example_display_name.py
[2024-09-04T21:00:16.502+0000] {processor.py:914} INFO - Processing file /home/airflow/.local/lib/python3.12/site-packages/airflow/example_dags/example_display_name.py for tasks to queue
[2024-09-04T21:00:16.506+0000] {logging_mixin.py:190} INFO - [2024-09-04T21:00:16.505+0000] {dagbag.py:587} INFO - Filling up the DagBag from /home/airflow/.local/lib/python3.12/site-packages/airflow/example_dags/example_display_name.py
[2024-09-04T21:00:16.517+0000] {processor.py:925} INFO - DAG(s) 'example_display_name' retrieved from /home/airflow/.local/lib/python3.12/site-packages/airflow/example_dags/example_display_name.py
[2024-09-04T21:00:16.556+0000] {logging_mixin.py:190} INFO - [2024-09-04T21:00:16.556+0000] {dag.py:3211} INFO - Sync 1 DAGs
[2024-09-04T21:00:16.591+0000] {logging_mixin.py:190} INFO - [2024-09-04T21:00:16.590+0000] {dag.py:4138} INFO - Setting next_dagrun for example_display_name to None, run_after=None
[2024-09-04T21:00:16.649+0000] {processor.py:208} INFO - Processing /home/airflow/.local/lib/python3.12/site-packages/airflow/example_dags/example_display_name.py took 0.156 seconds
[2024-09-04T21:00:47.280+0000] {processor.py:186} INFO - Started process (PID=148) to work on /home/airflow/.local/lib/python3.12/site-packages/airflow/example_dags/example_display_name.py
[2024-09-04T21:00:47.281+0000] {processor.py:914} INFO - Processing file /home/airflow/.local/lib/python3.12/site-packages/airflow/example_dags/example_display_name.py for tasks to queue
[2024-09-04T21:00:47.284+0000] {logging_mixin.py:190} INFO - [2024-09-04T21:00:47.284+0000] {dagbag.py:587} INFO - Filling up the DagBag from /home/airflow/.local/lib/python3.12/site-packages/airflow/example_dags/example_display_name.py
[2024-09-04T21:00:47.298+0000] {processor.py:925} INFO - DAG(s) 'example_display_name' retrieved from /home/airflow/.local/lib/python3.12/site-packages/airflow/example_dags/example_display_name.py
[2024-09-04T21:00:47.330+0000] {logging_mixin.py:190} INFO - [2024-09-04T21:00:47.330+0000] {dag.py:3211} INFO - Sync 1 DAGs
[2024-09-04T21:00:47.347+0000] {logging_mixin.py:190} INFO - [2024-09-04T21:00:47.346+0000] {dag.py:4138} INFO - Setting next_dagrun for example_display_name to None, run_after=None
[2024-09-04T21:00:47.372+0000] {processor.py:208} INFO - Processing /home/airflow/.local/lib/python3.12/site-packages/airflow/example_dags/example_display_name.py took 0.097 seconds
[2024-09-04T21:01:17.947+0000] {processor.py:186} INFO - Started process (PID=210) to work on /home/airflow/.local/lib/python3.12/site-packages/airflow/example_dags/example_display_name.py
[2024-09-04T21:01:17.948+0000] {processor.py:914} INFO - Processing file /home/airflow/.local/lib/python3.12/site-packages/airflow/example_dags/example_display_name.py for tasks to queue
[2024-09-04T21:01:17.950+0000] {logging_mixin.py:190} INFO - [2024-09-04T21:01:17.950+0000] {dagbag.py:587} INFO - Filling up the DagBag from /home/airflow/.local/lib/python3.12/site-packages/airflow/example_dags/example_display_name.py
[2024-09-04T21:01:17.957+0000] {processor.py:925} INFO - DAG(s) 'example_display_name' retrieved from /home/airflow/.local/lib/python3.12/site-packages/airflow/example_dags/example_display_name.py
[2024-09-04T21:01:17.975+0000] {logging_mixin.py:190} INFO - [2024-09-04T21:01:17.975+0000] {dag.py:3211} INFO - Sync 1 DAGs
[2024-09-04T21:01:17.987+0000] {logging_mixin.py:190} INFO - [2024-09-04T21:01:17.986+0000] {dag.py:4138} INFO - Setting next_dagrun for example_display_name to None, run_after=None
[2024-09-04T21:01:18.009+0000] {processor.py:208} INFO - Processing /home/airflow/.local/lib/python3.12/site-packages/airflow/example_dags/example_display_name.py took 0.069 seconds
[2024-09-04T21:01:48.248+0000] {processor.py:186} INFO - Started process (PID=272) to work on /home/airflow/.local/lib/python3.12/site-packages/airflow/example_dags/example_display_name.py
[2024-09-04T21:01:48.248+0000] {processor.py:914} INFO - Processing file /home/airflow/.local/lib/python3.12/site-packages/airflow/example_dags/example_display_name.py for tasks to queue
[2024-09-04T21:01:48.250+0000] {logging_mixin.py:190} INFO - [2024-09-04T21:01:48.250+0000] {dagbag.py:587} INFO - Filling up the DagBag from /home/airflow/.local/lib/python3.12/site-packages/airflow/example_dags/example_display_name.py
[2024-09-04T21:01:48.257+0000] {processor.py:925} INFO - DAG(s) 'example_display_name' retrieved from /home/airflow/.local/lib/python3.12/site-packages/airflow/example_dags/example_display_name.py
[2024-09-04T21:01:48.275+0000] {logging_mixin.py:190} INFO - [2024-09-04T21:01:48.275+0000] {dag.py:3211} INFO - Sync 1 DAGs
[2024-09-04T21:01:48.286+0000] {logging_mixin.py:190} INFO - [2024-09-04T21:01:48.286+0000] {dag.py:4138} INFO - Setting next_dagrun for example_display_name to None, run_after=None
[2024-09-04T21:01:48.306+0000] {processor.py:208} INFO - Processing /home/airflow/.local/lib/python3.12/site-packages/airflow/example_dags/example_display_name.py took 0.063 seconds
[2024-09-04T21:02:19.100+0000] {processor.py:186} INFO - Started process (PID=335) to work on /home/airflow/.local/lib/python3.12/site-packages/airflow/example_dags/example_display_name.py
[2024-09-04T21:02:19.101+0000] {processor.py:914} INFO - Processing file /home/airflow/.local/lib/python3.12/site-packages/airflow/example_dags/example_display_name.py for tasks to queue
[2024-09-04T21:02:19.103+0000] {logging_mixin.py:190} INFO - [2024-09-04T21:02:19.103+0000] {dagbag.py:587} INFO - Filling up the DagBag from /home/airflow/.local/lib/python3.12/site-packages/airflow/example_dags/example_display_name.py
[2024-09-04T21:02:19.110+0000] {processor.py:925} INFO - DAG(s) 'example_display_name' retrieved from /home/airflow/.local/lib/python3.12/site-packages/airflow/example_dags/example_display_name.py
[2024-09-04T21:02:19.129+0000] {logging_mixin.py:190} INFO - [2024-09-04T21:02:19.129+0000] {dag.py:3211} INFO - Sync 1 DAGs
[2024-09-04T21:02:19.142+0000] {logging_mixin.py:190} INFO - [2024-09-04T21:02:19.141+0000] {dag.py:4138} INFO - Setting next_dagrun for example_display_name to None, run_after=None
[2024-09-04T21:02:19.163+0000] {processor.py:208} INFO - Processing /home/airflow/.local/lib/python3.12/site-packages/airflow/example_dags/example_display_name.py took 0.068 seconds
[2024-09-04T21:02:49.891+0000] {processor.py:186} INFO - Started process (PID=397) to work on /home/airflow/.local/lib/python3.12/site-packages/airflow/example_dags/example_display_name.py
[2024-09-04T21:02:49.892+0000] {processor.py:914} INFO - Processing file /home/airflow/.local/lib/python3.12/site-packages/airflow/example_dags/example_display_name.py for tasks to queue
[2024-09-04T21:02:49.894+0000] {logging_mixin.py:190} INFO - [2024-09-04T21:02:49.893+0000] {dagbag.py:587} INFO - Filling up the DagBag from /home/airflow/.local/lib/python3.12/site-packages/airflow/example_dags/example_display_name.py
[2024-09-04T21:02:49.900+0000] {processor.py:925} INFO - DAG(s) 'example_display_name' retrieved from /home/airflow/.local/lib/python3.12/site-packages/airflow/example_dags/example_display_name.py
[2024-09-04T21:02:49.918+0000] {logging_mixin.py:190} INFO - [2024-09-04T21:02:49.918+0000] {dag.py:3211} INFO - Sync 1 DAGs
[2024-09-04T21:02:49.930+0000] {logging_mixin.py:190} INFO - [2024-09-04T21:02:49.929+0000] {dag.py:4138} INFO - Setting next_dagrun for example_display_name to None, run_after=None
[2024-09-04T21:02:49.951+0000] {processor.py:208} INFO - Processing /home/airflow/.local/lib/python3.12/site-packages/airflow/example_dags/example_display_name.py took 0.065 seconds
[2024-09-04T21:03:20.854+0000] {processor.py:186} INFO - Started process (PID=459) to work on /home/airflow/.local/lib/python3.12/site-packages/airflow/example_dags/example_display_name.py
[2024-09-04T21:03:20.856+0000] {processor.py:914} INFO - Processing file /home/airflow/.local/lib/python3.12/site-packages/airflow/example_dags/example_display_name.py for tasks to queue
[2024-09-04T21:03:20.863+0000] {logging_mixin.py:190} INFO - [2024-09-04T21:03:20.862+0000] {dagbag.py:587} INFO - Filling up the DagBag from /home/airflow/.local/lib/python3.12/site-packages/airflow/example_dags/example_display_name.py
[2024-09-04T21:03:20.885+0000] {processor.py:925} INFO - DAG(s) 'example_display_name' retrieved from /home/airflow/.local/lib/python3.12/site-packages/airflow/example_dags/example_display_name.py
[2024-09-04T21:03:20.946+0000] {logging_mixin.py:190} INFO - [2024-09-04T21:03:20.945+0000] {dag.py:3211} INFO - Sync 1 DAGs
[2024-09-04T21:03:20.997+0000] {logging_mixin.py:190} INFO - [2024-09-04T21:03:20.996+0000] {dag.py:4138} INFO - Setting next_dagrun for example_display_name to None, run_after=None
[2024-09-04T21:03:21.057+0000] {processor.py:208} INFO - Processing /home/airflow/.local/lib/python3.12/site-packages/airflow/example_dags/example_display_name.py took 0.224 seconds
[2024-09-04T21:03:51.116+0000] {processor.py:186} INFO - Started process (PID=520) to work on /home/airflow/.local/lib/python3.12/site-packages/airflow/example_dags/example_display_name.py
[2024-09-04T21:03:51.117+0000] {processor.py:914} INFO - Processing file /home/airflow/.local/lib/python3.12/site-packages/airflow/example_dags/example_display_name.py for tasks to queue
[2024-09-04T21:03:51.121+0000] {logging_mixin.py:190} INFO - [2024-09-04T21:03:51.120+0000] {dagbag.py:587} INFO - Filling up the DagBag from /home/airflow/.local/lib/python3.12/site-packages/airflow/example_dags/example_display_name.py
[2024-09-04T21:03:51.130+0000] {processor.py:925} INFO - DAG(s) 'example_display_name' retrieved from /home/airflow/.local/lib/python3.12/site-packages/airflow/example_dags/example_display_name.py
[2024-09-04T21:03:51.155+0000] {logging_mixin.py:190} INFO - [2024-09-04T21:03:51.155+0000] {dag.py:3211} INFO - Sync 1 DAGs
[2024-09-04T21:03:51.173+0000] {logging_mixin.py:190} INFO - [2024-09-04T21:03:51.172+0000] {dag.py:4138} INFO - Setting next_dagrun for example_display_name to None, run_after=None
[2024-09-04T21:03:51.200+0000] {processor.py:208} INFO - Processing /home/airflow/.local/lib/python3.12/site-packages/airflow/example_dags/example_display_name.py took 0.093 seconds
[2024-09-04T21:04:21.410+0000] {processor.py:186} INFO - Started process (PID=582) to work on /home/airflow/.local/lib/python3.12/site-packages/airflow/example_dags/example_display_name.py
[2024-09-04T21:04:21.411+0000] {processor.py:914} INFO - Processing file /home/airflow/.local/lib/python3.12/site-packages/airflow/example_dags/example_display_name.py for tasks to queue
[2024-09-04T21:04:21.416+0000] {logging_mixin.py:190} INFO - [2024-09-04T21:04:21.415+0000] {dagbag.py:587} INFO - Filling up the DagBag from /home/airflow/.local/lib/python3.12/site-packages/airflow/example_dags/example_display_name.py
[2024-09-04T21:04:21.427+0000] {processor.py:925} INFO - DAG(s) 'example_display_name' retrieved from /home/airflow/.local/lib/python3.12/site-packages/airflow/example_dags/example_display_name.py
[2024-09-04T21:04:21.457+0000] {logging_mixin.py:190} INFO - [2024-09-04T21:04:21.457+0000] {dag.py:3211} INFO - Sync 1 DAGs
[2024-09-04T21:04:21.478+0000] {logging_mixin.py:190} INFO - [2024-09-04T21:04:21.478+0000] {dag.py:4138} INFO - Setting next_dagrun for example_display_name to None, run_after=None
[2024-09-04T21:04:21.505+0000] {processor.py:208} INFO - Processing /home/airflow/.local/lib/python3.12/site-packages/airflow/example_dags/example_display_name.py took 0.104 seconds
[2024-09-04T21:04:52.596+0000] {processor.py:186} INFO - Started process (PID=645) to work on /home/airflow/.local/lib/python3.12/site-packages/airflow/example_dags/example_display_name.py
[2024-09-04T21:04:52.598+0000] {processor.py:914} INFO - Processing file /home/airflow/.local/lib/python3.12/site-packages/airflow/example_dags/example_display_name.py for tasks to queue
[2024-09-04T21:04:52.603+0000] {logging_mixin.py:190} INFO - [2024-09-04T21:04:52.602+0000] {dagbag.py:587} INFO - Filling up the DagBag from /home/airflow/.local/lib/python3.12/site-packages/airflow/example_dags/example_display_name.py
[2024-09-04T21:04:52.621+0000] {processor.py:925} INFO - DAG(s) 'example_display_name' retrieved from /home/airflow/.local/lib/python3.12/site-packages/airflow/example_dags/example_display_name.py
[2024-09-04T21:04:52.655+0000] {logging_mixin.py:190} INFO - [2024-09-04T21:04:52.655+0000] {dag.py:3211} INFO - Sync 1 DAGs
[2024-09-04T21:04:52.682+0000] {logging_mixin.py:190} INFO - [2024-09-04T21:04:52.681+0000] {dag.py:4138} INFO - Setting next_dagrun for example_display_name to None, run_after=None
[2024-09-04T21:04:52.713+0000] {processor.py:208} INFO - Processing /home/airflow/.local/lib/python3.12/site-packages/airflow/example_dags/example_display_name.py took 0.128 seconds
[2024-09-04T21:05:22.797+0000] {processor.py:186} INFO - Started process (PID=707) to work on /home/airflow/.local/lib/python3.12/site-packages/airflow/example_dags/example_display_name.py
[2024-09-04T21:05:22.799+0000] {processor.py:914} INFO - Processing file /home/airflow/.local/lib/python3.12/site-packages/airflow/example_dags/example_display_name.py for tasks to queue
[2024-09-04T21:05:22.803+0000] {logging_mixin.py:190} INFO - [2024-09-04T21:05:22.802+0000] {dagbag.py:587} INFO - Filling up the DagBag from /home/airflow/.local/lib/python3.12/site-packages/airflow/example_dags/example_display_name.py
[2024-09-04T21:05:22.814+0000] {processor.py:925} INFO - DAG(s) 'example_display_name' retrieved from /home/airflow/.local/lib/python3.12/site-packages/airflow/example_dags/example_display_name.py
[2024-09-04T21:05:22.839+0000] {logging_mixin.py:190} INFO - [2024-09-04T21:05:22.839+0000] {dag.py:3211} INFO - Sync 1 DAGs
[2024-09-04T21:05:22.857+0000] {logging_mixin.py:190} INFO - [2024-09-04T21:05:22.857+0000] {dag.py:4138} INFO - Setting next_dagrun for example_display_name to None, run_after=None
[2024-09-04T21:05:22.882+0000] {processor.py:208} INFO - Processing /home/airflow/.local/lib/python3.12/site-packages/airflow/example_dags/example_display_name.py took 0.092 seconds
[2024-09-04T21:05:53.305+0000] {processor.py:186} INFO - Started process (PID=769) to work on /home/airflow/.local/lib/python3.12/site-packages/airflow/example_dags/example_display_name.py
[2024-09-04T21:05:53.306+0000] {processor.py:914} INFO - Processing file /home/airflow/.local/lib/python3.12/site-packages/airflow/example_dags/example_display_name.py for tasks to queue
[2024-09-04T21:05:53.309+0000] {logging_mixin.py:190} INFO - [2024-09-04T21:05:53.309+0000] {dagbag.py:587} INFO - Filling up the DagBag from /home/airflow/.local/lib/python3.12/site-packages/airflow/example_dags/example_display_name.py
[2024-09-04T21:05:53.315+0000] {processor.py:925} INFO - DAG(s) 'example_display_name' retrieved from /home/airflow/.local/lib/python3.12/site-packages/airflow/example_dags/example_display_name.py
[2024-09-04T21:05:53.335+0000] {logging_mixin.py:190} INFO - [2024-09-04T21:05:53.335+0000] {dag.py:3211} INFO - Sync 1 DAGs
[2024-09-04T21:05:53.348+0000] {logging_mixin.py:190} INFO - [2024-09-04T21:05:53.348+0000] {dag.py:4138} INFO - Setting next_dagrun for example_display_name to None, run_after=None
[2024-09-04T21:05:53.366+0000] {processor.py:208} INFO - Processing /home/airflow/.local/lib/python3.12/site-packages/airflow/example_dags/example_display_name.py took 0.066 seconds
[2024-09-04T21:06:24.376+0000] {processor.py:186} INFO - Started process (PID=831) to work on /home/airflow/.local/lib/python3.12/site-packages/airflow/example_dags/example_display_name.py
[2024-09-04T21:06:24.379+0000] {processor.py:914} INFO - Processing file /home/airflow/.local/lib/python3.12/site-packages/airflow/example_dags/example_display_name.py for tasks to queue
[2024-09-04T21:06:24.385+0000] {logging_mixin.py:190} INFO - [2024-09-04T21:06:24.384+0000] {dagbag.py:587} INFO - Filling up the DagBag from /home/airflow/.local/lib/python3.12/site-packages/airflow/example_dags/example_display_name.py
[2024-09-04T21:06:24.402+0000] {processor.py:925} INFO - DAG(s) 'example_display_name' retrieved from /home/airflow/.local/lib/python3.12/site-packages/airflow/example_dags/example_display_name.py
[2024-09-04T21:06:24.456+0000] {logging_mixin.py:190} INFO - [2024-09-04T21:06:24.455+0000] {dag.py:3211} INFO - Sync 1 DAGs
[2024-09-04T21:06:24.489+0000] {logging_mixin.py:190} INFO - [2024-09-04T21:06:24.489+0000] {dag.py:4138} INFO - Setting next_dagrun for example_display_name to None, run_after=None
[2024-09-04T21:06:24.532+0000] {processor.py:208} INFO - Processing /home/airflow/.local/lib/python3.12/site-packages/airflow/example_dags/example_display_name.py took 0.171 seconds
[2024-09-04T21:06:54.991+0000] {processor.py:186} INFO - Started process (PID=898) to work on /home/airflow/.local/lib/python3.12/site-packages/airflow/example_dags/example_display_name.py
[2024-09-04T21:06:54.992+0000] {processor.py:914} INFO - Processing file /home/airflow/.local/lib/python3.12/site-packages/airflow/example_dags/example_display_name.py for tasks to queue
[2024-09-04T21:06:54.996+0000] {logging_mixin.py:190} INFO - [2024-09-04T21:06:54.995+0000] {dagbag.py:587} INFO - Filling up the DagBag from /home/airflow/.local/lib/python3.12/site-packages/airflow/example_dags/example_display_name.py
[2024-09-04T21:06:55.009+0000] {processor.py:925} INFO - DAG(s) 'example_display_name' retrieved from /home/airflow/.local/lib/python3.12/site-packages/airflow/example_dags/example_display_name.py
[2024-09-04T21:06:55.035+0000] {logging_mixin.py:190} INFO - [2024-09-04T21:06:55.035+0000] {dag.py:3211} INFO - Sync 1 DAGs
[2024-09-04T21:06:55.053+0000] {logging_mixin.py:190} INFO - [2024-09-04T21:06:55.052+0000] {dag.py:4138} INFO - Setting next_dagrun for example_display_name to None, run_after=None
[2024-09-04T21:06:55.075+0000] {processor.py:208} INFO - Processing /home/airflow/.local/lib/python3.12/site-packages/airflow/example_dags/example_display_name.py took 0.091 seconds
[2024-09-04T21:07:25.374+0000] {processor.py:186} INFO - Started process (PID=960) to work on /home/airflow/.local/lib/python3.12/site-packages/airflow/example_dags/example_display_name.py
[2024-09-04T21:07:25.375+0000] {processor.py:914} INFO - Processing file /home/airflow/.local/lib/python3.12/site-packages/airflow/example_dags/example_display_name.py for tasks to queue
[2024-09-04T21:07:25.377+0000] {logging_mixin.py:190} INFO - [2024-09-04T21:07:25.377+0000] {dagbag.py:587} INFO - Filling up the DagBag from /home/airflow/.local/lib/python3.12/site-packages/airflow/example_dags/example_display_name.py
[2024-09-04T21:07:25.389+0000] {processor.py:925} INFO - DAG(s) 'example_display_name' retrieved from /home/airflow/.local/lib/python3.12/site-packages/airflow/example_dags/example_display_name.py
[2024-09-04T21:07:25.420+0000] {logging_mixin.py:190} INFO - [2024-09-04T21:07:25.419+0000] {dag.py:3211} INFO - Sync 1 DAGs
[2024-09-04T21:07:25.441+0000] {logging_mixin.py:190} INFO - [2024-09-04T21:07:25.441+0000] {dag.py:4138} INFO - Setting next_dagrun for example_display_name to None, run_after=None
[2024-09-04T21:07:25.471+0000] {processor.py:208} INFO - Processing /home/airflow/.local/lib/python3.12/site-packages/airflow/example_dags/example_display_name.py took 0.104 seconds
[2024-09-04T21:07:55.901+0000] {processor.py:186} INFO - Started process (PID=1023) to work on /home/airflow/.local/lib/python3.12/site-packages/airflow/example_dags/example_display_name.py
[2024-09-04T21:07:55.903+0000] {processor.py:914} INFO - Processing file /home/airflow/.local/lib/python3.12/site-packages/airflow/example_dags/example_display_name.py for tasks to queue
[2024-09-04T21:07:55.908+0000] {logging_mixin.py:190} INFO - [2024-09-04T21:07:55.907+0000] {dagbag.py:587} INFO - Filling up the DagBag from /home/airflow/.local/lib/python3.12/site-packages/airflow/example_dags/example_display_name.py
[2024-09-04T21:07:55.926+0000] {processor.py:925} INFO - DAG(s) 'example_display_name' retrieved from /home/airflow/.local/lib/python3.12/site-packages/airflow/example_dags/example_display_name.py
[2024-09-04T21:07:55.955+0000] {logging_mixin.py:190} INFO - [2024-09-04T21:07:55.955+0000] {dag.py:3211} INFO - Sync 1 DAGs
[2024-09-04T21:07:55.981+0000] {logging_mixin.py:190} INFO - [2024-09-04T21:07:55.981+0000] {dag.py:4138} INFO - Setting next_dagrun for example_display_name to None, run_after=None
[2024-09-04T21:07:56.019+0000] {processor.py:208} INFO - Processing /home/airflow/.local/lib/python3.12/site-packages/airflow/example_dags/example_display_name.py took 0.128 seconds
[2024-09-04T21:08:26.804+0000] {processor.py:186} INFO - Started process (PID=1085) to work on /home/airflow/.local/lib/python3.12/site-packages/airflow/example_dags/example_display_name.py
[2024-09-04T21:08:26.805+0000] {processor.py:914} INFO - Processing file /home/airflow/.local/lib/python3.12/site-packages/airflow/example_dags/example_display_name.py for tasks to queue
[2024-09-04T21:08:26.808+0000] {logging_mixin.py:190} INFO - [2024-09-04T21:08:26.807+0000] {dagbag.py:587} INFO - Filling up the DagBag from /home/airflow/.local/lib/python3.12/site-packages/airflow/example_dags/example_display_name.py
[2024-09-04T21:08:26.814+0000] {processor.py:925} INFO - DAG(s) 'example_display_name' retrieved from /home/airflow/.local/lib/python3.12/site-packages/airflow/example_dags/example_display_name.py
[2024-09-04T21:08:26.833+0000] {logging_mixin.py:190} INFO - [2024-09-04T21:08:26.833+0000] {dag.py:3211} INFO - Sync 1 DAGs
[2024-09-04T21:08:26.849+0000] {logging_mixin.py:190} INFO - [2024-09-04T21:08:26.848+0000] {dag.py:4138} INFO - Setting next_dagrun for example_display_name to None, run_after=None
[2024-09-04T21:08:26.867+0000] {processor.py:208} INFO - Processing /home/airflow/.local/lib/python3.12/site-packages/airflow/example_dags/example_display_name.py took 0.068 seconds
[2024-09-04T21:08:57.418+0000] {processor.py:186} INFO - Started process (PID=1147) to work on /home/airflow/.local/lib/python3.12/site-packages/airflow/example_dags/example_display_name.py
[2024-09-04T21:08:57.419+0000] {processor.py:914} INFO - Processing file /home/airflow/.local/lib/python3.12/site-packages/airflow/example_dags/example_display_name.py for tasks to queue
[2024-09-04T21:08:57.421+0000] {logging_mixin.py:190} INFO - [2024-09-04T21:08:57.421+0000] {dagbag.py:587} INFO - Filling up the DagBag from /home/airflow/.local/lib/python3.12/site-packages/airflow/example_dags/example_display_name.py
[2024-09-04T21:08:57.428+0000] {processor.py:925} INFO - DAG(s) 'example_display_name' retrieved from /home/airflow/.local/lib/python3.12/site-packages/airflow/example_dags/example_display_name.py
[2024-09-04T21:08:57.448+0000] {logging_mixin.py:190} INFO - [2024-09-04T21:08:57.448+0000] {dag.py:3211} INFO - Sync 1 DAGs
[2024-09-04T21:08:57.460+0000] {logging_mixin.py:190} INFO - [2024-09-04T21:08:57.460+0000] {dag.py:4138} INFO - Setting next_dagrun for example_display_name to None, run_after=None
[2024-09-04T21:08:57.480+0000] {processor.py:208} INFO - Processing /home/airflow/.local/lib/python3.12/site-packages/airflow/example_dags/example_display_name.py took 0.067 seconds
[2024-09-04T21:09:27.767+0000] {processor.py:186} INFO - Started process (PID=1209) to work on /home/airflow/.local/lib/python3.12/site-packages/airflow/example_dags/example_display_name.py
[2024-09-04T21:09:27.768+0000] {processor.py:914} INFO - Processing file /home/airflow/.local/lib/python3.12/site-packages/airflow/example_dags/example_display_name.py for tasks to queue
[2024-09-04T21:09:27.770+0000] {logging_mixin.py:190} INFO - [2024-09-04T21:09:27.770+0000] {dagbag.py:587} INFO - Filling up the DagBag from /home/airflow/.local/lib/python3.12/site-packages/airflow/example_dags/example_display_name.py
[2024-09-04T21:09:27.777+0000] {processor.py:925} INFO - DAG(s) 'example_display_name' retrieved from /home/airflow/.local/lib/python3.12/site-packages/airflow/example_dags/example_display_name.py
[2024-09-04T21:09:27.797+0000] {logging_mixin.py:190} INFO - [2024-09-04T21:09:27.796+0000] {dag.py:3211} INFO - Sync 1 DAGs
[2024-09-04T21:09:27.810+0000] {logging_mixin.py:190} INFO - [2024-09-04T21:09:27.810+0000] {dag.py:4138} INFO - Setting next_dagrun for example_display_name to None, run_after=None
[2024-09-04T21:09:27.830+0000] {processor.py:208} INFO - Processing /home/airflow/.local/lib/python3.12/site-packages/airflow/example_dags/example_display_name.py took 0.068 seconds
[2024-09-04T21:09:58.198+0000] {processor.py:186} INFO - Started process (PID=1271) to work on /home/airflow/.local/lib/python3.12/site-packages/airflow/example_dags/example_display_name.py
[2024-09-04T21:09:58.199+0000] {processor.py:914} INFO - Processing file /home/airflow/.local/lib/python3.12/site-packages/airflow/example_dags/example_display_name.py for tasks to queue
[2024-09-04T21:09:58.202+0000] {logging_mixin.py:190} INFO - [2024-09-04T21:09:58.202+0000] {dagbag.py:587} INFO - Filling up the DagBag from /home/airflow/.local/lib/python3.12/site-packages/airflow/example_dags/example_display_name.py
[2024-09-04T21:09:58.209+0000] {processor.py:925} INFO - DAG(s) 'example_display_name' retrieved from /home/airflow/.local/lib/python3.12/site-packages/airflow/example_dags/example_display_name.py
[2024-09-04T21:09:58.229+0000] {logging_mixin.py:190} INFO - [2024-09-04T21:09:58.228+0000] {dag.py:3211} INFO - Sync 1 DAGs
[2024-09-04T21:09:58.242+0000] {logging_mixin.py:190} INFO - [2024-09-04T21:09:58.242+0000] {dag.py:4138} INFO - Setting next_dagrun for example_display_name to None, run_after=None
[2024-09-04T21:09:58.262+0000] {processor.py:208} INFO - Processing /home/airflow/.local/lib/python3.12/site-packages/airflow/example_dags/example_display_name.py took 0.069 seconds
[2024-09-04T21:10:28.698+0000] {processor.py:186} INFO - Started process (PID=1334) to work on /home/airflow/.local/lib/python3.12/site-packages/airflow/example_dags/example_display_name.py
[2024-09-04T21:10:28.699+0000] {processor.py:914} INFO - Processing file /home/airflow/.local/lib/python3.12/site-packages/airflow/example_dags/example_display_name.py for tasks to queue
[2024-09-04T21:10:28.702+0000] {logging_mixin.py:190} INFO - [2024-09-04T21:10:28.701+0000] {dagbag.py:587} INFO - Filling up the DagBag from /home/airflow/.local/lib/python3.12/site-packages/airflow/example_dags/example_display_name.py
[2024-09-04T21:10:28.709+0000] {processor.py:925} INFO - DAG(s) 'example_display_name' retrieved from /home/airflow/.local/lib/python3.12/site-packages/airflow/example_dags/example_display_name.py
[2024-09-04T21:10:28.730+0000] {logging_mixin.py:190} INFO - [2024-09-04T21:10:28.729+0000] {dag.py:3211} INFO - Sync 1 DAGs
[2024-09-04T21:10:28.746+0000] {logging_mixin.py:190} INFO - [2024-09-04T21:10:28.746+0000] {dag.py:4138} INFO - Setting next_dagrun for example_display_name to None, run_after=None
[2024-09-04T21:10:28.767+0000] {processor.py:208} INFO - Processing /home/airflow/.local/lib/python3.12/site-packages/airflow/example_dags/example_display_name.py took 0.076 seconds
[2024-09-04T21:10:59.232+0000] {processor.py:186} INFO - Started process (PID=1397) to work on /home/airflow/.local/lib/python3.12/site-packages/airflow/example_dags/example_display_name.py
[2024-09-04T21:10:59.234+0000] {processor.py:914} INFO - Processing file /home/airflow/.local/lib/python3.12/site-packages/airflow/example_dags/example_display_name.py for tasks to queue
[2024-09-04T21:10:59.236+0000] {logging_mixin.py:190} INFO - [2024-09-04T21:10:59.236+0000] {dagbag.py:587} INFO - Filling up the DagBag from /home/airflow/.local/lib/python3.12/site-packages/airflow/example_dags/example_display_name.py
[2024-09-04T21:10:59.245+0000] {processor.py:925} INFO - DAG(s) 'example_display_name' retrieved from /home/airflow/.local/lib/python3.12/site-packages/airflow/example_dags/example_display_name.py
[2024-09-04T21:10:59.267+0000] {logging_mixin.py:190} INFO - [2024-09-04T21:10:59.267+0000] {dag.py:3211} INFO - Sync 1 DAGs
[2024-09-04T21:10:59.282+0000] {logging_mixin.py:190} INFO - [2024-09-04T21:10:59.282+0000] {dag.py:4138} INFO - Setting next_dagrun for example_display_name to None, run_after=None
[2024-09-04T21:10:59.305+0000] {processor.py:208} INFO - Processing /home/airflow/.local/lib/python3.12/site-packages/airflow/example_dags/example_display_name.py took 0.079 seconds
[2024-09-04T21:11:30.292+0000] {processor.py:186} INFO - Started process (PID=1460) to work on /home/airflow/.local/lib/python3.12/site-packages/airflow/example_dags/example_display_name.py
[2024-09-04T21:11:30.294+0000] {processor.py:914} INFO - Processing file /home/airflow/.local/lib/python3.12/site-packages/airflow/example_dags/example_display_name.py for tasks to queue
[2024-09-04T21:11:30.296+0000] {logging_mixin.py:190} INFO - [2024-09-04T21:11:30.296+0000] {dagbag.py:587} INFO - Filling up the DagBag from /home/airflow/.local/lib/python3.12/site-packages/airflow/example_dags/example_display_name.py
[2024-09-04T21:11:30.307+0000] {processor.py:925} INFO - DAG(s) 'example_display_name' retrieved from /home/airflow/.local/lib/python3.12/site-packages/airflow/example_dags/example_display_name.py
[2024-09-04T21:11:30.329+0000] {logging_mixin.py:190} INFO - [2024-09-04T21:11:30.328+0000] {dag.py:3211} INFO - Sync 1 DAGs
[2024-09-04T21:11:30.341+0000] {logging_mixin.py:190} INFO - [2024-09-04T21:11:30.341+0000] {dag.py:4138} INFO - Setting next_dagrun for example_display_name to None, run_after=None
[2024-09-04T21:11:30.364+0000] {processor.py:208} INFO - Processing /home/airflow/.local/lib/python3.12/site-packages/airflow/example_dags/example_display_name.py took 0.078 seconds
[2024-09-04T21:12:00.858+0000] {processor.py:186} INFO - Started process (PID=1523) to work on /home/airflow/.local/lib/python3.12/site-packages/airflow/example_dags/example_display_name.py
[2024-09-04T21:12:00.860+0000] {processor.py:914} INFO - Processing file /home/airflow/.local/lib/python3.12/site-packages/airflow/example_dags/example_display_name.py for tasks to queue
[2024-09-04T21:12:00.863+0000] {logging_mixin.py:190} INFO - [2024-09-04T21:12:00.863+0000] {dagbag.py:587} INFO - Filling up the DagBag from /home/airflow/.local/lib/python3.12/site-packages/airflow/example_dags/example_display_name.py
[2024-09-04T21:12:00.871+0000] {processor.py:925} INFO - DAG(s) 'example_display_name' retrieved from /home/airflow/.local/lib/python3.12/site-packages/airflow/example_dags/example_display_name.py
[2024-09-04T21:12:00.891+0000] {logging_mixin.py:190} INFO - [2024-09-04T21:12:00.890+0000] {dag.py:3211} INFO - Sync 1 DAGs
[2024-09-04T21:12:00.904+0000] {logging_mixin.py:190} INFO - [2024-09-04T21:12:00.903+0000] {dag.py:4138} INFO - Setting next_dagrun for example_display_name to None, run_after=None
[2024-09-04T21:12:00.924+0000] {processor.py:208} INFO - Processing /home/airflow/.local/lib/python3.12/site-packages/airflow/example_dags/example_display_name.py took 0.071 seconds
[2024-09-04T21:12:31.614+0000] {processor.py:186} INFO - Started process (PID=1587) to work on /home/airflow/.local/lib/python3.12/site-packages/airflow/example_dags/example_display_name.py
[2024-09-04T21:12:31.615+0000] {processor.py:914} INFO - Processing file /home/airflow/.local/lib/python3.12/site-packages/airflow/example_dags/example_display_name.py for tasks to queue
[2024-09-04T21:12:31.618+0000] {logging_mixin.py:190} INFO - [2024-09-04T21:12:31.617+0000] {dagbag.py:587} INFO - Filling up the DagBag from /home/airflow/.local/lib/python3.12/site-packages/airflow/example_dags/example_display_name.py
[2024-09-04T21:12:31.625+0000] {processor.py:925} INFO - DAG(s) 'example_display_name' retrieved from /home/airflow/.local/lib/python3.12/site-packages/airflow/example_dags/example_display_name.py
[2024-09-04T21:12:31.645+0000] {logging_mixin.py:190} INFO - [2024-09-04T21:12:31.644+0000] {dag.py:3211} INFO - Sync 1 DAGs
[2024-09-04T21:12:31.658+0000] {logging_mixin.py:190} INFO - [2024-09-04T21:12:31.658+0000] {dag.py:4138} INFO - Setting next_dagrun for example_display_name to None, run_after=None
[2024-09-04T21:12:31.679+0000] {processor.py:208} INFO - Processing /home/airflow/.local/lib/python3.12/site-packages/airflow/example_dags/example_display_name.py took 0.070 seconds
[2024-09-04T21:13:02.463+0000] {processor.py:186} INFO - Started process (PID=1650) to work on /home/airflow/.local/lib/python3.12/site-packages/airflow/example_dags/example_display_name.py
[2024-09-04T21:13:02.464+0000] {processor.py:914} INFO - Processing file /home/airflow/.local/lib/python3.12/site-packages/airflow/example_dags/example_display_name.py for tasks to queue
[2024-09-04T21:13:02.466+0000] {logging_mixin.py:190} INFO - [2024-09-04T21:13:02.466+0000] {dagbag.py:587} INFO - Filling up the DagBag from /home/airflow/.local/lib/python3.12/site-packages/airflow/example_dags/example_display_name.py
[2024-09-04T21:13:02.473+0000] {processor.py:925} INFO - DAG(s) 'example_display_name' retrieved from /home/airflow/.local/lib/python3.12/site-packages/airflow/example_dags/example_display_name.py
[2024-09-04T21:13:02.493+0000] {logging_mixin.py:190} INFO - [2024-09-04T21:13:02.492+0000] {dag.py:3211} INFO - Sync 1 DAGs
[2024-09-04T21:13:02.505+0000] {logging_mixin.py:190} INFO - [2024-09-04T21:13:02.505+0000] {dag.py:4138} INFO - Setting next_dagrun for example_display_name to None, run_after=None
[2024-09-04T21:13:02.525+0000] {processor.py:208} INFO - Processing /home/airflow/.local/lib/python3.12/site-packages/airflow/example_dags/example_display_name.py took 0.067 seconds
[2024-09-04T21:13:33.415+0000] {processor.py:186} INFO - Started process (PID=1713) to work on /home/airflow/.local/lib/python3.12/site-packages/airflow/example_dags/example_display_name.py
[2024-09-04T21:13:33.416+0000] {processor.py:914} INFO - Processing file /home/airflow/.local/lib/python3.12/site-packages/airflow/example_dags/example_display_name.py for tasks to queue
[2024-09-04T21:13:33.418+0000] {logging_mixin.py:190} INFO - [2024-09-04T21:13:33.418+0000] {dagbag.py:587} INFO - Filling up the DagBag from /home/airflow/.local/lib/python3.12/site-packages/airflow/example_dags/example_display_name.py
[2024-09-04T21:13:33.426+0000] {processor.py:925} INFO - DAG(s) 'example_display_name' retrieved from /home/airflow/.local/lib/python3.12/site-packages/airflow/example_dags/example_display_name.py
[2024-09-04T21:13:33.446+0000] {logging_mixin.py:190} INFO - [2024-09-04T21:13:33.446+0000] {dag.py:3211} INFO - Sync 1 DAGs
[2024-09-04T21:13:33.460+0000] {logging_mixin.py:190} INFO - [2024-09-04T21:13:33.459+0000] {dag.py:4138} INFO - Setting next_dagrun for example_display_name to None, run_after=None
[2024-09-04T21:13:33.479+0000] {processor.py:208} INFO - Processing /home/airflow/.local/lib/python3.12/site-packages/airflow/example_dags/example_display_name.py took 0.069 seconds
[2024-09-04T21:14:04.339+0000] {processor.py:186} INFO - Started process (PID=1776) to work on /home/airflow/.local/lib/python3.12/site-packages/airflow/example_dags/example_display_name.py
[2024-09-04T21:14:04.340+0000] {processor.py:914} INFO - Processing file /home/airflow/.local/lib/python3.12/site-packages/airflow/example_dags/example_display_name.py for tasks to queue
[2024-09-04T21:14:04.342+0000] {logging_mixin.py:190} INFO - [2024-09-04T21:14:04.342+0000] {dagbag.py:587} INFO - Filling up the DagBag from /home/airflow/.local/lib/python3.12/site-packages/airflow/example_dags/example_display_name.py
[2024-09-04T21:14:04.350+0000] {processor.py:925} INFO - DAG(s) 'example_display_name' retrieved from /home/airflow/.local/lib/python3.12/site-packages/airflow/example_dags/example_display_name.py
[2024-09-04T21:14:04.371+0000] {logging_mixin.py:190} INFO - [2024-09-04T21:14:04.370+0000] {dag.py:3211} INFO - Sync 1 DAGs
[2024-09-04T21:14:04.385+0000] {logging_mixin.py:190} INFO - [2024-09-04T21:14:04.384+0000] {dag.py:4138} INFO - Setting next_dagrun for example_display_name to None, run_after=None
[2024-09-04T21:14:04.405+0000] {processor.py:208} INFO - Processing /home/airflow/.local/lib/python3.12/site-packages/airflow/example_dags/example_display_name.py took 0.072 seconds
[2024-09-04T21:14:35.206+0000] {processor.py:186} INFO - Started process (PID=1839) to work on /home/airflow/.local/lib/python3.12/site-packages/airflow/example_dags/example_display_name.py
[2024-09-04T21:14:35.207+0000] {processor.py:914} INFO - Processing file /home/airflow/.local/lib/python3.12/site-packages/airflow/example_dags/example_display_name.py for tasks to queue
[2024-09-04T21:14:35.210+0000] {logging_mixin.py:190} INFO - [2024-09-04T21:14:35.210+0000] {dagbag.py:587} INFO - Filling up the DagBag from /home/airflow/.local/lib/python3.12/site-packages/airflow/example_dags/example_display_name.py
[2024-09-04T21:14:35.218+0000] {processor.py:925} INFO - DAG(s) 'example_display_name' retrieved from /home/airflow/.local/lib/python3.12/site-packages/airflow/example_dags/example_display_name.py
[2024-09-04T21:14:35.239+0000] {logging_mixin.py:190} INFO - [2024-09-04T21:14:35.238+0000] {dag.py:3211} INFO - Sync 1 DAGs
[2024-09-04T21:14:35.252+0000] {logging_mixin.py:190} INFO - [2024-09-04T21:14:35.252+0000] {dag.py:4138} INFO - Setting next_dagrun for example_display_name to None, run_after=None
[2024-09-04T21:14:35.273+0000] {processor.py:208} INFO - Processing /home/airflow/.local/lib/python3.12/site-packages/airflow/example_dags/example_display_name.py took 0.072 seconds
[2024-09-04T21:15:07.464+0000] {processor.py:186} INFO - Started process (PID=1902) to work on /home/airflow/.local/lib/python3.12/site-packages/airflow/example_dags/example_display_name.py
[2024-09-04T21:15:07.467+0000] {processor.py:914} INFO - Processing file /home/airflow/.local/lib/python3.12/site-packages/airflow/example_dags/example_display_name.py for tasks to queue
[2024-09-04T21:15:07.473+0000] {logging_mixin.py:190} INFO - [2024-09-04T21:15:07.473+0000] {dagbag.py:587} INFO - Filling up the DagBag from /home/airflow/.local/lib/python3.12/site-packages/airflow/example_dags/example_display_name.py
[2024-09-04T21:15:07.493+0000] {processor.py:925} INFO - DAG(s) 'example_display_name' retrieved from /home/airflow/.local/lib/python3.12/site-packages/airflow/example_dags/example_display_name.py
[2024-09-04T21:15:07.538+0000] {logging_mixin.py:190} INFO - [2024-09-04T21:15:07.537+0000] {dag.py:3211} INFO - Sync 1 DAGs
[2024-09-04T21:15:07.573+0000] {logging_mixin.py:190} INFO - [2024-09-04T21:15:07.572+0000] {dag.py:4138} INFO - Setting next_dagrun for example_display_name to None, run_after=None
[2024-09-04T21:15:07.617+0000] {processor.py:208} INFO - Processing /home/airflow/.local/lib/python3.12/site-packages/airflow/example_dags/example_display_name.py took 0.171 seconds
[2024-09-04T21:15:37.675+0000] {processor.py:186} INFO - Started process (PID=1965) to work on /home/airflow/.local/lib/python3.12/site-packages/airflow/example_dags/example_display_name.py
[2024-09-04T21:15:37.676+0000] {processor.py:914} INFO - Processing file /home/airflow/.local/lib/python3.12/site-packages/airflow/example_dags/example_display_name.py for tasks to queue
[2024-09-04T21:15:37.679+0000] {logging_mixin.py:190} INFO - [2024-09-04T21:15:37.679+0000] {dagbag.py:587} INFO - Filling up the DagBag from /home/airflow/.local/lib/python3.12/site-packages/airflow/example_dags/example_display_name.py
[2024-09-04T21:15:37.687+0000] {processor.py:925} INFO - DAG(s) 'example_display_name' retrieved from /home/airflow/.local/lib/python3.12/site-packages/airflow/example_dags/example_display_name.py
[2024-09-04T21:15:37.705+0000] {logging_mixin.py:190} INFO - [2024-09-04T21:15:37.705+0000] {dag.py:3211} INFO - Sync 1 DAGs
[2024-09-04T21:15:37.719+0000] {logging_mixin.py:190} INFO - [2024-09-04T21:15:37.719+0000] {dag.py:4138} INFO - Setting next_dagrun for example_display_name to None, run_after=None
[2024-09-04T21:15:37.735+0000] {processor.py:208} INFO - Processing /home/airflow/.local/lib/python3.12/site-packages/airflow/example_dags/example_display_name.py took 0.066 seconds
[2024-09-04T21:16:08.642+0000] {processor.py:186} INFO - Started process (PID=2029) to work on /home/airflow/.local/lib/python3.12/site-packages/airflow/example_dags/example_display_name.py
[2024-09-04T21:16:08.643+0000] {processor.py:914} INFO - Processing file /home/airflow/.local/lib/python3.12/site-packages/airflow/example_dags/example_display_name.py for tasks to queue
[2024-09-04T21:16:08.645+0000] {logging_mixin.py:190} INFO - [2024-09-04T21:16:08.645+0000] {dagbag.py:587} INFO - Filling up the DagBag from /home/airflow/.local/lib/python3.12/site-packages/airflow/example_dags/example_display_name.py
[2024-09-04T21:16:08.652+0000] {processor.py:925} INFO - DAG(s) 'example_display_name' retrieved from /home/airflow/.local/lib/python3.12/site-packages/airflow/example_dags/example_display_name.py
[2024-09-04T21:16:08.673+0000] {logging_mixin.py:190} INFO - [2024-09-04T21:16:08.672+0000] {dag.py:3211} INFO - Sync 1 DAGs
[2024-09-04T21:16:08.686+0000] {logging_mixin.py:190} INFO - [2024-09-04T21:16:08.686+0000] {dag.py:4138} INFO - Setting next_dagrun for example_display_name to None, run_after=None
[2024-09-04T21:16:08.705+0000] {processor.py:208} INFO - Processing /home/airflow/.local/lib/python3.12/site-packages/airflow/example_dags/example_display_name.py took 0.068 seconds
[2024-09-04T21:16:39.115+0000] {processor.py:186} INFO - Started process (PID=2092) to work on /home/airflow/.local/lib/python3.12/site-packages/airflow/example_dags/example_display_name.py
[2024-09-04T21:16:39.116+0000] {processor.py:914} INFO - Processing file /home/airflow/.local/lib/python3.12/site-packages/airflow/example_dags/example_display_name.py for tasks to queue
[2024-09-04T21:16:39.118+0000] {logging_mixin.py:190} INFO - [2024-09-04T21:16:39.118+0000] {dagbag.py:587} INFO - Filling up the DagBag from /home/airflow/.local/lib/python3.12/site-packages/airflow/example_dags/example_display_name.py
[2024-09-04T21:16:39.127+0000] {processor.py:925} INFO - DAG(s) 'example_display_name' retrieved from /home/airflow/.local/lib/python3.12/site-packages/airflow/example_dags/example_display_name.py
[2024-09-04T21:16:39.148+0000] {logging_mixin.py:190} INFO - [2024-09-04T21:16:39.148+0000] {dag.py:3211} INFO - Sync 1 DAGs
[2024-09-04T21:16:39.161+0000] {logging_mixin.py:190} INFO - [2024-09-04T21:16:39.161+0000] {dag.py:4138} INFO - Setting next_dagrun for example_display_name to None, run_after=None
[2024-09-04T21:16:39.184+0000] {processor.py:208} INFO - Processing /home/airflow/.local/lib/python3.12/site-packages/airflow/example_dags/example_display_name.py took 0.075 seconds
[2024-09-04T21:17:09.530+0000] {processor.py:186} INFO - Started process (PID=2155) to work on /home/airflow/.local/lib/python3.12/site-packages/airflow/example_dags/example_display_name.py
[2024-09-04T21:17:09.531+0000] {processor.py:914} INFO - Processing file /home/airflow/.local/lib/python3.12/site-packages/airflow/example_dags/example_display_name.py for tasks to queue
[2024-09-04T21:17:09.534+0000] {logging_mixin.py:190} INFO - [2024-09-04T21:17:09.534+0000] {dagbag.py:587} INFO - Filling up the DagBag from /home/airflow/.local/lib/python3.12/site-packages/airflow/example_dags/example_display_name.py
[2024-09-04T21:17:09.542+0000] {processor.py:925} INFO - DAG(s) 'example_display_name' retrieved from /home/airflow/.local/lib/python3.12/site-packages/airflow/example_dags/example_display_name.py
[2024-09-04T21:17:09.565+0000] {logging_mixin.py:190} INFO - [2024-09-04T21:17:09.564+0000] {dag.py:3211} INFO - Sync 1 DAGs
[2024-09-04T21:17:09.577+0000] {logging_mixin.py:190} INFO - [2024-09-04T21:17:09.577+0000] {dag.py:4138} INFO - Setting next_dagrun for example_display_name to None, run_after=None
[2024-09-04T21:17:09.597+0000] {processor.py:208} INFO - Processing /home/airflow/.local/lib/python3.12/site-packages/airflow/example_dags/example_display_name.py took 0.072 seconds
[2024-09-04T21:17:39.723+0000] {processor.py:186} INFO - Started process (PID=2218) to work on /home/airflow/.local/lib/python3.12/site-packages/airflow/example_dags/example_display_name.py
[2024-09-04T21:17:39.724+0000] {processor.py:914} INFO - Processing file /home/airflow/.local/lib/python3.12/site-packages/airflow/example_dags/example_display_name.py for tasks to queue
[2024-09-04T21:17:39.726+0000] {logging_mixin.py:190} INFO - [2024-09-04T21:17:39.726+0000] {dagbag.py:587} INFO - Filling up the DagBag from /home/airflow/.local/lib/python3.12/site-packages/airflow/example_dags/example_display_name.py
[2024-09-04T21:17:39.733+0000] {processor.py:925} INFO - DAG(s) 'example_display_name' retrieved from /home/airflow/.local/lib/python3.12/site-packages/airflow/example_dags/example_display_name.py
[2024-09-04T21:17:39.754+0000] {logging_mixin.py:190} INFO - [2024-09-04T21:17:39.754+0000] {dag.py:3211} INFO - Sync 1 DAGs
[2024-09-04T21:17:39.766+0000] {logging_mixin.py:190} INFO - [2024-09-04T21:17:39.766+0000] {dag.py:4138} INFO - Setting next_dagrun for example_display_name to None, run_after=None
[2024-09-04T21:17:39.787+0000] {processor.py:208} INFO - Processing /home/airflow/.local/lib/python3.12/site-packages/airflow/example_dags/example_display_name.py took 0.070 seconds
[2024-09-04T21:18:10.064+0000] {processor.py:186} INFO - Started process (PID=2281) to work on /home/airflow/.local/lib/python3.12/site-packages/airflow/example_dags/example_display_name.py
[2024-09-04T21:18:10.066+0000] {processor.py:914} INFO - Processing file /home/airflow/.local/lib/python3.12/site-packages/airflow/example_dags/example_display_name.py for tasks to queue
[2024-09-04T21:18:10.068+0000] {logging_mixin.py:190} INFO - [2024-09-04T21:18:10.068+0000] {dagbag.py:587} INFO - Filling up the DagBag from /home/airflow/.local/lib/python3.12/site-packages/airflow/example_dags/example_display_name.py
[2024-09-04T21:18:10.075+0000] {processor.py:925} INFO - DAG(s) 'example_display_name' retrieved from /home/airflow/.local/lib/python3.12/site-packages/airflow/example_dags/example_display_name.py
[2024-09-04T21:18:10.097+0000] {logging_mixin.py:190} INFO - [2024-09-04T21:18:10.097+0000] {dag.py:3211} INFO - Sync 1 DAGs
[2024-09-04T21:18:10.109+0000] {logging_mixin.py:190} INFO - [2024-09-04T21:18:10.109+0000] {dag.py:4138} INFO - Setting next_dagrun for example_display_name to None, run_after=None
[2024-09-04T21:18:10.130+0000] {processor.py:208} INFO - Processing /home/airflow/.local/lib/python3.12/site-packages/airflow/example_dags/example_display_name.py took 0.071 seconds
[2024-09-04T21:18:40.666+0000] {processor.py:186} INFO - Started process (PID=2344) to work on /home/airflow/.local/lib/python3.12/site-packages/airflow/example_dags/example_display_name.py
[2024-09-04T21:18:40.668+0000] {processor.py:914} INFO - Processing file /home/airflow/.local/lib/python3.12/site-packages/airflow/example_dags/example_display_name.py for tasks to queue
[2024-09-04T21:18:40.673+0000] {logging_mixin.py:190} INFO - [2024-09-04T21:18:40.672+0000] {dagbag.py:587} INFO - Filling up the DagBag from /home/airflow/.local/lib/python3.12/site-packages/airflow/example_dags/example_display_name.py
[2024-09-04T21:18:40.687+0000] {processor.py:925} INFO - DAG(s) 'example_display_name' retrieved from /home/airflow/.local/lib/python3.12/site-packages/airflow/example_dags/example_display_name.py
[2024-09-04T21:18:40.722+0000] {logging_mixin.py:190} INFO - [2024-09-04T21:18:40.722+0000] {dag.py:3211} INFO - Sync 1 DAGs
[2024-09-04T21:18:40.749+0000] {logging_mixin.py:190} INFO - [2024-09-04T21:18:40.748+0000] {dag.py:4138} INFO - Setting next_dagrun for example_display_name to None, run_after=None
[2024-09-04T21:18:40.783+0000] {processor.py:208} INFO - Processing /home/airflow/.local/lib/python3.12/site-packages/airflow/example_dags/example_display_name.py took 0.127 seconds
