[2024-09-04T20:52:38.062+0000] {processor.py:186} INFO - Started process (PID=111) to work on /home/airflow/.local/lib/python3.12/site-packages/airflow/example_dags/example_external_task_marker_dag.py
[2024-09-04T20:52:38.063+0000] {processor.py:914} INFO - Processing file /home/airflow/.local/lib/python3.12/site-packages/airflow/example_dags/example_external_task_marker_dag.py for tasks to queue
[2024-09-04T20:52:38.066+0000] {logging_mixin.py:190} INFO - [2024-09-04T20:52:38.066+0000] {dagbag.py:587} INFO - Filling up the DagBag from /home/airflow/.local/lib/python3.12/site-packages/airflow/example_dags/example_external_task_marker_dag.py
[2024-09-04T20:52:38.078+0000] {processor.py:925} INFO - DAG(s) 'example_external_task_marker_parent', 'example_external_task_marker_child' retrieved from /home/airflow/.local/lib/python3.12/site-packages/airflow/example_dags/example_external_task_marker_dag.py
[2024-09-04T20:52:38.216+0000] {logging_mixin.py:190} INFO - [2024-09-04T20:52:38.215+0000] {override.py:1858} INFO - Created Permission View: can delete on DAG:example_external_task_marker_parent
[2024-09-04T20:52:38.230+0000] {logging_mixin.py:190} INFO - [2024-09-04T20:52:38.229+0000] {override.py:1858} INFO - Created Permission View: can edit on DAG:example_external_task_marker_parent
[2024-09-04T20:52:38.242+0000] {logging_mixin.py:190} INFO - [2024-09-04T20:52:38.241+0000] {override.py:1858} INFO - Created Permission View: can read on DAG:example_external_task_marker_parent
[2024-09-04T20:52:38.262+0000] {logging_mixin.py:190} INFO - [2024-09-04T20:52:38.262+0000] {override.py:1858} INFO - Created Permission View: can delete on DAG:example_external_task_marker_child
[2024-09-04T20:52:38.270+0000] {logging_mixin.py:190} INFO - [2024-09-04T20:52:38.270+0000] {override.py:1858} INFO - Created Permission View: can edit on DAG:example_external_task_marker_child
[2024-09-04T20:52:38.279+0000] {logging_mixin.py:190} INFO - [2024-09-04T20:52:38.279+0000] {override.py:1858} INFO - Created Permission View: can read on DAG:example_external_task_marker_child
[2024-09-04T20:52:38.280+0000] {logging_mixin.py:190} INFO - [2024-09-04T20:52:38.280+0000] {dag.py:3211} INFO - Sync 2 DAGs
[2024-09-04T20:52:38.301+0000] {logging_mixin.py:190} INFO - [2024-09-04T20:52:38.300+0000] {dag.py:3234} INFO - Creating ORM DAG for example_external_task_marker_child
[2024-09-04T20:52:38.302+0000] {logging_mixin.py:190} INFO - [2024-09-04T20:52:38.302+0000] {dag.py:3234} INFO - Creating ORM DAG for example_external_task_marker_parent
[2024-09-04T20:52:38.303+0000] {logging_mixin.py:190} INFO - [2024-09-04T20:52:38.303+0000] {dag.py:4138} INFO - Setting next_dagrun for example_external_task_marker_child to None, run_after=None
[2024-09-04T20:52:38.305+0000] {logging_mixin.py:190} INFO - [2024-09-04T20:52:38.304+0000] {dag.py:4138} INFO - Setting next_dagrun for example_external_task_marker_parent to None, run_after=None
[2024-09-04T20:52:38.327+0000] {processor.py:208} INFO - Processing /home/airflow/.local/lib/python3.12/site-packages/airflow/example_dags/example_external_task_marker_dag.py took 0.272 seconds
[2024-09-04T21:00:19.638+0000] {processor.py:186} INFO - Started process (PID=106) to work on /home/airflow/.local/lib/python3.12/site-packages/airflow/example_dags/example_external_task_marker_dag.py
[2024-09-04T21:00:19.646+0000] {processor.py:914} INFO - Processing file /home/airflow/.local/lib/python3.12/site-packages/airflow/example_dags/example_external_task_marker_dag.py for tasks to queue
[2024-09-04T21:00:19.651+0000] {logging_mixin.py:190} INFO - [2024-09-04T21:00:19.650+0000] {dagbag.py:587} INFO - Filling up the DagBag from /home/airflow/.local/lib/python3.12/site-packages/airflow/example_dags/example_external_task_marker_dag.py
[2024-09-04T21:00:19.662+0000] {processor.py:925} INFO - DAG(s) 'example_external_task_marker_child', 'example_external_task_marker_parent' retrieved from /home/airflow/.local/lib/python3.12/site-packages/airflow/example_dags/example_external_task_marker_dag.py
[2024-09-04T21:00:19.694+0000] {logging_mixin.py:190} INFO - [2024-09-04T21:00:19.694+0000] {dag.py:3211} INFO - Sync 2 DAGs
[2024-09-04T21:00:19.720+0000] {logging_mixin.py:190} INFO - [2024-09-04T21:00:19.719+0000] {dag.py:4138} INFO - Setting next_dagrun for example_external_task_marker_child to None, run_after=None
[2024-09-04T21:00:19.727+0000] {logging_mixin.py:190} INFO - [2024-09-04T21:00:19.727+0000] {dag.py:4138} INFO - Setting next_dagrun for example_external_task_marker_parent to None, run_after=None
[2024-09-04T21:00:19.764+0000] {processor.py:208} INFO - Processing /home/airflow/.local/lib/python3.12/site-packages/airflow/example_dags/example_external_task_marker_dag.py took 0.137 seconds
[2024-09-04T21:00:50.196+0000] {processor.py:186} INFO - Started process (PID=168) to work on /home/airflow/.local/lib/python3.12/site-packages/airflow/example_dags/example_external_task_marker_dag.py
[2024-09-04T21:00:50.197+0000] {processor.py:914} INFO - Processing file /home/airflow/.local/lib/python3.12/site-packages/airflow/example_dags/example_external_task_marker_dag.py for tasks to queue
[2024-09-04T21:00:50.200+0000] {logging_mixin.py:190} INFO - [2024-09-04T21:00:50.200+0000] {dagbag.py:587} INFO - Filling up the DagBag from /home/airflow/.local/lib/python3.12/site-packages/airflow/example_dags/example_external_task_marker_dag.py
[2024-09-04T21:00:50.208+0000] {processor.py:925} INFO - DAG(s) 'example_external_task_marker_child', 'example_external_task_marker_parent' retrieved from /home/airflow/.local/lib/python3.12/site-packages/airflow/example_dags/example_external_task_marker_dag.py
[2024-09-04T21:00:50.231+0000] {logging_mixin.py:190} INFO - [2024-09-04T21:00:50.231+0000] {dag.py:3211} INFO - Sync 2 DAGs
[2024-09-04T21:00:50.244+0000] {logging_mixin.py:190} INFO - [2024-09-04T21:00:50.244+0000] {dag.py:4138} INFO - Setting next_dagrun for example_external_task_marker_child to None, run_after=None
[2024-09-04T21:00:50.248+0000] {logging_mixin.py:190} INFO - [2024-09-04T21:00:50.248+0000] {dag.py:4138} INFO - Setting next_dagrun for example_external_task_marker_parent to None, run_after=None
[2024-09-04T21:00:50.268+0000] {processor.py:208} INFO - Processing /home/airflow/.local/lib/python3.12/site-packages/airflow/example_dags/example_external_task_marker_dag.py took 0.079 seconds
[2024-09-04T21:01:20.555+0000] {processor.py:186} INFO - Started process (PID=230) to work on /home/airflow/.local/lib/python3.12/site-packages/airflow/example_dags/example_external_task_marker_dag.py
[2024-09-04T21:01:20.556+0000] {processor.py:914} INFO - Processing file /home/airflow/.local/lib/python3.12/site-packages/airflow/example_dags/example_external_task_marker_dag.py for tasks to queue
[2024-09-04T21:01:20.558+0000] {logging_mixin.py:190} INFO - [2024-09-04T21:01:20.557+0000] {dagbag.py:587} INFO - Filling up the DagBag from /home/airflow/.local/lib/python3.12/site-packages/airflow/example_dags/example_external_task_marker_dag.py
[2024-09-04T21:01:20.564+0000] {processor.py:925} INFO - DAG(s) 'example_external_task_marker_parent', 'example_external_task_marker_child' retrieved from /home/airflow/.local/lib/python3.12/site-packages/airflow/example_dags/example_external_task_marker_dag.py
[2024-09-04T21:01:20.587+0000] {logging_mixin.py:190} INFO - [2024-09-04T21:01:20.587+0000] {dag.py:3211} INFO - Sync 2 DAGs
[2024-09-04T21:01:20.603+0000] {logging_mixin.py:190} INFO - [2024-09-04T21:01:20.602+0000] {dag.py:4138} INFO - Setting next_dagrun for example_external_task_marker_child to None, run_after=None
[2024-09-04T21:01:20.606+0000] {logging_mixin.py:190} INFO - [2024-09-04T21:01:20.606+0000] {dag.py:4138} INFO - Setting next_dagrun for example_external_task_marker_parent to None, run_after=None
[2024-09-04T21:01:20.629+0000] {processor.py:208} INFO - Processing /home/airflow/.local/lib/python3.12/site-packages/airflow/example_dags/example_external_task_marker_dag.py took 0.079 seconds
[2024-09-04T21:01:50.675+0000] {processor.py:186} INFO - Started process (PID=292) to work on /home/airflow/.local/lib/python3.12/site-packages/airflow/example_dags/example_external_task_marker_dag.py
[2024-09-04T21:01:50.676+0000] {processor.py:914} INFO - Processing file /home/airflow/.local/lib/python3.12/site-packages/airflow/example_dags/example_external_task_marker_dag.py for tasks to queue
[2024-09-04T21:01:50.678+0000] {logging_mixin.py:190} INFO - [2024-09-04T21:01:50.678+0000] {dagbag.py:587} INFO - Filling up the DagBag from /home/airflow/.local/lib/python3.12/site-packages/airflow/example_dags/example_external_task_marker_dag.py
[2024-09-04T21:01:50.685+0000] {processor.py:925} INFO - DAG(s) 'example_external_task_marker_child', 'example_external_task_marker_parent' retrieved from /home/airflow/.local/lib/python3.12/site-packages/airflow/example_dags/example_external_task_marker_dag.py
[2024-09-04T21:01:50.708+0000] {logging_mixin.py:190} INFO - [2024-09-04T21:01:50.708+0000] {dag.py:3211} INFO - Sync 2 DAGs
[2024-09-04T21:01:50.720+0000] {logging_mixin.py:190} INFO - [2024-09-04T21:01:50.720+0000] {dag.py:4138} INFO - Setting next_dagrun for example_external_task_marker_child to None, run_after=None
[2024-09-04T21:01:50.724+0000] {logging_mixin.py:190} INFO - [2024-09-04T21:01:50.724+0000] {dag.py:4138} INFO - Setting next_dagrun for example_external_task_marker_parent to None, run_after=None
[2024-09-04T21:01:50.743+0000] {processor.py:208} INFO - Processing /home/airflow/.local/lib/python3.12/site-packages/airflow/example_dags/example_external_task_marker_dag.py took 0.073 seconds
[2024-09-04T21:02:21.542+0000] {processor.py:186} INFO - Started process (PID=355) to work on /home/airflow/.local/lib/python3.12/site-packages/airflow/example_dags/example_external_task_marker_dag.py
[2024-09-04T21:02:21.544+0000] {processor.py:914} INFO - Processing file /home/airflow/.local/lib/python3.12/site-packages/airflow/example_dags/example_external_task_marker_dag.py for tasks to queue
[2024-09-04T21:02:21.547+0000] {logging_mixin.py:190} INFO - [2024-09-04T21:02:21.546+0000] {dagbag.py:587} INFO - Filling up the DagBag from /home/airflow/.local/lib/python3.12/site-packages/airflow/example_dags/example_external_task_marker_dag.py
[2024-09-04T21:02:21.554+0000] {processor.py:925} INFO - DAG(s) 'example_external_task_marker_parent', 'example_external_task_marker_child' retrieved from /home/airflow/.local/lib/python3.12/site-packages/airflow/example_dags/example_external_task_marker_dag.py
[2024-09-04T21:02:21.576+0000] {logging_mixin.py:190} INFO - [2024-09-04T21:02:21.576+0000] {dag.py:3211} INFO - Sync 2 DAGs
[2024-09-04T21:02:21.590+0000] {logging_mixin.py:190} INFO - [2024-09-04T21:02:21.589+0000] {dag.py:4138} INFO - Setting next_dagrun for example_external_task_marker_child to None, run_after=None
[2024-09-04T21:02:21.593+0000] {logging_mixin.py:190} INFO - [2024-09-04T21:02:21.593+0000] {dag.py:4138} INFO - Setting next_dagrun for example_external_task_marker_parent to None, run_after=None
[2024-09-04T21:02:21.612+0000] {processor.py:208} INFO - Processing /home/airflow/.local/lib/python3.12/site-packages/airflow/example_dags/example_external_task_marker_dag.py took 0.075 seconds
[2024-09-04T21:02:52.090+0000] {processor.py:186} INFO - Started process (PID=417) to work on /home/airflow/.local/lib/python3.12/site-packages/airflow/example_dags/example_external_task_marker_dag.py
[2024-09-04T21:02:52.091+0000] {processor.py:914} INFO - Processing file /home/airflow/.local/lib/python3.12/site-packages/airflow/example_dags/example_external_task_marker_dag.py for tasks to queue
[2024-09-04T21:02:52.094+0000] {logging_mixin.py:190} INFO - [2024-09-04T21:02:52.093+0000] {dagbag.py:587} INFO - Filling up the DagBag from /home/airflow/.local/lib/python3.12/site-packages/airflow/example_dags/example_external_task_marker_dag.py
[2024-09-04T21:02:52.100+0000] {processor.py:925} INFO - DAG(s) 'example_external_task_marker_child', 'example_external_task_marker_parent' retrieved from /home/airflow/.local/lib/python3.12/site-packages/airflow/example_dags/example_external_task_marker_dag.py
[2024-09-04T21:02:52.133+0000] {logging_mixin.py:190} INFO - [2024-09-04T21:02:52.133+0000] {dag.py:3211} INFO - Sync 2 DAGs
[2024-09-04T21:02:52.151+0000] {logging_mixin.py:190} INFO - [2024-09-04T21:02:52.150+0000] {dag.py:4138} INFO - Setting next_dagrun for example_external_task_marker_child to None, run_after=None
[2024-09-04T21:02:52.155+0000] {logging_mixin.py:190} INFO - [2024-09-04T21:02:52.154+0000] {dag.py:4138} INFO - Setting next_dagrun for example_external_task_marker_parent to None, run_after=None
[2024-09-04T21:02:52.172+0000] {processor.py:208} INFO - Processing /home/airflow/.local/lib/python3.12/site-packages/airflow/example_dags/example_external_task_marker_dag.py took 0.087 seconds
[2024-09-04T21:03:23.806+0000] {processor.py:186} INFO - Started process (PID=479) to work on /home/airflow/.local/lib/python3.12/site-packages/airflow/example_dags/example_external_task_marker_dag.py
[2024-09-04T21:03:23.807+0000] {processor.py:914} INFO - Processing file /home/airflow/.local/lib/python3.12/site-packages/airflow/example_dags/example_external_task_marker_dag.py for tasks to queue
[2024-09-04T21:03:23.815+0000] {logging_mixin.py:190} INFO - [2024-09-04T21:03:23.814+0000] {dagbag.py:587} INFO - Filling up the DagBag from /home/airflow/.local/lib/python3.12/site-packages/airflow/example_dags/example_external_task_marker_dag.py
[2024-09-04T21:03:23.831+0000] {processor.py:925} INFO - DAG(s) 'example_external_task_marker_child', 'example_external_task_marker_parent' retrieved from /home/airflow/.local/lib/python3.12/site-packages/airflow/example_dags/example_external_task_marker_dag.py
[2024-09-04T21:03:23.874+0000] {logging_mixin.py:190} INFO - [2024-09-04T21:03:23.874+0000] {dag.py:3211} INFO - Sync 2 DAGs
[2024-09-04T21:03:23.908+0000] {logging_mixin.py:190} INFO - [2024-09-04T21:03:23.907+0000] {dag.py:4138} INFO - Setting next_dagrun for example_external_task_marker_child to None, run_after=None
[2024-09-04T21:03:23.916+0000] {logging_mixin.py:190} INFO - [2024-09-04T21:03:23.915+0000] {dag.py:4138} INFO - Setting next_dagrun for example_external_task_marker_parent to None, run_after=None
[2024-09-04T21:03:23.951+0000] {processor.py:208} INFO - Processing /home/airflow/.local/lib/python3.12/site-packages/airflow/example_dags/example_external_task_marker_dag.py took 0.157 seconds
[2024-09-04T21:03:54.366+0000] {processor.py:186} INFO - Started process (PID=541) to work on /home/airflow/.local/lib/python3.12/site-packages/airflow/example_dags/example_external_task_marker_dag.py
[2024-09-04T21:03:54.368+0000] {processor.py:914} INFO - Processing file /home/airflow/.local/lib/python3.12/site-packages/airflow/example_dags/example_external_task_marker_dag.py for tasks to queue
[2024-09-04T21:03:54.372+0000] {logging_mixin.py:190} INFO - [2024-09-04T21:03:54.371+0000] {dagbag.py:587} INFO - Filling up the DagBag from /home/airflow/.local/lib/python3.12/site-packages/airflow/example_dags/example_external_task_marker_dag.py
[2024-09-04T21:03:54.384+0000] {processor.py:925} INFO - DAG(s) 'example_external_task_marker_parent', 'example_external_task_marker_child' retrieved from /home/airflow/.local/lib/python3.12/site-packages/airflow/example_dags/example_external_task_marker_dag.py
[2024-09-04T21:03:54.428+0000] {logging_mixin.py:190} INFO - [2024-09-04T21:03:54.427+0000] {dag.py:3211} INFO - Sync 2 DAGs
[2024-09-04T21:03:54.455+0000] {logging_mixin.py:190} INFO - [2024-09-04T21:03:54.454+0000] {dag.py:4138} INFO - Setting next_dagrun for example_external_task_marker_child to None, run_after=None
[2024-09-04T21:03:54.462+0000] {logging_mixin.py:190} INFO - [2024-09-04T21:03:54.461+0000] {dag.py:4138} INFO - Setting next_dagrun for example_external_task_marker_parent to None, run_after=None
[2024-09-04T21:03:54.498+0000] {processor.py:208} INFO - Processing /home/airflow/.local/lib/python3.12/site-packages/airflow/example_dags/example_external_task_marker_dag.py took 0.140 seconds
[2024-09-04T21:04:25.156+0000] {processor.py:186} INFO - Started process (PID=609) to work on /home/airflow/.local/lib/python3.12/site-packages/airflow/example_dags/example_external_task_marker_dag.py
[2024-09-04T21:04:25.157+0000] {processor.py:914} INFO - Processing file /home/airflow/.local/lib/python3.12/site-packages/airflow/example_dags/example_external_task_marker_dag.py for tasks to queue
[2024-09-04T21:04:25.161+0000] {logging_mixin.py:190} INFO - [2024-09-04T21:04:25.160+0000] {dagbag.py:587} INFO - Filling up the DagBag from /home/airflow/.local/lib/python3.12/site-packages/airflow/example_dags/example_external_task_marker_dag.py
[2024-09-04T21:04:25.173+0000] {processor.py:925} INFO - DAG(s) 'example_external_task_marker_child', 'example_external_task_marker_parent' retrieved from /home/airflow/.local/lib/python3.12/site-packages/airflow/example_dags/example_external_task_marker_dag.py
[2024-09-04T21:04:25.204+0000] {logging_mixin.py:190} INFO - [2024-09-04T21:04:25.204+0000] {dag.py:3211} INFO - Sync 2 DAGs
[2024-09-04T21:04:25.225+0000] {logging_mixin.py:190} INFO - [2024-09-04T21:04:25.224+0000] {dag.py:4138} INFO - Setting next_dagrun for example_external_task_marker_child to None, run_after=None
[2024-09-04T21:04:25.230+0000] {logging_mixin.py:190} INFO - [2024-09-04T21:04:25.230+0000] {dag.py:4138} INFO - Setting next_dagrun for example_external_task_marker_parent to None, run_after=None
[2024-09-04T21:04:25.257+0000] {processor.py:208} INFO - Processing /home/airflow/.local/lib/python3.12/site-packages/airflow/example_dags/example_external_task_marker_dag.py took 0.109 seconds
[2024-09-04T21:04:55.625+0000] {processor.py:186} INFO - Started process (PID=671) to work on /home/airflow/.local/lib/python3.12/site-packages/airflow/example_dags/example_external_task_marker_dag.py
[2024-09-04T21:04:55.626+0000] {processor.py:914} INFO - Processing file /home/airflow/.local/lib/python3.12/site-packages/airflow/example_dags/example_external_task_marker_dag.py for tasks to queue
[2024-09-04T21:04:55.630+0000] {logging_mixin.py:190} INFO - [2024-09-04T21:04:55.630+0000] {dagbag.py:587} INFO - Filling up the DagBag from /home/airflow/.local/lib/python3.12/site-packages/airflow/example_dags/example_external_task_marker_dag.py
[2024-09-04T21:04:55.641+0000] {processor.py:925} INFO - DAG(s) 'example_external_task_marker_child', 'example_external_task_marker_parent' retrieved from /home/airflow/.local/lib/python3.12/site-packages/airflow/example_dags/example_external_task_marker_dag.py
[2024-09-04T21:04:55.674+0000] {logging_mixin.py:190} INFO - [2024-09-04T21:04:55.674+0000] {dag.py:3211} INFO - Sync 2 DAGs
[2024-09-04T21:04:55.693+0000] {logging_mixin.py:190} INFO - [2024-09-04T21:04:55.693+0000] {dag.py:4138} INFO - Setting next_dagrun for example_external_task_marker_child to None, run_after=None
[2024-09-04T21:04:55.699+0000] {logging_mixin.py:190} INFO - [2024-09-04T21:04:55.699+0000] {dag.py:4138} INFO - Setting next_dagrun for example_external_task_marker_parent to None, run_after=None
[2024-09-04T21:04:55.725+0000] {processor.py:208} INFO - Processing /home/airflow/.local/lib/python3.12/site-packages/airflow/example_dags/example_external_task_marker_dag.py took 0.109 seconds
[2024-09-04T21:05:26.700+0000] {processor.py:186} INFO - Started process (PID=733) to work on /home/airflow/.local/lib/python3.12/site-packages/airflow/example_dags/example_external_task_marker_dag.py
[2024-09-04T21:05:26.702+0000] {processor.py:914} INFO - Processing file /home/airflow/.local/lib/python3.12/site-packages/airflow/example_dags/example_external_task_marker_dag.py for tasks to queue
[2024-09-04T21:05:26.707+0000] {logging_mixin.py:190} INFO - [2024-09-04T21:05:26.706+0000] {dagbag.py:587} INFO - Filling up the DagBag from /home/airflow/.local/lib/python3.12/site-packages/airflow/example_dags/example_external_task_marker_dag.py
[2024-09-04T21:05:26.724+0000] {processor.py:925} INFO - DAG(s) 'example_external_task_marker_child', 'example_external_task_marker_parent' retrieved from /home/airflow/.local/lib/python3.12/site-packages/airflow/example_dags/example_external_task_marker_dag.py
[2024-09-04T21:05:26.770+0000] {logging_mixin.py:190} INFO - [2024-09-04T21:05:26.770+0000] {dag.py:3211} INFO - Sync 2 DAGs
[2024-09-04T21:05:26.802+0000] {logging_mixin.py:190} INFO - [2024-09-04T21:05:26.801+0000] {dag.py:4138} INFO - Setting next_dagrun for example_external_task_marker_child to None, run_after=None
[2024-09-04T21:05:26.810+0000] {logging_mixin.py:190} INFO - [2024-09-04T21:05:26.810+0000] {dag.py:4138} INFO - Setting next_dagrun for example_external_task_marker_parent to None, run_after=None
[2024-09-04T21:05:26.845+0000] {processor.py:208} INFO - Processing /home/airflow/.local/lib/python3.12/site-packages/airflow/example_dags/example_external_task_marker_dag.py took 0.157 seconds
[2024-09-04T21:05:57.606+0000] {processor.py:186} INFO - Started process (PID=795) to work on /home/airflow/.local/lib/python3.12/site-packages/airflow/example_dags/example_external_task_marker_dag.py
[2024-09-04T21:05:57.607+0000] {processor.py:914} INFO - Processing file /home/airflow/.local/lib/python3.12/site-packages/airflow/example_dags/example_external_task_marker_dag.py for tasks to queue
[2024-09-04T21:05:57.609+0000] {logging_mixin.py:190} INFO - [2024-09-04T21:05:57.608+0000] {dagbag.py:587} INFO - Filling up the DagBag from /home/airflow/.local/lib/python3.12/site-packages/airflow/example_dags/example_external_task_marker_dag.py
[2024-09-04T21:05:57.615+0000] {processor.py:925} INFO - DAG(s) 'example_external_task_marker_child', 'example_external_task_marker_parent' retrieved from /home/airflow/.local/lib/python3.12/site-packages/airflow/example_dags/example_external_task_marker_dag.py
[2024-09-04T21:05:57.638+0000] {logging_mixin.py:190} INFO - [2024-09-04T21:05:57.638+0000] {dag.py:3211} INFO - Sync 2 DAGs
[2024-09-04T21:05:57.650+0000] {logging_mixin.py:190} INFO - [2024-09-04T21:05:57.650+0000] {dag.py:4138} INFO - Setting next_dagrun for example_external_task_marker_child to None, run_after=None
[2024-09-04T21:05:57.654+0000] {logging_mixin.py:190} INFO - [2024-09-04T21:05:57.654+0000] {dag.py:4138} INFO - Setting next_dagrun for example_external_task_marker_parent to None, run_after=None
[2024-09-04T21:05:57.671+0000] {processor.py:208} INFO - Processing /home/airflow/.local/lib/python3.12/site-packages/airflow/example_dags/example_external_task_marker_dag.py took 0.070 seconds
[2024-09-04T21:06:30.440+0000] {processor.py:186} INFO - Started process (PID=856) to work on /home/airflow/.local/lib/python3.12/site-packages/airflow/example_dags/example_external_task_marker_dag.py
[2024-09-04T21:06:30.447+0000] {processor.py:914} INFO - Processing file /home/airflow/.local/lib/python3.12/site-packages/airflow/example_dags/example_external_task_marker_dag.py for tasks to queue
[2024-09-04T21:06:30.472+0000] {logging_mixin.py:190} INFO - [2024-09-04T21:06:30.471+0000] {dagbag.py:587} INFO - Filling up the DagBag from /home/airflow/.local/lib/python3.12/site-packages/airflow/example_dags/example_external_task_marker_dag.py
[2024-09-04T21:06:30.513+0000] {processor.py:925} INFO - DAG(s) 'example_external_task_marker_parent', 'example_external_task_marker_child' retrieved from /home/airflow/.local/lib/python3.12/site-packages/airflow/example_dags/example_external_task_marker_dag.py
[2024-09-04T21:06:30.625+0000] {logging_mixin.py:190} INFO - [2024-09-04T21:06:30.624+0000] {dag.py:3211} INFO - Sync 2 DAGs
[2024-09-04T21:06:30.688+0000] {logging_mixin.py:190} INFO - [2024-09-04T21:06:30.688+0000] {dag.py:4138} INFO - Setting next_dagrun for example_external_task_marker_child to None, run_after=None
[2024-09-04T21:06:30.703+0000] {logging_mixin.py:190} INFO - [2024-09-04T21:06:30.703+0000] {dag.py:4138} INFO - Setting next_dagrun for example_external_task_marker_parent to None, run_after=None
[2024-09-04T21:06:30.769+0000] {processor.py:208} INFO - Processing /home/airflow/.local/lib/python3.12/site-packages/airflow/example_dags/example_external_task_marker_dag.py took 0.370 seconds
[2024-09-04T21:07:01.011+0000] {processor.py:186} INFO - Started process (PID=918) to work on /home/airflow/.local/lib/python3.12/site-packages/airflow/example_dags/example_external_task_marker_dag.py
[2024-09-04T21:07:01.013+0000] {processor.py:914} INFO - Processing file /home/airflow/.local/lib/python3.12/site-packages/airflow/example_dags/example_external_task_marker_dag.py for tasks to queue
[2024-09-04T21:07:01.017+0000] {logging_mixin.py:190} INFO - [2024-09-04T21:07:01.016+0000] {dagbag.py:587} INFO - Filling up the DagBag from /home/airflow/.local/lib/python3.12/site-packages/airflow/example_dags/example_external_task_marker_dag.py
[2024-09-04T21:07:01.027+0000] {processor.py:925} INFO - DAG(s) 'example_external_task_marker_parent', 'example_external_task_marker_child' retrieved from /home/airflow/.local/lib/python3.12/site-packages/airflow/example_dags/example_external_task_marker_dag.py
[2024-09-04T21:07:01.057+0000] {logging_mixin.py:190} INFO - [2024-09-04T21:07:01.057+0000] {dag.py:3211} INFO - Sync 2 DAGs
[2024-09-04T21:07:01.074+0000] {logging_mixin.py:190} INFO - [2024-09-04T21:07:01.073+0000] {dag.py:4138} INFO - Setting next_dagrun for example_external_task_marker_child to None, run_after=None
[2024-09-04T21:07:01.078+0000] {logging_mixin.py:190} INFO - [2024-09-04T21:07:01.077+0000] {dag.py:4138} INFO - Setting next_dagrun for example_external_task_marker_parent to None, run_after=None
[2024-09-04T21:07:01.097+0000] {processor.py:208} INFO - Processing /home/airflow/.local/lib/python3.12/site-packages/airflow/example_dags/example_external_task_marker_dag.py took 0.091 seconds
[2024-09-04T21:07:31.519+0000] {processor.py:186} INFO - Started process (PID=980) to work on /home/airflow/.local/lib/python3.12/site-packages/airflow/example_dags/example_external_task_marker_dag.py
[2024-09-04T21:07:31.520+0000] {processor.py:914} INFO - Processing file /home/airflow/.local/lib/python3.12/site-packages/airflow/example_dags/example_external_task_marker_dag.py for tasks to queue
[2024-09-04T21:07:31.524+0000] {logging_mixin.py:190} INFO - [2024-09-04T21:07:31.523+0000] {dagbag.py:587} INFO - Filling up the DagBag from /home/airflow/.local/lib/python3.12/site-packages/airflow/example_dags/example_external_task_marker_dag.py
[2024-09-04T21:07:31.537+0000] {processor.py:925} INFO - DAG(s) 'example_external_task_marker_child', 'example_external_task_marker_parent' retrieved from /home/airflow/.local/lib/python3.12/site-packages/airflow/example_dags/example_external_task_marker_dag.py
[2024-09-04T21:07:31.578+0000] {logging_mixin.py:190} INFO - [2024-09-04T21:07:31.577+0000] {dag.py:3211} INFO - Sync 2 DAGs
[2024-09-04T21:07:31.597+0000] {logging_mixin.py:190} INFO - [2024-09-04T21:07:31.597+0000] {dag.py:4138} INFO - Setting next_dagrun for example_external_task_marker_child to None, run_after=None
[2024-09-04T21:07:31.600+0000] {logging_mixin.py:190} INFO - [2024-09-04T21:07:31.600+0000] {dag.py:4138} INFO - Setting next_dagrun for example_external_task_marker_parent to None, run_after=None
[2024-09-04T21:07:31.622+0000] {processor.py:208} INFO - Processing /home/airflow/.local/lib/python3.12/site-packages/airflow/example_dags/example_external_task_marker_dag.py took 0.135 seconds
[2024-09-04T21:08:02.459+0000] {processor.py:186} INFO - Started process (PID=1043) to work on /home/airflow/.local/lib/python3.12/site-packages/airflow/example_dags/example_external_task_marker_dag.py
[2024-09-04T21:08:02.460+0000] {processor.py:914} INFO - Processing file /home/airflow/.local/lib/python3.12/site-packages/airflow/example_dags/example_external_task_marker_dag.py for tasks to queue
[2024-09-04T21:08:02.464+0000] {logging_mixin.py:190} INFO - [2024-09-04T21:08:02.463+0000] {dagbag.py:587} INFO - Filling up the DagBag from /home/airflow/.local/lib/python3.12/site-packages/airflow/example_dags/example_external_task_marker_dag.py
[2024-09-04T21:08:02.474+0000] {processor.py:925} INFO - DAG(s) 'example_external_task_marker_child', 'example_external_task_marker_parent' retrieved from /home/airflow/.local/lib/python3.12/site-packages/airflow/example_dags/example_external_task_marker_dag.py
[2024-09-04T21:08:02.509+0000] {logging_mixin.py:190} INFO - [2024-09-04T21:08:02.509+0000] {dag.py:3211} INFO - Sync 2 DAGs
[2024-09-04T21:08:02.527+0000] {logging_mixin.py:190} INFO - [2024-09-04T21:08:02.527+0000] {dag.py:4138} INFO - Setting next_dagrun for example_external_task_marker_child to None, run_after=None
[2024-09-04T21:08:02.532+0000] {logging_mixin.py:190} INFO - [2024-09-04T21:08:02.532+0000] {dag.py:4138} INFO - Setting next_dagrun for example_external_task_marker_parent to None, run_after=None
[2024-09-04T21:08:02.553+0000] {processor.py:208} INFO - Processing /home/airflow/.local/lib/python3.12/site-packages/airflow/example_dags/example_external_task_marker_dag.py took 0.103 seconds
[2024-09-04T21:08:33.130+0000] {processor.py:186} INFO - Started process (PID=1105) to work on /home/airflow/.local/lib/python3.12/site-packages/airflow/example_dags/example_external_task_marker_dag.py
[2024-09-04T21:08:33.131+0000] {processor.py:914} INFO - Processing file /home/airflow/.local/lib/python3.12/site-packages/airflow/example_dags/example_external_task_marker_dag.py for tasks to queue
[2024-09-04T21:08:33.133+0000] {logging_mixin.py:190} INFO - [2024-09-04T21:08:33.132+0000] {dagbag.py:587} INFO - Filling up the DagBag from /home/airflow/.local/lib/python3.12/site-packages/airflow/example_dags/example_external_task_marker_dag.py
[2024-09-04T21:08:33.139+0000] {processor.py:925} INFO - DAG(s) 'example_external_task_marker_child', 'example_external_task_marker_parent' retrieved from /home/airflow/.local/lib/python3.12/site-packages/airflow/example_dags/example_external_task_marker_dag.py
[2024-09-04T21:08:33.159+0000] {logging_mixin.py:190} INFO - [2024-09-04T21:08:33.159+0000] {dag.py:3211} INFO - Sync 2 DAGs
[2024-09-04T21:08:33.172+0000] {logging_mixin.py:190} INFO - [2024-09-04T21:08:33.172+0000] {dag.py:4138} INFO - Setting next_dagrun for example_external_task_marker_child to None, run_after=None
[2024-09-04T21:08:33.175+0000] {logging_mixin.py:190} INFO - [2024-09-04T21:08:33.175+0000] {dag.py:4138} INFO - Setting next_dagrun for example_external_task_marker_parent to None, run_after=None
[2024-09-04T21:08:33.192+0000] {processor.py:208} INFO - Processing /home/airflow/.local/lib/python3.12/site-packages/airflow/example_dags/example_external_task_marker_dag.py took 0.067 seconds
[2024-09-04T21:09:03.622+0000] {processor.py:186} INFO - Started process (PID=1167) to work on /home/airflow/.local/lib/python3.12/site-packages/airflow/example_dags/example_external_task_marker_dag.py
[2024-09-04T21:09:03.623+0000] {processor.py:914} INFO - Processing file /home/airflow/.local/lib/python3.12/site-packages/airflow/example_dags/example_external_task_marker_dag.py for tasks to queue
[2024-09-04T21:09:03.625+0000] {logging_mixin.py:190} INFO - [2024-09-04T21:09:03.625+0000] {dagbag.py:587} INFO - Filling up the DagBag from /home/airflow/.local/lib/python3.12/site-packages/airflow/example_dags/example_external_task_marker_dag.py
[2024-09-04T21:09:03.631+0000] {processor.py:925} INFO - DAG(s) 'example_external_task_marker_parent', 'example_external_task_marker_child' retrieved from /home/airflow/.local/lib/python3.12/site-packages/airflow/example_dags/example_external_task_marker_dag.py
[2024-09-04T21:09:03.650+0000] {logging_mixin.py:190} INFO - [2024-09-04T21:09:03.650+0000] {dag.py:3211} INFO - Sync 2 DAGs
[2024-09-04T21:09:03.662+0000] {logging_mixin.py:190} INFO - [2024-09-04T21:09:03.662+0000] {dag.py:4138} INFO - Setting next_dagrun for example_external_task_marker_child to None, run_after=None
[2024-09-04T21:09:03.665+0000] {logging_mixin.py:190} INFO - [2024-09-04T21:09:03.665+0000] {dag.py:4138} INFO - Setting next_dagrun for example_external_task_marker_parent to None, run_after=None
[2024-09-04T21:09:03.681+0000] {processor.py:208} INFO - Processing /home/airflow/.local/lib/python3.12/site-packages/airflow/example_dags/example_external_task_marker_dag.py took 0.063 seconds
[2024-09-04T21:09:34.063+0000] {processor.py:186} INFO - Started process (PID=1229) to work on /home/airflow/.local/lib/python3.12/site-packages/airflow/example_dags/example_external_task_marker_dag.py
[2024-09-04T21:09:34.064+0000] {processor.py:914} INFO - Processing file /home/airflow/.local/lib/python3.12/site-packages/airflow/example_dags/example_external_task_marker_dag.py for tasks to queue
[2024-09-04T21:09:34.066+0000] {logging_mixin.py:190} INFO - [2024-09-04T21:09:34.066+0000] {dagbag.py:587} INFO - Filling up the DagBag from /home/airflow/.local/lib/python3.12/site-packages/airflow/example_dags/example_external_task_marker_dag.py
[2024-09-04T21:09:34.073+0000] {processor.py:925} INFO - DAG(s) 'example_external_task_marker_child', 'example_external_task_marker_parent' retrieved from /home/airflow/.local/lib/python3.12/site-packages/airflow/example_dags/example_external_task_marker_dag.py
[2024-09-04T21:09:34.094+0000] {logging_mixin.py:190} INFO - [2024-09-04T21:09:34.094+0000] {dag.py:3211} INFO - Sync 2 DAGs
[2024-09-04T21:09:34.106+0000] {logging_mixin.py:190} INFO - [2024-09-04T21:09:34.106+0000] {dag.py:4138} INFO - Setting next_dagrun for example_external_task_marker_child to None, run_after=None
[2024-09-04T21:09:34.110+0000] {logging_mixin.py:190} INFO - [2024-09-04T21:09:34.110+0000] {dag.py:4138} INFO - Setting next_dagrun for example_external_task_marker_parent to None, run_after=None
[2024-09-04T21:09:34.126+0000] {processor.py:208} INFO - Processing /home/airflow/.local/lib/python3.12/site-packages/airflow/example_dags/example_external_task_marker_dag.py took 0.067 seconds
[2024-09-04T21:10:04.498+0000] {processor.py:186} INFO - Started process (PID=1291) to work on /home/airflow/.local/lib/python3.12/site-packages/airflow/example_dags/example_external_task_marker_dag.py
[2024-09-04T21:10:04.499+0000] {processor.py:914} INFO - Processing file /home/airflow/.local/lib/python3.12/site-packages/airflow/example_dags/example_external_task_marker_dag.py for tasks to queue
[2024-09-04T21:10:04.501+0000] {logging_mixin.py:190} INFO - [2024-09-04T21:10:04.501+0000] {dagbag.py:587} INFO - Filling up the DagBag from /home/airflow/.local/lib/python3.12/site-packages/airflow/example_dags/example_external_task_marker_dag.py
[2024-09-04T21:10:04.508+0000] {processor.py:925} INFO - DAG(s) 'example_external_task_marker_parent', 'example_external_task_marker_child' retrieved from /home/airflow/.local/lib/python3.12/site-packages/airflow/example_dags/example_external_task_marker_dag.py
[2024-09-04T21:10:04.530+0000] {logging_mixin.py:190} INFO - [2024-09-04T21:10:04.530+0000] {dag.py:3211} INFO - Sync 2 DAGs
[2024-09-04T21:10:04.543+0000] {logging_mixin.py:190} INFO - [2024-09-04T21:10:04.543+0000] {dag.py:4138} INFO - Setting next_dagrun for example_external_task_marker_child to None, run_after=None
[2024-09-04T21:10:04.546+0000] {logging_mixin.py:190} INFO - [2024-09-04T21:10:04.546+0000] {dag.py:4138} INFO - Setting next_dagrun for example_external_task_marker_parent to None, run_after=None
[2024-09-04T21:10:04.563+0000] {processor.py:208} INFO - Processing /home/airflow/.local/lib/python3.12/site-packages/airflow/example_dags/example_external_task_marker_dag.py took 0.069 seconds
[2024-09-04T21:10:35.184+0000] {processor.py:186} INFO - Started process (PID=1354) to work on /home/airflow/.local/lib/python3.12/site-packages/airflow/example_dags/example_external_task_marker_dag.py
[2024-09-04T21:10:35.185+0000] {processor.py:914} INFO - Processing file /home/airflow/.local/lib/python3.12/site-packages/airflow/example_dags/example_external_task_marker_dag.py for tasks to queue
[2024-09-04T21:10:35.188+0000] {logging_mixin.py:190} INFO - [2024-09-04T21:10:35.188+0000] {dagbag.py:587} INFO - Filling up the DagBag from /home/airflow/.local/lib/python3.12/site-packages/airflow/example_dags/example_external_task_marker_dag.py
[2024-09-04T21:10:35.199+0000] {processor.py:925} INFO - DAG(s) 'example_external_task_marker_child', 'example_external_task_marker_parent' retrieved from /home/airflow/.local/lib/python3.12/site-packages/airflow/example_dags/example_external_task_marker_dag.py
[2024-09-04T21:10:35.236+0000] {logging_mixin.py:190} INFO - [2024-09-04T21:10:35.235+0000] {dag.py:3211} INFO - Sync 2 DAGs
[2024-09-04T21:10:35.257+0000] {logging_mixin.py:190} INFO - [2024-09-04T21:10:35.257+0000] {dag.py:4138} INFO - Setting next_dagrun for example_external_task_marker_child to None, run_after=None
[2024-09-04T21:10:35.263+0000] {logging_mixin.py:190} INFO - [2024-09-04T21:10:35.262+0000] {dag.py:4138} INFO - Setting next_dagrun for example_external_task_marker_parent to None, run_after=None
[2024-09-04T21:10:35.287+0000] {processor.py:208} INFO - Processing /home/airflow/.local/lib/python3.12/site-packages/airflow/example_dags/example_external_task_marker_dag.py took 0.110 seconds
[2024-09-04T21:11:05.634+0000] {processor.py:186} INFO - Started process (PID=1417) to work on /home/airflow/.local/lib/python3.12/site-packages/airflow/example_dags/example_external_task_marker_dag.py
[2024-09-04T21:11:05.635+0000] {processor.py:914} INFO - Processing file /home/airflow/.local/lib/python3.12/site-packages/airflow/example_dags/example_external_task_marker_dag.py for tasks to queue
[2024-09-04T21:11:05.637+0000] {logging_mixin.py:190} INFO - [2024-09-04T21:11:05.637+0000] {dagbag.py:587} INFO - Filling up the DagBag from /home/airflow/.local/lib/python3.12/site-packages/airflow/example_dags/example_external_task_marker_dag.py
[2024-09-04T21:11:05.644+0000] {processor.py:925} INFO - DAG(s) 'example_external_task_marker_parent', 'example_external_task_marker_child' retrieved from /home/airflow/.local/lib/python3.12/site-packages/airflow/example_dags/example_external_task_marker_dag.py
[2024-09-04T21:11:05.668+0000] {logging_mixin.py:190} INFO - [2024-09-04T21:11:05.667+0000] {dag.py:3211} INFO - Sync 2 DAGs
[2024-09-04T21:11:05.680+0000] {logging_mixin.py:190} INFO - [2024-09-04T21:11:05.680+0000] {dag.py:4138} INFO - Setting next_dagrun for example_external_task_marker_child to None, run_after=None
[2024-09-04T21:11:05.684+0000] {logging_mixin.py:190} INFO - [2024-09-04T21:11:05.684+0000] {dag.py:4138} INFO - Setting next_dagrun for example_external_task_marker_parent to None, run_after=None
[2024-09-04T21:11:05.701+0000] {processor.py:208} INFO - Processing /home/airflow/.local/lib/python3.12/site-packages/airflow/example_dags/example_external_task_marker_dag.py took 0.073 seconds
[2024-09-04T21:11:35.887+0000] {processor.py:186} INFO - Started process (PID=1480) to work on /home/airflow/.local/lib/python3.12/site-packages/airflow/example_dags/example_external_task_marker_dag.py
[2024-09-04T21:11:35.888+0000] {processor.py:914} INFO - Processing file /home/airflow/.local/lib/python3.12/site-packages/airflow/example_dags/example_external_task_marker_dag.py for tasks to queue
[2024-09-04T21:11:35.890+0000] {logging_mixin.py:190} INFO - [2024-09-04T21:11:35.890+0000] {dagbag.py:587} INFO - Filling up the DagBag from /home/airflow/.local/lib/python3.12/site-packages/airflow/example_dags/example_external_task_marker_dag.py
[2024-09-04T21:11:35.897+0000] {processor.py:925} INFO - DAG(s) 'example_external_task_marker_child', 'example_external_task_marker_parent' retrieved from /home/airflow/.local/lib/python3.12/site-packages/airflow/example_dags/example_external_task_marker_dag.py
[2024-09-04T21:11:35.920+0000] {logging_mixin.py:190} INFO - [2024-09-04T21:11:35.919+0000] {dag.py:3211} INFO - Sync 2 DAGs
[2024-09-04T21:11:35.933+0000] {logging_mixin.py:190} INFO - [2024-09-04T21:11:35.933+0000] {dag.py:4138} INFO - Setting next_dagrun for example_external_task_marker_child to None, run_after=None
[2024-09-04T21:11:35.937+0000] {logging_mixin.py:190} INFO - [2024-09-04T21:11:35.937+0000] {dag.py:4138} INFO - Setting next_dagrun for example_external_task_marker_parent to None, run_after=None
[2024-09-04T21:11:35.956+0000] {processor.py:208} INFO - Processing /home/airflow/.local/lib/python3.12/site-packages/airflow/example_dags/example_external_task_marker_dag.py took 0.074 seconds
[2024-09-04T21:12:06.071+0000] {processor.py:186} INFO - Started process (PID=1543) to work on /home/airflow/.local/lib/python3.12/site-packages/airflow/example_dags/example_external_task_marker_dag.py
[2024-09-04T21:12:06.072+0000] {processor.py:914} INFO - Processing file /home/airflow/.local/lib/python3.12/site-packages/airflow/example_dags/example_external_task_marker_dag.py for tasks to queue
[2024-09-04T21:12:06.074+0000] {logging_mixin.py:190} INFO - [2024-09-04T21:12:06.074+0000] {dagbag.py:587} INFO - Filling up the DagBag from /home/airflow/.local/lib/python3.12/site-packages/airflow/example_dags/example_external_task_marker_dag.py
[2024-09-04T21:12:06.081+0000] {processor.py:925} INFO - DAG(s) 'example_external_task_marker_child', 'example_external_task_marker_parent' retrieved from /home/airflow/.local/lib/python3.12/site-packages/airflow/example_dags/example_external_task_marker_dag.py
[2024-09-04T21:12:06.106+0000] {logging_mixin.py:190} INFO - [2024-09-04T21:12:06.105+0000] {dag.py:3211} INFO - Sync 2 DAGs
[2024-09-04T21:12:06.119+0000] {logging_mixin.py:190} INFO - [2024-09-04T21:12:06.119+0000] {dag.py:4138} INFO - Setting next_dagrun for example_external_task_marker_child to None, run_after=None
[2024-09-04T21:12:06.122+0000] {logging_mixin.py:190} INFO - [2024-09-04T21:12:06.122+0000] {dag.py:4138} INFO - Setting next_dagrun for example_external_task_marker_parent to None, run_after=None
[2024-09-04T21:12:06.138+0000] {processor.py:208} INFO - Processing /home/airflow/.local/lib/python3.12/site-packages/airflow/example_dags/example_external_task_marker_dag.py took 0.072 seconds
[2024-09-04T21:12:36.953+0000] {processor.py:186} INFO - Started process (PID=1607) to work on /home/airflow/.local/lib/python3.12/site-packages/airflow/example_dags/example_external_task_marker_dag.py
[2024-09-04T21:12:36.954+0000] {processor.py:914} INFO - Processing file /home/airflow/.local/lib/python3.12/site-packages/airflow/example_dags/example_external_task_marker_dag.py for tasks to queue
[2024-09-04T21:12:36.956+0000] {logging_mixin.py:190} INFO - [2024-09-04T21:12:36.956+0000] {dagbag.py:587} INFO - Filling up the DagBag from /home/airflow/.local/lib/python3.12/site-packages/airflow/example_dags/example_external_task_marker_dag.py
[2024-09-04T21:12:36.967+0000] {processor.py:925} INFO - DAG(s) 'example_external_task_marker_parent', 'example_external_task_marker_child' retrieved from /home/airflow/.local/lib/python3.12/site-packages/airflow/example_dags/example_external_task_marker_dag.py
[2024-09-04T21:12:36.990+0000] {logging_mixin.py:190} INFO - [2024-09-04T21:12:36.990+0000] {dag.py:3211} INFO - Sync 2 DAGs
[2024-09-04T21:12:37.003+0000] {logging_mixin.py:190} INFO - [2024-09-04T21:12:37.002+0000] {dag.py:4138} INFO - Setting next_dagrun for example_external_task_marker_child to None, run_after=None
[2024-09-04T21:12:37.007+0000] {logging_mixin.py:190} INFO - [2024-09-04T21:12:37.006+0000] {dag.py:4138} INFO - Setting next_dagrun for example_external_task_marker_parent to None, run_after=None
[2024-09-04T21:12:37.027+0000] {processor.py:208} INFO - Processing /home/airflow/.local/lib/python3.12/site-packages/airflow/example_dags/example_external_task_marker_dag.py took 0.079 seconds
[2024-09-04T21:13:07.871+0000] {processor.py:186} INFO - Started process (PID=1670) to work on /home/airflow/.local/lib/python3.12/site-packages/airflow/example_dags/example_external_task_marker_dag.py
[2024-09-04T21:13:07.872+0000] {processor.py:914} INFO - Processing file /home/airflow/.local/lib/python3.12/site-packages/airflow/example_dags/example_external_task_marker_dag.py for tasks to queue
[2024-09-04T21:13:07.875+0000] {logging_mixin.py:190} INFO - [2024-09-04T21:13:07.874+0000] {dagbag.py:587} INFO - Filling up the DagBag from /home/airflow/.local/lib/python3.12/site-packages/airflow/example_dags/example_external_task_marker_dag.py
[2024-09-04T21:13:07.882+0000] {processor.py:925} INFO - DAG(s) 'example_external_task_marker_parent', 'example_external_task_marker_child' retrieved from /home/airflow/.local/lib/python3.12/site-packages/airflow/example_dags/example_external_task_marker_dag.py
[2024-09-04T21:13:07.907+0000] {logging_mixin.py:190} INFO - [2024-09-04T21:13:07.906+0000] {dag.py:3211} INFO - Sync 2 DAGs
[2024-09-04T21:13:07.919+0000] {logging_mixin.py:190} INFO - [2024-09-04T21:13:07.919+0000] {dag.py:4138} INFO - Setting next_dagrun for example_external_task_marker_child to None, run_after=None
[2024-09-04T21:13:07.923+0000] {logging_mixin.py:190} INFO - [2024-09-04T21:13:07.923+0000] {dag.py:4138} INFO - Setting next_dagrun for example_external_task_marker_parent to None, run_after=None
[2024-09-04T21:13:07.941+0000] {processor.py:208} INFO - Processing /home/airflow/.local/lib/python3.12/site-packages/airflow/example_dags/example_external_task_marker_dag.py took 0.075 seconds
[2024-09-04T21:13:38.022+0000] {processor.py:186} INFO - Started process (PID=1733) to work on /home/airflow/.local/lib/python3.12/site-packages/airflow/example_dags/example_external_task_marker_dag.py
[2024-09-04T21:13:38.023+0000] {processor.py:914} INFO - Processing file /home/airflow/.local/lib/python3.12/site-packages/airflow/example_dags/example_external_task_marker_dag.py for tasks to queue
[2024-09-04T21:13:38.025+0000] {logging_mixin.py:190} INFO - [2024-09-04T21:13:38.024+0000] {dagbag.py:587} INFO - Filling up the DagBag from /home/airflow/.local/lib/python3.12/site-packages/airflow/example_dags/example_external_task_marker_dag.py
[2024-09-04T21:13:38.032+0000] {processor.py:925} INFO - DAG(s) 'example_external_task_marker_parent', 'example_external_task_marker_child' retrieved from /home/airflow/.local/lib/python3.12/site-packages/airflow/example_dags/example_external_task_marker_dag.py
[2024-09-04T21:13:38.055+0000] {logging_mixin.py:190} INFO - [2024-09-04T21:13:38.055+0000] {dag.py:3211} INFO - Sync 2 DAGs
[2024-09-04T21:13:38.069+0000] {logging_mixin.py:190} INFO - [2024-09-04T21:13:38.069+0000] {dag.py:4138} INFO - Setting next_dagrun for example_external_task_marker_child to None, run_after=None
[2024-09-04T21:13:38.073+0000] {logging_mixin.py:190} INFO - [2024-09-04T21:13:38.073+0000] {dag.py:4138} INFO - Setting next_dagrun for example_external_task_marker_parent to None, run_after=None
[2024-09-04T21:13:38.091+0000] {processor.py:208} INFO - Processing /home/airflow/.local/lib/python3.12/site-packages/airflow/example_dags/example_external_task_marker_dag.py took 0.074 seconds
[2024-09-04T21:14:08.797+0000] {processor.py:186} INFO - Started process (PID=1796) to work on /home/airflow/.local/lib/python3.12/site-packages/airflow/example_dags/example_external_task_marker_dag.py
[2024-09-04T21:14:08.797+0000] {processor.py:914} INFO - Processing file /home/airflow/.local/lib/python3.12/site-packages/airflow/example_dags/example_external_task_marker_dag.py for tasks to queue
[2024-09-04T21:14:08.800+0000] {logging_mixin.py:190} INFO - [2024-09-04T21:14:08.799+0000] {dagbag.py:587} INFO - Filling up the DagBag from /home/airflow/.local/lib/python3.12/site-packages/airflow/example_dags/example_external_task_marker_dag.py
[2024-09-04T21:14:08.807+0000] {processor.py:925} INFO - DAG(s) 'example_external_task_marker_child', 'example_external_task_marker_parent' retrieved from /home/airflow/.local/lib/python3.12/site-packages/airflow/example_dags/example_external_task_marker_dag.py
[2024-09-04T21:14:08.829+0000] {logging_mixin.py:190} INFO - [2024-09-04T21:14:08.828+0000] {dag.py:3211} INFO - Sync 2 DAGs
[2024-09-04T21:14:08.843+0000] {logging_mixin.py:190} INFO - [2024-09-04T21:14:08.842+0000] {dag.py:4138} INFO - Setting next_dagrun for example_external_task_marker_child to None, run_after=None
[2024-09-04T21:14:08.846+0000] {logging_mixin.py:190} INFO - [2024-09-04T21:14:08.846+0000] {dag.py:4138} INFO - Setting next_dagrun for example_external_task_marker_parent to None, run_after=None
[2024-09-04T21:14:08.866+0000] {processor.py:208} INFO - Processing /home/airflow/.local/lib/python3.12/site-packages/airflow/example_dags/example_external_task_marker_dag.py took 0.074 seconds
[2024-09-04T21:14:39.571+0000] {processor.py:186} INFO - Started process (PID=1859) to work on /home/airflow/.local/lib/python3.12/site-packages/airflow/example_dags/example_external_task_marker_dag.py
[2024-09-04T21:14:39.572+0000] {processor.py:914} INFO - Processing file /home/airflow/.local/lib/python3.12/site-packages/airflow/example_dags/example_external_task_marker_dag.py for tasks to queue
[2024-09-04T21:14:39.575+0000] {logging_mixin.py:190} INFO - [2024-09-04T21:14:39.575+0000] {dagbag.py:587} INFO - Filling up the DagBag from /home/airflow/.local/lib/python3.12/site-packages/airflow/example_dags/example_external_task_marker_dag.py
[2024-09-04T21:14:39.584+0000] {processor.py:925} INFO - DAG(s) 'example_external_task_marker_child', 'example_external_task_marker_parent' retrieved from /home/airflow/.local/lib/python3.12/site-packages/airflow/example_dags/example_external_task_marker_dag.py
[2024-09-04T21:14:39.608+0000] {logging_mixin.py:190} INFO - [2024-09-04T21:14:39.608+0000] {dag.py:3211} INFO - Sync 2 DAGs
[2024-09-04T21:14:39.622+0000] {logging_mixin.py:190} INFO - [2024-09-04T21:14:39.622+0000] {dag.py:4138} INFO - Setting next_dagrun for example_external_task_marker_child to None, run_after=None
[2024-09-04T21:14:39.625+0000] {logging_mixin.py:190} INFO - [2024-09-04T21:14:39.625+0000] {dag.py:4138} INFO - Setting next_dagrun for example_external_task_marker_parent to None, run_after=None
[2024-09-04T21:14:39.641+0000] {processor.py:208} INFO - Processing /home/airflow/.local/lib/python3.12/site-packages/airflow/example_dags/example_external_task_marker_dag.py took 0.076 seconds
[2024-09-04T21:15:11.576+0000] {processor.py:186} INFO - Started process (PID=1922) to work on /home/airflow/.local/lib/python3.12/site-packages/airflow/example_dags/example_external_task_marker_dag.py
[2024-09-04T21:15:11.578+0000] {processor.py:914} INFO - Processing file /home/airflow/.local/lib/python3.12/site-packages/airflow/example_dags/example_external_task_marker_dag.py for tasks to queue
[2024-09-04T21:15:11.583+0000] {logging_mixin.py:190} INFO - [2024-09-04T21:15:11.583+0000] {dagbag.py:587} INFO - Filling up the DagBag from /home/airflow/.local/lib/python3.12/site-packages/airflow/example_dags/example_external_task_marker_dag.py
[2024-09-04T21:15:11.599+0000] {processor.py:925} INFO - DAG(s) 'example_external_task_marker_child', 'example_external_task_marker_parent' retrieved from /home/airflow/.local/lib/python3.12/site-packages/airflow/example_dags/example_external_task_marker_dag.py
[2024-09-04T21:15:11.646+0000] {logging_mixin.py:190} INFO - [2024-09-04T21:15:11.645+0000] {dag.py:3211} INFO - Sync 2 DAGs
[2024-09-04T21:15:11.670+0000] {logging_mixin.py:190} INFO - [2024-09-04T21:15:11.670+0000] {dag.py:4138} INFO - Setting next_dagrun for example_external_task_marker_child to None, run_after=None
[2024-09-04T21:15:11.678+0000] {logging_mixin.py:190} INFO - [2024-09-04T21:15:11.677+0000] {dag.py:4138} INFO - Setting next_dagrun for example_external_task_marker_parent to None, run_after=None
[2024-09-04T21:15:11.708+0000] {processor.py:208} INFO - Processing /home/airflow/.local/lib/python3.12/site-packages/airflow/example_dags/example_external_task_marker_dag.py took 0.143 seconds
[2024-09-04T21:15:41.878+0000] {processor.py:186} INFO - Started process (PID=1985) to work on /home/airflow/.local/lib/python3.12/site-packages/airflow/example_dags/example_external_task_marker_dag.py
[2024-09-04T21:15:41.880+0000] {processor.py:914} INFO - Processing file /home/airflow/.local/lib/python3.12/site-packages/airflow/example_dags/example_external_task_marker_dag.py for tasks to queue
[2024-09-04T21:15:41.885+0000] {logging_mixin.py:190} INFO - [2024-09-04T21:15:41.885+0000] {dagbag.py:587} INFO - Filling up the DagBag from /home/airflow/.local/lib/python3.12/site-packages/airflow/example_dags/example_external_task_marker_dag.py
[2024-09-04T21:15:41.899+0000] {processor.py:925} INFO - DAG(s) 'example_external_task_marker_child', 'example_external_task_marker_parent' retrieved from /home/airflow/.local/lib/python3.12/site-packages/airflow/example_dags/example_external_task_marker_dag.py
[2024-09-04T21:15:41.946+0000] {logging_mixin.py:190} INFO - [2024-09-04T21:15:41.945+0000] {dag.py:3211} INFO - Sync 2 DAGs
[2024-09-04T21:15:41.973+0000] {logging_mixin.py:190} INFO - [2024-09-04T21:15:41.973+0000] {dag.py:4138} INFO - Setting next_dagrun for example_external_task_marker_child to None, run_after=None
[2024-09-04T21:15:41.980+0000] {logging_mixin.py:190} INFO - [2024-09-04T21:15:41.980+0000] {dag.py:4138} INFO - Setting next_dagrun for example_external_task_marker_parent to None, run_after=None
[2024-09-04T21:15:42.010+0000] {processor.py:208} INFO - Processing /home/airflow/.local/lib/python3.12/site-packages/airflow/example_dags/example_external_task_marker_dag.py took 0.142 seconds
[2024-09-04T21:16:12.880+0000] {processor.py:186} INFO - Started process (PID=2049) to work on /home/airflow/.local/lib/python3.12/site-packages/airflow/example_dags/example_external_task_marker_dag.py
[2024-09-04T21:16:12.881+0000] {processor.py:914} INFO - Processing file /home/airflow/.local/lib/python3.12/site-packages/airflow/example_dags/example_external_task_marker_dag.py for tasks to queue
[2024-09-04T21:16:12.884+0000] {logging_mixin.py:190} INFO - [2024-09-04T21:16:12.883+0000] {dagbag.py:587} INFO - Filling up the DagBag from /home/airflow/.local/lib/python3.12/site-packages/airflow/example_dags/example_external_task_marker_dag.py
[2024-09-04T21:16:12.891+0000] {processor.py:925} INFO - DAG(s) 'example_external_task_marker_child', 'example_external_task_marker_parent' retrieved from /home/airflow/.local/lib/python3.12/site-packages/airflow/example_dags/example_external_task_marker_dag.py
[2024-09-04T21:16:12.918+0000] {logging_mixin.py:190} INFO - [2024-09-04T21:16:12.917+0000] {dag.py:3211} INFO - Sync 2 DAGs
[2024-09-04T21:16:12.931+0000] {logging_mixin.py:190} INFO - [2024-09-04T21:16:12.931+0000] {dag.py:4138} INFO - Setting next_dagrun for example_external_task_marker_child to None, run_after=None
[2024-09-04T21:16:12.935+0000] {logging_mixin.py:190} INFO - [2024-09-04T21:16:12.934+0000] {dag.py:4138} INFO - Setting next_dagrun for example_external_task_marker_parent to None, run_after=None
[2024-09-04T21:16:12.952+0000] {processor.py:208} INFO - Processing /home/airflow/.local/lib/python3.12/site-packages/airflow/example_dags/example_external_task_marker_dag.py took 0.077 seconds
[2024-09-04T21:16:43.372+0000] {processor.py:186} INFO - Started process (PID=2112) to work on /home/airflow/.local/lib/python3.12/site-packages/airflow/example_dags/example_external_task_marker_dag.py
[2024-09-04T21:16:43.373+0000] {processor.py:914} INFO - Processing file /home/airflow/.local/lib/python3.12/site-packages/airflow/example_dags/example_external_task_marker_dag.py for tasks to queue
[2024-09-04T21:16:43.376+0000] {logging_mixin.py:190} INFO - [2024-09-04T21:16:43.375+0000] {dagbag.py:587} INFO - Filling up the DagBag from /home/airflow/.local/lib/python3.12/site-packages/airflow/example_dags/example_external_task_marker_dag.py
[2024-09-04T21:16:43.383+0000] {processor.py:925} INFO - DAG(s) 'example_external_task_marker_parent', 'example_external_task_marker_child' retrieved from /home/airflow/.local/lib/python3.12/site-packages/airflow/example_dags/example_external_task_marker_dag.py
[2024-09-04T21:16:43.409+0000] {logging_mixin.py:190} INFO - [2024-09-04T21:16:43.408+0000] {dag.py:3211} INFO - Sync 2 DAGs
[2024-09-04T21:16:43.421+0000] {logging_mixin.py:190} INFO - [2024-09-04T21:16:43.421+0000] {dag.py:4138} INFO - Setting next_dagrun for example_external_task_marker_child to None, run_after=None
[2024-09-04T21:16:43.425+0000] {logging_mixin.py:190} INFO - [2024-09-04T21:16:43.425+0000] {dag.py:4138} INFO - Setting next_dagrun for example_external_task_marker_parent to None, run_after=None
[2024-09-04T21:16:43.443+0000] {processor.py:208} INFO - Processing /home/airflow/.local/lib/python3.12/site-packages/airflow/example_dags/example_external_task_marker_dag.py took 0.076 seconds
[2024-09-04T21:17:14.125+0000] {processor.py:186} INFO - Started process (PID=2175) to work on /home/airflow/.local/lib/python3.12/site-packages/airflow/example_dags/example_external_task_marker_dag.py
[2024-09-04T21:17:14.128+0000] {processor.py:914} INFO - Processing file /home/airflow/.local/lib/python3.12/site-packages/airflow/example_dags/example_external_task_marker_dag.py for tasks to queue
[2024-09-04T21:17:14.133+0000] {logging_mixin.py:190} INFO - [2024-09-04T21:17:14.132+0000] {dagbag.py:587} INFO - Filling up the DagBag from /home/airflow/.local/lib/python3.12/site-packages/airflow/example_dags/example_external_task_marker_dag.py
[2024-09-04T21:17:14.148+0000] {processor.py:925} INFO - DAG(s) 'example_external_task_marker_parent', 'example_external_task_marker_child' retrieved from /home/airflow/.local/lib/python3.12/site-packages/airflow/example_dags/example_external_task_marker_dag.py
[2024-09-04T21:17:14.191+0000] {logging_mixin.py:190} INFO - [2024-09-04T21:17:14.190+0000] {dag.py:3211} INFO - Sync 2 DAGs
[2024-09-04T21:17:14.220+0000] {logging_mixin.py:190} INFO - [2024-09-04T21:17:14.219+0000] {dag.py:4138} INFO - Setting next_dagrun for example_external_task_marker_child to None, run_after=None
[2024-09-04T21:17:14.229+0000] {logging_mixin.py:190} INFO - [2024-09-04T21:17:14.228+0000] {dag.py:4138} INFO - Setting next_dagrun for example_external_task_marker_parent to None, run_after=None
[2024-09-04T21:17:14.264+0000] {processor.py:208} INFO - Processing /home/airflow/.local/lib/python3.12/site-packages/airflow/example_dags/example_external_task_marker_dag.py took 0.147 seconds
[2024-09-04T21:17:45.176+0000] {processor.py:186} INFO - Started process (PID=2238) to work on /home/airflow/.local/lib/python3.12/site-packages/airflow/example_dags/example_external_task_marker_dag.py
[2024-09-04T21:17:45.178+0000] {processor.py:914} INFO - Processing file /home/airflow/.local/lib/python3.12/site-packages/airflow/example_dags/example_external_task_marker_dag.py for tasks to queue
[2024-09-04T21:17:45.180+0000] {logging_mixin.py:190} INFO - [2024-09-04T21:17:45.180+0000] {dagbag.py:587} INFO - Filling up the DagBag from /home/airflow/.local/lib/python3.12/site-packages/airflow/example_dags/example_external_task_marker_dag.py
[2024-09-04T21:17:45.188+0000] {processor.py:925} INFO - DAG(s) 'example_external_task_marker_child', 'example_external_task_marker_parent' retrieved from /home/airflow/.local/lib/python3.12/site-packages/airflow/example_dags/example_external_task_marker_dag.py
[2024-09-04T21:17:45.214+0000] {logging_mixin.py:190} INFO - [2024-09-04T21:17:45.213+0000] {dag.py:3211} INFO - Sync 2 DAGs
[2024-09-04T21:17:45.227+0000] {logging_mixin.py:190} INFO - [2024-09-04T21:17:45.227+0000] {dag.py:4138} INFO - Setting next_dagrun for example_external_task_marker_child to None, run_after=None
[2024-09-04T21:17:45.231+0000] {logging_mixin.py:190} INFO - [2024-09-04T21:17:45.231+0000] {dag.py:4138} INFO - Setting next_dagrun for example_external_task_marker_parent to None, run_after=None
[2024-09-04T21:17:45.250+0000] {processor.py:208} INFO - Processing /home/airflow/.local/lib/python3.12/site-packages/airflow/example_dags/example_external_task_marker_dag.py took 0.078 seconds
[2024-09-04T21:18:15.352+0000] {processor.py:186} INFO - Started process (PID=2301) to work on /home/airflow/.local/lib/python3.12/site-packages/airflow/example_dags/example_external_task_marker_dag.py
[2024-09-04T21:18:15.353+0000] {processor.py:914} INFO - Processing file /home/airflow/.local/lib/python3.12/site-packages/airflow/example_dags/example_external_task_marker_dag.py for tasks to queue
[2024-09-04T21:18:15.356+0000] {logging_mixin.py:190} INFO - [2024-09-04T21:18:15.356+0000] {dagbag.py:587} INFO - Filling up the DagBag from /home/airflow/.local/lib/python3.12/site-packages/airflow/example_dags/example_external_task_marker_dag.py
[2024-09-04T21:18:15.364+0000] {processor.py:925} INFO - DAG(s) 'example_external_task_marker_parent', 'example_external_task_marker_child' retrieved from /home/airflow/.local/lib/python3.12/site-packages/airflow/example_dags/example_external_task_marker_dag.py
[2024-09-04T21:18:15.394+0000] {logging_mixin.py:190} INFO - [2024-09-04T21:18:15.393+0000] {dag.py:3211} INFO - Sync 2 DAGs
[2024-09-04T21:18:15.406+0000] {logging_mixin.py:190} INFO - [2024-09-04T21:18:15.406+0000] {dag.py:4138} INFO - Setting next_dagrun for example_external_task_marker_child to None, run_after=None
[2024-09-04T21:18:15.411+0000] {logging_mixin.py:190} INFO - [2024-09-04T21:18:15.410+0000] {dag.py:4138} INFO - Setting next_dagrun for example_external_task_marker_parent to None, run_after=None
[2024-09-04T21:18:15.433+0000] {processor.py:208} INFO - Processing /home/airflow/.local/lib/python3.12/site-packages/airflow/example_dags/example_external_task_marker_dag.py took 0.086 seconds
[2024-09-04T21:18:45.964+0000] {processor.py:186} INFO - Started process (PID=2364) to work on /home/airflow/.local/lib/python3.12/site-packages/airflow/example_dags/example_external_task_marker_dag.py
[2024-09-04T21:18:45.965+0000] {processor.py:914} INFO - Processing file /home/airflow/.local/lib/python3.12/site-packages/airflow/example_dags/example_external_task_marker_dag.py for tasks to queue
[2024-09-04T21:18:45.967+0000] {logging_mixin.py:190} INFO - [2024-09-04T21:18:45.967+0000] {dagbag.py:587} INFO - Filling up the DagBag from /home/airflow/.local/lib/python3.12/site-packages/airflow/example_dags/example_external_task_marker_dag.py
[2024-09-04T21:18:45.974+0000] {processor.py:925} INFO - DAG(s) 'example_external_task_marker_child', 'example_external_task_marker_parent' retrieved from /home/airflow/.local/lib/python3.12/site-packages/airflow/example_dags/example_external_task_marker_dag.py
[2024-09-04T21:18:45.999+0000] {logging_mixin.py:190} INFO - [2024-09-04T21:18:45.999+0000] {dag.py:3211} INFO - Sync 2 DAGs
[2024-09-04T21:18:46.012+0000] {logging_mixin.py:190} INFO - [2024-09-04T21:18:46.012+0000] {dag.py:4138} INFO - Setting next_dagrun for example_external_task_marker_child to None, run_after=None
[2024-09-04T21:18:46.016+0000] {logging_mixin.py:190} INFO - [2024-09-04T21:18:46.016+0000] {dag.py:4138} INFO - Setting next_dagrun for example_external_task_marker_parent to None, run_after=None
[2024-09-04T21:18:46.035+0000] {processor.py:208} INFO - Processing /home/airflow/.local/lib/python3.12/site-packages/airflow/example_dags/example_external_task_marker_dag.py took 0.076 seconds
