[2024-09-04T20:52:23.282+0000] {processor.py:186} INFO - Started process (PID=68) to work on /home/airflow/.local/lib/python3.12/site-packages/airflow/example_dags/example_branch_day_of_week_operator.py
[2024-09-04T20:52:23.283+0000] {processor.py:914} INFO - Processing file /home/airflow/.local/lib/python3.12/site-packages/airflow/example_dags/example_branch_day_of_week_operator.py for tasks to queue
[2024-09-04T20:52:23.287+0000] {logging_mixin.py:190} INFO - [2024-09-04T20:52:23.287+0000] {dagbag.py:587} INFO - Filling up the DagBag from /home/airflow/.local/lib/python3.12/site-packages/airflow/example_dags/example_branch_day_of_week_operator.py
[2024-09-04T20:52:23.310+0000] {processor.py:925} INFO - DAG(s) 'example_weekday_branch_operator' retrieved from /home/airflow/.local/lib/python3.12/site-packages/airflow/example_dags/example_branch_day_of_week_operator.py
[2024-09-04T20:52:23.934+0000] {logging_mixin.py:190} INFO - [2024-09-04T20:52:23.932+0000] {override.py:1858} INFO - Created Permission View: can delete on DAG:example_weekday_branch_operator
[2024-09-04T20:52:23.972+0000] {logging_mixin.py:190} INFO - [2024-09-04T20:52:23.972+0000] {override.py:1858} INFO - Created Permission View: can edit on DAG:example_weekday_branch_operator
[2024-09-04T20:52:23.995+0000] {logging_mixin.py:190} INFO - [2024-09-04T20:52:23.994+0000] {override.py:1858} INFO - Created Permission View: can read on DAG:example_weekday_branch_operator
[2024-09-04T20:52:23.998+0000] {logging_mixin.py:190} INFO - [2024-09-04T20:52:23.997+0000] {dag.py:3211} INFO - Sync 1 DAGs
[2024-09-04T20:52:24.094+0000] {logging_mixin.py:190} INFO - [2024-09-04T20:52:24.093+0000] {dag.py:3234} INFO - Creating ORM DAG for example_weekday_branch_operator
[2024-09-04T20:52:24.180+0000] {logging_mixin.py:190} INFO - [2024-09-04T20:52:24.174+0000] {dag.py:4138} INFO - Setting next_dagrun for example_weekday_branch_operator to 2024-09-03 00:00:00+00:00, run_after=2024-09-04 00:00:00+00:00
[2024-09-04T20:52:24.314+0000] {processor.py:208} INFO - Processing /home/airflow/.local/lib/python3.12/site-packages/airflow/example_dags/example_branch_day_of_week_operator.py took 1.045 seconds
[2024-09-04T21:00:10.355+0000] {processor.py:186} INFO - Started process (PID=69) to work on /home/airflow/.local/lib/python3.12/site-packages/airflow/example_dags/example_branch_day_of_week_operator.py
[2024-09-04T21:00:10.357+0000] {processor.py:914} INFO - Processing file /home/airflow/.local/lib/python3.12/site-packages/airflow/example_dags/example_branch_day_of_week_operator.py for tasks to queue
[2024-09-04T21:00:10.361+0000] {logging_mixin.py:190} INFO - [2024-09-04T21:00:10.361+0000] {dagbag.py:587} INFO - Filling up the DagBag from /home/airflow/.local/lib/python3.12/site-packages/airflow/example_dags/example_branch_day_of_week_operator.py
[2024-09-04T21:00:10.392+0000] {processor.py:925} INFO - DAG(s) 'example_weekday_branch_operator' retrieved from /home/airflow/.local/lib/python3.12/site-packages/airflow/example_dags/example_branch_day_of_week_operator.py
[2024-09-04T21:00:10.636+0000] {logging_mixin.py:190} INFO - [2024-09-04T21:00:10.635+0000] {dag.py:3211} INFO - Sync 1 DAGs
[2024-09-04T21:00:10.703+0000] {logging_mixin.py:190} INFO - [2024-09-04T21:00:10.699+0000] {dag.py:4138} INFO - Setting next_dagrun for example_weekday_branch_operator to 2024-09-03 00:00:00+00:00, run_after=2024-09-04 00:00:00+00:00
[2024-09-04T21:00:10.838+0000] {processor.py:208} INFO - Processing /home/airflow/.local/lib/python3.12/site-packages/airflow/example_dags/example_branch_day_of_week_operator.py took 0.493 seconds
[2024-09-04T21:00:41.724+0000] {processor.py:186} INFO - Started process (PID=131) to work on /home/airflow/.local/lib/python3.12/site-packages/airflow/example_dags/example_branch_day_of_week_operator.py
[2024-09-04T21:00:41.726+0000] {processor.py:914} INFO - Processing file /home/airflow/.local/lib/python3.12/site-packages/airflow/example_dags/example_branch_day_of_week_operator.py for tasks to queue
[2024-09-04T21:00:41.728+0000] {logging_mixin.py:190} INFO - [2024-09-04T21:00:41.728+0000] {dagbag.py:587} INFO - Filling up the DagBag from /home/airflow/.local/lib/python3.12/site-packages/airflow/example_dags/example_branch_day_of_week_operator.py
[2024-09-04T21:00:41.749+0000] {processor.py:925} INFO - DAG(s) 'example_weekday_branch_operator' retrieved from /home/airflow/.local/lib/python3.12/site-packages/airflow/example_dags/example_branch_day_of_week_operator.py
[2024-09-04T21:00:41.773+0000] {logging_mixin.py:190} INFO - [2024-09-04T21:00:41.773+0000] {dag.py:3211} INFO - Sync 1 DAGs
[2024-09-04T21:00:41.796+0000] {logging_mixin.py:190} INFO - [2024-09-04T21:00:41.796+0000] {dag.py:4138} INFO - Setting next_dagrun for example_weekday_branch_operator to 2024-09-03 00:00:00+00:00, run_after=2024-09-04 00:00:00+00:00
[2024-09-04T21:00:41.822+0000] {processor.py:208} INFO - Processing /home/airflow/.local/lib/python3.12/site-packages/airflow/example_dags/example_branch_day_of_week_operator.py took 0.103 seconds
[2024-09-04T21:01:12.621+0000] {processor.py:186} INFO - Started process (PID=193) to work on /home/airflow/.local/lib/python3.12/site-packages/airflow/example_dags/example_branch_day_of_week_operator.py
[2024-09-04T21:01:12.622+0000] {processor.py:914} INFO - Processing file /home/airflow/.local/lib/python3.12/site-packages/airflow/example_dags/example_branch_day_of_week_operator.py for tasks to queue
[2024-09-04T21:01:12.625+0000] {logging_mixin.py:190} INFO - [2024-09-04T21:01:12.625+0000] {dagbag.py:587} INFO - Filling up the DagBag from /home/airflow/.local/lib/python3.12/site-packages/airflow/example_dags/example_branch_day_of_week_operator.py
[2024-09-04T21:01:12.634+0000] {processor.py:925} INFO - DAG(s) 'example_weekday_branch_operator' retrieved from /home/airflow/.local/lib/python3.12/site-packages/airflow/example_dags/example_branch_day_of_week_operator.py
[2024-09-04T21:01:12.656+0000] {logging_mixin.py:190} INFO - [2024-09-04T21:01:12.656+0000] {dag.py:3211} INFO - Sync 1 DAGs
[2024-09-04T21:01:12.678+0000] {logging_mixin.py:190} INFO - [2024-09-04T21:01:12.678+0000] {dag.py:4138} INFO - Setting next_dagrun for example_weekday_branch_operator to 2024-09-03 00:00:00+00:00, run_after=2024-09-04 00:00:00+00:00
[2024-09-04T21:01:12.704+0000] {processor.py:208} INFO - Processing /home/airflow/.local/lib/python3.12/site-packages/airflow/example_dags/example_branch_day_of_week_operator.py took 0.091 seconds
[2024-09-04T21:01:42.827+0000] {processor.py:186} INFO - Started process (PID=255) to work on /home/airflow/.local/lib/python3.12/site-packages/airflow/example_dags/example_branch_day_of_week_operator.py
[2024-09-04T21:01:42.828+0000] {processor.py:914} INFO - Processing file /home/airflow/.local/lib/python3.12/site-packages/airflow/example_dags/example_branch_day_of_week_operator.py for tasks to queue
[2024-09-04T21:01:42.831+0000] {logging_mixin.py:190} INFO - [2024-09-04T21:01:42.830+0000] {dagbag.py:587} INFO - Filling up the DagBag from /home/airflow/.local/lib/python3.12/site-packages/airflow/example_dags/example_branch_day_of_week_operator.py
[2024-09-04T21:01:42.838+0000] {processor.py:925} INFO - DAG(s) 'example_weekday_branch_operator' retrieved from /home/airflow/.local/lib/python3.12/site-packages/airflow/example_dags/example_branch_day_of_week_operator.py
[2024-09-04T21:01:42.859+0000] {logging_mixin.py:190} INFO - [2024-09-04T21:01:42.859+0000] {dag.py:3211} INFO - Sync 1 DAGs
[2024-09-04T21:01:42.879+0000] {logging_mixin.py:190} INFO - [2024-09-04T21:01:42.878+0000] {dag.py:4138} INFO - Setting next_dagrun for example_weekday_branch_operator to 2024-09-03 00:00:00+00:00, run_after=2024-09-04 00:00:00+00:00
[2024-09-04T21:01:42.901+0000] {processor.py:208} INFO - Processing /home/airflow/.local/lib/python3.12/site-packages/airflow/example_dags/example_branch_day_of_week_operator.py took 0.079 seconds
[2024-09-04T21:02:13.774+0000] {processor.py:186} INFO - Started process (PID=318) to work on /home/airflow/.local/lib/python3.12/site-packages/airflow/example_dags/example_branch_day_of_week_operator.py
[2024-09-04T21:02:13.775+0000] {processor.py:914} INFO - Processing file /home/airflow/.local/lib/python3.12/site-packages/airflow/example_dags/example_branch_day_of_week_operator.py for tasks to queue
[2024-09-04T21:02:13.778+0000] {logging_mixin.py:190} INFO - [2024-09-04T21:02:13.778+0000] {dagbag.py:587} INFO - Filling up the DagBag from /home/airflow/.local/lib/python3.12/site-packages/airflow/example_dags/example_branch_day_of_week_operator.py
[2024-09-04T21:02:13.788+0000] {processor.py:925} INFO - DAG(s) 'example_weekday_branch_operator' retrieved from /home/airflow/.local/lib/python3.12/site-packages/airflow/example_dags/example_branch_day_of_week_operator.py
[2024-09-04T21:02:13.811+0000] {logging_mixin.py:190} INFO - [2024-09-04T21:02:13.811+0000] {dag.py:3211} INFO - Sync 1 DAGs
[2024-09-04T21:02:13.838+0000] {logging_mixin.py:190} INFO - [2024-09-04T21:02:13.838+0000] {dag.py:4138} INFO - Setting next_dagrun for example_weekday_branch_operator to 2024-09-03 00:00:00+00:00, run_after=2024-09-04 00:00:00+00:00
[2024-09-04T21:02:13.863+0000] {processor.py:208} INFO - Processing /home/airflow/.local/lib/python3.12/site-packages/airflow/example_dags/example_branch_day_of_week_operator.py took 0.096 seconds
[2024-09-04T21:02:44.600+0000] {processor.py:186} INFO - Started process (PID=380) to work on /home/airflow/.local/lib/python3.12/site-packages/airflow/example_dags/example_branch_day_of_week_operator.py
[2024-09-04T21:02:44.601+0000] {processor.py:914} INFO - Processing file /home/airflow/.local/lib/python3.12/site-packages/airflow/example_dags/example_branch_day_of_week_operator.py for tasks to queue
[2024-09-04T21:02:44.603+0000] {logging_mixin.py:190} INFO - [2024-09-04T21:02:44.603+0000] {dagbag.py:587} INFO - Filling up the DagBag from /home/airflow/.local/lib/python3.12/site-packages/airflow/example_dags/example_branch_day_of_week_operator.py
[2024-09-04T21:02:44.611+0000] {processor.py:925} INFO - DAG(s) 'example_weekday_branch_operator' retrieved from /home/airflow/.local/lib/python3.12/site-packages/airflow/example_dags/example_branch_day_of_week_operator.py
[2024-09-04T21:02:44.631+0000] {logging_mixin.py:190} INFO - [2024-09-04T21:02:44.631+0000] {dag.py:3211} INFO - Sync 1 DAGs
[2024-09-04T21:02:44.651+0000] {logging_mixin.py:190} INFO - [2024-09-04T21:02:44.651+0000] {dag.py:4138} INFO - Setting next_dagrun for example_weekday_branch_operator to 2024-09-03 00:00:00+00:00, run_after=2024-09-04 00:00:00+00:00
[2024-09-04T21:02:44.675+0000] {processor.py:208} INFO - Processing /home/airflow/.local/lib/python3.12/site-packages/airflow/example_dags/example_branch_day_of_week_operator.py took 0.080 seconds
[2024-09-04T21:03:15.299+0000] {processor.py:186} INFO - Started process (PID=442) to work on /home/airflow/.local/lib/python3.12/site-packages/airflow/example_dags/example_branch_day_of_week_operator.py
[2024-09-04T21:03:15.301+0000] {processor.py:914} INFO - Processing file /home/airflow/.local/lib/python3.12/site-packages/airflow/example_dags/example_branch_day_of_week_operator.py for tasks to queue
[2024-09-04T21:03:15.307+0000] {logging_mixin.py:190} INFO - [2024-09-04T21:03:15.305+0000] {dagbag.py:587} INFO - Filling up the DagBag from /home/airflow/.local/lib/python3.12/site-packages/airflow/example_dags/example_branch_day_of_week_operator.py
[2024-09-04T21:03:15.317+0000] {processor.py:925} INFO - DAG(s) 'example_weekday_branch_operator' retrieved from /home/airflow/.local/lib/python3.12/site-packages/airflow/example_dags/example_branch_day_of_week_operator.py
[2024-09-04T21:03:15.343+0000] {logging_mixin.py:190} INFO - [2024-09-04T21:03:15.342+0000] {dag.py:3211} INFO - Sync 1 DAGs
[2024-09-04T21:03:15.367+0000] {logging_mixin.py:190} INFO - [2024-09-04T21:03:15.366+0000] {dag.py:4138} INFO - Setting next_dagrun for example_weekday_branch_operator to 2024-09-03 00:00:00+00:00, run_after=2024-09-04 00:00:00+00:00
[2024-09-04T21:03:15.397+0000] {processor.py:208} INFO - Processing /home/airflow/.local/lib/python3.12/site-packages/airflow/example_dags/example_branch_day_of_week_operator.py took 0.104 seconds
[2024-09-04T21:03:45.999+0000] {processor.py:186} INFO - Started process (PID=504) to work on /home/airflow/.local/lib/python3.12/site-packages/airflow/example_dags/example_branch_day_of_week_operator.py
[2024-09-04T21:03:46.001+0000] {processor.py:914} INFO - Processing file /home/airflow/.local/lib/python3.12/site-packages/airflow/example_dags/example_branch_day_of_week_operator.py for tasks to queue
[2024-09-04T21:03:46.004+0000] {logging_mixin.py:190} INFO - [2024-09-04T21:03:46.003+0000] {dagbag.py:587} INFO - Filling up the DagBag from /home/airflow/.local/lib/python3.12/site-packages/airflow/example_dags/example_branch_day_of_week_operator.py
[2024-09-04T21:03:46.014+0000] {processor.py:925} INFO - DAG(s) 'example_weekday_branch_operator' retrieved from /home/airflow/.local/lib/python3.12/site-packages/airflow/example_dags/example_branch_day_of_week_operator.py
[2024-09-04T21:03:46.036+0000] {logging_mixin.py:190} INFO - [2024-09-04T21:03:46.036+0000] {dag.py:3211} INFO - Sync 1 DAGs
[2024-09-04T21:03:46.063+0000] {logging_mixin.py:190} INFO - [2024-09-04T21:03:46.062+0000] {dag.py:4138} INFO - Setting next_dagrun for example_weekday_branch_operator to 2024-09-03 00:00:00+00:00, run_after=2024-09-04 00:00:00+00:00
[2024-09-04T21:03:46.088+0000] {processor.py:208} INFO - Processing /home/airflow/.local/lib/python3.12/site-packages/airflow/example_dags/example_branch_day_of_week_operator.py took 0.095 seconds
[2024-09-04T21:04:16.817+0000] {processor.py:186} INFO - Started process (PID=566) to work on /home/airflow/.local/lib/python3.12/site-packages/airflow/example_dags/example_branch_day_of_week_operator.py
[2024-09-04T21:04:16.820+0000] {processor.py:914} INFO - Processing file /home/airflow/.local/lib/python3.12/site-packages/airflow/example_dags/example_branch_day_of_week_operator.py for tasks to queue
[2024-09-04T21:04:16.826+0000] {logging_mixin.py:190} INFO - [2024-09-04T21:04:16.826+0000] {dagbag.py:587} INFO - Filling up the DagBag from /home/airflow/.local/lib/python3.12/site-packages/airflow/example_dags/example_branch_day_of_week_operator.py
[2024-09-04T21:04:16.846+0000] {processor.py:925} INFO - DAG(s) 'example_weekday_branch_operator' retrieved from /home/airflow/.local/lib/python3.12/site-packages/airflow/example_dags/example_branch_day_of_week_operator.py
[2024-09-04T21:04:16.884+0000] {logging_mixin.py:190} INFO - [2024-09-04T21:04:16.884+0000] {dag.py:3211} INFO - Sync 1 DAGs
[2024-09-04T21:04:16.938+0000] {logging_mixin.py:190} INFO - [2024-09-04T21:04:16.938+0000] {dag.py:4138} INFO - Setting next_dagrun for example_weekday_branch_operator to 2024-09-03 00:00:00+00:00, run_after=2024-09-04 00:00:00+00:00
[2024-09-04T21:04:16.977+0000] {processor.py:208} INFO - Processing /home/airflow/.local/lib/python3.12/site-packages/airflow/example_dags/example_branch_day_of_week_operator.py took 0.174 seconds
[2024-09-04T21:04:47.803+0000] {processor.py:186} INFO - Started process (PID=628) to work on /home/airflow/.local/lib/python3.12/site-packages/airflow/example_dags/example_branch_day_of_week_operator.py
[2024-09-04T21:04:47.804+0000] {processor.py:914} INFO - Processing file /home/airflow/.local/lib/python3.12/site-packages/airflow/example_dags/example_branch_day_of_week_operator.py for tasks to queue
[2024-09-04T21:04:47.810+0000] {logging_mixin.py:190} INFO - [2024-09-04T21:04:47.809+0000] {dagbag.py:587} INFO - Filling up the DagBag from /home/airflow/.local/lib/python3.12/site-packages/airflow/example_dags/example_branch_day_of_week_operator.py
[2024-09-04T21:04:47.821+0000] {processor.py:925} INFO - DAG(s) 'example_weekday_branch_operator' retrieved from /home/airflow/.local/lib/python3.12/site-packages/airflow/example_dags/example_branch_day_of_week_operator.py
[2024-09-04T21:04:47.844+0000] {logging_mixin.py:190} INFO - [2024-09-04T21:04:47.844+0000] {dag.py:3211} INFO - Sync 1 DAGs
[2024-09-04T21:04:47.868+0000] {logging_mixin.py:190} INFO - [2024-09-04T21:04:47.868+0000] {dag.py:4138} INFO - Setting next_dagrun for example_weekday_branch_operator to 2024-09-03 00:00:00+00:00, run_after=2024-09-04 00:00:00+00:00
[2024-09-04T21:04:47.891+0000] {processor.py:208} INFO - Processing /home/airflow/.local/lib/python3.12/site-packages/airflow/example_dags/example_branch_day_of_week_operator.py took 0.095 seconds
[2024-09-04T21:05:18.381+0000] {processor.py:186} INFO - Started process (PID=690) to work on /home/airflow/.local/lib/python3.12/site-packages/airflow/example_dags/example_branch_day_of_week_operator.py
[2024-09-04T21:05:18.382+0000] {processor.py:914} INFO - Processing file /home/airflow/.local/lib/python3.12/site-packages/airflow/example_dags/example_branch_day_of_week_operator.py for tasks to queue
[2024-09-04T21:05:18.385+0000] {logging_mixin.py:190} INFO - [2024-09-04T21:05:18.385+0000] {dagbag.py:587} INFO - Filling up the DagBag from /home/airflow/.local/lib/python3.12/site-packages/airflow/example_dags/example_branch_day_of_week_operator.py
[2024-09-04T21:05:18.395+0000] {processor.py:925} INFO - DAG(s) 'example_weekday_branch_operator' retrieved from /home/airflow/.local/lib/python3.12/site-packages/airflow/example_dags/example_branch_day_of_week_operator.py
[2024-09-04T21:05:18.415+0000] {logging_mixin.py:190} INFO - [2024-09-04T21:05:18.415+0000] {dag.py:3211} INFO - Sync 1 DAGs
[2024-09-04T21:05:18.435+0000] {logging_mixin.py:190} INFO - [2024-09-04T21:05:18.435+0000] {dag.py:4138} INFO - Setting next_dagrun for example_weekday_branch_operator to 2024-09-03 00:00:00+00:00, run_after=2024-09-04 00:00:00+00:00
[2024-09-04T21:05:18.456+0000] {processor.py:208} INFO - Processing /home/airflow/.local/lib/python3.12/site-packages/airflow/example_dags/example_branch_day_of_week_operator.py took 0.081 seconds
[2024-09-04T21:05:49.278+0000] {processor.py:186} INFO - Started process (PID=752) to work on /home/airflow/.local/lib/python3.12/site-packages/airflow/example_dags/example_branch_day_of_week_operator.py
[2024-09-04T21:05:49.279+0000] {processor.py:914} INFO - Processing file /home/airflow/.local/lib/python3.12/site-packages/airflow/example_dags/example_branch_day_of_week_operator.py for tasks to queue
[2024-09-04T21:05:49.282+0000] {logging_mixin.py:190} INFO - [2024-09-04T21:05:49.281+0000] {dagbag.py:587} INFO - Filling up the DagBag from /home/airflow/.local/lib/python3.12/site-packages/airflow/example_dags/example_branch_day_of_week_operator.py
[2024-09-04T21:05:49.289+0000] {processor.py:925} INFO - DAG(s) 'example_weekday_branch_operator' retrieved from /home/airflow/.local/lib/python3.12/site-packages/airflow/example_dags/example_branch_day_of_week_operator.py
[2024-09-04T21:05:49.308+0000] {logging_mixin.py:190} INFO - [2024-09-04T21:05:49.308+0000] {dag.py:3211} INFO - Sync 1 DAGs
[2024-09-04T21:05:49.330+0000] {logging_mixin.py:190} INFO - [2024-09-04T21:05:49.330+0000] {dag.py:4138} INFO - Setting next_dagrun for example_weekday_branch_operator to 2024-09-03 00:00:00+00:00, run_after=2024-09-04 00:00:00+00:00
[2024-09-04T21:05:49.349+0000] {processor.py:208} INFO - Processing /home/airflow/.local/lib/python3.12/site-packages/airflow/example_dags/example_branch_day_of_week_operator.py took 0.076 seconds
[2024-09-04T21:06:19.917+0000] {processor.py:186} INFO - Started process (PID=814) to work on /home/airflow/.local/lib/python3.12/site-packages/airflow/example_dags/example_branch_day_of_week_operator.py
[2024-09-04T21:06:19.918+0000] {processor.py:914} INFO - Processing file /home/airflow/.local/lib/python3.12/site-packages/airflow/example_dags/example_branch_day_of_week_operator.py for tasks to queue
[2024-09-04T21:06:19.921+0000] {logging_mixin.py:190} INFO - [2024-09-04T21:06:19.921+0000] {dagbag.py:587} INFO - Filling up the DagBag from /home/airflow/.local/lib/python3.12/site-packages/airflow/example_dags/example_branch_day_of_week_operator.py
[2024-09-04T21:06:19.928+0000] {processor.py:925} INFO - DAG(s) 'example_weekday_branch_operator' retrieved from /home/airflow/.local/lib/python3.12/site-packages/airflow/example_dags/example_branch_day_of_week_operator.py
[2024-09-04T21:06:19.948+0000] {logging_mixin.py:190} INFO - [2024-09-04T21:06:19.948+0000] {dag.py:3211} INFO - Sync 1 DAGs
[2024-09-04T21:06:19.967+0000] {logging_mixin.py:190} INFO - [2024-09-04T21:06:19.967+0000] {dag.py:4138} INFO - Setting next_dagrun for example_weekday_branch_operator to 2024-09-03 00:00:00+00:00, run_after=2024-09-04 00:00:00+00:00
[2024-09-04T21:06:19.987+0000] {processor.py:208} INFO - Processing /home/airflow/.local/lib/python3.12/site-packages/airflow/example_dags/example_branch_day_of_week_operator.py took 0.075 seconds
[2024-09-04T21:06:50.654+0000] {processor.py:186} INFO - Started process (PID=875) to work on /home/airflow/.local/lib/python3.12/site-packages/airflow/example_dags/example_branch_day_of_week_operator.py
[2024-09-04T21:06:50.656+0000] {processor.py:914} INFO - Processing file /home/airflow/.local/lib/python3.12/site-packages/airflow/example_dags/example_branch_day_of_week_operator.py for tasks to queue
[2024-09-04T21:06:50.658+0000] {logging_mixin.py:190} INFO - [2024-09-04T21:06:50.658+0000] {dagbag.py:587} INFO - Filling up the DagBag from /home/airflow/.local/lib/python3.12/site-packages/airflow/example_dags/example_branch_day_of_week_operator.py
[2024-09-04T21:06:50.669+0000] {processor.py:925} INFO - DAG(s) 'example_weekday_branch_operator' retrieved from /home/airflow/.local/lib/python3.12/site-packages/airflow/example_dags/example_branch_day_of_week_operator.py
[2024-09-04T21:06:50.693+0000] {logging_mixin.py:190} INFO - [2024-09-04T21:06:50.693+0000] {dag.py:3211} INFO - Sync 1 DAGs
[2024-09-04T21:06:50.723+0000] {logging_mixin.py:190} INFO - [2024-09-04T21:06:50.722+0000] {dag.py:4138} INFO - Setting next_dagrun for example_weekday_branch_operator to 2024-09-03 00:00:00+00:00, run_after=2024-09-04 00:00:00+00:00
[2024-09-04T21:06:50.747+0000] {processor.py:208} INFO - Processing /home/airflow/.local/lib/python3.12/site-packages/airflow/example_dags/example_branch_day_of_week_operator.py took 0.097 seconds
[2024-09-04T21:07:20.889+0000] {processor.py:186} INFO - Started process (PID=937) to work on /home/airflow/.local/lib/python3.12/site-packages/airflow/example_dags/example_branch_day_of_week_operator.py
[2024-09-04T21:07:20.890+0000] {processor.py:914} INFO - Processing file /home/airflow/.local/lib/python3.12/site-packages/airflow/example_dags/example_branch_day_of_week_operator.py for tasks to queue
[2024-09-04T21:07:20.893+0000] {logging_mixin.py:190} INFO - [2024-09-04T21:07:20.893+0000] {dagbag.py:587} INFO - Filling up the DagBag from /home/airflow/.local/lib/python3.12/site-packages/airflow/example_dags/example_branch_day_of_week_operator.py
[2024-09-04T21:07:20.901+0000] {processor.py:925} INFO - DAG(s) 'example_weekday_branch_operator' retrieved from /home/airflow/.local/lib/python3.12/site-packages/airflow/example_dags/example_branch_day_of_week_operator.py
[2024-09-04T21:07:20.922+0000] {logging_mixin.py:190} INFO - [2024-09-04T21:07:20.922+0000] {dag.py:3211} INFO - Sync 1 DAGs
[2024-09-04T21:07:20.942+0000] {logging_mixin.py:190} INFO - [2024-09-04T21:07:20.942+0000] {dag.py:4138} INFO - Setting next_dagrun for example_weekday_branch_operator to 2024-09-03 00:00:00+00:00, run_after=2024-09-04 00:00:00+00:00
[2024-09-04T21:07:20.965+0000] {processor.py:208} INFO - Processing /home/airflow/.local/lib/python3.12/site-packages/airflow/example_dags/example_branch_day_of_week_operator.py took 0.082 seconds
[2024-09-04T21:07:51.123+0000] {processor.py:186} INFO - Started process (PID=999) to work on /home/airflow/.local/lib/python3.12/site-packages/airflow/example_dags/example_branch_day_of_week_operator.py
[2024-09-04T21:07:51.124+0000] {processor.py:914} INFO - Processing file /home/airflow/.local/lib/python3.12/site-packages/airflow/example_dags/example_branch_day_of_week_operator.py for tasks to queue
[2024-09-04T21:07:51.128+0000] {logging_mixin.py:190} INFO - [2024-09-04T21:07:51.127+0000] {dagbag.py:587} INFO - Filling up the DagBag from /home/airflow/.local/lib/python3.12/site-packages/airflow/example_dags/example_branch_day_of_week_operator.py
[2024-09-04T21:07:51.144+0000] {processor.py:925} INFO - DAG(s) 'example_weekday_branch_operator' retrieved from /home/airflow/.local/lib/python3.12/site-packages/airflow/example_dags/example_branch_day_of_week_operator.py
[2024-09-04T21:07:51.178+0000] {logging_mixin.py:190} INFO - [2024-09-04T21:07:51.177+0000] {dag.py:3211} INFO - Sync 1 DAGs
[2024-09-04T21:07:51.213+0000] {logging_mixin.py:190} INFO - [2024-09-04T21:07:51.213+0000] {dag.py:4138} INFO - Setting next_dagrun for example_weekday_branch_operator to 2024-09-03 00:00:00+00:00, run_after=2024-09-04 00:00:00+00:00
[2024-09-04T21:07:51.246+0000] {processor.py:208} INFO - Processing /home/airflow/.local/lib/python3.12/site-packages/airflow/example_dags/example_branch_day_of_week_operator.py took 0.136 seconds
[2024-09-04T21:08:21.683+0000] {processor.py:186} INFO - Started process (PID=1062) to work on /home/airflow/.local/lib/python3.12/site-packages/airflow/example_dags/example_branch_day_of_week_operator.py
[2024-09-04T21:08:21.684+0000] {processor.py:914} INFO - Processing file /home/airflow/.local/lib/python3.12/site-packages/airflow/example_dags/example_branch_day_of_week_operator.py for tasks to queue
[2024-09-04T21:08:21.687+0000] {logging_mixin.py:190} INFO - [2024-09-04T21:08:21.686+0000] {dagbag.py:587} INFO - Filling up the DagBag from /home/airflow/.local/lib/python3.12/site-packages/airflow/example_dags/example_branch_day_of_week_operator.py
[2024-09-04T21:08:21.694+0000] {processor.py:925} INFO - DAG(s) 'example_weekday_branch_operator' retrieved from /home/airflow/.local/lib/python3.12/site-packages/airflow/example_dags/example_branch_day_of_week_operator.py
[2024-09-04T21:08:21.714+0000] {logging_mixin.py:190} INFO - [2024-09-04T21:08:21.714+0000] {dag.py:3211} INFO - Sync 1 DAGs
[2024-09-04T21:08:21.736+0000] {logging_mixin.py:190} INFO - [2024-09-04T21:08:21.736+0000] {dag.py:4138} INFO - Setting next_dagrun for example_weekday_branch_operator to 2024-09-03 00:00:00+00:00, run_after=2024-09-04 00:00:00+00:00
[2024-09-04T21:08:21.756+0000] {processor.py:208} INFO - Processing /home/airflow/.local/lib/python3.12/site-packages/airflow/example_dags/example_branch_day_of_week_operator.py took 0.077 seconds
[2024-09-04T21:08:52.276+0000] {processor.py:186} INFO - Started process (PID=1124) to work on /home/airflow/.local/lib/python3.12/site-packages/airflow/example_dags/example_branch_day_of_week_operator.py
[2024-09-04T21:08:52.277+0000] {processor.py:914} INFO - Processing file /home/airflow/.local/lib/python3.12/site-packages/airflow/example_dags/example_branch_day_of_week_operator.py for tasks to queue
[2024-09-04T21:08:52.280+0000] {logging_mixin.py:190} INFO - [2024-09-04T21:08:52.279+0000] {dagbag.py:587} INFO - Filling up the DagBag from /home/airflow/.local/lib/python3.12/site-packages/airflow/example_dags/example_branch_day_of_week_operator.py
[2024-09-04T21:08:52.288+0000] {processor.py:925} INFO - DAG(s) 'example_weekday_branch_operator' retrieved from /home/airflow/.local/lib/python3.12/site-packages/airflow/example_dags/example_branch_day_of_week_operator.py
[2024-09-04T21:08:52.311+0000] {logging_mixin.py:190} INFO - [2024-09-04T21:08:52.311+0000] {dag.py:3211} INFO - Sync 1 DAGs
[2024-09-04T21:08:52.334+0000] {logging_mixin.py:190} INFO - [2024-09-04T21:08:52.333+0000] {dag.py:4138} INFO - Setting next_dagrun for example_weekday_branch_operator to 2024-09-03 00:00:00+00:00, run_after=2024-09-04 00:00:00+00:00
[2024-09-04T21:08:52.354+0000] {processor.py:208} INFO - Processing /home/airflow/.local/lib/python3.12/site-packages/airflow/example_dags/example_branch_day_of_week_operator.py took 0.082 seconds
[2024-09-04T21:09:22.613+0000] {processor.py:186} INFO - Started process (PID=1186) to work on /home/airflow/.local/lib/python3.12/site-packages/airflow/example_dags/example_branch_day_of_week_operator.py
[2024-09-04T21:09:22.614+0000] {processor.py:914} INFO - Processing file /home/airflow/.local/lib/python3.12/site-packages/airflow/example_dags/example_branch_day_of_week_operator.py for tasks to queue
[2024-09-04T21:09:22.616+0000] {logging_mixin.py:190} INFO - [2024-09-04T21:09:22.616+0000] {dagbag.py:587} INFO - Filling up the DagBag from /home/airflow/.local/lib/python3.12/site-packages/airflow/example_dags/example_branch_day_of_week_operator.py
[2024-09-04T21:09:22.624+0000] {processor.py:925} INFO - DAG(s) 'example_weekday_branch_operator' retrieved from /home/airflow/.local/lib/python3.12/site-packages/airflow/example_dags/example_branch_day_of_week_operator.py
[2024-09-04T21:09:22.644+0000] {logging_mixin.py:190} INFO - [2024-09-04T21:09:22.643+0000] {dag.py:3211} INFO - Sync 1 DAGs
[2024-09-04T21:09:22.662+0000] {logging_mixin.py:190} INFO - [2024-09-04T21:09:22.662+0000] {dag.py:4138} INFO - Setting next_dagrun for example_weekday_branch_operator to 2024-09-03 00:00:00+00:00, run_after=2024-09-04 00:00:00+00:00
[2024-09-04T21:09:22.680+0000] {processor.py:208} INFO - Processing /home/airflow/.local/lib/python3.12/site-packages/airflow/example_dags/example_branch_day_of_week_operator.py took 0.073 seconds
[2024-09-04T21:09:53.028+0000] {processor.py:186} INFO - Started process (PID=1248) to work on /home/airflow/.local/lib/python3.12/site-packages/airflow/example_dags/example_branch_day_of_week_operator.py
[2024-09-04T21:09:53.029+0000] {processor.py:914} INFO - Processing file /home/airflow/.local/lib/python3.12/site-packages/airflow/example_dags/example_branch_day_of_week_operator.py for tasks to queue
[2024-09-04T21:09:53.031+0000] {logging_mixin.py:190} INFO - [2024-09-04T21:09:53.031+0000] {dagbag.py:587} INFO - Filling up the DagBag from /home/airflow/.local/lib/python3.12/site-packages/airflow/example_dags/example_branch_day_of_week_operator.py
[2024-09-04T21:09:53.049+0000] {processor.py:925} INFO - DAG(s) 'example_weekday_branch_operator' retrieved from /home/airflow/.local/lib/python3.12/site-packages/airflow/example_dags/example_branch_day_of_week_operator.py
[2024-09-04T21:09:53.073+0000] {logging_mixin.py:190} INFO - [2024-09-04T21:09:53.072+0000] {dag.py:3211} INFO - Sync 1 DAGs
[2024-09-04T21:09:53.099+0000] {logging_mixin.py:190} INFO - [2024-09-04T21:09:53.098+0000] {dag.py:4138} INFO - Setting next_dagrun for example_weekday_branch_operator to 2024-09-03 00:00:00+00:00, run_after=2024-09-04 00:00:00+00:00
[2024-09-04T21:09:53.122+0000] {processor.py:208} INFO - Processing /home/airflow/.local/lib/python3.12/site-packages/airflow/example_dags/example_branch_day_of_week_operator.py took 0.099 seconds
[2024-09-04T21:10:23.224+0000] {processor.py:186} INFO - Started process (PID=1311) to work on /home/airflow/.local/lib/python3.12/site-packages/airflow/example_dags/example_branch_day_of_week_operator.py
[2024-09-04T21:10:23.225+0000] {processor.py:914} INFO - Processing file /home/airflow/.local/lib/python3.12/site-packages/airflow/example_dags/example_branch_day_of_week_operator.py for tasks to queue
[2024-09-04T21:10:23.227+0000] {logging_mixin.py:190} INFO - [2024-09-04T21:10:23.227+0000] {dagbag.py:587} INFO - Filling up the DagBag from /home/airflow/.local/lib/python3.12/site-packages/airflow/example_dags/example_branch_day_of_week_operator.py
[2024-09-04T21:10:23.236+0000] {processor.py:925} INFO - DAG(s) 'example_weekday_branch_operator' retrieved from /home/airflow/.local/lib/python3.12/site-packages/airflow/example_dags/example_branch_day_of_week_operator.py
[2024-09-04T21:10:23.258+0000] {logging_mixin.py:190} INFO - [2024-09-04T21:10:23.258+0000] {dag.py:3211} INFO - Sync 1 DAGs
[2024-09-04T21:10:23.281+0000] {logging_mixin.py:190} INFO - [2024-09-04T21:10:23.280+0000] {dag.py:4138} INFO - Setting next_dagrun for example_weekday_branch_operator to 2024-09-03 00:00:00+00:00, run_after=2024-09-04 00:00:00+00:00
[2024-09-04T21:10:23.305+0000] {processor.py:208} INFO - Processing /home/airflow/.local/lib/python3.12/site-packages/airflow/example_dags/example_branch_day_of_week_operator.py took 0.087 seconds
[2024-09-04T21:10:53.809+0000] {processor.py:186} INFO - Started process (PID=1374) to work on /home/airflow/.local/lib/python3.12/site-packages/airflow/example_dags/example_branch_day_of_week_operator.py
[2024-09-04T21:10:53.810+0000] {processor.py:914} INFO - Processing file /home/airflow/.local/lib/python3.12/site-packages/airflow/example_dags/example_branch_day_of_week_operator.py for tasks to queue
[2024-09-04T21:10:53.816+0000] {logging_mixin.py:190} INFO - [2024-09-04T21:10:53.815+0000] {dagbag.py:587} INFO - Filling up the DagBag from /home/airflow/.local/lib/python3.12/site-packages/airflow/example_dags/example_branch_day_of_week_operator.py
[2024-09-04T21:10:53.825+0000] {processor.py:925} INFO - DAG(s) 'example_weekday_branch_operator' retrieved from /home/airflow/.local/lib/python3.12/site-packages/airflow/example_dags/example_branch_day_of_week_operator.py
[2024-09-04T21:10:53.856+0000] {logging_mixin.py:190} INFO - [2024-09-04T21:10:53.855+0000] {dag.py:3211} INFO - Sync 1 DAGs
[2024-09-04T21:10:53.888+0000] {logging_mixin.py:190} INFO - [2024-09-04T21:10:53.887+0000] {dag.py:4138} INFO - Setting next_dagrun for example_weekday_branch_operator to 2024-09-03 00:00:00+00:00, run_after=2024-09-04 00:00:00+00:00
[2024-09-04T21:10:53.922+0000] {processor.py:208} INFO - Processing /home/airflow/.local/lib/python3.12/site-packages/airflow/example_dags/example_branch_day_of_week_operator.py took 0.125 seconds
[2024-09-04T21:11:23.969+0000] {processor.py:186} INFO - Started process (PID=1437) to work on /home/airflow/.local/lib/python3.12/site-packages/airflow/example_dags/example_branch_day_of_week_operator.py
[2024-09-04T21:11:23.971+0000] {processor.py:914} INFO - Processing file /home/airflow/.local/lib/python3.12/site-packages/airflow/example_dags/example_branch_day_of_week_operator.py for tasks to queue
[2024-09-04T21:11:23.973+0000] {logging_mixin.py:190} INFO - [2024-09-04T21:11:23.973+0000] {dagbag.py:587} INFO - Filling up the DagBag from /home/airflow/.local/lib/python3.12/site-packages/airflow/example_dags/example_branch_day_of_week_operator.py
[2024-09-04T21:11:23.982+0000] {processor.py:925} INFO - DAG(s) 'example_weekday_branch_operator' retrieved from /home/airflow/.local/lib/python3.12/site-packages/airflow/example_dags/example_branch_day_of_week_operator.py
[2024-09-04T21:11:24.003+0000] {logging_mixin.py:190} INFO - [2024-09-04T21:11:24.003+0000] {dag.py:3211} INFO - Sync 1 DAGs
[2024-09-04T21:11:24.023+0000] {logging_mixin.py:190} INFO - [2024-09-04T21:11:24.023+0000] {dag.py:4138} INFO - Setting next_dagrun for example_weekday_branch_operator to 2024-09-03 00:00:00+00:00, run_after=2024-09-04 00:00:00+00:00
[2024-09-04T21:11:24.043+0000] {processor.py:208} INFO - Processing /home/airflow/.local/lib/python3.12/site-packages/airflow/example_dags/example_branch_day_of_week_operator.py took 0.079 seconds
[2024-09-04T21:11:54.229+0000] {processor.py:186} INFO - Started process (PID=1500) to work on /home/airflow/.local/lib/python3.12/site-packages/airflow/example_dags/example_branch_day_of_week_operator.py
[2024-09-04T21:11:54.230+0000] {processor.py:914} INFO - Processing file /home/airflow/.local/lib/python3.12/site-packages/airflow/example_dags/example_branch_day_of_week_operator.py for tasks to queue
[2024-09-04T21:11:54.232+0000] {logging_mixin.py:190} INFO - [2024-09-04T21:11:54.232+0000] {dagbag.py:587} INFO - Filling up the DagBag from /home/airflow/.local/lib/python3.12/site-packages/airflow/example_dags/example_branch_day_of_week_operator.py
[2024-09-04T21:11:54.240+0000] {processor.py:925} INFO - DAG(s) 'example_weekday_branch_operator' retrieved from /home/airflow/.local/lib/python3.12/site-packages/airflow/example_dags/example_branch_day_of_week_operator.py
[2024-09-04T21:11:54.261+0000] {logging_mixin.py:190} INFO - [2024-09-04T21:11:54.261+0000] {dag.py:3211} INFO - Sync 1 DAGs
[2024-09-04T21:11:54.281+0000] {logging_mixin.py:190} INFO - [2024-09-04T21:11:54.281+0000] {dag.py:4138} INFO - Setting next_dagrun for example_weekday_branch_operator to 2024-09-03 00:00:00+00:00, run_after=2024-09-04 00:00:00+00:00
[2024-09-04T21:11:54.301+0000] {processor.py:208} INFO - Processing /home/airflow/.local/lib/python3.12/site-packages/airflow/example_dags/example_branch_day_of_week_operator.py took 0.078 seconds
[2024-09-04T21:12:24.408+0000] {processor.py:186} INFO - Started process (PID=1563) to work on /home/airflow/.local/lib/python3.12/site-packages/airflow/example_dags/example_branch_day_of_week_operator.py
[2024-09-04T21:12:24.409+0000] {processor.py:914} INFO - Processing file /home/airflow/.local/lib/python3.12/site-packages/airflow/example_dags/example_branch_day_of_week_operator.py for tasks to queue
[2024-09-04T21:12:24.411+0000] {logging_mixin.py:190} INFO - [2024-09-04T21:12:24.411+0000] {dagbag.py:587} INFO - Filling up the DagBag from /home/airflow/.local/lib/python3.12/site-packages/airflow/example_dags/example_branch_day_of_week_operator.py
[2024-09-04T21:12:24.420+0000] {processor.py:925} INFO - DAG(s) 'example_weekday_branch_operator' retrieved from /home/airflow/.local/lib/python3.12/site-packages/airflow/example_dags/example_branch_day_of_week_operator.py
[2024-09-04T21:12:24.441+0000] {logging_mixin.py:190} INFO - [2024-09-04T21:12:24.441+0000] {dag.py:3211} INFO - Sync 1 DAGs
[2024-09-04T21:12:24.460+0000] {logging_mixin.py:190} INFO - [2024-09-04T21:12:24.460+0000] {dag.py:4138} INFO - Setting next_dagrun for example_weekday_branch_operator to 2024-09-03 00:00:00+00:00, run_after=2024-09-04 00:00:00+00:00
[2024-09-04T21:12:24.489+0000] {processor.py:208} INFO - Processing /home/airflow/.local/lib/python3.12/site-packages/airflow/example_dags/example_branch_day_of_week_operator.py took 0.086 seconds
[2024-09-04T21:12:55.043+0000] {processor.py:186} INFO - Started process (PID=1627) to work on /home/airflow/.local/lib/python3.12/site-packages/airflow/example_dags/example_branch_day_of_week_operator.py
[2024-09-04T21:12:55.044+0000] {processor.py:914} INFO - Processing file /home/airflow/.local/lib/python3.12/site-packages/airflow/example_dags/example_branch_day_of_week_operator.py for tasks to queue
[2024-09-04T21:12:55.047+0000] {logging_mixin.py:190} INFO - [2024-09-04T21:12:55.046+0000] {dagbag.py:587} INFO - Filling up the DagBag from /home/airflow/.local/lib/python3.12/site-packages/airflow/example_dags/example_branch_day_of_week_operator.py
[2024-09-04T21:12:55.056+0000] {processor.py:925} INFO - DAG(s) 'example_weekday_branch_operator' retrieved from /home/airflow/.local/lib/python3.12/site-packages/airflow/example_dags/example_branch_day_of_week_operator.py
[2024-09-04T21:12:55.080+0000] {logging_mixin.py:190} INFO - [2024-09-04T21:12:55.079+0000] {dag.py:3211} INFO - Sync 1 DAGs
[2024-09-04T21:12:55.103+0000] {logging_mixin.py:190} INFO - [2024-09-04T21:12:55.103+0000] {dag.py:4138} INFO - Setting next_dagrun for example_weekday_branch_operator to 2024-09-03 00:00:00+00:00, run_after=2024-09-04 00:00:00+00:00
[2024-09-04T21:12:55.123+0000] {processor.py:208} INFO - Processing /home/airflow/.local/lib/python3.12/site-packages/airflow/example_dags/example_branch_day_of_week_operator.py took 0.085 seconds
[2024-09-04T21:13:25.940+0000] {processor.py:186} INFO - Started process (PID=1696) to work on /home/airflow/.local/lib/python3.12/site-packages/airflow/example_dags/example_branch_day_of_week_operator.py
[2024-09-04T21:13:25.941+0000] {processor.py:914} INFO - Processing file /home/airflow/.local/lib/python3.12/site-packages/airflow/example_dags/example_branch_day_of_week_operator.py for tasks to queue
[2024-09-04T21:13:25.943+0000] {logging_mixin.py:190} INFO - [2024-09-04T21:13:25.943+0000] {dagbag.py:587} INFO - Filling up the DagBag from /home/airflow/.local/lib/python3.12/site-packages/airflow/example_dags/example_branch_day_of_week_operator.py
[2024-09-04T21:13:25.952+0000] {processor.py:925} INFO - DAG(s) 'example_weekday_branch_operator' retrieved from /home/airflow/.local/lib/python3.12/site-packages/airflow/example_dags/example_branch_day_of_week_operator.py
[2024-09-04T21:13:25.973+0000] {logging_mixin.py:190} INFO - [2024-09-04T21:13:25.973+0000] {dag.py:3211} INFO - Sync 1 DAGs
[2024-09-04T21:13:25.993+0000] {logging_mixin.py:190} INFO - [2024-09-04T21:13:25.993+0000] {dag.py:4138} INFO - Setting next_dagrun for example_weekday_branch_operator to 2024-09-03 00:00:00+00:00, run_after=2024-09-04 00:00:00+00:00
[2024-09-04T21:13:26.017+0000] {processor.py:208} INFO - Processing /home/airflow/.local/lib/python3.12/site-packages/airflow/example_dags/example_branch_day_of_week_operator.py took 0.082 seconds
[2024-09-04T21:13:56.144+0000] {processor.py:186} INFO - Started process (PID=1759) to work on /home/airflow/.local/lib/python3.12/site-packages/airflow/example_dags/example_branch_day_of_week_operator.py
[2024-09-04T21:13:56.145+0000] {processor.py:914} INFO - Processing file /home/airflow/.local/lib/python3.12/site-packages/airflow/example_dags/example_branch_day_of_week_operator.py for tasks to queue
[2024-09-04T21:13:56.148+0000] {logging_mixin.py:190} INFO - [2024-09-04T21:13:56.147+0000] {dagbag.py:587} INFO - Filling up the DagBag from /home/airflow/.local/lib/python3.12/site-packages/airflow/example_dags/example_branch_day_of_week_operator.py
[2024-09-04T21:13:56.156+0000] {processor.py:925} INFO - DAG(s) 'example_weekday_branch_operator' retrieved from /home/airflow/.local/lib/python3.12/site-packages/airflow/example_dags/example_branch_day_of_week_operator.py
[2024-09-04T21:13:56.177+0000] {logging_mixin.py:190} INFO - [2024-09-04T21:13:56.177+0000] {dag.py:3211} INFO - Sync 1 DAGs
[2024-09-04T21:13:56.198+0000] {logging_mixin.py:190} INFO - [2024-09-04T21:13:56.198+0000] {dag.py:4138} INFO - Setting next_dagrun for example_weekday_branch_operator to 2024-09-03 00:00:00+00:00, run_after=2024-09-04 00:00:00+00:00
[2024-09-04T21:13:56.221+0000] {processor.py:208} INFO - Processing /home/airflow/.local/lib/python3.12/site-packages/airflow/example_dags/example_branch_day_of_week_operator.py took 0.082 seconds
[2024-09-04T21:14:26.785+0000] {processor.py:186} INFO - Started process (PID=1822) to work on /home/airflow/.local/lib/python3.12/site-packages/airflow/example_dags/example_branch_day_of_week_operator.py
[2024-09-04T21:14:26.787+0000] {processor.py:914} INFO - Processing file /home/airflow/.local/lib/python3.12/site-packages/airflow/example_dags/example_branch_day_of_week_operator.py for tasks to queue
[2024-09-04T21:14:26.789+0000] {logging_mixin.py:190} INFO - [2024-09-04T21:14:26.789+0000] {dagbag.py:587} INFO - Filling up the DagBag from /home/airflow/.local/lib/python3.12/site-packages/airflow/example_dags/example_branch_day_of_week_operator.py
[2024-09-04T21:14:26.798+0000] {processor.py:925} INFO - DAG(s) 'example_weekday_branch_operator' retrieved from /home/airflow/.local/lib/python3.12/site-packages/airflow/example_dags/example_branch_day_of_week_operator.py
[2024-09-04T21:14:26.820+0000] {logging_mixin.py:190} INFO - [2024-09-04T21:14:26.819+0000] {dag.py:3211} INFO - Sync 1 DAGs
[2024-09-04T21:14:26.843+0000] {logging_mixin.py:190} INFO - [2024-09-04T21:14:26.843+0000] {dag.py:4138} INFO - Setting next_dagrun for example_weekday_branch_operator to 2024-09-03 00:00:00+00:00, run_after=2024-09-04 00:00:00+00:00
[2024-09-04T21:14:26.862+0000] {processor.py:208} INFO - Processing /home/airflow/.local/lib/python3.12/site-packages/airflow/example_dags/example_branch_day_of_week_operator.py took 0.081 seconds
[2024-09-04T21:14:57.442+0000] {processor.py:186} INFO - Started process (PID=1885) to work on /home/airflow/.local/lib/python3.12/site-packages/airflow/example_dags/example_branch_day_of_week_operator.py
[2024-09-04T21:14:57.449+0000] {processor.py:914} INFO - Processing file /home/airflow/.local/lib/python3.12/site-packages/airflow/example_dags/example_branch_day_of_week_operator.py for tasks to queue
[2024-09-04T21:14:57.454+0000] {logging_mixin.py:190} INFO - [2024-09-04T21:14:57.454+0000] {dagbag.py:587} INFO - Filling up the DagBag from /home/airflow/.local/lib/python3.12/site-packages/airflow/example_dags/example_branch_day_of_week_operator.py
[2024-09-04T21:14:57.474+0000] {processor.py:925} INFO - DAG(s) 'example_weekday_branch_operator' retrieved from /home/airflow/.local/lib/python3.12/site-packages/airflow/example_dags/example_branch_day_of_week_operator.py
[2024-09-04T21:14:57.505+0000] {logging_mixin.py:190} INFO - [2024-09-04T21:14:57.504+0000] {dag.py:3211} INFO - Sync 1 DAGs
[2024-09-04T21:14:57.536+0000] {logging_mixin.py:190} INFO - [2024-09-04T21:14:57.536+0000] {dag.py:4138} INFO - Setting next_dagrun for example_weekday_branch_operator to 2024-09-03 00:00:00+00:00, run_after=2024-09-04 00:00:00+00:00
[2024-09-04T21:14:57.587+0000] {processor.py:208} INFO - Processing /home/airflow/.local/lib/python3.12/site-packages/airflow/example_dags/example_branch_day_of_week_operator.py took 0.151 seconds
[2024-09-04T21:15:27.850+0000] {processor.py:186} INFO - Started process (PID=1948) to work on /home/airflow/.local/lib/python3.12/site-packages/airflow/example_dags/example_branch_day_of_week_operator.py
[2024-09-04T21:15:27.851+0000] {processor.py:914} INFO - Processing file /home/airflow/.local/lib/python3.12/site-packages/airflow/example_dags/example_branch_day_of_week_operator.py for tasks to queue
[2024-09-04T21:15:27.853+0000] {logging_mixin.py:190} INFO - [2024-09-04T21:15:27.853+0000] {dagbag.py:587} INFO - Filling up the DagBag from /home/airflow/.local/lib/python3.12/site-packages/airflow/example_dags/example_branch_day_of_week_operator.py
[2024-09-04T21:15:27.863+0000] {processor.py:925} INFO - DAG(s) 'example_weekday_branch_operator' retrieved from /home/airflow/.local/lib/python3.12/site-packages/airflow/example_dags/example_branch_day_of_week_operator.py
[2024-09-04T21:15:27.884+0000] {logging_mixin.py:190} INFO - [2024-09-04T21:15:27.883+0000] {dag.py:3211} INFO - Sync 1 DAGs
[2024-09-04T21:15:27.903+0000] {logging_mixin.py:190} INFO - [2024-09-04T21:15:27.903+0000] {dag.py:4138} INFO - Setting next_dagrun for example_weekday_branch_operator to 2024-09-03 00:00:00+00:00, run_after=2024-09-04 00:00:00+00:00
[2024-09-04T21:15:27.925+0000] {processor.py:208} INFO - Processing /home/airflow/.local/lib/python3.12/site-packages/airflow/example_dags/example_branch_day_of_week_operator.py took 0.080 seconds
[2024-09-04T21:15:58.090+0000] {processor.py:186} INFO - Started process (PID=2012) to work on /home/airflow/.local/lib/python3.12/site-packages/airflow/example_dags/example_branch_day_of_week_operator.py
[2024-09-04T21:15:58.091+0000] {processor.py:914} INFO - Processing file /home/airflow/.local/lib/python3.12/site-packages/airflow/example_dags/example_branch_day_of_week_operator.py for tasks to queue
[2024-09-04T21:15:58.094+0000] {logging_mixin.py:190} INFO - [2024-09-04T21:15:58.094+0000] {dagbag.py:587} INFO - Filling up the DagBag from /home/airflow/.local/lib/python3.12/site-packages/airflow/example_dags/example_branch_day_of_week_operator.py
[2024-09-04T21:15:58.104+0000] {processor.py:925} INFO - DAG(s) 'example_weekday_branch_operator' retrieved from /home/airflow/.local/lib/python3.12/site-packages/airflow/example_dags/example_branch_day_of_week_operator.py
[2024-09-04T21:15:58.130+0000] {logging_mixin.py:190} INFO - [2024-09-04T21:15:58.129+0000] {dag.py:3211} INFO - Sync 1 DAGs
[2024-09-04T21:15:58.154+0000] {logging_mixin.py:190} INFO - [2024-09-04T21:15:58.154+0000] {dag.py:4138} INFO - Setting next_dagrun for example_weekday_branch_operator to 2024-09-03 00:00:00+00:00, run_after=2024-09-04 00:00:00+00:00
[2024-09-04T21:15:58.178+0000] {processor.py:208} INFO - Processing /home/airflow/.local/lib/python3.12/site-packages/airflow/example_dags/example_branch_day_of_week_operator.py took 0.094 seconds
[2024-09-04T21:16:28.393+0000] {processor.py:186} INFO - Started process (PID=2075) to work on /home/airflow/.local/lib/python3.12/site-packages/airflow/example_dags/example_branch_day_of_week_operator.py
[2024-09-04T21:16:28.394+0000] {processor.py:914} INFO - Processing file /home/airflow/.local/lib/python3.12/site-packages/airflow/example_dags/example_branch_day_of_week_operator.py for tasks to queue
[2024-09-04T21:16:28.397+0000] {logging_mixin.py:190} INFO - [2024-09-04T21:16:28.397+0000] {dagbag.py:587} INFO - Filling up the DagBag from /home/airflow/.local/lib/python3.12/site-packages/airflow/example_dags/example_branch_day_of_week_operator.py
[2024-09-04T21:16:28.407+0000] {processor.py:925} INFO - DAG(s) 'example_weekday_branch_operator' retrieved from /home/airflow/.local/lib/python3.12/site-packages/airflow/example_dags/example_branch_day_of_week_operator.py
[2024-09-04T21:16:28.431+0000] {logging_mixin.py:190} INFO - [2024-09-04T21:16:28.431+0000] {dag.py:3211} INFO - Sync 1 DAGs
[2024-09-04T21:16:28.455+0000] {logging_mixin.py:190} INFO - [2024-09-04T21:16:28.455+0000] {dag.py:4138} INFO - Setting next_dagrun for example_weekday_branch_operator to 2024-09-03 00:00:00+00:00, run_after=2024-09-04 00:00:00+00:00
[2024-09-04T21:16:28.477+0000] {processor.py:208} INFO - Processing /home/airflow/.local/lib/python3.12/site-packages/airflow/example_dags/example_branch_day_of_week_operator.py took 0.091 seconds
[2024-09-04T21:16:58.686+0000] {processor.py:186} INFO - Started process (PID=2138) to work on /home/airflow/.local/lib/python3.12/site-packages/airflow/example_dags/example_branch_day_of_week_operator.py
[2024-09-04T21:16:58.687+0000] {processor.py:914} INFO - Processing file /home/airflow/.local/lib/python3.12/site-packages/airflow/example_dags/example_branch_day_of_week_operator.py for tasks to queue
[2024-09-04T21:16:58.690+0000] {logging_mixin.py:190} INFO - [2024-09-04T21:16:58.690+0000] {dagbag.py:587} INFO - Filling up the DagBag from /home/airflow/.local/lib/python3.12/site-packages/airflow/example_dags/example_branch_day_of_week_operator.py
[2024-09-04T21:16:58.701+0000] {processor.py:925} INFO - DAG(s) 'example_weekday_branch_operator' retrieved from /home/airflow/.local/lib/python3.12/site-packages/airflow/example_dags/example_branch_day_of_week_operator.py
[2024-09-04T21:16:58.729+0000] {logging_mixin.py:190} INFO - [2024-09-04T21:16:58.728+0000] {dag.py:3211} INFO - Sync 1 DAGs
[2024-09-04T21:16:58.759+0000] {logging_mixin.py:190} INFO - [2024-09-04T21:16:58.759+0000] {dag.py:4138} INFO - Setting next_dagrun for example_weekday_branch_operator to 2024-09-03 00:00:00+00:00, run_after=2024-09-04 00:00:00+00:00
[2024-09-04T21:16:58.794+0000] {processor.py:208} INFO - Processing /home/airflow/.local/lib/python3.12/site-packages/airflow/example_dags/example_branch_day_of_week_operator.py took 0.115 seconds
[2024-09-04T21:17:29.043+0000] {processor.py:186} INFO - Started process (PID=2201) to work on /home/airflow/.local/lib/python3.12/site-packages/airflow/example_dags/example_branch_day_of_week_operator.py
[2024-09-04T21:17:29.045+0000] {processor.py:914} INFO - Processing file /home/airflow/.local/lib/python3.12/site-packages/airflow/example_dags/example_branch_day_of_week_operator.py for tasks to queue
[2024-09-04T21:17:29.047+0000] {logging_mixin.py:190} INFO - [2024-09-04T21:17:29.047+0000] {dagbag.py:587} INFO - Filling up the DagBag from /home/airflow/.local/lib/python3.12/site-packages/airflow/example_dags/example_branch_day_of_week_operator.py
[2024-09-04T21:17:29.056+0000] {processor.py:925} INFO - DAG(s) 'example_weekday_branch_operator' retrieved from /home/airflow/.local/lib/python3.12/site-packages/airflow/example_dags/example_branch_day_of_week_operator.py
[2024-09-04T21:17:29.077+0000] {logging_mixin.py:190} INFO - [2024-09-04T21:17:29.077+0000] {dag.py:3211} INFO - Sync 1 DAGs
[2024-09-04T21:17:29.098+0000] {logging_mixin.py:190} INFO - [2024-09-04T21:17:29.097+0000] {dag.py:4138} INFO - Setting next_dagrun for example_weekday_branch_operator to 2024-09-03 00:00:00+00:00, run_after=2024-09-04 00:00:00+00:00
[2024-09-04T21:17:29.119+0000] {processor.py:208} INFO - Processing /home/airflow/.local/lib/python3.12/site-packages/airflow/example_dags/example_branch_day_of_week_operator.py took 0.082 seconds
[2024-09-04T21:17:59.454+0000] {processor.py:186} INFO - Started process (PID=2264) to work on /home/airflow/.local/lib/python3.12/site-packages/airflow/example_dags/example_branch_day_of_week_operator.py
[2024-09-04T21:17:59.455+0000] {processor.py:914} INFO - Processing file /home/airflow/.local/lib/python3.12/site-packages/airflow/example_dags/example_branch_day_of_week_operator.py for tasks to queue
[2024-09-04T21:17:59.457+0000] {logging_mixin.py:190} INFO - [2024-09-04T21:17:59.457+0000] {dagbag.py:587} INFO - Filling up the DagBag from /home/airflow/.local/lib/python3.12/site-packages/airflow/example_dags/example_branch_day_of_week_operator.py
[2024-09-04T21:17:59.467+0000] {processor.py:925} INFO - DAG(s) 'example_weekday_branch_operator' retrieved from /home/airflow/.local/lib/python3.12/site-packages/airflow/example_dags/example_branch_day_of_week_operator.py
[2024-09-04T21:17:59.490+0000] {logging_mixin.py:190} INFO - [2024-09-04T21:17:59.489+0000] {dag.py:3211} INFO - Sync 1 DAGs
[2024-09-04T21:17:59.511+0000] {logging_mixin.py:190} INFO - [2024-09-04T21:17:59.511+0000] {dag.py:4138} INFO - Setting next_dagrun for example_weekday_branch_operator to 2024-09-03 00:00:00+00:00, run_after=2024-09-04 00:00:00+00:00
[2024-09-04T21:17:59.532+0000] {processor.py:208} INFO - Processing /home/airflow/.local/lib/python3.12/site-packages/airflow/example_dags/example_branch_day_of_week_operator.py took 0.084 seconds
[2024-09-04T21:18:29.871+0000] {processor.py:186} INFO - Started process (PID=2327) to work on /home/airflow/.local/lib/python3.12/site-packages/airflow/example_dags/example_branch_day_of_week_operator.py
[2024-09-04T21:18:29.872+0000] {processor.py:914} INFO - Processing file /home/airflow/.local/lib/python3.12/site-packages/airflow/example_dags/example_branch_day_of_week_operator.py for tasks to queue
[2024-09-04T21:18:29.875+0000] {logging_mixin.py:190} INFO - [2024-09-04T21:18:29.875+0000] {dagbag.py:587} INFO - Filling up the DagBag from /home/airflow/.local/lib/python3.12/site-packages/airflow/example_dags/example_branch_day_of_week_operator.py
[2024-09-04T21:18:29.885+0000] {processor.py:925} INFO - DAG(s) 'example_weekday_branch_operator' retrieved from /home/airflow/.local/lib/python3.12/site-packages/airflow/example_dags/example_branch_day_of_week_operator.py
[2024-09-04T21:18:29.907+0000] {logging_mixin.py:190} INFO - [2024-09-04T21:18:29.906+0000] {dag.py:3211} INFO - Sync 1 DAGs
[2024-09-04T21:18:29.931+0000] {logging_mixin.py:190} INFO - [2024-09-04T21:18:29.931+0000] {dag.py:4138} INFO - Setting next_dagrun for example_weekday_branch_operator to 2024-09-03 00:00:00+00:00, run_after=2024-09-04 00:00:00+00:00
[2024-09-04T21:18:29.956+0000] {processor.py:208} INFO - Processing /home/airflow/.local/lib/python3.12/site-packages/airflow/example_dags/example_branch_day_of_week_operator.py took 0.091 seconds
