[2024-09-04T20:52:33.805+0000] {processor.py:186} INFO - Started process (PID=90) to work on /home/airflow/.local/lib/python3.12/site-packages/airflow/example_dags/example_latest_only.py
[2024-09-04T20:52:33.806+0000] {processor.py:914} INFO - Processing file /home/airflow/.local/lib/python3.12/site-packages/airflow/example_dags/example_latest_only.py for tasks to queue
[2024-09-04T20:52:33.809+0000] {logging_mixin.py:190} INFO - [2024-09-04T20:52:33.809+0000] {dagbag.py:587} INFO - Filling up the DagBag from /home/airflow/.local/lib/python3.12/site-packages/airflow/example_dags/example_latest_only.py
[2024-09-04T20:52:33.819+0000] {processor.py:925} INFO - DAG(s) 'latest_only' retrieved from /home/airflow/.local/lib/python3.12/site-packages/airflow/example_dags/example_latest_only.py
[2024-09-04T20:52:34.074+0000] {logging_mixin.py:190} INFO - [2024-09-04T20:52:34.073+0000] {override.py:1858} INFO - Created Permission View: can delete on DAG:latest_only
[2024-09-04T20:52:34.094+0000] {logging_mixin.py:190} INFO - [2024-09-04T20:52:34.093+0000] {override.py:1858} INFO - Created Permission View: can edit on DAG:latest_only
[2024-09-04T20:52:34.114+0000] {logging_mixin.py:190} INFO - [2024-09-04T20:52:34.113+0000] {override.py:1858} INFO - Created Permission View: can read on DAG:latest_only
[2024-09-04T20:52:34.117+0000] {logging_mixin.py:190} INFO - [2024-09-04T20:52:34.116+0000] {dag.py:3211} INFO - Sync 1 DAGs
[2024-09-04T20:52:34.164+0000] {logging_mixin.py:190} INFO - [2024-09-04T20:52:34.161+0000] {dag.py:3234} INFO - Creating ORM DAG for latest_only
[2024-09-04T20:52:34.239+0000] {logging_mixin.py:190} INFO - [2024-09-04T20:52:34.238+0000] {dag.py:4138} INFO - Setting next_dagrun for latest_only to 2024-09-04 16:00:00+00:00, run_after=2024-09-04 20:00:00+00:00
[2024-09-04T20:52:34.308+0000] {processor.py:208} INFO - Processing /home/airflow/.local/lib/python3.12/site-packages/airflow/example_dags/example_latest_only.py took 0.510 seconds
[2024-09-04T21:00:16.280+0000] {processor.py:186} INFO - Started process (PID=85) to work on /home/airflow/.local/lib/python3.12/site-packages/airflow/example_dags/example_latest_only.py
[2024-09-04T21:00:16.284+0000] {processor.py:914} INFO - Processing file /home/airflow/.local/lib/python3.12/site-packages/airflow/example_dags/example_latest_only.py for tasks to queue
[2024-09-04T21:00:16.288+0000] {logging_mixin.py:190} INFO - [2024-09-04T21:00:16.287+0000] {dagbag.py:587} INFO - Filling up the DagBag from /home/airflow/.local/lib/python3.12/site-packages/airflow/example_dags/example_latest_only.py
[2024-09-04T21:00:16.300+0000] {processor.py:925} INFO - DAG(s) 'latest_only' retrieved from /home/airflow/.local/lib/python3.12/site-packages/airflow/example_dags/example_latest_only.py
[2024-09-04T21:00:16.385+0000] {logging_mixin.py:190} INFO - [2024-09-04T21:00:16.384+0000] {dag.py:3211} INFO - Sync 1 DAGs
[2024-09-04T21:00:16.440+0000] {logging_mixin.py:190} INFO - [2024-09-04T21:00:16.440+0000] {dag.py:4138} INFO - Setting next_dagrun for latest_only to 2024-09-04 16:00:00+00:00, run_after=2024-09-04 20:00:00+00:00
[2024-09-04T21:00:16.483+0000] {processor.py:208} INFO - Processing /home/airflow/.local/lib/python3.12/site-packages/airflow/example_dags/example_latest_only.py took 0.213 seconds
[2024-09-04T21:00:47.157+0000] {processor.py:186} INFO - Started process (PID=147) to work on /home/airflow/.local/lib/python3.12/site-packages/airflow/example_dags/example_latest_only.py
[2024-09-04T21:00:47.159+0000] {processor.py:914} INFO - Processing file /home/airflow/.local/lib/python3.12/site-packages/airflow/example_dags/example_latest_only.py for tasks to queue
[2024-09-04T21:00:47.162+0000] {logging_mixin.py:190} INFO - [2024-09-04T21:00:47.161+0000] {dagbag.py:587} INFO - Filling up the DagBag from /home/airflow/.local/lib/python3.12/site-packages/airflow/example_dags/example_latest_only.py
[2024-09-04T21:00:47.170+0000] {processor.py:925} INFO - DAG(s) 'latest_only' retrieved from /home/airflow/.local/lib/python3.12/site-packages/airflow/example_dags/example_latest_only.py
[2024-09-04T21:00:47.193+0000] {logging_mixin.py:190} INFO - [2024-09-04T21:00:47.193+0000] {dag.py:3211} INFO - Sync 1 DAGs
[2024-09-04T21:00:47.220+0000] {logging_mixin.py:190} INFO - [2024-09-04T21:00:47.220+0000] {dag.py:4138} INFO - Setting next_dagrun for latest_only to 2024-09-04 16:00:00+00:00, run_after=2024-09-04 20:00:00+00:00
[2024-09-04T21:00:47.241+0000] {processor.py:208} INFO - Processing /home/airflow/.local/lib/python3.12/site-packages/airflow/example_dags/example_latest_only.py took 0.093 seconds
[2024-09-04T21:01:17.837+0000] {processor.py:186} INFO - Started process (PID=209) to work on /home/airflow/.local/lib/python3.12/site-packages/airflow/example_dags/example_latest_only.py
[2024-09-04T21:01:17.838+0000] {processor.py:914} INFO - Processing file /home/airflow/.local/lib/python3.12/site-packages/airflow/example_dags/example_latest_only.py for tasks to queue
[2024-09-04T21:01:17.841+0000] {logging_mixin.py:190} INFO - [2024-09-04T21:01:17.841+0000] {dagbag.py:587} INFO - Filling up the DagBag from /home/airflow/.local/lib/python3.12/site-packages/airflow/example_dags/example_latest_only.py
[2024-09-04T21:01:17.848+0000] {processor.py:925} INFO - DAG(s) 'latest_only' retrieved from /home/airflow/.local/lib/python3.12/site-packages/airflow/example_dags/example_latest_only.py
[2024-09-04T21:01:17.867+0000] {logging_mixin.py:190} INFO - [2024-09-04T21:01:17.867+0000] {dag.py:3211} INFO - Sync 1 DAGs
[2024-09-04T21:01:17.887+0000] {logging_mixin.py:190} INFO - [2024-09-04T21:01:17.887+0000] {dag.py:4138} INFO - Setting next_dagrun for latest_only to 2024-09-04 16:00:00+00:00, run_after=2024-09-04 20:00:00+00:00
[2024-09-04T21:01:17.908+0000] {processor.py:208} INFO - Processing /home/airflow/.local/lib/python3.12/site-packages/airflow/example_dags/example_latest_only.py took 0.076 seconds
[2024-09-04T21:01:48.136+0000] {processor.py:186} INFO - Started process (PID=271) to work on /home/airflow/.local/lib/python3.12/site-packages/airflow/example_dags/example_latest_only.py
[2024-09-04T21:01:48.137+0000] {processor.py:914} INFO - Processing file /home/airflow/.local/lib/python3.12/site-packages/airflow/example_dags/example_latest_only.py for tasks to queue
[2024-09-04T21:01:48.140+0000] {logging_mixin.py:190} INFO - [2024-09-04T21:01:48.139+0000] {dagbag.py:587} INFO - Filling up the DagBag from /home/airflow/.local/lib/python3.12/site-packages/airflow/example_dags/example_latest_only.py
[2024-09-04T21:01:48.147+0000] {processor.py:925} INFO - DAG(s) 'latest_only' retrieved from /home/airflow/.local/lib/python3.12/site-packages/airflow/example_dags/example_latest_only.py
[2024-09-04T21:01:48.167+0000] {logging_mixin.py:190} INFO - [2024-09-04T21:01:48.166+0000] {dag.py:3211} INFO - Sync 1 DAGs
[2024-09-04T21:01:48.186+0000] {logging_mixin.py:190} INFO - [2024-09-04T21:01:48.185+0000] {dag.py:4138} INFO - Setting next_dagrun for latest_only to 2024-09-04 16:00:00+00:00, run_after=2024-09-04 20:00:00+00:00
[2024-09-04T21:01:48.207+0000] {processor.py:208} INFO - Processing /home/airflow/.local/lib/python3.12/site-packages/airflow/example_dags/example_latest_only.py took 0.075 seconds
[2024-09-04T21:02:18.982+0000] {processor.py:186} INFO - Started process (PID=334) to work on /home/airflow/.local/lib/python3.12/site-packages/airflow/example_dags/example_latest_only.py
[2024-09-04T21:02:18.984+0000] {processor.py:914} INFO - Processing file /home/airflow/.local/lib/python3.12/site-packages/airflow/example_dags/example_latest_only.py for tasks to queue
[2024-09-04T21:02:18.986+0000] {logging_mixin.py:190} INFO - [2024-09-04T21:02:18.985+0000] {dagbag.py:587} INFO - Filling up the DagBag from /home/airflow/.local/lib/python3.12/site-packages/airflow/example_dags/example_latest_only.py
[2024-09-04T21:02:18.993+0000] {processor.py:925} INFO - DAG(s) 'latest_only' retrieved from /home/airflow/.local/lib/python3.12/site-packages/airflow/example_dags/example_latest_only.py
[2024-09-04T21:02:19.017+0000] {logging_mixin.py:190} INFO - [2024-09-04T21:02:19.016+0000] {dag.py:3211} INFO - Sync 1 DAGs
[2024-09-04T21:02:19.040+0000] {logging_mixin.py:190} INFO - [2024-09-04T21:02:19.040+0000] {dag.py:4138} INFO - Setting next_dagrun for latest_only to 2024-09-04 16:00:00+00:00, run_after=2024-09-04 20:00:00+00:00
[2024-09-04T21:02:19.061+0000] {processor.py:208} INFO - Processing /home/airflow/.local/lib/python3.12/site-packages/airflow/example_dags/example_latest_only.py took 0.085 seconds
[2024-09-04T21:02:49.785+0000] {processor.py:186} INFO - Started process (PID=396) to work on /home/airflow/.local/lib/python3.12/site-packages/airflow/example_dags/example_latest_only.py
[2024-09-04T21:02:49.786+0000] {processor.py:914} INFO - Processing file /home/airflow/.local/lib/python3.12/site-packages/airflow/example_dags/example_latest_only.py for tasks to queue
[2024-09-04T21:02:49.788+0000] {logging_mixin.py:190} INFO - [2024-09-04T21:02:49.788+0000] {dagbag.py:587} INFO - Filling up the DagBag from /home/airflow/.local/lib/python3.12/site-packages/airflow/example_dags/example_latest_only.py
[2024-09-04T21:02:49.794+0000] {processor.py:925} INFO - DAG(s) 'latest_only' retrieved from /home/airflow/.local/lib/python3.12/site-packages/airflow/example_dags/example_latest_only.py
[2024-09-04T21:02:49.814+0000] {logging_mixin.py:190} INFO - [2024-09-04T21:02:49.813+0000] {dag.py:3211} INFO - Sync 1 DAGs
[2024-09-04T21:02:49.832+0000] {logging_mixin.py:190} INFO - [2024-09-04T21:02:49.832+0000] {dag.py:4138} INFO - Setting next_dagrun for latest_only to 2024-09-04 16:00:00+00:00, run_after=2024-09-04 20:00:00+00:00
[2024-09-04T21:02:49.851+0000] {processor.py:208} INFO - Processing /home/airflow/.local/lib/python3.12/site-packages/airflow/example_dags/example_latest_only.py took 0.070 seconds
[2024-09-04T21:03:20.844+0000] {processor.py:186} INFO - Started process (PID=458) to work on /home/airflow/.local/lib/python3.12/site-packages/airflow/example_dags/example_latest_only.py
[2024-09-04T21:03:20.849+0000] {processor.py:914} INFO - Processing file /home/airflow/.local/lib/python3.12/site-packages/airflow/example_dags/example_latest_only.py for tasks to queue
[2024-09-04T21:03:20.856+0000] {logging_mixin.py:190} INFO - [2024-09-04T21:03:20.855+0000] {dagbag.py:587} INFO - Filling up the DagBag from /home/airflow/.local/lib/python3.12/site-packages/airflow/example_dags/example_latest_only.py
[2024-09-04T21:03:20.876+0000] {processor.py:925} INFO - DAG(s) 'latest_only' retrieved from /home/airflow/.local/lib/python3.12/site-packages/airflow/example_dags/example_latest_only.py
[2024-09-04T21:03:20.932+0000] {logging_mixin.py:190} INFO - [2024-09-04T21:03:20.932+0000] {dag.py:3211} INFO - Sync 1 DAGs
[2024-09-04T21:03:21.021+0000] {logging_mixin.py:190} INFO - [2024-09-04T21:03:21.020+0000] {dag.py:4138} INFO - Setting next_dagrun for latest_only to 2024-09-04 16:00:00+00:00, run_after=2024-09-04 20:00:00+00:00
[2024-09-04T21:03:21.074+0000] {processor.py:208} INFO - Processing /home/airflow/.local/lib/python3.12/site-packages/airflow/example_dags/example_latest_only.py took 0.245 seconds
[2024-09-04T21:03:51.189+0000] {processor.py:186} INFO - Started process (PID=521) to work on /home/airflow/.local/lib/python3.12/site-packages/airflow/example_dags/example_latest_only.py
[2024-09-04T21:03:51.191+0000] {processor.py:914} INFO - Processing file /home/airflow/.local/lib/python3.12/site-packages/airflow/example_dags/example_latest_only.py for tasks to queue
[2024-09-04T21:03:51.195+0000] {logging_mixin.py:190} INFO - [2024-09-04T21:03:51.194+0000] {dagbag.py:587} INFO - Filling up the DagBag from /home/airflow/.local/lib/python3.12/site-packages/airflow/example_dags/example_latest_only.py
[2024-09-04T21:03:51.211+0000] {processor.py:925} INFO - DAG(s) 'latest_only' retrieved from /home/airflow/.local/lib/python3.12/site-packages/airflow/example_dags/example_latest_only.py
[2024-09-04T21:03:51.244+0000] {logging_mixin.py:190} INFO - [2024-09-04T21:03:51.243+0000] {dag.py:3211} INFO - Sync 1 DAGs
[2024-09-04T21:03:51.280+0000] {logging_mixin.py:190} INFO - [2024-09-04T21:03:51.280+0000] {dag.py:4138} INFO - Setting next_dagrun for latest_only to 2024-09-04 16:00:00+00:00, run_after=2024-09-04 20:00:00+00:00
[2024-09-04T21:03:51.312+0000] {processor.py:208} INFO - Processing /home/airflow/.local/lib/python3.12/site-packages/airflow/example_dags/example_latest_only.py took 0.133 seconds
[2024-09-04T21:04:21.516+0000] {processor.py:186} INFO - Started process (PID=583) to work on /home/airflow/.local/lib/python3.12/site-packages/airflow/example_dags/example_latest_only.py
[2024-09-04T21:04:21.518+0000] {processor.py:914} INFO - Processing file /home/airflow/.local/lib/python3.12/site-packages/airflow/example_dags/example_latest_only.py for tasks to queue
[2024-09-04T21:04:21.521+0000] {logging_mixin.py:190} INFO - [2024-09-04T21:04:21.521+0000] {dagbag.py:587} INFO - Filling up the DagBag from /home/airflow/.local/lib/python3.12/site-packages/airflow/example_dags/example_latest_only.py
[2024-09-04T21:04:21.532+0000] {processor.py:925} INFO - DAG(s) 'latest_only' retrieved from /home/airflow/.local/lib/python3.12/site-packages/airflow/example_dags/example_latest_only.py
[2024-09-04T21:04:21.557+0000] {logging_mixin.py:190} INFO - [2024-09-04T21:04:21.556+0000] {dag.py:3211} INFO - Sync 1 DAGs
[2024-09-04T21:04:21.592+0000] {logging_mixin.py:190} INFO - [2024-09-04T21:04:21.591+0000] {dag.py:4138} INFO - Setting next_dagrun for latest_only to 2024-09-04 16:00:00+00:00, run_after=2024-09-04 20:00:00+00:00
[2024-09-04T21:04:21.621+0000] {processor.py:208} INFO - Processing /home/airflow/.local/lib/python3.12/site-packages/airflow/example_dags/example_latest_only.py took 0.114 seconds
[2024-09-04T21:04:52.474+0000] {processor.py:186} INFO - Started process (PID=644) to work on /home/airflow/.local/lib/python3.12/site-packages/airflow/example_dags/example_latest_only.py
[2024-09-04T21:04:52.476+0000] {processor.py:914} INFO - Processing file /home/airflow/.local/lib/python3.12/site-packages/airflow/example_dags/example_latest_only.py for tasks to queue
[2024-09-04T21:04:52.480+0000] {logging_mixin.py:190} INFO - [2024-09-04T21:04:52.479+0000] {dagbag.py:587} INFO - Filling up the DagBag from /home/airflow/.local/lib/python3.12/site-packages/airflow/example_dags/example_latest_only.py
[2024-09-04T21:04:52.492+0000] {processor.py:925} INFO - DAG(s) 'latest_only' retrieved from /home/airflow/.local/lib/python3.12/site-packages/airflow/example_dags/example_latest_only.py
[2024-09-04T21:04:52.526+0000] {logging_mixin.py:190} INFO - [2024-09-04T21:04:52.525+0000] {dag.py:3211} INFO - Sync 1 DAGs
[2024-09-04T21:04:52.569+0000] {logging_mixin.py:190} INFO - [2024-09-04T21:04:52.568+0000] {dag.py:4138} INFO - Setting next_dagrun for latest_only to 2024-09-04 16:00:00+00:00, run_after=2024-09-04 20:00:00+00:00
[2024-09-04T21:04:52.605+0000] {processor.py:208} INFO - Processing /home/airflow/.local/lib/python3.12/site-packages/airflow/example_dags/example_latest_only.py took 0.143 seconds
[2024-09-04T21:05:22.663+0000] {processor.py:186} INFO - Started process (PID=706) to work on /home/airflow/.local/lib/python3.12/site-packages/airflow/example_dags/example_latest_only.py
[2024-09-04T21:05:22.665+0000] {processor.py:914} INFO - Processing file /home/airflow/.local/lib/python3.12/site-packages/airflow/example_dags/example_latest_only.py for tasks to queue
[2024-09-04T21:05:22.668+0000] {logging_mixin.py:190} INFO - [2024-09-04T21:05:22.668+0000] {dagbag.py:587} INFO - Filling up the DagBag from /home/airflow/.local/lib/python3.12/site-packages/airflow/example_dags/example_latest_only.py
[2024-09-04T21:05:22.676+0000] {processor.py:925} INFO - DAG(s) 'latest_only' retrieved from /home/airflow/.local/lib/python3.12/site-packages/airflow/example_dags/example_latest_only.py
[2024-09-04T21:05:22.700+0000] {logging_mixin.py:190} INFO - [2024-09-04T21:05:22.700+0000] {dag.py:3211} INFO - Sync 1 DAGs
[2024-09-04T21:05:22.731+0000] {logging_mixin.py:190} INFO - [2024-09-04T21:05:22.731+0000] {dag.py:4138} INFO - Setting next_dagrun for latest_only to 2024-09-04 16:00:00+00:00, run_after=2024-09-04 20:00:00+00:00
[2024-09-04T21:05:22.757+0000] {processor.py:208} INFO - Processing /home/airflow/.local/lib/python3.12/site-packages/airflow/example_dags/example_latest_only.py took 0.100 seconds
[2024-09-04T21:05:53.267+0000] {processor.py:186} INFO - Started process (PID=768) to work on /home/airflow/.local/lib/python3.12/site-packages/airflow/example_dags/example_latest_only.py
[2024-09-04T21:05:53.268+0000] {processor.py:914} INFO - Processing file /home/airflow/.local/lib/python3.12/site-packages/airflow/example_dags/example_latest_only.py for tasks to queue
[2024-09-04T21:05:53.271+0000] {logging_mixin.py:190} INFO - [2024-09-04T21:05:53.271+0000] {dagbag.py:587} INFO - Filling up the DagBag from /home/airflow/.local/lib/python3.12/site-packages/airflow/example_dags/example_latest_only.py
[2024-09-04T21:05:53.277+0000] {processor.py:925} INFO - DAG(s) 'latest_only' retrieved from /home/airflow/.local/lib/python3.12/site-packages/airflow/example_dags/example_latest_only.py
[2024-09-04T21:05:53.296+0000] {logging_mixin.py:190} INFO - [2024-09-04T21:05:53.296+0000] {dag.py:3211} INFO - Sync 1 DAGs
[2024-09-04T21:05:53.316+0000] {logging_mixin.py:190} INFO - [2024-09-04T21:05:53.316+0000] {dag.py:4138} INFO - Setting next_dagrun for latest_only to 2024-09-04 16:00:00+00:00, run_after=2024-09-04 20:00:00+00:00
[2024-09-04T21:05:53.335+0000] {processor.py:208} INFO - Processing /home/airflow/.local/lib/python3.12/site-packages/airflow/example_dags/example_latest_only.py took 0.072 seconds
[2024-09-04T21:06:24.258+0000] {processor.py:186} INFO - Started process (PID=830) to work on /home/airflow/.local/lib/python3.12/site-packages/airflow/example_dags/example_latest_only.py
[2024-09-04T21:06:24.261+0000] {processor.py:914} INFO - Processing file /home/airflow/.local/lib/python3.12/site-packages/airflow/example_dags/example_latest_only.py for tasks to queue
[2024-09-04T21:06:24.266+0000] {logging_mixin.py:190} INFO - [2024-09-04T21:06:24.265+0000] {dagbag.py:587} INFO - Filling up the DagBag from /home/airflow/.local/lib/python3.12/site-packages/airflow/example_dags/example_latest_only.py
[2024-09-04T21:06:24.281+0000] {processor.py:925} INFO - DAG(s) 'latest_only' retrieved from /home/airflow/.local/lib/python3.12/site-packages/airflow/example_dags/example_latest_only.py
[2024-09-04T21:06:24.322+0000] {logging_mixin.py:190} INFO - [2024-09-04T21:06:24.321+0000] {dag.py:3211} INFO - Sync 1 DAGs
[2024-09-04T21:06:24.374+0000] {logging_mixin.py:190} INFO - [2024-09-04T21:06:24.373+0000] {dag.py:4138} INFO - Setting next_dagrun for latest_only to 2024-09-04 16:00:00+00:00, run_after=2024-09-04 20:00:00+00:00
[2024-09-04T21:06:24.422+0000] {processor.py:208} INFO - Processing /home/airflow/.local/lib/python3.12/site-packages/airflow/example_dags/example_latest_only.py took 0.176 seconds
[2024-09-04T21:06:54.895+0000] {processor.py:186} INFO - Started process (PID=897) to work on /home/airflow/.local/lib/python3.12/site-packages/airflow/example_dags/example_latest_only.py
[2024-09-04T21:06:54.896+0000] {processor.py:914} INFO - Processing file /home/airflow/.local/lib/python3.12/site-packages/airflow/example_dags/example_latest_only.py for tasks to queue
[2024-09-04T21:06:54.898+0000] {logging_mixin.py:190} INFO - [2024-09-04T21:06:54.898+0000] {dagbag.py:587} INFO - Filling up the DagBag from /home/airflow/.local/lib/python3.12/site-packages/airflow/example_dags/example_latest_only.py
[2024-09-04T21:06:54.906+0000] {processor.py:925} INFO - DAG(s) 'latest_only' retrieved from /home/airflow/.local/lib/python3.12/site-packages/airflow/example_dags/example_latest_only.py
[2024-09-04T21:06:54.931+0000] {logging_mixin.py:190} INFO - [2024-09-04T21:06:54.931+0000] {dag.py:3211} INFO - Sync 1 DAGs
[2024-09-04T21:06:54.973+0000] {logging_mixin.py:190} INFO - [2024-09-04T21:06:54.973+0000] {dag.py:4138} INFO - Setting next_dagrun for latest_only to 2024-09-04 16:00:00+00:00, run_after=2024-09-04 20:00:00+00:00
[2024-09-04T21:06:54.995+0000] {processor.py:208} INFO - Processing /home/airflow/.local/lib/python3.12/site-packages/airflow/example_dags/example_latest_only.py took 0.108 seconds
[2024-09-04T21:07:25.278+0000] {processor.py:186} INFO - Started process (PID=959) to work on /home/airflow/.local/lib/python3.12/site-packages/airflow/example_dags/example_latest_only.py
[2024-09-04T21:07:25.280+0000] {processor.py:914} INFO - Processing file /home/airflow/.local/lib/python3.12/site-packages/airflow/example_dags/example_latest_only.py for tasks to queue
[2024-09-04T21:07:25.283+0000] {logging_mixin.py:190} INFO - [2024-09-04T21:07:25.282+0000] {dagbag.py:587} INFO - Filling up the DagBag from /home/airflow/.local/lib/python3.12/site-packages/airflow/example_dags/example_latest_only.py
[2024-09-04T21:07:25.290+0000] {processor.py:925} INFO - DAG(s) 'latest_only' retrieved from /home/airflow/.local/lib/python3.12/site-packages/airflow/example_dags/example_latest_only.py
[2024-09-04T21:07:25.315+0000] {logging_mixin.py:190} INFO - [2024-09-04T21:07:25.315+0000] {dag.py:3211} INFO - Sync 1 DAGs
[2024-09-04T21:07:25.347+0000] {logging_mixin.py:190} INFO - [2024-09-04T21:07:25.347+0000] {dag.py:4138} INFO - Setting next_dagrun for latest_only to 2024-09-04 16:00:00+00:00, run_after=2024-09-04 20:00:00+00:00
[2024-09-04T21:07:25.373+0000] {processor.py:208} INFO - Processing /home/airflow/.local/lib/python3.12/site-packages/airflow/example_dags/example_latest_only.py took 0.101 seconds
[2024-09-04T21:07:55.776+0000] {processor.py:186} INFO - Started process (PID=1022) to work on /home/airflow/.local/lib/python3.12/site-packages/airflow/example_dags/example_latest_only.py
[2024-09-04T21:07:55.778+0000] {processor.py:914} INFO - Processing file /home/airflow/.local/lib/python3.12/site-packages/airflow/example_dags/example_latest_only.py for tasks to queue
[2024-09-04T21:07:55.781+0000] {logging_mixin.py:190} INFO - [2024-09-04T21:07:55.780+0000] {dagbag.py:587} INFO - Filling up the DagBag from /home/airflow/.local/lib/python3.12/site-packages/airflow/example_dags/example_latest_only.py
[2024-09-04T21:07:55.789+0000] {processor.py:925} INFO - DAG(s) 'latest_only' retrieved from /home/airflow/.local/lib/python3.12/site-packages/airflow/example_dags/example_latest_only.py
[2024-09-04T21:07:55.820+0000] {logging_mixin.py:190} INFO - [2024-09-04T21:07:55.819+0000] {dag.py:3211} INFO - Sync 1 DAGs
[2024-09-04T21:07:55.869+0000] {logging_mixin.py:190} INFO - [2024-09-04T21:07:55.869+0000] {dag.py:4138} INFO - Setting next_dagrun for latest_only to 2024-09-04 16:00:00+00:00, run_after=2024-09-04 20:00:00+00:00
[2024-09-04T21:07:55.906+0000] {processor.py:208} INFO - Processing /home/airflow/.local/lib/python3.12/site-packages/airflow/example_dags/example_latest_only.py took 0.136 seconds
[2024-09-04T21:08:26.752+0000] {processor.py:186} INFO - Started process (PID=1084) to work on /home/airflow/.local/lib/python3.12/site-packages/airflow/example_dags/example_latest_only.py
[2024-09-04T21:08:26.754+0000] {processor.py:914} INFO - Processing file /home/airflow/.local/lib/python3.12/site-packages/airflow/example_dags/example_latest_only.py for tasks to queue
[2024-09-04T21:08:26.756+0000] {logging_mixin.py:190} INFO - [2024-09-04T21:08:26.756+0000] {dagbag.py:587} INFO - Filling up the DagBag from /home/airflow/.local/lib/python3.12/site-packages/airflow/example_dags/example_latest_only.py
[2024-09-04T21:08:26.763+0000] {processor.py:925} INFO - DAG(s) 'latest_only' retrieved from /home/airflow/.local/lib/python3.12/site-packages/airflow/example_dags/example_latest_only.py
[2024-09-04T21:08:26.782+0000] {logging_mixin.py:190} INFO - [2024-09-04T21:08:26.782+0000] {dag.py:3211} INFO - Sync 1 DAGs
[2024-09-04T21:08:26.803+0000] {logging_mixin.py:190} INFO - [2024-09-04T21:08:26.803+0000] {dag.py:4138} INFO - Setting next_dagrun for latest_only to 2024-09-04 16:00:00+00:00, run_after=2024-09-04 20:00:00+00:00
[2024-09-04T21:08:26.822+0000] {processor.py:208} INFO - Processing /home/airflow/.local/lib/python3.12/site-packages/airflow/example_dags/example_latest_only.py took 0.075 seconds
[2024-09-04T21:08:57.348+0000] {processor.py:186} INFO - Started process (PID=1146) to work on /home/airflow/.local/lib/python3.12/site-packages/airflow/example_dags/example_latest_only.py
[2024-09-04T21:08:57.349+0000] {processor.py:914} INFO - Processing file /home/airflow/.local/lib/python3.12/site-packages/airflow/example_dags/example_latest_only.py for tasks to queue
[2024-09-04T21:08:57.352+0000] {logging_mixin.py:190} INFO - [2024-09-04T21:08:57.351+0000] {dagbag.py:587} INFO - Filling up the DagBag from /home/airflow/.local/lib/python3.12/site-packages/airflow/example_dags/example_latest_only.py
[2024-09-04T21:08:57.357+0000] {processor.py:925} INFO - DAG(s) 'latest_only' retrieved from /home/airflow/.local/lib/python3.12/site-packages/airflow/example_dags/example_latest_only.py
[2024-09-04T21:08:57.377+0000] {logging_mixin.py:190} INFO - [2024-09-04T21:08:57.376+0000] {dag.py:3211} INFO - Sync 1 DAGs
[2024-09-04T21:08:57.398+0000] {logging_mixin.py:190} INFO - [2024-09-04T21:08:57.397+0000] {dag.py:4138} INFO - Setting next_dagrun for latest_only to 2024-09-04 16:00:00+00:00, run_after=2024-09-04 20:00:00+00:00
[2024-09-04T21:08:57.417+0000] {processor.py:208} INFO - Processing /home/airflow/.local/lib/python3.12/site-packages/airflow/example_dags/example_latest_only.py took 0.074 seconds
[2024-09-04T21:09:27.709+0000] {processor.py:186} INFO - Started process (PID=1208) to work on /home/airflow/.local/lib/python3.12/site-packages/airflow/example_dags/example_latest_only.py
[2024-09-04T21:09:27.711+0000] {processor.py:914} INFO - Processing file /home/airflow/.local/lib/python3.12/site-packages/airflow/example_dags/example_latest_only.py for tasks to queue
[2024-09-04T21:09:27.713+0000] {logging_mixin.py:190} INFO - [2024-09-04T21:09:27.713+0000] {dagbag.py:587} INFO - Filling up the DagBag from /home/airflow/.local/lib/python3.12/site-packages/airflow/example_dags/example_latest_only.py
[2024-09-04T21:09:27.719+0000] {processor.py:925} INFO - DAG(s) 'latest_only' retrieved from /home/airflow/.local/lib/python3.12/site-packages/airflow/example_dags/example_latest_only.py
[2024-09-04T21:09:27.739+0000] {logging_mixin.py:190} INFO - [2024-09-04T21:09:27.739+0000] {dag.py:3211} INFO - Sync 1 DAGs
[2024-09-04T21:09:27.759+0000] {logging_mixin.py:190} INFO - [2024-09-04T21:09:27.759+0000] {dag.py:4138} INFO - Setting next_dagrun for latest_only to 2024-09-04 16:00:00+00:00, run_after=2024-09-04 20:00:00+00:00
[2024-09-04T21:09:27.777+0000] {processor.py:208} INFO - Processing /home/airflow/.local/lib/python3.12/site-packages/airflow/example_dags/example_latest_only.py took 0.073 seconds
[2024-09-04T21:09:58.136+0000] {processor.py:186} INFO - Started process (PID=1270) to work on /home/airflow/.local/lib/python3.12/site-packages/airflow/example_dags/example_latest_only.py
[2024-09-04T21:09:58.137+0000] {processor.py:914} INFO - Processing file /home/airflow/.local/lib/python3.12/site-packages/airflow/example_dags/example_latest_only.py for tasks to queue
[2024-09-04T21:09:58.140+0000] {logging_mixin.py:190} INFO - [2024-09-04T21:09:58.139+0000] {dagbag.py:587} INFO - Filling up the DagBag from /home/airflow/.local/lib/python3.12/site-packages/airflow/example_dags/example_latest_only.py
[2024-09-04T21:09:58.146+0000] {processor.py:925} INFO - DAG(s) 'latest_only' retrieved from /home/airflow/.local/lib/python3.12/site-packages/airflow/example_dags/example_latest_only.py
[2024-09-04T21:09:58.165+0000] {logging_mixin.py:190} INFO - [2024-09-04T21:09:58.165+0000] {dag.py:3211} INFO - Sync 1 DAGs
[2024-09-04T21:09:58.185+0000] {logging_mixin.py:190} INFO - [2024-09-04T21:09:58.185+0000] {dag.py:4138} INFO - Setting next_dagrun for latest_only to 2024-09-04 16:00:00+00:00, run_after=2024-09-04 20:00:00+00:00
[2024-09-04T21:09:58.205+0000] {processor.py:208} INFO - Processing /home/airflow/.local/lib/python3.12/site-packages/airflow/example_dags/example_latest_only.py took 0.074 seconds
[2024-09-04T21:10:28.657+0000] {processor.py:186} INFO - Started process (PID=1333) to work on /home/airflow/.local/lib/python3.12/site-packages/airflow/example_dags/example_latest_only.py
[2024-09-04T21:10:28.659+0000] {processor.py:914} INFO - Processing file /home/airflow/.local/lib/python3.12/site-packages/airflow/example_dags/example_latest_only.py for tasks to queue
[2024-09-04T21:10:28.662+0000] {logging_mixin.py:190} INFO - [2024-09-04T21:10:28.661+0000] {dagbag.py:587} INFO - Filling up the DagBag from /home/airflow/.local/lib/python3.12/site-packages/airflow/example_dags/example_latest_only.py
[2024-09-04T21:10:28.670+0000] {processor.py:925} INFO - DAG(s) 'latest_only' retrieved from /home/airflow/.local/lib/python3.12/site-packages/airflow/example_dags/example_latest_only.py
[2024-09-04T21:10:28.691+0000] {logging_mixin.py:190} INFO - [2024-09-04T21:10:28.691+0000] {dag.py:3211} INFO - Sync 1 DAGs
[2024-09-04T21:10:28.713+0000] {logging_mixin.py:190} INFO - [2024-09-04T21:10:28.713+0000] {dag.py:4138} INFO - Setting next_dagrun for latest_only to 2024-09-04 16:00:00+00:00, run_after=2024-09-04 20:00:00+00:00
[2024-09-04T21:10:28.734+0000] {processor.py:208} INFO - Processing /home/airflow/.local/lib/python3.12/site-packages/airflow/example_dags/example_latest_only.py took 0.082 seconds
[2024-09-04T21:10:59.198+0000] {processor.py:186} INFO - Started process (PID=1396) to work on /home/airflow/.local/lib/python3.12/site-packages/airflow/example_dags/example_latest_only.py
[2024-09-04T21:10:59.200+0000] {processor.py:914} INFO - Processing file /home/airflow/.local/lib/python3.12/site-packages/airflow/example_dags/example_latest_only.py for tasks to queue
[2024-09-04T21:10:59.202+0000] {logging_mixin.py:190} INFO - [2024-09-04T21:10:59.202+0000] {dagbag.py:587} INFO - Filling up the DagBag from /home/airflow/.local/lib/python3.12/site-packages/airflow/example_dags/example_latest_only.py
[2024-09-04T21:10:59.212+0000] {processor.py:925} INFO - DAG(s) 'latest_only' retrieved from /home/airflow/.local/lib/python3.12/site-packages/airflow/example_dags/example_latest_only.py
[2024-09-04T21:10:59.233+0000] {logging_mixin.py:190} INFO - [2024-09-04T21:10:59.232+0000] {dag.py:3211} INFO - Sync 1 DAGs
[2024-09-04T21:10:59.260+0000] {logging_mixin.py:190} INFO - [2024-09-04T21:10:59.259+0000] {dag.py:4138} INFO - Setting next_dagrun for latest_only to 2024-09-04 16:00:00+00:00, run_after=2024-09-04 20:00:00+00:00
[2024-09-04T21:10:59.279+0000] {processor.py:208} INFO - Processing /home/airflow/.local/lib/python3.12/site-packages/airflow/example_dags/example_latest_only.py took 0.087 seconds
[2024-09-04T21:11:30.286+0000] {processor.py:186} INFO - Started process (PID=1459) to work on /home/airflow/.local/lib/python3.12/site-packages/airflow/example_dags/example_latest_only.py
[2024-09-04T21:11:30.287+0000] {processor.py:914} INFO - Processing file /home/airflow/.local/lib/python3.12/site-packages/airflow/example_dags/example_latest_only.py for tasks to queue
[2024-09-04T21:11:30.290+0000] {logging_mixin.py:190} INFO - [2024-09-04T21:11:30.290+0000] {dagbag.py:587} INFO - Filling up the DagBag from /home/airflow/.local/lib/python3.12/site-packages/airflow/example_dags/example_latest_only.py
[2024-09-04T21:11:30.297+0000] {processor.py:925} INFO - DAG(s) 'latest_only' retrieved from /home/airflow/.local/lib/python3.12/site-packages/airflow/example_dags/example_latest_only.py
[2024-09-04T21:11:30.322+0000] {logging_mixin.py:190} INFO - [2024-09-04T21:11:30.321+0000] {dag.py:3211} INFO - Sync 1 DAGs
[2024-09-04T21:11:30.343+0000] {logging_mixin.py:190} INFO - [2024-09-04T21:11:30.342+0000] {dag.py:4138} INFO - Setting next_dagrun for latest_only to 2024-09-04 16:00:00+00:00, run_after=2024-09-04 20:00:00+00:00
[2024-09-04T21:11:30.370+0000] {processor.py:208} INFO - Processing /home/airflow/.local/lib/python3.12/site-packages/airflow/example_dags/example_latest_only.py took 0.090 seconds
[2024-09-04T21:12:00.749+0000] {processor.py:186} INFO - Started process (PID=1522) to work on /home/airflow/.local/lib/python3.12/site-packages/airflow/example_dags/example_latest_only.py
[2024-09-04T21:12:00.750+0000] {processor.py:914} INFO - Processing file /home/airflow/.local/lib/python3.12/site-packages/airflow/example_dags/example_latest_only.py for tasks to queue
[2024-09-04T21:12:00.752+0000] {logging_mixin.py:190} INFO - [2024-09-04T21:12:00.752+0000] {dagbag.py:587} INFO - Filling up the DagBag from /home/airflow/.local/lib/python3.12/site-packages/airflow/example_dags/example_latest_only.py
[2024-09-04T21:12:00.759+0000] {processor.py:925} INFO - DAG(s) 'latest_only' retrieved from /home/airflow/.local/lib/python3.12/site-packages/airflow/example_dags/example_latest_only.py
[2024-09-04T21:12:00.779+0000] {logging_mixin.py:190} INFO - [2024-09-04T21:12:00.779+0000] {dag.py:3211} INFO - Sync 1 DAGs
[2024-09-04T21:12:00.800+0000] {logging_mixin.py:190} INFO - [2024-09-04T21:12:00.800+0000] {dag.py:4138} INFO - Setting next_dagrun for latest_only to 2024-09-04 16:00:00+00:00, run_after=2024-09-04 20:00:00+00:00
[2024-09-04T21:12:00.819+0000] {processor.py:208} INFO - Processing /home/airflow/.local/lib/python3.12/site-packages/airflow/example_dags/example_latest_only.py took 0.075 seconds
[2024-09-04T21:12:31.569+0000] {processor.py:186} INFO - Started process (PID=1586) to work on /home/airflow/.local/lib/python3.12/site-packages/airflow/example_dags/example_latest_only.py
[2024-09-04T21:12:31.570+0000] {processor.py:914} INFO - Processing file /home/airflow/.local/lib/python3.12/site-packages/airflow/example_dags/example_latest_only.py for tasks to queue
[2024-09-04T21:12:31.573+0000] {logging_mixin.py:190} INFO - [2024-09-04T21:12:31.573+0000] {dagbag.py:587} INFO - Filling up the DagBag from /home/airflow/.local/lib/python3.12/site-packages/airflow/example_dags/example_latest_only.py
[2024-09-04T21:12:31.580+0000] {processor.py:925} INFO - DAG(s) 'latest_only' retrieved from /home/airflow/.local/lib/python3.12/site-packages/airflow/example_dags/example_latest_only.py
[2024-09-04T21:12:31.601+0000] {logging_mixin.py:190} INFO - [2024-09-04T21:12:31.601+0000] {dag.py:3211} INFO - Sync 1 DAGs
[2024-09-04T21:12:31.623+0000] {logging_mixin.py:190} INFO - [2024-09-04T21:12:31.623+0000] {dag.py:4138} INFO - Setting next_dagrun for latest_only to 2024-09-04 16:00:00+00:00, run_after=2024-09-04 20:00:00+00:00
[2024-09-04T21:12:31.643+0000] {processor.py:208} INFO - Processing /home/airflow/.local/lib/python3.12/site-packages/airflow/example_dags/example_latest_only.py took 0.079 seconds
[2024-09-04T21:13:02.353+0000] {processor.py:186} INFO - Started process (PID=1649) to work on /home/airflow/.local/lib/python3.12/site-packages/airflow/example_dags/example_latest_only.py
[2024-09-04T21:13:02.354+0000] {processor.py:914} INFO - Processing file /home/airflow/.local/lib/python3.12/site-packages/airflow/example_dags/example_latest_only.py for tasks to queue
[2024-09-04T21:13:02.356+0000] {logging_mixin.py:190} INFO - [2024-09-04T21:13:02.356+0000] {dagbag.py:587} INFO - Filling up the DagBag from /home/airflow/.local/lib/python3.12/site-packages/airflow/example_dags/example_latest_only.py
[2024-09-04T21:13:02.362+0000] {processor.py:925} INFO - DAG(s) 'latest_only' retrieved from /home/airflow/.local/lib/python3.12/site-packages/airflow/example_dags/example_latest_only.py
[2024-09-04T21:13:02.384+0000] {logging_mixin.py:190} INFO - [2024-09-04T21:13:02.384+0000] {dag.py:3211} INFO - Sync 1 DAGs
[2024-09-04T21:13:02.403+0000] {logging_mixin.py:190} INFO - [2024-09-04T21:13:02.403+0000] {dag.py:4138} INFO - Setting next_dagrun for latest_only to 2024-09-04 16:00:00+00:00, run_after=2024-09-04 20:00:00+00:00
[2024-09-04T21:13:02.424+0000] {processor.py:208} INFO - Processing /home/airflow/.local/lib/python3.12/site-packages/airflow/example_dags/example_latest_only.py took 0.076 seconds
[2024-09-04T21:13:33.414+0000] {processor.py:186} INFO - Started process (PID=1712) to work on /home/airflow/.local/lib/python3.12/site-packages/airflow/example_dags/example_latest_only.py
[2024-09-04T21:13:33.415+0000] {processor.py:914} INFO - Processing file /home/airflow/.local/lib/python3.12/site-packages/airflow/example_dags/example_latest_only.py for tasks to queue
[2024-09-04T21:13:33.418+0000] {logging_mixin.py:190} INFO - [2024-09-04T21:13:33.418+0000] {dagbag.py:587} INFO - Filling up the DagBag from /home/airflow/.local/lib/python3.12/site-packages/airflow/example_dags/example_latest_only.py
[2024-09-04T21:13:33.426+0000] {processor.py:925} INFO - DAG(s) 'latest_only' retrieved from /home/airflow/.local/lib/python3.12/site-packages/airflow/example_dags/example_latest_only.py
[2024-09-04T21:13:33.446+0000] {logging_mixin.py:190} INFO - [2024-09-04T21:13:33.446+0000] {dag.py:3211} INFO - Sync 1 DAGs
[2024-09-04T21:13:33.468+0000] {logging_mixin.py:190} INFO - [2024-09-04T21:13:33.467+0000] {dag.py:4138} INFO - Setting next_dagrun for latest_only to 2024-09-04 16:00:00+00:00, run_after=2024-09-04 20:00:00+00:00
[2024-09-04T21:13:33.489+0000] {processor.py:208} INFO - Processing /home/airflow/.local/lib/python3.12/site-packages/airflow/example_dags/example_latest_only.py took 0.080 seconds
[2024-09-04T21:14:04.310+0000] {processor.py:186} INFO - Started process (PID=1775) to work on /home/airflow/.local/lib/python3.12/site-packages/airflow/example_dags/example_latest_only.py
[2024-09-04T21:14:04.311+0000] {processor.py:914} INFO - Processing file /home/airflow/.local/lib/python3.12/site-packages/airflow/example_dags/example_latest_only.py for tasks to queue
[2024-09-04T21:14:04.313+0000] {logging_mixin.py:190} INFO - [2024-09-04T21:14:04.313+0000] {dagbag.py:587} INFO - Filling up the DagBag from /home/airflow/.local/lib/python3.12/site-packages/airflow/example_dags/example_latest_only.py
[2024-09-04T21:14:04.321+0000] {processor.py:925} INFO - DAG(s) 'latest_only' retrieved from /home/airflow/.local/lib/python3.12/site-packages/airflow/example_dags/example_latest_only.py
[2024-09-04T21:14:04.340+0000] {logging_mixin.py:190} INFO - [2024-09-04T21:14:04.340+0000] {dag.py:3211} INFO - Sync 1 DAGs
[2024-09-04T21:14:04.361+0000] {logging_mixin.py:190} INFO - [2024-09-04T21:14:04.361+0000] {dag.py:4138} INFO - Setting next_dagrun for latest_only to 2024-09-04 16:00:00+00:00, run_after=2024-09-04 20:00:00+00:00
[2024-09-04T21:14:04.381+0000] {processor.py:208} INFO - Processing /home/airflow/.local/lib/python3.12/site-packages/airflow/example_dags/example_latest_only.py took 0.077 seconds
[2024-09-04T21:14:35.155+0000] {processor.py:186} INFO - Started process (PID=1838) to work on /home/airflow/.local/lib/python3.12/site-packages/airflow/example_dags/example_latest_only.py
[2024-09-04T21:14:35.156+0000] {processor.py:914} INFO - Processing file /home/airflow/.local/lib/python3.12/site-packages/airflow/example_dags/example_latest_only.py for tasks to queue
[2024-09-04T21:14:35.159+0000] {logging_mixin.py:190} INFO - [2024-09-04T21:14:35.159+0000] {dagbag.py:587} INFO - Filling up the DagBag from /home/airflow/.local/lib/python3.12/site-packages/airflow/example_dags/example_latest_only.py
[2024-09-04T21:14:35.166+0000] {processor.py:925} INFO - DAG(s) 'latest_only' retrieved from /home/airflow/.local/lib/python3.12/site-packages/airflow/example_dags/example_latest_only.py
[2024-09-04T21:14:35.189+0000] {logging_mixin.py:190} INFO - [2024-09-04T21:14:35.188+0000] {dag.py:3211} INFO - Sync 1 DAGs
[2024-09-04T21:14:35.210+0000] {logging_mixin.py:190} INFO - [2024-09-04T21:14:35.210+0000] {dag.py:4138} INFO - Setting next_dagrun for latest_only to 2024-09-04 16:00:00+00:00, run_after=2024-09-04 20:00:00+00:00
[2024-09-04T21:14:35.232+0000] {processor.py:208} INFO - Processing /home/airflow/.local/lib/python3.12/site-packages/airflow/example_dags/example_latest_only.py took 0.082 seconds
[2024-09-04T21:15:07.277+0000] {processor.py:186} INFO - Started process (PID=1901) to work on /home/airflow/.local/lib/python3.12/site-packages/airflow/example_dags/example_latest_only.py
[2024-09-04T21:15:07.279+0000] {processor.py:914} INFO - Processing file /home/airflow/.local/lib/python3.12/site-packages/airflow/example_dags/example_latest_only.py for tasks to queue
[2024-09-04T21:15:07.286+0000] {logging_mixin.py:190} INFO - [2024-09-04T21:15:07.285+0000] {dagbag.py:587} INFO - Filling up the DagBag from /home/airflow/.local/lib/python3.12/site-packages/airflow/example_dags/example_latest_only.py
[2024-09-04T21:15:07.305+0000] {processor.py:925} INFO - DAG(s) 'latest_only' retrieved from /home/airflow/.local/lib/python3.12/site-packages/airflow/example_dags/example_latest_only.py
[2024-09-04T21:15:07.359+0000] {logging_mixin.py:190} INFO - [2024-09-04T21:15:07.358+0000] {dag.py:3211} INFO - Sync 1 DAGs
[2024-09-04T21:15:07.417+0000] {logging_mixin.py:190} INFO - [2024-09-04T21:15:07.416+0000] {dag.py:4138} INFO - Setting next_dagrun for latest_only to 2024-09-04 16:00:00+00:00, run_after=2024-09-04 20:00:00+00:00
[2024-09-04T21:15:07.457+0000] {processor.py:208} INFO - Processing /home/airflow/.local/lib/python3.12/site-packages/airflow/example_dags/example_latest_only.py took 0.196 seconds
[2024-09-04T21:15:37.567+0000] {processor.py:186} INFO - Started process (PID=1964) to work on /home/airflow/.local/lib/python3.12/site-packages/airflow/example_dags/example_latest_only.py
[2024-09-04T21:15:37.568+0000] {processor.py:914} INFO - Processing file /home/airflow/.local/lib/python3.12/site-packages/airflow/example_dags/example_latest_only.py for tasks to queue
[2024-09-04T21:15:37.570+0000] {logging_mixin.py:190} INFO - [2024-09-04T21:15:37.570+0000] {dagbag.py:587} INFO - Filling up the DagBag from /home/airflow/.local/lib/python3.12/site-packages/airflow/example_dags/example_latest_only.py
[2024-09-04T21:15:37.576+0000] {processor.py:925} INFO - DAG(s) 'latest_only' retrieved from /home/airflow/.local/lib/python3.12/site-packages/airflow/example_dags/example_latest_only.py
[2024-09-04T21:15:37.598+0000] {logging_mixin.py:190} INFO - [2024-09-04T21:15:37.597+0000] {dag.py:3211} INFO - Sync 1 DAGs
[2024-09-04T21:15:37.619+0000] {logging_mixin.py:190} INFO - [2024-09-04T21:15:37.619+0000] {dag.py:4138} INFO - Setting next_dagrun for latest_only to 2024-09-04 16:00:00+00:00, run_after=2024-09-04 20:00:00+00:00
[2024-09-04T21:15:37.637+0000] {processor.py:208} INFO - Processing /home/airflow/.local/lib/python3.12/site-packages/airflow/example_dags/example_latest_only.py took 0.075 seconds
[2024-09-04T21:16:08.641+0000] {processor.py:186} INFO - Started process (PID=2028) to work on /home/airflow/.local/lib/python3.12/site-packages/airflow/example_dags/example_latest_only.py
[2024-09-04T21:16:08.643+0000] {processor.py:914} INFO - Processing file /home/airflow/.local/lib/python3.12/site-packages/airflow/example_dags/example_latest_only.py for tasks to queue
[2024-09-04T21:16:08.645+0000] {logging_mixin.py:190} INFO - [2024-09-04T21:16:08.645+0000] {dagbag.py:587} INFO - Filling up the DagBag from /home/airflow/.local/lib/python3.12/site-packages/airflow/example_dags/example_latest_only.py
[2024-09-04T21:16:08.651+0000] {processor.py:925} INFO - DAG(s) 'latest_only' retrieved from /home/airflow/.local/lib/python3.12/site-packages/airflow/example_dags/example_latest_only.py
[2024-09-04T21:16:08.673+0000] {logging_mixin.py:190} INFO - [2024-09-04T21:16:08.672+0000] {dag.py:3211} INFO - Sync 1 DAGs
[2024-09-04T21:16:08.694+0000] {logging_mixin.py:190} INFO - [2024-09-04T21:16:08.693+0000] {dag.py:4138} INFO - Setting next_dagrun for latest_only to 2024-09-04 16:00:00+00:00, run_after=2024-09-04 20:00:00+00:00
[2024-09-04T21:16:08.713+0000] {processor.py:208} INFO - Processing /home/airflow/.local/lib/python3.12/site-packages/airflow/example_dags/example_latest_only.py took 0.078 seconds
[2024-09-04T21:16:39.003+0000] {processor.py:186} INFO - Started process (PID=2091) to work on /home/airflow/.local/lib/python3.12/site-packages/airflow/example_dags/example_latest_only.py
[2024-09-04T21:16:39.004+0000] {processor.py:914} INFO - Processing file /home/airflow/.local/lib/python3.12/site-packages/airflow/example_dags/example_latest_only.py for tasks to queue
[2024-09-04T21:16:39.006+0000] {logging_mixin.py:190} INFO - [2024-09-04T21:16:39.006+0000] {dagbag.py:587} INFO - Filling up the DagBag from /home/airflow/.local/lib/python3.12/site-packages/airflow/example_dags/example_latest_only.py
[2024-09-04T21:16:39.012+0000] {processor.py:925} INFO - DAG(s) 'latest_only' retrieved from /home/airflow/.local/lib/python3.12/site-packages/airflow/example_dags/example_latest_only.py
[2024-09-04T21:16:39.033+0000] {logging_mixin.py:190} INFO - [2024-09-04T21:16:39.032+0000] {dag.py:3211} INFO - Sync 1 DAGs
[2024-09-04T21:16:39.052+0000] {logging_mixin.py:190} INFO - [2024-09-04T21:16:39.052+0000] {dag.py:4138} INFO - Setting next_dagrun for latest_only to 2024-09-04 16:00:00+00:00, run_after=2024-09-04 20:00:00+00:00
[2024-09-04T21:16:39.074+0000] {processor.py:208} INFO - Processing /home/airflow/.local/lib/python3.12/site-packages/airflow/example_dags/example_latest_only.py took 0.076 seconds
[2024-09-04T21:17:09.407+0000] {processor.py:186} INFO - Started process (PID=2154) to work on /home/airflow/.local/lib/python3.12/site-packages/airflow/example_dags/example_latest_only.py
[2024-09-04T21:17:09.408+0000] {processor.py:914} INFO - Processing file /home/airflow/.local/lib/python3.12/site-packages/airflow/example_dags/example_latest_only.py for tasks to queue
[2024-09-04T21:17:09.410+0000] {logging_mixin.py:190} INFO - [2024-09-04T21:17:09.410+0000] {dagbag.py:587} INFO - Filling up the DagBag from /home/airflow/.local/lib/python3.12/site-packages/airflow/example_dags/example_latest_only.py
[2024-09-04T21:17:09.417+0000] {processor.py:925} INFO - DAG(s) 'latest_only' retrieved from /home/airflow/.local/lib/python3.12/site-packages/airflow/example_dags/example_latest_only.py
[2024-09-04T21:17:09.438+0000] {logging_mixin.py:190} INFO - [2024-09-04T21:17:09.437+0000] {dag.py:3211} INFO - Sync 1 DAGs
[2024-09-04T21:17:09.461+0000] {logging_mixin.py:190} INFO - [2024-09-04T21:17:09.461+0000] {dag.py:4138} INFO - Setting next_dagrun for latest_only to 2024-09-04 16:00:00+00:00, run_after=2024-09-04 20:00:00+00:00
[2024-09-04T21:17:09.484+0000] {processor.py:208} INFO - Processing /home/airflow/.local/lib/python3.12/site-packages/airflow/example_dags/example_latest_only.py took 0.084 seconds
[2024-09-04T21:17:39.611+0000] {processor.py:186} INFO - Started process (PID=2217) to work on /home/airflow/.local/lib/python3.12/site-packages/airflow/example_dags/example_latest_only.py
[2024-09-04T21:17:39.611+0000] {processor.py:914} INFO - Processing file /home/airflow/.local/lib/python3.12/site-packages/airflow/example_dags/example_latest_only.py for tasks to queue
[2024-09-04T21:17:39.614+0000] {logging_mixin.py:190} INFO - [2024-09-04T21:17:39.613+0000] {dagbag.py:587} INFO - Filling up the DagBag from /home/airflow/.local/lib/python3.12/site-packages/airflow/example_dags/example_latest_only.py
[2024-09-04T21:17:39.620+0000] {processor.py:925} INFO - DAG(s) 'latest_only' retrieved from /home/airflow/.local/lib/python3.12/site-packages/airflow/example_dags/example_latest_only.py
[2024-09-04T21:17:39.640+0000] {logging_mixin.py:190} INFO - [2024-09-04T21:17:39.640+0000] {dag.py:3211} INFO - Sync 1 DAGs
[2024-09-04T21:17:39.659+0000] {logging_mixin.py:190} INFO - [2024-09-04T21:17:39.659+0000] {dag.py:4138} INFO - Setting next_dagrun for latest_only to 2024-09-04 16:00:00+00:00, run_after=2024-09-04 20:00:00+00:00
[2024-09-04T21:17:39.680+0000] {processor.py:208} INFO - Processing /home/airflow/.local/lib/python3.12/site-packages/airflow/example_dags/example_latest_only.py took 0.075 seconds
[2024-09-04T21:18:09.946+0000] {processor.py:186} INFO - Started process (PID=2280) to work on /home/airflow/.local/lib/python3.12/site-packages/airflow/example_dags/example_latest_only.py
[2024-09-04T21:18:09.947+0000] {processor.py:914} INFO - Processing file /home/airflow/.local/lib/python3.12/site-packages/airflow/example_dags/example_latest_only.py for tasks to queue
[2024-09-04T21:18:09.949+0000] {logging_mixin.py:190} INFO - [2024-09-04T21:18:09.949+0000] {dagbag.py:587} INFO - Filling up the DagBag from /home/airflow/.local/lib/python3.12/site-packages/airflow/example_dags/example_latest_only.py
[2024-09-04T21:18:09.955+0000] {processor.py:925} INFO - DAG(s) 'latest_only' retrieved from /home/airflow/.local/lib/python3.12/site-packages/airflow/example_dags/example_latest_only.py
[2024-09-04T21:18:09.975+0000] {logging_mixin.py:190} INFO - [2024-09-04T21:18:09.974+0000] {dag.py:3211} INFO - Sync 1 DAGs
[2024-09-04T21:18:09.997+0000] {logging_mixin.py:190} INFO - [2024-09-04T21:18:09.997+0000] {dag.py:4138} INFO - Setting next_dagrun for latest_only to 2024-09-04 16:00:00+00:00, run_after=2024-09-04 20:00:00+00:00
[2024-09-04T21:18:10.018+0000] {processor.py:208} INFO - Processing /home/airflow/.local/lib/python3.12/site-packages/airflow/example_dags/example_latest_only.py took 0.077 seconds
[2024-09-04T21:18:40.590+0000] {processor.py:186} INFO - Started process (PID=2343) to work on /home/airflow/.local/lib/python3.12/site-packages/airflow/example_dags/example_latest_only.py
[2024-09-04T21:18:40.592+0000] {processor.py:914} INFO - Processing file /home/airflow/.local/lib/python3.12/site-packages/airflow/example_dags/example_latest_only.py for tasks to queue
[2024-09-04T21:18:40.597+0000] {logging_mixin.py:190} INFO - [2024-09-04T21:18:40.596+0000] {dagbag.py:587} INFO - Filling up the DagBag from /home/airflow/.local/lib/python3.12/site-packages/airflow/example_dags/example_latest_only.py
[2024-09-04T21:18:40.610+0000] {processor.py:925} INFO - DAG(s) 'latest_only' retrieved from /home/airflow/.local/lib/python3.12/site-packages/airflow/example_dags/example_latest_only.py
[2024-09-04T21:18:40.648+0000] {logging_mixin.py:190} INFO - [2024-09-04T21:18:40.647+0000] {dag.py:3211} INFO - Sync 1 DAGs
[2024-09-04T21:18:40.687+0000] {logging_mixin.py:190} INFO - [2024-09-04T21:18:40.686+0000] {dag.py:4138} INFO - Setting next_dagrun for latest_only to 2024-09-04 16:00:00+00:00, run_after=2024-09-04 20:00:00+00:00
[2024-09-04T21:18:40.720+0000] {processor.py:208} INFO - Processing /home/airflow/.local/lib/python3.12/site-packages/airflow/example_dags/example_latest_only.py took 0.140 seconds
