[2024-09-04T20:52:36.125+0000] {processor.py:186} INFO - Started process (PID=99) to work on /home/airflow/.local/lib/python3.12/site-packages/airflow/example_dags/example_kubernetes_executor.py
[2024-09-04T20:52:36.127+0000] {processor.py:914} INFO - Processing file /home/airflow/.local/lib/python3.12/site-packages/airflow/example_dags/example_kubernetes_executor.py for tasks to queue
[2024-09-04T20:52:36.131+0000] {logging_mixin.py:190} INFO - [2024-09-04T20:52:36.130+0000] {dagbag.py:587} INFO - Filling up the DagBag from /home/airflow/.local/lib/python3.12/site-packages/airflow/example_dags/example_kubernetes_executor.py
[2024-09-04T20:52:36.150+0000] {processor.py:925} INFO - DAG(s) 'example_kubernetes_executor' retrieved from /home/airflow/.local/lib/python3.12/site-packages/airflow/example_dags/example_kubernetes_executor.py
[2024-09-04T20:52:36.298+0000] {logging_mixin.py:190} INFO - [2024-09-04T20:52:36.297+0000] {override.py:1858} INFO - Created Permission View: can delete on DAG:example_kubernetes_executor
[2024-09-04T20:52:36.316+0000] {logging_mixin.py:190} INFO - [2024-09-04T20:52:36.315+0000] {override.py:1858} INFO - Created Permission View: can edit on DAG:example_kubernetes_executor
[2024-09-04T20:52:36.332+0000] {logging_mixin.py:190} INFO - [2024-09-04T20:52:36.331+0000] {override.py:1858} INFO - Created Permission View: can read on DAG:example_kubernetes_executor
[2024-09-04T20:52:36.333+0000] {logging_mixin.py:190} INFO - [2024-09-04T20:52:36.332+0000] {dag.py:3211} INFO - Sync 1 DAGs
[2024-09-04T20:52:36.357+0000] {logging_mixin.py:190} INFO - [2024-09-04T20:52:36.356+0000] {dag.py:3234} INFO - Creating ORM DAG for example_kubernetes_executor
[2024-09-04T20:52:36.358+0000] {logging_mixin.py:190} INFO - [2024-09-04T20:52:36.358+0000] {dag.py:4138} INFO - Setting next_dagrun for example_kubernetes_executor to None, run_after=None
[2024-09-04T20:52:36.378+0000] {processor.py:208} INFO - Processing /home/airflow/.local/lib/python3.12/site-packages/airflow/example_dags/example_kubernetes_executor.py took 0.261 seconds
[2024-09-04T21:00:17.832+0000] {processor.py:186} INFO - Started process (PID=94) to work on /home/airflow/.local/lib/python3.12/site-packages/airflow/example_dags/example_kubernetes_executor.py
[2024-09-04T21:00:17.836+0000] {processor.py:914} INFO - Processing file /home/airflow/.local/lib/python3.12/site-packages/airflow/example_dags/example_kubernetes_executor.py for tasks to queue
[2024-09-04T21:00:17.840+0000] {logging_mixin.py:190} INFO - [2024-09-04T21:00:17.839+0000] {dagbag.py:587} INFO - Filling up the DagBag from /home/airflow/.local/lib/python3.12/site-packages/airflow/example_dags/example_kubernetes_executor.py
[2024-09-04T21:00:17.867+0000] {processor.py:925} INFO - DAG(s) 'example_kubernetes_executor' retrieved from /home/airflow/.local/lib/python3.12/site-packages/airflow/example_dags/example_kubernetes_executor.py
[2024-09-04T21:00:17.954+0000] {logging_mixin.py:190} INFO - [2024-09-04T21:00:17.954+0000] {dag.py:3211} INFO - Sync 1 DAGs
[2024-09-04T21:00:17.992+0000] {logging_mixin.py:190} INFO - [2024-09-04T21:00:17.991+0000] {dag.py:4138} INFO - Setting next_dagrun for example_kubernetes_executor to None, run_after=None
[2024-09-04T21:00:18.037+0000] {processor.py:208} INFO - Processing /home/airflow/.local/lib/python3.12/site-packages/airflow/example_dags/example_kubernetes_executor.py took 0.217 seconds
[2024-09-04T21:00:48.187+0000] {processor.py:186} INFO - Started process (PID=156) to work on /home/airflow/.local/lib/python3.12/site-packages/airflow/example_dags/example_kubernetes_executor.py
[2024-09-04T21:00:48.188+0000] {processor.py:914} INFO - Processing file /home/airflow/.local/lib/python3.12/site-packages/airflow/example_dags/example_kubernetes_executor.py for tasks to queue
[2024-09-04T21:00:48.191+0000] {logging_mixin.py:190} INFO - [2024-09-04T21:00:48.190+0000] {dagbag.py:587} INFO - Filling up the DagBag from /home/airflow/.local/lib/python3.12/site-packages/airflow/example_dags/example_kubernetes_executor.py
[2024-09-04T21:00:48.204+0000] {processor.py:925} INFO - DAG(s) 'example_kubernetes_executor' retrieved from /home/airflow/.local/lib/python3.12/site-packages/airflow/example_dags/example_kubernetes_executor.py
[2024-09-04T21:00:48.240+0000] {logging_mixin.py:190} INFO - [2024-09-04T21:00:48.240+0000] {dag.py:3211} INFO - Sync 1 DAGs
[2024-09-04T21:00:48.255+0000] {logging_mixin.py:190} INFO - [2024-09-04T21:00:48.254+0000] {dag.py:4138} INFO - Setting next_dagrun for example_kubernetes_executor to None, run_after=None
[2024-09-04T21:00:48.278+0000] {processor.py:208} INFO - Processing /home/airflow/.local/lib/python3.12/site-packages/airflow/example_dags/example_kubernetes_executor.py took 0.097 seconds
[2024-09-04T21:01:18.669+0000] {processor.py:186} INFO - Started process (PID=218) to work on /home/airflow/.local/lib/python3.12/site-packages/airflow/example_dags/example_kubernetes_executor.py
[2024-09-04T21:01:18.670+0000] {processor.py:914} INFO - Processing file /home/airflow/.local/lib/python3.12/site-packages/airflow/example_dags/example_kubernetes_executor.py for tasks to queue
[2024-09-04T21:01:18.672+0000] {logging_mixin.py:190} INFO - [2024-09-04T21:01:18.672+0000] {dagbag.py:587} INFO - Filling up the DagBag from /home/airflow/.local/lib/python3.12/site-packages/airflow/example_dags/example_kubernetes_executor.py
[2024-09-04T21:01:18.687+0000] {processor.py:925} INFO - DAG(s) 'example_kubernetes_executor' retrieved from /home/airflow/.local/lib/python3.12/site-packages/airflow/example_dags/example_kubernetes_executor.py
[2024-09-04T21:01:18.728+0000] {logging_mixin.py:190} INFO - [2024-09-04T21:01:18.727+0000] {dag.py:3211} INFO - Sync 1 DAGs
[2024-09-04T21:01:18.742+0000] {logging_mixin.py:190} INFO - [2024-09-04T21:01:18.741+0000] {dag.py:4138} INFO - Setting next_dagrun for example_kubernetes_executor to None, run_after=None
[2024-09-04T21:01:18.766+0000] {processor.py:208} INFO - Processing /home/airflow/.local/lib/python3.12/site-packages/airflow/example_dags/example_kubernetes_executor.py took 0.104 seconds
[2024-09-04T21:01:48.880+0000] {processor.py:186} INFO - Started process (PID=280) to work on /home/airflow/.local/lib/python3.12/site-packages/airflow/example_dags/example_kubernetes_executor.py
[2024-09-04T21:01:48.881+0000] {processor.py:914} INFO - Processing file /home/airflow/.local/lib/python3.12/site-packages/airflow/example_dags/example_kubernetes_executor.py for tasks to queue
[2024-09-04T21:01:48.884+0000] {logging_mixin.py:190} INFO - [2024-09-04T21:01:48.884+0000] {dagbag.py:587} INFO - Filling up the DagBag from /home/airflow/.local/lib/python3.12/site-packages/airflow/example_dags/example_kubernetes_executor.py
[2024-09-04T21:01:48.897+0000] {processor.py:925} INFO - DAG(s) 'example_kubernetes_executor' retrieved from /home/airflow/.local/lib/python3.12/site-packages/airflow/example_dags/example_kubernetes_executor.py
[2024-09-04T21:01:48.931+0000] {logging_mixin.py:190} INFO - [2024-09-04T21:01:48.930+0000] {dag.py:3211} INFO - Sync 1 DAGs
[2024-09-04T21:01:48.942+0000] {logging_mixin.py:190} INFO - [2024-09-04T21:01:48.942+0000] {dag.py:4138} INFO - Setting next_dagrun for example_kubernetes_executor to None, run_after=None
[2024-09-04T21:01:48.962+0000] {processor.py:208} INFO - Processing /home/airflow/.local/lib/python3.12/site-packages/airflow/example_dags/example_kubernetes_executor.py took 0.087 seconds
[2024-09-04T21:02:19.778+0000] {processor.py:186} INFO - Started process (PID=343) to work on /home/airflow/.local/lib/python3.12/site-packages/airflow/example_dags/example_kubernetes_executor.py
[2024-09-04T21:02:19.779+0000] {processor.py:914} INFO - Processing file /home/airflow/.local/lib/python3.12/site-packages/airflow/example_dags/example_kubernetes_executor.py for tasks to queue
[2024-09-04T21:02:19.781+0000] {logging_mixin.py:190} INFO - [2024-09-04T21:02:19.781+0000] {dagbag.py:587} INFO - Filling up the DagBag from /home/airflow/.local/lib/python3.12/site-packages/airflow/example_dags/example_kubernetes_executor.py
[2024-09-04T21:02:19.794+0000] {processor.py:925} INFO - DAG(s) 'example_kubernetes_executor' retrieved from /home/airflow/.local/lib/python3.12/site-packages/airflow/example_dags/example_kubernetes_executor.py
[2024-09-04T21:02:19.832+0000] {logging_mixin.py:190} INFO - [2024-09-04T21:02:19.832+0000] {dag.py:3211} INFO - Sync 1 DAGs
[2024-09-04T21:02:19.846+0000] {logging_mixin.py:190} INFO - [2024-09-04T21:02:19.845+0000] {dag.py:4138} INFO - Setting next_dagrun for example_kubernetes_executor to None, run_after=None
[2024-09-04T21:02:19.873+0000] {processor.py:208} INFO - Processing /home/airflow/.local/lib/python3.12/site-packages/airflow/example_dags/example_kubernetes_executor.py took 0.100 seconds
[2024-09-04T21:02:50.356+0000] {processor.py:186} INFO - Started process (PID=405) to work on /home/airflow/.local/lib/python3.12/site-packages/airflow/example_dags/example_kubernetes_executor.py
[2024-09-04T21:02:50.358+0000] {processor.py:914} INFO - Processing file /home/airflow/.local/lib/python3.12/site-packages/airflow/example_dags/example_kubernetes_executor.py for tasks to queue
[2024-09-04T21:02:50.360+0000] {logging_mixin.py:190} INFO - [2024-09-04T21:02:50.360+0000] {dagbag.py:587} INFO - Filling up the DagBag from /home/airflow/.local/lib/python3.12/site-packages/airflow/example_dags/example_kubernetes_executor.py
[2024-09-04T21:02:50.372+0000] {processor.py:925} INFO - DAG(s) 'example_kubernetes_executor' retrieved from /home/airflow/.local/lib/python3.12/site-packages/airflow/example_dags/example_kubernetes_executor.py
[2024-09-04T21:02:50.407+0000] {logging_mixin.py:190} INFO - [2024-09-04T21:02:50.407+0000] {dag.py:3211} INFO - Sync 1 DAGs
[2024-09-04T21:02:50.419+0000] {logging_mixin.py:190} INFO - [2024-09-04T21:02:50.419+0000] {dag.py:4138} INFO - Setting next_dagrun for example_kubernetes_executor to None, run_after=None
[2024-09-04T21:02:50.438+0000] {processor.py:208} INFO - Processing /home/airflow/.local/lib/python3.12/site-packages/airflow/example_dags/example_kubernetes_executor.py took 0.087 seconds
[2024-09-04T21:03:22.393+0000] {processor.py:186} INFO - Started process (PID=467) to work on /home/airflow/.local/lib/python3.12/site-packages/airflow/example_dags/example_kubernetes_executor.py
[2024-09-04T21:03:22.395+0000] {processor.py:914} INFO - Processing file /home/airflow/.local/lib/python3.12/site-packages/airflow/example_dags/example_kubernetes_executor.py for tasks to queue
[2024-09-04T21:03:22.399+0000] {logging_mixin.py:190} INFO - [2024-09-04T21:03:22.399+0000] {dagbag.py:587} INFO - Filling up the DagBag from /home/airflow/.local/lib/python3.12/site-packages/airflow/example_dags/example_kubernetes_executor.py
[2024-09-04T21:03:22.428+0000] {processor.py:925} INFO - DAG(s) 'example_kubernetes_executor' retrieved from /home/airflow/.local/lib/python3.12/site-packages/airflow/example_dags/example_kubernetes_executor.py
[2024-09-04T21:03:22.507+0000] {logging_mixin.py:190} INFO - [2024-09-04T21:03:22.507+0000] {dag.py:3211} INFO - Sync 1 DAGs
[2024-09-04T21:03:22.547+0000] {logging_mixin.py:190} INFO - [2024-09-04T21:03:22.546+0000] {dag.py:4138} INFO - Setting next_dagrun for example_kubernetes_executor to None, run_after=None
[2024-09-04T21:03:22.588+0000] {processor.py:208} INFO - Processing /home/airflow/.local/lib/python3.12/site-packages/airflow/example_dags/example_kubernetes_executor.py took 0.208 seconds
[2024-09-04T21:03:53.100+0000] {processor.py:186} INFO - Started process (PID=529) to work on /home/airflow/.local/lib/python3.12/site-packages/airflow/example_dags/example_kubernetes_executor.py
[2024-09-04T21:03:53.102+0000] {processor.py:914} INFO - Processing file /home/airflow/.local/lib/python3.12/site-packages/airflow/example_dags/example_kubernetes_executor.py for tasks to queue
[2024-09-04T21:03:53.105+0000] {logging_mixin.py:190} INFO - [2024-09-04T21:03:53.105+0000] {dagbag.py:587} INFO - Filling up the DagBag from /home/airflow/.local/lib/python3.12/site-packages/airflow/example_dags/example_kubernetes_executor.py
[2024-09-04T21:03:53.123+0000] {processor.py:925} INFO - DAG(s) 'example_kubernetes_executor' retrieved from /home/airflow/.local/lib/python3.12/site-packages/airflow/example_dags/example_kubernetes_executor.py
[2024-09-04T21:03:53.165+0000] {logging_mixin.py:190} INFO - [2024-09-04T21:03:53.164+0000] {dag.py:3211} INFO - Sync 1 DAGs
[2024-09-04T21:03:53.181+0000] {logging_mixin.py:190} INFO - [2024-09-04T21:03:53.180+0000] {dag.py:4138} INFO - Setting next_dagrun for example_kubernetes_executor to None, run_after=None
[2024-09-04T21:03:53.204+0000] {processor.py:208} INFO - Processing /home/airflow/.local/lib/python3.12/site-packages/airflow/example_dags/example_kubernetes_executor.py took 0.110 seconds
[2024-09-04T21:04:24.041+0000] {processor.py:186} INFO - Started process (PID=591) to work on /home/airflow/.local/lib/python3.12/site-packages/airflow/example_dags/example_kubernetes_executor.py
[2024-09-04T21:04:24.042+0000] {processor.py:914} INFO - Processing file /home/airflow/.local/lib/python3.12/site-packages/airflow/example_dags/example_kubernetes_executor.py for tasks to queue
[2024-09-04T21:04:24.045+0000] {logging_mixin.py:190} INFO - [2024-09-04T21:04:24.045+0000] {dagbag.py:587} INFO - Filling up the DagBag from /home/airflow/.local/lib/python3.12/site-packages/airflow/example_dags/example_kubernetes_executor.py
[2024-09-04T21:04:24.059+0000] {processor.py:925} INFO - DAG(s) 'example_kubernetes_executor' retrieved from /home/airflow/.local/lib/python3.12/site-packages/airflow/example_dags/example_kubernetes_executor.py
[2024-09-04T21:04:24.101+0000] {logging_mixin.py:190} INFO - [2024-09-04T21:04:24.100+0000] {dag.py:3211} INFO - Sync 1 DAGs
[2024-09-04T21:04:24.118+0000] {logging_mixin.py:190} INFO - [2024-09-04T21:04:24.118+0000] {dag.py:4138} INFO - Setting next_dagrun for example_kubernetes_executor to None, run_after=None
[2024-09-04T21:04:24.144+0000] {processor.py:208} INFO - Processing /home/airflow/.local/lib/python3.12/site-packages/airflow/example_dags/example_kubernetes_executor.py took 0.109 seconds
[2024-09-04T21:04:54.288+0000] {processor.py:186} INFO - Started process (PID=653) to work on /home/airflow/.local/lib/python3.12/site-packages/airflow/example_dags/example_kubernetes_executor.py
[2024-09-04T21:04:54.289+0000] {processor.py:914} INFO - Processing file /home/airflow/.local/lib/python3.12/site-packages/airflow/example_dags/example_kubernetes_executor.py for tasks to queue
[2024-09-04T21:04:54.291+0000] {logging_mixin.py:190} INFO - [2024-09-04T21:04:54.291+0000] {dagbag.py:587} INFO - Filling up the DagBag from /home/airflow/.local/lib/python3.12/site-packages/airflow/example_dags/example_kubernetes_executor.py
[2024-09-04T21:04:54.305+0000] {processor.py:925} INFO - DAG(s) 'example_kubernetes_executor' retrieved from /home/airflow/.local/lib/python3.12/site-packages/airflow/example_dags/example_kubernetes_executor.py
[2024-09-04T21:04:54.345+0000] {logging_mixin.py:190} INFO - [2024-09-04T21:04:54.345+0000] {dag.py:3211} INFO - Sync 1 DAGs
[2024-09-04T21:04:54.364+0000] {logging_mixin.py:190} INFO - [2024-09-04T21:04:54.364+0000] {dag.py:4138} INFO - Setting next_dagrun for example_kubernetes_executor to None, run_after=None
[2024-09-04T21:04:54.386+0000] {processor.py:208} INFO - Processing /home/airflow/.local/lib/python3.12/site-packages/airflow/example_dags/example_kubernetes_executor.py took 0.104 seconds
[2024-09-04T21:05:24.752+0000] {processor.py:186} INFO - Started process (PID=720) to work on /home/airflow/.local/lib/python3.12/site-packages/airflow/example_dags/example_kubernetes_executor.py
[2024-09-04T21:05:24.754+0000] {processor.py:914} INFO - Processing file /home/airflow/.local/lib/python3.12/site-packages/airflow/example_dags/example_kubernetes_executor.py for tasks to queue
[2024-09-04T21:05:24.758+0000] {logging_mixin.py:190} INFO - [2024-09-04T21:05:24.757+0000] {dagbag.py:587} INFO - Filling up the DagBag from /home/airflow/.local/lib/python3.12/site-packages/airflow/example_dags/example_kubernetes_executor.py
[2024-09-04T21:05:24.788+0000] {processor.py:925} INFO - DAG(s) 'example_kubernetes_executor' retrieved from /home/airflow/.local/lib/python3.12/site-packages/airflow/example_dags/example_kubernetes_executor.py
[2024-09-04T21:05:24.857+0000] {logging_mixin.py:190} INFO - [2024-09-04T21:05:24.857+0000] {dag.py:3211} INFO - Sync 1 DAGs
[2024-09-04T21:05:24.886+0000] {logging_mixin.py:190} INFO - [2024-09-04T21:05:24.885+0000] {dag.py:4138} INFO - Setting next_dagrun for example_kubernetes_executor to None, run_after=None
[2024-09-04T21:05:24.924+0000] {processor.py:208} INFO - Processing /home/airflow/.local/lib/python3.12/site-packages/airflow/example_dags/example_kubernetes_executor.py took 0.184 seconds
[2024-09-04T21:05:55.744+0000] {processor.py:186} INFO - Started process (PID=783) to work on /home/airflow/.local/lib/python3.12/site-packages/airflow/example_dags/example_kubernetes_executor.py
[2024-09-04T21:05:55.745+0000] {processor.py:914} INFO - Processing file /home/airflow/.local/lib/python3.12/site-packages/airflow/example_dags/example_kubernetes_executor.py for tasks to queue
[2024-09-04T21:05:55.748+0000] {logging_mixin.py:190} INFO - [2024-09-04T21:05:55.747+0000] {dagbag.py:587} INFO - Filling up the DagBag from /home/airflow/.local/lib/python3.12/site-packages/airflow/example_dags/example_kubernetes_executor.py
[2024-09-04T21:05:55.759+0000] {processor.py:925} INFO - DAG(s) 'example_kubernetes_executor' retrieved from /home/airflow/.local/lib/python3.12/site-packages/airflow/example_dags/example_kubernetes_executor.py
[2024-09-04T21:05:55.794+0000] {logging_mixin.py:190} INFO - [2024-09-04T21:05:55.794+0000] {dag.py:3211} INFO - Sync 1 DAGs
[2024-09-04T21:05:55.807+0000] {logging_mixin.py:190} INFO - [2024-09-04T21:05:55.806+0000] {dag.py:4138} INFO - Setting next_dagrun for example_kubernetes_executor to None, run_after=None
[2024-09-04T21:05:55.824+0000] {processor.py:208} INFO - Processing /home/airflow/.local/lib/python3.12/site-packages/airflow/example_dags/example_kubernetes_executor.py took 0.086 seconds
[2024-09-04T21:06:26.908+0000] {processor.py:186} INFO - Started process (PID=844) to work on /home/airflow/.local/lib/python3.12/site-packages/airflow/example_dags/example_kubernetes_executor.py
[2024-09-04T21:06:26.917+0000] {processor.py:914} INFO - Processing file /home/airflow/.local/lib/python3.12/site-packages/airflow/example_dags/example_kubernetes_executor.py for tasks to queue
[2024-09-04T21:06:26.924+0000] {logging_mixin.py:190} INFO - [2024-09-04T21:06:26.923+0000] {dagbag.py:587} INFO - Filling up the DagBag from /home/airflow/.local/lib/python3.12/site-packages/airflow/example_dags/example_kubernetes_executor.py
[2024-09-04T21:06:26.985+0000] {processor.py:925} INFO - DAG(s) 'example_kubernetes_executor' retrieved from /home/airflow/.local/lib/python3.12/site-packages/airflow/example_dags/example_kubernetes_executor.py
[2024-09-04T21:06:27.106+0000] {logging_mixin.py:190} INFO - [2024-09-04T21:06:27.105+0000] {dag.py:3211} INFO - Sync 1 DAGs
[2024-09-04T21:06:27.152+0000] {logging_mixin.py:190} INFO - [2024-09-04T21:06:27.151+0000] {dag.py:4138} INFO - Setting next_dagrun for example_kubernetes_executor to None, run_after=None
[2024-09-04T21:06:27.206+0000] {processor.py:208} INFO - Processing /home/airflow/.local/lib/python3.12/site-packages/airflow/example_dags/example_kubernetes_executor.py took 0.324 seconds
[2024-09-04T21:06:57.709+0000] {processor.py:186} INFO - Started process (PID=906) to work on /home/airflow/.local/lib/python3.12/site-packages/airflow/example_dags/example_kubernetes_executor.py
[2024-09-04T21:06:57.712+0000] {processor.py:914} INFO - Processing file /home/airflow/.local/lib/python3.12/site-packages/airflow/example_dags/example_kubernetes_executor.py for tasks to queue
[2024-09-04T21:06:57.724+0000] {logging_mixin.py:190} INFO - [2024-09-04T21:06:57.723+0000] {dagbag.py:587} INFO - Filling up the DagBag from /home/airflow/.local/lib/python3.12/site-packages/airflow/example_dags/example_kubernetes_executor.py
[2024-09-04T21:06:57.750+0000] {processor.py:925} INFO - DAG(s) 'example_kubernetes_executor' retrieved from /home/airflow/.local/lib/python3.12/site-packages/airflow/example_dags/example_kubernetes_executor.py
[2024-09-04T21:06:58.148+0000] {logging_mixin.py:190} INFO - [2024-09-04T21:06:58.147+0000] {dag.py:3211} INFO - Sync 1 DAGs
[2024-09-04T21:06:58.219+0000] {logging_mixin.py:190} INFO - [2024-09-04T21:06:58.216+0000] {dag.py:4138} INFO - Setting next_dagrun for example_kubernetes_executor to None, run_after=None
[2024-09-04T21:06:58.257+0000] {processor.py:208} INFO - Processing /home/airflow/.local/lib/python3.12/site-packages/airflow/example_dags/example_kubernetes_executor.py took 0.561 seconds
[2024-09-04T21:07:28.912+0000] {processor.py:186} INFO - Started process (PID=968) to work on /home/airflow/.local/lib/python3.12/site-packages/airflow/example_dags/example_kubernetes_executor.py
[2024-09-04T21:07:28.913+0000] {processor.py:914} INFO - Processing file /home/airflow/.local/lib/python3.12/site-packages/airflow/example_dags/example_kubernetes_executor.py for tasks to queue
[2024-09-04T21:07:28.918+0000] {logging_mixin.py:190} INFO - [2024-09-04T21:07:28.918+0000] {dagbag.py:587} INFO - Filling up the DagBag from /home/airflow/.local/lib/python3.12/site-packages/airflow/example_dags/example_kubernetes_executor.py
[2024-09-04T21:07:28.937+0000] {processor.py:925} INFO - DAG(s) 'example_kubernetes_executor' retrieved from /home/airflow/.local/lib/python3.12/site-packages/airflow/example_dags/example_kubernetes_executor.py
[2024-09-04T21:07:28.989+0000] {logging_mixin.py:190} INFO - [2024-09-04T21:07:28.989+0000] {dag.py:3211} INFO - Sync 1 DAGs
[2024-09-04T21:07:29.005+0000] {logging_mixin.py:190} INFO - [2024-09-04T21:07:29.005+0000] {dag.py:4138} INFO - Setting next_dagrun for example_kubernetes_executor to None, run_after=None
[2024-09-04T21:07:29.040+0000] {processor.py:208} INFO - Processing /home/airflow/.local/lib/python3.12/site-packages/airflow/example_dags/example_kubernetes_executor.py took 0.135 seconds
[2024-09-04T21:07:59.362+0000] {processor.py:186} INFO - Started process (PID=1031) to work on /home/airflow/.local/lib/python3.12/site-packages/airflow/example_dags/example_kubernetes_executor.py
[2024-09-04T21:07:59.364+0000] {processor.py:914} INFO - Processing file /home/airflow/.local/lib/python3.12/site-packages/airflow/example_dags/example_kubernetes_executor.py for tasks to queue
[2024-09-04T21:07:59.367+0000] {logging_mixin.py:190} INFO - [2024-09-04T21:07:59.367+0000] {dagbag.py:587} INFO - Filling up the DagBag from /home/airflow/.local/lib/python3.12/site-packages/airflow/example_dags/example_kubernetes_executor.py
[2024-09-04T21:07:59.380+0000] {processor.py:925} INFO - DAG(s) 'example_kubernetes_executor' retrieved from /home/airflow/.local/lib/python3.12/site-packages/airflow/example_dags/example_kubernetes_executor.py
[2024-09-04T21:07:59.418+0000] {logging_mixin.py:190} INFO - [2024-09-04T21:07:59.418+0000] {dag.py:3211} INFO - Sync 1 DAGs
[2024-09-04T21:07:59.431+0000] {logging_mixin.py:190} INFO - [2024-09-04T21:07:59.431+0000] {dag.py:4138} INFO - Setting next_dagrun for example_kubernetes_executor to None, run_after=None
[2024-09-04T21:07:59.453+0000] {processor.py:208} INFO - Processing /home/airflow/.local/lib/python3.12/site-packages/airflow/example_dags/example_kubernetes_executor.py took 0.096 seconds
[2024-09-04T21:08:30.233+0000] {processor.py:186} INFO - Started process (PID=1093) to work on /home/airflow/.local/lib/python3.12/site-packages/airflow/example_dags/example_kubernetes_executor.py
[2024-09-04T21:08:30.234+0000] {processor.py:914} INFO - Processing file /home/airflow/.local/lib/python3.12/site-packages/airflow/example_dags/example_kubernetes_executor.py for tasks to queue
[2024-09-04T21:08:30.236+0000] {logging_mixin.py:190} INFO - [2024-09-04T21:08:30.235+0000] {dagbag.py:587} INFO - Filling up the DagBag from /home/airflow/.local/lib/python3.12/site-packages/airflow/example_dags/example_kubernetes_executor.py
[2024-09-04T21:08:30.246+0000] {processor.py:925} INFO - DAG(s) 'example_kubernetes_executor' retrieved from /home/airflow/.local/lib/python3.12/site-packages/airflow/example_dags/example_kubernetes_executor.py
[2024-09-04T21:08:30.282+0000] {logging_mixin.py:190} INFO - [2024-09-04T21:08:30.282+0000] {dag.py:3211} INFO - Sync 1 DAGs
[2024-09-04T21:08:30.294+0000] {logging_mixin.py:190} INFO - [2024-09-04T21:08:30.294+0000] {dag.py:4138} INFO - Setting next_dagrun for example_kubernetes_executor to None, run_after=None
[2024-09-04T21:08:30.312+0000] {processor.py:208} INFO - Processing /home/airflow/.local/lib/python3.12/site-packages/airflow/example_dags/example_kubernetes_executor.py took 0.084 seconds
[2024-09-04T21:09:00.817+0000] {processor.py:186} INFO - Started process (PID=1155) to work on /home/airflow/.local/lib/python3.12/site-packages/airflow/example_dags/example_kubernetes_executor.py
[2024-09-04T21:09:00.818+0000] {processor.py:914} INFO - Processing file /home/airflow/.local/lib/python3.12/site-packages/airflow/example_dags/example_kubernetes_executor.py for tasks to queue
[2024-09-04T21:09:00.820+0000] {logging_mixin.py:190} INFO - [2024-09-04T21:09:00.820+0000] {dagbag.py:587} INFO - Filling up the DagBag from /home/airflow/.local/lib/python3.12/site-packages/airflow/example_dags/example_kubernetes_executor.py
[2024-09-04T21:09:00.831+0000] {processor.py:925} INFO - DAG(s) 'example_kubernetes_executor' retrieved from /home/airflow/.local/lib/python3.12/site-packages/airflow/example_dags/example_kubernetes_executor.py
[2024-09-04T21:09:00.867+0000] {logging_mixin.py:190} INFO - [2024-09-04T21:09:00.867+0000] {dag.py:3211} INFO - Sync 1 DAGs
[2024-09-04T21:09:00.879+0000] {logging_mixin.py:190} INFO - [2024-09-04T21:09:00.879+0000] {dag.py:4138} INFO - Setting next_dagrun for example_kubernetes_executor to None, run_after=None
[2024-09-04T21:09:00.899+0000] {processor.py:208} INFO - Processing /home/airflow/.local/lib/python3.12/site-packages/airflow/example_dags/example_kubernetes_executor.py took 0.087 seconds
[2024-09-04T21:09:31.167+0000] {processor.py:186} INFO - Started process (PID=1217) to work on /home/airflow/.local/lib/python3.12/site-packages/airflow/example_dags/example_kubernetes_executor.py
[2024-09-04T21:09:31.169+0000] {processor.py:914} INFO - Processing file /home/airflow/.local/lib/python3.12/site-packages/airflow/example_dags/example_kubernetes_executor.py for tasks to queue
[2024-09-04T21:09:31.171+0000] {logging_mixin.py:190} INFO - [2024-09-04T21:09:31.171+0000] {dagbag.py:587} INFO - Filling up the DagBag from /home/airflow/.local/lib/python3.12/site-packages/airflow/example_dags/example_kubernetes_executor.py
[2024-09-04T21:09:31.181+0000] {processor.py:925} INFO - DAG(s) 'example_kubernetes_executor' retrieved from /home/airflow/.local/lib/python3.12/site-packages/airflow/example_dags/example_kubernetes_executor.py
[2024-09-04T21:09:31.218+0000] {logging_mixin.py:190} INFO - [2024-09-04T21:09:31.218+0000] {dag.py:3211} INFO - Sync 1 DAGs
[2024-09-04T21:09:31.229+0000] {logging_mixin.py:190} INFO - [2024-09-04T21:09:31.229+0000] {dag.py:4138} INFO - Setting next_dagrun for example_kubernetes_executor to None, run_after=None
[2024-09-04T21:09:31.248+0000] {processor.py:208} INFO - Processing /home/airflow/.local/lib/python3.12/site-packages/airflow/example_dags/example_kubernetes_executor.py took 0.086 seconds
[2024-09-04T21:10:01.599+0000] {processor.py:186} INFO - Started process (PID=1279) to work on /home/airflow/.local/lib/python3.12/site-packages/airflow/example_dags/example_kubernetes_executor.py
[2024-09-04T21:10:01.600+0000] {processor.py:914} INFO - Processing file /home/airflow/.local/lib/python3.12/site-packages/airflow/example_dags/example_kubernetes_executor.py for tasks to queue
[2024-09-04T21:10:01.602+0000] {logging_mixin.py:190} INFO - [2024-09-04T21:10:01.602+0000] {dagbag.py:587} INFO - Filling up the DagBag from /home/airflow/.local/lib/python3.12/site-packages/airflow/example_dags/example_kubernetes_executor.py
[2024-09-04T21:10:01.613+0000] {processor.py:925} INFO - DAG(s) 'example_kubernetes_executor' retrieved from /home/airflow/.local/lib/python3.12/site-packages/airflow/example_dags/example_kubernetes_executor.py
[2024-09-04T21:10:01.655+0000] {logging_mixin.py:190} INFO - [2024-09-04T21:10:01.655+0000] {dag.py:3211} INFO - Sync 1 DAGs
[2024-09-04T21:10:01.666+0000] {logging_mixin.py:190} INFO - [2024-09-04T21:10:01.666+0000] {dag.py:4138} INFO - Setting next_dagrun for example_kubernetes_executor to None, run_after=None
[2024-09-04T21:10:01.685+0000] {processor.py:208} INFO - Processing /home/airflow/.local/lib/python3.12/site-packages/airflow/example_dags/example_kubernetes_executor.py took 0.090 seconds
[2024-09-04T21:10:32.508+0000] {processor.py:186} INFO - Started process (PID=1342) to work on /home/airflow/.local/lib/python3.12/site-packages/airflow/example_dags/example_kubernetes_executor.py
[2024-09-04T21:10:32.525+0000] {processor.py:914} INFO - Processing file /home/airflow/.local/lib/python3.12/site-packages/airflow/example_dags/example_kubernetes_executor.py for tasks to queue
[2024-09-04T21:10:32.546+0000] {logging_mixin.py:190} INFO - [2024-09-04T21:10:32.546+0000] {dagbag.py:587} INFO - Filling up the DagBag from /home/airflow/.local/lib/python3.12/site-packages/airflow/example_dags/example_kubernetes_executor.py
[2024-09-04T21:10:32.586+0000] {processor.py:925} INFO - DAG(s) 'example_kubernetes_executor' retrieved from /home/airflow/.local/lib/python3.12/site-packages/airflow/example_dags/example_kubernetes_executor.py
[2024-09-04T21:10:32.691+0000] {logging_mixin.py:190} INFO - [2024-09-04T21:10:32.690+0000] {dag.py:3211} INFO - Sync 1 DAGs
[2024-09-04T21:10:32.741+0000] {logging_mixin.py:190} INFO - [2024-09-04T21:10:32.741+0000] {dag.py:4138} INFO - Setting next_dagrun for example_kubernetes_executor to None, run_after=None
[2024-09-04T21:10:32.814+0000] {processor.py:208} INFO - Processing /home/airflow/.local/lib/python3.12/site-packages/airflow/example_dags/example_kubernetes_executor.py took 0.315 seconds
[2024-09-04T21:11:03.631+0000] {processor.py:186} INFO - Started process (PID=1405) to work on /home/airflow/.local/lib/python3.12/site-packages/airflow/example_dags/example_kubernetes_executor.py
[2024-09-04T21:11:03.632+0000] {processor.py:914} INFO - Processing file /home/airflow/.local/lib/python3.12/site-packages/airflow/example_dags/example_kubernetes_executor.py for tasks to queue
[2024-09-04T21:11:03.634+0000] {logging_mixin.py:190} INFO - [2024-09-04T21:11:03.634+0000] {dagbag.py:587} INFO - Filling up the DagBag from /home/airflow/.local/lib/python3.12/site-packages/airflow/example_dags/example_kubernetes_executor.py
[2024-09-04T21:11:03.652+0000] {processor.py:925} INFO - DAG(s) 'example_kubernetes_executor' retrieved from /home/airflow/.local/lib/python3.12/site-packages/airflow/example_dags/example_kubernetes_executor.py
[2024-09-04T21:11:03.694+0000] {logging_mixin.py:190} INFO - [2024-09-04T21:11:03.693+0000] {dag.py:3211} INFO - Sync 1 DAGs
[2024-09-04T21:11:03.707+0000] {logging_mixin.py:190} INFO - [2024-09-04T21:11:03.707+0000] {dag.py:4138} INFO - Setting next_dagrun for example_kubernetes_executor to None, run_after=None
[2024-09-04T21:11:03.727+0000] {processor.py:208} INFO - Processing /home/airflow/.local/lib/python3.12/site-packages/airflow/example_dags/example_kubernetes_executor.py took 0.101 seconds
[2024-09-04T21:11:33.911+0000] {processor.py:186} INFO - Started process (PID=1468) to work on /home/airflow/.local/lib/python3.12/site-packages/airflow/example_dags/example_kubernetes_executor.py
[2024-09-04T21:11:33.912+0000] {processor.py:914} INFO - Processing file /home/airflow/.local/lib/python3.12/site-packages/airflow/example_dags/example_kubernetes_executor.py for tasks to queue
[2024-09-04T21:11:33.914+0000] {logging_mixin.py:190} INFO - [2024-09-04T21:11:33.914+0000] {dagbag.py:587} INFO - Filling up the DagBag from /home/airflow/.local/lib/python3.12/site-packages/airflow/example_dags/example_kubernetes_executor.py
[2024-09-04T21:11:33.926+0000] {processor.py:925} INFO - DAG(s) 'example_kubernetes_executor' retrieved from /home/airflow/.local/lib/python3.12/site-packages/airflow/example_dags/example_kubernetes_executor.py
[2024-09-04T21:11:33.968+0000] {logging_mixin.py:190} INFO - [2024-09-04T21:11:33.967+0000] {dag.py:3211} INFO - Sync 1 DAGs
[2024-09-04T21:11:33.980+0000] {logging_mixin.py:190} INFO - [2024-09-04T21:11:33.979+0000] {dag.py:4138} INFO - Setting next_dagrun for example_kubernetes_executor to None, run_after=None
[2024-09-04T21:11:33.998+0000] {processor.py:208} INFO - Processing /home/airflow/.local/lib/python3.12/site-packages/airflow/example_dags/example_kubernetes_executor.py took 0.092 seconds
[2024-09-04T21:12:04.261+0000] {processor.py:186} INFO - Started process (PID=1531) to work on /home/airflow/.local/lib/python3.12/site-packages/airflow/example_dags/example_kubernetes_executor.py
[2024-09-04T21:12:04.262+0000] {processor.py:914} INFO - Processing file /home/airflow/.local/lib/python3.12/site-packages/airflow/example_dags/example_kubernetes_executor.py for tasks to queue
[2024-09-04T21:12:04.264+0000] {logging_mixin.py:190} INFO - [2024-09-04T21:12:04.264+0000] {dagbag.py:587} INFO - Filling up the DagBag from /home/airflow/.local/lib/python3.12/site-packages/airflow/example_dags/example_kubernetes_executor.py
[2024-09-04T21:12:04.278+0000] {processor.py:925} INFO - DAG(s) 'example_kubernetes_executor' retrieved from /home/airflow/.local/lib/python3.12/site-packages/airflow/example_dags/example_kubernetes_executor.py
[2024-09-04T21:12:04.318+0000] {logging_mixin.py:190} INFO - [2024-09-04T21:12:04.318+0000] {dag.py:3211} INFO - Sync 1 DAGs
[2024-09-04T21:12:04.330+0000] {logging_mixin.py:190} INFO - [2024-09-04T21:12:04.330+0000] {dag.py:4138} INFO - Setting next_dagrun for example_kubernetes_executor to None, run_after=None
[2024-09-04T21:12:04.351+0000] {processor.py:208} INFO - Processing /home/airflow/.local/lib/python3.12/site-packages/airflow/example_dags/example_kubernetes_executor.py took 0.096 seconds
[2024-09-04T21:12:35.082+0000] {processor.py:186} INFO - Started process (PID=1595) to work on /home/airflow/.local/lib/python3.12/site-packages/airflow/example_dags/example_kubernetes_executor.py
[2024-09-04T21:12:35.083+0000] {processor.py:914} INFO - Processing file /home/airflow/.local/lib/python3.12/site-packages/airflow/example_dags/example_kubernetes_executor.py for tasks to queue
[2024-09-04T21:12:35.085+0000] {logging_mixin.py:190} INFO - [2024-09-04T21:12:35.085+0000] {dagbag.py:587} INFO - Filling up the DagBag from /home/airflow/.local/lib/python3.12/site-packages/airflow/example_dags/example_kubernetes_executor.py
[2024-09-04T21:12:35.097+0000] {processor.py:925} INFO - DAG(s) 'example_kubernetes_executor' retrieved from /home/airflow/.local/lib/python3.12/site-packages/airflow/example_dags/example_kubernetes_executor.py
[2024-09-04T21:12:35.137+0000] {logging_mixin.py:190} INFO - [2024-09-04T21:12:35.137+0000] {dag.py:3211} INFO - Sync 1 DAGs
[2024-09-04T21:12:35.152+0000] {logging_mixin.py:190} INFO - [2024-09-04T21:12:35.152+0000] {dag.py:4138} INFO - Setting next_dagrun for example_kubernetes_executor to None, run_after=None
[2024-09-04T21:12:35.174+0000] {processor.py:208} INFO - Processing /home/airflow/.local/lib/python3.12/site-packages/airflow/example_dags/example_kubernetes_executor.py took 0.097 seconds
[2024-09-04T21:13:05.852+0000] {processor.py:186} INFO - Started process (PID=1658) to work on /home/airflow/.local/lib/python3.12/site-packages/airflow/example_dags/example_kubernetes_executor.py
[2024-09-04T21:13:05.853+0000] {processor.py:914} INFO - Processing file /home/airflow/.local/lib/python3.12/site-packages/airflow/example_dags/example_kubernetes_executor.py for tasks to queue
[2024-09-04T21:13:05.855+0000] {logging_mixin.py:190} INFO - [2024-09-04T21:13:05.855+0000] {dagbag.py:587} INFO - Filling up the DagBag from /home/airflow/.local/lib/python3.12/site-packages/airflow/example_dags/example_kubernetes_executor.py
[2024-09-04T21:13:05.868+0000] {processor.py:925} INFO - DAG(s) 'example_kubernetes_executor' retrieved from /home/airflow/.local/lib/python3.12/site-packages/airflow/example_dags/example_kubernetes_executor.py
[2024-09-04T21:13:05.909+0000] {logging_mixin.py:190} INFO - [2024-09-04T21:13:05.908+0000] {dag.py:3211} INFO - Sync 1 DAGs
[2024-09-04T21:13:05.921+0000] {logging_mixin.py:190} INFO - [2024-09-04T21:13:05.921+0000] {dag.py:4138} INFO - Setting next_dagrun for example_kubernetes_executor to None, run_after=None
[2024-09-04T21:13:05.941+0000] {processor.py:208} INFO - Processing /home/airflow/.local/lib/python3.12/site-packages/airflow/example_dags/example_kubernetes_executor.py took 0.094 seconds
[2024-09-04T21:13:36.024+0000] {processor.py:186} INFO - Started process (PID=1720) to work on /home/airflow/.local/lib/python3.12/site-packages/airflow/example_dags/example_kubernetes_executor.py
[2024-09-04T21:13:36.025+0000] {processor.py:914} INFO - Processing file /home/airflow/.local/lib/python3.12/site-packages/airflow/example_dags/example_kubernetes_executor.py for tasks to queue
[2024-09-04T21:13:36.027+0000] {logging_mixin.py:190} INFO - [2024-09-04T21:13:36.027+0000] {dagbag.py:587} INFO - Filling up the DagBag from /home/airflow/.local/lib/python3.12/site-packages/airflow/example_dags/example_kubernetes_executor.py
[2024-09-04T21:13:36.043+0000] {processor.py:925} INFO - DAG(s) 'example_kubernetes_executor' retrieved from /home/airflow/.local/lib/python3.12/site-packages/airflow/example_dags/example_kubernetes_executor.py
[2024-09-04T21:13:36.080+0000] {logging_mixin.py:190} INFO - [2024-09-04T21:13:36.079+0000] {dag.py:3211} INFO - Sync 1 DAGs
[2024-09-04T21:13:36.091+0000] {logging_mixin.py:190} INFO - [2024-09-04T21:13:36.091+0000] {dag.py:4138} INFO - Setting next_dagrun for example_kubernetes_executor to None, run_after=None
[2024-09-04T21:13:36.107+0000] {processor.py:208} INFO - Processing /home/airflow/.local/lib/python3.12/site-packages/airflow/example_dags/example_kubernetes_executor.py took 0.090 seconds
[2024-09-04T21:14:06.812+0000] {processor.py:186} INFO - Started process (PID=1783) to work on /home/airflow/.local/lib/python3.12/site-packages/airflow/example_dags/example_kubernetes_executor.py
[2024-09-04T21:14:06.813+0000] {processor.py:914} INFO - Processing file /home/airflow/.local/lib/python3.12/site-packages/airflow/example_dags/example_kubernetes_executor.py for tasks to queue
[2024-09-04T21:14:06.815+0000] {logging_mixin.py:190} INFO - [2024-09-04T21:14:06.815+0000] {dagbag.py:587} INFO - Filling up the DagBag from /home/airflow/.local/lib/python3.12/site-packages/airflow/example_dags/example_kubernetes_executor.py
[2024-09-04T21:14:06.828+0000] {processor.py:925} INFO - DAG(s) 'example_kubernetes_executor' retrieved from /home/airflow/.local/lib/python3.12/site-packages/airflow/example_dags/example_kubernetes_executor.py
[2024-09-04T21:14:06.865+0000] {logging_mixin.py:190} INFO - [2024-09-04T21:14:06.865+0000] {dag.py:3211} INFO - Sync 1 DAGs
[2024-09-04T21:14:06.877+0000] {logging_mixin.py:190} INFO - [2024-09-04T21:14:06.877+0000] {dag.py:4138} INFO - Setting next_dagrun for example_kubernetes_executor to None, run_after=None
[2024-09-04T21:14:06.899+0000] {processor.py:208} INFO - Processing /home/airflow/.local/lib/python3.12/site-packages/airflow/example_dags/example_kubernetes_executor.py took 0.092 seconds
[2024-09-04T21:14:37.661+0000] {processor.py:186} INFO - Started process (PID=1846) to work on /home/airflow/.local/lib/python3.12/site-packages/airflow/example_dags/example_kubernetes_executor.py
[2024-09-04T21:14:37.662+0000] {processor.py:914} INFO - Processing file /home/airflow/.local/lib/python3.12/site-packages/airflow/example_dags/example_kubernetes_executor.py for tasks to queue
[2024-09-04T21:14:37.665+0000] {logging_mixin.py:190} INFO - [2024-09-04T21:14:37.664+0000] {dagbag.py:587} INFO - Filling up the DagBag from /home/airflow/.local/lib/python3.12/site-packages/airflow/example_dags/example_kubernetes_executor.py
[2024-09-04T21:14:37.677+0000] {processor.py:925} INFO - DAG(s) 'example_kubernetes_executor' retrieved from /home/airflow/.local/lib/python3.12/site-packages/airflow/example_dags/example_kubernetes_executor.py
[2024-09-04T21:14:37.714+0000] {logging_mixin.py:190} INFO - [2024-09-04T21:14:37.714+0000] {dag.py:3211} INFO - Sync 1 DAGs
[2024-09-04T21:14:37.728+0000] {logging_mixin.py:190} INFO - [2024-09-04T21:14:37.727+0000] {dag.py:4138} INFO - Setting next_dagrun for example_kubernetes_executor to None, run_after=None
[2024-09-04T21:14:37.748+0000] {processor.py:208} INFO - Processing /home/airflow/.local/lib/python3.12/site-packages/airflow/example_dags/example_kubernetes_executor.py took 0.092 seconds
[2024-09-04T21:15:08.463+0000] {processor.py:186} INFO - Started process (PID=1909) to work on /home/airflow/.local/lib/python3.12/site-packages/airflow/example_dags/example_kubernetes_executor.py
[2024-09-04T21:15:08.465+0000] {processor.py:914} INFO - Processing file /home/airflow/.local/lib/python3.12/site-packages/airflow/example_dags/example_kubernetes_executor.py for tasks to queue
[2024-09-04T21:15:08.473+0000] {logging_mixin.py:190} INFO - [2024-09-04T21:15:08.472+0000] {dagbag.py:587} INFO - Filling up the DagBag from /home/airflow/.local/lib/python3.12/site-packages/airflow/example_dags/example_kubernetes_executor.py
[2024-09-04T21:15:08.532+0000] {processor.py:925} INFO - DAG(s) 'example_kubernetes_executor' retrieved from /home/airflow/.local/lib/python3.12/site-packages/airflow/example_dags/example_kubernetes_executor.py
[2024-09-04T21:15:08.642+0000] {logging_mixin.py:190} INFO - [2024-09-04T21:15:08.641+0000] {dag.py:3211} INFO - Sync 1 DAGs
[2024-09-04T21:15:08.679+0000] {logging_mixin.py:190} INFO - [2024-09-04T21:15:08.678+0000] {dag.py:4138} INFO - Setting next_dagrun for example_kubernetes_executor to None, run_after=None
[2024-09-04T21:15:08.737+0000] {processor.py:208} INFO - Processing /home/airflow/.local/lib/python3.12/site-packages/airflow/example_dags/example_kubernetes_executor.py took 0.291 seconds
[2024-09-04T21:15:39.206+0000] {processor.py:186} INFO - Started process (PID=1972) to work on /home/airflow/.local/lib/python3.12/site-packages/airflow/example_dags/example_kubernetes_executor.py
[2024-09-04T21:15:39.208+0000] {processor.py:914} INFO - Processing file /home/airflow/.local/lib/python3.12/site-packages/airflow/example_dags/example_kubernetes_executor.py for tasks to queue
[2024-09-04T21:15:39.212+0000] {logging_mixin.py:190} INFO - [2024-09-04T21:15:39.212+0000] {dagbag.py:587} INFO - Filling up the DagBag from /home/airflow/.local/lib/python3.12/site-packages/airflow/example_dags/example_kubernetes_executor.py
[2024-09-04T21:15:39.237+0000] {processor.py:925} INFO - DAG(s) 'example_kubernetes_executor' retrieved from /home/airflow/.local/lib/python3.12/site-packages/airflow/example_dags/example_kubernetes_executor.py
[2024-09-04T21:15:39.301+0000] {logging_mixin.py:190} INFO - [2024-09-04T21:15:39.300+0000] {dag.py:3211} INFO - Sync 1 DAGs
[2024-09-04T21:15:39.324+0000] {logging_mixin.py:190} INFO - [2024-09-04T21:15:39.324+0000] {dag.py:4138} INFO - Setting next_dagrun for example_kubernetes_executor to None, run_after=None
[2024-09-04T21:15:39.355+0000] {processor.py:208} INFO - Processing /home/airflow/.local/lib/python3.12/site-packages/airflow/example_dags/example_kubernetes_executor.py took 0.158 seconds
[2024-09-04T21:16:10.039+0000] {processor.py:186} INFO - Started process (PID=2036) to work on /home/airflow/.local/lib/python3.12/site-packages/airflow/example_dags/example_kubernetes_executor.py
[2024-09-04T21:16:10.040+0000] {processor.py:914} INFO - Processing file /home/airflow/.local/lib/python3.12/site-packages/airflow/example_dags/example_kubernetes_executor.py for tasks to queue
[2024-09-04T21:16:10.042+0000] {logging_mixin.py:190} INFO - [2024-09-04T21:16:10.042+0000] {dagbag.py:587} INFO - Filling up the DagBag from /home/airflow/.local/lib/python3.12/site-packages/airflow/example_dags/example_kubernetes_executor.py
[2024-09-04T21:16:10.055+0000] {processor.py:925} INFO - DAG(s) 'example_kubernetes_executor' retrieved from /home/airflow/.local/lib/python3.12/site-packages/airflow/example_dags/example_kubernetes_executor.py
[2024-09-04T21:16:10.096+0000] {logging_mixin.py:190} INFO - [2024-09-04T21:16:10.096+0000] {dag.py:3211} INFO - Sync 1 DAGs
[2024-09-04T21:16:10.108+0000] {logging_mixin.py:190} INFO - [2024-09-04T21:16:10.107+0000] {dag.py:4138} INFO - Setting next_dagrun for example_kubernetes_executor to None, run_after=None
[2024-09-04T21:16:10.128+0000] {processor.py:208} INFO - Processing /home/airflow/.local/lib/python3.12/site-packages/airflow/example_dags/example_kubernetes_executor.py took 0.095 seconds
[2024-09-04T21:16:40.411+0000] {processor.py:186} INFO - Started process (PID=2099) to work on /home/airflow/.local/lib/python3.12/site-packages/airflow/example_dags/example_kubernetes_executor.py
[2024-09-04T21:16:40.412+0000] {processor.py:914} INFO - Processing file /home/airflow/.local/lib/python3.12/site-packages/airflow/example_dags/example_kubernetes_executor.py for tasks to queue
[2024-09-04T21:16:40.415+0000] {logging_mixin.py:190} INFO - [2024-09-04T21:16:40.414+0000] {dagbag.py:587} INFO - Filling up the DagBag from /home/airflow/.local/lib/python3.12/site-packages/airflow/example_dags/example_kubernetes_executor.py
[2024-09-04T21:16:40.427+0000] {processor.py:925} INFO - DAG(s) 'example_kubernetes_executor' retrieved from /home/airflow/.local/lib/python3.12/site-packages/airflow/example_dags/example_kubernetes_executor.py
[2024-09-04T21:16:40.469+0000] {logging_mixin.py:190} INFO - [2024-09-04T21:16:40.469+0000] {dag.py:3211} INFO - Sync 1 DAGs
[2024-09-04T21:16:40.481+0000] {logging_mixin.py:190} INFO - [2024-09-04T21:16:40.480+0000] {dag.py:4138} INFO - Setting next_dagrun for example_kubernetes_executor to None, run_after=None
[2024-09-04T21:16:40.502+0000] {processor.py:208} INFO - Processing /home/airflow/.local/lib/python3.12/site-packages/airflow/example_dags/example_kubernetes_executor.py took 0.096 seconds
[2024-09-04T21:17:11.063+0000] {processor.py:186} INFO - Started process (PID=2162) to work on /home/airflow/.local/lib/python3.12/site-packages/airflow/example_dags/example_kubernetes_executor.py
[2024-09-04T21:17:11.065+0000] {processor.py:914} INFO - Processing file /home/airflow/.local/lib/python3.12/site-packages/airflow/example_dags/example_kubernetes_executor.py for tasks to queue
[2024-09-04T21:17:11.067+0000] {logging_mixin.py:190} INFO - [2024-09-04T21:17:11.067+0000] {dagbag.py:587} INFO - Filling up the DagBag from /home/airflow/.local/lib/python3.12/site-packages/airflow/example_dags/example_kubernetes_executor.py
[2024-09-04T21:17:11.084+0000] {processor.py:925} INFO - DAG(s) 'example_kubernetes_executor' retrieved from /home/airflow/.local/lib/python3.12/site-packages/airflow/example_dags/example_kubernetes_executor.py
[2024-09-04T21:17:11.133+0000] {logging_mixin.py:190} INFO - [2024-09-04T21:17:11.132+0000] {dag.py:3211} INFO - Sync 1 DAGs
[2024-09-04T21:17:11.150+0000] {logging_mixin.py:190} INFO - [2024-09-04T21:17:11.150+0000] {dag.py:4138} INFO - Setting next_dagrun for example_kubernetes_executor to None, run_after=None
[2024-09-04T21:17:11.178+0000] {processor.py:208} INFO - Processing /home/airflow/.local/lib/python3.12/site-packages/airflow/example_dags/example_kubernetes_executor.py took 0.121 seconds
[2024-09-04T21:17:42.110+0000] {processor.py:186} INFO - Started process (PID=2225) to work on /home/airflow/.local/lib/python3.12/site-packages/airflow/example_dags/example_kubernetes_executor.py
[2024-09-04T21:17:42.111+0000] {processor.py:914} INFO - Processing file /home/airflow/.local/lib/python3.12/site-packages/airflow/example_dags/example_kubernetes_executor.py for tasks to queue
[2024-09-04T21:17:42.113+0000] {logging_mixin.py:190} INFO - [2024-09-04T21:17:42.113+0000] {dagbag.py:587} INFO - Filling up the DagBag from /home/airflow/.local/lib/python3.12/site-packages/airflow/example_dags/example_kubernetes_executor.py
[2024-09-04T21:17:42.129+0000] {processor.py:925} INFO - DAG(s) 'example_kubernetes_executor' retrieved from /home/airflow/.local/lib/python3.12/site-packages/airflow/example_dags/example_kubernetes_executor.py
[2024-09-04T21:17:42.163+0000] {logging_mixin.py:190} INFO - [2024-09-04T21:17:42.162+0000] {dag.py:3211} INFO - Sync 1 DAGs
[2024-09-04T21:17:42.175+0000] {logging_mixin.py:190} INFO - [2024-09-04T21:17:42.174+0000] {dag.py:4138} INFO - Setting next_dagrun for example_kubernetes_executor to None, run_after=None
[2024-09-04T21:17:42.193+0000] {processor.py:208} INFO - Processing /home/airflow/.local/lib/python3.12/site-packages/airflow/example_dags/example_kubernetes_executor.py took 0.089 seconds
[2024-09-04T21:18:12.356+0000] {processor.py:186} INFO - Started process (PID=2288) to work on /home/airflow/.local/lib/python3.12/site-packages/airflow/example_dags/example_kubernetes_executor.py
[2024-09-04T21:18:12.357+0000] {processor.py:914} INFO - Processing file /home/airflow/.local/lib/python3.12/site-packages/airflow/example_dags/example_kubernetes_executor.py for tasks to queue
[2024-09-04T21:18:12.360+0000] {logging_mixin.py:190} INFO - [2024-09-04T21:18:12.359+0000] {dagbag.py:587} INFO - Filling up the DagBag from /home/airflow/.local/lib/python3.12/site-packages/airflow/example_dags/example_kubernetes_executor.py
[2024-09-04T21:18:12.375+0000] {processor.py:925} INFO - DAG(s) 'example_kubernetes_executor' retrieved from /home/airflow/.local/lib/python3.12/site-packages/airflow/example_dags/example_kubernetes_executor.py
[2024-09-04T21:18:12.419+0000] {logging_mixin.py:190} INFO - [2024-09-04T21:18:12.418+0000] {dag.py:3211} INFO - Sync 1 DAGs
[2024-09-04T21:18:12.434+0000] {logging_mixin.py:190} INFO - [2024-09-04T21:18:12.433+0000] {dag.py:4138} INFO - Setting next_dagrun for example_kubernetes_executor to None, run_after=None
[2024-09-04T21:18:12.456+0000] {processor.py:208} INFO - Processing /home/airflow/.local/lib/python3.12/site-packages/airflow/example_dags/example_kubernetes_executor.py took 0.105 seconds
[2024-09-04T21:18:43.140+0000] {processor.py:186} INFO - Started process (PID=2352) to work on /home/airflow/.local/lib/python3.12/site-packages/airflow/example_dags/example_kubernetes_executor.py
[2024-09-04T21:18:43.141+0000] {processor.py:914} INFO - Processing file /home/airflow/.local/lib/python3.12/site-packages/airflow/example_dags/example_kubernetes_executor.py for tasks to queue
[2024-09-04T21:18:43.143+0000] {logging_mixin.py:190} INFO - [2024-09-04T21:18:43.143+0000] {dagbag.py:587} INFO - Filling up the DagBag from /home/airflow/.local/lib/python3.12/site-packages/airflow/example_dags/example_kubernetes_executor.py
[2024-09-04T21:18:43.156+0000] {processor.py:925} INFO - DAG(s) 'example_kubernetes_executor' retrieved from /home/airflow/.local/lib/python3.12/site-packages/airflow/example_dags/example_kubernetes_executor.py
[2024-09-04T21:18:43.196+0000] {logging_mixin.py:190} INFO - [2024-09-04T21:18:43.196+0000] {dag.py:3211} INFO - Sync 1 DAGs
[2024-09-04T21:18:43.208+0000] {logging_mixin.py:190} INFO - [2024-09-04T21:18:43.208+0000] {dag.py:4138} INFO - Setting next_dagrun for example_kubernetes_executor to None, run_after=None
[2024-09-04T21:18:43.229+0000] {processor.py:208} INFO - Processing /home/airflow/.local/lib/python3.12/site-packages/airflow/example_dags/example_kubernetes_executor.py took 0.093 seconds
