[2024-09-04T20:52:36.795+0000] {processor.py:186} INFO - Started process (PID=103) to work on /home/airflow/.local/lib/python3.12/site-packages/airflow/example_dags/example_xcom.py
[2024-09-04T20:52:36.796+0000] {processor.py:914} INFO - Processing file /home/airflow/.local/lib/python3.12/site-packages/airflow/example_dags/example_xcom.py for tasks to queue
[2024-09-04T20:52:36.800+0000] {logging_mixin.py:190} INFO - [2024-09-04T20:52:36.799+0000] {dagbag.py:587} INFO - Filling up the DagBag from /home/airflow/.local/lib/python3.12/site-packages/airflow/example_dags/example_xcom.py
[2024-09-04T20:52:36.814+0000] {processor.py:925} INFO - DAG(s) 'example_xcom' retrieved from /home/airflow/.local/lib/python3.12/site-packages/airflow/example_dags/example_xcom.py
[2024-09-04T20:52:36.929+0000] {logging_mixin.py:190} INFO - [2024-09-04T20:52:36.928+0000] {override.py:1858} INFO - Created Permission View: can delete on DAG:example_xcom
[2024-09-04T20:52:36.941+0000] {logging_mixin.py:190} INFO - [2024-09-04T20:52:36.941+0000] {override.py:1858} INFO - Created Permission View: can edit on DAG:example_xcom
[2024-09-04T20:52:36.949+0000] {logging_mixin.py:190} INFO - [2024-09-04T20:52:36.949+0000] {override.py:1858} INFO - Created Permission View: can read on DAG:example_xcom
[2024-09-04T20:52:36.950+0000] {logging_mixin.py:190} INFO - [2024-09-04T20:52:36.950+0000] {dag.py:3211} INFO - Sync 1 DAGs
[2024-09-04T20:52:36.965+0000] {logging_mixin.py:190} INFO - [2024-09-04T20:52:36.965+0000] {dag.py:3234} INFO - Creating ORM DAG for example_xcom
[2024-09-04T20:52:36.977+0000] {logging_mixin.py:190} INFO - [2024-09-04T20:52:36.977+0000] {dag.py:4138} INFO - Setting next_dagrun for example_xcom to 2021-01-01 00:00:00+00:00, run_after=2021-01-01 00:00:00+00:00
[2024-09-04T20:52:36.996+0000] {processor.py:208} INFO - Processing /home/airflow/.local/lib/python3.12/site-packages/airflow/example_dags/example_xcom.py took 0.208 seconds
[2024-09-04T21:00:18.355+0000] {processor.py:186} INFO - Started process (PID=98) to work on /home/airflow/.local/lib/python3.12/site-packages/airflow/example_dags/example_xcom.py
[2024-09-04T21:00:18.357+0000] {processor.py:914} INFO - Processing file /home/airflow/.local/lib/python3.12/site-packages/airflow/example_dags/example_xcom.py for tasks to queue
[2024-09-04T21:00:18.363+0000] {logging_mixin.py:190} INFO - [2024-09-04T21:00:18.362+0000] {dagbag.py:587} INFO - Filling up the DagBag from /home/airflow/.local/lib/python3.12/site-packages/airflow/example_dags/example_xcom.py
[2024-09-04T21:00:18.399+0000] {processor.py:925} INFO - DAG(s) 'example_xcom' retrieved from /home/airflow/.local/lib/python3.12/site-packages/airflow/example_dags/example_xcom.py
[2024-09-04T21:00:18.446+0000] {logging_mixin.py:190} INFO - [2024-09-04T21:00:18.445+0000] {dag.py:3211} INFO - Sync 1 DAGs
[2024-09-04T21:00:18.492+0000] {logging_mixin.py:190} INFO - [2024-09-04T21:00:18.491+0000] {dag.py:4138} INFO - Setting next_dagrun for example_xcom to 2021-01-01 00:00:00+00:00, run_after=2021-01-01 00:00:00+00:00
[2024-09-04T21:00:18.525+0000] {processor.py:208} INFO - Processing /home/airflow/.local/lib/python3.12/site-packages/airflow/example_dags/example_xcom.py took 0.185 seconds
[2024-09-04T21:00:48.612+0000] {processor.py:186} INFO - Started process (PID=160) to work on /home/airflow/.local/lib/python3.12/site-packages/airflow/example_dags/example_xcom.py
[2024-09-04T21:00:48.612+0000] {processor.py:914} INFO - Processing file /home/airflow/.local/lib/python3.12/site-packages/airflow/example_dags/example_xcom.py for tasks to queue
[2024-09-04T21:00:48.615+0000] {logging_mixin.py:190} INFO - [2024-09-04T21:00:48.614+0000] {dagbag.py:587} INFO - Filling up the DagBag from /home/airflow/.local/lib/python3.12/site-packages/airflow/example_dags/example_xcom.py
[2024-09-04T21:00:48.625+0000] {processor.py:925} INFO - DAG(s) 'example_xcom' retrieved from /home/airflow/.local/lib/python3.12/site-packages/airflow/example_dags/example_xcom.py
[2024-09-04T21:00:48.646+0000] {logging_mixin.py:190} INFO - [2024-09-04T21:00:48.646+0000] {dag.py:3211} INFO - Sync 1 DAGs
[2024-09-04T21:00:48.668+0000] {logging_mixin.py:190} INFO - [2024-09-04T21:00:48.668+0000] {dag.py:4138} INFO - Setting next_dagrun for example_xcom to 2021-01-01 00:00:00+00:00, run_after=2021-01-01 00:00:00+00:00
[2024-09-04T21:00:48.690+0000] {processor.py:208} INFO - Processing /home/airflow/.local/lib/python3.12/site-packages/airflow/example_dags/example_xcom.py took 0.084 seconds
[2024-09-04T21:01:18.949+0000] {processor.py:186} INFO - Started process (PID=222) to work on /home/airflow/.local/lib/python3.12/site-packages/airflow/example_dags/example_xcom.py
[2024-09-04T21:01:18.950+0000] {processor.py:914} INFO - Processing file /home/airflow/.local/lib/python3.12/site-packages/airflow/example_dags/example_xcom.py for tasks to queue
[2024-09-04T21:01:18.953+0000] {logging_mixin.py:190} INFO - [2024-09-04T21:01:18.952+0000] {dagbag.py:587} INFO - Filling up the DagBag from /home/airflow/.local/lib/python3.12/site-packages/airflow/example_dags/example_xcom.py
[2024-09-04T21:01:18.964+0000] {processor.py:925} INFO - DAG(s) 'example_xcom' retrieved from /home/airflow/.local/lib/python3.12/site-packages/airflow/example_dags/example_xcom.py
[2024-09-04T21:01:18.986+0000] {logging_mixin.py:190} INFO - [2024-09-04T21:01:18.986+0000] {dag.py:3211} INFO - Sync 1 DAGs
[2024-09-04T21:01:19.009+0000] {logging_mixin.py:190} INFO - [2024-09-04T21:01:19.008+0000] {dag.py:4138} INFO - Setting next_dagrun for example_xcom to 2021-01-01 00:00:00+00:00, run_after=2021-01-01 00:00:00+00:00
[2024-09-04T21:01:19.034+0000] {processor.py:208} INFO - Processing /home/airflow/.local/lib/python3.12/site-packages/airflow/example_dags/example_xcom.py took 0.093 seconds
[2024-09-04T21:01:49.109+0000] {processor.py:186} INFO - Started process (PID=284) to work on /home/airflow/.local/lib/python3.12/site-packages/airflow/example_dags/example_xcom.py
[2024-09-04T21:01:49.111+0000] {processor.py:914} INFO - Processing file /home/airflow/.local/lib/python3.12/site-packages/airflow/example_dags/example_xcom.py for tasks to queue
[2024-09-04T21:01:49.113+0000] {logging_mixin.py:190} INFO - [2024-09-04T21:01:49.113+0000] {dagbag.py:587} INFO - Filling up the DagBag from /home/airflow/.local/lib/python3.12/site-packages/airflow/example_dags/example_xcom.py
[2024-09-04T21:01:49.122+0000] {processor.py:925} INFO - DAG(s) 'example_xcom' retrieved from /home/airflow/.local/lib/python3.12/site-packages/airflow/example_dags/example_xcom.py
[2024-09-04T21:01:49.143+0000] {logging_mixin.py:190} INFO - [2024-09-04T21:01:49.143+0000] {dag.py:3211} INFO - Sync 1 DAGs
[2024-09-04T21:01:49.163+0000] {logging_mixin.py:190} INFO - [2024-09-04T21:01:49.163+0000] {dag.py:4138} INFO - Setting next_dagrun for example_xcom to 2021-01-01 00:00:00+00:00, run_after=2021-01-01 00:00:00+00:00
[2024-09-04T21:01:49.183+0000] {processor.py:208} INFO - Processing /home/airflow/.local/lib/python3.12/site-packages/airflow/example_dags/example_xcom.py took 0.080 seconds
[2024-09-04T21:02:20.103+0000] {processor.py:186} INFO - Started process (PID=347) to work on /home/airflow/.local/lib/python3.12/site-packages/airflow/example_dags/example_xcom.py
[2024-09-04T21:02:20.105+0000] {processor.py:914} INFO - Processing file /home/airflow/.local/lib/python3.12/site-packages/airflow/example_dags/example_xcom.py for tasks to queue
[2024-09-04T21:02:20.108+0000] {logging_mixin.py:190} INFO - [2024-09-04T21:02:20.108+0000] {dagbag.py:587} INFO - Filling up the DagBag from /home/airflow/.local/lib/python3.12/site-packages/airflow/example_dags/example_xcom.py
[2024-09-04T21:02:20.121+0000] {processor.py:925} INFO - DAG(s) 'example_xcom' retrieved from /home/airflow/.local/lib/python3.12/site-packages/airflow/example_dags/example_xcom.py
[2024-09-04T21:02:20.142+0000] {logging_mixin.py:190} INFO - [2024-09-04T21:02:20.142+0000] {dag.py:3211} INFO - Sync 1 DAGs
[2024-09-04T21:02:20.163+0000] {logging_mixin.py:190} INFO - [2024-09-04T21:02:20.163+0000] {dag.py:4138} INFO - Setting next_dagrun for example_xcom to 2021-01-01 00:00:00+00:00, run_after=2021-01-01 00:00:00+00:00
[2024-09-04T21:02:20.181+0000] {processor.py:208} INFO - Processing /home/airflow/.local/lib/python3.12/site-packages/airflow/example_dags/example_xcom.py took 0.085 seconds
[2024-09-04T21:02:50.589+0000] {processor.py:186} INFO - Started process (PID=409) to work on /home/airflow/.local/lib/python3.12/site-packages/airflow/example_dags/example_xcom.py
[2024-09-04T21:02:50.590+0000] {processor.py:914} INFO - Processing file /home/airflow/.local/lib/python3.12/site-packages/airflow/example_dags/example_xcom.py for tasks to queue
[2024-09-04T21:02:50.593+0000] {logging_mixin.py:190} INFO - [2024-09-04T21:02:50.593+0000] {dagbag.py:587} INFO - Filling up the DagBag from /home/airflow/.local/lib/python3.12/site-packages/airflow/example_dags/example_xcom.py
[2024-09-04T21:02:50.601+0000] {processor.py:925} INFO - DAG(s) 'example_xcom' retrieved from /home/airflow/.local/lib/python3.12/site-packages/airflow/example_dags/example_xcom.py
[2024-09-04T21:02:50.623+0000] {logging_mixin.py:190} INFO - [2024-09-04T21:02:50.623+0000] {dag.py:3211} INFO - Sync 1 DAGs
[2024-09-04T21:02:50.645+0000] {logging_mixin.py:190} INFO - [2024-09-04T21:02:50.645+0000] {dag.py:4138} INFO - Setting next_dagrun for example_xcom to 2021-01-01 00:00:00+00:00, run_after=2021-01-01 00:00:00+00:00
[2024-09-04T21:02:50.670+0000] {processor.py:208} INFO - Processing /home/airflow/.local/lib/python3.12/site-packages/airflow/example_dags/example_xcom.py took 0.086 seconds
[2024-09-04T21:03:22.876+0000] {processor.py:186} INFO - Started process (PID=471) to work on /home/airflow/.local/lib/python3.12/site-packages/airflow/example_dags/example_xcom.py
[2024-09-04T21:03:22.879+0000] {processor.py:914} INFO - Processing file /home/airflow/.local/lib/python3.12/site-packages/airflow/example_dags/example_xcom.py for tasks to queue
[2024-09-04T21:03:22.884+0000] {logging_mixin.py:190} INFO - [2024-09-04T21:03:22.883+0000] {dagbag.py:587} INFO - Filling up the DagBag from /home/airflow/.local/lib/python3.12/site-packages/airflow/example_dags/example_xcom.py
[2024-09-04T21:03:22.901+0000] {processor.py:925} INFO - DAG(s) 'example_xcom' retrieved from /home/airflow/.local/lib/python3.12/site-packages/airflow/example_dags/example_xcom.py
[2024-09-04T21:03:22.945+0000] {logging_mixin.py:190} INFO - [2024-09-04T21:03:22.945+0000] {dag.py:3211} INFO - Sync 1 DAGs
[2024-09-04T21:03:22.991+0000] {logging_mixin.py:190} INFO - [2024-09-04T21:03:22.991+0000] {dag.py:4138} INFO - Setting next_dagrun for example_xcom to 2021-01-01 00:00:00+00:00, run_after=2021-01-01 00:00:00+00:00
[2024-09-04T21:03:23.032+0000] {processor.py:208} INFO - Processing /home/airflow/.local/lib/python3.12/site-packages/airflow/example_dags/example_xcom.py took 0.181 seconds
[2024-09-04T21:03:53.382+0000] {processor.py:186} INFO - Started process (PID=533) to work on /home/airflow/.local/lib/python3.12/site-packages/airflow/example_dags/example_xcom.py
[2024-09-04T21:03:53.384+0000] {processor.py:914} INFO - Processing file /home/airflow/.local/lib/python3.12/site-packages/airflow/example_dags/example_xcom.py for tasks to queue
[2024-09-04T21:03:53.389+0000] {logging_mixin.py:190} INFO - [2024-09-04T21:03:53.389+0000] {dagbag.py:587} INFO - Filling up the DagBag from /home/airflow/.local/lib/python3.12/site-packages/airflow/example_dags/example_xcom.py
[2024-09-04T21:03:53.401+0000] {processor.py:925} INFO - DAG(s) 'example_xcom' retrieved from /home/airflow/.local/lib/python3.12/site-packages/airflow/example_dags/example_xcom.py
[2024-09-04T21:03:53.430+0000] {logging_mixin.py:190} INFO - [2024-09-04T21:03:53.430+0000] {dag.py:3211} INFO - Sync 1 DAGs
[2024-09-04T21:03:53.462+0000] {logging_mixin.py:190} INFO - [2024-09-04T21:03:53.462+0000] {dag.py:4138} INFO - Setting next_dagrun for example_xcom to 2021-01-01 00:00:00+00:00, run_after=2021-01-01 00:00:00+00:00
[2024-09-04T21:03:53.491+0000] {processor.py:208} INFO - Processing /home/airflow/.local/lib/python3.12/site-packages/airflow/example_dags/example_xcom.py took 0.117 seconds
[2024-09-04T21:04:24.509+0000] {processor.py:186} INFO - Started process (PID=595) to work on /home/airflow/.local/lib/python3.12/site-packages/airflow/example_dags/example_xcom.py
[2024-09-04T21:04:24.520+0000] {processor.py:914} INFO - Processing file /home/airflow/.local/lib/python3.12/site-packages/airflow/example_dags/example_xcom.py for tasks to queue
[2024-09-04T21:04:24.523+0000] {logging_mixin.py:190} INFO - [2024-09-04T21:04:24.522+0000] {dagbag.py:587} INFO - Filling up the DagBag from /home/airflow/.local/lib/python3.12/site-packages/airflow/example_dags/example_xcom.py
[2024-09-04T21:04:24.536+0000] {processor.py:925} INFO - DAG(s) 'example_xcom' retrieved from /home/airflow/.local/lib/python3.12/site-packages/airflow/example_dags/example_xcom.py
[2024-09-04T21:04:24.565+0000] {logging_mixin.py:190} INFO - [2024-09-04T21:04:24.565+0000] {dag.py:3211} INFO - Sync 1 DAGs
[2024-09-04T21:04:24.601+0000] {logging_mixin.py:190} INFO - [2024-09-04T21:04:24.601+0000] {dag.py:4138} INFO - Setting next_dagrun for example_xcom to 2021-01-01 00:00:00+00:00, run_after=2021-01-01 00:00:00+00:00
[2024-09-04T21:04:24.628+0000] {processor.py:208} INFO - Processing /home/airflow/.local/lib/python3.12/site-packages/airflow/example_dags/example_xcom.py took 0.128 seconds
[2024-09-04T21:04:54.715+0000] {processor.py:186} INFO - Started process (PID=663) to work on /home/airflow/.local/lib/python3.12/site-packages/airflow/example_dags/example_xcom.py
[2024-09-04T21:04:54.717+0000] {processor.py:914} INFO - Processing file /home/airflow/.local/lib/python3.12/site-packages/airflow/example_dags/example_xcom.py for tasks to queue
[2024-09-04T21:04:54.721+0000] {logging_mixin.py:190} INFO - [2024-09-04T21:04:54.720+0000] {dagbag.py:587} INFO - Filling up the DagBag from /home/airflow/.local/lib/python3.12/site-packages/airflow/example_dags/example_xcom.py
[2024-09-04T21:04:54.735+0000] {processor.py:925} INFO - DAG(s) 'example_xcom' retrieved from /home/airflow/.local/lib/python3.12/site-packages/airflow/example_dags/example_xcom.py
[2024-09-04T21:04:54.762+0000] {logging_mixin.py:190} INFO - [2024-09-04T21:04:54.762+0000] {dag.py:3211} INFO - Sync 1 DAGs
[2024-09-04T21:04:54.807+0000] {logging_mixin.py:190} INFO - [2024-09-04T21:04:54.806+0000] {dag.py:4138} INFO - Setting next_dagrun for example_xcom to 2021-01-01 00:00:00+00:00, run_after=2021-01-01 00:00:00+00:00
[2024-09-04T21:04:54.856+0000] {processor.py:208} INFO - Processing /home/airflow/.local/lib/python3.12/site-packages/airflow/example_dags/example_xcom.py took 0.151 seconds
[2024-09-04T21:05:25.577+0000] {processor.py:186} INFO - Started process (PID=725) to work on /home/airflow/.local/lib/python3.12/site-packages/airflow/example_dags/example_xcom.py
[2024-09-04T21:05:25.579+0000] {processor.py:914} INFO - Processing file /home/airflow/.local/lib/python3.12/site-packages/airflow/example_dags/example_xcom.py for tasks to queue
[2024-09-04T21:05:25.585+0000] {logging_mixin.py:190} INFO - [2024-09-04T21:05:25.584+0000] {dagbag.py:587} INFO - Filling up the DagBag from /home/airflow/.local/lib/python3.12/site-packages/airflow/example_dags/example_xcom.py
[2024-09-04T21:05:25.607+0000] {processor.py:925} INFO - DAG(s) 'example_xcom' retrieved from /home/airflow/.local/lib/python3.12/site-packages/airflow/example_dags/example_xcom.py
[2024-09-04T21:05:25.664+0000] {logging_mixin.py:190} INFO - [2024-09-04T21:05:25.663+0000] {dag.py:3211} INFO - Sync 1 DAGs
[2024-09-04T21:05:25.719+0000] {logging_mixin.py:190} INFO - [2024-09-04T21:05:25.718+0000] {dag.py:4138} INFO - Setting next_dagrun for example_xcom to 2021-01-01 00:00:00+00:00, run_after=2021-01-01 00:00:00+00:00
[2024-09-04T21:05:25.758+0000] {processor.py:208} INFO - Processing /home/airflow/.local/lib/python3.12/site-packages/airflow/example_dags/example_xcom.py took 0.196 seconds
[2024-09-04T21:05:56.069+0000] {processor.py:186} INFO - Started process (PID=787) to work on /home/airflow/.local/lib/python3.12/site-packages/airflow/example_dags/example_xcom.py
[2024-09-04T21:05:56.071+0000] {processor.py:914} INFO - Processing file /home/airflow/.local/lib/python3.12/site-packages/airflow/example_dags/example_xcom.py for tasks to queue
[2024-09-04T21:05:56.073+0000] {logging_mixin.py:190} INFO - [2024-09-04T21:05:56.073+0000] {dagbag.py:587} INFO - Filling up the DagBag from /home/airflow/.local/lib/python3.12/site-packages/airflow/example_dags/example_xcom.py
[2024-09-04T21:05:56.080+0000] {processor.py:925} INFO - DAG(s) 'example_xcom' retrieved from /home/airflow/.local/lib/python3.12/site-packages/airflow/example_dags/example_xcom.py
[2024-09-04T21:05:56.098+0000] {logging_mixin.py:190} INFO - [2024-09-04T21:05:56.098+0000] {dag.py:3211} INFO - Sync 1 DAGs
[2024-09-04T21:05:56.116+0000] {logging_mixin.py:190} INFO - [2024-09-04T21:05:56.116+0000] {dag.py:4138} INFO - Setting next_dagrun for example_xcom to 2021-01-01 00:00:00+00:00, run_after=2021-01-01 00:00:00+00:00
[2024-09-04T21:05:56.134+0000] {processor.py:208} INFO - Processing /home/airflow/.local/lib/python3.12/site-packages/airflow/example_dags/example_xcom.py took 0.070 seconds
[2024-09-04T21:06:27.666+0000] {processor.py:186} INFO - Started process (PID=848) to work on /home/airflow/.local/lib/python3.12/site-packages/airflow/example_dags/example_xcom.py
[2024-09-04T21:06:27.669+0000] {processor.py:914} INFO - Processing file /home/airflow/.local/lib/python3.12/site-packages/airflow/example_dags/example_xcom.py for tasks to queue
[2024-09-04T21:06:27.674+0000] {logging_mixin.py:190} INFO - [2024-09-04T21:06:27.673+0000] {dagbag.py:587} INFO - Filling up the DagBag from /home/airflow/.local/lib/python3.12/site-packages/airflow/example_dags/example_xcom.py
[2024-09-04T21:06:27.701+0000] {processor.py:925} INFO - DAG(s) 'example_xcom' retrieved from /home/airflow/.local/lib/python3.12/site-packages/airflow/example_dags/example_xcom.py
[2024-09-04T21:06:27.770+0000] {logging_mixin.py:190} INFO - [2024-09-04T21:06:27.769+0000] {dag.py:3211} INFO - Sync 1 DAGs
[2024-09-04T21:06:27.884+0000] {logging_mixin.py:190} INFO - [2024-09-04T21:06:27.883+0000] {dag.py:4138} INFO - Setting next_dagrun for example_xcom to 2021-01-01 00:00:00+00:00, run_after=2021-01-01 00:00:00+00:00
[2024-09-04T21:06:27.953+0000] {processor.py:208} INFO - Processing /home/airflow/.local/lib/python3.12/site-packages/airflow/example_dags/example_xcom.py took 0.307 seconds
[2024-09-04T21:06:59.013+0000] {processor.py:186} INFO - Started process (PID=910) to work on /home/airflow/.local/lib/python3.12/site-packages/airflow/example_dags/example_xcom.py
[2024-09-04T21:06:59.016+0000] {processor.py:914} INFO - Processing file /home/airflow/.local/lib/python3.12/site-packages/airflow/example_dags/example_xcom.py for tasks to queue
[2024-09-04T21:06:59.023+0000] {logging_mixin.py:190} INFO - [2024-09-04T21:06:59.022+0000] {dagbag.py:587} INFO - Filling up the DagBag from /home/airflow/.local/lib/python3.12/site-packages/airflow/example_dags/example_xcom.py
[2024-09-04T21:06:59.043+0000] {processor.py:925} INFO - DAG(s) 'example_xcom' retrieved from /home/airflow/.local/lib/python3.12/site-packages/airflow/example_dags/example_xcom.py
[2024-09-04T21:06:59.081+0000] {logging_mixin.py:190} INFO - [2024-09-04T21:06:59.081+0000] {dag.py:3211} INFO - Sync 1 DAGs
[2024-09-04T21:06:59.114+0000] {logging_mixin.py:190} INFO - [2024-09-04T21:06:59.114+0000] {dag.py:4138} INFO - Setting next_dagrun for example_xcom to 2021-01-01 00:00:00+00:00, run_after=2021-01-01 00:00:00+00:00
[2024-09-04T21:06:59.144+0000] {processor.py:208} INFO - Processing /home/airflow/.local/lib/python3.12/site-packages/airflow/example_dags/example_xcom.py took 0.140 seconds
[2024-09-04T21:07:29.490+0000] {processor.py:186} INFO - Started process (PID=972) to work on /home/airflow/.local/lib/python3.12/site-packages/airflow/example_dags/example_xcom.py
[2024-09-04T21:07:29.492+0000] {processor.py:914} INFO - Processing file /home/airflow/.local/lib/python3.12/site-packages/airflow/example_dags/example_xcom.py for tasks to queue
[2024-09-04T21:07:29.497+0000] {logging_mixin.py:190} INFO - [2024-09-04T21:07:29.496+0000] {dagbag.py:587} INFO - Filling up the DagBag from /home/airflow/.local/lib/python3.12/site-packages/airflow/example_dags/example_xcom.py
[2024-09-04T21:07:29.517+0000] {processor.py:925} INFO - DAG(s) 'example_xcom' retrieved from /home/airflow/.local/lib/python3.12/site-packages/airflow/example_dags/example_xcom.py
[2024-09-04T21:07:29.542+0000] {logging_mixin.py:190} INFO - [2024-09-04T21:07:29.542+0000] {dag.py:3211} INFO - Sync 1 DAGs
[2024-09-04T21:07:29.576+0000] {logging_mixin.py:190} INFO - [2024-09-04T21:07:29.576+0000] {dag.py:4138} INFO - Setting next_dagrun for example_xcom to 2021-01-01 00:00:00+00:00, run_after=2021-01-01 00:00:00+00:00
[2024-09-04T21:07:29.600+0000] {processor.py:208} INFO - Processing /home/airflow/.local/lib/python3.12/site-packages/airflow/example_dags/example_xcom.py took 0.117 seconds
[2024-09-04T21:07:59.854+0000] {processor.py:186} INFO - Started process (PID=1035) to work on /home/airflow/.local/lib/python3.12/site-packages/airflow/example_dags/example_xcom.py
[2024-09-04T21:07:59.856+0000] {processor.py:914} INFO - Processing file /home/airflow/.local/lib/python3.12/site-packages/airflow/example_dags/example_xcom.py for tasks to queue
[2024-09-04T21:07:59.859+0000] {logging_mixin.py:190} INFO - [2024-09-04T21:07:59.858+0000] {dagbag.py:587} INFO - Filling up the DagBag from /home/airflow/.local/lib/python3.12/site-packages/airflow/example_dags/example_xcom.py
[2024-09-04T21:07:59.869+0000] {processor.py:925} INFO - DAG(s) 'example_xcom' retrieved from /home/airflow/.local/lib/python3.12/site-packages/airflow/example_dags/example_xcom.py
[2024-09-04T21:07:59.891+0000] {logging_mixin.py:190} INFO - [2024-09-04T21:07:59.890+0000] {dag.py:3211} INFO - Sync 1 DAGs
[2024-09-04T21:07:59.912+0000] {logging_mixin.py:190} INFO - [2024-09-04T21:07:59.912+0000] {dag.py:4138} INFO - Setting next_dagrun for example_xcom to 2021-01-01 00:00:00+00:00, run_after=2021-01-01 00:00:00+00:00
[2024-09-04T21:07:59.929+0000] {processor.py:208} INFO - Processing /home/airflow/.local/lib/python3.12/site-packages/airflow/example_dags/example_xcom.py took 0.081 seconds
[2024-09-04T21:08:30.562+0000] {processor.py:186} INFO - Started process (PID=1097) to work on /home/airflow/.local/lib/python3.12/site-packages/airflow/example_dags/example_xcom.py
[2024-09-04T21:08:30.563+0000] {processor.py:914} INFO - Processing file /home/airflow/.local/lib/python3.12/site-packages/airflow/example_dags/example_xcom.py for tasks to queue
[2024-09-04T21:08:30.565+0000] {logging_mixin.py:190} INFO - [2024-09-04T21:08:30.565+0000] {dagbag.py:587} INFO - Filling up the DagBag from /home/airflow/.local/lib/python3.12/site-packages/airflow/example_dags/example_xcom.py
[2024-09-04T21:08:30.574+0000] {processor.py:925} INFO - DAG(s) 'example_xcom' retrieved from /home/airflow/.local/lib/python3.12/site-packages/airflow/example_dags/example_xcom.py
[2024-09-04T21:08:30.597+0000] {logging_mixin.py:190} INFO - [2024-09-04T21:08:30.596+0000] {dag.py:3211} INFO - Sync 1 DAGs
[2024-09-04T21:08:30.616+0000] {logging_mixin.py:190} INFO - [2024-09-04T21:08:30.616+0000] {dag.py:4138} INFO - Setting next_dagrun for example_xcom to 2021-01-01 00:00:00+00:00, run_after=2021-01-01 00:00:00+00:00
[2024-09-04T21:08:30.635+0000] {processor.py:208} INFO - Processing /home/airflow/.local/lib/python3.12/site-packages/airflow/example_dags/example_xcom.py took 0.078 seconds
[2024-09-04T21:09:01.157+0000] {processor.py:186} INFO - Started process (PID=1159) to work on /home/airflow/.local/lib/python3.12/site-packages/airflow/example_dags/example_xcom.py
[2024-09-04T21:09:01.158+0000] {processor.py:914} INFO - Processing file /home/airflow/.local/lib/python3.12/site-packages/airflow/example_dags/example_xcom.py for tasks to queue
[2024-09-04T21:09:01.161+0000] {logging_mixin.py:190} INFO - [2024-09-04T21:09:01.160+0000] {dagbag.py:587} INFO - Filling up the DagBag from /home/airflow/.local/lib/python3.12/site-packages/airflow/example_dags/example_xcom.py
[2024-09-04T21:09:01.169+0000] {processor.py:925} INFO - DAG(s) 'example_xcom' retrieved from /home/airflow/.local/lib/python3.12/site-packages/airflow/example_dags/example_xcom.py
[2024-09-04T21:09:01.187+0000] {logging_mixin.py:190} INFO - [2024-09-04T21:09:01.187+0000] {dag.py:3211} INFO - Sync 1 DAGs
[2024-09-04T21:09:01.205+0000] {logging_mixin.py:190} INFO - [2024-09-04T21:09:01.205+0000] {dag.py:4138} INFO - Setting next_dagrun for example_xcom to 2021-01-01 00:00:00+00:00, run_after=2021-01-01 00:00:00+00:00
[2024-09-04T21:09:01.224+0000] {processor.py:208} INFO - Processing /home/airflow/.local/lib/python3.12/site-packages/airflow/example_dags/example_xcom.py took 0.071 seconds
[2024-09-04T21:09:31.524+0000] {processor.py:186} INFO - Started process (PID=1221) to work on /home/airflow/.local/lib/python3.12/site-packages/airflow/example_dags/example_xcom.py
[2024-09-04T21:09:31.525+0000] {processor.py:914} INFO - Processing file /home/airflow/.local/lib/python3.12/site-packages/airflow/example_dags/example_xcom.py for tasks to queue
[2024-09-04T21:09:31.527+0000] {logging_mixin.py:190} INFO - [2024-09-04T21:09:31.527+0000] {dagbag.py:587} INFO - Filling up the DagBag from /home/airflow/.local/lib/python3.12/site-packages/airflow/example_dags/example_xcom.py
[2024-09-04T21:09:31.534+0000] {processor.py:925} INFO - DAG(s) 'example_xcom' retrieved from /home/airflow/.local/lib/python3.12/site-packages/airflow/example_dags/example_xcom.py
[2024-09-04T21:09:31.553+0000] {logging_mixin.py:190} INFO - [2024-09-04T21:09:31.552+0000] {dag.py:3211} INFO - Sync 1 DAGs
[2024-09-04T21:09:31.572+0000] {logging_mixin.py:190} INFO - [2024-09-04T21:09:31.572+0000] {dag.py:4138} INFO - Setting next_dagrun for example_xcom to 2021-01-01 00:00:00+00:00, run_after=2021-01-01 00:00:00+00:00
[2024-09-04T21:09:31.593+0000] {processor.py:208} INFO - Processing /home/airflow/.local/lib/python3.12/site-packages/airflow/example_dags/example_xcom.py took 0.074 seconds
[2024-09-04T21:10:01.941+0000] {processor.py:186} INFO - Started process (PID=1283) to work on /home/airflow/.local/lib/python3.12/site-packages/airflow/example_dags/example_xcom.py
[2024-09-04T21:10:01.942+0000] {processor.py:914} INFO - Processing file /home/airflow/.local/lib/python3.12/site-packages/airflow/example_dags/example_xcom.py for tasks to queue
[2024-09-04T21:10:01.945+0000] {logging_mixin.py:190} INFO - [2024-09-04T21:10:01.945+0000] {dagbag.py:587} INFO - Filling up the DagBag from /home/airflow/.local/lib/python3.12/site-packages/airflow/example_dags/example_xcom.py
[2024-09-04T21:10:01.953+0000] {processor.py:925} INFO - DAG(s) 'example_xcom' retrieved from /home/airflow/.local/lib/python3.12/site-packages/airflow/example_dags/example_xcom.py
[2024-09-04T21:10:01.973+0000] {logging_mixin.py:190} INFO - [2024-09-04T21:10:01.973+0000] {dag.py:3211} INFO - Sync 1 DAGs
[2024-09-04T21:10:02.000+0000] {logging_mixin.py:190} INFO - [2024-09-04T21:10:02.000+0000] {dag.py:4138} INFO - Setting next_dagrun for example_xcom to 2021-01-01 00:00:00+00:00, run_after=2021-01-01 00:00:00+00:00
[2024-09-04T21:10:02.020+0000] {processor.py:208} INFO - Processing /home/airflow/.local/lib/python3.12/site-packages/airflow/example_dags/example_xcom.py took 0.085 seconds
[2024-09-04T21:10:33.521+0000] {processor.py:186} INFO - Started process (PID=1346) to work on /home/airflow/.local/lib/python3.12/site-packages/airflow/example_dags/example_xcom.py
[2024-09-04T21:10:33.522+0000] {processor.py:914} INFO - Processing file /home/airflow/.local/lib/python3.12/site-packages/airflow/example_dags/example_xcom.py for tasks to queue
[2024-09-04T21:10:33.525+0000] {logging_mixin.py:190} INFO - [2024-09-04T21:10:33.525+0000] {dagbag.py:587} INFO - Filling up the DagBag from /home/airflow/.local/lib/python3.12/site-packages/airflow/example_dags/example_xcom.py
[2024-09-04T21:10:33.538+0000] {processor.py:925} INFO - DAG(s) 'example_xcom' retrieved from /home/airflow/.local/lib/python3.12/site-packages/airflow/example_dags/example_xcom.py
[2024-09-04T21:10:33.569+0000] {logging_mixin.py:190} INFO - [2024-09-04T21:10:33.569+0000] {dag.py:3211} INFO - Sync 1 DAGs
[2024-09-04T21:10:33.598+0000] {logging_mixin.py:190} INFO - [2024-09-04T21:10:33.598+0000] {dag.py:4138} INFO - Setting next_dagrun for example_xcom to 2021-01-01 00:00:00+00:00, run_after=2021-01-01 00:00:00+00:00
[2024-09-04T21:10:33.621+0000] {processor.py:208} INFO - Processing /home/airflow/.local/lib/python3.12/site-packages/airflow/example_dags/example_xcom.py took 0.106 seconds
[2024-09-04T21:11:04.136+0000] {processor.py:186} INFO - Started process (PID=1409) to work on /home/airflow/.local/lib/python3.12/site-packages/airflow/example_dags/example_xcom.py
[2024-09-04T21:11:04.137+0000] {processor.py:914} INFO - Processing file /home/airflow/.local/lib/python3.12/site-packages/airflow/example_dags/example_xcom.py for tasks to queue
[2024-09-04T21:11:04.139+0000] {logging_mixin.py:190} INFO - [2024-09-04T21:11:04.139+0000] {dagbag.py:587} INFO - Filling up the DagBag from /home/airflow/.local/lib/python3.12/site-packages/airflow/example_dags/example_xcom.py
[2024-09-04T21:11:04.148+0000] {processor.py:925} INFO - DAG(s) 'example_xcom' retrieved from /home/airflow/.local/lib/python3.12/site-packages/airflow/example_dags/example_xcom.py
[2024-09-04T21:11:04.169+0000] {logging_mixin.py:190} INFO - [2024-09-04T21:11:04.169+0000] {dag.py:3211} INFO - Sync 1 DAGs
[2024-09-04T21:11:04.188+0000] {logging_mixin.py:190} INFO - [2024-09-04T21:11:04.188+0000] {dag.py:4138} INFO - Setting next_dagrun for example_xcom to 2021-01-01 00:00:00+00:00, run_after=2021-01-01 00:00:00+00:00
[2024-09-04T21:11:04.209+0000] {processor.py:208} INFO - Processing /home/airflow/.local/lib/python3.12/site-packages/airflow/example_dags/example_xcom.py took 0.078 seconds
[2024-09-04T21:11:34.389+0000] {processor.py:186} INFO - Started process (PID=1472) to work on /home/airflow/.local/lib/python3.12/site-packages/airflow/example_dags/example_xcom.py
[2024-09-04T21:11:34.390+0000] {processor.py:914} INFO - Processing file /home/airflow/.local/lib/python3.12/site-packages/airflow/example_dags/example_xcom.py for tasks to queue
[2024-09-04T21:11:34.392+0000] {logging_mixin.py:190} INFO - [2024-09-04T21:11:34.392+0000] {dagbag.py:587} INFO - Filling up the DagBag from /home/airflow/.local/lib/python3.12/site-packages/airflow/example_dags/example_xcom.py
[2024-09-04T21:11:34.401+0000] {processor.py:925} INFO - DAG(s) 'example_xcom' retrieved from /home/airflow/.local/lib/python3.12/site-packages/airflow/example_dags/example_xcom.py
[2024-09-04T21:11:34.423+0000] {logging_mixin.py:190} INFO - [2024-09-04T21:11:34.423+0000] {dag.py:3211} INFO - Sync 1 DAGs
[2024-09-04T21:11:34.442+0000] {logging_mixin.py:190} INFO - [2024-09-04T21:11:34.441+0000] {dag.py:4138} INFO - Setting next_dagrun for example_xcom to 2021-01-01 00:00:00+00:00, run_after=2021-01-01 00:00:00+00:00
[2024-09-04T21:11:34.464+0000] {processor.py:208} INFO - Processing /home/airflow/.local/lib/python3.12/site-packages/airflow/example_dags/example_xcom.py took 0.080 seconds
[2024-09-04T21:12:04.639+0000] {processor.py:186} INFO - Started process (PID=1536) to work on /home/airflow/.local/lib/python3.12/site-packages/airflow/example_dags/example_xcom.py
[2024-09-04T21:12:04.640+0000] {processor.py:914} INFO - Processing file /home/airflow/.local/lib/python3.12/site-packages/airflow/example_dags/example_xcom.py for tasks to queue
[2024-09-04T21:12:04.642+0000] {logging_mixin.py:190} INFO - [2024-09-04T21:12:04.642+0000] {dagbag.py:587} INFO - Filling up the DagBag from /home/airflow/.local/lib/python3.12/site-packages/airflow/example_dags/example_xcom.py
[2024-09-04T21:12:04.652+0000] {processor.py:925} INFO - DAG(s) 'example_xcom' retrieved from /home/airflow/.local/lib/python3.12/site-packages/airflow/example_dags/example_xcom.py
[2024-09-04T21:12:04.671+0000] {logging_mixin.py:190} INFO - [2024-09-04T21:12:04.671+0000] {dag.py:3211} INFO - Sync 1 DAGs
[2024-09-04T21:12:04.693+0000] {logging_mixin.py:190} INFO - [2024-09-04T21:12:04.692+0000] {dag.py:4138} INFO - Setting next_dagrun for example_xcom to 2021-01-01 00:00:00+00:00, run_after=2021-01-01 00:00:00+00:00
[2024-09-04T21:12:04.710+0000] {processor.py:208} INFO - Processing /home/airflow/.local/lib/python3.12/site-packages/airflow/example_dags/example_xcom.py took 0.076 seconds
[2024-09-04T21:12:35.458+0000] {processor.py:186} INFO - Started process (PID=1599) to work on /home/airflow/.local/lib/python3.12/site-packages/airflow/example_dags/example_xcom.py
[2024-09-04T21:12:35.458+0000] {processor.py:914} INFO - Processing file /home/airflow/.local/lib/python3.12/site-packages/airflow/example_dags/example_xcom.py for tasks to queue
[2024-09-04T21:12:35.461+0000] {logging_mixin.py:190} INFO - [2024-09-04T21:12:35.461+0000] {dagbag.py:587} INFO - Filling up the DagBag from /home/airflow/.local/lib/python3.12/site-packages/airflow/example_dags/example_xcom.py
[2024-09-04T21:12:35.470+0000] {processor.py:925} INFO - DAG(s) 'example_xcom' retrieved from /home/airflow/.local/lib/python3.12/site-packages/airflow/example_dags/example_xcom.py
[2024-09-04T21:12:35.490+0000] {logging_mixin.py:190} INFO - [2024-09-04T21:12:35.490+0000] {dag.py:3211} INFO - Sync 1 DAGs
[2024-09-04T21:12:35.511+0000] {logging_mixin.py:190} INFO - [2024-09-04T21:12:35.511+0000] {dag.py:4138} INFO - Setting next_dagrun for example_xcom to 2021-01-01 00:00:00+00:00, run_after=2021-01-01 00:00:00+00:00
[2024-09-04T21:12:35.531+0000] {processor.py:208} INFO - Processing /home/airflow/.local/lib/python3.12/site-packages/airflow/example_dags/example_xcom.py took 0.078 seconds
[2024-09-04T21:13:06.318+0000] {processor.py:186} INFO - Started process (PID=1662) to work on /home/airflow/.local/lib/python3.12/site-packages/airflow/example_dags/example_xcom.py
[2024-09-04T21:13:06.319+0000] {processor.py:914} INFO - Processing file /home/airflow/.local/lib/python3.12/site-packages/airflow/example_dags/example_xcom.py for tasks to queue
[2024-09-04T21:13:06.322+0000] {logging_mixin.py:190} INFO - [2024-09-04T21:13:06.322+0000] {dagbag.py:587} INFO - Filling up the DagBag from /home/airflow/.local/lib/python3.12/site-packages/airflow/example_dags/example_xcom.py
[2024-09-04T21:13:06.336+0000] {processor.py:925} INFO - DAG(s) 'example_xcom' retrieved from /home/airflow/.local/lib/python3.12/site-packages/airflow/example_dags/example_xcom.py
[2024-09-04T21:13:06.370+0000] {logging_mixin.py:190} INFO - [2024-09-04T21:13:06.370+0000] {dag.py:3211} INFO - Sync 1 DAGs
[2024-09-04T21:13:06.398+0000] {logging_mixin.py:190} INFO - [2024-09-04T21:13:06.398+0000] {dag.py:4138} INFO - Setting next_dagrun for example_xcom to 2021-01-01 00:00:00+00:00, run_after=2021-01-01 00:00:00+00:00
[2024-09-04T21:13:06.419+0000] {processor.py:208} INFO - Processing /home/airflow/.local/lib/python3.12/site-packages/airflow/example_dags/example_xcom.py took 0.109 seconds
[2024-09-04T21:13:37.413+0000] {processor.py:186} INFO - Started process (PID=1725) to work on /home/airflow/.local/lib/python3.12/site-packages/airflow/example_dags/example_xcom.py
[2024-09-04T21:13:37.415+0000] {processor.py:914} INFO - Processing file /home/airflow/.local/lib/python3.12/site-packages/airflow/example_dags/example_xcom.py for tasks to queue
[2024-09-04T21:13:37.417+0000] {logging_mixin.py:190} INFO - [2024-09-04T21:13:37.417+0000] {dagbag.py:587} INFO - Filling up the DagBag from /home/airflow/.local/lib/python3.12/site-packages/airflow/example_dags/example_xcom.py
[2024-09-04T21:13:37.426+0000] {processor.py:925} INFO - DAG(s) 'example_xcom' retrieved from /home/airflow/.local/lib/python3.12/site-packages/airflow/example_dags/example_xcom.py
[2024-09-04T21:13:37.450+0000] {logging_mixin.py:190} INFO - [2024-09-04T21:13:37.450+0000] {dag.py:3211} INFO - Sync 1 DAGs
[2024-09-04T21:13:37.473+0000] {logging_mixin.py:190} INFO - [2024-09-04T21:13:37.472+0000] {dag.py:4138} INFO - Setting next_dagrun for example_xcom to 2021-01-01 00:00:00+00:00, run_after=2021-01-01 00:00:00+00:00
[2024-09-04T21:13:37.493+0000] {processor.py:208} INFO - Processing /home/airflow/.local/lib/python3.12/site-packages/airflow/example_dags/example_xcom.py took 0.087 seconds
[2024-09-04T21:14:08.209+0000] {processor.py:186} INFO - Started process (PID=1788) to work on /home/airflow/.local/lib/python3.12/site-packages/airflow/example_dags/example_xcom.py
[2024-09-04T21:14:08.210+0000] {processor.py:914} INFO - Processing file /home/airflow/.local/lib/python3.12/site-packages/airflow/example_dags/example_xcom.py for tasks to queue
[2024-09-04T21:14:08.213+0000] {logging_mixin.py:190} INFO - [2024-09-04T21:14:08.212+0000] {dagbag.py:587} INFO - Filling up the DagBag from /home/airflow/.local/lib/python3.12/site-packages/airflow/example_dags/example_xcom.py
[2024-09-04T21:14:08.222+0000] {processor.py:925} INFO - DAG(s) 'example_xcom' retrieved from /home/airflow/.local/lib/python3.12/site-packages/airflow/example_dags/example_xcom.py
[2024-09-04T21:14:08.243+0000] {logging_mixin.py:190} INFO - [2024-09-04T21:14:08.243+0000] {dag.py:3211} INFO - Sync 1 DAGs
[2024-09-04T21:14:08.264+0000] {logging_mixin.py:190} INFO - [2024-09-04T21:14:08.263+0000] {dag.py:4138} INFO - Setting next_dagrun for example_xcom to 2021-01-01 00:00:00+00:00, run_after=2021-01-01 00:00:00+00:00
[2024-09-04T21:14:08.283+0000] {processor.py:208} INFO - Processing /home/airflow/.local/lib/python3.12/site-packages/airflow/example_dags/example_xcom.py took 0.079 seconds
[2024-09-04T21:14:39.037+0000] {processor.py:186} INFO - Started process (PID=1851) to work on /home/airflow/.local/lib/python3.12/site-packages/airflow/example_dags/example_xcom.py
[2024-09-04T21:14:39.038+0000] {processor.py:914} INFO - Processing file /home/airflow/.local/lib/python3.12/site-packages/airflow/example_dags/example_xcom.py for tasks to queue
[2024-09-04T21:14:39.041+0000] {logging_mixin.py:190} INFO - [2024-09-04T21:14:39.041+0000] {dagbag.py:587} INFO - Filling up the DagBag from /home/airflow/.local/lib/python3.12/site-packages/airflow/example_dags/example_xcom.py
[2024-09-04T21:14:39.052+0000] {processor.py:925} INFO - DAG(s) 'example_xcom' retrieved from /home/airflow/.local/lib/python3.12/site-packages/airflow/example_dags/example_xcom.py
[2024-09-04T21:14:39.080+0000] {logging_mixin.py:190} INFO - [2024-09-04T21:14:39.080+0000] {dag.py:3211} INFO - Sync 1 DAGs
[2024-09-04T21:14:39.104+0000] {logging_mixin.py:190} INFO - [2024-09-04T21:14:39.104+0000] {dag.py:4138} INFO - Setting next_dagrun for example_xcom to 2021-01-01 00:00:00+00:00, run_after=2021-01-01 00:00:00+00:00
[2024-09-04T21:14:39.126+0000] {processor.py:208} INFO - Processing /home/airflow/.local/lib/python3.12/site-packages/airflow/example_dags/example_xcom.py took 0.095 seconds
[2024-09-04T21:15:10.671+0000] {processor.py:186} INFO - Started process (PID=1914) to work on /home/airflow/.local/lib/python3.12/site-packages/airflow/example_dags/example_xcom.py
[2024-09-04T21:15:10.673+0000] {processor.py:914} INFO - Processing file /home/airflow/.local/lib/python3.12/site-packages/airflow/example_dags/example_xcom.py for tasks to queue
[2024-09-04T21:15:10.677+0000] {logging_mixin.py:190} INFO - [2024-09-04T21:15:10.677+0000] {dagbag.py:587} INFO - Filling up the DagBag from /home/airflow/.local/lib/python3.12/site-packages/airflow/example_dags/example_xcom.py
[2024-09-04T21:15:10.695+0000] {processor.py:925} INFO - DAG(s) 'example_xcom' retrieved from /home/airflow/.local/lib/python3.12/site-packages/airflow/example_dags/example_xcom.py
[2024-09-04T21:15:10.734+0000] {logging_mixin.py:190} INFO - [2024-09-04T21:15:10.734+0000] {dag.py:3211} INFO - Sync 1 DAGs
[2024-09-04T21:15:10.777+0000] {logging_mixin.py:190} INFO - [2024-09-04T21:15:10.777+0000] {dag.py:4138} INFO - Setting next_dagrun for example_xcom to 2021-01-01 00:00:00+00:00, run_after=2021-01-01 00:00:00+00:00
[2024-09-04T21:15:10.810+0000] {processor.py:208} INFO - Processing /home/airflow/.local/lib/python3.12/site-packages/airflow/example_dags/example_xcom.py took 0.152 seconds
[2024-09-04T21:15:40.933+0000] {processor.py:186} INFO - Started process (PID=1978) to work on /home/airflow/.local/lib/python3.12/site-packages/airflow/example_dags/example_xcom.py
[2024-09-04T21:15:40.935+0000] {processor.py:914} INFO - Processing file /home/airflow/.local/lib/python3.12/site-packages/airflow/example_dags/example_xcom.py for tasks to queue
[2024-09-04T21:15:40.939+0000] {logging_mixin.py:190} INFO - [2024-09-04T21:15:40.939+0000] {dagbag.py:587} INFO - Filling up the DagBag from /home/airflow/.local/lib/python3.12/site-packages/airflow/example_dags/example_xcom.py
[2024-09-04T21:15:40.958+0000] {processor.py:925} INFO - DAG(s) 'example_xcom' retrieved from /home/airflow/.local/lib/python3.12/site-packages/airflow/example_dags/example_xcom.py
[2024-09-04T21:15:40.994+0000] {logging_mixin.py:190} INFO - [2024-09-04T21:15:40.994+0000] {dag.py:3211} INFO - Sync 1 DAGs
[2024-09-04T21:15:41.035+0000] {logging_mixin.py:190} INFO - [2024-09-04T21:15:41.034+0000] {dag.py:4138} INFO - Setting next_dagrun for example_xcom to 2021-01-01 00:00:00+00:00, run_after=2021-01-01 00:00:00+00:00
[2024-09-04T21:15:41.064+0000] {processor.py:208} INFO - Processing /home/airflow/.local/lib/python3.12/site-packages/airflow/example_dags/example_xcom.py took 0.143 seconds
[2024-09-04T21:16:11.420+0000] {processor.py:186} INFO - Started process (PID=2041) to work on /home/airflow/.local/lib/python3.12/site-packages/airflow/example_dags/example_xcom.py
[2024-09-04T21:16:11.422+0000] {processor.py:914} INFO - Processing file /home/airflow/.local/lib/python3.12/site-packages/airflow/example_dags/example_xcom.py for tasks to queue
[2024-09-04T21:16:11.424+0000] {logging_mixin.py:190} INFO - [2024-09-04T21:16:11.424+0000] {dagbag.py:587} INFO - Filling up the DagBag from /home/airflow/.local/lib/python3.12/site-packages/airflow/example_dags/example_xcom.py
[2024-09-04T21:16:11.433+0000] {processor.py:925} INFO - DAG(s) 'example_xcom' retrieved from /home/airflow/.local/lib/python3.12/site-packages/airflow/example_dags/example_xcom.py
[2024-09-04T21:16:11.455+0000] {logging_mixin.py:190} INFO - [2024-09-04T21:16:11.455+0000] {dag.py:3211} INFO - Sync 1 DAGs
[2024-09-04T21:16:11.475+0000] {logging_mixin.py:190} INFO - [2024-09-04T21:16:11.475+0000] {dag.py:4138} INFO - Setting next_dagrun for example_xcom to 2021-01-01 00:00:00+00:00, run_after=2021-01-01 00:00:00+00:00
[2024-09-04T21:16:11.497+0000] {processor.py:208} INFO - Processing /home/airflow/.local/lib/python3.12/site-packages/airflow/example_dags/example_xcom.py took 0.082 seconds
[2024-09-04T21:16:41.886+0000] {processor.py:186} INFO - Started process (PID=2104) to work on /home/airflow/.local/lib/python3.12/site-packages/airflow/example_dags/example_xcom.py
[2024-09-04T21:16:41.887+0000] {processor.py:914} INFO - Processing file /home/airflow/.local/lib/python3.12/site-packages/airflow/example_dags/example_xcom.py for tasks to queue
[2024-09-04T21:16:41.890+0000] {logging_mixin.py:190} INFO - [2024-09-04T21:16:41.889+0000] {dagbag.py:587} INFO - Filling up the DagBag from /home/airflow/.local/lib/python3.12/site-packages/airflow/example_dags/example_xcom.py
[2024-09-04T21:16:41.898+0000] {processor.py:925} INFO - DAG(s) 'example_xcom' retrieved from /home/airflow/.local/lib/python3.12/site-packages/airflow/example_dags/example_xcom.py
[2024-09-04T21:16:41.919+0000] {logging_mixin.py:190} INFO - [2024-09-04T21:16:41.919+0000] {dag.py:3211} INFO - Sync 1 DAGs
[2024-09-04T21:16:41.938+0000] {logging_mixin.py:190} INFO - [2024-09-04T21:16:41.938+0000] {dag.py:4138} INFO - Setting next_dagrun for example_xcom to 2021-01-01 00:00:00+00:00, run_after=2021-01-01 00:00:00+00:00
[2024-09-04T21:16:41.958+0000] {processor.py:208} INFO - Processing /home/airflow/.local/lib/python3.12/site-packages/airflow/example_dags/example_xcom.py took 0.077 seconds
[2024-09-04T21:17:12.481+0000] {processor.py:186} INFO - Started process (PID=2167) to work on /home/airflow/.local/lib/python3.12/site-packages/airflow/example_dags/example_xcom.py
[2024-09-04T21:17:12.482+0000] {processor.py:914} INFO - Processing file /home/airflow/.local/lib/python3.12/site-packages/airflow/example_dags/example_xcom.py for tasks to queue
[2024-09-04T21:17:12.485+0000] {logging_mixin.py:190} INFO - [2024-09-04T21:17:12.484+0000] {dagbag.py:587} INFO - Filling up the DagBag from /home/airflow/.local/lib/python3.12/site-packages/airflow/example_dags/example_xcom.py
[2024-09-04T21:17:12.497+0000] {processor.py:925} INFO - DAG(s) 'example_xcom' retrieved from /home/airflow/.local/lib/python3.12/site-packages/airflow/example_dags/example_xcom.py
[2024-09-04T21:17:12.522+0000] {logging_mixin.py:190} INFO - [2024-09-04T21:17:12.521+0000] {dag.py:3211} INFO - Sync 1 DAGs
[2024-09-04T21:17:12.546+0000] {logging_mixin.py:190} INFO - [2024-09-04T21:17:12.546+0000] {dag.py:4138} INFO - Setting next_dagrun for example_xcom to 2021-01-01 00:00:00+00:00, run_after=2021-01-01 00:00:00+00:00
[2024-09-04T21:17:12.568+0000] {processor.py:208} INFO - Processing /home/airflow/.local/lib/python3.12/site-packages/airflow/example_dags/example_xcom.py took 0.095 seconds
[2024-09-04T21:17:42.627+0000] {processor.py:186} INFO - Started process (PID=2230) to work on /home/airflow/.local/lib/python3.12/site-packages/airflow/example_dags/example_xcom.py
[2024-09-04T21:17:42.628+0000] {processor.py:914} INFO - Processing file /home/airflow/.local/lib/python3.12/site-packages/airflow/example_dags/example_xcom.py for tasks to queue
[2024-09-04T21:17:42.630+0000] {logging_mixin.py:190} INFO - [2024-09-04T21:17:42.630+0000] {dagbag.py:587} INFO - Filling up the DagBag from /home/airflow/.local/lib/python3.12/site-packages/airflow/example_dags/example_xcom.py
[2024-09-04T21:17:42.639+0000] {processor.py:925} INFO - DAG(s) 'example_xcom' retrieved from /home/airflow/.local/lib/python3.12/site-packages/airflow/example_dags/example_xcom.py
[2024-09-04T21:17:42.660+0000] {logging_mixin.py:190} INFO - [2024-09-04T21:17:42.660+0000] {dag.py:3211} INFO - Sync 1 DAGs
[2024-09-04T21:17:42.679+0000] {logging_mixin.py:190} INFO - [2024-09-04T21:17:42.679+0000] {dag.py:4138} INFO - Setting next_dagrun for example_xcom to 2021-01-01 00:00:00+00:00, run_after=2021-01-01 00:00:00+00:00
[2024-09-04T21:17:42.698+0000] {processor.py:208} INFO - Processing /home/airflow/.local/lib/python3.12/site-packages/airflow/example_dags/example_xcom.py took 0.076 seconds
[2024-09-04T21:18:12.787+0000] {processor.py:186} INFO - Started process (PID=2293) to work on /home/airflow/.local/lib/python3.12/site-packages/airflow/example_dags/example_xcom.py
[2024-09-04T21:18:12.788+0000] {processor.py:914} INFO - Processing file /home/airflow/.local/lib/python3.12/site-packages/airflow/example_dags/example_xcom.py for tasks to queue
[2024-09-04T21:18:12.790+0000] {logging_mixin.py:190} INFO - [2024-09-04T21:18:12.790+0000] {dagbag.py:587} INFO - Filling up the DagBag from /home/airflow/.local/lib/python3.12/site-packages/airflow/example_dags/example_xcom.py
[2024-09-04T21:18:12.805+0000] {processor.py:925} INFO - DAG(s) 'example_xcom' retrieved from /home/airflow/.local/lib/python3.12/site-packages/airflow/example_dags/example_xcom.py
[2024-09-04T21:18:12.833+0000] {logging_mixin.py:190} INFO - [2024-09-04T21:18:12.832+0000] {dag.py:3211} INFO - Sync 1 DAGs
[2024-09-04T21:18:12.861+0000] {logging_mixin.py:190} INFO - [2024-09-04T21:18:12.861+0000] {dag.py:4138} INFO - Setting next_dagrun for example_xcom to 2021-01-01 00:00:00+00:00, run_after=2021-01-01 00:00:00+00:00
[2024-09-04T21:18:12.886+0000] {processor.py:208} INFO - Processing /home/airflow/.local/lib/python3.12/site-packages/airflow/example_dags/example_xcom.py took 0.107 seconds
[2024-09-04T21:18:43.515+0000] {processor.py:186} INFO - Started process (PID=2356) to work on /home/airflow/.local/lib/python3.12/site-packages/airflow/example_dags/example_xcom.py
[2024-09-04T21:18:43.517+0000] {processor.py:914} INFO - Processing file /home/airflow/.local/lib/python3.12/site-packages/airflow/example_dags/example_xcom.py for tasks to queue
[2024-09-04T21:18:43.520+0000] {logging_mixin.py:190} INFO - [2024-09-04T21:18:43.519+0000] {dagbag.py:587} INFO - Filling up the DagBag from /home/airflow/.local/lib/python3.12/site-packages/airflow/example_dags/example_xcom.py
[2024-09-04T21:18:43.531+0000] {processor.py:925} INFO - DAG(s) 'example_xcom' retrieved from /home/airflow/.local/lib/python3.12/site-packages/airflow/example_dags/example_xcom.py
[2024-09-04T21:18:43.554+0000] {logging_mixin.py:190} INFO - [2024-09-04T21:18:43.554+0000] {dag.py:3211} INFO - Sync 1 DAGs
[2024-09-04T21:18:43.579+0000] {logging_mixin.py:190} INFO - [2024-09-04T21:18:43.578+0000] {dag.py:4138} INFO - Setting next_dagrun for example_xcom to 2021-01-01 00:00:00+00:00, run_after=2021-01-01 00:00:00+00:00
[2024-09-04T21:18:43.601+0000] {processor.py:208} INFO - Processing /home/airflow/.local/lib/python3.12/site-packages/airflow/example_dags/example_xcom.py took 0.094 seconds
