[2024-09-04T20:52:37.625+0000] {processor.py:186} INFO - Started process (PID=108) to work on /home/airflow/.local/lib/python3.12/site-packages/airflow/example_dags/example_sensors.py
[2024-09-04T20:52:37.627+0000] {processor.py:914} INFO - Processing file /home/airflow/.local/lib/python3.12/site-packages/airflow/example_dags/example_sensors.py for tasks to queue
[2024-09-04T20:52:37.631+0000] {logging_mixin.py:190} INFO - [2024-09-04T20:52:37.631+0000] {dagbag.py:587} INFO - Filling up the DagBag from /home/airflow/.local/lib/python3.12/site-packages/airflow/example_dags/example_sensors.py
[2024-09-04T20:52:37.650+0000] {processor.py:925} INFO - DAG(s) 'example_sensors' retrieved from /home/airflow/.local/lib/python3.12/site-packages/airflow/example_dags/example_sensors.py
[2024-09-04T20:52:37.814+0000] {logging_mixin.py:190} INFO - [2024-09-04T20:52:37.814+0000] {override.py:1858} INFO - Created Permission View: can delete on DAG:example_sensors
[2024-09-04T20:52:37.832+0000] {logging_mixin.py:190} INFO - [2024-09-04T20:52:37.831+0000] {override.py:1858} INFO - Created Permission View: can edit on DAG:example_sensors
[2024-09-04T20:52:37.843+0000] {logging_mixin.py:190} INFO - [2024-09-04T20:52:37.842+0000] {override.py:1858} INFO - Created Permission View: can read on DAG:example_sensors
[2024-09-04T20:52:37.844+0000] {logging_mixin.py:190} INFO - [2024-09-04T20:52:37.844+0000] {dag.py:3211} INFO - Sync 1 DAGs
[2024-09-04T20:52:37.860+0000] {logging_mixin.py:190} INFO - [2024-09-04T20:52:37.859+0000] {dag.py:3234} INFO - Creating ORM DAG for example_sensors
[2024-09-04T20:52:37.861+0000] {logging_mixin.py:190} INFO - [2024-09-04T20:52:37.861+0000] {dag.py:4138} INFO - Setting next_dagrun for example_sensors to None, run_after=None
[2024-09-04T20:52:37.885+0000] {processor.py:208} INFO - Processing /home/airflow/.local/lib/python3.12/site-packages/airflow/example_dags/example_sensors.py took 0.269 seconds
[2024-09-04T21:00:18.988+0000] {processor.py:186} INFO - Started process (PID=103) to work on /home/airflow/.local/lib/python3.12/site-packages/airflow/example_dags/example_sensors.py
[2024-09-04T21:00:18.990+0000] {processor.py:914} INFO - Processing file /home/airflow/.local/lib/python3.12/site-packages/airflow/example_dags/example_sensors.py for tasks to queue
[2024-09-04T21:00:18.994+0000] {logging_mixin.py:190} INFO - [2024-09-04T21:00:18.993+0000] {dagbag.py:587} INFO - Filling up the DagBag from /home/airflow/.local/lib/python3.12/site-packages/airflow/example_dags/example_sensors.py
[2024-09-04T21:00:19.017+0000] {processor.py:925} INFO - DAG(s) 'example_sensors' retrieved from /home/airflow/.local/lib/python3.12/site-packages/airflow/example_dags/example_sensors.py
[2024-09-04T21:00:19.097+0000] {logging_mixin.py:190} INFO - [2024-09-04T21:00:19.096+0000] {dag.py:3211} INFO - Sync 1 DAGs
[2024-09-04T21:00:19.137+0000] {logging_mixin.py:190} INFO - [2024-09-04T21:00:19.137+0000] {dag.py:4138} INFO - Setting next_dagrun for example_sensors to None, run_after=None
[2024-09-04T21:00:19.184+0000] {processor.py:208} INFO - Processing /home/airflow/.local/lib/python3.12/site-packages/airflow/example_dags/example_sensors.py took 0.208 seconds
[2024-09-04T21:00:49.874+0000] {processor.py:186} INFO - Started process (PID=165) to work on /home/airflow/.local/lib/python3.12/site-packages/airflow/example_dags/example_sensors.py
[2024-09-04T21:00:49.875+0000] {processor.py:914} INFO - Processing file /home/airflow/.local/lib/python3.12/site-packages/airflow/example_dags/example_sensors.py for tasks to queue
[2024-09-04T21:00:49.878+0000] {logging_mixin.py:190} INFO - [2024-09-04T21:00:49.878+0000] {dagbag.py:587} INFO - Filling up the DagBag from /home/airflow/.local/lib/python3.12/site-packages/airflow/example_dags/example_sensors.py
[2024-09-04T21:00:49.892+0000] {processor.py:925} INFO - DAG(s) 'example_sensors' retrieved from /home/airflow/.local/lib/python3.12/site-packages/airflow/example_dags/example_sensors.py
[2024-09-04T21:00:49.918+0000] {logging_mixin.py:190} INFO - [2024-09-04T21:00:49.918+0000] {dag.py:3211} INFO - Sync 1 DAGs
[2024-09-04T21:00:49.935+0000] {logging_mixin.py:190} INFO - [2024-09-04T21:00:49.934+0000] {dag.py:4138} INFO - Setting next_dagrun for example_sensors to None, run_after=None
[2024-09-04T21:00:49.966+0000] {processor.py:208} INFO - Processing /home/airflow/.local/lib/python3.12/site-packages/airflow/example_dags/example_sensors.py took 0.097 seconds
[2024-09-04T21:01:20.309+0000] {processor.py:186} INFO - Started process (PID=227) to work on /home/airflow/.local/lib/python3.12/site-packages/airflow/example_dags/example_sensors.py
[2024-09-04T21:01:20.310+0000] {processor.py:914} INFO - Processing file /home/airflow/.local/lib/python3.12/site-packages/airflow/example_dags/example_sensors.py for tasks to queue
[2024-09-04T21:01:20.312+0000] {logging_mixin.py:190} INFO - [2024-09-04T21:01:20.312+0000] {dagbag.py:587} INFO - Filling up the DagBag from /home/airflow/.local/lib/python3.12/site-packages/airflow/example_dags/example_sensors.py
[2024-09-04T21:01:20.322+0000] {processor.py:925} INFO - DAG(s) 'example_sensors' retrieved from /home/airflow/.local/lib/python3.12/site-packages/airflow/example_dags/example_sensors.py
[2024-09-04T21:01:20.347+0000] {logging_mixin.py:190} INFO - [2024-09-04T21:01:20.347+0000] {dag.py:3211} INFO - Sync 1 DAGs
[2024-09-04T21:01:20.359+0000] {logging_mixin.py:190} INFO - [2024-09-04T21:01:20.359+0000] {dag.py:4138} INFO - Setting next_dagrun for example_sensors to None, run_after=None
[2024-09-04T21:01:20.381+0000] {processor.py:208} INFO - Processing /home/airflow/.local/lib/python3.12/site-packages/airflow/example_dags/example_sensors.py took 0.078 seconds
[2024-09-04T21:01:50.446+0000] {processor.py:186} INFO - Started process (PID=289) to work on /home/airflow/.local/lib/python3.12/site-packages/airflow/example_dags/example_sensors.py
[2024-09-04T21:01:50.447+0000] {processor.py:914} INFO - Processing file /home/airflow/.local/lib/python3.12/site-packages/airflow/example_dags/example_sensors.py for tasks to queue
[2024-09-04T21:01:50.449+0000] {logging_mixin.py:190} INFO - [2024-09-04T21:01:50.449+0000] {dagbag.py:587} INFO - Filling up the DagBag from /home/airflow/.local/lib/python3.12/site-packages/airflow/example_dags/example_sensors.py
[2024-09-04T21:01:50.458+0000] {processor.py:925} INFO - DAG(s) 'example_sensors' retrieved from /home/airflow/.local/lib/python3.12/site-packages/airflow/example_dags/example_sensors.py
[2024-09-04T21:01:50.483+0000] {logging_mixin.py:190} INFO - [2024-09-04T21:01:50.483+0000] {dag.py:3211} INFO - Sync 1 DAGs
[2024-09-04T21:01:50.495+0000] {logging_mixin.py:190} INFO - [2024-09-04T21:01:50.495+0000] {dag.py:4138} INFO - Setting next_dagrun for example_sensors to None, run_after=None
[2024-09-04T21:01:50.513+0000] {processor.py:208} INFO - Processing /home/airflow/.local/lib/python3.12/site-packages/airflow/example_dags/example_sensors.py took 0.072 seconds
[2024-09-04T21:02:21.340+0000] {processor.py:186} INFO - Started process (PID=352) to work on /home/airflow/.local/lib/python3.12/site-packages/airflow/example_dags/example_sensors.py
[2024-09-04T21:02:21.341+0000] {processor.py:914} INFO - Processing file /home/airflow/.local/lib/python3.12/site-packages/airflow/example_dags/example_sensors.py for tasks to queue
[2024-09-04T21:02:21.344+0000] {logging_mixin.py:190} INFO - [2024-09-04T21:02:21.344+0000] {dagbag.py:587} INFO - Filling up the DagBag from /home/airflow/.local/lib/python3.12/site-packages/airflow/example_dags/example_sensors.py
[2024-09-04T21:02:21.353+0000] {processor.py:925} INFO - DAG(s) 'example_sensors' retrieved from /home/airflow/.local/lib/python3.12/site-packages/airflow/example_dags/example_sensors.py
[2024-09-04T21:02:21.377+0000] {logging_mixin.py:190} INFO - [2024-09-04T21:02:21.377+0000] {dag.py:3211} INFO - Sync 1 DAGs
[2024-09-04T21:02:21.391+0000] {logging_mixin.py:190} INFO - [2024-09-04T21:02:21.391+0000] {dag.py:4138} INFO - Setting next_dagrun for example_sensors to None, run_after=None
[2024-09-04T21:02:21.410+0000] {processor.py:208} INFO - Processing /home/airflow/.local/lib/python3.12/site-packages/airflow/example_dags/example_sensors.py took 0.076 seconds
[2024-09-04T21:02:51.844+0000] {processor.py:186} INFO - Started process (PID=414) to work on /home/airflow/.local/lib/python3.12/site-packages/airflow/example_dags/example_sensors.py
[2024-09-04T21:02:51.846+0000] {processor.py:914} INFO - Processing file /home/airflow/.local/lib/python3.12/site-packages/airflow/example_dags/example_sensors.py for tasks to queue
[2024-09-04T21:02:51.849+0000] {logging_mixin.py:190} INFO - [2024-09-04T21:02:51.849+0000] {dagbag.py:587} INFO - Filling up the DagBag from /home/airflow/.local/lib/python3.12/site-packages/airflow/example_dags/example_sensors.py
[2024-09-04T21:02:51.862+0000] {processor.py:925} INFO - DAG(s) 'example_sensors' retrieved from /home/airflow/.local/lib/python3.12/site-packages/airflow/example_dags/example_sensors.py
[2024-09-04T21:02:51.888+0000] {logging_mixin.py:190} INFO - [2024-09-04T21:02:51.888+0000] {dag.py:3211} INFO - Sync 1 DAGs
[2024-09-04T21:02:51.904+0000] {logging_mixin.py:190} INFO - [2024-09-04T21:02:51.904+0000] {dag.py:4138} INFO - Setting next_dagrun for example_sensors to None, run_after=None
[2024-09-04T21:02:51.924+0000] {processor.py:208} INFO - Processing /home/airflow/.local/lib/python3.12/site-packages/airflow/example_dags/example_sensors.py took 0.086 seconds
[2024-09-04T21:03:23.408+0000] {processor.py:186} INFO - Started process (PID=476) to work on /home/airflow/.local/lib/python3.12/site-packages/airflow/example_dags/example_sensors.py
[2024-09-04T21:03:23.410+0000] {processor.py:914} INFO - Processing file /home/airflow/.local/lib/python3.12/site-packages/airflow/example_dags/example_sensors.py for tasks to queue
[2024-09-04T21:03:23.414+0000] {logging_mixin.py:190} INFO - [2024-09-04T21:03:23.414+0000] {dagbag.py:587} INFO - Filling up the DagBag from /home/airflow/.local/lib/python3.12/site-packages/airflow/example_dags/example_sensors.py
[2024-09-04T21:03:23.435+0000] {processor.py:925} INFO - DAG(s) 'example_sensors' retrieved from /home/airflow/.local/lib/python3.12/site-packages/airflow/example_dags/example_sensors.py
[2024-09-04T21:03:23.488+0000] {logging_mixin.py:190} INFO - [2024-09-04T21:03:23.487+0000] {dag.py:3211} INFO - Sync 1 DAGs
[2024-09-04T21:03:23.513+0000] {logging_mixin.py:190} INFO - [2024-09-04T21:03:23.513+0000] {dag.py:4138} INFO - Setting next_dagrun for example_sensors to None, run_after=None
[2024-09-04T21:03:23.548+0000] {processor.py:208} INFO - Processing /home/airflow/.local/lib/python3.12/site-packages/airflow/example_dags/example_sensors.py took 0.151 seconds
[2024-09-04T21:03:53.939+0000] {processor.py:186} INFO - Started process (PID=538) to work on /home/airflow/.local/lib/python3.12/site-packages/airflow/example_dags/example_sensors.py
[2024-09-04T21:03:53.942+0000] {processor.py:914} INFO - Processing file /home/airflow/.local/lib/python3.12/site-packages/airflow/example_dags/example_sensors.py for tasks to queue
[2024-09-04T21:03:53.945+0000] {logging_mixin.py:190} INFO - [2024-09-04T21:03:53.945+0000] {dagbag.py:587} INFO - Filling up the DagBag from /home/airflow/.local/lib/python3.12/site-packages/airflow/example_dags/example_sensors.py
[2024-09-04T21:03:53.963+0000] {processor.py:925} INFO - DAG(s) 'example_sensors' retrieved from /home/airflow/.local/lib/python3.12/site-packages/airflow/example_dags/example_sensors.py
[2024-09-04T21:03:54.006+0000] {logging_mixin.py:190} INFO - [2024-09-04T21:03:54.005+0000] {dag.py:3211} INFO - Sync 1 DAGs
[2024-09-04T21:03:54.028+0000] {logging_mixin.py:190} INFO - [2024-09-04T21:03:54.027+0000] {dag.py:4138} INFO - Setting next_dagrun for example_sensors to None, run_after=None
[2024-09-04T21:03:54.055+0000] {processor.py:208} INFO - Processing /home/airflow/.local/lib/python3.12/site-packages/airflow/example_dags/example_sensors.py took 0.127 seconds
[2024-09-04T21:04:24.843+0000] {processor.py:186} INFO - Started process (PID=606) to work on /home/airflow/.local/lib/python3.12/site-packages/airflow/example_dags/example_sensors.py
[2024-09-04T21:04:24.844+0000] {processor.py:914} INFO - Processing file /home/airflow/.local/lib/python3.12/site-packages/airflow/example_dags/example_sensors.py for tasks to queue
[2024-09-04T21:04:24.848+0000] {logging_mixin.py:190} INFO - [2024-09-04T21:04:24.847+0000] {dagbag.py:587} INFO - Filling up the DagBag from /home/airflow/.local/lib/python3.12/site-packages/airflow/example_dags/example_sensors.py
[2024-09-04T21:04:24.863+0000] {processor.py:925} INFO - DAG(s) 'example_sensors' retrieved from /home/airflow/.local/lib/python3.12/site-packages/airflow/example_dags/example_sensors.py
[2024-09-04T21:04:24.899+0000] {logging_mixin.py:190} INFO - [2024-09-04T21:04:24.899+0000] {dag.py:3211} INFO - Sync 1 DAGs
[2024-09-04T21:04:24.919+0000] {logging_mixin.py:190} INFO - [2024-09-04T21:04:24.919+0000] {dag.py:4138} INFO - Setting next_dagrun for example_sensors to None, run_after=None
[2024-09-04T21:04:24.949+0000] {processor.py:208} INFO - Processing /home/airflow/.local/lib/python3.12/site-packages/airflow/example_dags/example_sensors.py took 0.116 seconds
[2024-09-04T21:04:55.292+0000] {processor.py:186} INFO - Started process (PID=668) to work on /home/airflow/.local/lib/python3.12/site-packages/airflow/example_dags/example_sensors.py
[2024-09-04T21:04:55.294+0000] {processor.py:914} INFO - Processing file /home/airflow/.local/lib/python3.12/site-packages/airflow/example_dags/example_sensors.py for tasks to queue
[2024-09-04T21:04:55.298+0000] {logging_mixin.py:190} INFO - [2024-09-04T21:04:55.297+0000] {dagbag.py:587} INFO - Filling up the DagBag from /home/airflow/.local/lib/python3.12/site-packages/airflow/example_dags/example_sensors.py
[2024-09-04T21:04:55.315+0000] {processor.py:925} INFO - DAG(s) 'example_sensors' retrieved from /home/airflow/.local/lib/python3.12/site-packages/airflow/example_dags/example_sensors.py
[2024-09-04T21:04:55.352+0000] {logging_mixin.py:190} INFO - [2024-09-04T21:04:55.352+0000] {dag.py:3211} INFO - Sync 1 DAGs
[2024-09-04T21:04:55.371+0000] {logging_mixin.py:190} INFO - [2024-09-04T21:04:55.370+0000] {dag.py:4138} INFO - Setting next_dagrun for example_sensors to None, run_after=None
[2024-09-04T21:04:55.400+0000] {processor.py:208} INFO - Processing /home/airflow/.local/lib/python3.12/site-packages/airflow/example_dags/example_sensors.py took 0.116 seconds
[2024-09-04T21:05:26.293+0000] {processor.py:186} INFO - Started process (PID=730) to work on /home/airflow/.local/lib/python3.12/site-packages/airflow/example_dags/example_sensors.py
[2024-09-04T21:05:26.294+0000] {processor.py:914} INFO - Processing file /home/airflow/.local/lib/python3.12/site-packages/airflow/example_dags/example_sensors.py for tasks to queue
[2024-09-04T21:05:26.300+0000] {logging_mixin.py:190} INFO - [2024-09-04T21:05:26.299+0000] {dagbag.py:587} INFO - Filling up the DagBag from /home/airflow/.local/lib/python3.12/site-packages/airflow/example_dags/example_sensors.py
[2024-09-04T21:05:26.320+0000] {processor.py:925} INFO - DAG(s) 'example_sensors' retrieved from /home/airflow/.local/lib/python3.12/site-packages/airflow/example_dags/example_sensors.py
[2024-09-04T21:05:26.379+0000] {logging_mixin.py:190} INFO - [2024-09-04T21:05:26.378+0000] {dag.py:3211} INFO - Sync 1 DAGs
[2024-09-04T21:05:26.407+0000] {logging_mixin.py:190} INFO - [2024-09-04T21:05:26.406+0000] {dag.py:4138} INFO - Setting next_dagrun for example_sensors to None, run_after=None
[2024-09-04T21:05:26.442+0000] {processor.py:208} INFO - Processing /home/airflow/.local/lib/python3.12/site-packages/airflow/example_dags/example_sensors.py took 0.161 seconds
[2024-09-04T21:05:57.378+0000] {processor.py:186} INFO - Started process (PID=792) to work on /home/airflow/.local/lib/python3.12/site-packages/airflow/example_dags/example_sensors.py
[2024-09-04T21:05:57.379+0000] {processor.py:914} INFO - Processing file /home/airflow/.local/lib/python3.12/site-packages/airflow/example_dags/example_sensors.py for tasks to queue
[2024-09-04T21:05:57.381+0000] {logging_mixin.py:190} INFO - [2024-09-04T21:05:57.380+0000] {dagbag.py:587} INFO - Filling up the DagBag from /home/airflow/.local/lib/python3.12/site-packages/airflow/example_dags/example_sensors.py
[2024-09-04T21:05:57.391+0000] {processor.py:925} INFO - DAG(s) 'example_sensors' retrieved from /home/airflow/.local/lib/python3.12/site-packages/airflow/example_dags/example_sensors.py
[2024-09-04T21:05:57.414+0000] {logging_mixin.py:190} INFO - [2024-09-04T21:05:57.413+0000] {dag.py:3211} INFO - Sync 1 DAGs
[2024-09-04T21:05:57.425+0000] {logging_mixin.py:190} INFO - [2024-09-04T21:05:57.425+0000] {dag.py:4138} INFO - Setting next_dagrun for example_sensors to None, run_after=None
[2024-09-04T21:05:57.444+0000] {processor.py:208} INFO - Processing /home/airflow/.local/lib/python3.12/site-packages/airflow/example_dags/example_sensors.py took 0.070 seconds
[2024-09-04T21:06:28.950+0000] {processor.py:186} INFO - Started process (PID=853) to work on /home/airflow/.local/lib/python3.12/site-packages/airflow/example_dags/example_sensors.py
[2024-09-04T21:06:28.953+0000] {processor.py:914} INFO - Processing file /home/airflow/.local/lib/python3.12/site-packages/airflow/example_dags/example_sensors.py for tasks to queue
[2024-09-04T21:06:28.966+0000] {logging_mixin.py:190} INFO - [2024-09-04T21:06:28.965+0000] {dagbag.py:587} INFO - Filling up the DagBag from /home/airflow/.local/lib/python3.12/site-packages/airflow/example_dags/example_sensors.py
[2024-09-04T21:06:29.013+0000] {processor.py:925} INFO - DAG(s) 'example_sensors' retrieved from /home/airflow/.local/lib/python3.12/site-packages/airflow/example_dags/example_sensors.py
[2024-09-04T21:06:29.155+0000] {logging_mixin.py:190} INFO - [2024-09-04T21:06:29.153+0000] {dag.py:3211} INFO - Sync 1 DAGs
[2024-09-04T21:06:29.222+0000] {logging_mixin.py:190} INFO - [2024-09-04T21:06:29.222+0000] {dag.py:4138} INFO - Setting next_dagrun for example_sensors to None, run_after=None
[2024-09-04T21:06:29.356+0000] {processor.py:208} INFO - Processing /home/airflow/.local/lib/python3.12/site-packages/airflow/example_dags/example_sensors.py took 0.430 seconds
[2024-09-04T21:06:59.630+0000] {processor.py:186} INFO - Started process (PID=915) to work on /home/airflow/.local/lib/python3.12/site-packages/airflow/example_dags/example_sensors.py
[2024-09-04T21:06:59.633+0000] {processor.py:914} INFO - Processing file /home/airflow/.local/lib/python3.12/site-packages/airflow/example_dags/example_sensors.py for tasks to queue
[2024-09-04T21:06:59.638+0000] {logging_mixin.py:190} INFO - [2024-09-04T21:06:59.637+0000] {dagbag.py:587} INFO - Filling up the DagBag from /home/airflow/.local/lib/python3.12/site-packages/airflow/example_dags/example_sensors.py
[2024-09-04T21:06:59.662+0000] {processor.py:925} INFO - DAG(s) 'example_sensors' retrieved from /home/airflow/.local/lib/python3.12/site-packages/airflow/example_dags/example_sensors.py
[2024-09-04T21:06:59.721+0000] {logging_mixin.py:190} INFO - [2024-09-04T21:06:59.721+0000] {dag.py:3211} INFO - Sync 1 DAGs
[2024-09-04T21:06:59.747+0000] {logging_mixin.py:190} INFO - [2024-09-04T21:06:59.747+0000] {dag.py:4138} INFO - Setting next_dagrun for example_sensors to None, run_after=None
[2024-09-04T21:06:59.780+0000] {processor.py:208} INFO - Processing /home/airflow/.local/lib/python3.12/site-packages/airflow/example_dags/example_sensors.py took 0.160 seconds
[2024-09-04T21:07:29.947+0000] {processor.py:186} INFO - Started process (PID=977) to work on /home/airflow/.local/lib/python3.12/site-packages/airflow/example_dags/example_sensors.py
[2024-09-04T21:07:29.948+0000] {processor.py:914} INFO - Processing file /home/airflow/.local/lib/python3.12/site-packages/airflow/example_dags/example_sensors.py for tasks to queue
[2024-09-04T21:07:29.950+0000] {logging_mixin.py:190} INFO - [2024-09-04T21:07:29.950+0000] {dagbag.py:587} INFO - Filling up the DagBag from /home/airflow/.local/lib/python3.12/site-packages/airflow/example_dags/example_sensors.py
[2024-09-04T21:07:29.966+0000] {processor.py:925} INFO - DAG(s) 'example_sensors' retrieved from /home/airflow/.local/lib/python3.12/site-packages/airflow/example_dags/example_sensors.py
[2024-09-04T21:07:30.005+0000] {logging_mixin.py:190} INFO - [2024-09-04T21:07:30.004+0000] {dag.py:3211} INFO - Sync 1 DAGs
[2024-09-04T21:07:30.023+0000] {logging_mixin.py:190} INFO - [2024-09-04T21:07:30.023+0000] {dag.py:4138} INFO - Setting next_dagrun for example_sensors to None, run_after=None
[2024-09-04T21:07:30.046+0000] {processor.py:208} INFO - Processing /home/airflow/.local/lib/python3.12/site-packages/airflow/example_dags/example_sensors.py took 0.109 seconds
[2024-09-04T21:08:00.199+0000] {processor.py:186} INFO - Started process (PID=1040) to work on /home/airflow/.local/lib/python3.12/site-packages/airflow/example_dags/example_sensors.py
[2024-09-04T21:08:00.200+0000] {processor.py:914} INFO - Processing file /home/airflow/.local/lib/python3.12/site-packages/airflow/example_dags/example_sensors.py for tasks to queue
[2024-09-04T21:08:00.203+0000] {logging_mixin.py:190} INFO - [2024-09-04T21:08:00.202+0000] {dagbag.py:587} INFO - Filling up the DagBag from /home/airflow/.local/lib/python3.12/site-packages/airflow/example_dags/example_sensors.py
[2024-09-04T21:08:00.213+0000] {processor.py:925} INFO - DAG(s) 'example_sensors' retrieved from /home/airflow/.local/lib/python3.12/site-packages/airflow/example_dags/example_sensors.py
[2024-09-04T21:08:00.240+0000] {logging_mixin.py:190} INFO - [2024-09-04T21:08:00.240+0000] {dag.py:3211} INFO - Sync 1 DAGs
[2024-09-04T21:08:00.252+0000] {logging_mixin.py:190} INFO - [2024-09-04T21:08:00.252+0000] {dag.py:4138} INFO - Setting next_dagrun for example_sensors to None, run_after=None
[2024-09-04T21:08:00.270+0000] {processor.py:208} INFO - Processing /home/airflow/.local/lib/python3.12/site-packages/airflow/example_dags/example_sensors.py took 0.076 seconds
[2024-09-04T21:08:30.896+0000] {processor.py:186} INFO - Started process (PID=1102) to work on /home/airflow/.local/lib/python3.12/site-packages/airflow/example_dags/example_sensors.py
[2024-09-04T21:08:30.897+0000] {processor.py:914} INFO - Processing file /home/airflow/.local/lib/python3.12/site-packages/airflow/example_dags/example_sensors.py for tasks to queue
[2024-09-04T21:08:30.899+0000] {logging_mixin.py:190} INFO - [2024-09-04T21:08:30.898+0000] {dagbag.py:587} INFO - Filling up the DagBag from /home/airflow/.local/lib/python3.12/site-packages/airflow/example_dags/example_sensors.py
[2024-09-04T21:08:30.908+0000] {processor.py:925} INFO - DAG(s) 'example_sensors' retrieved from /home/airflow/.local/lib/python3.12/site-packages/airflow/example_dags/example_sensors.py
[2024-09-04T21:08:30.932+0000] {logging_mixin.py:190} INFO - [2024-09-04T21:08:30.931+0000] {dag.py:3211} INFO - Sync 1 DAGs
[2024-09-04T21:08:30.944+0000] {logging_mixin.py:190} INFO - [2024-09-04T21:08:30.944+0000] {dag.py:4138} INFO - Setting next_dagrun for example_sensors to None, run_after=None
[2024-09-04T21:08:30.965+0000] {processor.py:208} INFO - Processing /home/airflow/.local/lib/python3.12/site-packages/airflow/example_dags/example_sensors.py took 0.074 seconds
[2024-09-04T21:09:01.476+0000] {processor.py:186} INFO - Started process (PID=1164) to work on /home/airflow/.local/lib/python3.12/site-packages/airflow/example_dags/example_sensors.py
[2024-09-04T21:09:01.477+0000] {processor.py:914} INFO - Processing file /home/airflow/.local/lib/python3.12/site-packages/airflow/example_dags/example_sensors.py for tasks to queue
[2024-09-04T21:09:01.479+0000] {logging_mixin.py:190} INFO - [2024-09-04T21:09:01.479+0000] {dagbag.py:587} INFO - Filling up the DagBag from /home/airflow/.local/lib/python3.12/site-packages/airflow/example_dags/example_sensors.py
[2024-09-04T21:09:01.488+0000] {processor.py:925} INFO - DAG(s) 'example_sensors' retrieved from /home/airflow/.local/lib/python3.12/site-packages/airflow/example_dags/example_sensors.py
[2024-09-04T21:09:01.511+0000] {logging_mixin.py:190} INFO - [2024-09-04T21:09:01.510+0000] {dag.py:3211} INFO - Sync 1 DAGs
[2024-09-04T21:09:01.522+0000] {logging_mixin.py:190} INFO - [2024-09-04T21:09:01.522+0000] {dag.py:4138} INFO - Setting next_dagrun for example_sensors to None, run_after=None
[2024-09-04T21:09:01.540+0000] {processor.py:208} INFO - Processing /home/airflow/.local/lib/python3.12/site-packages/airflow/example_dags/example_sensors.py took 0.068 seconds
[2024-09-04T21:09:31.858+0000] {processor.py:186} INFO - Started process (PID=1226) to work on /home/airflow/.local/lib/python3.12/site-packages/airflow/example_dags/example_sensors.py
[2024-09-04T21:09:31.859+0000] {processor.py:914} INFO - Processing file /home/airflow/.local/lib/python3.12/site-packages/airflow/example_dags/example_sensors.py for tasks to queue
[2024-09-04T21:09:31.862+0000] {logging_mixin.py:190} INFO - [2024-09-04T21:09:31.861+0000] {dagbag.py:587} INFO - Filling up the DagBag from /home/airflow/.local/lib/python3.12/site-packages/airflow/example_dags/example_sensors.py
[2024-09-04T21:09:31.871+0000] {processor.py:925} INFO - DAG(s) 'example_sensors' retrieved from /home/airflow/.local/lib/python3.12/site-packages/airflow/example_dags/example_sensors.py
[2024-09-04T21:09:31.896+0000] {logging_mixin.py:190} INFO - [2024-09-04T21:09:31.896+0000] {dag.py:3211} INFO - Sync 1 DAGs
[2024-09-04T21:09:31.910+0000] {logging_mixin.py:190} INFO - [2024-09-04T21:09:31.910+0000] {dag.py:4138} INFO - Setting next_dagrun for example_sensors to None, run_after=None
[2024-09-04T21:09:31.928+0000] {processor.py:208} INFO - Processing /home/airflow/.local/lib/python3.12/site-packages/airflow/example_dags/example_sensors.py took 0.075 seconds
[2024-09-04T21:10:02.262+0000] {processor.py:186} INFO - Started process (PID=1288) to work on /home/airflow/.local/lib/python3.12/site-packages/airflow/example_dags/example_sensors.py
[2024-09-04T21:10:02.263+0000] {processor.py:914} INFO - Processing file /home/airflow/.local/lib/python3.12/site-packages/airflow/example_dags/example_sensors.py for tasks to queue
[2024-09-04T21:10:02.265+0000] {logging_mixin.py:190} INFO - [2024-09-04T21:10:02.265+0000] {dagbag.py:587} INFO - Filling up the DagBag from /home/airflow/.local/lib/python3.12/site-packages/airflow/example_dags/example_sensors.py
[2024-09-04T21:10:02.275+0000] {processor.py:925} INFO - DAG(s) 'example_sensors' retrieved from /home/airflow/.local/lib/python3.12/site-packages/airflow/example_dags/example_sensors.py
[2024-09-04T21:10:02.297+0000] {logging_mixin.py:190} INFO - [2024-09-04T21:10:02.297+0000] {dag.py:3211} INFO - Sync 1 DAGs
[2024-09-04T21:10:02.310+0000] {logging_mixin.py:190} INFO - [2024-09-04T21:10:02.310+0000] {dag.py:4138} INFO - Setting next_dagrun for example_sensors to None, run_after=None
[2024-09-04T21:10:02.330+0000] {processor.py:208} INFO - Processing /home/airflow/.local/lib/python3.12/site-packages/airflow/example_dags/example_sensors.py took 0.073 seconds
[2024-09-04T21:10:33.996+0000] {processor.py:186} INFO - Started process (PID=1351) to work on /home/airflow/.local/lib/python3.12/site-packages/airflow/example_dags/example_sensors.py
[2024-09-04T21:10:33.998+0000] {processor.py:914} INFO - Processing file /home/airflow/.local/lib/python3.12/site-packages/airflow/example_dags/example_sensors.py for tasks to queue
[2024-09-04T21:10:34.001+0000] {logging_mixin.py:190} INFO - [2024-09-04T21:10:34.001+0000] {dagbag.py:587} INFO - Filling up the DagBag from /home/airflow/.local/lib/python3.12/site-packages/airflow/example_dags/example_sensors.py
[2024-09-04T21:10:34.019+0000] {processor.py:925} INFO - DAG(s) 'example_sensors' retrieved from /home/airflow/.local/lib/python3.12/site-packages/airflow/example_dags/example_sensors.py
[2024-09-04T21:10:34.054+0000] {logging_mixin.py:190} INFO - [2024-09-04T21:10:34.054+0000] {dag.py:3211} INFO - Sync 1 DAGs
[2024-09-04T21:10:34.069+0000] {logging_mixin.py:190} INFO - [2024-09-04T21:10:34.068+0000] {dag.py:4138} INFO - Setting next_dagrun for example_sensors to None, run_after=None
[2024-09-04T21:10:34.090+0000] {processor.py:208} INFO - Processing /home/airflow/.local/lib/python3.12/site-packages/airflow/example_dags/example_sensors.py took 0.103 seconds
[2024-09-04T21:11:04.481+0000] {processor.py:186} INFO - Started process (PID=1414) to work on /home/airflow/.local/lib/python3.12/site-packages/airflow/example_dags/example_sensors.py
[2024-09-04T21:11:04.482+0000] {processor.py:914} INFO - Processing file /home/airflow/.local/lib/python3.12/site-packages/airflow/example_dags/example_sensors.py for tasks to queue
[2024-09-04T21:11:04.484+0000] {logging_mixin.py:190} INFO - [2024-09-04T21:11:04.484+0000] {dagbag.py:587} INFO - Filling up the DagBag from /home/airflow/.local/lib/python3.12/site-packages/airflow/example_dags/example_sensors.py
[2024-09-04T21:11:04.494+0000] {processor.py:925} INFO - DAG(s) 'example_sensors' retrieved from /home/airflow/.local/lib/python3.12/site-packages/airflow/example_dags/example_sensors.py
[2024-09-04T21:11:04.520+0000] {logging_mixin.py:190} INFO - [2024-09-04T21:11:04.520+0000] {dag.py:3211} INFO - Sync 1 DAGs
[2024-09-04T21:11:04.531+0000] {logging_mixin.py:190} INFO - [2024-09-04T21:11:04.531+0000] {dag.py:4138} INFO - Setting next_dagrun for example_sensors to None, run_after=None
[2024-09-04T21:11:04.549+0000] {processor.py:208} INFO - Processing /home/airflow/.local/lib/python3.12/site-packages/airflow/example_dags/example_sensors.py took 0.074 seconds
[2024-09-04T21:11:34.730+0000] {processor.py:186} INFO - Started process (PID=1477) to work on /home/airflow/.local/lib/python3.12/site-packages/airflow/example_dags/example_sensors.py
[2024-09-04T21:11:34.731+0000] {processor.py:914} INFO - Processing file /home/airflow/.local/lib/python3.12/site-packages/airflow/example_dags/example_sensors.py for tasks to queue
[2024-09-04T21:11:34.733+0000] {logging_mixin.py:190} INFO - [2024-09-04T21:11:34.733+0000] {dagbag.py:587} INFO - Filling up the DagBag from /home/airflow/.local/lib/python3.12/site-packages/airflow/example_dags/example_sensors.py
[2024-09-04T21:11:34.743+0000] {processor.py:925} INFO - DAG(s) 'example_sensors' retrieved from /home/airflow/.local/lib/python3.12/site-packages/airflow/example_dags/example_sensors.py
[2024-09-04T21:11:34.770+0000] {logging_mixin.py:190} INFO - [2024-09-04T21:11:34.770+0000] {dag.py:3211} INFO - Sync 1 DAGs
[2024-09-04T21:11:34.782+0000] {logging_mixin.py:190} INFO - [2024-09-04T21:11:34.782+0000] {dag.py:4138} INFO - Setting next_dagrun for example_sensors to None, run_after=None
[2024-09-04T21:11:34.802+0000] {processor.py:208} INFO - Processing /home/airflow/.local/lib/python3.12/site-packages/airflow/example_dags/example_sensors.py took 0.078 seconds
[2024-09-04T21:12:04.855+0000] {processor.py:186} INFO - Started process (PID=1540) to work on /home/airflow/.local/lib/python3.12/site-packages/airflow/example_dags/example_sensors.py
[2024-09-04T21:12:04.856+0000] {processor.py:914} INFO - Processing file /home/airflow/.local/lib/python3.12/site-packages/airflow/example_dags/example_sensors.py for tasks to queue
[2024-09-04T21:12:04.858+0000] {logging_mixin.py:190} INFO - [2024-09-04T21:12:04.858+0000] {dagbag.py:587} INFO - Filling up the DagBag from /home/airflow/.local/lib/python3.12/site-packages/airflow/example_dags/example_sensors.py
[2024-09-04T21:12:04.869+0000] {processor.py:925} INFO - DAG(s) 'example_sensors' retrieved from /home/airflow/.local/lib/python3.12/site-packages/airflow/example_dags/example_sensors.py
[2024-09-04T21:12:04.896+0000] {logging_mixin.py:190} INFO - [2024-09-04T21:12:04.896+0000] {dag.py:3211} INFO - Sync 1 DAGs
[2024-09-04T21:12:04.910+0000] {logging_mixin.py:190} INFO - [2024-09-04T21:12:04.909+0000] {dag.py:4138} INFO - Setting next_dagrun for example_sensors to None, run_after=None
[2024-09-04T21:12:04.926+0000] {processor.py:208} INFO - Processing /home/airflow/.local/lib/python3.12/site-packages/airflow/example_dags/example_sensors.py took 0.077 seconds
[2024-09-04T21:12:35.801+0000] {processor.py:186} INFO - Started process (PID=1604) to work on /home/airflow/.local/lib/python3.12/site-packages/airflow/example_dags/example_sensors.py
[2024-09-04T21:12:35.802+0000] {processor.py:914} INFO - Processing file /home/airflow/.local/lib/python3.12/site-packages/airflow/example_dags/example_sensors.py for tasks to queue
[2024-09-04T21:12:35.804+0000] {logging_mixin.py:190} INFO - [2024-09-04T21:12:35.804+0000] {dagbag.py:587} INFO - Filling up the DagBag from /home/airflow/.local/lib/python3.12/site-packages/airflow/example_dags/example_sensors.py
[2024-09-04T21:12:35.816+0000] {processor.py:925} INFO - DAG(s) 'example_sensors' retrieved from /home/airflow/.local/lib/python3.12/site-packages/airflow/example_dags/example_sensors.py
[2024-09-04T21:12:35.841+0000] {logging_mixin.py:190} INFO - [2024-09-04T21:12:35.841+0000] {dag.py:3211} INFO - Sync 1 DAGs
[2024-09-04T21:12:35.854+0000] {logging_mixin.py:190} INFO - [2024-09-04T21:12:35.854+0000] {dag.py:4138} INFO - Setting next_dagrun for example_sensors to None, run_after=None
[2024-09-04T21:12:35.877+0000] {processor.py:208} INFO - Processing /home/airflow/.local/lib/python3.12/site-packages/airflow/example_dags/example_sensors.py took 0.082 seconds
[2024-09-04T21:13:06.669+0000] {processor.py:186} INFO - Started process (PID=1667) to work on /home/airflow/.local/lib/python3.12/site-packages/airflow/example_dags/example_sensors.py
[2024-09-04T21:13:06.670+0000] {processor.py:914} INFO - Processing file /home/airflow/.local/lib/python3.12/site-packages/airflow/example_dags/example_sensors.py for tasks to queue
[2024-09-04T21:13:06.673+0000] {logging_mixin.py:190} INFO - [2024-09-04T21:13:06.673+0000] {dagbag.py:587} INFO - Filling up the DagBag from /home/airflow/.local/lib/python3.12/site-packages/airflow/example_dags/example_sensors.py
[2024-09-04T21:13:06.685+0000] {processor.py:925} INFO - DAG(s) 'example_sensors' retrieved from /home/airflow/.local/lib/python3.12/site-packages/airflow/example_dags/example_sensors.py
[2024-09-04T21:13:06.712+0000] {logging_mixin.py:190} INFO - [2024-09-04T21:13:06.712+0000] {dag.py:3211} INFO - Sync 1 DAGs
[2024-09-04T21:13:06.724+0000] {logging_mixin.py:190} INFO - [2024-09-04T21:13:06.724+0000] {dag.py:4138} INFO - Setting next_dagrun for example_sensors to None, run_after=None
[2024-09-04T21:13:06.739+0000] {processor.py:208} INFO - Processing /home/airflow/.local/lib/python3.12/site-packages/airflow/example_dags/example_sensors.py took 0.075 seconds
[2024-09-04T21:13:37.760+0000] {processor.py:186} INFO - Started process (PID=1730) to work on /home/airflow/.local/lib/python3.12/site-packages/airflow/example_dags/example_sensors.py
[2024-09-04T21:13:37.762+0000] {processor.py:914} INFO - Processing file /home/airflow/.local/lib/python3.12/site-packages/airflow/example_dags/example_sensors.py for tasks to queue
[2024-09-04T21:13:37.764+0000] {logging_mixin.py:190} INFO - [2024-09-04T21:13:37.764+0000] {dagbag.py:587} INFO - Filling up the DagBag from /home/airflow/.local/lib/python3.12/site-packages/airflow/example_dags/example_sensors.py
[2024-09-04T21:13:37.775+0000] {processor.py:925} INFO - DAG(s) 'example_sensors' retrieved from /home/airflow/.local/lib/python3.12/site-packages/airflow/example_dags/example_sensors.py
[2024-09-04T21:13:37.807+0000] {logging_mixin.py:190} INFO - [2024-09-04T21:13:37.807+0000] {dag.py:3211} INFO - Sync 1 DAGs
[2024-09-04T21:13:37.819+0000] {logging_mixin.py:190} INFO - [2024-09-04T21:13:37.819+0000] {dag.py:4138} INFO - Setting next_dagrun for example_sensors to None, run_after=None
[2024-09-04T21:13:37.838+0000] {processor.py:208} INFO - Processing /home/airflow/.local/lib/python3.12/site-packages/airflow/example_dags/example_sensors.py took 0.084 seconds
[2024-09-04T21:14:08.551+0000] {processor.py:186} INFO - Started process (PID=1793) to work on /home/airflow/.local/lib/python3.12/site-packages/airflow/example_dags/example_sensors.py
[2024-09-04T21:14:08.552+0000] {processor.py:914} INFO - Processing file /home/airflow/.local/lib/python3.12/site-packages/airflow/example_dags/example_sensors.py for tasks to queue
[2024-09-04T21:14:08.554+0000] {logging_mixin.py:190} INFO - [2024-09-04T21:14:08.553+0000] {dagbag.py:587} INFO - Filling up the DagBag from /home/airflow/.local/lib/python3.12/site-packages/airflow/example_dags/example_sensors.py
[2024-09-04T21:14:08.564+0000] {processor.py:925} INFO - DAG(s) 'example_sensors' retrieved from /home/airflow/.local/lib/python3.12/site-packages/airflow/example_dags/example_sensors.py
[2024-09-04T21:14:08.589+0000] {logging_mixin.py:190} INFO - [2024-09-04T21:14:08.588+0000] {dag.py:3211} INFO - Sync 1 DAGs
[2024-09-04T21:14:08.601+0000] {logging_mixin.py:190} INFO - [2024-09-04T21:14:08.601+0000] {dag.py:4138} INFO - Setting next_dagrun for example_sensors to None, run_after=None
[2024-09-04T21:14:08.622+0000] {processor.py:208} INFO - Processing /home/airflow/.local/lib/python3.12/site-packages/airflow/example_dags/example_sensors.py took 0.077 seconds
[2024-09-04T21:14:39.366+0000] {processor.py:186} INFO - Started process (PID=1856) to work on /home/airflow/.local/lib/python3.12/site-packages/airflow/example_dags/example_sensors.py
[2024-09-04T21:14:39.368+0000] {processor.py:914} INFO - Processing file /home/airflow/.local/lib/python3.12/site-packages/airflow/example_dags/example_sensors.py for tasks to queue
[2024-09-04T21:14:39.371+0000] {logging_mixin.py:190} INFO - [2024-09-04T21:14:39.370+0000] {dagbag.py:587} INFO - Filling up the DagBag from /home/airflow/.local/lib/python3.12/site-packages/airflow/example_dags/example_sensors.py
[2024-09-04T21:14:39.384+0000] {processor.py:925} INFO - DAG(s) 'example_sensors' retrieved from /home/airflow/.local/lib/python3.12/site-packages/airflow/example_dags/example_sensors.py
[2024-09-04T21:14:39.415+0000] {logging_mixin.py:190} INFO - [2024-09-04T21:14:39.414+0000] {dag.py:3211} INFO - Sync 1 DAGs
[2024-09-04T21:14:39.432+0000] {logging_mixin.py:190} INFO - [2024-09-04T21:14:39.432+0000] {dag.py:4138} INFO - Setting next_dagrun for example_sensors to None, run_after=None
[2024-09-04T21:14:39.453+0000] {processor.py:208} INFO - Processing /home/airflow/.local/lib/python3.12/site-packages/airflow/example_dags/example_sensors.py took 0.093 seconds
[2024-09-04T21:15:11.123+0000] {processor.py:186} INFO - Started process (PID=1919) to work on /home/airflow/.local/lib/python3.12/site-packages/airflow/example_dags/example_sensors.py
[2024-09-04T21:15:11.125+0000] {processor.py:914} INFO - Processing file /home/airflow/.local/lib/python3.12/site-packages/airflow/example_dags/example_sensors.py for tasks to queue
[2024-09-04T21:15:11.131+0000] {logging_mixin.py:190} INFO - [2024-09-04T21:15:11.130+0000] {dagbag.py:587} INFO - Filling up the DagBag from /home/airflow/.local/lib/python3.12/site-packages/airflow/example_dags/example_sensors.py
[2024-09-04T21:15:11.156+0000] {processor.py:925} INFO - DAG(s) 'example_sensors' retrieved from /home/airflow/.local/lib/python3.12/site-packages/airflow/example_dags/example_sensors.py
[2024-09-04T21:15:11.218+0000] {logging_mixin.py:190} INFO - [2024-09-04T21:15:11.217+0000] {dag.py:3211} INFO - Sync 1 DAGs
[2024-09-04T21:15:11.251+0000] {logging_mixin.py:190} INFO - [2024-09-04T21:15:11.250+0000] {dag.py:4138} INFO - Setting next_dagrun for example_sensors to None, run_after=None
[2024-09-04T21:15:11.294+0000] {processor.py:208} INFO - Processing /home/airflow/.local/lib/python3.12/site-packages/airflow/example_dags/example_sensors.py took 0.187 seconds
[2024-09-04T21:15:41.360+0000] {processor.py:186} INFO - Started process (PID=1982) to work on /home/airflow/.local/lib/python3.12/site-packages/airflow/example_dags/example_sensors.py
[2024-09-04T21:15:41.362+0000] {processor.py:914} INFO - Processing file /home/airflow/.local/lib/python3.12/site-packages/airflow/example_dags/example_sensors.py for tasks to queue
[2024-09-04T21:15:41.367+0000] {logging_mixin.py:190} INFO - [2024-09-04T21:15:41.366+0000] {dagbag.py:587} INFO - Filling up the DagBag from /home/airflow/.local/lib/python3.12/site-packages/airflow/example_dags/example_sensors.py
[2024-09-04T21:15:41.390+0000] {processor.py:925} INFO - DAG(s) 'example_sensors' retrieved from /home/airflow/.local/lib/python3.12/site-packages/airflow/example_dags/example_sensors.py
[2024-09-04T21:15:41.449+0000] {logging_mixin.py:190} INFO - [2024-09-04T21:15:41.448+0000] {dag.py:3211} INFO - Sync 1 DAGs
[2024-09-04T21:15:41.489+0000] {logging_mixin.py:190} INFO - [2024-09-04T21:15:41.488+0000] {dag.py:4138} INFO - Setting next_dagrun for example_sensors to None, run_after=None
[2024-09-04T21:15:41.528+0000] {processor.py:208} INFO - Processing /home/airflow/.local/lib/python3.12/site-packages/airflow/example_dags/example_sensors.py took 0.179 seconds
[2024-09-04T21:16:11.738+0000] {processor.py:186} INFO - Started process (PID=2046) to work on /home/airflow/.local/lib/python3.12/site-packages/airflow/example_dags/example_sensors.py
[2024-09-04T21:16:11.739+0000] {processor.py:914} INFO - Processing file /home/airflow/.local/lib/python3.12/site-packages/airflow/example_dags/example_sensors.py for tasks to queue
[2024-09-04T21:16:11.742+0000] {logging_mixin.py:190} INFO - [2024-09-04T21:16:11.741+0000] {dagbag.py:587} INFO - Filling up the DagBag from /home/airflow/.local/lib/python3.12/site-packages/airflow/example_dags/example_sensors.py
[2024-09-04T21:16:11.753+0000] {processor.py:925} INFO - DAG(s) 'example_sensors' retrieved from /home/airflow/.local/lib/python3.12/site-packages/airflow/example_dags/example_sensors.py
[2024-09-04T21:16:11.778+0000] {logging_mixin.py:190} INFO - [2024-09-04T21:16:11.777+0000] {dag.py:3211} INFO - Sync 1 DAGs
[2024-09-04T21:16:11.790+0000] {logging_mixin.py:190} INFO - [2024-09-04T21:16:11.790+0000] {dag.py:4138} INFO - Setting next_dagrun for example_sensors to None, run_after=None
[2024-09-04T21:16:11.809+0000] {processor.py:208} INFO - Processing /home/airflow/.local/lib/python3.12/site-packages/airflow/example_dags/example_sensors.py took 0.076 seconds
[2024-09-04T21:16:42.239+0000] {processor.py:186} INFO - Started process (PID=2109) to work on /home/airflow/.local/lib/python3.12/site-packages/airflow/example_dags/example_sensors.py
[2024-09-04T21:16:42.240+0000] {processor.py:914} INFO - Processing file /home/airflow/.local/lib/python3.12/site-packages/airflow/example_dags/example_sensors.py for tasks to queue
[2024-09-04T21:16:42.243+0000] {logging_mixin.py:190} INFO - [2024-09-04T21:16:42.243+0000] {dagbag.py:587} INFO - Filling up the DagBag from /home/airflow/.local/lib/python3.12/site-packages/airflow/example_dags/example_sensors.py
[2024-09-04T21:16:42.253+0000] {processor.py:925} INFO - DAG(s) 'example_sensors' retrieved from /home/airflow/.local/lib/python3.12/site-packages/airflow/example_dags/example_sensors.py
[2024-09-04T21:16:42.280+0000] {logging_mixin.py:190} INFO - [2024-09-04T21:16:42.280+0000] {dag.py:3211} INFO - Sync 1 DAGs
[2024-09-04T21:16:42.292+0000] {logging_mixin.py:190} INFO - [2024-09-04T21:16:42.292+0000] {dag.py:4138} INFO - Setting next_dagrun for example_sensors to None, run_after=None
[2024-09-04T21:16:42.313+0000] {processor.py:208} INFO - Processing /home/airflow/.local/lib/python3.12/site-packages/airflow/example_dags/example_sensors.py took 0.078 seconds
[2024-09-04T21:17:12.909+0000] {processor.py:186} INFO - Started process (PID=2172) to work on /home/airflow/.local/lib/python3.12/site-packages/airflow/example_dags/example_sensors.py
[2024-09-04T21:17:12.911+0000] {processor.py:914} INFO - Processing file /home/airflow/.local/lib/python3.12/site-packages/airflow/example_dags/example_sensors.py for tasks to queue
[2024-09-04T21:17:12.916+0000] {logging_mixin.py:190} INFO - [2024-09-04T21:17:12.915+0000] {dagbag.py:587} INFO - Filling up the DagBag from /home/airflow/.local/lib/python3.12/site-packages/airflow/example_dags/example_sensors.py
[2024-09-04T21:17:12.938+0000] {processor.py:925} INFO - DAG(s) 'example_sensors' retrieved from /home/airflow/.local/lib/python3.12/site-packages/airflow/example_dags/example_sensors.py
[2024-09-04T21:17:12.991+0000] {logging_mixin.py:190} INFO - [2024-09-04T21:17:12.991+0000] {dag.py:3211} INFO - Sync 1 DAGs
[2024-09-04T21:17:13.017+0000] {logging_mixin.py:190} INFO - [2024-09-04T21:17:13.017+0000] {dag.py:4138} INFO - Setting next_dagrun for example_sensors to None, run_after=None
[2024-09-04T21:17:13.052+0000] {processor.py:208} INFO - Processing /home/airflow/.local/lib/python3.12/site-packages/airflow/example_dags/example_sensors.py took 0.153 seconds
[2024-09-04T21:17:43.995+0000] {processor.py:186} INFO - Started process (PID=2235) to work on /home/airflow/.local/lib/python3.12/site-packages/airflow/example_dags/example_sensors.py
[2024-09-04T21:17:43.997+0000] {processor.py:914} INFO - Processing file /home/airflow/.local/lib/python3.12/site-packages/airflow/example_dags/example_sensors.py for tasks to queue
[2024-09-04T21:17:44.000+0000] {logging_mixin.py:190} INFO - [2024-09-04T21:17:44.000+0000] {dagbag.py:587} INFO - Filling up the DagBag from /home/airflow/.local/lib/python3.12/site-packages/airflow/example_dags/example_sensors.py
[2024-09-04T21:17:44.017+0000] {processor.py:925} INFO - DAG(s) 'example_sensors' retrieved from /home/airflow/.local/lib/python3.12/site-packages/airflow/example_dags/example_sensors.py
[2024-09-04T21:17:44.055+0000] {logging_mixin.py:190} INFO - [2024-09-04T21:17:44.054+0000] {dag.py:3211} INFO - Sync 1 DAGs
[2024-09-04T21:17:44.086+0000] {logging_mixin.py:190} INFO - [2024-09-04T21:17:44.086+0000] {dag.py:4138} INFO - Setting next_dagrun for example_sensors to None, run_after=None
[2024-09-04T21:17:44.115+0000] {processor.py:208} INFO - Processing /home/airflow/.local/lib/python3.12/site-packages/airflow/example_dags/example_sensors.py took 0.128 seconds
[2024-09-04T21:18:14.205+0000] {processor.py:186} INFO - Started process (PID=2298) to work on /home/airflow/.local/lib/python3.12/site-packages/airflow/example_dags/example_sensors.py
[2024-09-04T21:18:14.206+0000] {processor.py:914} INFO - Processing file /home/airflow/.local/lib/python3.12/site-packages/airflow/example_dags/example_sensors.py for tasks to queue
[2024-09-04T21:18:14.211+0000] {logging_mixin.py:190} INFO - [2024-09-04T21:18:14.211+0000] {dagbag.py:587} INFO - Filling up the DagBag from /home/airflow/.local/lib/python3.12/site-packages/airflow/example_dags/example_sensors.py
[2024-09-04T21:18:14.222+0000] {processor.py:925} INFO - DAG(s) 'example_sensors' retrieved from /home/airflow/.local/lib/python3.12/site-packages/airflow/example_dags/example_sensors.py
[2024-09-04T21:18:14.253+0000] {logging_mixin.py:190} INFO - [2024-09-04T21:18:14.253+0000] {dag.py:3211} INFO - Sync 1 DAGs
[2024-09-04T21:18:14.268+0000] {logging_mixin.py:190} INFO - [2024-09-04T21:18:14.268+0000] {dag.py:4138} INFO - Setting next_dagrun for example_sensors to None, run_after=None
[2024-09-04T21:18:14.290+0000] {processor.py:208} INFO - Processing /home/airflow/.local/lib/python3.12/site-packages/airflow/example_dags/example_sensors.py took 0.090 seconds
[2024-09-04T21:18:44.830+0000] {processor.py:186} INFO - Started process (PID=2361) to work on /home/airflow/.local/lib/python3.12/site-packages/airflow/example_dags/example_sensors.py
[2024-09-04T21:18:44.831+0000] {processor.py:914} INFO - Processing file /home/airflow/.local/lib/python3.12/site-packages/airflow/example_dags/example_sensors.py for tasks to queue
[2024-09-04T21:18:44.834+0000] {logging_mixin.py:190} INFO - [2024-09-04T21:18:44.833+0000] {dagbag.py:587} INFO - Filling up the DagBag from /home/airflow/.local/lib/python3.12/site-packages/airflow/example_dags/example_sensors.py
[2024-09-04T21:18:44.844+0000] {processor.py:925} INFO - DAG(s) 'example_sensors' retrieved from /home/airflow/.local/lib/python3.12/site-packages/airflow/example_dags/example_sensors.py
[2024-09-04T21:18:44.870+0000] {logging_mixin.py:190} INFO - [2024-09-04T21:18:44.870+0000] {dag.py:3211} INFO - Sync 1 DAGs
[2024-09-04T21:18:44.882+0000] {logging_mixin.py:190} INFO - [2024-09-04T21:18:44.882+0000] {dag.py:4138} INFO - Setting next_dagrun for example_sensors to None, run_after=None
[2024-09-04T21:18:44.902+0000] {processor.py:208} INFO - Processing /home/airflow/.local/lib/python3.12/site-packages/airflow/example_dags/example_sensors.py took 0.077 seconds
