[2024-09-04T20:52:39.220+0000] {processor.py:186} INFO - Started process (PID=119) to work on /home/airflow/.local/lib/python3.12/site-packages/airflow/example_dags/example_bash_decorator.py
[2024-09-04T20:52:39.221+0000] {processor.py:914} INFO - Processing file /home/airflow/.local/lib/python3.12/site-packages/airflow/example_dags/example_bash_decorator.py for tasks to queue
[2024-09-04T20:52:39.226+0000] {logging_mixin.py:190} INFO - [2024-09-04T20:52:39.225+0000] {dagbag.py:587} INFO - Filling up the DagBag from /home/airflow/.local/lib/python3.12/site-packages/airflow/example_dags/example_bash_decorator.py
[2024-09-04T20:52:39.249+0000] {processor.py:925} INFO - DAG(s) 'example_bash_decorator' retrieved from /home/airflow/.local/lib/python3.12/site-packages/airflow/example_dags/example_bash_decorator.py
[2024-09-04T20:52:39.416+0000] {logging_mixin.py:190} INFO - [2024-09-04T20:52:39.414+0000] {override.py:1858} INFO - Created Permission View: can delete on DAG:example_bash_decorator
[2024-09-04T20:52:39.430+0000] {logging_mixin.py:190} INFO - [2024-09-04T20:52:39.430+0000] {override.py:1858} INFO - Created Permission View: can edit on DAG:example_bash_decorator
[2024-09-04T20:52:39.440+0000] {logging_mixin.py:190} INFO - [2024-09-04T20:52:39.440+0000] {override.py:1858} INFO - Created Permission View: can read on DAG:example_bash_decorator
[2024-09-04T20:52:39.442+0000] {logging_mixin.py:190} INFO - [2024-09-04T20:52:39.441+0000] {dag.py:3211} INFO - Sync 1 DAGs
[2024-09-04T20:52:39.460+0000] {logging_mixin.py:190} INFO - [2024-09-04T20:52:39.460+0000] {dag.py:3234} INFO - Creating ORM DAG for example_bash_decorator
[2024-09-04T20:52:39.462+0000] {logging_mixin.py:190} INFO - [2024-09-04T20:52:39.461+0000] {dag.py:4138} INFO - Setting next_dagrun for example_bash_decorator to None, run_after=None
[2024-09-04T20:52:39.490+0000] {processor.py:208} INFO - Processing /home/airflow/.local/lib/python3.12/site-packages/airflow/example_dags/example_bash_decorator.py took 0.278 seconds
[2024-09-04T21:00:20.619+0000] {processor.py:186} INFO - Started process (PID=114) to work on /home/airflow/.local/lib/python3.12/site-packages/airflow/example_dags/example_bash_decorator.py
[2024-09-04T21:00:20.621+0000] {processor.py:914} INFO - Processing file /home/airflow/.local/lib/python3.12/site-packages/airflow/example_dags/example_bash_decorator.py for tasks to queue
[2024-09-04T21:00:20.625+0000] {logging_mixin.py:190} INFO - [2024-09-04T21:00:20.624+0000] {dagbag.py:587} INFO - Filling up the DagBag from /home/airflow/.local/lib/python3.12/site-packages/airflow/example_dags/example_bash_decorator.py
[2024-09-04T21:00:20.649+0000] {processor.py:925} INFO - DAG(s) 'example_bash_decorator' retrieved from /home/airflow/.local/lib/python3.12/site-packages/airflow/example_dags/example_bash_decorator.py
[2024-09-04T21:00:20.836+0000] {logging_mixin.py:190} INFO - [2024-09-04T21:00:20.836+0000] {dag.py:3211} INFO - Sync 1 DAGs
[2024-09-04T21:00:20.856+0000] {logging_mixin.py:190} INFO - [2024-09-04T21:00:20.855+0000] {dag.py:4138} INFO - Setting next_dagrun for example_bash_decorator to None, run_after=None
[2024-09-04T21:00:20.889+0000] {processor.py:208} INFO - Processing /home/airflow/.local/lib/python3.12/site-packages/airflow/example_dags/example_bash_decorator.py took 0.281 seconds
[2024-09-04T21:00:51.784+0000] {processor.py:186} INFO - Started process (PID=176) to work on /home/airflow/.local/lib/python3.12/site-packages/airflow/example_dags/example_bash_decorator.py
[2024-09-04T21:00:51.785+0000] {processor.py:914} INFO - Processing file /home/airflow/.local/lib/python3.12/site-packages/airflow/example_dags/example_bash_decorator.py for tasks to queue
[2024-09-04T21:00:51.788+0000] {logging_mixin.py:190} INFO - [2024-09-04T21:00:51.788+0000] {dagbag.py:587} INFO - Filling up the DagBag from /home/airflow/.local/lib/python3.12/site-packages/airflow/example_dags/example_bash_decorator.py
[2024-09-04T21:00:51.803+0000] {processor.py:925} INFO - DAG(s) 'example_bash_decorator' retrieved from /home/airflow/.local/lib/python3.12/site-packages/airflow/example_dags/example_bash_decorator.py
[2024-09-04T21:00:51.831+0000] {logging_mixin.py:190} INFO - [2024-09-04T21:00:51.830+0000] {dag.py:3211} INFO - Sync 1 DAGs
[2024-09-04T21:00:51.845+0000] {logging_mixin.py:190} INFO - [2024-09-04T21:00:51.845+0000] {dag.py:4138} INFO - Setting next_dagrun for example_bash_decorator to None, run_after=None
[2024-09-04T21:00:51.873+0000] {processor.py:208} INFO - Processing /home/airflow/.local/lib/python3.12/site-packages/airflow/example_dags/example_bash_decorator.py took 0.094 seconds
[2024-09-04T21:01:22.076+0000] {processor.py:186} INFO - Started process (PID=238) to work on /home/airflow/.local/lib/python3.12/site-packages/airflow/example_dags/example_bash_decorator.py
[2024-09-04T21:01:22.077+0000] {processor.py:914} INFO - Processing file /home/airflow/.local/lib/python3.12/site-packages/airflow/example_dags/example_bash_decorator.py for tasks to queue
[2024-09-04T21:01:22.079+0000] {logging_mixin.py:190} INFO - [2024-09-04T21:01:22.079+0000] {dagbag.py:587} INFO - Filling up the DagBag from /home/airflow/.local/lib/python3.12/site-packages/airflow/example_dags/example_bash_decorator.py
[2024-09-04T21:01:22.091+0000] {processor.py:925} INFO - DAG(s) 'example_bash_decorator' retrieved from /home/airflow/.local/lib/python3.12/site-packages/airflow/example_dags/example_bash_decorator.py
[2024-09-04T21:01:22.114+0000] {logging_mixin.py:190} INFO - [2024-09-04T21:01:22.114+0000] {dag.py:3211} INFO - Sync 1 DAGs
[2024-09-04T21:01:22.127+0000] {logging_mixin.py:190} INFO - [2024-09-04T21:01:22.127+0000] {dag.py:4138} INFO - Setting next_dagrun for example_bash_decorator to None, run_after=None
[2024-09-04T21:01:22.151+0000] {processor.py:208} INFO - Processing /home/airflow/.local/lib/python3.12/site-packages/airflow/example_dags/example_bash_decorator.py took 0.080 seconds
[2024-09-04T21:01:53.106+0000] {processor.py:186} INFO - Started process (PID=300) to work on /home/airflow/.local/lib/python3.12/site-packages/airflow/example_dags/example_bash_decorator.py
[2024-09-04T21:01:53.107+0000] {processor.py:914} INFO - Processing file /home/airflow/.local/lib/python3.12/site-packages/airflow/example_dags/example_bash_decorator.py for tasks to queue
[2024-09-04T21:01:53.109+0000] {logging_mixin.py:190} INFO - [2024-09-04T21:01:53.109+0000] {dagbag.py:587} INFO - Filling up the DagBag from /home/airflow/.local/lib/python3.12/site-packages/airflow/example_dags/example_bash_decorator.py
[2024-09-04T21:01:53.120+0000] {processor.py:925} INFO - DAG(s) 'example_bash_decorator' retrieved from /home/airflow/.local/lib/python3.12/site-packages/airflow/example_dags/example_bash_decorator.py
[2024-09-04T21:01:53.142+0000] {logging_mixin.py:190} INFO - [2024-09-04T21:01:53.142+0000] {dag.py:3211} INFO - Sync 1 DAGs
[2024-09-04T21:01:53.153+0000] {logging_mixin.py:190} INFO - [2024-09-04T21:01:53.153+0000] {dag.py:4138} INFO - Setting next_dagrun for example_bash_decorator to None, run_after=None
[2024-09-04T21:01:53.173+0000] {processor.py:208} INFO - Processing /home/airflow/.local/lib/python3.12/site-packages/airflow/example_dags/example_bash_decorator.py took 0.071 seconds
[2024-09-04T21:02:23.924+0000] {processor.py:186} INFO - Started process (PID=363) to work on /home/airflow/.local/lib/python3.12/site-packages/airflow/example_dags/example_bash_decorator.py
[2024-09-04T21:02:23.925+0000] {processor.py:914} INFO - Processing file /home/airflow/.local/lib/python3.12/site-packages/airflow/example_dags/example_bash_decorator.py for tasks to queue
[2024-09-04T21:02:23.927+0000] {logging_mixin.py:190} INFO - [2024-09-04T21:02:23.927+0000] {dagbag.py:587} INFO - Filling up the DagBag from /home/airflow/.local/lib/python3.12/site-packages/airflow/example_dags/example_bash_decorator.py
[2024-09-04T21:02:23.943+0000] {processor.py:925} INFO - DAG(s) 'example_bash_decorator' retrieved from /home/airflow/.local/lib/python3.12/site-packages/airflow/example_dags/example_bash_decorator.py
[2024-09-04T21:02:23.967+0000] {logging_mixin.py:190} INFO - [2024-09-04T21:02:23.967+0000] {dag.py:3211} INFO - Sync 1 DAGs
[2024-09-04T21:02:23.981+0000] {logging_mixin.py:190} INFO - [2024-09-04T21:02:23.981+0000] {dag.py:4138} INFO - Setting next_dagrun for example_bash_decorator to None, run_after=None
[2024-09-04T21:02:24.005+0000] {processor.py:208} INFO - Processing /home/airflow/.local/lib/python3.12/site-packages/airflow/example_dags/example_bash_decorator.py took 0.085 seconds
[2024-09-04T21:02:54.524+0000] {processor.py:186} INFO - Started process (PID=431) to work on /home/airflow/.local/lib/python3.12/site-packages/airflow/example_dags/example_bash_decorator.py
[2024-09-04T21:02:54.526+0000] {processor.py:914} INFO - Processing file /home/airflow/.local/lib/python3.12/site-packages/airflow/example_dags/example_bash_decorator.py for tasks to queue
[2024-09-04T21:02:54.528+0000] {logging_mixin.py:190} INFO - [2024-09-04T21:02:54.528+0000] {dagbag.py:587} INFO - Filling up the DagBag from /home/airflow/.local/lib/python3.12/site-packages/airflow/example_dags/example_bash_decorator.py
[2024-09-04T21:02:54.540+0000] {processor.py:925} INFO - DAG(s) 'example_bash_decorator' retrieved from /home/airflow/.local/lib/python3.12/site-packages/airflow/example_dags/example_bash_decorator.py
[2024-09-04T21:02:54.562+0000] {logging_mixin.py:190} INFO - [2024-09-04T21:02:54.561+0000] {dag.py:3211} INFO - Sync 1 DAGs
[2024-09-04T21:02:54.573+0000] {logging_mixin.py:190} INFO - [2024-09-04T21:02:54.572+0000] {dag.py:4138} INFO - Setting next_dagrun for example_bash_decorator to None, run_after=None
[2024-09-04T21:02:54.591+0000] {processor.py:208} INFO - Processing /home/airflow/.local/lib/python3.12/site-packages/airflow/example_dags/example_bash_decorator.py took 0.078 seconds
[2024-09-04T21:03:24.710+0000] {processor.py:186} INFO - Started process (PID=492) to work on /home/airflow/.local/lib/python3.12/site-packages/airflow/example_dags/example_bash_decorator.py
[2024-09-04T21:03:24.715+0000] {processor.py:914} INFO - Processing file /home/airflow/.local/lib/python3.12/site-packages/airflow/example_dags/example_bash_decorator.py for tasks to queue
[2024-09-04T21:03:24.721+0000] {logging_mixin.py:190} INFO - [2024-09-04T21:03:24.720+0000] {dagbag.py:587} INFO - Filling up the DagBag from /home/airflow/.local/lib/python3.12/site-packages/airflow/example_dags/example_bash_decorator.py
[2024-09-04T21:03:24.761+0000] {processor.py:925} INFO - DAG(s) 'example_bash_decorator' retrieved from /home/airflow/.local/lib/python3.12/site-packages/airflow/example_dags/example_bash_decorator.py
[2024-09-04T21:03:24.819+0000] {logging_mixin.py:190} INFO - [2024-09-04T21:03:24.818+0000] {dag.py:3211} INFO - Sync 1 DAGs
[2024-09-04T21:03:24.853+0000] {logging_mixin.py:190} INFO - [2024-09-04T21:03:24.852+0000] {dag.py:4138} INFO - Setting next_dagrun for example_bash_decorator to None, run_after=None
[2024-09-04T21:03:24.890+0000] {processor.py:208} INFO - Processing /home/airflow/.local/lib/python3.12/site-packages/airflow/example_dags/example_bash_decorator.py took 0.194 seconds
[2024-09-04T21:03:55.445+0000] {processor.py:186} INFO - Started process (PID=554) to work on /home/airflow/.local/lib/python3.12/site-packages/airflow/example_dags/example_bash_decorator.py
[2024-09-04T21:03:55.447+0000] {processor.py:914} INFO - Processing file /home/airflow/.local/lib/python3.12/site-packages/airflow/example_dags/example_bash_decorator.py for tasks to queue
[2024-09-04T21:03:55.454+0000] {logging_mixin.py:190} INFO - [2024-09-04T21:03:55.453+0000] {dagbag.py:587} INFO - Filling up the DagBag from /home/airflow/.local/lib/python3.12/site-packages/airflow/example_dags/example_bash_decorator.py
[2024-09-04T21:03:55.494+0000] {processor.py:925} INFO - DAG(s) 'example_bash_decorator' retrieved from /home/airflow/.local/lib/python3.12/site-packages/airflow/example_dags/example_bash_decorator.py
[2024-09-04T21:03:55.547+0000] {logging_mixin.py:190} INFO - [2024-09-04T21:03:55.547+0000] {dag.py:3211} INFO - Sync 1 DAGs
[2024-09-04T21:03:55.586+0000] {logging_mixin.py:190} INFO - [2024-09-04T21:03:55.586+0000] {dag.py:4138} INFO - Setting next_dagrun for example_bash_decorator to None, run_after=None
[2024-09-04T21:03:55.627+0000] {processor.py:208} INFO - Processing /home/airflow/.local/lib/python3.12/site-packages/airflow/example_dags/example_bash_decorator.py took 0.199 seconds
[2024-09-04T21:04:25.882+0000] {processor.py:186} INFO - Started process (PID=616) to work on /home/airflow/.local/lib/python3.12/site-packages/airflow/example_dags/example_bash_decorator.py
[2024-09-04T21:04:25.883+0000] {processor.py:914} INFO - Processing file /home/airflow/.local/lib/python3.12/site-packages/airflow/example_dags/example_bash_decorator.py for tasks to queue
[2024-09-04T21:04:25.887+0000] {logging_mixin.py:190} INFO - [2024-09-04T21:04:25.886+0000] {dagbag.py:587} INFO - Filling up the DagBag from /home/airflow/.local/lib/python3.12/site-packages/airflow/example_dags/example_bash_decorator.py
[2024-09-04T21:04:25.908+0000] {processor.py:925} INFO - DAG(s) 'example_bash_decorator' retrieved from /home/airflow/.local/lib/python3.12/site-packages/airflow/example_dags/example_bash_decorator.py
[2024-09-04T21:04:25.942+0000] {logging_mixin.py:190} INFO - [2024-09-04T21:04:25.942+0000] {dag.py:3211} INFO - Sync 1 DAGs
[2024-09-04T21:04:25.962+0000] {logging_mixin.py:190} INFO - [2024-09-04T21:04:25.961+0000] {dag.py:4138} INFO - Setting next_dagrun for example_bash_decorator to None, run_after=None
[2024-09-04T21:04:25.989+0000] {processor.py:208} INFO - Processing /home/airflow/.local/lib/python3.12/site-packages/airflow/example_dags/example_bash_decorator.py took 0.116 seconds
[2024-09-04T21:04:56.412+0000] {processor.py:186} INFO - Started process (PID=678) to work on /home/airflow/.local/lib/python3.12/site-packages/airflow/example_dags/example_bash_decorator.py
[2024-09-04T21:04:56.414+0000] {processor.py:914} INFO - Processing file /home/airflow/.local/lib/python3.12/site-packages/airflow/example_dags/example_bash_decorator.py for tasks to queue
[2024-09-04T21:04:56.418+0000] {logging_mixin.py:190} INFO - [2024-09-04T21:04:56.418+0000] {dagbag.py:587} INFO - Filling up the DagBag from /home/airflow/.local/lib/python3.12/site-packages/airflow/example_dags/example_bash_decorator.py
[2024-09-04T21:04:56.439+0000] {processor.py:925} INFO - DAG(s) 'example_bash_decorator' retrieved from /home/airflow/.local/lib/python3.12/site-packages/airflow/example_dags/example_bash_decorator.py
[2024-09-04T21:04:56.475+0000] {logging_mixin.py:190} INFO - [2024-09-04T21:04:56.475+0000] {dag.py:3211} INFO - Sync 1 DAGs
[2024-09-04T21:04:56.497+0000] {logging_mixin.py:190} INFO - [2024-09-04T21:04:56.496+0000] {dag.py:4138} INFO - Setting next_dagrun for example_bash_decorator to None, run_after=None
[2024-09-04T21:04:56.527+0000] {processor.py:208} INFO - Processing /home/airflow/.local/lib/python3.12/site-packages/airflow/example_dags/example_bash_decorator.py took 0.125 seconds
[2024-09-04T21:05:27.417+0000] {processor.py:186} INFO - Started process (PID=740) to work on /home/airflow/.local/lib/python3.12/site-packages/airflow/example_dags/example_bash_decorator.py
[2024-09-04T21:05:27.419+0000] {processor.py:914} INFO - Processing file /home/airflow/.local/lib/python3.12/site-packages/airflow/example_dags/example_bash_decorator.py for tasks to queue
[2024-09-04T21:05:27.423+0000] {logging_mixin.py:190} INFO - [2024-09-04T21:05:27.423+0000] {dagbag.py:587} INFO - Filling up the DagBag from /home/airflow/.local/lib/python3.12/site-packages/airflow/example_dags/example_bash_decorator.py
[2024-09-04T21:05:27.449+0000] {processor.py:925} INFO - DAG(s) 'example_bash_decorator' retrieved from /home/airflow/.local/lib/python3.12/site-packages/airflow/example_dags/example_bash_decorator.py
[2024-09-04T21:05:27.488+0000] {logging_mixin.py:190} INFO - [2024-09-04T21:05:27.488+0000] {dag.py:3211} INFO - Sync 1 DAGs
[2024-09-04T21:05:27.514+0000] {logging_mixin.py:190} INFO - [2024-09-04T21:05:27.514+0000] {dag.py:4138} INFO - Setting next_dagrun for example_bash_decorator to None, run_after=None
[2024-09-04T21:05:27.548+0000] {processor.py:208} INFO - Processing /home/airflow/.local/lib/python3.12/site-packages/airflow/example_dags/example_bash_decorator.py took 0.142 seconds
[2024-09-04T21:05:58.016+0000] {processor.py:186} INFO - Started process (PID=802) to work on /home/airflow/.local/lib/python3.12/site-packages/airflow/example_dags/example_bash_decorator.py
[2024-09-04T21:05:58.017+0000] {processor.py:914} INFO - Processing file /home/airflow/.local/lib/python3.12/site-packages/airflow/example_dags/example_bash_decorator.py for tasks to queue
[2024-09-04T21:05:58.019+0000] {logging_mixin.py:190} INFO - [2024-09-04T21:05:58.019+0000] {dagbag.py:587} INFO - Filling up the DagBag from /home/airflow/.local/lib/python3.12/site-packages/airflow/example_dags/example_bash_decorator.py
[2024-09-04T21:05:58.032+0000] {processor.py:925} INFO - DAG(s) 'example_bash_decorator' retrieved from /home/airflow/.local/lib/python3.12/site-packages/airflow/example_dags/example_bash_decorator.py
[2024-09-04T21:05:58.056+0000] {logging_mixin.py:190} INFO - [2024-09-04T21:05:58.056+0000] {dag.py:3211} INFO - Sync 1 DAGs
[2024-09-04T21:05:58.069+0000] {logging_mixin.py:190} INFO - [2024-09-04T21:05:58.069+0000] {dag.py:4138} INFO - Setting next_dagrun for example_bash_decorator to None, run_after=None
[2024-09-04T21:05:58.086+0000] {processor.py:208} INFO - Processing /home/airflow/.local/lib/python3.12/site-packages/airflow/example_dags/example_bash_decorator.py took 0.075 seconds
[2024-09-04T21:06:32.543+0000] {processor.py:186} INFO - Started process (PID=863) to work on /home/airflow/.local/lib/python3.12/site-packages/airflow/example_dags/example_bash_decorator.py
[2024-09-04T21:06:32.546+0000] {processor.py:914} INFO - Processing file /home/airflow/.local/lib/python3.12/site-packages/airflow/example_dags/example_bash_decorator.py for tasks to queue
[2024-09-04T21:06:32.554+0000] {logging_mixin.py:190} INFO - [2024-09-04T21:06:32.553+0000] {dagbag.py:587} INFO - Filling up the DagBag from /home/airflow/.local/lib/python3.12/site-packages/airflow/example_dags/example_bash_decorator.py
[2024-09-04T21:06:32.614+0000] {processor.py:925} INFO - DAG(s) 'example_bash_decorator' retrieved from /home/airflow/.local/lib/python3.12/site-packages/airflow/example_dags/example_bash_decorator.py
[2024-09-04T21:06:32.702+0000] {logging_mixin.py:190} INFO - [2024-09-04T21:06:32.700+0000] {dag.py:3211} INFO - Sync 1 DAGs
[2024-09-04T21:06:32.804+0000] {logging_mixin.py:190} INFO - [2024-09-04T21:06:32.803+0000] {dag.py:4138} INFO - Setting next_dagrun for example_bash_decorator to None, run_after=None
[2024-09-04T21:06:32.899+0000] {processor.py:208} INFO - Processing /home/airflow/.local/lib/python3.12/site-packages/airflow/example_dags/example_bash_decorator.py took 0.384 seconds
[2024-09-04T21:07:02.984+0000] {processor.py:186} INFO - Started process (PID=925) to work on /home/airflow/.local/lib/python3.12/site-packages/airflow/example_dags/example_bash_decorator.py
[2024-09-04T21:07:02.987+0000] {processor.py:914} INFO - Processing file /home/airflow/.local/lib/python3.12/site-packages/airflow/example_dags/example_bash_decorator.py for tasks to queue
[2024-09-04T21:07:02.992+0000] {logging_mixin.py:190} INFO - [2024-09-04T21:07:02.991+0000] {dagbag.py:587} INFO - Filling up the DagBag from /home/airflow/.local/lib/python3.12/site-packages/airflow/example_dags/example_bash_decorator.py
[2024-09-04T21:07:03.021+0000] {processor.py:925} INFO - DAG(s) 'example_bash_decorator' retrieved from /home/airflow/.local/lib/python3.12/site-packages/airflow/example_dags/example_bash_decorator.py
[2024-09-04T21:07:03.076+0000] {logging_mixin.py:190} INFO - [2024-09-04T21:07:03.075+0000] {dag.py:3211} INFO - Sync 1 DAGs
[2024-09-04T21:07:03.108+0000] {logging_mixin.py:190} INFO - [2024-09-04T21:07:03.107+0000] {dag.py:4138} INFO - Setting next_dagrun for example_bash_decorator to None, run_after=None
[2024-09-04T21:07:03.153+0000] {processor.py:208} INFO - Processing /home/airflow/.local/lib/python3.12/site-packages/airflow/example_dags/example_bash_decorator.py took 0.182 seconds
[2024-09-04T21:07:33.241+0000] {processor.py:186} INFO - Started process (PID=987) to work on /home/airflow/.local/lib/python3.12/site-packages/airflow/example_dags/example_bash_decorator.py
[2024-09-04T21:07:33.243+0000] {processor.py:914} INFO - Processing file /home/airflow/.local/lib/python3.12/site-packages/airflow/example_dags/example_bash_decorator.py for tasks to queue
[2024-09-04T21:07:33.250+0000] {logging_mixin.py:190} INFO - [2024-09-04T21:07:33.249+0000] {dagbag.py:587} INFO - Filling up the DagBag from /home/airflow/.local/lib/python3.12/site-packages/airflow/example_dags/example_bash_decorator.py
[2024-09-04T21:07:33.272+0000] {processor.py:925} INFO - DAG(s) 'example_bash_decorator' retrieved from /home/airflow/.local/lib/python3.12/site-packages/airflow/example_dags/example_bash_decorator.py
[2024-09-04T21:07:33.299+0000] {logging_mixin.py:190} INFO - [2024-09-04T21:07:33.299+0000] {dag.py:3211} INFO - Sync 1 DAGs
[2024-09-04T21:07:33.316+0000] {logging_mixin.py:190} INFO - [2024-09-04T21:07:33.315+0000] {dag.py:4138} INFO - Setting next_dagrun for example_bash_decorator to None, run_after=None
[2024-09-04T21:07:33.343+0000] {processor.py:208} INFO - Processing /home/airflow/.local/lib/python3.12/site-packages/airflow/example_dags/example_bash_decorator.py took 0.112 seconds
[2024-09-04T21:08:03.914+0000] {processor.py:186} INFO - Started process (PID=1050) to work on /home/airflow/.local/lib/python3.12/site-packages/airflow/example_dags/example_bash_decorator.py
[2024-09-04T21:08:03.916+0000] {processor.py:914} INFO - Processing file /home/airflow/.local/lib/python3.12/site-packages/airflow/example_dags/example_bash_decorator.py for tasks to queue
[2024-09-04T21:08:03.920+0000] {logging_mixin.py:190} INFO - [2024-09-04T21:08:03.919+0000] {dagbag.py:587} INFO - Filling up the DagBag from /home/airflow/.local/lib/python3.12/site-packages/airflow/example_dags/example_bash_decorator.py
[2024-09-04T21:08:03.940+0000] {processor.py:925} INFO - DAG(s) 'example_bash_decorator' retrieved from /home/airflow/.local/lib/python3.12/site-packages/airflow/example_dags/example_bash_decorator.py
[2024-09-04T21:08:03.970+0000] {logging_mixin.py:190} INFO - [2024-09-04T21:08:03.970+0000] {dag.py:3211} INFO - Sync 1 DAGs
[2024-09-04T21:08:04.051+0000] {logging_mixin.py:190} INFO - [2024-09-04T21:08:04.050+0000] {dag.py:4138} INFO - Setting next_dagrun for example_bash_decorator to None, run_after=None
[2024-09-04T21:08:04.076+0000] {processor.py:208} INFO - Processing /home/airflow/.local/lib/python3.12/site-packages/airflow/example_dags/example_bash_decorator.py took 0.170 seconds
[2024-09-04T21:08:34.443+0000] {processor.py:186} INFO - Started process (PID=1112) to work on /home/airflow/.local/lib/python3.12/site-packages/airflow/example_dags/example_bash_decorator.py
[2024-09-04T21:08:34.444+0000] {processor.py:914} INFO - Processing file /home/airflow/.local/lib/python3.12/site-packages/airflow/example_dags/example_bash_decorator.py for tasks to queue
[2024-09-04T21:08:34.446+0000] {logging_mixin.py:190} INFO - [2024-09-04T21:08:34.446+0000] {dagbag.py:587} INFO - Filling up the DagBag from /home/airflow/.local/lib/python3.12/site-packages/airflow/example_dags/example_bash_decorator.py
[2024-09-04T21:08:34.460+0000] {processor.py:925} INFO - DAG(s) 'example_bash_decorator' retrieved from /home/airflow/.local/lib/python3.12/site-packages/airflow/example_dags/example_bash_decorator.py
[2024-09-04T21:08:34.482+0000] {logging_mixin.py:190} INFO - [2024-09-04T21:08:34.482+0000] {dag.py:3211} INFO - Sync 1 DAGs
[2024-09-04T21:08:34.494+0000] {logging_mixin.py:190} INFO - [2024-09-04T21:08:34.494+0000] {dag.py:4138} INFO - Setting next_dagrun for example_bash_decorator to None, run_after=None
[2024-09-04T21:08:34.512+0000] {processor.py:208} INFO - Processing /home/airflow/.local/lib/python3.12/site-packages/airflow/example_dags/example_bash_decorator.py took 0.074 seconds
[2024-09-04T21:09:04.948+0000] {processor.py:186} INFO - Started process (PID=1174) to work on /home/airflow/.local/lib/python3.12/site-packages/airflow/example_dags/example_bash_decorator.py
[2024-09-04T21:09:04.950+0000] {processor.py:914} INFO - Processing file /home/airflow/.local/lib/python3.12/site-packages/airflow/example_dags/example_bash_decorator.py for tasks to queue
[2024-09-04T21:09:04.953+0000] {logging_mixin.py:190} INFO - [2024-09-04T21:09:04.952+0000] {dagbag.py:587} INFO - Filling up the DagBag from /home/airflow/.local/lib/python3.12/site-packages/airflow/example_dags/example_bash_decorator.py
[2024-09-04T21:09:04.966+0000] {processor.py:925} INFO - DAG(s) 'example_bash_decorator' retrieved from /home/airflow/.local/lib/python3.12/site-packages/airflow/example_dags/example_bash_decorator.py
[2024-09-04T21:09:04.989+0000] {logging_mixin.py:190} INFO - [2024-09-04T21:09:04.988+0000] {dag.py:3211} INFO - Sync 1 DAGs
[2024-09-04T21:09:05.001+0000] {logging_mixin.py:190} INFO - [2024-09-04T21:09:05.001+0000] {dag.py:4138} INFO - Setting next_dagrun for example_bash_decorator to None, run_after=None
[2024-09-04T21:09:05.018+0000] {processor.py:208} INFO - Processing /home/airflow/.local/lib/python3.12/site-packages/airflow/example_dags/example_bash_decorator.py took 0.074 seconds
[2024-09-04T21:09:35.382+0000] {processor.py:186} INFO - Started process (PID=1236) to work on /home/airflow/.local/lib/python3.12/site-packages/airflow/example_dags/example_bash_decorator.py
[2024-09-04T21:09:35.383+0000] {processor.py:914} INFO - Processing file /home/airflow/.local/lib/python3.12/site-packages/airflow/example_dags/example_bash_decorator.py for tasks to queue
[2024-09-04T21:09:35.386+0000] {logging_mixin.py:190} INFO - [2024-09-04T21:09:35.386+0000] {dagbag.py:587} INFO - Filling up the DagBag from /home/airflow/.local/lib/python3.12/site-packages/airflow/example_dags/example_bash_decorator.py
[2024-09-04T21:09:35.398+0000] {processor.py:925} INFO - DAG(s) 'example_bash_decorator' retrieved from /home/airflow/.local/lib/python3.12/site-packages/airflow/example_dags/example_bash_decorator.py
[2024-09-04T21:09:35.420+0000] {logging_mixin.py:190} INFO - [2024-09-04T21:09:35.420+0000] {dag.py:3211} INFO - Sync 1 DAGs
[2024-09-04T21:09:35.433+0000] {logging_mixin.py:190} INFO - [2024-09-04T21:09:35.433+0000] {dag.py:4138} INFO - Setting next_dagrun for example_bash_decorator to None, run_after=None
[2024-09-04T21:09:35.453+0000] {processor.py:208} INFO - Processing /home/airflow/.local/lib/python3.12/site-packages/airflow/example_dags/example_bash_decorator.py took 0.076 seconds
[2024-09-04T21:10:05.829+0000] {processor.py:186} INFO - Started process (PID=1298) to work on /home/airflow/.local/lib/python3.12/site-packages/airflow/example_dags/example_bash_decorator.py
[2024-09-04T21:10:05.830+0000] {processor.py:914} INFO - Processing file /home/airflow/.local/lib/python3.12/site-packages/airflow/example_dags/example_bash_decorator.py for tasks to queue
[2024-09-04T21:10:05.832+0000] {logging_mixin.py:190} INFO - [2024-09-04T21:10:05.832+0000] {dagbag.py:587} INFO - Filling up the DagBag from /home/airflow/.local/lib/python3.12/site-packages/airflow/example_dags/example_bash_decorator.py
[2024-09-04T21:10:05.844+0000] {processor.py:925} INFO - DAG(s) 'example_bash_decorator' retrieved from /home/airflow/.local/lib/python3.12/site-packages/airflow/example_dags/example_bash_decorator.py
[2024-09-04T21:10:05.866+0000] {logging_mixin.py:190} INFO - [2024-09-04T21:10:05.865+0000] {dag.py:3211} INFO - Sync 1 DAGs
[2024-09-04T21:10:05.877+0000] {logging_mixin.py:190} INFO - [2024-09-04T21:10:05.877+0000] {dag.py:4138} INFO - Setting next_dagrun for example_bash_decorator to None, run_after=None
[2024-09-04T21:10:05.896+0000] {processor.py:208} INFO - Processing /home/airflow/.local/lib/python3.12/site-packages/airflow/example_dags/example_bash_decorator.py took 0.072 seconds
[2024-09-04T21:10:36.807+0000] {processor.py:186} INFO - Started process (PID=1361) to work on /home/airflow/.local/lib/python3.12/site-packages/airflow/example_dags/example_bash_decorator.py
[2024-09-04T21:10:36.810+0000] {processor.py:914} INFO - Processing file /home/airflow/.local/lib/python3.12/site-packages/airflow/example_dags/example_bash_decorator.py for tasks to queue
[2024-09-04T21:10:36.812+0000] {logging_mixin.py:190} INFO - [2024-09-04T21:10:36.812+0000] {dagbag.py:587} INFO - Filling up the DagBag from /home/airflow/.local/lib/python3.12/site-packages/airflow/example_dags/example_bash_decorator.py
[2024-09-04T21:10:36.834+0000] {processor.py:925} INFO - DAG(s) 'example_bash_decorator' retrieved from /home/airflow/.local/lib/python3.12/site-packages/airflow/example_dags/example_bash_decorator.py
[2024-09-04T21:10:36.862+0000] {logging_mixin.py:190} INFO - [2024-09-04T21:10:36.862+0000] {dag.py:3211} INFO - Sync 1 DAGs
[2024-09-04T21:10:36.878+0000] {logging_mixin.py:190} INFO - [2024-09-04T21:10:36.878+0000] {dag.py:4138} INFO - Setting next_dagrun for example_bash_decorator to None, run_after=None
[2024-09-04T21:10:36.899+0000] {processor.py:208} INFO - Processing /home/airflow/.local/lib/python3.12/site-packages/airflow/example_dags/example_bash_decorator.py took 0.099 seconds
[2024-09-04T21:11:06.976+0000] {processor.py:186} INFO - Started process (PID=1424) to work on /home/airflow/.local/lib/python3.12/site-packages/airflow/example_dags/example_bash_decorator.py
[2024-09-04T21:11:06.977+0000] {processor.py:914} INFO - Processing file /home/airflow/.local/lib/python3.12/site-packages/airflow/example_dags/example_bash_decorator.py for tasks to queue
[2024-09-04T21:11:06.979+0000] {logging_mixin.py:190} INFO - [2024-09-04T21:11:06.979+0000] {dagbag.py:587} INFO - Filling up the DagBag from /home/airflow/.local/lib/python3.12/site-packages/airflow/example_dags/example_bash_decorator.py
[2024-09-04T21:11:06.993+0000] {processor.py:925} INFO - DAG(s) 'example_bash_decorator' retrieved from /home/airflow/.local/lib/python3.12/site-packages/airflow/example_dags/example_bash_decorator.py
[2024-09-04T21:11:07.016+0000] {logging_mixin.py:190} INFO - [2024-09-04T21:11:07.016+0000] {dag.py:3211} INFO - Sync 1 DAGs
[2024-09-04T21:11:07.030+0000] {logging_mixin.py:190} INFO - [2024-09-04T21:11:07.029+0000] {dag.py:4138} INFO - Setting next_dagrun for example_bash_decorator to None, run_after=None
[2024-09-04T21:11:07.048+0000] {processor.py:208} INFO - Processing /home/airflow/.local/lib/python3.12/site-packages/airflow/example_dags/example_bash_decorator.py took 0.078 seconds
[2024-09-04T21:11:37.233+0000] {processor.py:186} INFO - Started process (PID=1487) to work on /home/airflow/.local/lib/python3.12/site-packages/airflow/example_dags/example_bash_decorator.py
[2024-09-04T21:11:37.234+0000] {processor.py:914} INFO - Processing file /home/airflow/.local/lib/python3.12/site-packages/airflow/example_dags/example_bash_decorator.py for tasks to queue
[2024-09-04T21:11:37.237+0000] {logging_mixin.py:190} INFO - [2024-09-04T21:11:37.236+0000] {dagbag.py:587} INFO - Filling up the DagBag from /home/airflow/.local/lib/python3.12/site-packages/airflow/example_dags/example_bash_decorator.py
[2024-09-04T21:11:37.250+0000] {processor.py:925} INFO - DAG(s) 'example_bash_decorator' retrieved from /home/airflow/.local/lib/python3.12/site-packages/airflow/example_dags/example_bash_decorator.py
[2024-09-04T21:11:37.272+0000] {logging_mixin.py:190} INFO - [2024-09-04T21:11:37.272+0000] {dag.py:3211} INFO - Sync 1 DAGs
[2024-09-04T21:11:37.286+0000] {logging_mixin.py:190} INFO - [2024-09-04T21:11:37.285+0000] {dag.py:4138} INFO - Setting next_dagrun for example_bash_decorator to None, run_after=None
[2024-09-04T21:11:37.306+0000] {processor.py:208} INFO - Processing /home/airflow/.local/lib/python3.12/site-packages/airflow/example_dags/example_bash_decorator.py took 0.081 seconds
[2024-09-04T21:12:07.411+0000] {processor.py:186} INFO - Started process (PID=1550) to work on /home/airflow/.local/lib/python3.12/site-packages/airflow/example_dags/example_bash_decorator.py
[2024-09-04T21:12:07.412+0000] {processor.py:914} INFO - Processing file /home/airflow/.local/lib/python3.12/site-packages/airflow/example_dags/example_bash_decorator.py for tasks to queue
[2024-09-04T21:12:07.414+0000] {logging_mixin.py:190} INFO - [2024-09-04T21:12:07.414+0000] {dagbag.py:587} INFO - Filling up the DagBag from /home/airflow/.local/lib/python3.12/site-packages/airflow/example_dags/example_bash_decorator.py
[2024-09-04T21:12:07.429+0000] {processor.py:925} INFO - DAG(s) 'example_bash_decorator' retrieved from /home/airflow/.local/lib/python3.12/site-packages/airflow/example_dags/example_bash_decorator.py
[2024-09-04T21:12:07.453+0000] {logging_mixin.py:190} INFO - [2024-09-04T21:12:07.453+0000] {dag.py:3211} INFO - Sync 1 DAGs
[2024-09-04T21:12:07.465+0000] {logging_mixin.py:190} INFO - [2024-09-04T21:12:07.465+0000] {dag.py:4138} INFO - Setting next_dagrun for example_bash_decorator to None, run_after=None
[2024-09-04T21:12:07.485+0000] {processor.py:208} INFO - Processing /home/airflow/.local/lib/python3.12/site-packages/airflow/example_dags/example_bash_decorator.py took 0.079 seconds
[2024-09-04T21:12:38.359+0000] {processor.py:186} INFO - Started process (PID=1614) to work on /home/airflow/.local/lib/python3.12/site-packages/airflow/example_dags/example_bash_decorator.py
[2024-09-04T21:12:38.360+0000] {processor.py:914} INFO - Processing file /home/airflow/.local/lib/python3.12/site-packages/airflow/example_dags/example_bash_decorator.py for tasks to queue
[2024-09-04T21:12:38.362+0000] {logging_mixin.py:190} INFO - [2024-09-04T21:12:38.362+0000] {dagbag.py:587} INFO - Filling up the DagBag from /home/airflow/.local/lib/python3.12/site-packages/airflow/example_dags/example_bash_decorator.py
[2024-09-04T21:12:38.376+0000] {processor.py:925} INFO - DAG(s) 'example_bash_decorator' retrieved from /home/airflow/.local/lib/python3.12/site-packages/airflow/example_dags/example_bash_decorator.py
[2024-09-04T21:12:38.399+0000] {logging_mixin.py:190} INFO - [2024-09-04T21:12:38.399+0000] {dag.py:3211} INFO - Sync 1 DAGs
[2024-09-04T21:12:38.412+0000] {logging_mixin.py:190} INFO - [2024-09-04T21:12:38.412+0000] {dag.py:4138} INFO - Setting next_dagrun for example_bash_decorator to None, run_after=None
[2024-09-04T21:12:38.432+0000] {processor.py:208} INFO - Processing /home/airflow/.local/lib/python3.12/site-packages/airflow/example_dags/example_bash_decorator.py took 0.078 seconds
[2024-09-04T21:13:09.276+0000] {processor.py:186} INFO - Started process (PID=1677) to work on /home/airflow/.local/lib/python3.12/site-packages/airflow/example_dags/example_bash_decorator.py
[2024-09-04T21:13:09.277+0000] {processor.py:914} INFO - Processing file /home/airflow/.local/lib/python3.12/site-packages/airflow/example_dags/example_bash_decorator.py for tasks to queue
[2024-09-04T21:13:09.279+0000] {logging_mixin.py:190} INFO - [2024-09-04T21:13:09.279+0000] {dagbag.py:587} INFO - Filling up the DagBag from /home/airflow/.local/lib/python3.12/site-packages/airflow/example_dags/example_bash_decorator.py
[2024-09-04T21:13:09.294+0000] {processor.py:925} INFO - DAG(s) 'example_bash_decorator' retrieved from /home/airflow/.local/lib/python3.12/site-packages/airflow/example_dags/example_bash_decorator.py
[2024-09-04T21:13:09.317+0000] {logging_mixin.py:190} INFO - [2024-09-04T21:13:09.317+0000] {dag.py:3211} INFO - Sync 1 DAGs
[2024-09-04T21:13:09.329+0000] {logging_mixin.py:190} INFO - [2024-09-04T21:13:09.329+0000] {dag.py:4138} INFO - Setting next_dagrun for example_bash_decorator to None, run_after=None
[2024-09-04T21:13:09.348+0000] {processor.py:208} INFO - Processing /home/airflow/.local/lib/python3.12/site-packages/airflow/example_dags/example_bash_decorator.py took 0.077 seconds
[2024-09-04T21:13:39.480+0000] {processor.py:186} INFO - Started process (PID=1740) to work on /home/airflow/.local/lib/python3.12/site-packages/airflow/example_dags/example_bash_decorator.py
[2024-09-04T21:13:39.481+0000] {processor.py:914} INFO - Processing file /home/airflow/.local/lib/python3.12/site-packages/airflow/example_dags/example_bash_decorator.py for tasks to queue
[2024-09-04T21:13:39.484+0000] {logging_mixin.py:190} INFO - [2024-09-04T21:13:39.484+0000] {dagbag.py:587} INFO - Filling up the DagBag from /home/airflow/.local/lib/python3.12/site-packages/airflow/example_dags/example_bash_decorator.py
[2024-09-04T21:13:39.498+0000] {processor.py:925} INFO - DAG(s) 'example_bash_decorator' retrieved from /home/airflow/.local/lib/python3.12/site-packages/airflow/example_dags/example_bash_decorator.py
[2024-09-04T21:13:39.522+0000] {logging_mixin.py:190} INFO - [2024-09-04T21:13:39.521+0000] {dag.py:3211} INFO - Sync 1 DAGs
[2024-09-04T21:13:39.534+0000] {logging_mixin.py:190} INFO - [2024-09-04T21:13:39.534+0000] {dag.py:4138} INFO - Setting next_dagrun for example_bash_decorator to None, run_after=None
[2024-09-04T21:13:39.554+0000] {processor.py:208} INFO - Processing /home/airflow/.local/lib/python3.12/site-packages/airflow/example_dags/example_bash_decorator.py took 0.079 seconds
[2024-09-04T21:14:10.133+0000] {processor.py:186} INFO - Started process (PID=1803) to work on /home/airflow/.local/lib/python3.12/site-packages/airflow/example_dags/example_bash_decorator.py
[2024-09-04T21:14:10.134+0000] {processor.py:914} INFO - Processing file /home/airflow/.local/lib/python3.12/site-packages/airflow/example_dags/example_bash_decorator.py for tasks to queue
[2024-09-04T21:14:10.137+0000] {logging_mixin.py:190} INFO - [2024-09-04T21:14:10.137+0000] {dagbag.py:587} INFO - Filling up the DagBag from /home/airflow/.local/lib/python3.12/site-packages/airflow/example_dags/example_bash_decorator.py
[2024-09-04T21:14:10.154+0000] {processor.py:925} INFO - DAG(s) 'example_bash_decorator' retrieved from /home/airflow/.local/lib/python3.12/site-packages/airflow/example_dags/example_bash_decorator.py
[2024-09-04T21:14:10.176+0000] {logging_mixin.py:190} INFO - [2024-09-04T21:14:10.176+0000] {dag.py:3211} INFO - Sync 1 DAGs
[2024-09-04T21:14:10.192+0000] {logging_mixin.py:190} INFO - [2024-09-04T21:14:10.192+0000] {dag.py:4138} INFO - Setting next_dagrun for example_bash_decorator to None, run_after=None
[2024-09-04T21:14:10.210+0000] {processor.py:208} INFO - Processing /home/airflow/.local/lib/python3.12/site-packages/airflow/example_dags/example_bash_decorator.py took 0.084 seconds
[2024-09-04T21:14:41.023+0000] {processor.py:186} INFO - Started process (PID=1866) to work on /home/airflow/.local/lib/python3.12/site-packages/airflow/example_dags/example_bash_decorator.py
[2024-09-04T21:14:41.025+0000] {processor.py:914} INFO - Processing file /home/airflow/.local/lib/python3.12/site-packages/airflow/example_dags/example_bash_decorator.py for tasks to queue
[2024-09-04T21:14:41.028+0000] {logging_mixin.py:190} INFO - [2024-09-04T21:14:41.028+0000] {dagbag.py:587} INFO - Filling up the DagBag from /home/airflow/.local/lib/python3.12/site-packages/airflow/example_dags/example_bash_decorator.py
[2024-09-04T21:14:41.048+0000] {processor.py:925} INFO - DAG(s) 'example_bash_decorator' retrieved from /home/airflow/.local/lib/python3.12/site-packages/airflow/example_dags/example_bash_decorator.py
[2024-09-04T21:14:41.082+0000] {logging_mixin.py:190} INFO - [2024-09-04T21:14:41.081+0000] {dag.py:3211} INFO - Sync 1 DAGs
[2024-09-04T21:14:41.098+0000] {logging_mixin.py:190} INFO - [2024-09-04T21:14:41.098+0000] {dag.py:4138} INFO - Setting next_dagrun for example_bash_decorator to None, run_after=None
[2024-09-04T21:14:41.117+0000] {processor.py:208} INFO - Processing /home/airflow/.local/lib/python3.12/site-packages/airflow/example_dags/example_bash_decorator.py took 0.100 seconds
[2024-09-04T21:15:12.303+0000] {processor.py:186} INFO - Started process (PID=1929) to work on /home/airflow/.local/lib/python3.12/site-packages/airflow/example_dags/example_bash_decorator.py
[2024-09-04T21:15:12.305+0000] {processor.py:914} INFO - Processing file /home/airflow/.local/lib/python3.12/site-packages/airflow/example_dags/example_bash_decorator.py for tasks to queue
[2024-09-04T21:15:12.310+0000] {logging_mixin.py:190} INFO - [2024-09-04T21:15:12.309+0000] {dagbag.py:587} INFO - Filling up the DagBag from /home/airflow/.local/lib/python3.12/site-packages/airflow/example_dags/example_bash_decorator.py
[2024-09-04T21:15:12.362+0000] {processor.py:925} INFO - DAG(s) 'example_bash_decorator' retrieved from /home/airflow/.local/lib/python3.12/site-packages/airflow/example_dags/example_bash_decorator.py
[2024-09-04T21:15:12.470+0000] {logging_mixin.py:190} INFO - [2024-09-04T21:15:12.470+0000] {dag.py:3211} INFO - Sync 1 DAGs
[2024-09-04T21:15:12.500+0000] {logging_mixin.py:190} INFO - [2024-09-04T21:15:12.500+0000] {dag.py:4138} INFO - Setting next_dagrun for example_bash_decorator to None, run_after=None
[2024-09-04T21:15:12.553+0000] {processor.py:208} INFO - Processing /home/airflow/.local/lib/python3.12/site-packages/airflow/example_dags/example_bash_decorator.py took 0.261 seconds
[2024-09-04T21:15:42.721+0000] {processor.py:186} INFO - Started process (PID=1992) to work on /home/airflow/.local/lib/python3.12/site-packages/airflow/example_dags/example_bash_decorator.py
[2024-09-04T21:15:42.723+0000] {processor.py:914} INFO - Processing file /home/airflow/.local/lib/python3.12/site-packages/airflow/example_dags/example_bash_decorator.py for tasks to queue
[2024-09-04T21:15:42.728+0000] {logging_mixin.py:190} INFO - [2024-09-04T21:15:42.728+0000] {dagbag.py:587} INFO - Filling up the DagBag from /home/airflow/.local/lib/python3.12/site-packages/airflow/example_dags/example_bash_decorator.py
[2024-09-04T21:15:42.760+0000] {processor.py:925} INFO - DAG(s) 'example_bash_decorator' retrieved from /home/airflow/.local/lib/python3.12/site-packages/airflow/example_dags/example_bash_decorator.py
[2024-09-04T21:15:42.807+0000] {logging_mixin.py:190} INFO - [2024-09-04T21:15:42.806+0000] {dag.py:3211} INFO - Sync 1 DAGs
[2024-09-04T21:15:42.838+0000] {logging_mixin.py:190} INFO - [2024-09-04T21:15:42.837+0000] {dag.py:4138} INFO - Setting next_dagrun for example_bash_decorator to None, run_after=None
[2024-09-04T21:15:42.874+0000] {processor.py:208} INFO - Processing /home/airflow/.local/lib/python3.12/site-packages/airflow/example_dags/example_bash_decorator.py took 0.165 seconds
[2024-09-04T21:16:13.352+0000] {processor.py:186} INFO - Started process (PID=2056) to work on /home/airflow/.local/lib/python3.12/site-packages/airflow/example_dags/example_bash_decorator.py
[2024-09-04T21:16:13.354+0000] {processor.py:914} INFO - Processing file /home/airflow/.local/lib/python3.12/site-packages/airflow/example_dags/example_bash_decorator.py for tasks to queue
[2024-09-04T21:16:13.356+0000] {logging_mixin.py:190} INFO - [2024-09-04T21:16:13.356+0000] {dagbag.py:587} INFO - Filling up the DagBag from /home/airflow/.local/lib/python3.12/site-packages/airflow/example_dags/example_bash_decorator.py
[2024-09-04T21:16:13.370+0000] {processor.py:925} INFO - DAG(s) 'example_bash_decorator' retrieved from /home/airflow/.local/lib/python3.12/site-packages/airflow/example_dags/example_bash_decorator.py
[2024-09-04T21:16:13.395+0000] {logging_mixin.py:190} INFO - [2024-09-04T21:16:13.395+0000] {dag.py:3211} INFO - Sync 1 DAGs
[2024-09-04T21:16:13.409+0000] {logging_mixin.py:190} INFO - [2024-09-04T21:16:13.409+0000] {dag.py:4138} INFO - Setting next_dagrun for example_bash_decorator to None, run_after=None
[2024-09-04T21:16:13.429+0000] {processor.py:208} INFO - Processing /home/airflow/.local/lib/python3.12/site-packages/airflow/example_dags/example_bash_decorator.py took 0.082 seconds
[2024-09-04T21:16:43.844+0000] {processor.py:186} INFO - Started process (PID=2119) to work on /home/airflow/.local/lib/python3.12/site-packages/airflow/example_dags/example_bash_decorator.py
[2024-09-04T21:16:43.846+0000] {processor.py:914} INFO - Processing file /home/airflow/.local/lib/python3.12/site-packages/airflow/example_dags/example_bash_decorator.py for tasks to queue
[2024-09-04T21:16:43.848+0000] {logging_mixin.py:190} INFO - [2024-09-04T21:16:43.848+0000] {dagbag.py:587} INFO - Filling up the DagBag from /home/airflow/.local/lib/python3.12/site-packages/airflow/example_dags/example_bash_decorator.py
[2024-09-04T21:16:43.862+0000] {processor.py:925} INFO - DAG(s) 'example_bash_decorator' retrieved from /home/airflow/.local/lib/python3.12/site-packages/airflow/example_dags/example_bash_decorator.py
[2024-09-04T21:16:43.886+0000] {logging_mixin.py:190} INFO - [2024-09-04T21:16:43.886+0000] {dag.py:3211} INFO - Sync 1 DAGs
[2024-09-04T21:16:43.901+0000] {logging_mixin.py:190} INFO - [2024-09-04T21:16:43.901+0000] {dag.py:4138} INFO - Setting next_dagrun for example_bash_decorator to None, run_after=None
[2024-09-04T21:16:43.921+0000] {processor.py:208} INFO - Processing /home/airflow/.local/lib/python3.12/site-packages/airflow/example_dags/example_bash_decorator.py took 0.082 seconds
[2024-09-04T21:17:14.940+0000] {processor.py:186} INFO - Started process (PID=2182) to work on /home/airflow/.local/lib/python3.12/site-packages/airflow/example_dags/example_bash_decorator.py
[2024-09-04T21:17:14.942+0000] {processor.py:914} INFO - Processing file /home/airflow/.local/lib/python3.12/site-packages/airflow/example_dags/example_bash_decorator.py for tasks to queue
[2024-09-04T21:17:14.949+0000] {logging_mixin.py:190} INFO - [2024-09-04T21:17:14.948+0000] {dagbag.py:587} INFO - Filling up the DagBag from /home/airflow/.local/lib/python3.12/site-packages/airflow/example_dags/example_bash_decorator.py
[2024-09-04T21:17:14.986+0000] {processor.py:925} INFO - DAG(s) 'example_bash_decorator' retrieved from /home/airflow/.local/lib/python3.12/site-packages/airflow/example_dags/example_bash_decorator.py
[2024-09-04T21:17:15.035+0000] {logging_mixin.py:190} INFO - [2024-09-04T21:17:15.034+0000] {dag.py:3211} INFO - Sync 1 DAGs
[2024-09-04T21:17:15.064+0000] {logging_mixin.py:190} INFO - [2024-09-04T21:17:15.064+0000] {dag.py:4138} INFO - Setting next_dagrun for example_bash_decorator to None, run_after=None
[2024-09-04T21:17:15.096+0000] {processor.py:208} INFO - Processing /home/airflow/.local/lib/python3.12/site-packages/airflow/example_dags/example_bash_decorator.py took 0.166 seconds
[2024-09-04T21:17:45.633+0000] {processor.py:186} INFO - Started process (PID=2245) to work on /home/airflow/.local/lib/python3.12/site-packages/airflow/example_dags/example_bash_decorator.py
[2024-09-04T21:17:45.634+0000] {processor.py:914} INFO - Processing file /home/airflow/.local/lib/python3.12/site-packages/airflow/example_dags/example_bash_decorator.py for tasks to queue
[2024-09-04T21:17:45.636+0000] {logging_mixin.py:190} INFO - [2024-09-04T21:17:45.636+0000] {dagbag.py:587} INFO - Filling up the DagBag from /home/airflow/.local/lib/python3.12/site-packages/airflow/example_dags/example_bash_decorator.py
[2024-09-04T21:17:45.651+0000] {processor.py:925} INFO - DAG(s) 'example_bash_decorator' retrieved from /home/airflow/.local/lib/python3.12/site-packages/airflow/example_dags/example_bash_decorator.py
[2024-09-04T21:17:45.672+0000] {logging_mixin.py:190} INFO - [2024-09-04T21:17:45.671+0000] {dag.py:3211} INFO - Sync 1 DAGs
[2024-09-04T21:17:45.684+0000] {logging_mixin.py:190} INFO - [2024-09-04T21:17:45.684+0000] {dag.py:4138} INFO - Setting next_dagrun for example_bash_decorator to None, run_after=None
[2024-09-04T21:17:45.704+0000] {processor.py:208} INFO - Processing /home/airflow/.local/lib/python3.12/site-packages/airflow/example_dags/example_bash_decorator.py took 0.076 seconds
[2024-09-04T21:18:15.854+0000] {processor.py:186} INFO - Started process (PID=2308) to work on /home/airflow/.local/lib/python3.12/site-packages/airflow/example_dags/example_bash_decorator.py
[2024-09-04T21:18:15.855+0000] {processor.py:914} INFO - Processing file /home/airflow/.local/lib/python3.12/site-packages/airflow/example_dags/example_bash_decorator.py for tasks to queue
[2024-09-04T21:18:15.858+0000] {logging_mixin.py:190} INFO - [2024-09-04T21:18:15.858+0000] {dagbag.py:587} INFO - Filling up the DagBag from /home/airflow/.local/lib/python3.12/site-packages/airflow/example_dags/example_bash_decorator.py
[2024-09-04T21:18:15.873+0000] {processor.py:925} INFO - DAG(s) 'example_bash_decorator' retrieved from /home/airflow/.local/lib/python3.12/site-packages/airflow/example_dags/example_bash_decorator.py
[2024-09-04T21:18:15.900+0000] {logging_mixin.py:190} INFO - [2024-09-04T21:18:15.899+0000] {dag.py:3211} INFO - Sync 1 DAGs
[2024-09-04T21:18:15.914+0000] {logging_mixin.py:190} INFO - [2024-09-04T21:18:15.914+0000] {dag.py:4138} INFO - Setting next_dagrun for example_bash_decorator to None, run_after=None
[2024-09-04T21:18:15.936+0000] {processor.py:208} INFO - Processing /home/airflow/.local/lib/python3.12/site-packages/airflow/example_dags/example_bash_decorator.py took 0.090 seconds
[2024-09-04T21:18:46.448+0000] {processor.py:186} INFO - Started process (PID=2371) to work on /home/airflow/.local/lib/python3.12/site-packages/airflow/example_dags/example_bash_decorator.py
[2024-09-04T21:18:46.449+0000] {processor.py:914} INFO - Processing file /home/airflow/.local/lib/python3.12/site-packages/airflow/example_dags/example_bash_decorator.py for tasks to queue
[2024-09-04T21:18:46.453+0000] {logging_mixin.py:190} INFO - [2024-09-04T21:18:46.452+0000] {dagbag.py:587} INFO - Filling up the DagBag from /home/airflow/.local/lib/python3.12/site-packages/airflow/example_dags/example_bash_decorator.py
[2024-09-04T21:18:46.471+0000] {processor.py:925} INFO - DAG(s) 'example_bash_decorator' retrieved from /home/airflow/.local/lib/python3.12/site-packages/airflow/example_dags/example_bash_decorator.py
[2024-09-04T21:18:46.498+0000] {logging_mixin.py:190} INFO - [2024-09-04T21:18:46.498+0000] {dag.py:3211} INFO - Sync 1 DAGs
[2024-09-04T21:18:46.514+0000] {logging_mixin.py:190} INFO - [2024-09-04T21:18:46.514+0000] {dag.py:4138} INFO - Setting next_dagrun for example_bash_decorator to None, run_after=None
[2024-09-04T21:18:46.540+0000] {processor.py:208} INFO - Processing /home/airflow/.local/lib/python3.12/site-packages/airflow/example_dags/example_bash_decorator.py took 0.098 seconds
