[2024-09-04T20:52:34.837+0000] {processor.py:186} INFO - Started process (PID=95) to work on /home/airflow/.local/lib/python3.12/site-packages/airflow/example_dags/example_branch_labels.py
[2024-09-04T20:52:34.839+0000] {processor.py:914} INFO - Processing file /home/airflow/.local/lib/python3.12/site-packages/airflow/example_dags/example_branch_labels.py for tasks to queue
[2024-09-04T20:52:34.841+0000] {logging_mixin.py:190} INFO - [2024-09-04T20:52:34.841+0000] {dagbag.py:587} INFO - Filling up the DagBag from /home/airflow/.local/lib/python3.12/site-packages/airflow/example_dags/example_branch_labels.py
[2024-09-04T20:52:34.853+0000] {processor.py:925} INFO - DAG(s) 'example_branch_labels' retrieved from /home/airflow/.local/lib/python3.12/site-packages/airflow/example_dags/example_branch_labels.py
[2024-09-04T20:52:34.992+0000] {logging_mixin.py:190} INFO - [2024-09-04T20:52:34.991+0000] {override.py:1858} INFO - Created Permission View: can delete on DAG:example_branch_labels
[2024-09-04T20:52:35.006+0000] {logging_mixin.py:190} INFO - [2024-09-04T20:52:35.005+0000] {override.py:1858} INFO - Created Permission View: can edit on DAG:example_branch_labels
[2024-09-04T20:52:35.018+0000] {logging_mixin.py:190} INFO - [2024-09-04T20:52:35.018+0000] {override.py:1858} INFO - Created Permission View: can read on DAG:example_branch_labels
[2024-09-04T20:52:35.020+0000] {logging_mixin.py:190} INFO - [2024-09-04T20:52:35.019+0000] {dag.py:3211} INFO - Sync 1 DAGs
[2024-09-04T20:52:35.037+0000] {logging_mixin.py:190} INFO - [2024-09-04T20:52:35.037+0000] {dag.py:3234} INFO - Creating ORM DAG for example_branch_labels
[2024-09-04T20:52:35.056+0000] {logging_mixin.py:190} INFO - [2024-09-04T20:52:35.056+0000] {dag.py:4138} INFO - Setting next_dagrun for example_branch_labels to 2024-09-03 00:00:00+00:00, run_after=2024-09-04 00:00:00+00:00
[2024-09-04T20:52:35.084+0000] {processor.py:208} INFO - Processing /home/airflow/.local/lib/python3.12/site-packages/airflow/example_dags/example_branch_labels.py took 0.254 seconds
[2024-09-04T21:00:17.049+0000] {processor.py:186} INFO - Started process (PID=90) to work on /home/airflow/.local/lib/python3.12/site-packages/airflow/example_dags/example_branch_labels.py
[2024-09-04T21:00:17.051+0000] {processor.py:914} INFO - Processing file /home/airflow/.local/lib/python3.12/site-packages/airflow/example_dags/example_branch_labels.py for tasks to queue
[2024-09-04T21:00:17.066+0000] {logging_mixin.py:190} INFO - [2024-09-04T21:00:17.060+0000] {dagbag.py:587} INFO - Filling up the DagBag from /home/airflow/.local/lib/python3.12/site-packages/airflow/example_dags/example_branch_labels.py
[2024-09-04T21:00:17.100+0000] {processor.py:925} INFO - DAG(s) 'example_branch_labels' retrieved from /home/airflow/.local/lib/python3.12/site-packages/airflow/example_dags/example_branch_labels.py
[2024-09-04T21:00:17.181+0000] {logging_mixin.py:190} INFO - [2024-09-04T21:00:17.181+0000] {dag.py:3211} INFO - Sync 1 DAGs
[2024-09-04T21:00:17.234+0000] {logging_mixin.py:190} INFO - [2024-09-04T21:00:17.233+0000] {dag.py:4138} INFO - Setting next_dagrun for example_branch_labels to 2024-09-03 00:00:00+00:00, run_after=2024-09-04 00:00:00+00:00
[2024-09-04T21:00:17.268+0000] {processor.py:208} INFO - Processing /home/airflow/.local/lib/python3.12/site-packages/airflow/example_dags/example_branch_labels.py took 0.229 seconds
[2024-09-04T21:00:47.707+0000] {processor.py:186} INFO - Started process (PID=152) to work on /home/airflow/.local/lib/python3.12/site-packages/airflow/example_dags/example_branch_labels.py
[2024-09-04T21:00:47.711+0000] {processor.py:914} INFO - Processing file /home/airflow/.local/lib/python3.12/site-packages/airflow/example_dags/example_branch_labels.py for tasks to queue
[2024-09-04T21:00:47.715+0000] {logging_mixin.py:190} INFO - [2024-09-04T21:00:47.714+0000] {dagbag.py:587} INFO - Filling up the DagBag from /home/airflow/.local/lib/python3.12/site-packages/airflow/example_dags/example_branch_labels.py
[2024-09-04T21:00:47.730+0000] {processor.py:925} INFO - DAG(s) 'example_branch_labels' retrieved from /home/airflow/.local/lib/python3.12/site-packages/airflow/example_dags/example_branch_labels.py
[2024-09-04T21:00:47.751+0000] {logging_mixin.py:190} INFO - [2024-09-04T21:00:47.751+0000] {dag.py:3211} INFO - Sync 1 DAGs
[2024-09-04T21:00:47.780+0000] {logging_mixin.py:190} INFO - [2024-09-04T21:00:47.780+0000] {dag.py:4138} INFO - Setting next_dagrun for example_branch_labels to 2024-09-03 00:00:00+00:00, run_after=2024-09-04 00:00:00+00:00
[2024-09-04T21:00:47.806+0000] {processor.py:208} INFO - Processing /home/airflow/.local/lib/python3.12/site-packages/airflow/example_dags/example_branch_labels.py took 0.107 seconds
[2024-09-04T21:01:18.358+0000] {processor.py:186} INFO - Started process (PID=214) to work on /home/airflow/.local/lib/python3.12/site-packages/airflow/example_dags/example_branch_labels.py
[2024-09-04T21:01:18.361+0000] {processor.py:914} INFO - Processing file /home/airflow/.local/lib/python3.12/site-packages/airflow/example_dags/example_branch_labels.py for tasks to queue
[2024-09-04T21:01:18.364+0000] {logging_mixin.py:190} INFO - [2024-09-04T21:01:18.364+0000] {dagbag.py:587} INFO - Filling up the DagBag from /home/airflow/.local/lib/python3.12/site-packages/airflow/example_dags/example_branch_labels.py
[2024-09-04T21:01:18.373+0000] {processor.py:925} INFO - DAG(s) 'example_branch_labels' retrieved from /home/airflow/.local/lib/python3.12/site-packages/airflow/example_dags/example_branch_labels.py
[2024-09-04T21:01:18.397+0000] {logging_mixin.py:190} INFO - [2024-09-04T21:01:18.396+0000] {dag.py:3211} INFO - Sync 1 DAGs
[2024-09-04T21:01:18.426+0000] {logging_mixin.py:190} INFO - [2024-09-04T21:01:18.425+0000] {dag.py:4138} INFO - Setting next_dagrun for example_branch_labels to 2024-09-03 00:00:00+00:00, run_after=2024-09-04 00:00:00+00:00
[2024-09-04T21:01:18.453+0000] {processor.py:208} INFO - Processing /home/airflow/.local/lib/python3.12/site-packages/airflow/example_dags/example_branch_labels.py took 0.099 seconds
[2024-09-04T21:01:48.557+0000] {processor.py:186} INFO - Started process (PID=276) to work on /home/airflow/.local/lib/python3.12/site-packages/airflow/example_dags/example_branch_labels.py
[2024-09-04T21:01:48.559+0000] {processor.py:914} INFO - Processing file /home/airflow/.local/lib/python3.12/site-packages/airflow/example_dags/example_branch_labels.py for tasks to queue
[2024-09-04T21:01:48.561+0000] {logging_mixin.py:190} INFO - [2024-09-04T21:01:48.561+0000] {dagbag.py:587} INFO - Filling up the DagBag from /home/airflow/.local/lib/python3.12/site-packages/airflow/example_dags/example_branch_labels.py
[2024-09-04T21:01:48.569+0000] {processor.py:925} INFO - DAG(s) 'example_branch_labels' retrieved from /home/airflow/.local/lib/python3.12/site-packages/airflow/example_dags/example_branch_labels.py
[2024-09-04T21:01:48.588+0000] {logging_mixin.py:190} INFO - [2024-09-04T21:01:48.588+0000] {dag.py:3211} INFO - Sync 1 DAGs
[2024-09-04T21:01:48.608+0000] {logging_mixin.py:190} INFO - [2024-09-04T21:01:48.607+0000] {dag.py:4138} INFO - Setting next_dagrun for example_branch_labels to 2024-09-03 00:00:00+00:00, run_after=2024-09-04 00:00:00+00:00
[2024-09-04T21:01:48.628+0000] {processor.py:208} INFO - Processing /home/airflow/.local/lib/python3.12/site-packages/airflow/example_dags/example_branch_labels.py took 0.075 seconds
[2024-09-04T21:02:19.442+0000] {processor.py:186} INFO - Started process (PID=339) to work on /home/airflow/.local/lib/python3.12/site-packages/airflow/example_dags/example_branch_labels.py
[2024-09-04T21:02:19.442+0000] {processor.py:914} INFO - Processing file /home/airflow/.local/lib/python3.12/site-packages/airflow/example_dags/example_branch_labels.py for tasks to queue
[2024-09-04T21:02:19.444+0000] {logging_mixin.py:190} INFO - [2024-09-04T21:02:19.444+0000] {dagbag.py:587} INFO - Filling up the DagBag from /home/airflow/.local/lib/python3.12/site-packages/airflow/example_dags/example_branch_labels.py
[2024-09-04T21:02:19.453+0000] {processor.py:925} INFO - DAG(s) 'example_branch_labels' retrieved from /home/airflow/.local/lib/python3.12/site-packages/airflow/example_dags/example_branch_labels.py
[2024-09-04T21:02:19.475+0000] {logging_mixin.py:190} INFO - [2024-09-04T21:02:19.475+0000] {dag.py:3211} INFO - Sync 1 DAGs
[2024-09-04T21:02:19.497+0000] {logging_mixin.py:190} INFO - [2024-09-04T21:02:19.497+0000] {dag.py:4138} INFO - Setting next_dagrun for example_branch_labels to 2024-09-03 00:00:00+00:00, run_after=2024-09-04 00:00:00+00:00
[2024-09-04T21:02:19.517+0000] {processor.py:208} INFO - Processing /home/airflow/.local/lib/python3.12/site-packages/airflow/example_dags/example_branch_labels.py took 0.080 seconds
[2024-09-04T21:02:50.092+0000] {processor.py:186} INFO - Started process (PID=401) to work on /home/airflow/.local/lib/python3.12/site-packages/airflow/example_dags/example_branch_labels.py
[2024-09-04T21:02:50.093+0000] {processor.py:914} INFO - Processing file /home/airflow/.local/lib/python3.12/site-packages/airflow/example_dags/example_branch_labels.py for tasks to queue
[2024-09-04T21:02:50.096+0000] {logging_mixin.py:190} INFO - [2024-09-04T21:02:50.096+0000] {dagbag.py:587} INFO - Filling up the DagBag from /home/airflow/.local/lib/python3.12/site-packages/airflow/example_dags/example_branch_labels.py
[2024-09-04T21:02:50.105+0000] {processor.py:925} INFO - DAG(s) 'example_branch_labels' retrieved from /home/airflow/.local/lib/python3.12/site-packages/airflow/example_dags/example_branch_labels.py
[2024-09-04T21:02:50.125+0000] {logging_mixin.py:190} INFO - [2024-09-04T21:02:50.125+0000] {dag.py:3211} INFO - Sync 1 DAGs
[2024-09-04T21:02:50.145+0000] {logging_mixin.py:190} INFO - [2024-09-04T21:02:50.145+0000] {dag.py:4138} INFO - Setting next_dagrun for example_branch_labels to 2024-09-03 00:00:00+00:00, run_after=2024-09-04 00:00:00+00:00
[2024-09-04T21:02:50.166+0000] {processor.py:208} INFO - Processing /home/airflow/.local/lib/python3.12/site-packages/airflow/example_dags/example_branch_labels.py took 0.079 seconds
[2024-09-04T21:03:21.648+0000] {processor.py:186} INFO - Started process (PID=463) to work on /home/airflow/.local/lib/python3.12/site-packages/airflow/example_dags/example_branch_labels.py
[2024-09-04T21:03:21.650+0000] {processor.py:914} INFO - Processing file /home/airflow/.local/lib/python3.12/site-packages/airflow/example_dags/example_branch_labels.py for tasks to queue
[2024-09-04T21:03:21.655+0000] {logging_mixin.py:190} INFO - [2024-09-04T21:03:21.654+0000] {dagbag.py:587} INFO - Filling up the DagBag from /home/airflow/.local/lib/python3.12/site-packages/airflow/example_dags/example_branch_labels.py
[2024-09-04T21:03:21.678+0000] {processor.py:925} INFO - DAG(s) 'example_branch_labels' retrieved from /home/airflow/.local/lib/python3.12/site-packages/airflow/example_dags/example_branch_labels.py
[2024-09-04T21:03:21.721+0000] {logging_mixin.py:190} INFO - [2024-09-04T21:03:21.720+0000] {dag.py:3211} INFO - Sync 1 DAGs
[2024-09-04T21:03:21.789+0000] {logging_mixin.py:190} INFO - [2024-09-04T21:03:21.788+0000] {dag.py:4138} INFO - Setting next_dagrun for example_branch_labels to 2024-09-03 00:00:00+00:00, run_after=2024-09-04 00:00:00+00:00
[2024-09-04T21:03:21.840+0000] {processor.py:208} INFO - Processing /home/airflow/.local/lib/python3.12/site-packages/airflow/example_dags/example_branch_labels.py took 0.204 seconds
[2024-09-04T21:03:52.480+0000] {processor.py:186} INFO - Started process (PID=525) to work on /home/airflow/.local/lib/python3.12/site-packages/airflow/example_dags/example_branch_labels.py
[2024-09-04T21:03:52.481+0000] {processor.py:914} INFO - Processing file /home/airflow/.local/lib/python3.12/site-packages/airflow/example_dags/example_branch_labels.py for tasks to queue
[2024-09-04T21:03:52.484+0000] {logging_mixin.py:190} INFO - [2024-09-04T21:03:52.483+0000] {dagbag.py:587} INFO - Filling up the DagBag from /home/airflow/.local/lib/python3.12/site-packages/airflow/example_dags/example_branch_labels.py
[2024-09-04T21:03:52.494+0000] {processor.py:925} INFO - DAG(s) 'example_branch_labels' retrieved from /home/airflow/.local/lib/python3.12/site-packages/airflow/example_dags/example_branch_labels.py
[2024-09-04T21:03:52.519+0000] {logging_mixin.py:190} INFO - [2024-09-04T21:03:52.519+0000] {dag.py:3211} INFO - Sync 1 DAGs
[2024-09-04T21:03:52.546+0000] {logging_mixin.py:190} INFO - [2024-09-04T21:03:52.546+0000] {dag.py:4138} INFO - Setting next_dagrun for example_branch_labels to 2024-09-03 00:00:00+00:00, run_after=2024-09-04 00:00:00+00:00
[2024-09-04T21:03:52.569+0000] {processor.py:208} INFO - Processing /home/airflow/.local/lib/python3.12/site-packages/airflow/example_dags/example_branch_labels.py took 0.095 seconds
[2024-09-04T21:04:22.800+0000] {processor.py:186} INFO - Started process (PID=587) to work on /home/airflow/.local/lib/python3.12/site-packages/airflow/example_dags/example_branch_labels.py
[2024-09-04T21:04:22.801+0000] {processor.py:914} INFO - Processing file /home/airflow/.local/lib/python3.12/site-packages/airflow/example_dags/example_branch_labels.py for tasks to queue
[2024-09-04T21:04:22.803+0000] {logging_mixin.py:190} INFO - [2024-09-04T21:04:22.803+0000] {dagbag.py:587} INFO - Filling up the DagBag from /home/airflow/.local/lib/python3.12/site-packages/airflow/example_dags/example_branch_labels.py
[2024-09-04T21:04:22.813+0000] {processor.py:925} INFO - DAG(s) 'example_branch_labels' retrieved from /home/airflow/.local/lib/python3.12/site-packages/airflow/example_dags/example_branch_labels.py
[2024-09-04T21:04:22.835+0000] {logging_mixin.py:190} INFO - [2024-09-04T21:04:22.835+0000] {dag.py:3211} INFO - Sync 1 DAGs
[2024-09-04T21:04:22.862+0000] {logging_mixin.py:190} INFO - [2024-09-04T21:04:22.861+0000] {dag.py:4138} INFO - Setting next_dagrun for example_branch_labels to 2024-09-03 00:00:00+00:00, run_after=2024-09-04 00:00:00+00:00
[2024-09-04T21:04:22.884+0000] {processor.py:208} INFO - Processing /home/airflow/.local/lib/python3.12/site-packages/airflow/example_dags/example_branch_labels.py took 0.091 seconds
[2024-09-04T21:04:53.160+0000] {processor.py:186} INFO - Started process (PID=649) to work on /home/airflow/.local/lib/python3.12/site-packages/airflow/example_dags/example_branch_labels.py
[2024-09-04T21:04:53.162+0000] {processor.py:914} INFO - Processing file /home/airflow/.local/lib/python3.12/site-packages/airflow/example_dags/example_branch_labels.py for tasks to queue
[2024-09-04T21:04:53.166+0000] {logging_mixin.py:190} INFO - [2024-09-04T21:04:53.165+0000] {dagbag.py:587} INFO - Filling up the DagBag from /home/airflow/.local/lib/python3.12/site-packages/airflow/example_dags/example_branch_labels.py
[2024-09-04T21:04:53.179+0000] {processor.py:925} INFO - DAG(s) 'example_branch_labels' retrieved from /home/airflow/.local/lib/python3.12/site-packages/airflow/example_dags/example_branch_labels.py
[2024-09-04T21:04:53.210+0000] {logging_mixin.py:190} INFO - [2024-09-04T21:04:53.210+0000] {dag.py:3211} INFO - Sync 1 DAGs
[2024-09-04T21:04:53.250+0000] {logging_mixin.py:190} INFO - [2024-09-04T21:04:53.250+0000] {dag.py:4138} INFO - Setting next_dagrun for example_branch_labels to 2024-09-03 00:00:00+00:00, run_after=2024-09-04 00:00:00+00:00
[2024-09-04T21:04:53.277+0000] {processor.py:208} INFO - Processing /home/airflow/.local/lib/python3.12/site-packages/airflow/example_dags/example_branch_labels.py took 0.126 seconds
[2024-09-04T21:05:24.253+0000] {processor.py:186} INFO - Started process (PID=711) to work on /home/airflow/.local/lib/python3.12/site-packages/airflow/example_dags/example_branch_labels.py
[2024-09-04T21:05:24.255+0000] {processor.py:914} INFO - Processing file /home/airflow/.local/lib/python3.12/site-packages/airflow/example_dags/example_branch_labels.py for tasks to queue
[2024-09-04T21:05:24.261+0000] {logging_mixin.py:190} INFO - [2024-09-04T21:05:24.260+0000] {dagbag.py:587} INFO - Filling up the DagBag from /home/airflow/.local/lib/python3.12/site-packages/airflow/example_dags/example_branch_labels.py
[2024-09-04T21:05:24.283+0000] {processor.py:925} INFO - DAG(s) 'example_branch_labels' retrieved from /home/airflow/.local/lib/python3.12/site-packages/airflow/example_dags/example_branch_labels.py
[2024-09-04T21:05:24.330+0000] {logging_mixin.py:190} INFO - [2024-09-04T21:05:24.329+0000] {dag.py:3211} INFO - Sync 1 DAGs
[2024-09-04T21:05:24.388+0000] {logging_mixin.py:190} INFO - [2024-09-04T21:05:24.387+0000] {dag.py:4138} INFO - Setting next_dagrun for example_branch_labels to 2024-09-03 00:00:00+00:00, run_after=2024-09-04 00:00:00+00:00
[2024-09-04T21:05:24.426+0000] {processor.py:208} INFO - Processing /home/airflow/.local/lib/python3.12/site-packages/airflow/example_dags/example_branch_labels.py took 0.190 seconds
[2024-09-04T21:05:54.611+0000] {processor.py:186} INFO - Started process (PID=773) to work on /home/airflow/.local/lib/python3.12/site-packages/airflow/example_dags/example_branch_labels.py
[2024-09-04T21:05:54.612+0000] {processor.py:914} INFO - Processing file /home/airflow/.local/lib/python3.12/site-packages/airflow/example_dags/example_branch_labels.py for tasks to queue
[2024-09-04T21:05:54.614+0000] {logging_mixin.py:190} INFO - [2024-09-04T21:05:54.613+0000] {dagbag.py:587} INFO - Filling up the DagBag from /home/airflow/.local/lib/python3.12/site-packages/airflow/example_dags/example_branch_labels.py
[2024-09-04T21:05:54.622+0000] {processor.py:925} INFO - DAG(s) 'example_branch_labels' retrieved from /home/airflow/.local/lib/python3.12/site-packages/airflow/example_dags/example_branch_labels.py
[2024-09-04T21:05:54.642+0000] {logging_mixin.py:190} INFO - [2024-09-04T21:05:54.642+0000] {dag.py:3211} INFO - Sync 1 DAGs
[2024-09-04T21:05:54.662+0000] {logging_mixin.py:190} INFO - [2024-09-04T21:05:54.662+0000] {dag.py:4138} INFO - Setting next_dagrun for example_branch_labels to 2024-09-03 00:00:00+00:00, run_after=2024-09-04 00:00:00+00:00
[2024-09-04T21:05:54.682+0000] {processor.py:208} INFO - Processing /home/airflow/.local/lib/python3.12/site-packages/airflow/example_dags/example_branch_labels.py took 0.076 seconds
[2024-09-04T21:06:25.557+0000] {processor.py:186} INFO - Started process (PID=840) to work on /home/airflow/.local/lib/python3.12/site-packages/airflow/example_dags/example_branch_labels.py
[2024-09-04T21:06:25.566+0000] {processor.py:914} INFO - Processing file /home/airflow/.local/lib/python3.12/site-packages/airflow/example_dags/example_branch_labels.py for tasks to queue
[2024-09-04T21:06:25.573+0000] {logging_mixin.py:190} INFO - [2024-09-04T21:06:25.572+0000] {dagbag.py:587} INFO - Filling up the DagBag from /home/airflow/.local/lib/python3.12/site-packages/airflow/example_dags/example_branch_labels.py
[2024-09-04T21:06:25.610+0000] {processor.py:925} INFO - DAG(s) 'example_branch_labels' retrieved from /home/airflow/.local/lib/python3.12/site-packages/airflow/example_dags/example_branch_labels.py
[2024-09-04T21:06:25.673+0000] {logging_mixin.py:190} INFO - [2024-09-04T21:06:25.672+0000] {dag.py:3211} INFO - Sync 1 DAGs
[2024-09-04T21:06:25.759+0000] {logging_mixin.py:190} INFO - [2024-09-04T21:06:25.758+0000] {dag.py:4138} INFO - Setting next_dagrun for example_branch_labels to 2024-09-03 00:00:00+00:00, run_after=2024-09-04 00:00:00+00:00
[2024-09-04T21:06:25.857+0000] {processor.py:208} INFO - Processing /home/airflow/.local/lib/python3.12/site-packages/airflow/example_dags/example_branch_labels.py took 0.325 seconds
[2024-09-04T21:06:56.253+0000] {processor.py:186} INFO - Started process (PID=902) to work on /home/airflow/.local/lib/python3.12/site-packages/airflow/example_dags/example_branch_labels.py
[2024-09-04T21:06:56.254+0000] {processor.py:914} INFO - Processing file /home/airflow/.local/lib/python3.12/site-packages/airflow/example_dags/example_branch_labels.py for tasks to queue
[2024-09-04T21:06:56.256+0000] {logging_mixin.py:190} INFO - [2024-09-04T21:06:56.256+0000] {dagbag.py:587} INFO - Filling up the DagBag from /home/airflow/.local/lib/python3.12/site-packages/airflow/example_dags/example_branch_labels.py
[2024-09-04T21:06:56.265+0000] {processor.py:925} INFO - DAG(s) 'example_branch_labels' retrieved from /home/airflow/.local/lib/python3.12/site-packages/airflow/example_dags/example_branch_labels.py
[2024-09-04T21:06:56.287+0000] {logging_mixin.py:190} INFO - [2024-09-04T21:06:56.286+0000] {dag.py:3211} INFO - Sync 1 DAGs
[2024-09-04T21:06:56.308+0000] {logging_mixin.py:190} INFO - [2024-09-04T21:06:56.308+0000] {dag.py:4138} INFO - Setting next_dagrun for example_branch_labels to 2024-09-03 00:00:00+00:00, run_after=2024-09-04 00:00:00+00:00
[2024-09-04T21:06:56.338+0000] {processor.py:208} INFO - Processing /home/airflow/.local/lib/python3.12/site-packages/airflow/example_dags/example_branch_labels.py took 0.090 seconds
[2024-09-04T21:07:26.608+0000] {processor.py:186} INFO - Started process (PID=964) to work on /home/airflow/.local/lib/python3.12/site-packages/airflow/example_dags/example_branch_labels.py
[2024-09-04T21:07:26.610+0000] {processor.py:914} INFO - Processing file /home/airflow/.local/lib/python3.12/site-packages/airflow/example_dags/example_branch_labels.py for tasks to queue
[2024-09-04T21:07:26.615+0000] {logging_mixin.py:190} INFO - [2024-09-04T21:07:26.614+0000] {dagbag.py:587} INFO - Filling up the DagBag from /home/airflow/.local/lib/python3.12/site-packages/airflow/example_dags/example_branch_labels.py
[2024-09-04T21:07:26.630+0000] {processor.py:925} INFO - DAG(s) 'example_branch_labels' retrieved from /home/airflow/.local/lib/python3.12/site-packages/airflow/example_dags/example_branch_labels.py
[2024-09-04T21:07:26.659+0000] {logging_mixin.py:190} INFO - [2024-09-04T21:07:26.659+0000] {dag.py:3211} INFO - Sync 1 DAGs
[2024-09-04T21:07:26.687+0000] {logging_mixin.py:190} INFO - [2024-09-04T21:07:26.687+0000] {dag.py:4138} INFO - Setting next_dagrun for example_branch_labels to 2024-09-03 00:00:00+00:00, run_after=2024-09-04 00:00:00+00:00
[2024-09-04T21:07:26.710+0000] {processor.py:208} INFO - Processing /home/airflow/.local/lib/python3.12/site-packages/airflow/example_dags/example_branch_labels.py took 0.108 seconds
[2024-09-04T21:07:57.141+0000] {processor.py:186} INFO - Started process (PID=1027) to work on /home/airflow/.local/lib/python3.12/site-packages/airflow/example_dags/example_branch_labels.py
[2024-09-04T21:07:57.142+0000] {processor.py:914} INFO - Processing file /home/airflow/.local/lib/python3.12/site-packages/airflow/example_dags/example_branch_labels.py for tasks to queue
[2024-09-04T21:07:57.145+0000] {logging_mixin.py:190} INFO - [2024-09-04T21:07:57.145+0000] {dagbag.py:587} INFO - Filling up the DagBag from /home/airflow/.local/lib/python3.12/site-packages/airflow/example_dags/example_branch_labels.py
[2024-09-04T21:07:57.155+0000] {processor.py:925} INFO - DAG(s) 'example_branch_labels' retrieved from /home/airflow/.local/lib/python3.12/site-packages/airflow/example_dags/example_branch_labels.py
[2024-09-04T21:07:57.175+0000] {logging_mixin.py:190} INFO - [2024-09-04T21:07:57.174+0000] {dag.py:3211} INFO - Sync 1 DAGs
[2024-09-04T21:07:57.196+0000] {logging_mixin.py:190} INFO - [2024-09-04T21:07:57.196+0000] {dag.py:4138} INFO - Setting next_dagrun for example_branch_labels to 2024-09-03 00:00:00+00:00, run_after=2024-09-04 00:00:00+00:00
[2024-09-04T21:07:57.213+0000] {processor.py:208} INFO - Processing /home/airflow/.local/lib/python3.12/site-packages/airflow/example_dags/example_branch_labels.py took 0.079 seconds
[2024-09-04T21:08:27.978+0000] {processor.py:186} INFO - Started process (PID=1089) to work on /home/airflow/.local/lib/python3.12/site-packages/airflow/example_dags/example_branch_labels.py
[2024-09-04T21:08:27.979+0000] {processor.py:914} INFO - Processing file /home/airflow/.local/lib/python3.12/site-packages/airflow/example_dags/example_branch_labels.py for tasks to queue
[2024-09-04T21:08:27.981+0000] {logging_mixin.py:190} INFO - [2024-09-04T21:08:27.981+0000] {dagbag.py:587} INFO - Filling up the DagBag from /home/airflow/.local/lib/python3.12/site-packages/airflow/example_dags/example_branch_labels.py
[2024-09-04T21:08:27.989+0000] {processor.py:925} INFO - DAG(s) 'example_branch_labels' retrieved from /home/airflow/.local/lib/python3.12/site-packages/airflow/example_dags/example_branch_labels.py
[2024-09-04T21:08:28.009+0000] {logging_mixin.py:190} INFO - [2024-09-04T21:08:28.008+0000] {dag.py:3211} INFO - Sync 1 DAGs
[2024-09-04T21:08:28.044+0000] {logging_mixin.py:190} INFO - [2024-09-04T21:08:28.043+0000] {dag.py:4138} INFO - Setting next_dagrun for example_branch_labels to 2024-09-03 00:00:00+00:00, run_after=2024-09-04 00:00:00+00:00
[2024-09-04T21:08:28.065+0000] {processor.py:208} INFO - Processing /home/airflow/.local/lib/python3.12/site-packages/airflow/example_dags/example_branch_labels.py took 0.092 seconds
[2024-09-04T21:08:58.574+0000] {processor.py:186} INFO - Started process (PID=1151) to work on /home/airflow/.local/lib/python3.12/site-packages/airflow/example_dags/example_branch_labels.py
[2024-09-04T21:08:58.575+0000] {processor.py:914} INFO - Processing file /home/airflow/.local/lib/python3.12/site-packages/airflow/example_dags/example_branch_labels.py for tasks to queue
[2024-09-04T21:08:58.577+0000] {logging_mixin.py:190} INFO - [2024-09-04T21:08:58.577+0000] {dagbag.py:587} INFO - Filling up the DagBag from /home/airflow/.local/lib/python3.12/site-packages/airflow/example_dags/example_branch_labels.py
[2024-09-04T21:08:58.585+0000] {processor.py:925} INFO - DAG(s) 'example_branch_labels' retrieved from /home/airflow/.local/lib/python3.12/site-packages/airflow/example_dags/example_branch_labels.py
[2024-09-04T21:08:58.605+0000] {logging_mixin.py:190} INFO - [2024-09-04T21:08:58.604+0000] {dag.py:3211} INFO - Sync 1 DAGs
[2024-09-04T21:08:58.626+0000] {logging_mixin.py:190} INFO - [2024-09-04T21:08:58.625+0000] {dag.py:4138} INFO - Setting next_dagrun for example_branch_labels to 2024-09-03 00:00:00+00:00, run_after=2024-09-04 00:00:00+00:00
[2024-09-04T21:08:58.648+0000] {processor.py:208} INFO - Processing /home/airflow/.local/lib/python3.12/site-packages/airflow/example_dags/example_branch_labels.py took 0.078 seconds
[2024-09-04T21:09:28.932+0000] {processor.py:186} INFO - Started process (PID=1213) to work on /home/airflow/.local/lib/python3.12/site-packages/airflow/example_dags/example_branch_labels.py
[2024-09-04T21:09:28.934+0000] {processor.py:914} INFO - Processing file /home/airflow/.local/lib/python3.12/site-packages/airflow/example_dags/example_branch_labels.py for tasks to queue
[2024-09-04T21:09:28.936+0000] {logging_mixin.py:190} INFO - [2024-09-04T21:09:28.936+0000] {dagbag.py:587} INFO - Filling up the DagBag from /home/airflow/.local/lib/python3.12/site-packages/airflow/example_dags/example_branch_labels.py
[2024-09-04T21:09:28.944+0000] {processor.py:925} INFO - DAG(s) 'example_branch_labels' retrieved from /home/airflow/.local/lib/python3.12/site-packages/airflow/example_dags/example_branch_labels.py
[2024-09-04T21:09:28.964+0000] {logging_mixin.py:190} INFO - [2024-09-04T21:09:28.964+0000] {dag.py:3211} INFO - Sync 1 DAGs
[2024-09-04T21:09:28.984+0000] {logging_mixin.py:190} INFO - [2024-09-04T21:09:28.984+0000] {dag.py:4138} INFO - Setting next_dagrun for example_branch_labels to 2024-09-03 00:00:00+00:00, run_after=2024-09-04 00:00:00+00:00
[2024-09-04T21:09:29.001+0000] {processor.py:208} INFO - Processing /home/airflow/.local/lib/python3.12/site-packages/airflow/example_dags/example_branch_labels.py took 0.073 seconds
[2024-09-04T21:09:59.363+0000] {processor.py:186} INFO - Started process (PID=1275) to work on /home/airflow/.local/lib/python3.12/site-packages/airflow/example_dags/example_branch_labels.py
[2024-09-04T21:09:59.364+0000] {processor.py:914} INFO - Processing file /home/airflow/.local/lib/python3.12/site-packages/airflow/example_dags/example_branch_labels.py for tasks to queue
[2024-09-04T21:09:59.366+0000] {logging_mixin.py:190} INFO - [2024-09-04T21:09:59.366+0000] {dagbag.py:587} INFO - Filling up the DagBag from /home/airflow/.local/lib/python3.12/site-packages/airflow/example_dags/example_branch_labels.py
[2024-09-04T21:09:59.374+0000] {processor.py:925} INFO - DAG(s) 'example_branch_labels' retrieved from /home/airflow/.local/lib/python3.12/site-packages/airflow/example_dags/example_branch_labels.py
[2024-09-04T21:09:59.394+0000] {logging_mixin.py:190} INFO - [2024-09-04T21:09:59.393+0000] {dag.py:3211} INFO - Sync 1 DAGs
[2024-09-04T21:09:59.413+0000] {logging_mixin.py:190} INFO - [2024-09-04T21:09:59.413+0000] {dag.py:4138} INFO - Setting next_dagrun for example_branch_labels to 2024-09-03 00:00:00+00:00, run_after=2024-09-04 00:00:00+00:00
[2024-09-04T21:09:59.432+0000] {processor.py:208} INFO - Processing /home/airflow/.local/lib/python3.12/site-packages/airflow/example_dags/example_branch_labels.py took 0.074 seconds
[2024-09-04T21:10:29.911+0000] {processor.py:186} INFO - Started process (PID=1338) to work on /home/airflow/.local/lib/python3.12/site-packages/airflow/example_dags/example_branch_labels.py
[2024-09-04T21:10:29.912+0000] {processor.py:914} INFO - Processing file /home/airflow/.local/lib/python3.12/site-packages/airflow/example_dags/example_branch_labels.py for tasks to queue
[2024-09-04T21:10:29.914+0000] {logging_mixin.py:190} INFO - [2024-09-04T21:10:29.914+0000] {dagbag.py:587} INFO - Filling up the DagBag from /home/airflow/.local/lib/python3.12/site-packages/airflow/example_dags/example_branch_labels.py
[2024-09-04T21:10:29.923+0000] {processor.py:925} INFO - DAG(s) 'example_branch_labels' retrieved from /home/airflow/.local/lib/python3.12/site-packages/airflow/example_dags/example_branch_labels.py
[2024-09-04T21:10:29.945+0000] {logging_mixin.py:190} INFO - [2024-09-04T21:10:29.944+0000] {dag.py:3211} INFO - Sync 1 DAGs
[2024-09-04T21:10:29.969+0000] {logging_mixin.py:190} INFO - [2024-09-04T21:10:29.969+0000] {dag.py:4138} INFO - Setting next_dagrun for example_branch_labels to 2024-09-03 00:00:00+00:00, run_after=2024-09-04 00:00:00+00:00
[2024-09-04T21:10:29.990+0000] {processor.py:208} INFO - Processing /home/airflow/.local/lib/python3.12/site-packages/airflow/example_dags/example_branch_labels.py took 0.084 seconds
[2024-09-04T21:11:00.456+0000] {processor.py:186} INFO - Started process (PID=1401) to work on /home/airflow/.local/lib/python3.12/site-packages/airflow/example_dags/example_branch_labels.py
[2024-09-04T21:11:00.457+0000] {processor.py:914} INFO - Processing file /home/airflow/.local/lib/python3.12/site-packages/airflow/example_dags/example_branch_labels.py for tasks to queue
[2024-09-04T21:11:00.459+0000] {logging_mixin.py:190} INFO - [2024-09-04T21:11:00.459+0000] {dagbag.py:587} INFO - Filling up the DagBag from /home/airflow/.local/lib/python3.12/site-packages/airflow/example_dags/example_branch_labels.py
[2024-09-04T21:11:00.468+0000] {processor.py:925} INFO - DAG(s) 'example_branch_labels' retrieved from /home/airflow/.local/lib/python3.12/site-packages/airflow/example_dags/example_branch_labels.py
[2024-09-04T21:11:00.491+0000] {logging_mixin.py:190} INFO - [2024-09-04T21:11:00.491+0000] {dag.py:3211} INFO - Sync 1 DAGs
[2024-09-04T21:11:00.515+0000] {logging_mixin.py:190} INFO - [2024-09-04T21:11:00.515+0000] {dag.py:4138} INFO - Setting next_dagrun for example_branch_labels to 2024-09-03 00:00:00+00:00, run_after=2024-09-04 00:00:00+00:00
[2024-09-04T21:11:00.536+0000] {processor.py:208} INFO - Processing /home/airflow/.local/lib/python3.12/site-packages/airflow/example_dags/example_branch_labels.py took 0.084 seconds
[2024-09-04T21:11:30.637+0000] {processor.py:186} INFO - Started process (PID=1464) to work on /home/airflow/.local/lib/python3.12/site-packages/airflow/example_dags/example_branch_labels.py
[2024-09-04T21:11:30.638+0000] {processor.py:914} INFO - Processing file /home/airflow/.local/lib/python3.12/site-packages/airflow/example_dags/example_branch_labels.py for tasks to queue
[2024-09-04T21:11:30.640+0000] {logging_mixin.py:190} INFO - [2024-09-04T21:11:30.640+0000] {dagbag.py:587} INFO - Filling up the DagBag from /home/airflow/.local/lib/python3.12/site-packages/airflow/example_dags/example_branch_labels.py
[2024-09-04T21:11:30.649+0000] {processor.py:925} INFO - DAG(s) 'example_branch_labels' retrieved from /home/airflow/.local/lib/python3.12/site-packages/airflow/example_dags/example_branch_labels.py
[2024-09-04T21:11:30.671+0000] {logging_mixin.py:190} INFO - [2024-09-04T21:11:30.670+0000] {dag.py:3211} INFO - Sync 1 DAGs
[2024-09-04T21:11:30.691+0000] {logging_mixin.py:190} INFO - [2024-09-04T21:11:30.691+0000] {dag.py:4138} INFO - Setting next_dagrun for example_branch_labels to 2024-09-03 00:00:00+00:00, run_after=2024-09-04 00:00:00+00:00
[2024-09-04T21:11:30.712+0000] {processor.py:208} INFO - Processing /home/airflow/.local/lib/python3.12/site-packages/airflow/example_dags/example_branch_labels.py took 0.080 seconds
[2024-09-04T21:12:00.990+0000] {processor.py:186} INFO - Started process (PID=1526) to work on /home/airflow/.local/lib/python3.12/site-packages/airflow/example_dags/example_branch_labels.py
[2024-09-04T21:12:00.991+0000] {processor.py:914} INFO - Processing file /home/airflow/.local/lib/python3.12/site-packages/airflow/example_dags/example_branch_labels.py for tasks to queue
[2024-09-04T21:12:00.994+0000] {logging_mixin.py:190} INFO - [2024-09-04T21:12:00.993+0000] {dagbag.py:587} INFO - Filling up the DagBag from /home/airflow/.local/lib/python3.12/site-packages/airflow/example_dags/example_branch_labels.py
[2024-09-04T21:12:01.003+0000] {processor.py:925} INFO - DAG(s) 'example_branch_labels' retrieved from /home/airflow/.local/lib/python3.12/site-packages/airflow/example_dags/example_branch_labels.py
[2024-09-04T21:12:01.028+0000] {logging_mixin.py:190} INFO - [2024-09-04T21:12:01.027+0000] {dag.py:3211} INFO - Sync 1 DAGs
[2024-09-04T21:12:01.053+0000] {logging_mixin.py:190} INFO - [2024-09-04T21:12:01.052+0000] {dag.py:4138} INFO - Setting next_dagrun for example_branch_labels to 2024-09-03 00:00:00+00:00, run_after=2024-09-04 00:00:00+00:00
[2024-09-04T21:12:01.072+0000] {processor.py:208} INFO - Processing /home/airflow/.local/lib/python3.12/site-packages/airflow/example_dags/example_branch_labels.py took 0.089 seconds
[2024-09-04T21:12:31.829+0000] {processor.py:186} INFO - Started process (PID=1591) to work on /home/airflow/.local/lib/python3.12/site-packages/airflow/example_dags/example_branch_labels.py
[2024-09-04T21:12:31.831+0000] {processor.py:914} INFO - Processing file /home/airflow/.local/lib/python3.12/site-packages/airflow/example_dags/example_branch_labels.py for tasks to queue
[2024-09-04T21:12:31.833+0000] {logging_mixin.py:190} INFO - [2024-09-04T21:12:31.833+0000] {dagbag.py:587} INFO - Filling up the DagBag from /home/airflow/.local/lib/python3.12/site-packages/airflow/example_dags/example_branch_labels.py
[2024-09-04T21:12:31.842+0000] {processor.py:925} INFO - DAG(s) 'example_branch_labels' retrieved from /home/airflow/.local/lib/python3.12/site-packages/airflow/example_dags/example_branch_labels.py
[2024-09-04T21:12:31.864+0000] {logging_mixin.py:190} INFO - [2024-09-04T21:12:31.864+0000] {dag.py:3211} INFO - Sync 1 DAGs
[2024-09-04T21:12:31.885+0000] {logging_mixin.py:190} INFO - [2024-09-04T21:12:31.885+0000] {dag.py:4138} INFO - Setting next_dagrun for example_branch_labels to 2024-09-03 00:00:00+00:00, run_after=2024-09-04 00:00:00+00:00
[2024-09-04T21:12:31.906+0000] {processor.py:208} INFO - Processing /home/airflow/.local/lib/python3.12/site-packages/airflow/example_dags/example_branch_labels.py took 0.082 seconds
[2024-09-04T21:13:02.670+0000] {processor.py:186} INFO - Started process (PID=1654) to work on /home/airflow/.local/lib/python3.12/site-packages/airflow/example_dags/example_branch_labels.py
[2024-09-04T21:13:02.671+0000] {processor.py:914} INFO - Processing file /home/airflow/.local/lib/python3.12/site-packages/airflow/example_dags/example_branch_labels.py for tasks to queue
[2024-09-04T21:13:02.674+0000] {logging_mixin.py:190} INFO - [2024-09-04T21:13:02.674+0000] {dagbag.py:587} INFO - Filling up the DagBag from /home/airflow/.local/lib/python3.12/site-packages/airflow/example_dags/example_branch_labels.py
[2024-09-04T21:13:02.683+0000] {processor.py:925} INFO - DAG(s) 'example_branch_labels' retrieved from /home/airflow/.local/lib/python3.12/site-packages/airflow/example_dags/example_branch_labels.py
[2024-09-04T21:13:02.708+0000] {logging_mixin.py:190} INFO - [2024-09-04T21:13:02.708+0000] {dag.py:3211} INFO - Sync 1 DAGs
[2024-09-04T21:13:02.730+0000] {logging_mixin.py:190} INFO - [2024-09-04T21:13:02.730+0000] {dag.py:4138} INFO - Setting next_dagrun for example_branch_labels to 2024-09-03 00:00:00+00:00, run_after=2024-09-04 00:00:00+00:00
[2024-09-04T21:13:02.750+0000] {processor.py:208} INFO - Processing /home/airflow/.local/lib/python3.12/site-packages/airflow/example_dags/example_branch_labels.py took 0.086 seconds
[2024-09-04T21:13:33.746+0000] {processor.py:186} INFO - Started process (PID=1717) to work on /home/airflow/.local/lib/python3.12/site-packages/airflow/example_dags/example_branch_labels.py
[2024-09-04T21:13:33.747+0000] {processor.py:914} INFO - Processing file /home/airflow/.local/lib/python3.12/site-packages/airflow/example_dags/example_branch_labels.py for tasks to queue
[2024-09-04T21:13:33.750+0000] {logging_mixin.py:190} INFO - [2024-09-04T21:13:33.750+0000] {dagbag.py:587} INFO - Filling up the DagBag from /home/airflow/.local/lib/python3.12/site-packages/airflow/example_dags/example_branch_labels.py
[2024-09-04T21:13:33.759+0000] {processor.py:925} INFO - DAG(s) 'example_branch_labels' retrieved from /home/airflow/.local/lib/python3.12/site-packages/airflow/example_dags/example_branch_labels.py
[2024-09-04T21:13:33.781+0000] {logging_mixin.py:190} INFO - [2024-09-04T21:13:33.780+0000] {dag.py:3211} INFO - Sync 1 DAGs
[2024-09-04T21:13:33.805+0000] {logging_mixin.py:190} INFO - [2024-09-04T21:13:33.805+0000] {dag.py:4138} INFO - Setting next_dagrun for example_branch_labels to 2024-09-03 00:00:00+00:00, run_after=2024-09-04 00:00:00+00:00
[2024-09-04T21:13:33.827+0000] {processor.py:208} INFO - Processing /home/airflow/.local/lib/python3.12/site-packages/airflow/example_dags/example_branch_labels.py took 0.086 seconds
[2024-09-04T21:14:04.554+0000] {processor.py:186} INFO - Started process (PID=1780) to work on /home/airflow/.local/lib/python3.12/site-packages/airflow/example_dags/example_branch_labels.py
[2024-09-04T21:14:04.555+0000] {processor.py:914} INFO - Processing file /home/airflow/.local/lib/python3.12/site-packages/airflow/example_dags/example_branch_labels.py for tasks to queue
[2024-09-04T21:14:04.559+0000] {logging_mixin.py:190} INFO - [2024-09-04T21:14:04.558+0000] {dagbag.py:587} INFO - Filling up the DagBag from /home/airflow/.local/lib/python3.12/site-packages/airflow/example_dags/example_branch_labels.py
[2024-09-04T21:14:04.571+0000] {processor.py:925} INFO - DAG(s) 'example_branch_labels' retrieved from /home/airflow/.local/lib/python3.12/site-packages/airflow/example_dags/example_branch_labels.py
[2024-09-04T21:14:04.592+0000] {logging_mixin.py:190} INFO - [2024-09-04T21:14:04.592+0000] {dag.py:3211} INFO - Sync 1 DAGs
[2024-09-04T21:14:04.613+0000] {logging_mixin.py:190} INFO - [2024-09-04T21:14:04.613+0000] {dag.py:4138} INFO - Setting next_dagrun for example_branch_labels to 2024-09-03 00:00:00+00:00, run_after=2024-09-04 00:00:00+00:00
[2024-09-04T21:14:04.635+0000] {processor.py:208} INFO - Processing /home/airflow/.local/lib/python3.12/site-packages/airflow/example_dags/example_branch_labels.py took 0.086 seconds
[2024-09-04T21:14:35.428+0000] {processor.py:186} INFO - Started process (PID=1843) to work on /home/airflow/.local/lib/python3.12/site-packages/airflow/example_dags/example_branch_labels.py
[2024-09-04T21:14:35.430+0000] {processor.py:914} INFO - Processing file /home/airflow/.local/lib/python3.12/site-packages/airflow/example_dags/example_branch_labels.py for tasks to queue
[2024-09-04T21:14:35.432+0000] {logging_mixin.py:190} INFO - [2024-09-04T21:14:35.432+0000] {dagbag.py:587} INFO - Filling up the DagBag from /home/airflow/.local/lib/python3.12/site-packages/airflow/example_dags/example_branch_labels.py
[2024-09-04T21:14:35.441+0000] {processor.py:925} INFO - DAG(s) 'example_branch_labels' retrieved from /home/airflow/.local/lib/python3.12/site-packages/airflow/example_dags/example_branch_labels.py
[2024-09-04T21:14:35.463+0000] {logging_mixin.py:190} INFO - [2024-09-04T21:14:35.462+0000] {dag.py:3211} INFO - Sync 1 DAGs
[2024-09-04T21:14:35.484+0000] {logging_mixin.py:190} INFO - [2024-09-04T21:14:35.483+0000] {dag.py:4138} INFO - Setting next_dagrun for example_branch_labels to 2024-09-03 00:00:00+00:00, run_after=2024-09-04 00:00:00+00:00
[2024-09-04T21:14:35.506+0000] {processor.py:208} INFO - Processing /home/airflow/.local/lib/python3.12/site-packages/airflow/example_dags/example_branch_labels.py took 0.082 seconds
[2024-09-04T21:15:07.989+0000] {processor.py:186} INFO - Started process (PID=1906) to work on /home/airflow/.local/lib/python3.12/site-packages/airflow/example_dags/example_branch_labels.py
[2024-09-04T21:15:07.992+0000] {processor.py:914} INFO - Processing file /home/airflow/.local/lib/python3.12/site-packages/airflow/example_dags/example_branch_labels.py for tasks to queue
[2024-09-04T21:15:08.000+0000] {logging_mixin.py:190} INFO - [2024-09-04T21:15:07.999+0000] {dagbag.py:587} INFO - Filling up the DagBag from /home/airflow/.local/lib/python3.12/site-packages/airflow/example_dags/example_branch_labels.py
[2024-09-04T21:15:08.026+0000] {processor.py:925} INFO - DAG(s) 'example_branch_labels' retrieved from /home/airflow/.local/lib/python3.12/site-packages/airflow/example_dags/example_branch_labels.py
[2024-09-04T21:15:08.087+0000] {logging_mixin.py:190} INFO - [2024-09-04T21:15:08.085+0000] {dag.py:3211} INFO - Sync 1 DAGs
[2024-09-04T21:15:08.155+0000] {logging_mixin.py:190} INFO - [2024-09-04T21:15:08.154+0000] {dag.py:4138} INFO - Setting next_dagrun for example_branch_labels to 2024-09-03 00:00:00+00:00, run_after=2024-09-04 00:00:00+00:00
[2024-09-04T21:15:08.204+0000] {processor.py:208} INFO - Processing /home/airflow/.local/lib/python3.12/site-packages/airflow/example_dags/example_branch_labels.py took 0.232 seconds
[2024-09-04T21:15:38.980+0000] {processor.py:186} INFO - Started process (PID=1969) to work on /home/airflow/.local/lib/python3.12/site-packages/airflow/example_dags/example_branch_labels.py
[2024-09-04T21:15:38.982+0000] {processor.py:914} INFO - Processing file /home/airflow/.local/lib/python3.12/site-packages/airflow/example_dags/example_branch_labels.py for tasks to queue
[2024-09-04T21:15:38.985+0000] {logging_mixin.py:190} INFO - [2024-09-04T21:15:38.985+0000] {dagbag.py:587} INFO - Filling up the DagBag from /home/airflow/.local/lib/python3.12/site-packages/airflow/example_dags/example_branch_labels.py
[2024-09-04T21:15:39.002+0000] {processor.py:925} INFO - DAG(s) 'example_branch_labels' retrieved from /home/airflow/.local/lib/python3.12/site-packages/airflow/example_dags/example_branch_labels.py
[2024-09-04T21:15:39.047+0000] {logging_mixin.py:190} INFO - [2024-09-04T21:15:39.046+0000] {dag.py:3211} INFO - Sync 1 DAGs
[2024-09-04T21:15:39.083+0000] {logging_mixin.py:190} INFO - [2024-09-04T21:15:39.083+0000] {dag.py:4138} INFO - Setting next_dagrun for example_branch_labels to 2024-09-03 00:00:00+00:00, run_after=2024-09-04 00:00:00+00:00
[2024-09-04T21:15:39.110+0000] {processor.py:208} INFO - Processing /home/airflow/.local/lib/python3.12/site-packages/airflow/example_dags/example_branch_labels.py took 0.141 seconds
[2024-09-04T21:16:09.882+0000] {processor.py:186} INFO - Started process (PID=2033) to work on /home/airflow/.local/lib/python3.12/site-packages/airflow/example_dags/example_branch_labels.py
[2024-09-04T21:16:09.883+0000] {processor.py:914} INFO - Processing file /home/airflow/.local/lib/python3.12/site-packages/airflow/example_dags/example_branch_labels.py for tasks to queue
[2024-09-04T21:16:09.886+0000] {logging_mixin.py:190} INFO - [2024-09-04T21:16:09.885+0000] {dagbag.py:587} INFO - Filling up the DagBag from /home/airflow/.local/lib/python3.12/site-packages/airflow/example_dags/example_branch_labels.py
[2024-09-04T21:16:09.895+0000] {processor.py:925} INFO - DAG(s) 'example_branch_labels' retrieved from /home/airflow/.local/lib/python3.12/site-packages/airflow/example_dags/example_branch_labels.py
[2024-09-04T21:16:09.917+0000] {logging_mixin.py:190} INFO - [2024-09-04T21:16:09.916+0000] {dag.py:3211} INFO - Sync 1 DAGs
[2024-09-04T21:16:09.941+0000] {logging_mixin.py:190} INFO - [2024-09-04T21:16:09.941+0000] {dag.py:4138} INFO - Setting next_dagrun for example_branch_labels to 2024-09-03 00:00:00+00:00, run_after=2024-09-04 00:00:00+00:00
[2024-09-04T21:16:09.961+0000] {processor.py:208} INFO - Processing /home/airflow/.local/lib/python3.12/site-packages/airflow/example_dags/example_branch_labels.py took 0.084 seconds
[2024-09-04T21:16:40.256+0000] {processor.py:186} INFO - Started process (PID=2096) to work on /home/airflow/.local/lib/python3.12/site-packages/airflow/example_dags/example_branch_labels.py
[2024-09-04T21:16:40.258+0000] {processor.py:914} INFO - Processing file /home/airflow/.local/lib/python3.12/site-packages/airflow/example_dags/example_branch_labels.py for tasks to queue
[2024-09-04T21:16:40.261+0000] {logging_mixin.py:190} INFO - [2024-09-04T21:16:40.260+0000] {dagbag.py:587} INFO - Filling up the DagBag from /home/airflow/.local/lib/python3.12/site-packages/airflow/example_dags/example_branch_labels.py
[2024-09-04T21:16:40.270+0000] {processor.py:925} INFO - DAG(s) 'example_branch_labels' retrieved from /home/airflow/.local/lib/python3.12/site-packages/airflow/example_dags/example_branch_labels.py
[2024-09-04T21:16:40.291+0000] {logging_mixin.py:190} INFO - [2024-09-04T21:16:40.290+0000] {dag.py:3211} INFO - Sync 1 DAGs
[2024-09-04T21:16:40.313+0000] {logging_mixin.py:190} INFO - [2024-09-04T21:16:40.312+0000] {dag.py:4138} INFO - Setting next_dagrun for example_branch_labels to 2024-09-03 00:00:00+00:00, run_after=2024-09-04 00:00:00+00:00
[2024-09-04T21:16:40.332+0000] {processor.py:208} INFO - Processing /home/airflow/.local/lib/python3.12/site-packages/airflow/example_dags/example_branch_labels.py took 0.081 seconds
[2024-09-04T21:17:10.779+0000] {processor.py:186} INFO - Started process (PID=2159) to work on /home/airflow/.local/lib/python3.12/site-packages/airflow/example_dags/example_branch_labels.py
[2024-09-04T21:17:10.781+0000] {processor.py:914} INFO - Processing file /home/airflow/.local/lib/python3.12/site-packages/airflow/example_dags/example_branch_labels.py for tasks to queue
[2024-09-04T21:17:10.784+0000] {logging_mixin.py:190} INFO - [2024-09-04T21:17:10.783+0000] {dagbag.py:587} INFO - Filling up the DagBag from /home/airflow/.local/lib/python3.12/site-packages/airflow/example_dags/example_branch_labels.py
[2024-09-04T21:17:10.795+0000] {processor.py:925} INFO - DAG(s) 'example_branch_labels' retrieved from /home/airflow/.local/lib/python3.12/site-packages/airflow/example_dags/example_branch_labels.py
[2024-09-04T21:17:10.821+0000] {logging_mixin.py:190} INFO - [2024-09-04T21:17:10.820+0000] {dag.py:3211} INFO - Sync 1 DAGs
[2024-09-04T21:17:10.849+0000] {logging_mixin.py:190} INFO - [2024-09-04T21:17:10.848+0000] {dag.py:4138} INFO - Setting next_dagrun for example_branch_labels to 2024-09-03 00:00:00+00:00, run_after=2024-09-04 00:00:00+00:00
[2024-09-04T21:17:10.874+0000] {processor.py:208} INFO - Processing /home/airflow/.local/lib/python3.12/site-packages/airflow/example_dags/example_branch_labels.py took 0.100 seconds
[2024-09-04T21:17:40.954+0000] {processor.py:186} INFO - Started process (PID=2222) to work on /home/airflow/.local/lib/python3.12/site-packages/airflow/example_dags/example_branch_labels.py
[2024-09-04T21:17:40.955+0000] {processor.py:914} INFO - Processing file /home/airflow/.local/lib/python3.12/site-packages/airflow/example_dags/example_branch_labels.py for tasks to queue
[2024-09-04T21:17:40.958+0000] {logging_mixin.py:190} INFO - [2024-09-04T21:17:40.958+0000] {dagbag.py:587} INFO - Filling up the DagBag from /home/airflow/.local/lib/python3.12/site-packages/airflow/example_dags/example_branch_labels.py
[2024-09-04T21:17:40.969+0000] {processor.py:925} INFO - DAG(s) 'example_branch_labels' retrieved from /home/airflow/.local/lib/python3.12/site-packages/airflow/example_dags/example_branch_labels.py
[2024-09-04T21:17:40.990+0000] {logging_mixin.py:190} INFO - [2024-09-04T21:17:40.990+0000] {dag.py:3211} INFO - Sync 1 DAGs
[2024-09-04T21:17:41.013+0000] {logging_mixin.py:190} INFO - [2024-09-04T21:17:41.012+0000] {dag.py:4138} INFO - Setting next_dagrun for example_branch_labels to 2024-09-03 00:00:00+00:00, run_after=2024-09-04 00:00:00+00:00
[2024-09-04T21:17:41.031+0000] {processor.py:208} INFO - Processing /home/airflow/.local/lib/python3.12/site-packages/airflow/example_dags/example_branch_labels.py took 0.083 seconds
[2024-09-04T21:18:11.195+0000] {processor.py:186} INFO - Started process (PID=2285) to work on /home/airflow/.local/lib/python3.12/site-packages/airflow/example_dags/example_branch_labels.py
[2024-09-04T21:18:11.197+0000] {processor.py:914} INFO - Processing file /home/airflow/.local/lib/python3.12/site-packages/airflow/example_dags/example_branch_labels.py for tasks to queue
[2024-09-04T21:18:11.200+0000] {logging_mixin.py:190} INFO - [2024-09-04T21:18:11.199+0000] {dagbag.py:587} INFO - Filling up the DagBag from /home/airflow/.local/lib/python3.12/site-packages/airflow/example_dags/example_branch_labels.py
[2024-09-04T21:18:11.209+0000] {processor.py:925} INFO - DAG(s) 'example_branch_labels' retrieved from /home/airflow/.local/lib/python3.12/site-packages/airflow/example_dags/example_branch_labels.py
[2024-09-04T21:18:11.231+0000] {logging_mixin.py:190} INFO - [2024-09-04T21:18:11.230+0000] {dag.py:3211} INFO - Sync 1 DAGs
[2024-09-04T21:18:11.253+0000] {logging_mixin.py:190} INFO - [2024-09-04T21:18:11.252+0000] {dag.py:4138} INFO - Setting next_dagrun for example_branch_labels to 2024-09-03 00:00:00+00:00, run_after=2024-09-04 00:00:00+00:00
[2024-09-04T21:18:11.274+0000] {processor.py:208} INFO - Processing /home/airflow/.local/lib/python3.12/site-packages/airflow/example_dags/example_branch_labels.py took 0.084 seconds
[2024-09-04T21:18:41.992+0000] {processor.py:186} INFO - Started process (PID=2348) to work on /home/airflow/.local/lib/python3.12/site-packages/airflow/example_dags/example_branch_labels.py
[2024-09-04T21:18:41.993+0000] {processor.py:914} INFO - Processing file /home/airflow/.local/lib/python3.12/site-packages/airflow/example_dags/example_branch_labels.py for tasks to queue
[2024-09-04T21:18:41.996+0000] {logging_mixin.py:190} INFO - [2024-09-04T21:18:41.996+0000] {dagbag.py:587} INFO - Filling up the DagBag from /home/airflow/.local/lib/python3.12/site-packages/airflow/example_dags/example_branch_labels.py
[2024-09-04T21:18:42.006+0000] {processor.py:925} INFO - DAG(s) 'example_branch_labels' retrieved from /home/airflow/.local/lib/python3.12/site-packages/airflow/example_dags/example_branch_labels.py
[2024-09-04T21:18:42.033+0000] {logging_mixin.py:190} INFO - [2024-09-04T21:18:42.032+0000] {dag.py:3211} INFO - Sync 1 DAGs
[2024-09-04T21:18:42.057+0000] {logging_mixin.py:190} INFO - [2024-09-04T21:18:42.057+0000] {dag.py:4138} INFO - Setting next_dagrun for example_branch_labels to 2024-09-03 00:00:00+00:00, run_after=2024-09-04 00:00:00+00:00
[2024-09-04T21:18:42.077+0000] {processor.py:208} INFO - Processing /home/airflow/.local/lib/python3.12/site-packages/airflow/example_dags/example_branch_labels.py took 0.091 seconds
