[2024-09-04T20:52:24.152+0000] {processor.py:186} INFO - Started process (PID=69) to work on /home/airflow/.local/lib/python3.12/site-packages/airflow/example_dags/example_sla_dag.py
[2024-09-04T20:52:24.266+0000] {processor.py:914} INFO - Processing file /home/airflow/.local/lib/python3.12/site-packages/airflow/example_dags/example_sla_dag.py for tasks to queue
[2024-09-04T20:52:24.347+0000] {logging_mixin.py:190} INFO - [2024-09-04T20:52:24.347+0000] {dagbag.py:587} INFO - Filling up the DagBag from /home/airflow/.local/lib/python3.12/site-packages/airflow/example_dags/example_sla_dag.py
[2024-09-04T20:52:24.602+0000] {processor.py:925} INFO - DAG(s) 'example_sla_dag' retrieved from /home/airflow/.local/lib/python3.12/site-packages/airflow/example_dags/example_sla_dag.py
[2024-09-04T20:52:26.173+0000] {logging_mixin.py:190} INFO - [2024-09-04T20:52:26.168+0000] {override.py:1858} INFO - Created Permission View: can delete on DAG:example_sla_dag
[2024-09-04T20:52:26.223+0000] {logging_mixin.py:190} INFO - [2024-09-04T20:52:26.218+0000] {override.py:1858} INFO - Created Permission View: can edit on DAG:example_sla_dag
[2024-09-04T20:52:26.249+0000] {logging_mixin.py:190} INFO - [2024-09-04T20:52:26.248+0000] {override.py:1858} INFO - Created Permission View: can read on DAG:example_sla_dag
[2024-09-04T20:52:26.254+0000] {logging_mixin.py:190} INFO - [2024-09-04T20:52:26.252+0000] {dag.py:3211} INFO - Sync 1 DAGs
[2024-09-04T20:52:26.373+0000] {logging_mixin.py:190} INFO - [2024-09-04T20:52:26.373+0000] {dag.py:3234} INFO - Creating ORM DAG for example_sla_dag
[2024-09-04T20:52:26.484+0000] {logging_mixin.py:190} INFO - [2024-09-04T20:52:26.483+0000] {dag.py:4138} INFO - Setting next_dagrun for example_sla_dag to 2024-09-04 20:50:00+00:00, run_after=2024-09-04 20:52:00+00:00
[2024-09-04T20:52:26.580+0000] {processor.py:208} INFO - Processing /home/airflow/.local/lib/python3.12/site-packages/airflow/example_dags/example_sla_dag.py took 2.557 seconds
[2024-09-04T21:00:10.898+0000] {processor.py:186} INFO - Started process (PID=70) to work on /home/airflow/.local/lib/python3.12/site-packages/airflow/example_dags/example_sla_dag.py
[2024-09-04T21:00:10.900+0000] {processor.py:914} INFO - Processing file /home/airflow/.local/lib/python3.12/site-packages/airflow/example_dags/example_sla_dag.py for tasks to queue
[2024-09-04T21:00:10.903+0000] {logging_mixin.py:190} INFO - [2024-09-04T21:00:10.903+0000] {dagbag.py:587} INFO - Filling up the DagBag from /home/airflow/.local/lib/python3.12/site-packages/airflow/example_dags/example_sla_dag.py
[2024-09-04T21:00:10.949+0000] {processor.py:925} INFO - DAG(s) 'example_sla_dag' retrieved from /home/airflow/.local/lib/python3.12/site-packages/airflow/example_dags/example_sla_dag.py
[2024-09-04T21:00:11.122+0000] {logging_mixin.py:190} INFO - [2024-09-04T21:00:11.121+0000] {dag.py:3211} INFO - Sync 1 DAGs
[2024-09-04T21:00:11.301+0000] {logging_mixin.py:190} INFO - [2024-09-04T21:00:11.301+0000] {dag.py:4138} INFO - Setting next_dagrun for example_sla_dag to 2024-09-04 20:58:00+00:00, run_after=2024-09-04 21:00:00+00:00
[2024-09-04T21:00:11.485+0000] {processor.py:208} INFO - Processing /home/airflow/.local/lib/python3.12/site-packages/airflow/example_dags/example_sla_dag.py took 0.589 seconds
[2024-09-04T21:00:41.724+0000] {processor.py:186} INFO - Started process (PID=132) to work on /home/airflow/.local/lib/python3.12/site-packages/airflow/example_dags/example_sla_dag.py
[2024-09-04T21:00:41.726+0000] {processor.py:914} INFO - Processing file /home/airflow/.local/lib/python3.12/site-packages/airflow/example_dags/example_sla_dag.py for tasks to queue
[2024-09-04T21:00:41.728+0000] {logging_mixin.py:190} INFO - [2024-09-04T21:00:41.728+0000] {dagbag.py:587} INFO - Filling up the DagBag from /home/airflow/.local/lib/python3.12/site-packages/airflow/example_dags/example_sla_dag.py
[2024-09-04T21:00:41.738+0000] {processor.py:925} INFO - DAG(s) 'example_sla_dag' retrieved from /home/airflow/.local/lib/python3.12/site-packages/airflow/example_dags/example_sla_dag.py
[2024-09-04T21:00:41.765+0000] {logging_mixin.py:190} INFO - [2024-09-04T21:00:41.764+0000] {dag.py:3211} INFO - Sync 1 DAGs
[2024-09-04T21:00:41.790+0000] {logging_mixin.py:190} INFO - [2024-09-04T21:00:41.789+0000] {dag.py:4138} INFO - Setting next_dagrun for example_sla_dag to 2024-09-04 20:58:00+00:00, run_after=2024-09-04 21:00:00+00:00
[2024-09-04T21:00:41.812+0000] {processor.py:208} INFO - Processing /home/airflow/.local/lib/python3.12/site-packages/airflow/example_dags/example_sla_dag.py took 0.092 seconds
[2024-09-04T21:01:12.621+0000] {processor.py:186} INFO - Started process (PID=194) to work on /home/airflow/.local/lib/python3.12/site-packages/airflow/example_dags/example_sla_dag.py
[2024-09-04T21:01:12.622+0000] {processor.py:914} INFO - Processing file /home/airflow/.local/lib/python3.12/site-packages/airflow/example_dags/example_sla_dag.py for tasks to queue
[2024-09-04T21:01:12.625+0000] {logging_mixin.py:190} INFO - [2024-09-04T21:01:12.624+0000] {dagbag.py:587} INFO - Filling up the DagBag from /home/airflow/.local/lib/python3.12/site-packages/airflow/example_dags/example_sla_dag.py
[2024-09-04T21:01:12.634+0000] {processor.py:925} INFO - DAG(s) 'example_sla_dag' retrieved from /home/airflow/.local/lib/python3.12/site-packages/airflow/example_dags/example_sla_dag.py
[2024-09-04T21:01:12.655+0000] {logging_mixin.py:190} INFO - [2024-09-04T21:01:12.655+0000] {dag.py:3211} INFO - Sync 1 DAGs
[2024-09-04T21:01:12.676+0000] {logging_mixin.py:190} INFO - [2024-09-04T21:01:12.676+0000] {dag.py:4138} INFO - Setting next_dagrun for example_sla_dag to 2024-09-04 20:58:00+00:00, run_after=2024-09-04 21:00:00+00:00
[2024-09-04T21:01:12.699+0000] {processor.py:208} INFO - Processing /home/airflow/.local/lib/python3.12/site-packages/airflow/example_dags/example_sla_dag.py took 0.086 seconds
[2024-09-04T21:01:42.830+0000] {processor.py:186} INFO - Started process (PID=256) to work on /home/airflow/.local/lib/python3.12/site-packages/airflow/example_dags/example_sla_dag.py
[2024-09-04T21:01:42.831+0000] {processor.py:914} INFO - Processing file /home/airflow/.local/lib/python3.12/site-packages/airflow/example_dags/example_sla_dag.py for tasks to queue
[2024-09-04T21:01:42.833+0000] {logging_mixin.py:190} INFO - [2024-09-04T21:01:42.833+0000] {dagbag.py:587} INFO - Filling up the DagBag from /home/airflow/.local/lib/python3.12/site-packages/airflow/example_dags/example_sla_dag.py
[2024-09-04T21:01:42.842+0000] {processor.py:925} INFO - DAG(s) 'example_sla_dag' retrieved from /home/airflow/.local/lib/python3.12/site-packages/airflow/example_dags/example_sla_dag.py
[2024-09-04T21:01:42.863+0000] {logging_mixin.py:190} INFO - [2024-09-04T21:01:42.862+0000] {dag.py:3211} INFO - Sync 1 DAGs
[2024-09-04T21:01:42.882+0000] {logging_mixin.py:190} INFO - [2024-09-04T21:01:42.882+0000] {dag.py:4138} INFO - Setting next_dagrun for example_sla_dag to 2024-09-04 20:58:00+00:00, run_after=2024-09-04 21:00:00+00:00
[2024-09-04T21:01:42.905+0000] {processor.py:208} INFO - Processing /home/airflow/.local/lib/python3.12/site-packages/airflow/example_dags/example_sla_dag.py took 0.081 seconds
[2024-09-04T21:02:13.775+0000] {processor.py:186} INFO - Started process (PID=319) to work on /home/airflow/.local/lib/python3.12/site-packages/airflow/example_dags/example_sla_dag.py
[2024-09-04T21:02:13.776+0000] {processor.py:914} INFO - Processing file /home/airflow/.local/lib/python3.12/site-packages/airflow/example_dags/example_sla_dag.py for tasks to queue
[2024-09-04T21:02:13.780+0000] {logging_mixin.py:190} INFO - [2024-09-04T21:02:13.779+0000] {dagbag.py:587} INFO - Filling up the DagBag from /home/airflow/.local/lib/python3.12/site-packages/airflow/example_dags/example_sla_dag.py
[2024-09-04T21:02:13.788+0000] {processor.py:925} INFO - DAG(s) 'example_sla_dag' retrieved from /home/airflow/.local/lib/python3.12/site-packages/airflow/example_dags/example_sla_dag.py
[2024-09-04T21:02:13.809+0000] {logging_mixin.py:190} INFO - [2024-09-04T21:02:13.809+0000] {dag.py:3211} INFO - Sync 1 DAGs
[2024-09-04T21:02:13.838+0000] {logging_mixin.py:190} INFO - [2024-09-04T21:02:13.838+0000] {dag.py:4138} INFO - Setting next_dagrun for example_sla_dag to 2024-09-04 21:00:00+00:00, run_after=2024-09-04 21:02:00+00:00
[2024-09-04T21:02:13.860+0000] {processor.py:208} INFO - Processing /home/airflow/.local/lib/python3.12/site-packages/airflow/example_dags/example_sla_dag.py took 0.091 seconds
[2024-09-04T21:02:44.600+0000] {processor.py:186} INFO - Started process (PID=381) to work on /home/airflow/.local/lib/python3.12/site-packages/airflow/example_dags/example_sla_dag.py
[2024-09-04T21:02:44.601+0000] {processor.py:914} INFO - Processing file /home/airflow/.local/lib/python3.12/site-packages/airflow/example_dags/example_sla_dag.py for tasks to queue
[2024-09-04T21:02:44.603+0000] {logging_mixin.py:190} INFO - [2024-09-04T21:02:44.603+0000] {dagbag.py:587} INFO - Filling up the DagBag from /home/airflow/.local/lib/python3.12/site-packages/airflow/example_dags/example_sla_dag.py
[2024-09-04T21:02:44.611+0000] {processor.py:925} INFO - DAG(s) 'example_sla_dag' retrieved from /home/airflow/.local/lib/python3.12/site-packages/airflow/example_dags/example_sla_dag.py
[2024-09-04T21:02:44.631+0000] {logging_mixin.py:190} INFO - [2024-09-04T21:02:44.630+0000] {dag.py:3211} INFO - Sync 1 DAGs
[2024-09-04T21:02:44.652+0000] {logging_mixin.py:190} INFO - [2024-09-04T21:02:44.652+0000] {dag.py:4138} INFO - Setting next_dagrun for example_sla_dag to 2024-09-04 21:00:00+00:00, run_after=2024-09-04 21:02:00+00:00
[2024-09-04T21:02:44.672+0000] {processor.py:208} INFO - Processing /home/airflow/.local/lib/python3.12/site-packages/airflow/example_dags/example_sla_dag.py took 0.077 seconds
[2024-09-04T21:03:15.300+0000] {processor.py:186} INFO - Started process (PID=443) to work on /home/airflow/.local/lib/python3.12/site-packages/airflow/example_dags/example_sla_dag.py
[2024-09-04T21:03:15.301+0000] {processor.py:914} INFO - Processing file /home/airflow/.local/lib/python3.12/site-packages/airflow/example_dags/example_sla_dag.py for tasks to queue
[2024-09-04T21:03:15.307+0000] {logging_mixin.py:190} INFO - [2024-09-04T21:03:15.305+0000] {dagbag.py:587} INFO - Filling up the DagBag from /home/airflow/.local/lib/python3.12/site-packages/airflow/example_dags/example_sla_dag.py
[2024-09-04T21:03:15.317+0000] {processor.py:925} INFO - DAG(s) 'example_sla_dag' retrieved from /home/airflow/.local/lib/python3.12/site-packages/airflow/example_dags/example_sla_dag.py
[2024-09-04T21:03:15.343+0000] {logging_mixin.py:190} INFO - [2024-09-04T21:03:15.342+0000] {dag.py:3211} INFO - Sync 1 DAGs
[2024-09-04T21:03:15.368+0000] {logging_mixin.py:190} INFO - [2024-09-04T21:03:15.368+0000] {dag.py:4138} INFO - Setting next_dagrun for example_sla_dag to 2024-09-04 21:00:00+00:00, run_after=2024-09-04 21:02:00+00:00
[2024-09-04T21:03:15.394+0000] {processor.py:208} INFO - Processing /home/airflow/.local/lib/python3.12/site-packages/airflow/example_dags/example_sla_dag.py took 0.099 seconds
[2024-09-04T21:03:46.000+0000] {processor.py:186} INFO - Started process (PID=505) to work on /home/airflow/.local/lib/python3.12/site-packages/airflow/example_dags/example_sla_dag.py
[2024-09-04T21:03:46.001+0000] {processor.py:914} INFO - Processing file /home/airflow/.local/lib/python3.12/site-packages/airflow/example_dags/example_sla_dag.py for tasks to queue
[2024-09-04T21:03:46.004+0000] {logging_mixin.py:190} INFO - [2024-09-04T21:03:46.004+0000] {dagbag.py:587} INFO - Filling up the DagBag from /home/airflow/.local/lib/python3.12/site-packages/airflow/example_dags/example_sla_dag.py
[2024-09-04T21:03:46.014+0000] {processor.py:925} INFO - DAG(s) 'example_sla_dag' retrieved from /home/airflow/.local/lib/python3.12/site-packages/airflow/example_dags/example_sla_dag.py
[2024-09-04T21:03:46.036+0000] {logging_mixin.py:190} INFO - [2024-09-04T21:03:46.035+0000] {dag.py:3211} INFO - Sync 1 DAGs
[2024-09-04T21:03:46.065+0000] {logging_mixin.py:190} INFO - [2024-09-04T21:03:46.065+0000] {dag.py:4138} INFO - Setting next_dagrun for example_sla_dag to 2024-09-04 21:00:00+00:00, run_after=2024-09-04 21:02:00+00:00
[2024-09-04T21:03:46.091+0000] {processor.py:208} INFO - Processing /home/airflow/.local/lib/python3.12/site-packages/airflow/example_dags/example_sla_dag.py took 0.097 seconds
[2024-09-04T21:04:16.821+0000] {processor.py:186} INFO - Started process (PID=567) to work on /home/airflow/.local/lib/python3.12/site-packages/airflow/example_dags/example_sla_dag.py
[2024-09-04T21:04:16.823+0000] {processor.py:914} INFO - Processing file /home/airflow/.local/lib/python3.12/site-packages/airflow/example_dags/example_sla_dag.py for tasks to queue
[2024-09-04T21:04:16.829+0000] {logging_mixin.py:190} INFO - [2024-09-04T21:04:16.828+0000] {dagbag.py:587} INFO - Filling up the DagBag from /home/airflow/.local/lib/python3.12/site-packages/airflow/example_dags/example_sla_dag.py
[2024-09-04T21:04:16.848+0000] {processor.py:925} INFO - DAG(s) 'example_sla_dag' retrieved from /home/airflow/.local/lib/python3.12/site-packages/airflow/example_dags/example_sla_dag.py
[2024-09-04T21:04:16.882+0000] {logging_mixin.py:190} INFO - [2024-09-04T21:04:16.882+0000] {dag.py:3211} INFO - Sync 1 DAGs
[2024-09-04T21:04:16.939+0000] {logging_mixin.py:190} INFO - [2024-09-04T21:04:16.938+0000] {dag.py:4138} INFO - Setting next_dagrun for example_sla_dag to 2024-09-04 21:02:00+00:00, run_after=2024-09-04 21:04:00+00:00
[2024-09-04T21:04:16.977+0000] {processor.py:208} INFO - Processing /home/airflow/.local/lib/python3.12/site-packages/airflow/example_dags/example_sla_dag.py took 0.169 seconds
[2024-09-04T21:04:47.802+0000] {processor.py:186} INFO - Started process (PID=629) to work on /home/airflow/.local/lib/python3.12/site-packages/airflow/example_dags/example_sla_dag.py
[2024-09-04T21:04:47.804+0000] {processor.py:914} INFO - Processing file /home/airflow/.local/lib/python3.12/site-packages/airflow/example_dags/example_sla_dag.py for tasks to queue
[2024-09-04T21:04:47.807+0000] {logging_mixin.py:190} INFO - [2024-09-04T21:04:47.806+0000] {dagbag.py:587} INFO - Filling up the DagBag from /home/airflow/.local/lib/python3.12/site-packages/airflow/example_dags/example_sla_dag.py
[2024-09-04T21:04:47.821+0000] {processor.py:925} INFO - DAG(s) 'example_sla_dag' retrieved from /home/airflow/.local/lib/python3.12/site-packages/airflow/example_dags/example_sla_dag.py
[2024-09-04T21:04:47.843+0000] {logging_mixin.py:190} INFO - [2024-09-04T21:04:47.843+0000] {dag.py:3211} INFO - Sync 1 DAGs
[2024-09-04T21:04:47.867+0000] {logging_mixin.py:190} INFO - [2024-09-04T21:04:47.866+0000] {dag.py:4138} INFO - Setting next_dagrun for example_sla_dag to 2024-09-04 21:02:00+00:00, run_after=2024-09-04 21:04:00+00:00
[2024-09-04T21:04:47.889+0000] {processor.py:208} INFO - Processing /home/airflow/.local/lib/python3.12/site-packages/airflow/example_dags/example_sla_dag.py took 0.093 seconds
[2024-09-04T21:05:18.381+0000] {processor.py:186} INFO - Started process (PID=691) to work on /home/airflow/.local/lib/python3.12/site-packages/airflow/example_dags/example_sla_dag.py
[2024-09-04T21:05:18.383+0000] {processor.py:914} INFO - Processing file /home/airflow/.local/lib/python3.12/site-packages/airflow/example_dags/example_sla_dag.py for tasks to queue
[2024-09-04T21:05:18.386+0000] {logging_mixin.py:190} INFO - [2024-09-04T21:05:18.386+0000] {dagbag.py:587} INFO - Filling up the DagBag from /home/airflow/.local/lib/python3.12/site-packages/airflow/example_dags/example_sla_dag.py
[2024-09-04T21:05:18.396+0000] {processor.py:925} INFO - DAG(s) 'example_sla_dag' retrieved from /home/airflow/.local/lib/python3.12/site-packages/airflow/example_dags/example_sla_dag.py
[2024-09-04T21:05:18.414+0000] {logging_mixin.py:190} INFO - [2024-09-04T21:05:18.414+0000] {dag.py:3211} INFO - Sync 1 DAGs
[2024-09-04T21:05:18.436+0000] {logging_mixin.py:190} INFO - [2024-09-04T21:05:18.436+0000] {dag.py:4138} INFO - Setting next_dagrun for example_sla_dag to 2024-09-04 21:02:00+00:00, run_after=2024-09-04 21:04:00+00:00
[2024-09-04T21:05:18.455+0000] {processor.py:208} INFO - Processing /home/airflow/.local/lib/python3.12/site-packages/airflow/example_dags/example_sla_dag.py took 0.079 seconds
[2024-09-04T21:05:49.278+0000] {processor.py:186} INFO - Started process (PID=753) to work on /home/airflow/.local/lib/python3.12/site-packages/airflow/example_dags/example_sla_dag.py
[2024-09-04T21:05:49.279+0000] {processor.py:914} INFO - Processing file /home/airflow/.local/lib/python3.12/site-packages/airflow/example_dags/example_sla_dag.py for tasks to queue
[2024-09-04T21:05:49.282+0000] {logging_mixin.py:190} INFO - [2024-09-04T21:05:49.282+0000] {dagbag.py:587} INFO - Filling up the DagBag from /home/airflow/.local/lib/python3.12/site-packages/airflow/example_dags/example_sla_dag.py
[2024-09-04T21:05:49.289+0000] {processor.py:925} INFO - DAG(s) 'example_sla_dag' retrieved from /home/airflow/.local/lib/python3.12/site-packages/airflow/example_dags/example_sla_dag.py
[2024-09-04T21:05:49.308+0000] {logging_mixin.py:190} INFO - [2024-09-04T21:05:49.308+0000] {dag.py:3211} INFO - Sync 1 DAGs
[2024-09-04T21:05:49.331+0000] {logging_mixin.py:190} INFO - [2024-09-04T21:05:49.331+0000] {dag.py:4138} INFO - Setting next_dagrun for example_sla_dag to 2024-09-04 21:02:00+00:00, run_after=2024-09-04 21:04:00+00:00
[2024-09-04T21:05:49.351+0000] {processor.py:208} INFO - Processing /home/airflow/.local/lib/python3.12/site-packages/airflow/example_dags/example_sla_dag.py took 0.077 seconds
[2024-09-04T21:06:19.917+0000] {processor.py:186} INFO - Started process (PID=815) to work on /home/airflow/.local/lib/python3.12/site-packages/airflow/example_dags/example_sla_dag.py
[2024-09-04T21:06:19.918+0000] {processor.py:914} INFO - Processing file /home/airflow/.local/lib/python3.12/site-packages/airflow/example_dags/example_sla_dag.py for tasks to queue
[2024-09-04T21:06:19.921+0000] {logging_mixin.py:190} INFO - [2024-09-04T21:06:19.921+0000] {dagbag.py:587} INFO - Filling up the DagBag from /home/airflow/.local/lib/python3.12/site-packages/airflow/example_dags/example_sla_dag.py
[2024-09-04T21:06:19.928+0000] {processor.py:925} INFO - DAG(s) 'example_sla_dag' retrieved from /home/airflow/.local/lib/python3.12/site-packages/airflow/example_dags/example_sla_dag.py
[2024-09-04T21:06:19.947+0000] {logging_mixin.py:190} INFO - [2024-09-04T21:06:19.947+0000] {dag.py:3211} INFO - Sync 1 DAGs
[2024-09-04T21:06:19.968+0000] {logging_mixin.py:190} INFO - [2024-09-04T21:06:19.968+0000] {dag.py:4138} INFO - Setting next_dagrun for example_sla_dag to 2024-09-04 21:04:00+00:00, run_after=2024-09-04 21:06:00+00:00
[2024-09-04T21:06:19.986+0000] {processor.py:208} INFO - Processing /home/airflow/.local/lib/python3.12/site-packages/airflow/example_dags/example_sla_dag.py took 0.072 seconds
[2024-09-04T21:06:50.654+0000] {processor.py:186} INFO - Started process (PID=876) to work on /home/airflow/.local/lib/python3.12/site-packages/airflow/example_dags/example_sla_dag.py
[2024-09-04T21:06:50.656+0000] {processor.py:914} INFO - Processing file /home/airflow/.local/lib/python3.12/site-packages/airflow/example_dags/example_sla_dag.py for tasks to queue
[2024-09-04T21:06:50.658+0000] {logging_mixin.py:190} INFO - [2024-09-04T21:06:50.658+0000] {dagbag.py:587} INFO - Filling up the DagBag from /home/airflow/.local/lib/python3.12/site-packages/airflow/example_dags/example_sla_dag.py
[2024-09-04T21:06:50.670+0000] {processor.py:925} INFO - DAG(s) 'example_sla_dag' retrieved from /home/airflow/.local/lib/python3.12/site-packages/airflow/example_dags/example_sla_dag.py
[2024-09-04T21:06:50.693+0000] {logging_mixin.py:190} INFO - [2024-09-04T21:06:50.692+0000] {dag.py:3211} INFO - Sync 1 DAGs
[2024-09-04T21:06:50.721+0000] {logging_mixin.py:190} INFO - [2024-09-04T21:06:50.721+0000] {dag.py:4138} INFO - Setting next_dagrun for example_sla_dag to 2024-09-04 21:04:00+00:00, run_after=2024-09-04 21:06:00+00:00
[2024-09-04T21:06:50.743+0000] {processor.py:208} INFO - Processing /home/airflow/.local/lib/python3.12/site-packages/airflow/example_dags/example_sla_dag.py took 0.094 seconds
[2024-09-04T21:07:20.889+0000] {processor.py:186} INFO - Started process (PID=938) to work on /home/airflow/.local/lib/python3.12/site-packages/airflow/example_dags/example_sla_dag.py
[2024-09-04T21:07:20.890+0000] {processor.py:914} INFO - Processing file /home/airflow/.local/lib/python3.12/site-packages/airflow/example_dags/example_sla_dag.py for tasks to queue
[2024-09-04T21:07:20.893+0000] {logging_mixin.py:190} INFO - [2024-09-04T21:07:20.892+0000] {dagbag.py:587} INFO - Filling up the DagBag from /home/airflow/.local/lib/python3.12/site-packages/airflow/example_dags/example_sla_dag.py
[2024-09-04T21:07:20.902+0000] {processor.py:925} INFO - DAG(s) 'example_sla_dag' retrieved from /home/airflow/.local/lib/python3.12/site-packages/airflow/example_dags/example_sla_dag.py
[2024-09-04T21:07:20.921+0000] {logging_mixin.py:190} INFO - [2024-09-04T21:07:20.921+0000] {dag.py:3211} INFO - Sync 1 DAGs
[2024-09-04T21:07:20.942+0000] {logging_mixin.py:190} INFO - [2024-09-04T21:07:20.942+0000] {dag.py:4138} INFO - Setting next_dagrun for example_sla_dag to 2024-09-04 21:04:00+00:00, run_after=2024-09-04 21:06:00+00:00
[2024-09-04T21:07:20.963+0000] {processor.py:208} INFO - Processing /home/airflow/.local/lib/python3.12/site-packages/airflow/example_dags/example_sla_dag.py took 0.079 seconds
[2024-09-04T21:07:51.126+0000] {processor.py:186} INFO - Started process (PID=1000) to work on /home/airflow/.local/lib/python3.12/site-packages/airflow/example_dags/example_sla_dag.py
[2024-09-04T21:07:51.128+0000] {processor.py:914} INFO - Processing file /home/airflow/.local/lib/python3.12/site-packages/airflow/example_dags/example_sla_dag.py for tasks to queue
[2024-09-04T21:07:51.132+0000] {logging_mixin.py:190} INFO - [2024-09-04T21:07:51.132+0000] {dagbag.py:587} INFO - Filling up the DagBag from /home/airflow/.local/lib/python3.12/site-packages/airflow/example_dags/example_sla_dag.py
[2024-09-04T21:07:51.147+0000] {processor.py:925} INFO - DAG(s) 'example_sla_dag' retrieved from /home/airflow/.local/lib/python3.12/site-packages/airflow/example_dags/example_sla_dag.py
[2024-09-04T21:07:51.175+0000] {logging_mixin.py:190} INFO - [2024-09-04T21:07:51.174+0000] {dag.py:3211} INFO - Sync 1 DAGs
[2024-09-04T21:07:51.215+0000] {logging_mixin.py:190} INFO - [2024-09-04T21:07:51.214+0000] {dag.py:4138} INFO - Setting next_dagrun for example_sla_dag to 2024-09-04 21:04:00+00:00, run_after=2024-09-04 21:06:00+00:00
[2024-09-04T21:07:51.244+0000] {processor.py:208} INFO - Processing /home/airflow/.local/lib/python3.12/site-packages/airflow/example_dags/example_sla_dag.py took 0.130 seconds
[2024-09-04T21:08:21.683+0000] {processor.py:186} INFO - Started process (PID=1063) to work on /home/airflow/.local/lib/python3.12/site-packages/airflow/example_dags/example_sla_dag.py
[2024-09-04T21:08:21.684+0000] {processor.py:914} INFO - Processing file /home/airflow/.local/lib/python3.12/site-packages/airflow/example_dags/example_sla_dag.py for tasks to queue
[2024-09-04T21:08:21.687+0000] {logging_mixin.py:190} INFO - [2024-09-04T21:08:21.686+0000] {dagbag.py:587} INFO - Filling up the DagBag from /home/airflow/.local/lib/python3.12/site-packages/airflow/example_dags/example_sla_dag.py
[2024-09-04T21:08:21.694+0000] {processor.py:925} INFO - DAG(s) 'example_sla_dag' retrieved from /home/airflow/.local/lib/python3.12/site-packages/airflow/example_dags/example_sla_dag.py
[2024-09-04T21:08:21.713+0000] {logging_mixin.py:190} INFO - [2024-09-04T21:08:21.713+0000] {dag.py:3211} INFO - Sync 1 DAGs
[2024-09-04T21:08:21.734+0000] {logging_mixin.py:190} INFO - [2024-09-04T21:08:21.734+0000] {dag.py:4138} INFO - Setting next_dagrun for example_sla_dag to 2024-09-04 21:06:00+00:00, run_after=2024-09-04 21:08:00+00:00
[2024-09-04T21:08:21.754+0000] {processor.py:208} INFO - Processing /home/airflow/.local/lib/python3.12/site-packages/airflow/example_dags/example_sla_dag.py took 0.075 seconds
[2024-09-04T21:08:52.279+0000] {processor.py:186} INFO - Started process (PID=1125) to work on /home/airflow/.local/lib/python3.12/site-packages/airflow/example_dags/example_sla_dag.py
[2024-09-04T21:08:52.280+0000] {processor.py:914} INFO - Processing file /home/airflow/.local/lib/python3.12/site-packages/airflow/example_dags/example_sla_dag.py for tasks to queue
[2024-09-04T21:08:52.283+0000] {logging_mixin.py:190} INFO - [2024-09-04T21:08:52.282+0000] {dagbag.py:587} INFO - Filling up the DagBag from /home/airflow/.local/lib/python3.12/site-packages/airflow/example_dags/example_sla_dag.py
[2024-09-04T21:08:52.291+0000] {processor.py:925} INFO - DAG(s) 'example_sla_dag' retrieved from /home/airflow/.local/lib/python3.12/site-packages/airflow/example_dags/example_sla_dag.py
[2024-09-04T21:08:52.313+0000] {logging_mixin.py:190} INFO - [2024-09-04T21:08:52.312+0000] {dag.py:3211} INFO - Sync 1 DAGs
[2024-09-04T21:08:52.336+0000] {logging_mixin.py:190} INFO - [2024-09-04T21:08:52.336+0000] {dag.py:4138} INFO - Setting next_dagrun for example_sla_dag to 2024-09-04 21:06:00+00:00, run_after=2024-09-04 21:08:00+00:00
[2024-09-04T21:08:52.354+0000] {processor.py:208} INFO - Processing /home/airflow/.local/lib/python3.12/site-packages/airflow/example_dags/example_sla_dag.py took 0.081 seconds
[2024-09-04T21:09:22.613+0000] {processor.py:186} INFO - Started process (PID=1187) to work on /home/airflow/.local/lib/python3.12/site-packages/airflow/example_dags/example_sla_dag.py
[2024-09-04T21:09:22.614+0000] {processor.py:914} INFO - Processing file /home/airflow/.local/lib/python3.12/site-packages/airflow/example_dags/example_sla_dag.py for tasks to queue
[2024-09-04T21:09:22.616+0000] {logging_mixin.py:190} INFO - [2024-09-04T21:09:22.616+0000] {dagbag.py:587} INFO - Filling up the DagBag from /home/airflow/.local/lib/python3.12/site-packages/airflow/example_dags/example_sla_dag.py
[2024-09-04T21:09:22.624+0000] {processor.py:925} INFO - DAG(s) 'example_sla_dag' retrieved from /home/airflow/.local/lib/python3.12/site-packages/airflow/example_dags/example_sla_dag.py
[2024-09-04T21:09:22.643+0000] {logging_mixin.py:190} INFO - [2024-09-04T21:09:22.642+0000] {dag.py:3211} INFO - Sync 1 DAGs
[2024-09-04T21:09:22.663+0000] {logging_mixin.py:190} INFO - [2024-09-04T21:09:22.662+0000] {dag.py:4138} INFO - Setting next_dagrun for example_sla_dag to 2024-09-04 21:06:00+00:00, run_after=2024-09-04 21:08:00+00:00
[2024-09-04T21:09:22.682+0000] {processor.py:208} INFO - Processing /home/airflow/.local/lib/python3.12/site-packages/airflow/example_dags/example_sla_dag.py took 0.075 seconds
[2024-09-04T21:09:53.029+0000] {processor.py:186} INFO - Started process (PID=1249) to work on /home/airflow/.local/lib/python3.12/site-packages/airflow/example_dags/example_sla_dag.py
[2024-09-04T21:09:53.030+0000] {processor.py:914} INFO - Processing file /home/airflow/.local/lib/python3.12/site-packages/airflow/example_dags/example_sla_dag.py for tasks to queue
[2024-09-04T21:09:53.032+0000] {logging_mixin.py:190} INFO - [2024-09-04T21:09:53.032+0000] {dagbag.py:587} INFO - Filling up the DagBag from /home/airflow/.local/lib/python3.12/site-packages/airflow/example_dags/example_sla_dag.py
[2024-09-04T21:09:53.043+0000] {processor.py:925} INFO - DAG(s) 'example_sla_dag' retrieved from /home/airflow/.local/lib/python3.12/site-packages/airflow/example_dags/example_sla_dag.py
[2024-09-04T21:09:53.063+0000] {logging_mixin.py:190} INFO - [2024-09-04T21:09:53.062+0000] {dag.py:3211} INFO - Sync 1 DAGs
[2024-09-04T21:09:53.089+0000] {logging_mixin.py:190} INFO - [2024-09-04T21:09:53.088+0000] {dag.py:4138} INFO - Setting next_dagrun for example_sla_dag to 2024-09-04 21:06:00+00:00, run_after=2024-09-04 21:08:00+00:00
[2024-09-04T21:09:53.113+0000] {processor.py:208} INFO - Processing /home/airflow/.local/lib/python3.12/site-packages/airflow/example_dags/example_sla_dag.py took 0.089 seconds
[2024-09-04T21:10:23.225+0000] {processor.py:186} INFO - Started process (PID=1312) to work on /home/airflow/.local/lib/python3.12/site-packages/airflow/example_dags/example_sla_dag.py
[2024-09-04T21:10:23.226+0000] {processor.py:914} INFO - Processing file /home/airflow/.local/lib/python3.12/site-packages/airflow/example_dags/example_sla_dag.py for tasks to queue
[2024-09-04T21:10:23.229+0000] {logging_mixin.py:190} INFO - [2024-09-04T21:10:23.228+0000] {dagbag.py:587} INFO - Filling up the DagBag from /home/airflow/.local/lib/python3.12/site-packages/airflow/example_dags/example_sla_dag.py
[2024-09-04T21:10:23.238+0000] {processor.py:925} INFO - DAG(s) 'example_sla_dag' retrieved from /home/airflow/.local/lib/python3.12/site-packages/airflow/example_dags/example_sla_dag.py
[2024-09-04T21:10:23.258+0000] {logging_mixin.py:190} INFO - [2024-09-04T21:10:23.257+0000] {dag.py:3211} INFO - Sync 1 DAGs
[2024-09-04T21:10:23.283+0000] {logging_mixin.py:190} INFO - [2024-09-04T21:10:23.283+0000] {dag.py:4138} INFO - Setting next_dagrun for example_sla_dag to 2024-09-04 21:08:00+00:00, run_after=2024-09-04 21:10:00+00:00
[2024-09-04T21:10:23.307+0000] {processor.py:208} INFO - Processing /home/airflow/.local/lib/python3.12/site-packages/airflow/example_dags/example_sla_dag.py took 0.088 seconds
[2024-09-04T21:10:53.809+0000] {processor.py:186} INFO - Started process (PID=1375) to work on /home/airflow/.local/lib/python3.12/site-packages/airflow/example_dags/example_sla_dag.py
[2024-09-04T21:10:53.810+0000] {processor.py:914} INFO - Processing file /home/airflow/.local/lib/python3.12/site-packages/airflow/example_dags/example_sla_dag.py for tasks to queue
[2024-09-04T21:10:53.816+0000] {logging_mixin.py:190} INFO - [2024-09-04T21:10:53.815+0000] {dagbag.py:587} INFO - Filling up the DagBag from /home/airflow/.local/lib/python3.12/site-packages/airflow/example_dags/example_sla_dag.py
[2024-09-04T21:10:53.831+0000] {processor.py:925} INFO - DAG(s) 'example_sla_dag' retrieved from /home/airflow/.local/lib/python3.12/site-packages/airflow/example_dags/example_sla_dag.py
[2024-09-04T21:10:53.855+0000] {logging_mixin.py:190} INFO - [2024-09-04T21:10:53.853+0000] {dag.py:3211} INFO - Sync 1 DAGs
[2024-09-04T21:10:53.890+0000] {logging_mixin.py:190} INFO - [2024-09-04T21:10:53.890+0000] {dag.py:4138} INFO - Setting next_dagrun for example_sla_dag to 2024-09-04 21:08:00+00:00, run_after=2024-09-04 21:10:00+00:00
[2024-09-04T21:10:53.921+0000] {processor.py:208} INFO - Processing /home/airflow/.local/lib/python3.12/site-packages/airflow/example_dags/example_sla_dag.py took 0.120 seconds
[2024-09-04T21:11:23.969+0000] {processor.py:186} INFO - Started process (PID=1438) to work on /home/airflow/.local/lib/python3.12/site-packages/airflow/example_dags/example_sla_dag.py
[2024-09-04T21:11:23.971+0000] {processor.py:914} INFO - Processing file /home/airflow/.local/lib/python3.12/site-packages/airflow/example_dags/example_sla_dag.py for tasks to queue
[2024-09-04T21:11:23.973+0000] {logging_mixin.py:190} INFO - [2024-09-04T21:11:23.973+0000] {dagbag.py:587} INFO - Filling up the DagBag from /home/airflow/.local/lib/python3.12/site-packages/airflow/example_dags/example_sla_dag.py
[2024-09-04T21:11:23.982+0000] {processor.py:925} INFO - DAG(s) 'example_sla_dag' retrieved from /home/airflow/.local/lib/python3.12/site-packages/airflow/example_dags/example_sla_dag.py
[2024-09-04T21:11:24.002+0000] {logging_mixin.py:190} INFO - [2024-09-04T21:11:24.002+0000] {dag.py:3211} INFO - Sync 1 DAGs
[2024-09-04T21:11:24.024+0000] {logging_mixin.py:190} INFO - [2024-09-04T21:11:24.024+0000] {dag.py:4138} INFO - Setting next_dagrun for example_sla_dag to 2024-09-04 21:08:00+00:00, run_after=2024-09-04 21:10:00+00:00
[2024-09-04T21:11:24.045+0000] {processor.py:208} INFO - Processing /home/airflow/.local/lib/python3.12/site-packages/airflow/example_dags/example_sla_dag.py took 0.081 seconds
[2024-09-04T21:11:54.229+0000] {processor.py:186} INFO - Started process (PID=1501) to work on /home/airflow/.local/lib/python3.12/site-packages/airflow/example_dags/example_sla_dag.py
[2024-09-04T21:11:54.230+0000] {processor.py:914} INFO - Processing file /home/airflow/.local/lib/python3.12/site-packages/airflow/example_dags/example_sla_dag.py for tasks to queue
[2024-09-04T21:11:54.232+0000] {logging_mixin.py:190} INFO - [2024-09-04T21:11:54.232+0000] {dagbag.py:587} INFO - Filling up the DagBag from /home/airflow/.local/lib/python3.12/site-packages/airflow/example_dags/example_sla_dag.py
[2024-09-04T21:11:54.240+0000] {processor.py:925} INFO - DAG(s) 'example_sla_dag' retrieved from /home/airflow/.local/lib/python3.12/site-packages/airflow/example_dags/example_sla_dag.py
[2024-09-04T21:11:54.261+0000] {logging_mixin.py:190} INFO - [2024-09-04T21:11:54.260+0000] {dag.py:3211} INFO - Sync 1 DAGs
[2024-09-04T21:11:54.282+0000] {logging_mixin.py:190} INFO - [2024-09-04T21:11:54.282+0000] {dag.py:4138} INFO - Setting next_dagrun for example_sla_dag to 2024-09-04 21:08:00+00:00, run_after=2024-09-04 21:10:00+00:00
[2024-09-04T21:11:54.302+0000] {processor.py:208} INFO - Processing /home/airflow/.local/lib/python3.12/site-packages/airflow/example_dags/example_sla_dag.py took 0.079 seconds
[2024-09-04T21:12:24.408+0000] {processor.py:186} INFO - Started process (PID=1564) to work on /home/airflow/.local/lib/python3.12/site-packages/airflow/example_dags/example_sla_dag.py
[2024-09-04T21:12:24.409+0000] {processor.py:914} INFO - Processing file /home/airflow/.local/lib/python3.12/site-packages/airflow/example_dags/example_sla_dag.py for tasks to queue
[2024-09-04T21:12:24.411+0000] {logging_mixin.py:190} INFO - [2024-09-04T21:12:24.411+0000] {dagbag.py:587} INFO - Filling up the DagBag from /home/airflow/.local/lib/python3.12/site-packages/airflow/example_dags/example_sla_dag.py
[2024-09-04T21:12:24.420+0000] {processor.py:925} INFO - DAG(s) 'example_sla_dag' retrieved from /home/airflow/.local/lib/python3.12/site-packages/airflow/example_dags/example_sla_dag.py
[2024-09-04T21:12:24.440+0000] {logging_mixin.py:190} INFO - [2024-09-04T21:12:24.440+0000] {dag.py:3211} INFO - Sync 1 DAGs
[2024-09-04T21:12:24.461+0000] {logging_mixin.py:190} INFO - [2024-09-04T21:12:24.461+0000] {dag.py:4138} INFO - Setting next_dagrun for example_sla_dag to 2024-09-04 21:10:00+00:00, run_after=2024-09-04 21:12:00+00:00
[2024-09-04T21:12:24.490+0000] {processor.py:208} INFO - Processing /home/airflow/.local/lib/python3.12/site-packages/airflow/example_dags/example_sla_dag.py took 0.088 seconds
[2024-09-04T21:12:55.043+0000] {processor.py:186} INFO - Started process (PID=1628) to work on /home/airflow/.local/lib/python3.12/site-packages/airflow/example_dags/example_sla_dag.py
[2024-09-04T21:12:55.044+0000] {processor.py:914} INFO - Processing file /home/airflow/.local/lib/python3.12/site-packages/airflow/example_dags/example_sla_dag.py for tasks to queue
[2024-09-04T21:12:55.047+0000] {logging_mixin.py:190} INFO - [2024-09-04T21:12:55.046+0000] {dagbag.py:587} INFO - Filling up the DagBag from /home/airflow/.local/lib/python3.12/site-packages/airflow/example_dags/example_sla_dag.py
[2024-09-04T21:12:55.056+0000] {processor.py:925} INFO - DAG(s) 'example_sla_dag' retrieved from /home/airflow/.local/lib/python3.12/site-packages/airflow/example_dags/example_sla_dag.py
[2024-09-04T21:12:55.079+0000] {logging_mixin.py:190} INFO - [2024-09-04T21:12:55.078+0000] {dag.py:3211} INFO - Sync 1 DAGs
[2024-09-04T21:12:55.108+0000] {logging_mixin.py:190} INFO - [2024-09-04T21:12:55.107+0000] {dag.py:4138} INFO - Setting next_dagrun for example_sla_dag to 2024-09-04 21:10:00+00:00, run_after=2024-09-04 21:12:00+00:00
[2024-09-04T21:12:55.127+0000] {processor.py:208} INFO - Processing /home/airflow/.local/lib/python3.12/site-packages/airflow/example_dags/example_sla_dag.py took 0.088 seconds
[2024-09-04T21:13:25.940+0000] {processor.py:186} INFO - Started process (PID=1697) to work on /home/airflow/.local/lib/python3.12/site-packages/airflow/example_dags/example_sla_dag.py
[2024-09-04T21:13:25.941+0000] {processor.py:914} INFO - Processing file /home/airflow/.local/lib/python3.12/site-packages/airflow/example_dags/example_sla_dag.py for tasks to queue
[2024-09-04T21:13:25.943+0000] {logging_mixin.py:190} INFO - [2024-09-04T21:13:25.943+0000] {dagbag.py:587} INFO - Filling up the DagBag from /home/airflow/.local/lib/python3.12/site-packages/airflow/example_dags/example_sla_dag.py
[2024-09-04T21:13:25.953+0000] {processor.py:925} INFO - DAG(s) 'example_sla_dag' retrieved from /home/airflow/.local/lib/python3.12/site-packages/airflow/example_dags/example_sla_dag.py
[2024-09-04T21:13:25.973+0000] {logging_mixin.py:190} INFO - [2024-09-04T21:13:25.973+0000] {dag.py:3211} INFO - Sync 1 DAGs
[2024-09-04T21:13:25.994+0000] {logging_mixin.py:190} INFO - [2024-09-04T21:13:25.994+0000] {dag.py:4138} INFO - Setting next_dagrun for example_sla_dag to 2024-09-04 21:10:00+00:00, run_after=2024-09-04 21:12:00+00:00
[2024-09-04T21:13:26.019+0000] {processor.py:208} INFO - Processing /home/airflow/.local/lib/python3.12/site-packages/airflow/example_dags/example_sla_dag.py took 0.084 seconds
[2024-09-04T21:13:56.146+0000] {processor.py:186} INFO - Started process (PID=1760) to work on /home/airflow/.local/lib/python3.12/site-packages/airflow/example_dags/example_sla_dag.py
[2024-09-04T21:13:56.147+0000] {processor.py:914} INFO - Processing file /home/airflow/.local/lib/python3.12/site-packages/airflow/example_dags/example_sla_dag.py for tasks to queue
[2024-09-04T21:13:56.149+0000] {logging_mixin.py:190} INFO - [2024-09-04T21:13:56.149+0000] {dagbag.py:587} INFO - Filling up the DagBag from /home/airflow/.local/lib/python3.12/site-packages/airflow/example_dags/example_sla_dag.py
[2024-09-04T21:13:56.159+0000] {processor.py:925} INFO - DAG(s) 'example_sla_dag' retrieved from /home/airflow/.local/lib/python3.12/site-packages/airflow/example_dags/example_sla_dag.py
[2024-09-04T21:13:56.177+0000] {logging_mixin.py:190} INFO - [2024-09-04T21:13:56.177+0000] {dag.py:3211} INFO - Sync 1 DAGs
[2024-09-04T21:13:56.200+0000] {logging_mixin.py:190} INFO - [2024-09-04T21:13:56.200+0000] {dag.py:4138} INFO - Setting next_dagrun for example_sla_dag to 2024-09-04 21:10:00+00:00, run_after=2024-09-04 21:12:00+00:00
[2024-09-04T21:13:56.223+0000] {processor.py:208} INFO - Processing /home/airflow/.local/lib/python3.12/site-packages/airflow/example_dags/example_sla_dag.py took 0.082 seconds
[2024-09-04T21:14:26.785+0000] {processor.py:186} INFO - Started process (PID=1823) to work on /home/airflow/.local/lib/python3.12/site-packages/airflow/example_dags/example_sla_dag.py
[2024-09-04T21:14:26.787+0000] {processor.py:914} INFO - Processing file /home/airflow/.local/lib/python3.12/site-packages/airflow/example_dags/example_sla_dag.py for tasks to queue
[2024-09-04T21:14:26.789+0000] {logging_mixin.py:190} INFO - [2024-09-04T21:14:26.789+0000] {dagbag.py:587} INFO - Filling up the DagBag from /home/airflow/.local/lib/python3.12/site-packages/airflow/example_dags/example_sla_dag.py
[2024-09-04T21:14:26.798+0000] {processor.py:925} INFO - DAG(s) 'example_sla_dag' retrieved from /home/airflow/.local/lib/python3.12/site-packages/airflow/example_dags/example_sla_dag.py
[2024-09-04T21:14:26.819+0000] {logging_mixin.py:190} INFO - [2024-09-04T21:14:26.818+0000] {dag.py:3211} INFO - Sync 1 DAGs
[2024-09-04T21:14:26.840+0000] {logging_mixin.py:190} INFO - [2024-09-04T21:14:26.840+0000] {dag.py:4138} INFO - Setting next_dagrun for example_sla_dag to 2024-09-04 21:12:00+00:00, run_after=2024-09-04 21:14:00+00:00
[2024-09-04T21:14:26.860+0000] {processor.py:208} INFO - Processing /home/airflow/.local/lib/python3.12/site-packages/airflow/example_dags/example_sla_dag.py took 0.080 seconds
[2024-09-04T21:14:57.444+0000] {processor.py:186} INFO - Started process (PID=1886) to work on /home/airflow/.local/lib/python3.12/site-packages/airflow/example_dags/example_sla_dag.py
[2024-09-04T21:14:57.446+0000] {processor.py:914} INFO - Processing file /home/airflow/.local/lib/python3.12/site-packages/airflow/example_dags/example_sla_dag.py for tasks to queue
[2024-09-04T21:14:57.449+0000] {logging_mixin.py:190} INFO - [2024-09-04T21:14:57.448+0000] {dagbag.py:587} INFO - Filling up the DagBag from /home/airflow/.local/lib/python3.12/site-packages/airflow/example_dags/example_sla_dag.py
[2024-09-04T21:14:57.462+0000] {processor.py:925} INFO - DAG(s) 'example_sla_dag' retrieved from /home/airflow/.local/lib/python3.12/site-packages/airflow/example_dags/example_sla_dag.py
[2024-09-04T21:14:57.493+0000] {logging_mixin.py:190} INFO - [2024-09-04T21:14:57.492+0000] {dag.py:3211} INFO - Sync 1 DAGs
[2024-09-04T21:14:57.528+0000] {logging_mixin.py:190} INFO - [2024-09-04T21:14:57.527+0000] {dag.py:4138} INFO - Setting next_dagrun for example_sla_dag to 2024-09-04 21:12:00+00:00, run_after=2024-09-04 21:14:00+00:00
[2024-09-04T21:14:57.564+0000] {processor.py:208} INFO - Processing /home/airflow/.local/lib/python3.12/site-packages/airflow/example_dags/example_sla_dag.py took 0.127 seconds
[2024-09-04T21:15:27.852+0000] {processor.py:186} INFO - Started process (PID=1949) to work on /home/airflow/.local/lib/python3.12/site-packages/airflow/example_dags/example_sla_dag.py
[2024-09-04T21:15:27.853+0000] {processor.py:914} INFO - Processing file /home/airflow/.local/lib/python3.12/site-packages/airflow/example_dags/example_sla_dag.py for tasks to queue
[2024-09-04T21:15:27.855+0000] {logging_mixin.py:190} INFO - [2024-09-04T21:15:27.855+0000] {dagbag.py:587} INFO - Filling up the DagBag from /home/airflow/.local/lib/python3.12/site-packages/airflow/example_dags/example_sla_dag.py
[2024-09-04T21:15:27.865+0000] {processor.py:925} INFO - DAG(s) 'example_sla_dag' retrieved from /home/airflow/.local/lib/python3.12/site-packages/airflow/example_dags/example_sla_dag.py
[2024-09-04T21:15:27.883+0000] {logging_mixin.py:190} INFO - [2024-09-04T21:15:27.882+0000] {dag.py:3211} INFO - Sync 1 DAGs
[2024-09-04T21:15:27.904+0000] {logging_mixin.py:190} INFO - [2024-09-04T21:15:27.904+0000] {dag.py:4138} INFO - Setting next_dagrun for example_sla_dag to 2024-09-04 21:12:00+00:00, run_after=2024-09-04 21:14:00+00:00
[2024-09-04T21:15:27.924+0000] {processor.py:208} INFO - Processing /home/airflow/.local/lib/python3.12/site-packages/airflow/example_dags/example_sla_dag.py took 0.077 seconds
[2024-09-04T21:15:58.091+0000] {processor.py:186} INFO - Started process (PID=2013) to work on /home/airflow/.local/lib/python3.12/site-packages/airflow/example_dags/example_sla_dag.py
[2024-09-04T21:15:58.091+0000] {processor.py:914} INFO - Processing file /home/airflow/.local/lib/python3.12/site-packages/airflow/example_dags/example_sla_dag.py for tasks to queue
[2024-09-04T21:15:58.094+0000] {logging_mixin.py:190} INFO - [2024-09-04T21:15:58.094+0000] {dagbag.py:587} INFO - Filling up the DagBag from /home/airflow/.local/lib/python3.12/site-packages/airflow/example_dags/example_sla_dag.py
[2024-09-04T21:15:58.108+0000] {processor.py:925} INFO - DAG(s) 'example_sla_dag' retrieved from /home/airflow/.local/lib/python3.12/site-packages/airflow/example_dags/example_sla_dag.py
[2024-09-04T21:15:58.132+0000] {logging_mixin.py:190} INFO - [2024-09-04T21:15:58.131+0000] {dag.py:3211} INFO - Sync 1 DAGs
[2024-09-04T21:15:58.155+0000] {logging_mixin.py:190} INFO - [2024-09-04T21:15:58.155+0000] {dag.py:4138} INFO - Setting next_dagrun for example_sla_dag to 2024-09-04 21:12:00+00:00, run_after=2024-09-04 21:14:00+00:00
[2024-09-04T21:15:58.176+0000] {processor.py:208} INFO - Processing /home/airflow/.local/lib/python3.12/site-packages/airflow/example_dags/example_sla_dag.py took 0.092 seconds
[2024-09-04T21:16:28.393+0000] {processor.py:186} INFO - Started process (PID=2076) to work on /home/airflow/.local/lib/python3.12/site-packages/airflow/example_dags/example_sla_dag.py
[2024-09-04T21:16:28.394+0000] {processor.py:914} INFO - Processing file /home/airflow/.local/lib/python3.12/site-packages/airflow/example_dags/example_sla_dag.py for tasks to queue
[2024-09-04T21:16:28.397+0000] {logging_mixin.py:190} INFO - [2024-09-04T21:16:28.397+0000] {dagbag.py:587} INFO - Filling up the DagBag from /home/airflow/.local/lib/python3.12/site-packages/airflow/example_dags/example_sla_dag.py
[2024-09-04T21:16:28.408+0000] {processor.py:925} INFO - DAG(s) 'example_sla_dag' retrieved from /home/airflow/.local/lib/python3.12/site-packages/airflow/example_dags/example_sla_dag.py
[2024-09-04T21:16:28.431+0000] {logging_mixin.py:190} INFO - [2024-09-04T21:16:28.430+0000] {dag.py:3211} INFO - Sync 1 DAGs
[2024-09-04T21:16:28.456+0000] {logging_mixin.py:190} INFO - [2024-09-04T21:16:28.456+0000] {dag.py:4138} INFO - Setting next_dagrun for example_sla_dag to 2024-09-04 21:14:00+00:00, run_after=2024-09-04 21:16:00+00:00
[2024-09-04T21:16:28.479+0000] {processor.py:208} INFO - Processing /home/airflow/.local/lib/python3.12/site-packages/airflow/example_dags/example_sla_dag.py took 0.092 seconds
[2024-09-04T21:16:58.687+0000] {processor.py:186} INFO - Started process (PID=2139) to work on /home/airflow/.local/lib/python3.12/site-packages/airflow/example_dags/example_sla_dag.py
[2024-09-04T21:16:58.689+0000] {processor.py:914} INFO - Processing file /home/airflow/.local/lib/python3.12/site-packages/airflow/example_dags/example_sla_dag.py for tasks to queue
[2024-09-04T21:16:58.692+0000] {logging_mixin.py:190} INFO - [2024-09-04T21:16:58.691+0000] {dagbag.py:587} INFO - Filling up the DagBag from /home/airflow/.local/lib/python3.12/site-packages/airflow/example_dags/example_sla_dag.py
[2024-09-04T21:16:58.705+0000] {processor.py:925} INFO - DAG(s) 'example_sla_dag' retrieved from /home/airflow/.local/lib/python3.12/site-packages/airflow/example_dags/example_sla_dag.py
[2024-09-04T21:16:58.731+0000] {logging_mixin.py:190} INFO - [2024-09-04T21:16:58.730+0000] {dag.py:3211} INFO - Sync 1 DAGs
[2024-09-04T21:16:58.768+0000] {logging_mixin.py:190} INFO - [2024-09-04T21:16:58.768+0000] {dag.py:4138} INFO - Setting next_dagrun for example_sla_dag to 2024-09-04 21:14:00+00:00, run_after=2024-09-04 21:16:00+00:00
[2024-09-04T21:16:58.800+0000] {processor.py:208} INFO - Processing /home/airflow/.local/lib/python3.12/site-packages/airflow/example_dags/example_sla_dag.py took 0.120 seconds
[2024-09-04T21:17:29.044+0000] {processor.py:186} INFO - Started process (PID=2202) to work on /home/airflow/.local/lib/python3.12/site-packages/airflow/example_dags/example_sla_dag.py
[2024-09-04T21:17:29.045+0000] {processor.py:914} INFO - Processing file /home/airflow/.local/lib/python3.12/site-packages/airflow/example_dags/example_sla_dag.py for tasks to queue
[2024-09-04T21:17:29.048+0000] {logging_mixin.py:190} INFO - [2024-09-04T21:17:29.047+0000] {dagbag.py:587} INFO - Filling up the DagBag from /home/airflow/.local/lib/python3.12/site-packages/airflow/example_dags/example_sla_dag.py
[2024-09-04T21:17:29.057+0000] {processor.py:925} INFO - DAG(s) 'example_sla_dag' retrieved from /home/airflow/.local/lib/python3.12/site-packages/airflow/example_dags/example_sla_dag.py
[2024-09-04T21:17:29.076+0000] {logging_mixin.py:190} INFO - [2024-09-04T21:17:29.076+0000] {dag.py:3211} INFO - Sync 1 DAGs
[2024-09-04T21:17:29.098+0000] {logging_mixin.py:190} INFO - [2024-09-04T21:17:29.098+0000] {dag.py:4138} INFO - Setting next_dagrun for example_sla_dag to 2024-09-04 21:14:00+00:00, run_after=2024-09-04 21:16:00+00:00
[2024-09-04T21:17:29.120+0000] {processor.py:208} INFO - Processing /home/airflow/.local/lib/python3.12/site-packages/airflow/example_dags/example_sla_dag.py took 0.081 seconds
[2024-09-04T21:17:59.457+0000] {processor.py:186} INFO - Started process (PID=2265) to work on /home/airflow/.local/lib/python3.12/site-packages/airflow/example_dags/example_sla_dag.py
[2024-09-04T21:17:59.458+0000] {processor.py:914} INFO - Processing file /home/airflow/.local/lib/python3.12/site-packages/airflow/example_dags/example_sla_dag.py for tasks to queue
[2024-09-04T21:17:59.461+0000] {logging_mixin.py:190} INFO - [2024-09-04T21:17:59.460+0000] {dagbag.py:587} INFO - Filling up the DagBag from /home/airflow/.local/lib/python3.12/site-packages/airflow/example_dags/example_sla_dag.py
[2024-09-04T21:17:59.471+0000] {processor.py:925} INFO - DAG(s) 'example_sla_dag' retrieved from /home/airflow/.local/lib/python3.12/site-packages/airflow/example_dags/example_sla_dag.py
[2024-09-04T21:17:59.490+0000] {logging_mixin.py:190} INFO - [2024-09-04T21:17:59.489+0000] {dag.py:3211} INFO - Sync 1 DAGs
[2024-09-04T21:17:59.512+0000] {logging_mixin.py:190} INFO - [2024-09-04T21:17:59.512+0000] {dag.py:4138} INFO - Setting next_dagrun for example_sla_dag to 2024-09-04 21:14:00+00:00, run_after=2024-09-04 21:16:00+00:00
[2024-09-04T21:17:59.533+0000] {processor.py:208} INFO - Processing /home/airflow/.local/lib/python3.12/site-packages/airflow/example_dags/example_sla_dag.py took 0.082 seconds
[2024-09-04T21:18:29.876+0000] {processor.py:186} INFO - Started process (PID=2328) to work on /home/airflow/.local/lib/python3.12/site-packages/airflow/example_dags/example_sla_dag.py
[2024-09-04T21:18:29.877+0000] {processor.py:914} INFO - Processing file /home/airflow/.local/lib/python3.12/site-packages/airflow/example_dags/example_sla_dag.py for tasks to queue
[2024-09-04T21:18:29.879+0000] {logging_mixin.py:190} INFO - [2024-09-04T21:18:29.879+0000] {dagbag.py:587} INFO - Filling up the DagBag from /home/airflow/.local/lib/python3.12/site-packages/airflow/example_dags/example_sla_dag.py
[2024-09-04T21:18:29.890+0000] {processor.py:925} INFO - DAG(s) 'example_sla_dag' retrieved from /home/airflow/.local/lib/python3.12/site-packages/airflow/example_dags/example_sla_dag.py
[2024-09-04T21:18:29.909+0000] {logging_mixin.py:190} INFO - [2024-09-04T21:18:29.909+0000] {dag.py:3211} INFO - Sync 1 DAGs
[2024-09-04T21:18:29.935+0000] {logging_mixin.py:190} INFO - [2024-09-04T21:18:29.934+0000] {dag.py:4138} INFO - Setting next_dagrun for example_sla_dag to 2024-09-04 21:16:00+00:00, run_after=2024-09-04 21:18:00+00:00
[2024-09-04T21:18:29.959+0000] {processor.py:208} INFO - Processing /home/airflow/.local/lib/python3.12/site-packages/airflow/example_dags/example_sla_dag.py took 0.088 seconds
