[2024-09-04T20:52:34.523+0000] {processor.py:186} INFO - Started process (PID=93) to work on /home/airflow/.local/lib/python3.12/site-packages/airflow/example_dags/example_python_decorator.py
[2024-09-04T20:52:34.524+0000] {processor.py:914} INFO - Processing file /home/airflow/.local/lib/python3.12/site-packages/airflow/example_dags/example_python_decorator.py for tasks to queue
[2024-09-04T20:52:34.529+0000] {logging_mixin.py:190} INFO - [2024-09-04T20:52:34.528+0000] {dagbag.py:587} INFO - Filling up the DagBag from /home/airflow/.local/lib/python3.12/site-packages/airflow/example_dags/example_python_decorator.py
[2024-09-04T20:52:34.553+0000] {processor.py:925} INFO - DAG(s) 'example_python_decorator' retrieved from /home/airflow/.local/lib/python3.12/site-packages/airflow/example_dags/example_python_decorator.py
[2024-09-04T20:52:34.712+0000] {logging_mixin.py:190} INFO - [2024-09-04T20:52:34.711+0000] {override.py:1858} INFO - Created Permission View: can delete on DAG:example_python_decorator
[2024-09-04T20:52:34.727+0000] {logging_mixin.py:190} INFO - [2024-09-04T20:52:34.726+0000] {override.py:1858} INFO - Created Permission View: can edit on DAG:example_python_decorator
[2024-09-04T20:52:34.740+0000] {logging_mixin.py:190} INFO - [2024-09-04T20:52:34.739+0000] {override.py:1858} INFO - Created Permission View: can read on DAG:example_python_decorator
[2024-09-04T20:52:34.741+0000] {logging_mixin.py:190} INFO - [2024-09-04T20:52:34.740+0000] {dag.py:3211} INFO - Sync 1 DAGs
[2024-09-04T20:52:34.763+0000] {logging_mixin.py:190} INFO - [2024-09-04T20:52:34.763+0000] {dag.py:3234} INFO - Creating ORM DAG for example_python_decorator
[2024-09-04T20:52:34.764+0000] {logging_mixin.py:190} INFO - [2024-09-04T20:52:34.764+0000] {dag.py:4138} INFO - Setting next_dagrun for example_python_decorator to None, run_after=None
[2024-09-04T20:52:34.793+0000] {processor.py:208} INFO - Processing /home/airflow/.local/lib/python3.12/site-packages/airflow/example_dags/example_python_decorator.py took 0.276 seconds
[2024-09-04T21:00:16.717+0000] {processor.py:186} INFO - Started process (PID=88) to work on /home/airflow/.local/lib/python3.12/site-packages/airflow/example_dags/example_python_decorator.py
[2024-09-04T21:00:16.719+0000] {processor.py:914} INFO - Processing file /home/airflow/.local/lib/python3.12/site-packages/airflow/example_dags/example_python_decorator.py for tasks to queue
[2024-09-04T21:00:16.723+0000] {logging_mixin.py:190} INFO - [2024-09-04T21:00:16.722+0000] {dagbag.py:587} INFO - Filling up the DagBag from /home/airflow/.local/lib/python3.12/site-packages/airflow/example_dags/example_python_decorator.py
[2024-09-04T21:00:16.753+0000] {processor.py:925} INFO - DAG(s) 'example_python_decorator' retrieved from /home/airflow/.local/lib/python3.12/site-packages/airflow/example_dags/example_python_decorator.py
[2024-09-04T21:00:16.929+0000] {logging_mixin.py:190} INFO - [2024-09-04T21:00:16.928+0000] {dag.py:3211} INFO - Sync 1 DAGs
[2024-09-04T21:00:16.952+0000] {logging_mixin.py:190} INFO - [2024-09-04T21:00:16.952+0000] {dag.py:4138} INFO - Setting next_dagrun for example_python_decorator to None, run_after=None
[2024-09-04T21:00:16.987+0000] {processor.py:208} INFO - Processing /home/airflow/.local/lib/python3.12/site-packages/airflow/example_dags/example_python_decorator.py took 0.282 seconds
[2024-09-04T21:00:47.571+0000] {processor.py:186} INFO - Started process (PID=150) to work on /home/airflow/.local/lib/python3.12/site-packages/airflow/example_dags/example_python_decorator.py
[2024-09-04T21:00:47.572+0000] {processor.py:914} INFO - Processing file /home/airflow/.local/lib/python3.12/site-packages/airflow/example_dags/example_python_decorator.py for tasks to queue
[2024-09-04T21:00:47.575+0000] {logging_mixin.py:190} INFO - [2024-09-04T21:00:47.574+0000] {dagbag.py:587} INFO - Filling up the DagBag from /home/airflow/.local/lib/python3.12/site-packages/airflow/example_dags/example_python_decorator.py
[2024-09-04T21:00:47.588+0000] {processor.py:925} INFO - DAG(s) 'example_python_decorator' retrieved from /home/airflow/.local/lib/python3.12/site-packages/airflow/example_dags/example_python_decorator.py
[2024-09-04T21:00:47.611+0000] {logging_mixin.py:190} INFO - [2024-09-04T21:00:47.610+0000] {dag.py:3211} INFO - Sync 1 DAGs
[2024-09-04T21:00:47.625+0000] {logging_mixin.py:190} INFO - [2024-09-04T21:00:47.625+0000] {dag.py:4138} INFO - Setting next_dagrun for example_python_decorator to None, run_after=None
[2024-09-04T21:00:47.647+0000] {processor.py:208} INFO - Processing /home/airflow/.local/lib/python3.12/site-packages/airflow/example_dags/example_python_decorator.py took 0.082 seconds
[2024-09-04T21:01:18.217+0000] {processor.py:186} INFO - Started process (PID=212) to work on /home/airflow/.local/lib/python3.12/site-packages/airflow/example_dags/example_python_decorator.py
[2024-09-04T21:01:18.223+0000] {processor.py:914} INFO - Processing file /home/airflow/.local/lib/python3.12/site-packages/airflow/example_dags/example_python_decorator.py for tasks to queue
[2024-09-04T21:01:18.228+0000] {logging_mixin.py:190} INFO - [2024-09-04T21:01:18.227+0000] {dagbag.py:587} INFO - Filling up the DagBag from /home/airflow/.local/lib/python3.12/site-packages/airflow/example_dags/example_python_decorator.py
[2024-09-04T21:01:18.269+0000] {processor.py:925} INFO - DAG(s) 'example_python_decorator' retrieved from /home/airflow/.local/lib/python3.12/site-packages/airflow/example_dags/example_python_decorator.py
[2024-09-04T21:01:18.291+0000] {logging_mixin.py:190} INFO - [2024-09-04T21:01:18.291+0000] {dag.py:3211} INFO - Sync 1 DAGs
[2024-09-04T21:01:18.306+0000] {logging_mixin.py:190} INFO - [2024-09-04T21:01:18.305+0000] {dag.py:4138} INFO - Setting next_dagrun for example_python_decorator to None, run_after=None
[2024-09-04T21:01:18.325+0000] {processor.py:208} INFO - Processing /home/airflow/.local/lib/python3.12/site-packages/airflow/example_dags/example_python_decorator.py took 0.125 seconds
[2024-09-04T21:01:48.450+0000] {processor.py:186} INFO - Started process (PID=274) to work on /home/airflow/.local/lib/python3.12/site-packages/airflow/example_dags/example_python_decorator.py
[2024-09-04T21:01:48.451+0000] {processor.py:914} INFO - Processing file /home/airflow/.local/lib/python3.12/site-packages/airflow/example_dags/example_python_decorator.py for tasks to queue
[2024-09-04T21:01:48.453+0000] {logging_mixin.py:190} INFO - [2024-09-04T21:01:48.453+0000] {dagbag.py:587} INFO - Filling up the DagBag from /home/airflow/.local/lib/python3.12/site-packages/airflow/example_dags/example_python_decorator.py
[2024-09-04T21:01:48.464+0000] {processor.py:925} INFO - DAG(s) 'example_python_decorator' retrieved from /home/airflow/.local/lib/python3.12/site-packages/airflow/example_dags/example_python_decorator.py
[2024-09-04T21:01:48.485+0000] {logging_mixin.py:190} INFO - [2024-09-04T21:01:48.485+0000] {dag.py:3211} INFO - Sync 1 DAGs
[2024-09-04T21:01:48.497+0000] {logging_mixin.py:190} INFO - [2024-09-04T21:01:48.497+0000] {dag.py:4138} INFO - Setting next_dagrun for example_python_decorator to None, run_after=None
[2024-09-04T21:01:48.519+0000] {processor.py:208} INFO - Processing /home/airflow/.local/lib/python3.12/site-packages/airflow/example_dags/example_python_decorator.py took 0.074 seconds
[2024-09-04T21:02:19.205+0000] {processor.py:186} INFO - Started process (PID=337) to work on /home/airflow/.local/lib/python3.12/site-packages/airflow/example_dags/example_python_decorator.py
[2024-09-04T21:02:19.206+0000] {processor.py:914} INFO - Processing file /home/airflow/.local/lib/python3.12/site-packages/airflow/example_dags/example_python_decorator.py for tasks to queue
[2024-09-04T21:02:19.209+0000] {logging_mixin.py:190} INFO - [2024-09-04T21:02:19.208+0000] {dagbag.py:587} INFO - Filling up the DagBag from /home/airflow/.local/lib/python3.12/site-packages/airflow/example_dags/example_python_decorator.py
[2024-09-04T21:02:19.221+0000] {processor.py:925} INFO - DAG(s) 'example_python_decorator' retrieved from /home/airflow/.local/lib/python3.12/site-packages/airflow/example_dags/example_python_decorator.py
[2024-09-04T21:02:19.243+0000] {logging_mixin.py:190} INFO - [2024-09-04T21:02:19.243+0000] {dag.py:3211} INFO - Sync 1 DAGs
[2024-09-04T21:02:19.256+0000] {logging_mixin.py:190} INFO - [2024-09-04T21:02:19.255+0000] {dag.py:4138} INFO - Setting next_dagrun for example_python_decorator to None, run_after=None
[2024-09-04T21:02:19.281+0000] {processor.py:208} INFO - Processing /home/airflow/.local/lib/python3.12/site-packages/airflow/example_dags/example_python_decorator.py took 0.081 seconds
[2024-09-04T21:02:49.988+0000] {processor.py:186} INFO - Started process (PID=399) to work on /home/airflow/.local/lib/python3.12/site-packages/airflow/example_dags/example_python_decorator.py
[2024-09-04T21:02:49.989+0000] {processor.py:914} INFO - Processing file /home/airflow/.local/lib/python3.12/site-packages/airflow/example_dags/example_python_decorator.py for tasks to queue
[2024-09-04T21:02:49.991+0000] {logging_mixin.py:190} INFO - [2024-09-04T21:02:49.991+0000] {dagbag.py:587} INFO - Filling up the DagBag from /home/airflow/.local/lib/python3.12/site-packages/airflow/example_dags/example_python_decorator.py
[2024-09-04T21:02:50.004+0000] {processor.py:925} INFO - DAG(s) 'example_python_decorator' retrieved from /home/airflow/.local/lib/python3.12/site-packages/airflow/example_dags/example_python_decorator.py
[2024-09-04T21:02:50.023+0000] {logging_mixin.py:190} INFO - [2024-09-04T21:02:50.022+0000] {dag.py:3211} INFO - Sync 1 DAGs
[2024-09-04T21:02:50.034+0000] {logging_mixin.py:190} INFO - [2024-09-04T21:02:50.034+0000] {dag.py:4138} INFO - Setting next_dagrun for example_python_decorator to None, run_after=None
[2024-09-04T21:02:50.054+0000] {processor.py:208} INFO - Processing /home/airflow/.local/lib/python3.12/site-packages/airflow/example_dags/example_python_decorator.py took 0.071 seconds
[2024-09-04T21:03:21.424+0000] {processor.py:186} INFO - Started process (PID=461) to work on /home/airflow/.local/lib/python3.12/site-packages/airflow/example_dags/example_python_decorator.py
[2024-09-04T21:03:21.427+0000] {processor.py:914} INFO - Processing file /home/airflow/.local/lib/python3.12/site-packages/airflow/example_dags/example_python_decorator.py for tasks to queue
[2024-09-04T21:03:21.432+0000] {logging_mixin.py:190} INFO - [2024-09-04T21:03:21.432+0000] {dagbag.py:587} INFO - Filling up the DagBag from /home/airflow/.local/lib/python3.12/site-packages/airflow/example_dags/example_python_decorator.py
[2024-09-04T21:03:21.469+0000] {processor.py:925} INFO - DAG(s) 'example_python_decorator' retrieved from /home/airflow/.local/lib/python3.12/site-packages/airflow/example_dags/example_python_decorator.py
[2024-09-04T21:03:21.517+0000] {logging_mixin.py:190} INFO - [2024-09-04T21:03:21.517+0000] {dag.py:3211} INFO - Sync 1 DAGs
[2024-09-04T21:03:21.546+0000] {logging_mixin.py:190} INFO - [2024-09-04T21:03:21.545+0000] {dag.py:4138} INFO - Setting next_dagrun for example_python_decorator to None, run_after=None
[2024-09-04T21:03:21.584+0000] {processor.py:208} INFO - Processing /home/airflow/.local/lib/python3.12/site-packages/airflow/example_dags/example_python_decorator.py took 0.178 seconds
[2024-09-04T21:03:52.254+0000] {processor.py:186} INFO - Started process (PID=523) to work on /home/airflow/.local/lib/python3.12/site-packages/airflow/example_dags/example_python_decorator.py
[2024-09-04T21:03:52.255+0000] {processor.py:914} INFO - Processing file /home/airflow/.local/lib/python3.12/site-packages/airflow/example_dags/example_python_decorator.py for tasks to queue
[2024-09-04T21:03:52.257+0000] {logging_mixin.py:190} INFO - [2024-09-04T21:03:52.257+0000] {dagbag.py:587} INFO - Filling up the DagBag from /home/airflow/.local/lib/python3.12/site-packages/airflow/example_dags/example_python_decorator.py
[2024-09-04T21:03:52.269+0000] {processor.py:925} INFO - DAG(s) 'example_python_decorator' retrieved from /home/airflow/.local/lib/python3.12/site-packages/airflow/example_dags/example_python_decorator.py
[2024-09-04T21:03:52.289+0000] {logging_mixin.py:190} INFO - [2024-09-04T21:03:52.289+0000] {dag.py:3211} INFO - Sync 1 DAGs
[2024-09-04T21:03:52.300+0000] {logging_mixin.py:190} INFO - [2024-09-04T21:03:52.300+0000] {dag.py:4138} INFO - Setting next_dagrun for example_python_decorator to None, run_after=None
[2024-09-04T21:03:52.318+0000] {processor.py:208} INFO - Processing /home/airflow/.local/lib/python3.12/site-packages/airflow/example_dags/example_python_decorator.py took 0.069 seconds
[2024-09-04T21:04:22.558+0000] {processor.py:186} INFO - Started process (PID=585) to work on /home/airflow/.local/lib/python3.12/site-packages/airflow/example_dags/example_python_decorator.py
[2024-09-04T21:04:22.560+0000] {processor.py:914} INFO - Processing file /home/airflow/.local/lib/python3.12/site-packages/airflow/example_dags/example_python_decorator.py for tasks to queue
[2024-09-04T21:04:22.562+0000] {logging_mixin.py:190} INFO - [2024-09-04T21:04:22.562+0000] {dagbag.py:587} INFO - Filling up the DagBag from /home/airflow/.local/lib/python3.12/site-packages/airflow/example_dags/example_python_decorator.py
[2024-09-04T21:04:22.576+0000] {processor.py:925} INFO - DAG(s) 'example_python_decorator' retrieved from /home/airflow/.local/lib/python3.12/site-packages/airflow/example_dags/example_python_decorator.py
[2024-09-04T21:04:22.599+0000] {logging_mixin.py:190} INFO - [2024-09-04T21:04:22.598+0000] {dag.py:3211} INFO - Sync 1 DAGs
[2024-09-04T21:04:22.612+0000] {logging_mixin.py:190} INFO - [2024-09-04T21:04:22.612+0000] {dag.py:4138} INFO - Setting next_dagrun for example_python_decorator to None, run_after=None
[2024-09-04T21:04:22.632+0000] {processor.py:208} INFO - Processing /home/airflow/.local/lib/python3.12/site-packages/airflow/example_dags/example_python_decorator.py took 0.080 seconds
[2024-09-04T21:04:52.776+0000] {processor.py:186} INFO - Started process (PID=647) to work on /home/airflow/.local/lib/python3.12/site-packages/airflow/example_dags/example_python_decorator.py
[2024-09-04T21:04:52.778+0000] {processor.py:914} INFO - Processing file /home/airflow/.local/lib/python3.12/site-packages/airflow/example_dags/example_python_decorator.py for tasks to queue
[2024-09-04T21:04:52.782+0000] {logging_mixin.py:190} INFO - [2024-09-04T21:04:52.781+0000] {dagbag.py:587} INFO - Filling up the DagBag from /home/airflow/.local/lib/python3.12/site-packages/airflow/example_dags/example_python_decorator.py
[2024-09-04T21:04:52.804+0000] {processor.py:925} INFO - DAG(s) 'example_python_decorator' retrieved from /home/airflow/.local/lib/python3.12/site-packages/airflow/example_dags/example_python_decorator.py
[2024-09-04T21:04:52.840+0000] {logging_mixin.py:190} INFO - [2024-09-04T21:04:52.840+0000] {dag.py:3211} INFO - Sync 1 DAGs
[2024-09-04T21:04:52.865+0000] {logging_mixin.py:190} INFO - [2024-09-04T21:04:52.865+0000] {dag.py:4138} INFO - Setting next_dagrun for example_python_decorator to None, run_after=None
[2024-09-04T21:04:52.895+0000] {processor.py:208} INFO - Processing /home/airflow/.local/lib/python3.12/site-packages/airflow/example_dags/example_python_decorator.py took 0.128 seconds
[2024-09-04T21:05:23.845+0000] {processor.py:186} INFO - Started process (PID=709) to work on /home/airflow/.local/lib/python3.12/site-packages/airflow/example_dags/example_python_decorator.py
[2024-09-04T21:05:23.847+0000] {processor.py:914} INFO - Processing file /home/airflow/.local/lib/python3.12/site-packages/airflow/example_dags/example_python_decorator.py for tasks to queue
[2024-09-04T21:05:23.850+0000] {logging_mixin.py:190} INFO - [2024-09-04T21:05:23.850+0000] {dagbag.py:587} INFO - Filling up the DagBag from /home/airflow/.local/lib/python3.12/site-packages/airflow/example_dags/example_python_decorator.py
[2024-09-04T21:05:23.869+0000] {processor.py:925} INFO - DAG(s) 'example_python_decorator' retrieved from /home/airflow/.local/lib/python3.12/site-packages/airflow/example_dags/example_python_decorator.py
[2024-09-04T21:05:23.907+0000] {logging_mixin.py:190} INFO - [2024-09-04T21:05:23.907+0000] {dag.py:3211} INFO - Sync 1 DAGs
[2024-09-04T21:05:23.927+0000] {logging_mixin.py:190} INFO - [2024-09-04T21:05:23.927+0000] {dag.py:4138} INFO - Setting next_dagrun for example_python_decorator to None, run_after=None
[2024-09-04T21:05:23.955+0000] {processor.py:208} INFO - Processing /home/airflow/.local/lib/python3.12/site-packages/airflow/example_dags/example_python_decorator.py took 0.122 seconds
[2024-09-04T21:05:54.385+0000] {processor.py:186} INFO - Started process (PID=771) to work on /home/airflow/.local/lib/python3.12/site-packages/airflow/example_dags/example_python_decorator.py
[2024-09-04T21:05:54.386+0000] {processor.py:914} INFO - Processing file /home/airflow/.local/lib/python3.12/site-packages/airflow/example_dags/example_python_decorator.py for tasks to queue
[2024-09-04T21:05:54.388+0000] {logging_mixin.py:190} INFO - [2024-09-04T21:05:54.387+0000] {dagbag.py:587} INFO - Filling up the DagBag from /home/airflow/.local/lib/python3.12/site-packages/airflow/example_dags/example_python_decorator.py
[2024-09-04T21:05:54.400+0000] {processor.py:925} INFO - DAG(s) 'example_python_decorator' retrieved from /home/airflow/.local/lib/python3.12/site-packages/airflow/example_dags/example_python_decorator.py
[2024-09-04T21:05:54.420+0000] {logging_mixin.py:190} INFO - [2024-09-04T21:05:54.420+0000] {dag.py:3211} INFO - Sync 1 DAGs
[2024-09-04T21:05:54.431+0000] {logging_mixin.py:190} INFO - [2024-09-04T21:05:54.431+0000] {dag.py:4138} INFO - Setting next_dagrun for example_python_decorator to None, run_after=None
[2024-09-04T21:05:54.451+0000] {processor.py:208} INFO - Processing /home/airflow/.local/lib/python3.12/site-packages/airflow/example_dags/example_python_decorator.py took 0.071 seconds
[2024-09-04T21:06:24.669+0000] {processor.py:186} INFO - Started process (PID=833) to work on /home/airflow/.local/lib/python3.12/site-packages/airflow/example_dags/example_python_decorator.py
[2024-09-04T21:06:24.680+0000] {processor.py:914} INFO - Processing file /home/airflow/.local/lib/python3.12/site-packages/airflow/example_dags/example_python_decorator.py for tasks to queue
[2024-09-04T21:06:24.687+0000] {logging_mixin.py:190} INFO - [2024-09-04T21:06:24.686+0000] {dagbag.py:587} INFO - Filling up the DagBag from /home/airflow/.local/lib/python3.12/site-packages/airflow/example_dags/example_python_decorator.py
[2024-09-04T21:06:24.750+0000] {processor.py:925} INFO - DAG(s) 'example_python_decorator' retrieved from /home/airflow/.local/lib/python3.12/site-packages/airflow/example_dags/example_python_decorator.py
[2024-09-04T21:06:24.836+0000] {logging_mixin.py:190} INFO - [2024-09-04T21:06:24.835+0000] {dag.py:3211} INFO - Sync 1 DAGs
[2024-09-04T21:06:24.900+0000] {logging_mixin.py:190} INFO - [2024-09-04T21:06:24.888+0000] {dag.py:4138} INFO - Setting next_dagrun for example_python_decorator to None, run_after=None
[2024-09-04T21:06:25.011+0000] {processor.py:208} INFO - Processing /home/airflow/.local/lib/python3.12/site-packages/airflow/example_dags/example_python_decorator.py took 0.358 seconds
[2024-09-04T21:06:55.118+0000] {processor.py:186} INFO - Started process (PID=899) to work on /home/airflow/.local/lib/python3.12/site-packages/airflow/example_dags/example_python_decorator.py
[2024-09-04T21:06:55.119+0000] {processor.py:914} INFO - Processing file /home/airflow/.local/lib/python3.12/site-packages/airflow/example_dags/example_python_decorator.py for tasks to queue
[2024-09-04T21:06:55.122+0000] {logging_mixin.py:190} INFO - [2024-09-04T21:06:55.121+0000] {dagbag.py:587} INFO - Filling up the DagBag from /home/airflow/.local/lib/python3.12/site-packages/airflow/example_dags/example_python_decorator.py
[2024-09-04T21:06:55.137+0000] {processor.py:925} INFO - DAG(s) 'example_python_decorator' retrieved from /home/airflow/.local/lib/python3.12/site-packages/airflow/example_dags/example_python_decorator.py
[2024-09-04T21:06:55.167+0000] {logging_mixin.py:190} INFO - [2024-09-04T21:06:55.166+0000] {dag.py:3211} INFO - Sync 1 DAGs
[2024-09-04T21:06:55.180+0000] {logging_mixin.py:190} INFO - [2024-09-04T21:06:55.180+0000] {dag.py:4138} INFO - Setting next_dagrun for example_python_decorator to None, run_after=None
[2024-09-04T21:06:55.199+0000] {processor.py:208} INFO - Processing /home/airflow/.local/lib/python3.12/site-packages/airflow/example_dags/example_python_decorator.py took 0.086 seconds
[2024-09-04T21:07:25.517+0000] {processor.py:186} INFO - Started process (PID=962) to work on /home/airflow/.local/lib/python3.12/site-packages/airflow/example_dags/example_python_decorator.py
[2024-09-04T21:07:25.519+0000] {processor.py:914} INFO - Processing file /home/airflow/.local/lib/python3.12/site-packages/airflow/example_dags/example_python_decorator.py for tasks to queue
[2024-09-04T21:07:25.523+0000] {logging_mixin.py:190} INFO - [2024-09-04T21:07:25.522+0000] {dagbag.py:587} INFO - Filling up the DagBag from /home/airflow/.local/lib/python3.12/site-packages/airflow/example_dags/example_python_decorator.py
[2024-09-04T21:07:25.543+0000] {processor.py:925} INFO - DAG(s) 'example_python_decorator' retrieved from /home/airflow/.local/lib/python3.12/site-packages/airflow/example_dags/example_python_decorator.py
[2024-09-04T21:07:25.571+0000] {logging_mixin.py:190} INFO - [2024-09-04T21:07:25.571+0000] {dag.py:3211} INFO - Sync 1 DAGs
[2024-09-04T21:07:25.589+0000] {logging_mixin.py:190} INFO - [2024-09-04T21:07:25.589+0000] {dag.py:4138} INFO - Setting next_dagrun for example_python_decorator to None, run_after=None
[2024-09-04T21:07:25.607+0000] {processor.py:208} INFO - Processing /home/airflow/.local/lib/python3.12/site-packages/airflow/example_dags/example_python_decorator.py took 0.099 seconds
[2024-09-04T21:07:56.067+0000] {processor.py:186} INFO - Started process (PID=1025) to work on /home/airflow/.local/lib/python3.12/site-packages/airflow/example_dags/example_python_decorator.py
[2024-09-04T21:07:56.069+0000] {processor.py:914} INFO - Processing file /home/airflow/.local/lib/python3.12/site-packages/airflow/example_dags/example_python_decorator.py for tasks to queue
[2024-09-04T21:07:56.072+0000] {logging_mixin.py:190} INFO - [2024-09-04T21:07:56.071+0000] {dagbag.py:587} INFO - Filling up the DagBag from /home/airflow/.local/lib/python3.12/site-packages/airflow/example_dags/example_python_decorator.py
[2024-09-04T21:07:56.094+0000] {processor.py:925} INFO - DAG(s) 'example_python_decorator' retrieved from /home/airflow/.local/lib/python3.12/site-packages/airflow/example_dags/example_python_decorator.py
[2024-09-04T21:07:56.123+0000] {logging_mixin.py:190} INFO - [2024-09-04T21:07:56.123+0000] {dag.py:3211} INFO - Sync 1 DAGs
[2024-09-04T21:07:56.141+0000] {logging_mixin.py:190} INFO - [2024-09-04T21:07:56.141+0000] {dag.py:4138} INFO - Setting next_dagrun for example_python_decorator to None, run_after=None
[2024-09-04T21:07:56.177+0000] {processor.py:208} INFO - Processing /home/airflow/.local/lib/python3.12/site-packages/airflow/example_dags/example_python_decorator.py took 0.120 seconds
[2024-09-04T21:08:26.904+0000] {processor.py:186} INFO - Started process (PID=1087) to work on /home/airflow/.local/lib/python3.12/site-packages/airflow/example_dags/example_python_decorator.py
[2024-09-04T21:08:26.905+0000] {processor.py:914} INFO - Processing file /home/airflow/.local/lib/python3.12/site-packages/airflow/example_dags/example_python_decorator.py for tasks to queue
[2024-09-04T21:08:26.907+0000] {logging_mixin.py:190} INFO - [2024-09-04T21:08:26.907+0000] {dagbag.py:587} INFO - Filling up the DagBag from /home/airflow/.local/lib/python3.12/site-packages/airflow/example_dags/example_python_decorator.py
[2024-09-04T21:08:26.919+0000] {processor.py:925} INFO - DAG(s) 'example_python_decorator' retrieved from /home/airflow/.local/lib/python3.12/site-packages/airflow/example_dags/example_python_decorator.py
[2024-09-04T21:08:26.945+0000] {logging_mixin.py:190} INFO - [2024-09-04T21:08:26.944+0000] {dag.py:3211} INFO - Sync 1 DAGs
[2024-09-04T21:08:26.956+0000] {logging_mixin.py:190} INFO - [2024-09-04T21:08:26.956+0000] {dag.py:4138} INFO - Setting next_dagrun for example_python_decorator to None, run_after=None
[2024-09-04T21:08:26.974+0000] {processor.py:208} INFO - Processing /home/airflow/.local/lib/python3.12/site-packages/airflow/example_dags/example_python_decorator.py took 0.075 seconds
[2024-09-04T21:08:57.518+0000] {processor.py:186} INFO - Started process (PID=1149) to work on /home/airflow/.local/lib/python3.12/site-packages/airflow/example_dags/example_python_decorator.py
[2024-09-04T21:08:57.519+0000] {processor.py:914} INFO - Processing file /home/airflow/.local/lib/python3.12/site-packages/airflow/example_dags/example_python_decorator.py for tasks to queue
[2024-09-04T21:08:57.522+0000] {logging_mixin.py:190} INFO - [2024-09-04T21:08:57.522+0000] {dagbag.py:587} INFO - Filling up the DagBag from /home/airflow/.local/lib/python3.12/site-packages/airflow/example_dags/example_python_decorator.py
[2024-09-04T21:08:57.534+0000] {processor.py:925} INFO - DAG(s) 'example_python_decorator' retrieved from /home/airflow/.local/lib/python3.12/site-packages/airflow/example_dags/example_python_decorator.py
[2024-09-04T21:08:57.554+0000] {logging_mixin.py:190} INFO - [2024-09-04T21:08:57.554+0000] {dag.py:3211} INFO - Sync 1 DAGs
[2024-09-04T21:08:57.565+0000] {logging_mixin.py:190} INFO - [2024-09-04T21:08:57.565+0000] {dag.py:4138} INFO - Setting next_dagrun for example_python_decorator to None, run_after=None
[2024-09-04T21:08:57.584+0000] {processor.py:208} INFO - Processing /home/airflow/.local/lib/python3.12/site-packages/airflow/example_dags/example_python_decorator.py took 0.071 seconds
[2024-09-04T21:09:27.869+0000] {processor.py:186} INFO - Started process (PID=1211) to work on /home/airflow/.local/lib/python3.12/site-packages/airflow/example_dags/example_python_decorator.py
[2024-09-04T21:09:27.871+0000] {processor.py:914} INFO - Processing file /home/airflow/.local/lib/python3.12/site-packages/airflow/example_dags/example_python_decorator.py for tasks to queue
[2024-09-04T21:09:27.873+0000] {logging_mixin.py:190} INFO - [2024-09-04T21:09:27.873+0000] {dagbag.py:587} INFO - Filling up the DagBag from /home/airflow/.local/lib/python3.12/site-packages/airflow/example_dags/example_python_decorator.py
[2024-09-04T21:09:27.885+0000] {processor.py:925} INFO - DAG(s) 'example_python_decorator' retrieved from /home/airflow/.local/lib/python3.12/site-packages/airflow/example_dags/example_python_decorator.py
[2024-09-04T21:09:27.906+0000] {logging_mixin.py:190} INFO - [2024-09-04T21:09:27.906+0000] {dag.py:3211} INFO - Sync 1 DAGs
[2024-09-04T21:09:27.918+0000] {logging_mixin.py:190} INFO - [2024-09-04T21:09:27.918+0000] {dag.py:4138} INFO - Setting next_dagrun for example_python_decorator to None, run_after=None
[2024-09-04T21:09:27.936+0000] {processor.py:208} INFO - Processing /home/airflow/.local/lib/python3.12/site-packages/airflow/example_dags/example_python_decorator.py took 0.072 seconds
[2024-09-04T21:09:58.300+0000] {processor.py:186} INFO - Started process (PID=1273) to work on /home/airflow/.local/lib/python3.12/site-packages/airflow/example_dags/example_python_decorator.py
[2024-09-04T21:09:58.302+0000] {processor.py:914} INFO - Processing file /home/airflow/.local/lib/python3.12/site-packages/airflow/example_dags/example_python_decorator.py for tasks to queue
[2024-09-04T21:09:58.305+0000] {logging_mixin.py:190} INFO - [2024-09-04T21:09:58.304+0000] {dagbag.py:587} INFO - Filling up the DagBag from /home/airflow/.local/lib/python3.12/site-packages/airflow/example_dags/example_python_decorator.py
[2024-09-04T21:09:58.316+0000] {processor.py:925} INFO - DAG(s) 'example_python_decorator' retrieved from /home/airflow/.local/lib/python3.12/site-packages/airflow/example_dags/example_python_decorator.py
[2024-09-04T21:09:58.337+0000] {logging_mixin.py:190} INFO - [2024-09-04T21:09:58.337+0000] {dag.py:3211} INFO - Sync 1 DAGs
[2024-09-04T21:09:58.348+0000] {logging_mixin.py:190} INFO - [2024-09-04T21:09:58.348+0000] {dag.py:4138} INFO - Setting next_dagrun for example_python_decorator to None, run_after=None
[2024-09-04T21:09:58.369+0000] {processor.py:208} INFO - Processing /home/airflow/.local/lib/python3.12/site-packages/airflow/example_dags/example_python_decorator.py took 0.074 seconds
[2024-09-04T21:10:28.807+0000] {processor.py:186} INFO - Started process (PID=1336) to work on /home/airflow/.local/lib/python3.12/site-packages/airflow/example_dags/example_python_decorator.py
[2024-09-04T21:10:28.808+0000] {processor.py:914} INFO - Processing file /home/airflow/.local/lib/python3.12/site-packages/airflow/example_dags/example_python_decorator.py for tasks to queue
[2024-09-04T21:10:28.811+0000] {logging_mixin.py:190} INFO - [2024-09-04T21:10:28.811+0000] {dagbag.py:587} INFO - Filling up the DagBag from /home/airflow/.local/lib/python3.12/site-packages/airflow/example_dags/example_python_decorator.py
[2024-09-04T21:10:28.825+0000] {processor.py:925} INFO - DAG(s) 'example_python_decorator' retrieved from /home/airflow/.local/lib/python3.12/site-packages/airflow/example_dags/example_python_decorator.py
[2024-09-04T21:10:28.848+0000] {logging_mixin.py:190} INFO - [2024-09-04T21:10:28.847+0000] {dag.py:3211} INFO - Sync 1 DAGs
[2024-09-04T21:10:28.863+0000] {logging_mixin.py:190} INFO - [2024-09-04T21:10:28.863+0000] {dag.py:4138} INFO - Setting next_dagrun for example_python_decorator to None, run_after=None
[2024-09-04T21:10:28.882+0000] {processor.py:208} INFO - Processing /home/airflow/.local/lib/python3.12/site-packages/airflow/example_dags/example_python_decorator.py took 0.080 seconds
[2024-09-04T21:10:59.346+0000] {processor.py:186} INFO - Started process (PID=1399) to work on /home/airflow/.local/lib/python3.12/site-packages/airflow/example_dags/example_python_decorator.py
[2024-09-04T21:10:59.347+0000] {processor.py:914} INFO - Processing file /home/airflow/.local/lib/python3.12/site-packages/airflow/example_dags/example_python_decorator.py for tasks to queue
[2024-09-04T21:10:59.350+0000] {logging_mixin.py:190} INFO - [2024-09-04T21:10:59.350+0000] {dagbag.py:587} INFO - Filling up the DagBag from /home/airflow/.local/lib/python3.12/site-packages/airflow/example_dags/example_python_decorator.py
[2024-09-04T21:10:59.365+0000] {processor.py:925} INFO - DAG(s) 'example_python_decorator' retrieved from /home/airflow/.local/lib/python3.12/site-packages/airflow/example_dags/example_python_decorator.py
[2024-09-04T21:10:59.391+0000] {logging_mixin.py:190} INFO - [2024-09-04T21:10:59.390+0000] {dag.py:3211} INFO - Sync 1 DAGs
[2024-09-04T21:10:59.406+0000] {logging_mixin.py:190} INFO - [2024-09-04T21:10:59.406+0000] {dag.py:4138} INFO - Setting next_dagrun for example_python_decorator to None, run_after=None
[2024-09-04T21:10:59.426+0000] {processor.py:208} INFO - Processing /home/airflow/.local/lib/python3.12/site-packages/airflow/example_dags/example_python_decorator.py took 0.086 seconds
[2024-09-04T21:11:30.521+0000] {processor.py:186} INFO - Started process (PID=1462) to work on /home/airflow/.local/lib/python3.12/site-packages/airflow/example_dags/example_python_decorator.py
[2024-09-04T21:11:30.522+0000] {processor.py:914} INFO - Processing file /home/airflow/.local/lib/python3.12/site-packages/airflow/example_dags/example_python_decorator.py for tasks to queue
[2024-09-04T21:11:30.524+0000] {logging_mixin.py:190} INFO - [2024-09-04T21:11:30.524+0000] {dagbag.py:587} INFO - Filling up the DagBag from /home/airflow/.local/lib/python3.12/site-packages/airflow/example_dags/example_python_decorator.py
[2024-09-04T21:11:30.537+0000] {processor.py:925} INFO - DAG(s) 'example_python_decorator' retrieved from /home/airflow/.local/lib/python3.12/site-packages/airflow/example_dags/example_python_decorator.py
[2024-09-04T21:11:30.561+0000] {logging_mixin.py:190} INFO - [2024-09-04T21:11:30.560+0000] {dag.py:3211} INFO - Sync 1 DAGs
[2024-09-04T21:11:30.573+0000] {logging_mixin.py:190} INFO - [2024-09-04T21:11:30.572+0000] {dag.py:4138} INFO - Setting next_dagrun for example_python_decorator to None, run_after=None
[2024-09-04T21:11:30.592+0000] {processor.py:208} INFO - Processing /home/airflow/.local/lib/python3.12/site-packages/airflow/example_dags/example_python_decorator.py took 0.076 seconds
[2024-09-04T21:12:00.960+0000] {processor.py:186} INFO - Started process (PID=1525) to work on /home/airflow/.local/lib/python3.12/site-packages/airflow/example_dags/example_python_decorator.py
[2024-09-04T21:12:00.961+0000] {processor.py:914} INFO - Processing file /home/airflow/.local/lib/python3.12/site-packages/airflow/example_dags/example_python_decorator.py for tasks to queue
[2024-09-04T21:12:00.964+0000] {logging_mixin.py:190} INFO - [2024-09-04T21:12:00.964+0000] {dagbag.py:587} INFO - Filling up the DagBag from /home/airflow/.local/lib/python3.12/site-packages/airflow/example_dags/example_python_decorator.py
[2024-09-04T21:12:00.978+0000] {processor.py:925} INFO - DAG(s) 'example_python_decorator' retrieved from /home/airflow/.local/lib/python3.12/site-packages/airflow/example_dags/example_python_decorator.py
[2024-09-04T21:12:01.001+0000] {logging_mixin.py:190} INFO - [2024-09-04T21:12:01.000+0000] {dag.py:3211} INFO - Sync 1 DAGs
[2024-09-04T21:12:01.017+0000] {logging_mixin.py:190} INFO - [2024-09-04T21:12:01.017+0000] {dag.py:4138} INFO - Setting next_dagrun for example_python_decorator to None, run_after=None
[2024-09-04T21:12:01.038+0000] {processor.py:208} INFO - Processing /home/airflow/.local/lib/python3.12/site-packages/airflow/example_dags/example_python_decorator.py took 0.084 seconds
[2024-09-04T21:12:31.717+0000] {processor.py:186} INFO - Started process (PID=1589) to work on /home/airflow/.local/lib/python3.12/site-packages/airflow/example_dags/example_python_decorator.py
[2024-09-04T21:12:31.718+0000] {processor.py:914} INFO - Processing file /home/airflow/.local/lib/python3.12/site-packages/airflow/example_dags/example_python_decorator.py for tasks to queue
[2024-09-04T21:12:31.720+0000] {logging_mixin.py:190} INFO - [2024-09-04T21:12:31.720+0000] {dagbag.py:587} INFO - Filling up the DagBag from /home/airflow/.local/lib/python3.12/site-packages/airflow/example_dags/example_python_decorator.py
[2024-09-04T21:12:31.733+0000] {processor.py:925} INFO - DAG(s) 'example_python_decorator' retrieved from /home/airflow/.local/lib/python3.12/site-packages/airflow/example_dags/example_python_decorator.py
[2024-09-04T21:12:31.756+0000] {logging_mixin.py:190} INFO - [2024-09-04T21:12:31.755+0000] {dag.py:3211} INFO - Sync 1 DAGs
[2024-09-04T21:12:31.770+0000] {logging_mixin.py:190} INFO - [2024-09-04T21:12:31.770+0000] {dag.py:4138} INFO - Setting next_dagrun for example_python_decorator to None, run_after=None
[2024-09-04T21:12:31.790+0000] {processor.py:208} INFO - Processing /home/airflow/.local/lib/python3.12/site-packages/airflow/example_dags/example_python_decorator.py took 0.079 seconds
[2024-09-04T21:13:02.561+0000] {processor.py:186} INFO - Started process (PID=1652) to work on /home/airflow/.local/lib/python3.12/site-packages/airflow/example_dags/example_python_decorator.py
[2024-09-04T21:13:02.562+0000] {processor.py:914} INFO - Processing file /home/airflow/.local/lib/python3.12/site-packages/airflow/example_dags/example_python_decorator.py for tasks to queue
[2024-09-04T21:13:02.564+0000] {logging_mixin.py:190} INFO - [2024-09-04T21:13:02.564+0000] {dagbag.py:587} INFO - Filling up the DagBag from /home/airflow/.local/lib/python3.12/site-packages/airflow/example_dags/example_python_decorator.py
[2024-09-04T21:13:02.578+0000] {processor.py:925} INFO - DAG(s) 'example_python_decorator' retrieved from /home/airflow/.local/lib/python3.12/site-packages/airflow/example_dags/example_python_decorator.py
[2024-09-04T21:13:02.601+0000] {logging_mixin.py:190} INFO - [2024-09-04T21:13:02.600+0000] {dag.py:3211} INFO - Sync 1 DAGs
[2024-09-04T21:13:02.613+0000] {logging_mixin.py:190} INFO - [2024-09-04T21:13:02.613+0000] {dag.py:4138} INFO - Setting next_dagrun for example_python_decorator to None, run_after=None
[2024-09-04T21:13:02.633+0000] {processor.py:208} INFO - Processing /home/airflow/.local/lib/python3.12/site-packages/airflow/example_dags/example_python_decorator.py took 0.077 seconds
[2024-09-04T21:13:33.633+0000] {processor.py:186} INFO - Started process (PID=1715) to work on /home/airflow/.local/lib/python3.12/site-packages/airflow/example_dags/example_python_decorator.py
[2024-09-04T21:13:33.634+0000] {processor.py:914} INFO - Processing file /home/airflow/.local/lib/python3.12/site-packages/airflow/example_dags/example_python_decorator.py for tasks to queue
[2024-09-04T21:13:33.636+0000] {logging_mixin.py:190} INFO - [2024-09-04T21:13:33.636+0000] {dagbag.py:587} INFO - Filling up the DagBag from /home/airflow/.local/lib/python3.12/site-packages/airflow/example_dags/example_python_decorator.py
[2024-09-04T21:13:33.648+0000] {processor.py:925} INFO - DAG(s) 'example_python_decorator' retrieved from /home/airflow/.local/lib/python3.12/site-packages/airflow/example_dags/example_python_decorator.py
[2024-09-04T21:13:33.670+0000] {logging_mixin.py:190} INFO - [2024-09-04T21:13:33.670+0000] {dag.py:3211} INFO - Sync 1 DAGs
[2024-09-04T21:13:33.683+0000] {logging_mixin.py:190} INFO - [2024-09-04T21:13:33.683+0000] {dag.py:4138} INFO - Setting next_dagrun for example_python_decorator to None, run_after=None
[2024-09-04T21:13:33.705+0000] {processor.py:208} INFO - Processing /home/airflow/.local/lib/python3.12/site-packages/airflow/example_dags/example_python_decorator.py took 0.078 seconds
[2024-09-04T21:14:04.442+0000] {processor.py:186} INFO - Started process (PID=1778) to work on /home/airflow/.local/lib/python3.12/site-packages/airflow/example_dags/example_python_decorator.py
[2024-09-04T21:14:04.443+0000] {processor.py:914} INFO - Processing file /home/airflow/.local/lib/python3.12/site-packages/airflow/example_dags/example_python_decorator.py for tasks to queue
[2024-09-04T21:14:04.445+0000] {logging_mixin.py:190} INFO - [2024-09-04T21:14:04.445+0000] {dagbag.py:587} INFO - Filling up the DagBag from /home/airflow/.local/lib/python3.12/site-packages/airflow/example_dags/example_python_decorator.py
[2024-09-04T21:14:04.458+0000] {processor.py:925} INFO - DAG(s) 'example_python_decorator' retrieved from /home/airflow/.local/lib/python3.12/site-packages/airflow/example_dags/example_python_decorator.py
[2024-09-04T21:14:04.485+0000] {logging_mixin.py:190} INFO - [2024-09-04T21:14:04.484+0000] {dag.py:3211} INFO - Sync 1 DAGs
[2024-09-04T21:14:04.498+0000] {logging_mixin.py:190} INFO - [2024-09-04T21:14:04.498+0000] {dag.py:4138} INFO - Setting next_dagrun for example_python_decorator to None, run_after=None
[2024-09-04T21:14:04.517+0000] {processor.py:208} INFO - Processing /home/airflow/.local/lib/python3.12/site-packages/airflow/example_dags/example_python_decorator.py took 0.081 seconds
[2024-09-04T21:14:35.314+0000] {processor.py:186} INFO - Started process (PID=1841) to work on /home/airflow/.local/lib/python3.12/site-packages/airflow/example_dags/example_python_decorator.py
[2024-09-04T21:14:35.315+0000] {processor.py:914} INFO - Processing file /home/airflow/.local/lib/python3.12/site-packages/airflow/example_dags/example_python_decorator.py for tasks to queue
[2024-09-04T21:14:35.318+0000] {logging_mixin.py:190} INFO - [2024-09-04T21:14:35.318+0000] {dagbag.py:587} INFO - Filling up the DagBag from /home/airflow/.local/lib/python3.12/site-packages/airflow/example_dags/example_python_decorator.py
[2024-09-04T21:14:35.331+0000] {processor.py:925} INFO - DAG(s) 'example_python_decorator' retrieved from /home/airflow/.local/lib/python3.12/site-packages/airflow/example_dags/example_python_decorator.py
[2024-09-04T21:14:35.356+0000] {logging_mixin.py:190} INFO - [2024-09-04T21:14:35.355+0000] {dag.py:3211} INFO - Sync 1 DAGs
[2024-09-04T21:14:35.370+0000] {logging_mixin.py:190} INFO - [2024-09-04T21:14:35.370+0000] {dag.py:4138} INFO - Setting next_dagrun for example_python_decorator to None, run_after=None
[2024-09-04T21:14:35.391+0000] {processor.py:208} INFO - Processing /home/airflow/.local/lib/python3.12/site-packages/airflow/example_dags/example_python_decorator.py took 0.082 seconds
[2024-09-04T21:15:07.693+0000] {processor.py:186} INFO - Started process (PID=1904) to work on /home/airflow/.local/lib/python3.12/site-packages/airflow/example_dags/example_python_decorator.py
[2024-09-04T21:15:07.695+0000] {processor.py:914} INFO - Processing file /home/airflow/.local/lib/python3.12/site-packages/airflow/example_dags/example_python_decorator.py for tasks to queue
[2024-09-04T21:15:07.701+0000] {logging_mixin.py:190} INFO - [2024-09-04T21:15:07.701+0000] {dagbag.py:587} INFO - Filling up the DagBag from /home/airflow/.local/lib/python3.12/site-packages/airflow/example_dags/example_python_decorator.py
[2024-09-04T21:15:07.737+0000] {processor.py:925} INFO - DAG(s) 'example_python_decorator' retrieved from /home/airflow/.local/lib/python3.12/site-packages/airflow/example_dags/example_python_decorator.py
[2024-09-04T21:15:07.814+0000] {logging_mixin.py:190} INFO - [2024-09-04T21:15:07.812+0000] {dag.py:3211} INFO - Sync 1 DAGs
[2024-09-04T21:15:07.858+0000] {logging_mixin.py:190} INFO - [2024-09-04T21:15:07.857+0000] {dag.py:4138} INFO - Setting next_dagrun for example_python_decorator to None, run_after=None
[2024-09-04T21:15:07.908+0000] {processor.py:208} INFO - Processing /home/airflow/.local/lib/python3.12/site-packages/airflow/example_dags/example_python_decorator.py took 0.231 seconds
[2024-09-04T21:15:38.808+0000] {processor.py:186} INFO - Started process (PID=1967) to work on /home/airflow/.local/lib/python3.12/site-packages/airflow/example_dags/example_python_decorator.py
[2024-09-04T21:15:38.810+0000] {processor.py:914} INFO - Processing file /home/airflow/.local/lib/python3.12/site-packages/airflow/example_dags/example_python_decorator.py for tasks to queue
[2024-09-04T21:15:38.814+0000] {logging_mixin.py:190} INFO - [2024-09-04T21:15:38.813+0000] {dagbag.py:587} INFO - Filling up the DagBag from /home/airflow/.local/lib/python3.12/site-packages/airflow/example_dags/example_python_decorator.py
[2024-09-04T21:15:38.840+0000] {processor.py:925} INFO - DAG(s) 'example_python_decorator' retrieved from /home/airflow/.local/lib/python3.12/site-packages/airflow/example_dags/example_python_decorator.py
[2024-09-04T21:15:38.879+0000] {logging_mixin.py:190} INFO - [2024-09-04T21:15:38.878+0000] {dag.py:3211} INFO - Sync 1 DAGs
[2024-09-04T21:15:38.901+0000] {logging_mixin.py:190} INFO - [2024-09-04T21:15:38.901+0000] {dag.py:4138} INFO - Setting next_dagrun for example_python_decorator to None, run_after=None
[2024-09-04T21:15:38.930+0000] {processor.py:208} INFO - Processing /home/airflow/.local/lib/python3.12/site-packages/airflow/example_dags/example_python_decorator.py took 0.132 seconds
[2024-09-04T21:16:09.772+0000] {processor.py:186} INFO - Started process (PID=2031) to work on /home/airflow/.local/lib/python3.12/site-packages/airflow/example_dags/example_python_decorator.py
[2024-09-04T21:16:09.773+0000] {processor.py:914} INFO - Processing file /home/airflow/.local/lib/python3.12/site-packages/airflow/example_dags/example_python_decorator.py for tasks to queue
[2024-09-04T21:16:09.775+0000] {logging_mixin.py:190} INFO - [2024-09-04T21:16:09.775+0000] {dagbag.py:587} INFO - Filling up the DagBag from /home/airflow/.local/lib/python3.12/site-packages/airflow/example_dags/example_python_decorator.py
[2024-09-04T21:16:09.787+0000] {processor.py:925} INFO - DAG(s) 'example_python_decorator' retrieved from /home/airflow/.local/lib/python3.12/site-packages/airflow/example_dags/example_python_decorator.py
[2024-09-04T21:16:09.812+0000] {logging_mixin.py:190} INFO - [2024-09-04T21:16:09.811+0000] {dag.py:3211} INFO - Sync 1 DAGs
[2024-09-04T21:16:09.825+0000] {logging_mixin.py:190} INFO - [2024-09-04T21:16:09.824+0000] {dag.py:4138} INFO - Setting next_dagrun for example_python_decorator to None, run_after=None
[2024-09-04T21:16:09.844+0000] {processor.py:208} INFO - Processing /home/airflow/.local/lib/python3.12/site-packages/airflow/example_dags/example_python_decorator.py took 0.077 seconds
[2024-09-04T21:16:40.144+0000] {processor.py:186} INFO - Started process (PID=2094) to work on /home/airflow/.local/lib/python3.12/site-packages/airflow/example_dags/example_python_decorator.py
[2024-09-04T21:16:40.145+0000] {processor.py:914} INFO - Processing file /home/airflow/.local/lib/python3.12/site-packages/airflow/example_dags/example_python_decorator.py for tasks to queue
[2024-09-04T21:16:40.148+0000] {logging_mixin.py:190} INFO - [2024-09-04T21:16:40.148+0000] {dagbag.py:587} INFO - Filling up the DagBag from /home/airflow/.local/lib/python3.12/site-packages/airflow/example_dags/example_python_decorator.py
[2024-09-04T21:16:40.161+0000] {processor.py:925} INFO - DAG(s) 'example_python_decorator' retrieved from /home/airflow/.local/lib/python3.12/site-packages/airflow/example_dags/example_python_decorator.py
[2024-09-04T21:16:40.185+0000] {logging_mixin.py:190} INFO - [2024-09-04T21:16:40.184+0000] {dag.py:3211} INFO - Sync 1 DAGs
[2024-09-04T21:16:40.200+0000] {logging_mixin.py:190} INFO - [2024-09-04T21:16:40.200+0000] {dag.py:4138} INFO - Setting next_dagrun for example_python_decorator to None, run_after=None
[2024-09-04T21:16:40.219+0000] {processor.py:208} INFO - Processing /home/airflow/.local/lib/python3.12/site-packages/airflow/example_dags/example_python_decorator.py took 0.082 seconds
[2024-09-04T21:17:10.656+0000] {processor.py:186} INFO - Started process (PID=2157) to work on /home/airflow/.local/lib/python3.12/site-packages/airflow/example_dags/example_python_decorator.py
[2024-09-04T21:17:10.658+0000] {processor.py:914} INFO - Processing file /home/airflow/.local/lib/python3.12/site-packages/airflow/example_dags/example_python_decorator.py for tasks to queue
[2024-09-04T21:17:10.661+0000] {logging_mixin.py:190} INFO - [2024-09-04T21:17:10.660+0000] {dagbag.py:587} INFO - Filling up the DagBag from /home/airflow/.local/lib/python3.12/site-packages/airflow/example_dags/example_python_decorator.py
[2024-09-04T21:17:10.675+0000] {processor.py:925} INFO - DAG(s) 'example_python_decorator' retrieved from /home/airflow/.local/lib/python3.12/site-packages/airflow/example_dags/example_python_decorator.py
[2024-09-04T21:17:10.697+0000] {logging_mixin.py:190} INFO - [2024-09-04T21:17:10.696+0000] {dag.py:3211} INFO - Sync 1 DAGs
[2024-09-04T21:17:10.710+0000] {logging_mixin.py:190} INFO - [2024-09-04T21:17:10.710+0000] {dag.py:4138} INFO - Setting next_dagrun for example_python_decorator to None, run_after=None
[2024-09-04T21:17:10.738+0000] {processor.py:208} INFO - Processing /home/airflow/.local/lib/python3.12/site-packages/airflow/example_dags/example_python_decorator.py took 0.087 seconds
[2024-09-04T21:17:40.837+0000] {processor.py:186} INFO - Started process (PID=2220) to work on /home/airflow/.local/lib/python3.12/site-packages/airflow/example_dags/example_python_decorator.py
[2024-09-04T21:17:40.838+0000] {processor.py:914} INFO - Processing file /home/airflow/.local/lib/python3.12/site-packages/airflow/example_dags/example_python_decorator.py for tasks to queue
[2024-09-04T21:17:40.840+0000] {logging_mixin.py:190} INFO - [2024-09-04T21:17:40.840+0000] {dagbag.py:587} INFO - Filling up the DagBag from /home/airflow/.local/lib/python3.12/site-packages/airflow/example_dags/example_python_decorator.py
[2024-09-04T21:17:40.853+0000] {processor.py:925} INFO - DAG(s) 'example_python_decorator' retrieved from /home/airflow/.local/lib/python3.12/site-packages/airflow/example_dags/example_python_decorator.py
[2024-09-04T21:17:40.876+0000] {logging_mixin.py:190} INFO - [2024-09-04T21:17:40.875+0000] {dag.py:3211} INFO - Sync 1 DAGs
[2024-09-04T21:17:40.890+0000] {logging_mixin.py:190} INFO - [2024-09-04T21:17:40.890+0000] {dag.py:4138} INFO - Setting next_dagrun for example_python_decorator to None, run_after=None
[2024-09-04T21:17:40.912+0000] {processor.py:208} INFO - Processing /home/airflow/.local/lib/python3.12/site-packages/airflow/example_dags/example_python_decorator.py took 0.081 seconds
[2024-09-04T21:18:11.088+0000] {processor.py:186} INFO - Started process (PID=2283) to work on /home/airflow/.local/lib/python3.12/site-packages/airflow/example_dags/example_python_decorator.py
[2024-09-04T21:18:11.088+0000] {processor.py:914} INFO - Processing file /home/airflow/.local/lib/python3.12/site-packages/airflow/example_dags/example_python_decorator.py for tasks to queue
[2024-09-04T21:18:11.091+0000] {logging_mixin.py:190} INFO - [2024-09-04T21:18:11.091+0000] {dagbag.py:587} INFO - Filling up the DagBag from /home/airflow/.local/lib/python3.12/site-packages/airflow/example_dags/example_python_decorator.py
[2024-09-04T21:18:11.103+0000] {processor.py:925} INFO - DAG(s) 'example_python_decorator' retrieved from /home/airflow/.local/lib/python3.12/site-packages/airflow/example_dags/example_python_decorator.py
[2024-09-04T21:18:11.125+0000] {logging_mixin.py:190} INFO - [2024-09-04T21:18:11.125+0000] {dag.py:3211} INFO - Sync 1 DAGs
[2024-09-04T21:18:11.138+0000] {logging_mixin.py:190} INFO - [2024-09-04T21:18:11.138+0000] {dag.py:4138} INFO - Setting next_dagrun for example_python_decorator to None, run_after=None
[2024-09-04T21:18:11.159+0000] {processor.py:208} INFO - Processing /home/airflow/.local/lib/python3.12/site-packages/airflow/example_dags/example_python_decorator.py took 0.076 seconds
[2024-09-04T21:18:41.845+0000] {processor.py:186} INFO - Started process (PID=2346) to work on /home/airflow/.local/lib/python3.12/site-packages/airflow/example_dags/example_python_decorator.py
[2024-09-04T21:18:41.847+0000] {processor.py:914} INFO - Processing file /home/airflow/.local/lib/python3.12/site-packages/airflow/example_dags/example_python_decorator.py for tasks to queue
[2024-09-04T21:18:41.849+0000] {logging_mixin.py:190} INFO - [2024-09-04T21:18:41.849+0000] {dagbag.py:587} INFO - Filling up the DagBag from /home/airflow/.local/lib/python3.12/site-packages/airflow/example_dags/example_python_decorator.py
[2024-09-04T21:18:41.863+0000] {processor.py:925} INFO - DAG(s) 'example_python_decorator' retrieved from /home/airflow/.local/lib/python3.12/site-packages/airflow/example_dags/example_python_decorator.py
[2024-09-04T21:18:41.887+0000] {logging_mixin.py:190} INFO - [2024-09-04T21:18:41.887+0000] {dag.py:3211} INFO - Sync 1 DAGs
[2024-09-04T21:18:41.901+0000] {logging_mixin.py:190} INFO - [2024-09-04T21:18:41.901+0000] {dag.py:4138} INFO - Setting next_dagrun for example_python_decorator to None, run_after=None
[2024-09-04T21:18:41.922+0000] {processor.py:208} INFO - Processing /home/airflow/.local/lib/python3.12/site-packages/airflow/example_dags/example_python_decorator.py took 0.082 seconds
