[2024-09-04T20:52:37.759+0000] {processor.py:186} INFO - Started process (PID=109) to work on /home/airflow/.local/lib/python3.12/site-packages/airflow/example_dags/example_subdag_operator.py
[2024-09-04T20:52:37.761+0000] {processor.py:914} INFO - Processing file /home/airflow/.local/lib/python3.12/site-packages/airflow/example_dags/example_subdag_operator.py for tasks to queue
[2024-09-04T20:52:37.766+0000] {logging_mixin.py:190} INFO - [2024-09-04T20:52:37.765+0000] {dagbag.py:587} INFO - Filling up the DagBag from /home/airflow/.local/lib/python3.12/site-packages/airflow/example_dags/example_subdag_operator.py
[2024-09-04T20:52:37.797+0000] {processor.py:925} INFO - DAG(s) 'example_subdag_operator.section-1', 'example_subdag_operator.section-2', 'example_subdag_operator' retrieved from /home/airflow/.local/lib/python3.12/site-packages/airflow/example_dags/example_subdag_operator.py
[2024-09-04T20:52:37.926+0000] {logging_mixin.py:190} INFO - [2024-09-04T20:52:37.925+0000] {override.py:1858} INFO - Created Permission View: can delete on DAG:example_subdag_operator
[2024-09-04T20:52:37.937+0000] {logging_mixin.py:190} INFO - [2024-09-04T20:52:37.937+0000] {override.py:1858} INFO - Created Permission View: can edit on DAG:example_subdag_operator
[2024-09-04T20:52:37.945+0000] {logging_mixin.py:190} INFO - [2024-09-04T20:52:37.945+0000] {override.py:1858} INFO - Created Permission View: can read on DAG:example_subdag_operator
[2024-09-04T20:52:37.946+0000] {logging_mixin.py:190} INFO - [2024-09-04T20:52:37.946+0000] {dag.py:3211} INFO - Sync 3 DAGs
[2024-09-04T20:52:37.961+0000] {logging_mixin.py:190} INFO - [2024-09-04T20:52:37.961+0000] {dag.py:3234} INFO - Creating ORM DAG for example_subdag_operator
[2024-09-04T20:52:37.962+0000] {logging_mixin.py:190} INFO - [2024-09-04T20:52:37.962+0000] {dag.py:3234} INFO - Creating ORM DAG for example_subdag_operator.section-2
[2024-09-04T20:52:37.963+0000] {logging_mixin.py:190} INFO - [2024-09-04T20:52:37.963+0000] {dag.py:3234} INFO - Creating ORM DAG for example_subdag_operator.section-1
[2024-09-04T20:52:37.975+0000] {logging_mixin.py:190} INFO - [2024-09-04T20:52:37.975+0000] {dag.py:4138} INFO - Setting next_dagrun for example_subdag_operator to 2022-01-01 00:00:00+00:00, run_after=2022-01-01 00:00:00+00:00
[2024-09-04T20:52:37.976+0000] {logging_mixin.py:190} INFO - [2024-09-04T20:52:37.976+0000] {dag.py:4138} INFO - Setting next_dagrun for example_subdag_operator.section-1 to None, run_after=None
[2024-09-04T20:52:37.976+0000] {logging_mixin.py:190} INFO - [2024-09-04T20:52:37.976+0000] {dag.py:4138} INFO - Setting next_dagrun for example_subdag_operator.section-2 to None, run_after=None
[2024-09-04T20:52:37.985+0000] {logging_mixin.py:190} INFO - [2024-09-04T20:52:37.985+0000] {dag.py:3211} INFO - Sync 2 DAGs
[2024-09-04T20:52:37.993+0000] {logging_mixin.py:190} INFO - [2024-09-04T20:52:37.993+0000] {dag.py:4138} INFO - Setting next_dagrun for example_subdag_operator.section-1 to None, run_after=None
[2024-09-04T20:52:37.997+0000] {logging_mixin.py:190} INFO - [2024-09-04T20:52:37.997+0000] {dag.py:4138} INFO - Setting next_dagrun for example_subdag_operator.section-2 to None, run_after=None
[2024-09-04T20:52:38.015+0000] {processor.py:208} INFO - Processing /home/airflow/.local/lib/python3.12/site-packages/airflow/example_dags/example_subdag_operator.py took 0.267 seconds
[2024-09-04T21:00:19.178+0000] {processor.py:186} INFO - Started process (PID=104) to work on /home/airflow/.local/lib/python3.12/site-packages/airflow/example_dags/example_subdag_operator.py
[2024-09-04T21:00:19.181+0000] {processor.py:914} INFO - Processing file /home/airflow/.local/lib/python3.12/site-packages/airflow/example_dags/example_subdag_operator.py for tasks to queue
[2024-09-04T21:00:19.185+0000] {logging_mixin.py:190} INFO - [2024-09-04T21:00:19.184+0000] {dagbag.py:587} INFO - Filling up the DagBag from /home/airflow/.local/lib/python3.12/site-packages/airflow/example_dags/example_subdag_operator.py
[2024-09-04T21:00:19.237+0000] {processor.py:925} INFO - DAG(s) 'example_subdag_operator.section-1', 'example_subdag_operator.section-2', 'example_subdag_operator' retrieved from /home/airflow/.local/lib/python3.12/site-packages/airflow/example_dags/example_subdag_operator.py
[2024-09-04T21:00:19.273+0000] {logging_mixin.py:190} INFO - [2024-09-04T21:00:19.273+0000] {dag.py:3211} INFO - Sync 3 DAGs
[2024-09-04T21:00:19.319+0000] {logging_mixin.py:190} INFO - [2024-09-04T21:00:19.319+0000] {dag.py:4138} INFO - Setting next_dagrun for example_subdag_operator to 2022-01-01 00:00:00+00:00, run_after=2022-01-01 00:00:00+00:00
[2024-09-04T21:00:19.326+0000] {logging_mixin.py:190} INFO - [2024-09-04T21:00:19.325+0000] {dag.py:4138} INFO - Setting next_dagrun for example_subdag_operator.section-1 to None, run_after=None
[2024-09-04T21:00:19.328+0000] {logging_mixin.py:190} INFO - [2024-09-04T21:00:19.328+0000] {dag.py:4138} INFO - Setting next_dagrun for example_subdag_operator.section-2 to None, run_after=None
[2024-09-04T21:00:19.470+0000] {logging_mixin.py:190} INFO - [2024-09-04T21:00:19.469+0000] {dag.py:3211} INFO - Sync 2 DAGs
[2024-09-04T21:00:19.489+0000] {logging_mixin.py:190} INFO - [2024-09-04T21:00:19.489+0000] {dag.py:4138} INFO - Setting next_dagrun for example_subdag_operator.section-1 to None, run_after=None
[2024-09-04T21:00:19.493+0000] {logging_mixin.py:190} INFO - [2024-09-04T21:00:19.493+0000] {dag.py:4138} INFO - Setting next_dagrun for example_subdag_operator.section-2 to None, run_after=None
[2024-09-04T21:00:19.564+0000] {processor.py:208} INFO - Processing /home/airflow/.local/lib/python3.12/site-packages/airflow/example_dags/example_subdag_operator.py took 0.402 seconds
[2024-09-04T21:00:49.994+0000] {processor.py:186} INFO - Started process (PID=166) to work on /home/airflow/.local/lib/python3.12/site-packages/airflow/example_dags/example_subdag_operator.py
[2024-09-04T21:00:49.995+0000] {processor.py:914} INFO - Processing file /home/airflow/.local/lib/python3.12/site-packages/airflow/example_dags/example_subdag_operator.py for tasks to queue
[2024-09-04T21:00:49.998+0000] {logging_mixin.py:190} INFO - [2024-09-04T21:00:49.998+0000] {dagbag.py:587} INFO - Filling up the DagBag from /home/airflow/.local/lib/python3.12/site-packages/airflow/example_dags/example_subdag_operator.py
[2024-09-04T21:00:50.038+0000] {processor.py:925} INFO - DAG(s) 'example_subdag_operator.section-1', 'example_subdag_operator.section-2', 'example_subdag_operator' retrieved from /home/airflow/.local/lib/python3.12/site-packages/airflow/example_dags/example_subdag_operator.py
[2024-09-04T21:00:50.064+0000] {logging_mixin.py:190} INFO - [2024-09-04T21:00:50.064+0000] {dag.py:3211} INFO - Sync 3 DAGs
[2024-09-04T21:00:50.104+0000] {logging_mixin.py:190} INFO - [2024-09-04T21:00:50.103+0000] {dag.py:4138} INFO - Setting next_dagrun for example_subdag_operator to 2022-01-01 00:00:00+00:00, run_after=2022-01-01 00:00:00+00:00
[2024-09-04T21:00:50.110+0000] {logging_mixin.py:190} INFO - [2024-09-04T21:00:50.110+0000] {dag.py:4138} INFO - Setting next_dagrun for example_subdag_operator.section-1 to None, run_after=None
[2024-09-04T21:00:50.112+0000] {logging_mixin.py:190} INFO - [2024-09-04T21:00:50.112+0000] {dag.py:4138} INFO - Setting next_dagrun for example_subdag_operator.section-2 to None, run_after=None
[2024-09-04T21:00:50.127+0000] {logging_mixin.py:190} INFO - [2024-09-04T21:00:50.126+0000] {dag.py:3211} INFO - Sync 2 DAGs
[2024-09-04T21:00:50.133+0000] {logging_mixin.py:190} INFO - [2024-09-04T21:00:50.133+0000] {dag.py:4138} INFO - Setting next_dagrun for example_subdag_operator.section-1 to None, run_after=None
[2024-09-04T21:00:50.135+0000] {logging_mixin.py:190} INFO - [2024-09-04T21:00:50.135+0000] {dag.py:4138} INFO - Setting next_dagrun for example_subdag_operator.section-2 to None, run_after=None
[2024-09-04T21:00:50.154+0000] {processor.py:208} INFO - Processing /home/airflow/.local/lib/python3.12/site-packages/airflow/example_dags/example_subdag_operator.py took 0.170 seconds
[2024-09-04T21:01:20.420+0000] {processor.py:186} INFO - Started process (PID=228) to work on /home/airflow/.local/lib/python3.12/site-packages/airflow/example_dags/example_subdag_operator.py
[2024-09-04T21:01:20.421+0000] {processor.py:914} INFO - Processing file /home/airflow/.local/lib/python3.12/site-packages/airflow/example_dags/example_subdag_operator.py for tasks to queue
[2024-09-04T21:01:20.424+0000] {logging_mixin.py:190} INFO - [2024-09-04T21:01:20.423+0000] {dagbag.py:587} INFO - Filling up the DagBag from /home/airflow/.local/lib/python3.12/site-packages/airflow/example_dags/example_subdag_operator.py
[2024-09-04T21:01:20.450+0000] {processor.py:925} INFO - DAG(s) 'example_subdag_operator.section-1', 'example_subdag_operator.section-2', 'example_subdag_operator' retrieved from /home/airflow/.local/lib/python3.12/site-packages/airflow/example_dags/example_subdag_operator.py
[2024-09-04T21:01:20.464+0000] {logging_mixin.py:190} INFO - [2024-09-04T21:01:20.464+0000] {dag.py:3211} INFO - Sync 3 DAGs
[2024-09-04T21:01:20.485+0000] {logging_mixin.py:190} INFO - [2024-09-04T21:01:20.485+0000] {dag.py:4138} INFO - Setting next_dagrun for example_subdag_operator to 2022-01-01 00:00:00+00:00, run_after=2022-01-01 00:00:00+00:00
[2024-09-04T21:01:20.489+0000] {logging_mixin.py:190} INFO - [2024-09-04T21:01:20.489+0000] {dag.py:4138} INFO - Setting next_dagrun for example_subdag_operator.section-1 to None, run_after=None
[2024-09-04T21:01:20.491+0000] {logging_mixin.py:190} INFO - [2024-09-04T21:01:20.491+0000] {dag.py:4138} INFO - Setting next_dagrun for example_subdag_operator.section-2 to None, run_after=None
[2024-09-04T21:01:20.500+0000] {logging_mixin.py:190} INFO - [2024-09-04T21:01:20.500+0000] {dag.py:3211} INFO - Sync 2 DAGs
[2024-09-04T21:01:20.506+0000] {logging_mixin.py:190} INFO - [2024-09-04T21:01:20.506+0000] {dag.py:4138} INFO - Setting next_dagrun for example_subdag_operator.section-1 to None, run_after=None
[2024-09-04T21:01:20.507+0000] {logging_mixin.py:190} INFO - [2024-09-04T21:01:20.507+0000] {dag.py:4138} INFO - Setting next_dagrun for example_subdag_operator.section-2 to None, run_after=None
[2024-09-04T21:01:20.523+0000] {processor.py:208} INFO - Processing /home/airflow/.local/lib/python3.12/site-packages/airflow/example_dags/example_subdag_operator.py took 0.108 seconds
[2024-09-04T21:01:50.675+0000] {processor.py:186} INFO - Started process (PID=291) to work on /home/airflow/.local/lib/python3.12/site-packages/airflow/example_dags/example_subdag_operator.py
[2024-09-04T21:01:50.676+0000] {processor.py:914} INFO - Processing file /home/airflow/.local/lib/python3.12/site-packages/airflow/example_dags/example_subdag_operator.py for tasks to queue
[2024-09-04T21:01:50.678+0000] {logging_mixin.py:190} INFO - [2024-09-04T21:01:50.678+0000] {dagbag.py:587} INFO - Filling up the DagBag from /home/airflow/.local/lib/python3.12/site-packages/airflow/example_dags/example_subdag_operator.py
[2024-09-04T21:01:50.702+0000] {processor.py:925} INFO - DAG(s) 'example_subdag_operator.section-1', 'example_subdag_operator.section-2', 'example_subdag_operator' retrieved from /home/airflow/.local/lib/python3.12/site-packages/airflow/example_dags/example_subdag_operator.py
[2024-09-04T21:01:50.717+0000] {logging_mixin.py:190} INFO - [2024-09-04T21:01:50.716+0000] {dag.py:3211} INFO - Sync 3 DAGs
[2024-09-04T21:01:50.735+0000] {logging_mixin.py:190} INFO - [2024-09-04T21:01:50.735+0000] {dag.py:4138} INFO - Setting next_dagrun for example_subdag_operator to 2022-01-01 00:00:00+00:00, run_after=2022-01-01 00:00:00+00:00
[2024-09-04T21:01:50.739+0000] {logging_mixin.py:190} INFO - [2024-09-04T21:01:50.739+0000] {dag.py:4138} INFO - Setting next_dagrun for example_subdag_operator.section-1 to None, run_after=None
[2024-09-04T21:01:50.740+0000] {logging_mixin.py:190} INFO - [2024-09-04T21:01:50.740+0000] {dag.py:4138} INFO - Setting next_dagrun for example_subdag_operator.section-2 to None, run_after=None
[2024-09-04T21:01:50.747+0000] {logging_mixin.py:190} INFO - [2024-09-04T21:01:50.747+0000] {dag.py:3211} INFO - Sync 2 DAGs
[2024-09-04T21:01:50.753+0000] {logging_mixin.py:190} INFO - [2024-09-04T21:01:50.753+0000] {dag.py:4138} INFO - Setting next_dagrun for example_subdag_operator.section-1 to None, run_after=None
[2024-09-04T21:01:50.754+0000] {logging_mixin.py:190} INFO - [2024-09-04T21:01:50.754+0000] {dag.py:4138} INFO - Setting next_dagrun for example_subdag_operator.section-2 to None, run_after=None
[2024-09-04T21:01:50.768+0000] {processor.py:208} INFO - Processing /home/airflow/.local/lib/python3.12/site-packages/airflow/example_dags/example_subdag_operator.py took 0.098 seconds
[2024-09-04T21:02:21.411+0000] {processor.py:186} INFO - Started process (PID=353) to work on /home/airflow/.local/lib/python3.12/site-packages/airflow/example_dags/example_subdag_operator.py
[2024-09-04T21:02:21.412+0000] {processor.py:914} INFO - Processing file /home/airflow/.local/lib/python3.12/site-packages/airflow/example_dags/example_subdag_operator.py for tasks to queue
[2024-09-04T21:02:21.415+0000] {logging_mixin.py:190} INFO - [2024-09-04T21:02:21.415+0000] {dagbag.py:587} INFO - Filling up the DagBag from /home/airflow/.local/lib/python3.12/site-packages/airflow/example_dags/example_subdag_operator.py
[2024-09-04T21:02:21.441+0000] {processor.py:925} INFO - DAG(s) 'example_subdag_operator.section-1', 'example_subdag_operator.section-2', 'example_subdag_operator' retrieved from /home/airflow/.local/lib/python3.12/site-packages/airflow/example_dags/example_subdag_operator.py
[2024-09-04T21:02:21.454+0000] {logging_mixin.py:190} INFO - [2024-09-04T21:02:21.454+0000] {dag.py:3211} INFO - Sync 3 DAGs
[2024-09-04T21:02:21.474+0000] {logging_mixin.py:190} INFO - [2024-09-04T21:02:21.474+0000] {dag.py:4138} INFO - Setting next_dagrun for example_subdag_operator to 2022-01-01 00:00:00+00:00, run_after=2022-01-01 00:00:00+00:00
[2024-09-04T21:02:21.478+0000] {logging_mixin.py:190} INFO - [2024-09-04T21:02:21.478+0000] {dag.py:4138} INFO - Setting next_dagrun for example_subdag_operator.section-1 to None, run_after=None
[2024-09-04T21:02:21.479+0000] {logging_mixin.py:190} INFO - [2024-09-04T21:02:21.479+0000] {dag.py:4138} INFO - Setting next_dagrun for example_subdag_operator.section-2 to None, run_after=None
[2024-09-04T21:02:21.486+0000] {logging_mixin.py:190} INFO - [2024-09-04T21:02:21.486+0000] {dag.py:3211} INFO - Sync 2 DAGs
[2024-09-04T21:02:21.491+0000] {logging_mixin.py:190} INFO - [2024-09-04T21:02:21.491+0000] {dag.py:4138} INFO - Setting next_dagrun for example_subdag_operator.section-1 to None, run_after=None
[2024-09-04T21:02:21.492+0000] {logging_mixin.py:190} INFO - [2024-09-04T21:02:21.492+0000] {dag.py:4138} INFO - Setting next_dagrun for example_subdag_operator.section-2 to None, run_after=None
[2024-09-04T21:02:21.507+0000] {processor.py:208} INFO - Processing /home/airflow/.local/lib/python3.12/site-packages/airflow/example_dags/example_subdag_operator.py took 0.101 seconds
[2024-09-04T21:02:51.929+0000] {processor.py:186} INFO - Started process (PID=415) to work on /home/airflow/.local/lib/python3.12/site-packages/airflow/example_dags/example_subdag_operator.py
[2024-09-04T21:02:51.930+0000] {processor.py:914} INFO - Processing file /home/airflow/.local/lib/python3.12/site-packages/airflow/example_dags/example_subdag_operator.py for tasks to queue
[2024-09-04T21:02:51.933+0000] {logging_mixin.py:190} INFO - [2024-09-04T21:02:51.933+0000] {dagbag.py:587} INFO - Filling up the DagBag from /home/airflow/.local/lib/python3.12/site-packages/airflow/example_dags/example_subdag_operator.py
[2024-09-04T21:02:51.960+0000] {processor.py:925} INFO - DAG(s) 'example_subdag_operator.section-1', 'example_subdag_operator.section-2', 'example_subdag_operator' retrieved from /home/airflow/.local/lib/python3.12/site-packages/airflow/example_dags/example_subdag_operator.py
[2024-09-04T21:02:51.973+0000] {logging_mixin.py:190} INFO - [2024-09-04T21:02:51.973+0000] {dag.py:3211} INFO - Sync 3 DAGs
[2024-09-04T21:02:52.010+0000] {logging_mixin.py:190} INFO - [2024-09-04T21:02:52.010+0000] {dag.py:4138} INFO - Setting next_dagrun for example_subdag_operator to 2022-01-01 00:00:00+00:00, run_after=2022-01-01 00:00:00+00:00
[2024-09-04T21:02:52.014+0000] {logging_mixin.py:190} INFO - [2024-09-04T21:02:52.014+0000] {dag.py:4138} INFO - Setting next_dagrun for example_subdag_operator.section-1 to None, run_after=None
[2024-09-04T21:02:52.016+0000] {logging_mixin.py:190} INFO - [2024-09-04T21:02:52.016+0000] {dag.py:4138} INFO - Setting next_dagrun for example_subdag_operator.section-2 to None, run_after=None
[2024-09-04T21:02:52.024+0000] {logging_mixin.py:190} INFO - [2024-09-04T21:02:52.024+0000] {dag.py:3211} INFO - Sync 2 DAGs
[2024-09-04T21:02:52.033+0000] {logging_mixin.py:190} INFO - [2024-09-04T21:02:52.032+0000] {dag.py:4138} INFO - Setting next_dagrun for example_subdag_operator.section-1 to None, run_after=None
[2024-09-04T21:02:52.034+0000] {logging_mixin.py:190} INFO - [2024-09-04T21:02:52.033+0000] {dag.py:4138} INFO - Setting next_dagrun for example_subdag_operator.section-2 to None, run_after=None
[2024-09-04T21:02:52.048+0000] {processor.py:208} INFO - Processing /home/airflow/.local/lib/python3.12/site-packages/airflow/example_dags/example_subdag_operator.py took 0.125 seconds
[2024-09-04T21:03:23.535+0000] {processor.py:186} INFO - Started process (PID=477) to work on /home/airflow/.local/lib/python3.12/site-packages/airflow/example_dags/example_subdag_operator.py
[2024-09-04T21:03:23.538+0000] {processor.py:914} INFO - Processing file /home/airflow/.local/lib/python3.12/site-packages/airflow/example_dags/example_subdag_operator.py for tasks to queue
[2024-09-04T21:03:23.542+0000] {logging_mixin.py:190} INFO - [2024-09-04T21:03:23.541+0000] {dagbag.py:587} INFO - Filling up the DagBag from /home/airflow/.local/lib/python3.12/site-packages/airflow/example_dags/example_subdag_operator.py
[2024-09-04T21:03:23.591+0000] {processor.py:925} INFO - DAG(s) 'example_subdag_operator.section-1', 'example_subdag_operator.section-2', 'example_subdag_operator' retrieved from /home/airflow/.local/lib/python3.12/site-packages/airflow/example_dags/example_subdag_operator.py
[2024-09-04T21:03:23.628+0000] {logging_mixin.py:190} INFO - [2024-09-04T21:03:23.628+0000] {dag.py:3211} INFO - Sync 3 DAGs
[2024-09-04T21:03:23.678+0000] {logging_mixin.py:190} INFO - [2024-09-04T21:03:23.677+0000] {dag.py:4138} INFO - Setting next_dagrun for example_subdag_operator to 2022-01-01 00:00:00+00:00, run_after=2022-01-01 00:00:00+00:00
[2024-09-04T21:03:23.687+0000] {logging_mixin.py:190} INFO - [2024-09-04T21:03:23.686+0000] {dag.py:4138} INFO - Setting next_dagrun for example_subdag_operator.section-1 to None, run_after=None
[2024-09-04T21:03:23.690+0000] {logging_mixin.py:190} INFO - [2024-09-04T21:03:23.689+0000] {dag.py:4138} INFO - Setting next_dagrun for example_subdag_operator.section-2 to None, run_after=None
[2024-09-04T21:03:23.704+0000] {logging_mixin.py:190} INFO - [2024-09-04T21:03:23.704+0000] {dag.py:3211} INFO - Sync 2 DAGs
[2024-09-04T21:03:23.717+0000] {logging_mixin.py:190} INFO - [2024-09-04T21:03:23.716+0000] {dag.py:4138} INFO - Setting next_dagrun for example_subdag_operator.section-1 to None, run_after=None
[2024-09-04T21:03:23.718+0000] {logging_mixin.py:190} INFO - [2024-09-04T21:03:23.718+0000] {dag.py:4138} INFO - Setting next_dagrun for example_subdag_operator.section-2 to None, run_after=None
[2024-09-04T21:03:23.741+0000] {processor.py:208} INFO - Processing /home/airflow/.local/lib/python3.12/site-packages/airflow/example_dags/example_subdag_operator.py took 0.218 seconds
[2024-09-04T21:03:54.116+0000] {processor.py:186} INFO - Started process (PID=539) to work on /home/airflow/.local/lib/python3.12/site-packages/airflow/example_dags/example_subdag_operator.py
[2024-09-04T21:03:54.118+0000] {processor.py:914} INFO - Processing file /home/airflow/.local/lib/python3.12/site-packages/airflow/example_dags/example_subdag_operator.py for tasks to queue
[2024-09-04T21:03:54.123+0000] {logging_mixin.py:190} INFO - [2024-09-04T21:03:54.123+0000] {dagbag.py:587} INFO - Filling up the DagBag from /home/airflow/.local/lib/python3.12/site-packages/airflow/example_dags/example_subdag_operator.py
[2024-09-04T21:03:54.203+0000] {processor.py:925} INFO - DAG(s) 'example_subdag_operator.section-1', 'example_subdag_operator.section-2', 'example_subdag_operator' retrieved from /home/airflow/.local/lib/python3.12/site-packages/airflow/example_dags/example_subdag_operator.py
[2024-09-04T21:03:54.230+0000] {logging_mixin.py:190} INFO - [2024-09-04T21:03:54.229+0000] {dag.py:3211} INFO - Sync 3 DAGs
[2024-09-04T21:03:54.273+0000] {logging_mixin.py:190} INFO - [2024-09-04T21:03:54.272+0000] {dag.py:4138} INFO - Setting next_dagrun for example_subdag_operator to 2022-01-01 00:00:00+00:00, run_after=2022-01-01 00:00:00+00:00
[2024-09-04T21:03:54.281+0000] {logging_mixin.py:190} INFO - [2024-09-04T21:03:54.281+0000] {dag.py:4138} INFO - Setting next_dagrun for example_subdag_operator.section-1 to None, run_after=None
[2024-09-04T21:03:54.284+0000] {logging_mixin.py:190} INFO - [2024-09-04T21:03:54.283+0000] {dag.py:4138} INFO - Setting next_dagrun for example_subdag_operator.section-2 to None, run_after=None
[2024-09-04T21:03:54.298+0000] {logging_mixin.py:190} INFO - [2024-09-04T21:03:54.297+0000] {dag.py:3211} INFO - Sync 2 DAGs
[2024-09-04T21:03:54.306+0000] {logging_mixin.py:190} INFO - [2024-09-04T21:03:54.306+0000] {dag.py:4138} INFO - Setting next_dagrun for example_subdag_operator.section-1 to None, run_after=None
[2024-09-04T21:03:54.307+0000] {logging_mixin.py:190} INFO - [2024-09-04T21:03:54.307+0000] {dag.py:4138} INFO - Setting next_dagrun for example_subdag_operator.section-2 to None, run_after=None
[2024-09-04T21:03:54.325+0000] {processor.py:208} INFO - Processing /home/airflow/.local/lib/python3.12/site-packages/airflow/example_dags/example_subdag_operator.py took 0.220 seconds
[2024-09-04T21:04:24.966+0000] {processor.py:186} INFO - Started process (PID=607) to work on /home/airflow/.local/lib/python3.12/site-packages/airflow/example_dags/example_subdag_operator.py
[2024-09-04T21:04:24.968+0000] {processor.py:914} INFO - Processing file /home/airflow/.local/lib/python3.12/site-packages/airflow/example_dags/example_subdag_operator.py for tasks to queue
[2024-09-04T21:04:24.971+0000] {logging_mixin.py:190} INFO - [2024-09-04T21:04:24.971+0000] {dagbag.py:587} INFO - Filling up the DagBag from /home/airflow/.local/lib/python3.12/site-packages/airflow/example_dags/example_subdag_operator.py
[2024-09-04T21:04:25.009+0000] {processor.py:925} INFO - DAG(s) 'example_subdag_operator.section-1', 'example_subdag_operator.section-2', 'example_subdag_operator' retrieved from /home/airflow/.local/lib/python3.12/site-packages/airflow/example_dags/example_subdag_operator.py
[2024-09-04T21:04:25.031+0000] {logging_mixin.py:190} INFO - [2024-09-04T21:04:25.031+0000] {dag.py:3211} INFO - Sync 3 DAGs
[2024-09-04T21:04:25.062+0000] {logging_mixin.py:190} INFO - [2024-09-04T21:04:25.061+0000] {dag.py:4138} INFO - Setting next_dagrun for example_subdag_operator to 2022-01-01 00:00:00+00:00, run_after=2022-01-01 00:00:00+00:00
[2024-09-04T21:04:25.068+0000] {logging_mixin.py:190} INFO - [2024-09-04T21:04:25.068+0000] {dag.py:4138} INFO - Setting next_dagrun for example_subdag_operator.section-1 to None, run_after=None
[2024-09-04T21:04:25.070+0000] {logging_mixin.py:190} INFO - [2024-09-04T21:04:25.070+0000] {dag.py:4138} INFO - Setting next_dagrun for example_subdag_operator.section-2 to None, run_after=None
[2024-09-04T21:04:25.081+0000] {logging_mixin.py:190} INFO - [2024-09-04T21:04:25.080+0000] {dag.py:3211} INFO - Sync 2 DAGs
[2024-09-04T21:04:25.089+0000] {logging_mixin.py:190} INFO - [2024-09-04T21:04:25.089+0000] {dag.py:4138} INFO - Setting next_dagrun for example_subdag_operator.section-1 to None, run_after=None
[2024-09-04T21:04:25.090+0000] {logging_mixin.py:190} INFO - [2024-09-04T21:04:25.090+0000] {dag.py:4138} INFO - Setting next_dagrun for example_subdag_operator.section-2 to None, run_after=None
[2024-09-04T21:04:25.108+0000] {processor.py:208} INFO - Processing /home/airflow/.local/lib/python3.12/site-packages/airflow/example_dags/example_subdag_operator.py took 0.151 seconds
[2024-09-04T21:04:55.449+0000] {processor.py:186} INFO - Started process (PID=669) to work on /home/airflow/.local/lib/python3.12/site-packages/airflow/example_dags/example_subdag_operator.py
[2024-09-04T21:04:55.450+0000] {processor.py:914} INFO - Processing file /home/airflow/.local/lib/python3.12/site-packages/airflow/example_dags/example_subdag_operator.py for tasks to queue
[2024-09-04T21:04:55.454+0000] {logging_mixin.py:190} INFO - [2024-09-04T21:04:55.453+0000] {dagbag.py:587} INFO - Filling up the DagBag from /home/airflow/.local/lib/python3.12/site-packages/airflow/example_dags/example_subdag_operator.py
[2024-09-04T21:04:55.487+0000] {processor.py:925} INFO - DAG(s) 'example_subdag_operator.section-1', 'example_subdag_operator.section-2', 'example_subdag_operator' retrieved from /home/airflow/.local/lib/python3.12/site-packages/airflow/example_dags/example_subdag_operator.py
[2024-09-04T21:04:55.509+0000] {logging_mixin.py:190} INFO - [2024-09-04T21:04:55.508+0000] {dag.py:3211} INFO - Sync 3 DAGs
[2024-09-04T21:04:55.537+0000] {logging_mixin.py:190} INFO - [2024-09-04T21:04:55.536+0000] {dag.py:4138} INFO - Setting next_dagrun for example_subdag_operator to 2022-01-01 00:00:00+00:00, run_after=2022-01-01 00:00:00+00:00
[2024-09-04T21:04:55.541+0000] {logging_mixin.py:190} INFO - [2024-09-04T21:04:55.541+0000] {dag.py:4138} INFO - Setting next_dagrun for example_subdag_operator.section-1 to None, run_after=None
[2024-09-04T21:04:55.544+0000] {logging_mixin.py:190} INFO - [2024-09-04T21:04:55.543+0000] {dag.py:4138} INFO - Setting next_dagrun for example_subdag_operator.section-2 to None, run_after=None
[2024-09-04T21:04:55.552+0000] {logging_mixin.py:190} INFO - [2024-09-04T21:04:55.552+0000] {dag.py:3211} INFO - Sync 2 DAGs
[2024-09-04T21:04:55.559+0000] {logging_mixin.py:190} INFO - [2024-09-04T21:04:55.559+0000] {dag.py:4138} INFO - Setting next_dagrun for example_subdag_operator.section-1 to None, run_after=None
[2024-09-04T21:04:55.560+0000] {logging_mixin.py:190} INFO - [2024-09-04T21:04:55.560+0000] {dag.py:4138} INFO - Setting next_dagrun for example_subdag_operator.section-2 to None, run_after=None
[2024-09-04T21:04:55.576+0000] {processor.py:208} INFO - Processing /home/airflow/.local/lib/python3.12/site-packages/airflow/example_dags/example_subdag_operator.py took 0.135 seconds
[2024-09-04T21:05:26.443+0000] {processor.py:186} INFO - Started process (PID=731) to work on /home/airflow/.local/lib/python3.12/site-packages/airflow/example_dags/example_subdag_operator.py
[2024-09-04T21:05:26.445+0000] {processor.py:914} INFO - Processing file /home/airflow/.local/lib/python3.12/site-packages/airflow/example_dags/example_subdag_operator.py for tasks to queue
[2024-09-04T21:05:26.450+0000] {logging_mixin.py:190} INFO - [2024-09-04T21:05:26.449+0000] {dagbag.py:587} INFO - Filling up the DagBag from /home/airflow/.local/lib/python3.12/site-packages/airflow/example_dags/example_subdag_operator.py
[2024-09-04T21:05:26.496+0000] {processor.py:925} INFO - DAG(s) 'example_subdag_operator.section-1', 'example_subdag_operator.section-2', 'example_subdag_operator' retrieved from /home/airflow/.local/lib/python3.12/site-packages/airflow/example_dags/example_subdag_operator.py
[2024-09-04T21:05:26.527+0000] {logging_mixin.py:190} INFO - [2024-09-04T21:05:26.527+0000] {dag.py:3211} INFO - Sync 3 DAGs
[2024-09-04T21:05:26.574+0000] {logging_mixin.py:190} INFO - [2024-09-04T21:05:26.574+0000] {dag.py:4138} INFO - Setting next_dagrun for example_subdag_operator to 2022-01-01 00:00:00+00:00, run_after=2022-01-01 00:00:00+00:00
[2024-09-04T21:05:26.582+0000] {logging_mixin.py:190} INFO - [2024-09-04T21:05:26.581+0000] {dag.py:4138} INFO - Setting next_dagrun for example_subdag_operator.section-1 to None, run_after=None
[2024-09-04T21:05:26.585+0000] {logging_mixin.py:190} INFO - [2024-09-04T21:05:26.584+0000] {dag.py:4138} INFO - Setting next_dagrun for example_subdag_operator.section-2 to None, run_after=None
[2024-09-04T21:05:26.600+0000] {logging_mixin.py:190} INFO - [2024-09-04T21:05:26.599+0000] {dag.py:3211} INFO - Sync 2 DAGs
[2024-09-04T21:05:26.610+0000] {logging_mixin.py:190} INFO - [2024-09-04T21:05:26.610+0000] {dag.py:4138} INFO - Setting next_dagrun for example_subdag_operator.section-1 to None, run_after=None
[2024-09-04T21:05:26.612+0000] {logging_mixin.py:190} INFO - [2024-09-04T21:05:26.611+0000] {dag.py:4138} INFO - Setting next_dagrun for example_subdag_operator.section-2 to None, run_after=None
[2024-09-04T21:05:26.633+0000] {processor.py:208} INFO - Processing /home/airflow/.local/lib/python3.12/site-packages/airflow/example_dags/example_subdag_operator.py took 0.201 seconds
[2024-09-04T21:05:57.475+0000] {processor.py:186} INFO - Started process (PID=793) to work on /home/airflow/.local/lib/python3.12/site-packages/airflow/example_dags/example_subdag_operator.py
[2024-09-04T21:05:57.476+0000] {processor.py:914} INFO - Processing file /home/airflow/.local/lib/python3.12/site-packages/airflow/example_dags/example_subdag_operator.py for tasks to queue
[2024-09-04T21:05:57.478+0000] {logging_mixin.py:190} INFO - [2024-09-04T21:05:57.478+0000] {dagbag.py:587} INFO - Filling up the DagBag from /home/airflow/.local/lib/python3.12/site-packages/airflow/example_dags/example_subdag_operator.py
[2024-09-04T21:05:57.501+0000] {processor.py:925} INFO - DAG(s) 'example_subdag_operator.section-1', 'example_subdag_operator.section-2', 'example_subdag_operator' retrieved from /home/airflow/.local/lib/python3.12/site-packages/airflow/example_dags/example_subdag_operator.py
[2024-09-04T21:05:57.517+0000] {logging_mixin.py:190} INFO - [2024-09-04T21:05:57.516+0000] {dag.py:3211} INFO - Sync 3 DAGs
[2024-09-04T21:05:57.538+0000] {logging_mixin.py:190} INFO - [2024-09-04T21:05:57.538+0000] {dag.py:4138} INFO - Setting next_dagrun for example_subdag_operator to 2022-01-01 00:00:00+00:00, run_after=2022-01-01 00:00:00+00:00
[2024-09-04T21:05:57.541+0000] {logging_mixin.py:190} INFO - [2024-09-04T21:05:57.541+0000] {dag.py:4138} INFO - Setting next_dagrun for example_subdag_operator.section-1 to None, run_after=None
[2024-09-04T21:05:57.543+0000] {logging_mixin.py:190} INFO - [2024-09-04T21:05:57.543+0000] {dag.py:4138} INFO - Setting next_dagrun for example_subdag_operator.section-2 to None, run_after=None
[2024-09-04T21:05:57.549+0000] {logging_mixin.py:190} INFO - [2024-09-04T21:05:57.549+0000] {dag.py:3211} INFO - Sync 2 DAGs
[2024-09-04T21:05:57.555+0000] {logging_mixin.py:190} INFO - [2024-09-04T21:05:57.554+0000] {dag.py:4138} INFO - Setting next_dagrun for example_subdag_operator.section-1 to None, run_after=None
[2024-09-04T21:05:57.556+0000] {logging_mixin.py:190} INFO - [2024-09-04T21:05:57.556+0000] {dag.py:4138} INFO - Setting next_dagrun for example_subdag_operator.section-2 to None, run_after=None
[2024-09-04T21:05:57.568+0000] {processor.py:208} INFO - Processing /home/airflow/.local/lib/python3.12/site-packages/airflow/example_dags/example_subdag_operator.py took 0.097 seconds
[2024-09-04T21:06:29.310+0000] {processor.py:186} INFO - Started process (PID=854) to work on /home/airflow/.local/lib/python3.12/site-packages/airflow/example_dags/example_subdag_operator.py
[2024-09-04T21:06:29.322+0000] {processor.py:914} INFO - Processing file /home/airflow/.local/lib/python3.12/site-packages/airflow/example_dags/example_subdag_operator.py for tasks to queue
[2024-09-04T21:06:29.343+0000] {logging_mixin.py:190} INFO - [2024-09-04T21:06:29.342+0000] {dagbag.py:587} INFO - Filling up the DagBag from /home/airflow/.local/lib/python3.12/site-packages/airflow/example_dags/example_subdag_operator.py
[2024-09-04T21:06:29.557+0000] {processor.py:925} INFO - DAG(s) 'example_subdag_operator.section-1', 'example_subdag_operator.section-2', 'example_subdag_operator' retrieved from /home/airflow/.local/lib/python3.12/site-packages/airflow/example_dags/example_subdag_operator.py
[2024-09-04T21:06:29.688+0000] {logging_mixin.py:190} INFO - [2024-09-04T21:06:29.687+0000] {dag.py:3211} INFO - Sync 3 DAGs
[2024-09-04T21:06:29.838+0000] {logging_mixin.py:190} INFO - [2024-09-04T21:06:29.837+0000] {dag.py:4138} INFO - Setting next_dagrun for example_subdag_operator to 2022-01-01 00:00:00+00:00, run_after=2022-01-01 00:00:00+00:00
[2024-09-04T21:06:29.890+0000] {logging_mixin.py:190} INFO - [2024-09-04T21:06:29.889+0000] {dag.py:4138} INFO - Setting next_dagrun for example_subdag_operator.section-1 to None, run_after=None
[2024-09-04T21:06:29.906+0000] {logging_mixin.py:190} INFO - [2024-09-04T21:06:29.905+0000] {dag.py:4138} INFO - Setting next_dagrun for example_subdag_operator.section-2 to None, run_after=None
[2024-09-04T21:06:29.984+0000] {logging_mixin.py:190} INFO - [2024-09-04T21:06:29.983+0000] {dag.py:3211} INFO - Sync 2 DAGs
[2024-09-04T21:06:30.032+0000] {logging_mixin.py:190} INFO - [2024-09-04T21:06:30.031+0000] {dag.py:4138} INFO - Setting next_dagrun for example_subdag_operator.section-1 to None, run_after=None
[2024-09-04T21:06:30.050+0000] {logging_mixin.py:190} INFO - [2024-09-04T21:06:30.049+0000] {dag.py:4138} INFO - Setting next_dagrun for example_subdag_operator.section-2 to None, run_after=None
[2024-09-04T21:06:30.129+0000] {processor.py:208} INFO - Processing /home/airflow/.local/lib/python3.12/site-packages/airflow/example_dags/example_subdag_operator.py took 0.857 seconds
[2024-09-04T21:07:00.817+0000] {processor.py:186} INFO - Started process (PID=916) to work on /home/airflow/.local/lib/python3.12/site-packages/airflow/example_dags/example_subdag_operator.py
[2024-09-04T21:07:00.820+0000] {processor.py:914} INFO - Processing file /home/airflow/.local/lib/python3.12/site-packages/airflow/example_dags/example_subdag_operator.py for tasks to queue
[2024-09-04T21:07:00.824+0000] {logging_mixin.py:190} INFO - [2024-09-04T21:07:00.824+0000] {dagbag.py:587} INFO - Filling up the DagBag from /home/airflow/.local/lib/python3.12/site-packages/airflow/example_dags/example_subdag_operator.py
[2024-09-04T21:07:00.873+0000] {processor.py:925} INFO - DAG(s) 'example_subdag_operator.section-1', 'example_subdag_operator.section-2', 'example_subdag_operator' retrieved from /home/airflow/.local/lib/python3.12/site-packages/airflow/example_dags/example_subdag_operator.py
[2024-09-04T21:07:00.911+0000] {logging_mixin.py:190} INFO - [2024-09-04T21:07:00.911+0000] {dag.py:3211} INFO - Sync 3 DAGs
[2024-09-04T21:07:00.941+0000] {logging_mixin.py:190} INFO - [2024-09-04T21:07:00.941+0000] {dag.py:4138} INFO - Setting next_dagrun for example_subdag_operator to 2022-01-01 00:00:00+00:00, run_after=2022-01-01 00:00:00+00:00
[2024-09-04T21:07:00.949+0000] {logging_mixin.py:190} INFO - [2024-09-04T21:07:00.948+0000] {dag.py:4138} INFO - Setting next_dagrun for example_subdag_operator.section-1 to None, run_after=None
[2024-09-04T21:07:00.953+0000] {logging_mixin.py:190} INFO - [2024-09-04T21:07:00.952+0000] {dag.py:4138} INFO - Setting next_dagrun for example_subdag_operator.section-2 to None, run_after=None
[2024-09-04T21:07:00.961+0000] {logging_mixin.py:190} INFO - [2024-09-04T21:07:00.961+0000] {dag.py:3211} INFO - Sync 2 DAGs
[2024-09-04T21:07:00.973+0000] {logging_mixin.py:190} INFO - [2024-09-04T21:07:00.972+0000] {dag.py:4138} INFO - Setting next_dagrun for example_subdag_operator.section-1 to None, run_after=None
[2024-09-04T21:07:00.974+0000] {logging_mixin.py:190} INFO - [2024-09-04T21:07:00.973+0000] {dag.py:4138} INFO - Setting next_dagrun for example_subdag_operator.section-2 to None, run_after=None
[2024-09-04T21:07:00.991+0000] {processor.py:208} INFO - Processing /home/airflow/.local/lib/python3.12/site-packages/airflow/example_dags/example_subdag_operator.py took 0.183 seconds
[2024-09-04T21:07:31.072+0000] {processor.py:186} INFO - Started process (PID=978) to work on /home/airflow/.local/lib/python3.12/site-packages/airflow/example_dags/example_subdag_operator.py
[2024-09-04T21:07:31.073+0000] {processor.py:914} INFO - Processing file /home/airflow/.local/lib/python3.12/site-packages/airflow/example_dags/example_subdag_operator.py for tasks to queue
[2024-09-04T21:07:31.081+0000] {logging_mixin.py:190} INFO - [2024-09-04T21:07:31.081+0000] {dagbag.py:587} INFO - Filling up the DagBag from /home/airflow/.local/lib/python3.12/site-packages/airflow/example_dags/example_subdag_operator.py
[2024-09-04T21:07:31.178+0000] {processor.py:925} INFO - DAG(s) 'example_subdag_operator.section-1', 'example_subdag_operator.section-2', 'example_subdag_operator' retrieved from /home/airflow/.local/lib/python3.12/site-packages/airflow/example_dags/example_subdag_operator.py
[2024-09-04T21:07:31.217+0000] {logging_mixin.py:190} INFO - [2024-09-04T21:07:31.216+0000] {dag.py:3211} INFO - Sync 3 DAGs
[2024-09-04T21:07:31.273+0000] {logging_mixin.py:190} INFO - [2024-09-04T21:07:31.273+0000] {dag.py:4138} INFO - Setting next_dagrun for example_subdag_operator to 2022-01-01 00:00:00+00:00, run_after=2022-01-01 00:00:00+00:00
[2024-09-04T21:07:31.298+0000] {logging_mixin.py:190} INFO - [2024-09-04T21:07:31.298+0000] {dag.py:4138} INFO - Setting next_dagrun for example_subdag_operator.section-1 to None, run_after=None
[2024-09-04T21:07:31.301+0000] {logging_mixin.py:190} INFO - [2024-09-04T21:07:31.301+0000] {dag.py:4138} INFO - Setting next_dagrun for example_subdag_operator.section-2 to None, run_after=None
[2024-09-04T21:07:31.355+0000] {logging_mixin.py:190} INFO - [2024-09-04T21:07:31.354+0000] {dag.py:3211} INFO - Sync 2 DAGs
[2024-09-04T21:07:31.386+0000] {logging_mixin.py:190} INFO - [2024-09-04T21:07:31.386+0000] {dag.py:4138} INFO - Setting next_dagrun for example_subdag_operator.section-1 to None, run_after=None
[2024-09-04T21:07:31.387+0000] {logging_mixin.py:190} INFO - [2024-09-04T21:07:31.387+0000] {dag.py:4138} INFO - Setting next_dagrun for example_subdag_operator.section-2 to None, run_after=None
[2024-09-04T21:07:31.433+0000] {processor.py:208} INFO - Processing /home/airflow/.local/lib/python3.12/site-packages/airflow/example_dags/example_subdag_operator.py took 0.370 seconds
[2024-09-04T21:08:02.310+0000] {processor.py:186} INFO - Started process (PID=1041) to work on /home/airflow/.local/lib/python3.12/site-packages/airflow/example_dags/example_subdag_operator.py
[2024-09-04T21:08:02.311+0000] {processor.py:914} INFO - Processing file /home/airflow/.local/lib/python3.12/site-packages/airflow/example_dags/example_subdag_operator.py for tasks to queue
[2024-09-04T21:08:02.314+0000] {logging_mixin.py:190} INFO - [2024-09-04T21:08:02.314+0000] {dagbag.py:587} INFO - Filling up the DagBag from /home/airflow/.local/lib/python3.12/site-packages/airflow/example_dags/example_subdag_operator.py
[2024-09-04T21:08:02.341+0000] {processor.py:925} INFO - DAG(s) 'example_subdag_operator.section-1', 'example_subdag_operator.section-2', 'example_subdag_operator' retrieved from /home/airflow/.local/lib/python3.12/site-packages/airflow/example_dags/example_subdag_operator.py
[2024-09-04T21:08:02.357+0000] {logging_mixin.py:190} INFO - [2024-09-04T21:08:02.357+0000] {dag.py:3211} INFO - Sync 3 DAGs
[2024-09-04T21:08:02.386+0000] {logging_mixin.py:190} INFO - [2024-09-04T21:08:02.385+0000] {dag.py:4138} INFO - Setting next_dagrun for example_subdag_operator to 2022-01-01 00:00:00+00:00, run_after=2022-01-01 00:00:00+00:00
[2024-09-04T21:08:02.389+0000] {logging_mixin.py:190} INFO - [2024-09-04T21:08:02.389+0000] {dag.py:4138} INFO - Setting next_dagrun for example_subdag_operator.section-1 to None, run_after=None
[2024-09-04T21:08:02.391+0000] {logging_mixin.py:190} INFO - [2024-09-04T21:08:02.391+0000] {dag.py:4138} INFO - Setting next_dagrun for example_subdag_operator.section-2 to None, run_after=None
[2024-09-04T21:08:02.398+0000] {logging_mixin.py:190} INFO - [2024-09-04T21:08:02.397+0000] {dag.py:3211} INFO - Sync 2 DAGs
[2024-09-04T21:08:02.404+0000] {logging_mixin.py:190} INFO - [2024-09-04T21:08:02.404+0000] {dag.py:4138} INFO - Setting next_dagrun for example_subdag_operator.section-1 to None, run_after=None
[2024-09-04T21:08:02.405+0000] {logging_mixin.py:190} INFO - [2024-09-04T21:08:02.405+0000] {dag.py:4138} INFO - Setting next_dagrun for example_subdag_operator.section-2 to None, run_after=None
[2024-09-04T21:08:02.418+0000] {processor.py:208} INFO - Processing /home/airflow/.local/lib/python3.12/site-packages/airflow/example_dags/example_subdag_operator.py took 0.116 seconds
[2024-09-04T21:08:33.016+0000] {processor.py:186} INFO - Started process (PID=1103) to work on /home/airflow/.local/lib/python3.12/site-packages/airflow/example_dags/example_subdag_operator.py
[2024-09-04T21:08:33.017+0000] {processor.py:914} INFO - Processing file /home/airflow/.local/lib/python3.12/site-packages/airflow/example_dags/example_subdag_operator.py for tasks to queue
[2024-09-04T21:08:33.019+0000] {logging_mixin.py:190} INFO - [2024-09-04T21:08:33.019+0000] {dagbag.py:587} INFO - Filling up the DagBag from /home/airflow/.local/lib/python3.12/site-packages/airflow/example_dags/example_subdag_operator.py
[2024-09-04T21:08:33.042+0000] {processor.py:925} INFO - DAG(s) 'example_subdag_operator.section-1', 'example_subdag_operator.section-2', 'example_subdag_operator' retrieved from /home/airflow/.local/lib/python3.12/site-packages/airflow/example_dags/example_subdag_operator.py
[2024-09-04T21:08:33.055+0000] {logging_mixin.py:190} INFO - [2024-09-04T21:08:33.055+0000] {dag.py:3211} INFO - Sync 3 DAGs
[2024-09-04T21:08:33.073+0000] {logging_mixin.py:190} INFO - [2024-09-04T21:08:33.073+0000] {dag.py:4138} INFO - Setting next_dagrun for example_subdag_operator to 2022-01-01 00:00:00+00:00, run_after=2022-01-01 00:00:00+00:00
[2024-09-04T21:08:33.077+0000] {logging_mixin.py:190} INFO - [2024-09-04T21:08:33.077+0000] {dag.py:4138} INFO - Setting next_dagrun for example_subdag_operator.section-1 to None, run_after=None
[2024-09-04T21:08:33.079+0000] {logging_mixin.py:190} INFO - [2024-09-04T21:08:33.079+0000] {dag.py:4138} INFO - Setting next_dagrun for example_subdag_operator.section-2 to None, run_after=None
[2024-09-04T21:08:33.085+0000] {logging_mixin.py:190} INFO - [2024-09-04T21:08:33.085+0000] {dag.py:3211} INFO - Sync 2 DAGs
[2024-09-04T21:08:33.091+0000] {logging_mixin.py:190} INFO - [2024-09-04T21:08:33.091+0000] {dag.py:4138} INFO - Setting next_dagrun for example_subdag_operator.section-1 to None, run_after=None
[2024-09-04T21:08:33.092+0000] {logging_mixin.py:190} INFO - [2024-09-04T21:08:33.092+0000] {dag.py:4138} INFO - Setting next_dagrun for example_subdag_operator.section-2 to None, run_after=None
[2024-09-04T21:08:33.105+0000] {processor.py:208} INFO - Processing /home/airflow/.local/lib/python3.12/site-packages/airflow/example_dags/example_subdag_operator.py took 0.094 seconds
[2024-09-04T21:09:03.502+0000] {processor.py:186} INFO - Started process (PID=1165) to work on /home/airflow/.local/lib/python3.12/site-packages/airflow/example_dags/example_subdag_operator.py
[2024-09-04T21:09:03.503+0000] {processor.py:914} INFO - Processing file /home/airflow/.local/lib/python3.12/site-packages/airflow/example_dags/example_subdag_operator.py for tasks to queue
[2024-09-04T21:09:03.505+0000] {logging_mixin.py:190} INFO - [2024-09-04T21:09:03.505+0000] {dagbag.py:587} INFO - Filling up the DagBag from /home/airflow/.local/lib/python3.12/site-packages/airflow/example_dags/example_subdag_operator.py
[2024-09-04T21:09:03.531+0000] {processor.py:925} INFO - DAG(s) 'example_subdag_operator.section-1', 'example_subdag_operator.section-2', 'example_subdag_operator' retrieved from /home/airflow/.local/lib/python3.12/site-packages/airflow/example_dags/example_subdag_operator.py
[2024-09-04T21:09:03.544+0000] {logging_mixin.py:190} INFO - [2024-09-04T21:09:03.544+0000] {dag.py:3211} INFO - Sync 3 DAGs
[2024-09-04T21:09:03.566+0000] {logging_mixin.py:190} INFO - [2024-09-04T21:09:03.565+0000] {dag.py:4138} INFO - Setting next_dagrun for example_subdag_operator to 2022-01-01 00:00:00+00:00, run_after=2022-01-01 00:00:00+00:00
[2024-09-04T21:09:03.569+0000] {logging_mixin.py:190} INFO - [2024-09-04T21:09:03.569+0000] {dag.py:4138} INFO - Setting next_dagrun for example_subdag_operator.section-1 to None, run_after=None
[2024-09-04T21:09:03.571+0000] {logging_mixin.py:190} INFO - [2024-09-04T21:09:03.571+0000] {dag.py:4138} INFO - Setting next_dagrun for example_subdag_operator.section-2 to None, run_after=None
[2024-09-04T21:09:03.577+0000] {logging_mixin.py:190} INFO - [2024-09-04T21:09:03.577+0000] {dag.py:3211} INFO - Sync 2 DAGs
[2024-09-04T21:09:03.583+0000] {logging_mixin.py:190} INFO - [2024-09-04T21:09:03.583+0000] {dag.py:4138} INFO - Setting next_dagrun for example_subdag_operator.section-1 to None, run_after=None
[2024-09-04T21:09:03.584+0000] {logging_mixin.py:190} INFO - [2024-09-04T21:09:03.584+0000] {dag.py:4138} INFO - Setting next_dagrun for example_subdag_operator.section-2 to None, run_after=None
[2024-09-04T21:09:03.597+0000] {processor.py:208} INFO - Processing /home/airflow/.local/lib/python3.12/site-packages/airflow/example_dags/example_subdag_operator.py took 0.100 seconds
[2024-09-04T21:09:33.948+0000] {processor.py:186} INFO - Started process (PID=1227) to work on /home/airflow/.local/lib/python3.12/site-packages/airflow/example_dags/example_subdag_operator.py
[2024-09-04T21:09:33.949+0000] {processor.py:914} INFO - Processing file /home/airflow/.local/lib/python3.12/site-packages/airflow/example_dags/example_subdag_operator.py for tasks to queue
[2024-09-04T21:09:33.951+0000] {logging_mixin.py:190} INFO - [2024-09-04T21:09:33.951+0000] {dagbag.py:587} INFO - Filling up the DagBag from /home/airflow/.local/lib/python3.12/site-packages/airflow/example_dags/example_subdag_operator.py
[2024-09-04T21:09:33.975+0000] {processor.py:925} INFO - DAG(s) 'example_subdag_operator.section-1', 'example_subdag_operator.section-2', 'example_subdag_operator' retrieved from /home/airflow/.local/lib/python3.12/site-packages/airflow/example_dags/example_subdag_operator.py
[2024-09-04T21:09:33.988+0000] {logging_mixin.py:190} INFO - [2024-09-04T21:09:33.987+0000] {dag.py:3211} INFO - Sync 3 DAGs
[2024-09-04T21:09:34.006+0000] {logging_mixin.py:190} INFO - [2024-09-04T21:09:34.006+0000] {dag.py:4138} INFO - Setting next_dagrun for example_subdag_operator to 2022-01-01 00:00:00+00:00, run_after=2022-01-01 00:00:00+00:00
[2024-09-04T21:09:34.010+0000] {logging_mixin.py:190} INFO - [2024-09-04T21:09:34.010+0000] {dag.py:4138} INFO - Setting next_dagrun for example_subdag_operator.section-1 to None, run_after=None
[2024-09-04T21:09:34.012+0000] {logging_mixin.py:190} INFO - [2024-09-04T21:09:34.011+0000] {dag.py:4138} INFO - Setting next_dagrun for example_subdag_operator.section-2 to None, run_after=None
[2024-09-04T21:09:34.018+0000] {logging_mixin.py:190} INFO - [2024-09-04T21:09:34.018+0000] {dag.py:3211} INFO - Sync 2 DAGs
[2024-09-04T21:09:34.023+0000] {logging_mixin.py:190} INFO - [2024-09-04T21:09:34.023+0000] {dag.py:4138} INFO - Setting next_dagrun for example_subdag_operator.section-1 to None, run_after=None
[2024-09-04T21:09:34.024+0000] {logging_mixin.py:190} INFO - [2024-09-04T21:09:34.024+0000] {dag.py:4138} INFO - Setting next_dagrun for example_subdag_operator.section-2 to None, run_after=None
[2024-09-04T21:09:34.037+0000] {processor.py:208} INFO - Processing /home/airflow/.local/lib/python3.12/site-packages/airflow/example_dags/example_subdag_operator.py took 0.094 seconds
[2024-09-04T21:10:04.385+0000] {processor.py:186} INFO - Started process (PID=1289) to work on /home/airflow/.local/lib/python3.12/site-packages/airflow/example_dags/example_subdag_operator.py
[2024-09-04T21:10:04.386+0000] {processor.py:914} INFO - Processing file /home/airflow/.local/lib/python3.12/site-packages/airflow/example_dags/example_subdag_operator.py for tasks to queue
[2024-09-04T21:10:04.388+0000] {logging_mixin.py:190} INFO - [2024-09-04T21:10:04.387+0000] {dagbag.py:587} INFO - Filling up the DagBag from /home/airflow/.local/lib/python3.12/site-packages/airflow/example_dags/example_subdag_operator.py
[2024-09-04T21:10:04.413+0000] {processor.py:925} INFO - DAG(s) 'example_subdag_operator.section-1', 'example_subdag_operator.section-2', 'example_subdag_operator' retrieved from /home/airflow/.local/lib/python3.12/site-packages/airflow/example_dags/example_subdag_operator.py
[2024-09-04T21:10:04.425+0000] {logging_mixin.py:190} INFO - [2024-09-04T21:10:04.425+0000] {dag.py:3211} INFO - Sync 3 DAGs
[2024-09-04T21:10:04.444+0000] {logging_mixin.py:190} INFO - [2024-09-04T21:10:04.444+0000] {dag.py:4138} INFO - Setting next_dagrun for example_subdag_operator to 2022-01-01 00:00:00+00:00, run_after=2022-01-01 00:00:00+00:00
[2024-09-04T21:10:04.448+0000] {logging_mixin.py:190} INFO - [2024-09-04T21:10:04.447+0000] {dag.py:4138} INFO - Setting next_dagrun for example_subdag_operator.section-1 to None, run_after=None
[2024-09-04T21:10:04.449+0000] {logging_mixin.py:190} INFO - [2024-09-04T21:10:04.449+0000] {dag.py:4138} INFO - Setting next_dagrun for example_subdag_operator.section-2 to None, run_after=None
[2024-09-04T21:10:04.456+0000] {logging_mixin.py:190} INFO - [2024-09-04T21:10:04.456+0000] {dag.py:3211} INFO - Sync 2 DAGs
[2024-09-04T21:10:04.461+0000] {logging_mixin.py:190} INFO - [2024-09-04T21:10:04.461+0000] {dag.py:4138} INFO - Setting next_dagrun for example_subdag_operator.section-1 to None, run_after=None
[2024-09-04T21:10:04.462+0000] {logging_mixin.py:190} INFO - [2024-09-04T21:10:04.462+0000] {dag.py:4138} INFO - Setting next_dagrun for example_subdag_operator.section-2 to None, run_after=None
[2024-09-04T21:10:04.476+0000] {processor.py:208} INFO - Processing /home/airflow/.local/lib/python3.12/site-packages/airflow/example_dags/example_subdag_operator.py took 0.096 seconds
[2024-09-04T21:10:35.012+0000] {processor.py:186} INFO - Started process (PID=1352) to work on /home/airflow/.local/lib/python3.12/site-packages/airflow/example_dags/example_subdag_operator.py
[2024-09-04T21:10:35.013+0000] {processor.py:914} INFO - Processing file /home/airflow/.local/lib/python3.12/site-packages/airflow/example_dags/example_subdag_operator.py for tasks to queue
[2024-09-04T21:10:35.016+0000] {logging_mixin.py:190} INFO - [2024-09-04T21:10:35.015+0000] {dagbag.py:587} INFO - Filling up the DagBag from /home/airflow/.local/lib/python3.12/site-packages/airflow/example_dags/example_subdag_operator.py
[2024-09-04T21:10:35.048+0000] {processor.py:925} INFO - DAG(s) 'example_subdag_operator.section-1', 'example_subdag_operator.section-2', 'example_subdag_operator' retrieved from /home/airflow/.local/lib/python3.12/site-packages/airflow/example_dags/example_subdag_operator.py
[2024-09-04T21:10:35.070+0000] {logging_mixin.py:190} INFO - [2024-09-04T21:10:35.070+0000] {dag.py:3211} INFO - Sync 3 DAGs
[2024-09-04T21:10:35.098+0000] {logging_mixin.py:190} INFO - [2024-09-04T21:10:35.097+0000] {dag.py:4138} INFO - Setting next_dagrun for example_subdag_operator to 2022-01-01 00:00:00+00:00, run_after=2022-01-01 00:00:00+00:00
[2024-09-04T21:10:35.103+0000] {logging_mixin.py:190} INFO - [2024-09-04T21:10:35.103+0000] {dag.py:4138} INFO - Setting next_dagrun for example_subdag_operator.section-1 to None, run_after=None
[2024-09-04T21:10:35.105+0000] {logging_mixin.py:190} INFO - [2024-09-04T21:10:35.105+0000] {dag.py:4138} INFO - Setting next_dagrun for example_subdag_operator.section-2 to None, run_after=None
[2024-09-04T21:10:35.116+0000] {logging_mixin.py:190} INFO - [2024-09-04T21:10:35.116+0000] {dag.py:3211} INFO - Sync 2 DAGs
[2024-09-04T21:10:35.121+0000] {logging_mixin.py:190} INFO - [2024-09-04T21:10:35.121+0000] {dag.py:4138} INFO - Setting next_dagrun for example_subdag_operator.section-1 to None, run_after=None
[2024-09-04T21:10:35.122+0000] {logging_mixin.py:190} INFO - [2024-09-04T21:10:35.122+0000] {dag.py:4138} INFO - Setting next_dagrun for example_subdag_operator.section-2 to None, run_after=None
[2024-09-04T21:10:35.137+0000] {processor.py:208} INFO - Processing /home/airflow/.local/lib/python3.12/site-packages/airflow/example_dags/example_subdag_operator.py took 0.133 seconds
[2024-09-04T21:11:05.506+0000] {processor.py:186} INFO - Started process (PID=1415) to work on /home/airflow/.local/lib/python3.12/site-packages/airflow/example_dags/example_subdag_operator.py
[2024-09-04T21:11:05.507+0000] {processor.py:914} INFO - Processing file /home/airflow/.local/lib/python3.12/site-packages/airflow/example_dags/example_subdag_operator.py for tasks to queue
[2024-09-04T21:11:05.510+0000] {logging_mixin.py:190} INFO - [2024-09-04T21:11:05.509+0000] {dagbag.py:587} INFO - Filling up the DagBag from /home/airflow/.local/lib/python3.12/site-packages/airflow/example_dags/example_subdag_operator.py
[2024-09-04T21:11:05.534+0000] {processor.py:925} INFO - DAG(s) 'example_subdag_operator.section-1', 'example_subdag_operator.section-2', 'example_subdag_operator' retrieved from /home/airflow/.local/lib/python3.12/site-packages/airflow/example_dags/example_subdag_operator.py
[2024-09-04T21:11:05.550+0000] {logging_mixin.py:190} INFO - [2024-09-04T21:11:05.550+0000] {dag.py:3211} INFO - Sync 3 DAGs
[2024-09-04T21:11:05.571+0000] {logging_mixin.py:190} INFO - [2024-09-04T21:11:05.571+0000] {dag.py:4138} INFO - Setting next_dagrun for example_subdag_operator to 2022-01-01 00:00:00+00:00, run_after=2022-01-01 00:00:00+00:00
[2024-09-04T21:11:05.574+0000] {logging_mixin.py:190} INFO - [2024-09-04T21:11:05.574+0000] {dag.py:4138} INFO - Setting next_dagrun for example_subdag_operator.section-1 to None, run_after=None
[2024-09-04T21:11:05.576+0000] {logging_mixin.py:190} INFO - [2024-09-04T21:11:05.576+0000] {dag.py:4138} INFO - Setting next_dagrun for example_subdag_operator.section-2 to None, run_after=None
[2024-09-04T21:11:05.584+0000] {logging_mixin.py:190} INFO - [2024-09-04T21:11:05.583+0000] {dag.py:3211} INFO - Sync 2 DAGs
[2024-09-04T21:11:05.589+0000] {logging_mixin.py:190} INFO - [2024-09-04T21:11:05.589+0000] {dag.py:4138} INFO - Setting next_dagrun for example_subdag_operator.section-1 to None, run_after=None
[2024-09-04T21:11:05.590+0000] {logging_mixin.py:190} INFO - [2024-09-04T21:11:05.590+0000] {dag.py:4138} INFO - Setting next_dagrun for example_subdag_operator.section-2 to None, run_after=None
[2024-09-04T21:11:05.603+0000] {processor.py:208} INFO - Processing /home/airflow/.local/lib/python3.12/site-packages/airflow/example_dags/example_subdag_operator.py took 0.102 seconds
[2024-09-04T21:11:35.758+0000] {processor.py:186} INFO - Started process (PID=1478) to work on /home/airflow/.local/lib/python3.12/site-packages/airflow/example_dags/example_subdag_operator.py
[2024-09-04T21:11:35.759+0000] {processor.py:914} INFO - Processing file /home/airflow/.local/lib/python3.12/site-packages/airflow/example_dags/example_subdag_operator.py for tasks to queue
[2024-09-04T21:11:35.761+0000] {logging_mixin.py:190} INFO - [2024-09-04T21:11:35.761+0000] {dagbag.py:587} INFO - Filling up the DagBag from /home/airflow/.local/lib/python3.12/site-packages/airflow/example_dags/example_subdag_operator.py
[2024-09-04T21:11:35.787+0000] {processor.py:925} INFO - DAG(s) 'example_subdag_operator.section-1', 'example_subdag_operator.section-2', 'example_subdag_operator' retrieved from /home/airflow/.local/lib/python3.12/site-packages/airflow/example_dags/example_subdag_operator.py
[2024-09-04T21:11:35.804+0000] {logging_mixin.py:190} INFO - [2024-09-04T21:11:35.804+0000] {dag.py:3211} INFO - Sync 3 DAGs
[2024-09-04T21:11:35.827+0000] {logging_mixin.py:190} INFO - [2024-09-04T21:11:35.827+0000] {dag.py:4138} INFO - Setting next_dagrun for example_subdag_operator to 2022-01-01 00:00:00+00:00, run_after=2022-01-01 00:00:00+00:00
[2024-09-04T21:11:35.831+0000] {logging_mixin.py:190} INFO - [2024-09-04T21:11:35.830+0000] {dag.py:4138} INFO - Setting next_dagrun for example_subdag_operator.section-1 to None, run_after=None
[2024-09-04T21:11:35.833+0000] {logging_mixin.py:190} INFO - [2024-09-04T21:11:35.832+0000] {dag.py:4138} INFO - Setting next_dagrun for example_subdag_operator.section-2 to None, run_after=None
[2024-09-04T21:11:35.840+0000] {logging_mixin.py:190} INFO - [2024-09-04T21:11:35.839+0000] {dag.py:3211} INFO - Sync 2 DAGs
[2024-09-04T21:11:35.845+0000] {logging_mixin.py:190} INFO - [2024-09-04T21:11:35.845+0000] {dag.py:4138} INFO - Setting next_dagrun for example_subdag_operator.section-1 to None, run_after=None
[2024-09-04T21:11:35.846+0000] {logging_mixin.py:190} INFO - [2024-09-04T21:11:35.846+0000] {dag.py:4138} INFO - Setting next_dagrun for example_subdag_operator.section-2 to None, run_after=None
[2024-09-04T21:11:35.858+0000] {processor.py:208} INFO - Processing /home/airflow/.local/lib/python3.12/site-packages/airflow/example_dags/example_subdag_operator.py took 0.105 seconds
[2024-09-04T21:12:05.944+0000] {processor.py:186} INFO - Started process (PID=1541) to work on /home/airflow/.local/lib/python3.12/site-packages/airflow/example_dags/example_subdag_operator.py
[2024-09-04T21:12:05.945+0000] {processor.py:914} INFO - Processing file /home/airflow/.local/lib/python3.12/site-packages/airflow/example_dags/example_subdag_operator.py for tasks to queue
[2024-09-04T21:12:05.947+0000] {logging_mixin.py:190} INFO - [2024-09-04T21:12:05.947+0000] {dagbag.py:587} INFO - Filling up the DagBag from /home/airflow/.local/lib/python3.12/site-packages/airflow/example_dags/example_subdag_operator.py
[2024-09-04T21:12:05.972+0000] {processor.py:925} INFO - DAG(s) 'example_subdag_operator.section-1', 'example_subdag_operator.section-2', 'example_subdag_operator' retrieved from /home/airflow/.local/lib/python3.12/site-packages/airflow/example_dags/example_subdag_operator.py
[2024-09-04T21:12:05.988+0000] {logging_mixin.py:190} INFO - [2024-09-04T21:12:05.987+0000] {dag.py:3211} INFO - Sync 3 DAGs
[2024-09-04T21:12:06.007+0000] {logging_mixin.py:190} INFO - [2024-09-04T21:12:06.007+0000] {dag.py:4138} INFO - Setting next_dagrun for example_subdag_operator to 2022-01-01 00:00:00+00:00, run_after=2022-01-01 00:00:00+00:00
[2024-09-04T21:12:06.011+0000] {logging_mixin.py:190} INFO - [2024-09-04T21:12:06.011+0000] {dag.py:4138} INFO - Setting next_dagrun for example_subdag_operator.section-1 to None, run_after=None
[2024-09-04T21:12:06.013+0000] {logging_mixin.py:190} INFO - [2024-09-04T21:12:06.013+0000] {dag.py:4138} INFO - Setting next_dagrun for example_subdag_operator.section-2 to None, run_after=None
[2024-09-04T21:12:06.020+0000] {logging_mixin.py:190} INFO - [2024-09-04T21:12:06.020+0000] {dag.py:3211} INFO - Sync 2 DAGs
[2024-09-04T21:12:06.026+0000] {logging_mixin.py:190} INFO - [2024-09-04T21:12:06.025+0000] {dag.py:4138} INFO - Setting next_dagrun for example_subdag_operator.section-1 to None, run_after=None
[2024-09-04T21:12:06.027+0000] {logging_mixin.py:190} INFO - [2024-09-04T21:12:06.026+0000] {dag.py:4138} INFO - Setting next_dagrun for example_subdag_operator.section-2 to None, run_after=None
[2024-09-04T21:12:06.042+0000] {processor.py:208} INFO - Processing /home/airflow/.local/lib/python3.12/site-packages/airflow/example_dags/example_subdag_operator.py took 0.103 seconds
[2024-09-04T21:12:36.821+0000] {processor.py:186} INFO - Started process (PID=1605) to work on /home/airflow/.local/lib/python3.12/site-packages/airflow/example_dags/example_subdag_operator.py
[2024-09-04T21:12:36.822+0000] {processor.py:914} INFO - Processing file /home/airflow/.local/lib/python3.12/site-packages/airflow/example_dags/example_subdag_operator.py for tasks to queue
[2024-09-04T21:12:36.824+0000] {logging_mixin.py:190} INFO - [2024-09-04T21:12:36.824+0000] {dagbag.py:587} INFO - Filling up the DagBag from /home/airflow/.local/lib/python3.12/site-packages/airflow/example_dags/example_subdag_operator.py
[2024-09-04T21:12:36.845+0000] {processor.py:925} INFO - DAG(s) 'example_subdag_operator.section-1', 'example_subdag_operator.section-2', 'example_subdag_operator' retrieved from /home/airflow/.local/lib/python3.12/site-packages/airflow/example_dags/example_subdag_operator.py
[2024-09-04T21:12:36.861+0000] {logging_mixin.py:190} INFO - [2024-09-04T21:12:36.861+0000] {dag.py:3211} INFO - Sync 3 DAGs
[2024-09-04T21:12:36.881+0000] {logging_mixin.py:190} INFO - [2024-09-04T21:12:36.880+0000] {dag.py:4138} INFO - Setting next_dagrun for example_subdag_operator to 2022-01-01 00:00:00+00:00, run_after=2022-01-01 00:00:00+00:00
[2024-09-04T21:12:36.884+0000] {logging_mixin.py:190} INFO - [2024-09-04T21:12:36.884+0000] {dag.py:4138} INFO - Setting next_dagrun for example_subdag_operator.section-1 to None, run_after=None
[2024-09-04T21:12:36.885+0000] {logging_mixin.py:190} INFO - [2024-09-04T21:12:36.885+0000] {dag.py:4138} INFO - Setting next_dagrun for example_subdag_operator.section-2 to None, run_after=None
[2024-09-04T21:12:36.892+0000] {logging_mixin.py:190} INFO - [2024-09-04T21:12:36.891+0000] {dag.py:3211} INFO - Sync 2 DAGs
[2024-09-04T21:12:36.898+0000] {logging_mixin.py:190} INFO - [2024-09-04T21:12:36.898+0000] {dag.py:4138} INFO - Setting next_dagrun for example_subdag_operator.section-1 to None, run_after=None
[2024-09-04T21:12:36.898+0000] {logging_mixin.py:190} INFO - [2024-09-04T21:12:36.898+0000] {dag.py:4138} INFO - Setting next_dagrun for example_subdag_operator.section-2 to None, run_after=None
[2024-09-04T21:12:36.913+0000] {processor.py:208} INFO - Processing /home/airflow/.local/lib/python3.12/site-packages/airflow/example_dags/example_subdag_operator.py took 0.097 seconds
[2024-09-04T21:13:07.737+0000] {processor.py:186} INFO - Started process (PID=1668) to work on /home/airflow/.local/lib/python3.12/site-packages/airflow/example_dags/example_subdag_operator.py
[2024-09-04T21:13:07.738+0000] {processor.py:914} INFO - Processing file /home/airflow/.local/lib/python3.12/site-packages/airflow/example_dags/example_subdag_operator.py for tasks to queue
[2024-09-04T21:13:07.740+0000] {logging_mixin.py:190} INFO - [2024-09-04T21:13:07.740+0000] {dagbag.py:587} INFO - Filling up the DagBag from /home/airflow/.local/lib/python3.12/site-packages/airflow/example_dags/example_subdag_operator.py
[2024-09-04T21:13:07.765+0000] {processor.py:925} INFO - DAG(s) 'example_subdag_operator.section-1', 'example_subdag_operator.section-2', 'example_subdag_operator' retrieved from /home/airflow/.local/lib/python3.12/site-packages/airflow/example_dags/example_subdag_operator.py
[2024-09-04T21:13:07.781+0000] {logging_mixin.py:190} INFO - [2024-09-04T21:13:07.780+0000] {dag.py:3211} INFO - Sync 3 DAGs
[2024-09-04T21:13:07.801+0000] {logging_mixin.py:190} INFO - [2024-09-04T21:13:07.800+0000] {dag.py:4138} INFO - Setting next_dagrun for example_subdag_operator to 2022-01-01 00:00:00+00:00, run_after=2022-01-01 00:00:00+00:00
[2024-09-04T21:13:07.804+0000] {logging_mixin.py:190} INFO - [2024-09-04T21:13:07.804+0000] {dag.py:4138} INFO - Setting next_dagrun for example_subdag_operator.section-1 to None, run_after=None
[2024-09-04T21:13:07.806+0000] {logging_mixin.py:190} INFO - [2024-09-04T21:13:07.806+0000] {dag.py:4138} INFO - Setting next_dagrun for example_subdag_operator.section-2 to None, run_after=None
[2024-09-04T21:13:07.813+0000] {logging_mixin.py:190} INFO - [2024-09-04T21:13:07.812+0000] {dag.py:3211} INFO - Sync 2 DAGs
[2024-09-04T21:13:07.818+0000] {logging_mixin.py:190} INFO - [2024-09-04T21:13:07.818+0000] {dag.py:4138} INFO - Setting next_dagrun for example_subdag_operator.section-1 to None, run_after=None
[2024-09-04T21:13:07.819+0000] {logging_mixin.py:190} INFO - [2024-09-04T21:13:07.819+0000] {dag.py:4138} INFO - Setting next_dagrun for example_subdag_operator.section-2 to None, run_after=None
[2024-09-04T21:13:07.831+0000] {processor.py:208} INFO - Processing /home/airflow/.local/lib/python3.12/site-packages/airflow/example_dags/example_subdag_operator.py took 0.100 seconds
[2024-09-04T21:13:37.882+0000] {processor.py:186} INFO - Started process (PID=1731) to work on /home/airflow/.local/lib/python3.12/site-packages/airflow/example_dags/example_subdag_operator.py
[2024-09-04T21:13:37.883+0000] {processor.py:914} INFO - Processing file /home/airflow/.local/lib/python3.12/site-packages/airflow/example_dags/example_subdag_operator.py for tasks to queue
[2024-09-04T21:13:37.886+0000] {logging_mixin.py:190} INFO - [2024-09-04T21:13:37.885+0000] {dagbag.py:587} INFO - Filling up the DagBag from /home/airflow/.local/lib/python3.12/site-packages/airflow/example_dags/example_subdag_operator.py
[2024-09-04T21:13:37.912+0000] {processor.py:925} INFO - DAG(s) 'example_subdag_operator.section-1', 'example_subdag_operator.section-2', 'example_subdag_operator' retrieved from /home/airflow/.local/lib/python3.12/site-packages/airflow/example_dags/example_subdag_operator.py
[2024-09-04T21:13:37.927+0000] {logging_mixin.py:190} INFO - [2024-09-04T21:13:37.927+0000] {dag.py:3211} INFO - Sync 3 DAGs
[2024-09-04T21:13:37.950+0000] {logging_mixin.py:190} INFO - [2024-09-04T21:13:37.950+0000] {dag.py:4138} INFO - Setting next_dagrun for example_subdag_operator to 2022-01-01 00:00:00+00:00, run_after=2022-01-01 00:00:00+00:00
[2024-09-04T21:13:37.954+0000] {logging_mixin.py:190} INFO - [2024-09-04T21:13:37.954+0000] {dag.py:4138} INFO - Setting next_dagrun for example_subdag_operator.section-1 to None, run_after=None
[2024-09-04T21:13:37.956+0000] {logging_mixin.py:190} INFO - [2024-09-04T21:13:37.956+0000] {dag.py:4138} INFO - Setting next_dagrun for example_subdag_operator.section-2 to None, run_after=None
[2024-09-04T21:13:37.963+0000] {logging_mixin.py:190} INFO - [2024-09-04T21:13:37.962+0000] {dag.py:3211} INFO - Sync 2 DAGs
[2024-09-04T21:13:37.969+0000] {logging_mixin.py:190} INFO - [2024-09-04T21:13:37.969+0000] {dag.py:4138} INFO - Setting next_dagrun for example_subdag_operator.section-1 to None, run_after=None
[2024-09-04T21:13:37.970+0000] {logging_mixin.py:190} INFO - [2024-09-04T21:13:37.969+0000] {dag.py:4138} INFO - Setting next_dagrun for example_subdag_operator.section-2 to None, run_after=None
[2024-09-04T21:13:37.983+0000] {processor.py:208} INFO - Processing /home/airflow/.local/lib/python3.12/site-packages/airflow/example_dags/example_subdag_operator.py took 0.107 seconds
[2024-09-04T21:14:08.666+0000] {processor.py:186} INFO - Started process (PID=1794) to work on /home/airflow/.local/lib/python3.12/site-packages/airflow/example_dags/example_subdag_operator.py
[2024-09-04T21:14:08.667+0000] {processor.py:914} INFO - Processing file /home/airflow/.local/lib/python3.12/site-packages/airflow/example_dags/example_subdag_operator.py for tasks to queue
[2024-09-04T21:14:08.670+0000] {logging_mixin.py:190} INFO - [2024-09-04T21:14:08.670+0000] {dagbag.py:587} INFO - Filling up the DagBag from /home/airflow/.local/lib/python3.12/site-packages/airflow/example_dags/example_subdag_operator.py
[2024-09-04T21:14:08.695+0000] {processor.py:925} INFO - DAG(s) 'example_subdag_operator.section-1', 'example_subdag_operator.section-2', 'example_subdag_operator' retrieved from /home/airflow/.local/lib/python3.12/site-packages/airflow/example_dags/example_subdag_operator.py
[2024-09-04T21:14:08.713+0000] {logging_mixin.py:190} INFO - [2024-09-04T21:14:08.712+0000] {dag.py:3211} INFO - Sync 3 DAGs
[2024-09-04T21:14:08.733+0000] {logging_mixin.py:190} INFO - [2024-09-04T21:14:08.733+0000] {dag.py:4138} INFO - Setting next_dagrun for example_subdag_operator to 2022-01-01 00:00:00+00:00, run_after=2022-01-01 00:00:00+00:00
[2024-09-04T21:14:08.738+0000] {logging_mixin.py:190} INFO - [2024-09-04T21:14:08.738+0000] {dag.py:4138} INFO - Setting next_dagrun for example_subdag_operator.section-1 to None, run_after=None
[2024-09-04T21:14:08.740+0000] {logging_mixin.py:190} INFO - [2024-09-04T21:14:08.740+0000] {dag.py:4138} INFO - Setting next_dagrun for example_subdag_operator.section-2 to None, run_after=None
[2024-09-04T21:14:08.747+0000] {logging_mixin.py:190} INFO - [2024-09-04T21:14:08.747+0000] {dag.py:3211} INFO - Sync 2 DAGs
[2024-09-04T21:14:08.753+0000] {logging_mixin.py:190} INFO - [2024-09-04T21:14:08.752+0000] {dag.py:4138} INFO - Setting next_dagrun for example_subdag_operator.section-1 to None, run_after=None
[2024-09-04T21:14:08.754+0000] {logging_mixin.py:190} INFO - [2024-09-04T21:14:08.753+0000] {dag.py:4138} INFO - Setting next_dagrun for example_subdag_operator.section-2 to None, run_after=None
[2024-09-04T21:14:08.767+0000] {processor.py:208} INFO - Processing /home/airflow/.local/lib/python3.12/site-packages/airflow/example_dags/example_subdag_operator.py took 0.108 seconds
[2024-09-04T21:14:39.424+0000] {processor.py:186} INFO - Started process (PID=1857) to work on /home/airflow/.local/lib/python3.12/site-packages/airflow/example_dags/example_subdag_operator.py
[2024-09-04T21:14:39.425+0000] {processor.py:914} INFO - Processing file /home/airflow/.local/lib/python3.12/site-packages/airflow/example_dags/example_subdag_operator.py for tasks to queue
[2024-09-04T21:14:39.428+0000] {logging_mixin.py:190} INFO - [2024-09-04T21:14:39.427+0000] {dagbag.py:587} INFO - Filling up the DagBag from /home/airflow/.local/lib/python3.12/site-packages/airflow/example_dags/example_subdag_operator.py
[2024-09-04T21:14:39.456+0000] {processor.py:925} INFO - DAG(s) 'example_subdag_operator.section-1', 'example_subdag_operator.section-2', 'example_subdag_operator' retrieved from /home/airflow/.local/lib/python3.12/site-packages/airflow/example_dags/example_subdag_operator.py
[2024-09-04T21:14:39.476+0000] {logging_mixin.py:190} INFO - [2024-09-04T21:14:39.476+0000] {dag.py:3211} INFO - Sync 3 DAGs
[2024-09-04T21:14:39.500+0000] {logging_mixin.py:190} INFO - [2024-09-04T21:14:39.499+0000] {dag.py:4138} INFO - Setting next_dagrun for example_subdag_operator to 2022-01-01 00:00:00+00:00, run_after=2022-01-01 00:00:00+00:00
[2024-09-04T21:14:39.504+0000] {logging_mixin.py:190} INFO - [2024-09-04T21:14:39.503+0000] {dag.py:4138} INFO - Setting next_dagrun for example_subdag_operator.section-1 to None, run_after=None
[2024-09-04T21:14:39.506+0000] {logging_mixin.py:190} INFO - [2024-09-04T21:14:39.505+0000] {dag.py:4138} INFO - Setting next_dagrun for example_subdag_operator.section-2 to None, run_after=None
[2024-09-04T21:14:39.513+0000] {logging_mixin.py:190} INFO - [2024-09-04T21:14:39.513+0000] {dag.py:3211} INFO - Sync 2 DAGs
[2024-09-04T21:14:39.519+0000] {logging_mixin.py:190} INFO - [2024-09-04T21:14:39.519+0000] {dag.py:4138} INFO - Setting next_dagrun for example_subdag_operator.section-1 to None, run_after=None
[2024-09-04T21:14:39.520+0000] {logging_mixin.py:190} INFO - [2024-09-04T21:14:39.520+0000] {dag.py:4138} INFO - Setting next_dagrun for example_subdag_operator.section-2 to None, run_after=None
[2024-09-04T21:14:39.533+0000] {processor.py:208} INFO - Processing /home/airflow/.local/lib/python3.12/site-packages/airflow/example_dags/example_subdag_operator.py took 0.116 seconds
[2024-09-04T21:15:11.296+0000] {processor.py:186} INFO - Started process (PID=1920) to work on /home/airflow/.local/lib/python3.12/site-packages/airflow/example_dags/example_subdag_operator.py
[2024-09-04T21:15:11.298+0000] {processor.py:914} INFO - Processing file /home/airflow/.local/lib/python3.12/site-packages/airflow/example_dags/example_subdag_operator.py for tasks to queue
[2024-09-04T21:15:11.304+0000] {logging_mixin.py:190} INFO - [2024-09-04T21:15:11.303+0000] {dagbag.py:587} INFO - Filling up the DagBag from /home/airflow/.local/lib/python3.12/site-packages/airflow/example_dags/example_subdag_operator.py
[2024-09-04T21:15:11.353+0000] {processor.py:925} INFO - DAG(s) 'example_subdag_operator.section-1', 'example_subdag_operator.section-2', 'example_subdag_operator' retrieved from /home/airflow/.local/lib/python3.12/site-packages/airflow/example_dags/example_subdag_operator.py
[2024-09-04T21:15:11.397+0000] {logging_mixin.py:190} INFO - [2024-09-04T21:15:11.396+0000] {dag.py:3211} INFO - Sync 3 DAGs
[2024-09-04T21:15:11.449+0000] {logging_mixin.py:190} INFO - [2024-09-04T21:15:11.448+0000] {dag.py:4138} INFO - Setting next_dagrun for example_subdag_operator to 2022-01-01 00:00:00+00:00, run_after=2022-01-01 00:00:00+00:00
[2024-09-04T21:15:11.457+0000] {logging_mixin.py:190} INFO - [2024-09-04T21:15:11.457+0000] {dag.py:4138} INFO - Setting next_dagrun for example_subdag_operator.section-1 to None, run_after=None
[2024-09-04T21:15:11.460+0000] {logging_mixin.py:190} INFO - [2024-09-04T21:15:11.460+0000] {dag.py:4138} INFO - Setting next_dagrun for example_subdag_operator.section-2 to None, run_after=None
[2024-09-04T21:15:11.474+0000] {logging_mixin.py:190} INFO - [2024-09-04T21:15:11.474+0000] {dag.py:3211} INFO - Sync 2 DAGs
[2024-09-04T21:15:11.485+0000] {logging_mixin.py:190} INFO - [2024-09-04T21:15:11.485+0000] {dag.py:4138} INFO - Setting next_dagrun for example_subdag_operator.section-1 to None, run_after=None
[2024-09-04T21:15:11.487+0000] {logging_mixin.py:190} INFO - [2024-09-04T21:15:11.487+0000] {dag.py:4138} INFO - Setting next_dagrun for example_subdag_operator.section-2 to None, run_after=None
[2024-09-04T21:15:11.508+0000] {processor.py:208} INFO - Processing /home/airflow/.local/lib/python3.12/site-packages/airflow/example_dags/example_subdag_operator.py took 0.229 seconds
[2024-09-04T21:15:41.593+0000] {processor.py:186} INFO - Started process (PID=1983) to work on /home/airflow/.local/lib/python3.12/site-packages/airflow/example_dags/example_subdag_operator.py
[2024-09-04T21:15:41.595+0000] {processor.py:914} INFO - Processing file /home/airflow/.local/lib/python3.12/site-packages/airflow/example_dags/example_subdag_operator.py for tasks to queue
[2024-09-04T21:15:41.600+0000] {logging_mixin.py:190} INFO - [2024-09-04T21:15:41.600+0000] {dagbag.py:587} INFO - Filling up the DagBag from /home/airflow/.local/lib/python3.12/site-packages/airflow/example_dags/example_subdag_operator.py
[2024-09-04T21:15:41.654+0000] {processor.py:925} INFO - DAG(s) 'example_subdag_operator.section-1', 'example_subdag_operator.section-2', 'example_subdag_operator' retrieved from /home/airflow/.local/lib/python3.12/site-packages/airflow/example_dags/example_subdag_operator.py
[2024-09-04T21:15:41.692+0000] {logging_mixin.py:190} INFO - [2024-09-04T21:15:41.691+0000] {dag.py:3211} INFO - Sync 3 DAGs
[2024-09-04T21:15:41.735+0000] {logging_mixin.py:190} INFO - [2024-09-04T21:15:41.734+0000] {dag.py:4138} INFO - Setting next_dagrun for example_subdag_operator to 2022-01-01 00:00:00+00:00, run_after=2022-01-01 00:00:00+00:00
[2024-09-04T21:15:41.744+0000] {logging_mixin.py:190} INFO - [2024-09-04T21:15:41.743+0000] {dag.py:4138} INFO - Setting next_dagrun for example_subdag_operator.section-1 to None, run_after=None
[2024-09-04T21:15:41.747+0000] {logging_mixin.py:190} INFO - [2024-09-04T21:15:41.747+0000] {dag.py:4138} INFO - Setting next_dagrun for example_subdag_operator.section-2 to None, run_after=None
[2024-09-04T21:15:41.761+0000] {logging_mixin.py:190} INFO - [2024-09-04T21:15:41.760+0000] {dag.py:3211} INFO - Sync 2 DAGs
[2024-09-04T21:15:41.771+0000] {logging_mixin.py:190} INFO - [2024-09-04T21:15:41.771+0000] {dag.py:4138} INFO - Setting next_dagrun for example_subdag_operator.section-1 to None, run_after=None
[2024-09-04T21:15:41.773+0000] {logging_mixin.py:190} INFO - [2024-09-04T21:15:41.772+0000] {dag.py:4138} INFO - Setting next_dagrun for example_subdag_operator.section-2 to None, run_after=None
[2024-09-04T21:15:41.796+0000] {processor.py:208} INFO - Processing /home/airflow/.local/lib/python3.12/site-packages/airflow/example_dags/example_subdag_operator.py took 0.215 seconds
[2024-09-04T21:16:11.856+0000] {processor.py:186} INFO - Started process (PID=2047) to work on /home/airflow/.local/lib/python3.12/site-packages/airflow/example_dags/example_subdag_operator.py
[2024-09-04T21:16:11.857+0000] {processor.py:914} INFO - Processing file /home/airflow/.local/lib/python3.12/site-packages/airflow/example_dags/example_subdag_operator.py for tasks to queue
[2024-09-04T21:16:11.859+0000] {logging_mixin.py:190} INFO - [2024-09-04T21:16:11.859+0000] {dagbag.py:587} INFO - Filling up the DagBag from /home/airflow/.local/lib/python3.12/site-packages/airflow/example_dags/example_subdag_operator.py
[2024-09-04T21:16:11.882+0000] {processor.py:925} INFO - DAG(s) 'example_subdag_operator.section-1', 'example_subdag_operator.section-2', 'example_subdag_operator' retrieved from /home/airflow/.local/lib/python3.12/site-packages/airflow/example_dags/example_subdag_operator.py
[2024-09-04T21:16:11.898+0000] {logging_mixin.py:190} INFO - [2024-09-04T21:16:11.898+0000] {dag.py:3211} INFO - Sync 3 DAGs
[2024-09-04T21:16:11.918+0000] {logging_mixin.py:190} INFO - [2024-09-04T21:16:11.917+0000] {dag.py:4138} INFO - Setting next_dagrun for example_subdag_operator to 2022-01-01 00:00:00+00:00, run_after=2022-01-01 00:00:00+00:00
[2024-09-04T21:16:11.922+0000] {logging_mixin.py:190} INFO - [2024-09-04T21:16:11.922+0000] {dag.py:4138} INFO - Setting next_dagrun for example_subdag_operator.section-1 to None, run_after=None
[2024-09-04T21:16:11.923+0000] {logging_mixin.py:190} INFO - [2024-09-04T21:16:11.923+0000] {dag.py:4138} INFO - Setting next_dagrun for example_subdag_operator.section-2 to None, run_after=None
[2024-09-04T21:16:11.930+0000] {logging_mixin.py:190} INFO - [2024-09-04T21:16:11.930+0000] {dag.py:3211} INFO - Sync 2 DAGs
[2024-09-04T21:16:11.935+0000] {logging_mixin.py:190} INFO - [2024-09-04T21:16:11.935+0000] {dag.py:4138} INFO - Setting next_dagrun for example_subdag_operator.section-1 to None, run_after=None
[2024-09-04T21:16:11.936+0000] {logging_mixin.py:190} INFO - [2024-09-04T21:16:11.936+0000] {dag.py:4138} INFO - Setting next_dagrun for example_subdag_operator.section-2 to None, run_after=None
[2024-09-04T21:16:11.951+0000] {processor.py:208} INFO - Processing /home/airflow/.local/lib/python3.12/site-packages/airflow/example_dags/example_subdag_operator.py took 0.101 seconds
[2024-09-04T21:16:42.346+0000] {processor.py:186} INFO - Started process (PID=2110) to work on /home/airflow/.local/lib/python3.12/site-packages/airflow/example_dags/example_subdag_operator.py
[2024-09-04T21:16:42.347+0000] {processor.py:914} INFO - Processing file /home/airflow/.local/lib/python3.12/site-packages/airflow/example_dags/example_subdag_operator.py for tasks to queue
[2024-09-04T21:16:42.349+0000] {logging_mixin.py:190} INFO - [2024-09-04T21:16:42.349+0000] {dagbag.py:587} INFO - Filling up the DagBag from /home/airflow/.local/lib/python3.12/site-packages/airflow/example_dags/example_subdag_operator.py
[2024-09-04T21:16:42.372+0000] {processor.py:925} INFO - DAG(s) 'example_subdag_operator.section-1', 'example_subdag_operator.section-2', 'example_subdag_operator' retrieved from /home/airflow/.local/lib/python3.12/site-packages/airflow/example_dags/example_subdag_operator.py
[2024-09-04T21:16:42.387+0000] {logging_mixin.py:190} INFO - [2024-09-04T21:16:42.386+0000] {dag.py:3211} INFO - Sync 3 DAGs
[2024-09-04T21:16:42.405+0000] {logging_mixin.py:190} INFO - [2024-09-04T21:16:42.405+0000] {dag.py:4138} INFO - Setting next_dagrun for example_subdag_operator to 2022-01-01 00:00:00+00:00, run_after=2022-01-01 00:00:00+00:00
[2024-09-04T21:16:42.409+0000] {logging_mixin.py:190} INFO - [2024-09-04T21:16:42.409+0000] {dag.py:4138} INFO - Setting next_dagrun for example_subdag_operator.section-1 to None, run_after=None
[2024-09-04T21:16:42.411+0000] {logging_mixin.py:190} INFO - [2024-09-04T21:16:42.411+0000] {dag.py:4138} INFO - Setting next_dagrun for example_subdag_operator.section-2 to None, run_after=None
[2024-09-04T21:16:42.418+0000] {logging_mixin.py:190} INFO - [2024-09-04T21:16:42.418+0000] {dag.py:3211} INFO - Sync 2 DAGs
[2024-09-04T21:16:42.423+0000] {logging_mixin.py:190} INFO - [2024-09-04T21:16:42.423+0000] {dag.py:4138} INFO - Setting next_dagrun for example_subdag_operator.section-1 to None, run_after=None
[2024-09-04T21:16:42.424+0000] {logging_mixin.py:190} INFO - [2024-09-04T21:16:42.424+0000] {dag.py:4138} INFO - Setting next_dagrun for example_subdag_operator.section-2 to None, run_after=None
[2024-09-04T21:16:42.442+0000] {processor.py:208} INFO - Processing /home/airflow/.local/lib/python3.12/site-packages/airflow/example_dags/example_subdag_operator.py took 0.101 seconds
[2024-09-04T21:17:12.918+0000] {processor.py:186} INFO - Started process (PID=2173) to work on /home/airflow/.local/lib/python3.12/site-packages/airflow/example_dags/example_subdag_operator.py
[2024-09-04T21:17:12.920+0000] {processor.py:914} INFO - Processing file /home/airflow/.local/lib/python3.12/site-packages/airflow/example_dags/example_subdag_operator.py for tasks to queue
[2024-09-04T21:17:12.925+0000] {logging_mixin.py:190} INFO - [2024-09-04T21:17:12.924+0000] {dagbag.py:587} INFO - Filling up the DagBag from /home/airflow/.local/lib/python3.12/site-packages/airflow/example_dags/example_subdag_operator.py
[2024-09-04T21:17:12.978+0000] {processor.py:925} INFO - DAG(s) 'example_subdag_operator.section-1', 'example_subdag_operator.section-2', 'example_subdag_operator' retrieved from /home/airflow/.local/lib/python3.12/site-packages/airflow/example_dags/example_subdag_operator.py
[2024-09-04T21:17:13.009+0000] {logging_mixin.py:190} INFO - [2024-09-04T21:17:13.008+0000] {dag.py:3211} INFO - Sync 3 DAGs
[2024-09-04T21:17:13.049+0000] {logging_mixin.py:190} INFO - [2024-09-04T21:17:13.049+0000] {dag.py:4138} INFO - Setting next_dagrun for example_subdag_operator to 2022-01-01 00:00:00+00:00, run_after=2022-01-01 00:00:00+00:00
[2024-09-04T21:17:13.056+0000] {logging_mixin.py:190} INFO - [2024-09-04T21:17:13.056+0000] {dag.py:4138} INFO - Setting next_dagrun for example_subdag_operator.section-1 to None, run_after=None
[2024-09-04T21:17:13.059+0000] {logging_mixin.py:190} INFO - [2024-09-04T21:17:13.059+0000] {dag.py:4138} INFO - Setting next_dagrun for example_subdag_operator.section-2 to None, run_after=None
[2024-09-04T21:17:13.074+0000] {logging_mixin.py:190} INFO - [2024-09-04T21:17:13.074+0000] {dag.py:3211} INFO - Sync 2 DAGs
[2024-09-04T21:17:13.083+0000] {logging_mixin.py:190} INFO - [2024-09-04T21:17:13.082+0000] {dag.py:4138} INFO - Setting next_dagrun for example_subdag_operator.section-1 to None, run_after=None
[2024-09-04T21:17:13.084+0000] {logging_mixin.py:190} INFO - [2024-09-04T21:17:13.084+0000] {dag.py:4138} INFO - Setting next_dagrun for example_subdag_operator.section-2 to None, run_after=None
[2024-09-04T21:17:13.104+0000] {processor.py:208} INFO - Processing /home/airflow/.local/lib/python3.12/site-packages/airflow/example_dags/example_subdag_operator.py took 0.202 seconds
[2024-09-04T21:17:44.006+0000] {processor.py:186} INFO - Started process (PID=2236) to work on /home/airflow/.local/lib/python3.12/site-packages/airflow/example_dags/example_subdag_operator.py
[2024-09-04T21:17:44.008+0000] {processor.py:914} INFO - Processing file /home/airflow/.local/lib/python3.12/site-packages/airflow/example_dags/example_subdag_operator.py for tasks to queue
[2024-09-04T21:17:44.018+0000] {logging_mixin.py:190} INFO - [2024-09-04T21:17:44.018+0000] {dagbag.py:587} INFO - Filling up the DagBag from /home/airflow/.local/lib/python3.12/site-packages/airflow/example_dags/example_subdag_operator.py
[2024-09-04T21:17:44.056+0000] {processor.py:925} INFO - DAG(s) 'example_subdag_operator.section-1', 'example_subdag_operator.section-2', 'example_subdag_operator' retrieved from /home/airflow/.local/lib/python3.12/site-packages/airflow/example_dags/example_subdag_operator.py
[2024-09-04T21:17:44.099+0000] {logging_mixin.py:190} INFO - [2024-09-04T21:17:44.098+0000] {dag.py:3211} INFO - Sync 3 DAGs
[2024-09-04T21:17:44.124+0000] {logging_mixin.py:190} INFO - [2024-09-04T21:17:44.124+0000] {dag.py:4138} INFO - Setting next_dagrun for example_subdag_operator to 2022-01-01 00:00:00+00:00, run_after=2022-01-01 00:00:00+00:00
[2024-09-04T21:17:44.130+0000] {logging_mixin.py:190} INFO - [2024-09-04T21:17:44.130+0000] {dag.py:4138} INFO - Setting next_dagrun for example_subdag_operator.section-1 to None, run_after=None
[2024-09-04T21:17:44.133+0000] {logging_mixin.py:190} INFO - [2024-09-04T21:17:44.132+0000] {dag.py:4138} INFO - Setting next_dagrun for example_subdag_operator.section-2 to None, run_after=None
[2024-09-04T21:17:44.139+0000] {logging_mixin.py:190} INFO - [2024-09-04T21:17:44.139+0000] {dag.py:3211} INFO - Sync 2 DAGs
[2024-09-04T21:17:44.144+0000] {logging_mixin.py:190} INFO - [2024-09-04T21:17:44.143+0000] {dag.py:4138} INFO - Setting next_dagrun for example_subdag_operator.section-1 to None, run_after=None
[2024-09-04T21:17:44.144+0000] {logging_mixin.py:190} INFO - [2024-09-04T21:17:44.144+0000] {dag.py:4138} INFO - Setting next_dagrun for example_subdag_operator.section-2 to None, run_after=None
[2024-09-04T21:17:44.155+0000] {processor.py:208} INFO - Processing /home/airflow/.local/lib/python3.12/site-packages/airflow/example_dags/example_subdag_operator.py took 0.154 seconds
[2024-09-04T21:18:14.205+0000] {processor.py:186} INFO - Started process (PID=2299) to work on /home/airflow/.local/lib/python3.12/site-packages/airflow/example_dags/example_subdag_operator.py
[2024-09-04T21:18:14.206+0000] {processor.py:914} INFO - Processing file /home/airflow/.local/lib/python3.12/site-packages/airflow/example_dags/example_subdag_operator.py for tasks to queue
[2024-09-04T21:18:14.209+0000] {logging_mixin.py:190} INFO - [2024-09-04T21:18:14.208+0000] {dagbag.py:587} INFO - Filling up the DagBag from /home/airflow/.local/lib/python3.12/site-packages/airflow/example_dags/example_subdag_operator.py
[2024-09-04T21:18:14.237+0000] {processor.py:925} INFO - DAG(s) 'example_subdag_operator.section-1', 'example_subdag_operator.section-2', 'example_subdag_operator' retrieved from /home/airflow/.local/lib/python3.12/site-packages/airflow/example_dags/example_subdag_operator.py
[2024-09-04T21:18:14.254+0000] {logging_mixin.py:190} INFO - [2024-09-04T21:18:14.253+0000] {dag.py:3211} INFO - Sync 3 DAGs
[2024-09-04T21:18:14.280+0000] {logging_mixin.py:190} INFO - [2024-09-04T21:18:14.280+0000] {dag.py:4138} INFO - Setting next_dagrun for example_subdag_operator to 2022-01-01 00:00:00+00:00, run_after=2022-01-01 00:00:00+00:00
[2024-09-04T21:18:14.285+0000] {logging_mixin.py:190} INFO - [2024-09-04T21:18:14.284+0000] {dag.py:4138} INFO - Setting next_dagrun for example_subdag_operator.section-1 to None, run_after=None
[2024-09-04T21:18:14.286+0000] {logging_mixin.py:190} INFO - [2024-09-04T21:18:14.286+0000] {dag.py:4138} INFO - Setting next_dagrun for example_subdag_operator.section-2 to None, run_after=None
[2024-09-04T21:18:14.294+0000] {logging_mixin.py:190} INFO - [2024-09-04T21:18:14.294+0000] {dag.py:3211} INFO - Sync 2 DAGs
[2024-09-04T21:18:14.301+0000] {logging_mixin.py:190} INFO - [2024-09-04T21:18:14.301+0000] {dag.py:4138} INFO - Setting next_dagrun for example_subdag_operator.section-1 to None, run_after=None
[2024-09-04T21:18:14.302+0000] {logging_mixin.py:190} INFO - [2024-09-04T21:18:14.302+0000] {dag.py:4138} INFO - Setting next_dagrun for example_subdag_operator.section-2 to None, run_after=None
[2024-09-04T21:18:14.316+0000] {processor.py:208} INFO - Processing /home/airflow/.local/lib/python3.12/site-packages/airflow/example_dags/example_subdag_operator.py took 0.115 seconds
[2024-09-04T21:18:44.830+0000] {processor.py:186} INFO - Started process (PID=2362) to work on /home/airflow/.local/lib/python3.12/site-packages/airflow/example_dags/example_subdag_operator.py
[2024-09-04T21:18:44.831+0000] {processor.py:914} INFO - Processing file /home/airflow/.local/lib/python3.12/site-packages/airflow/example_dags/example_subdag_operator.py for tasks to queue
[2024-09-04T21:18:44.834+0000] {logging_mixin.py:190} INFO - [2024-09-04T21:18:44.833+0000] {dagbag.py:587} INFO - Filling up the DagBag from /home/airflow/.local/lib/python3.12/site-packages/airflow/example_dags/example_subdag_operator.py
[2024-09-04T21:18:44.861+0000] {processor.py:925} INFO - DAG(s) 'example_subdag_operator.section-1', 'example_subdag_operator.section-2', 'example_subdag_operator' retrieved from /home/airflow/.local/lib/python3.12/site-packages/airflow/example_dags/example_subdag_operator.py
[2024-09-04T21:18:44.876+0000] {logging_mixin.py:190} INFO - [2024-09-04T21:18:44.876+0000] {dag.py:3211} INFO - Sync 3 DAGs
[2024-09-04T21:18:44.897+0000] {logging_mixin.py:190} INFO - [2024-09-04T21:18:44.897+0000] {dag.py:4138} INFO - Setting next_dagrun for example_subdag_operator to 2022-01-01 00:00:00+00:00, run_after=2022-01-01 00:00:00+00:00
[2024-09-04T21:18:44.901+0000] {logging_mixin.py:190} INFO - [2024-09-04T21:18:44.901+0000] {dag.py:4138} INFO - Setting next_dagrun for example_subdag_operator.section-1 to None, run_after=None
[2024-09-04T21:18:44.903+0000] {logging_mixin.py:190} INFO - [2024-09-04T21:18:44.903+0000] {dag.py:4138} INFO - Setting next_dagrun for example_subdag_operator.section-2 to None, run_after=None
[2024-09-04T21:18:44.911+0000] {logging_mixin.py:190} INFO - [2024-09-04T21:18:44.911+0000] {dag.py:3211} INFO - Sync 2 DAGs
[2024-09-04T21:18:44.917+0000] {logging_mixin.py:190} INFO - [2024-09-04T21:18:44.917+0000] {dag.py:4138} INFO - Setting next_dagrun for example_subdag_operator.section-1 to None, run_after=None
[2024-09-04T21:18:44.918+0000] {logging_mixin.py:190} INFO - [2024-09-04T21:18:44.918+0000] {dag.py:4138} INFO - Setting next_dagrun for example_subdag_operator.section-2 to None, run_after=None
[2024-09-04T21:18:44.931+0000] {processor.py:208} INFO - Processing /home/airflow/.local/lib/python3.12/site-packages/airflow/example_dags/example_subdag_operator.py took 0.106 seconds
