[2024-09-04T20:52:37.927+0000] {processor.py:186} INFO - Started process (PID=110) to work on /home/airflow/.local/lib/python3.12/site-packages/airflow/example_dags/example_branch_operator.py
[2024-09-04T20:52:37.928+0000] {processor.py:914} INFO - Processing file /home/airflow/.local/lib/python3.12/site-packages/airflow/example_dags/example_branch_operator.py for tasks to queue
[2024-09-04T20:52:37.932+0000] {logging_mixin.py:190} INFO - [2024-09-04T20:52:37.931+0000] {dagbag.py:587} INFO - Filling up the DagBag from /home/airflow/.local/lib/python3.12/site-packages/airflow/example_dags/example_branch_operator.py
[2024-09-04T20:52:37.956+0000] {processor.py:925} INFO - DAG(s) 'example_branch_operator' retrieved from /home/airflow/.local/lib/python3.12/site-packages/airflow/example_dags/example_branch_operator.py
[2024-09-04T20:52:38.083+0000] {logging_mixin.py:190} INFO - [2024-09-04T20:52:38.082+0000] {override.py:1858} INFO - Created Permission View: can delete on DAG:example_branch_operator
[2024-09-04T20:52:38.098+0000] {logging_mixin.py:190} INFO - [2024-09-04T20:52:38.097+0000] {override.py:1858} INFO - Created Permission View: can edit on DAG:example_branch_operator
[2024-09-04T20:52:38.107+0000] {logging_mixin.py:190} INFO - [2024-09-04T20:52:38.106+0000] {override.py:1858} INFO - Created Permission View: can read on DAG:example_branch_operator
[2024-09-04T20:52:38.108+0000] {logging_mixin.py:190} INFO - [2024-09-04T20:52:38.107+0000] {dag.py:3211} INFO - Sync 1 DAGs
[2024-09-04T20:52:38.126+0000] {logging_mixin.py:190} INFO - [2024-09-04T20:52:38.125+0000] {dag.py:3234} INFO - Creating ORM DAG for example_branch_operator
[2024-09-04T20:52:38.141+0000] {logging_mixin.py:190} INFO - [2024-09-04T20:52:38.140+0000] {dag.py:4138} INFO - Setting next_dagrun for example_branch_operator to 2024-09-03 00:00:00+00:00, run_after=2024-09-04 00:00:00+00:00
[2024-09-04T20:52:38.165+0000] {processor.py:208} INFO - Processing /home/airflow/.local/lib/python3.12/site-packages/airflow/example_dags/example_branch_operator.py took 0.244 seconds
[2024-09-04T21:00:19.258+0000] {processor.py:186} INFO - Started process (PID=105) to work on /home/airflow/.local/lib/python3.12/site-packages/airflow/example_dags/example_branch_operator.py
[2024-09-04T21:00:19.260+0000] {processor.py:914} INFO - Processing file /home/airflow/.local/lib/python3.12/site-packages/airflow/example_dags/example_branch_operator.py for tasks to queue
[2024-09-04T21:00:19.264+0000] {logging_mixin.py:190} INFO - [2024-09-04T21:00:19.264+0000] {dagbag.py:587} INFO - Filling up the DagBag from /home/airflow/.local/lib/python3.12/site-packages/airflow/example_dags/example_branch_operator.py
[2024-09-04T21:00:19.297+0000] {processor.py:925} INFO - DAG(s) 'example_branch_operator' retrieved from /home/airflow/.local/lib/python3.12/site-packages/airflow/example_dags/example_branch_operator.py
[2024-09-04T21:00:19.563+0000] {logging_mixin.py:190} INFO - [2024-09-04T21:00:19.562+0000] {dag.py:3211} INFO - Sync 1 DAGs
[2024-09-04T21:00:19.619+0000] {logging_mixin.py:190} INFO - [2024-09-04T21:00:19.619+0000] {dag.py:4138} INFO - Setting next_dagrun for example_branch_operator to 2024-09-03 00:00:00+00:00, run_after=2024-09-04 00:00:00+00:00
[2024-09-04T21:00:19.683+0000] {processor.py:208} INFO - Processing /home/airflow/.local/lib/python3.12/site-packages/airflow/example_dags/example_branch_operator.py took 0.439 seconds
[2024-09-04T21:00:50.016+0000] {processor.py:186} INFO - Started process (PID=167) to work on /home/airflow/.local/lib/python3.12/site-packages/airflow/example_dags/example_branch_operator.py
[2024-09-04T21:00:50.018+0000] {processor.py:914} INFO - Processing file /home/airflow/.local/lib/python3.12/site-packages/airflow/example_dags/example_branch_operator.py for tasks to queue
[2024-09-04T21:00:50.022+0000] {logging_mixin.py:190} INFO - [2024-09-04T21:00:50.022+0000] {dagbag.py:587} INFO - Filling up the DagBag from /home/airflow/.local/lib/python3.12/site-packages/airflow/example_dags/example_branch_operator.py
[2024-09-04T21:00:50.052+0000] {processor.py:925} INFO - DAG(s) 'example_branch_operator' retrieved from /home/airflow/.local/lib/python3.12/site-packages/airflow/example_dags/example_branch_operator.py
[2024-09-04T21:00:50.098+0000] {logging_mixin.py:190} INFO - [2024-09-04T21:00:50.098+0000] {dag.py:3211} INFO - Sync 1 DAGs
[2024-09-04T21:00:50.134+0000] {logging_mixin.py:190} INFO - [2024-09-04T21:00:50.134+0000] {dag.py:4138} INFO - Setting next_dagrun for example_branch_operator to 2024-09-03 00:00:00+00:00, run_after=2024-09-04 00:00:00+00:00
[2024-09-04T21:00:50.160+0000] {processor.py:208} INFO - Processing /home/airflow/.local/lib/python3.12/site-packages/airflow/example_dags/example_branch_operator.py took 0.152 seconds
[2024-09-04T21:01:20.421+0000] {processor.py:186} INFO - Started process (PID=229) to work on /home/airflow/.local/lib/python3.12/site-packages/airflow/example_dags/example_branch_operator.py
[2024-09-04T21:01:20.421+0000] {processor.py:914} INFO - Processing file /home/airflow/.local/lib/python3.12/site-packages/airflow/example_dags/example_branch_operator.py for tasks to queue
[2024-09-04T21:01:20.424+0000] {logging_mixin.py:190} INFO - [2024-09-04T21:01:20.423+0000] {dagbag.py:587} INFO - Filling up the DagBag from /home/airflow/.local/lib/python3.12/site-packages/airflow/example_dags/example_branch_operator.py
[2024-09-04T21:01:20.438+0000] {processor.py:925} INFO - DAG(s) 'example_branch_operator' retrieved from /home/airflow/.local/lib/python3.12/site-packages/airflow/example_dags/example_branch_operator.py
[2024-09-04T21:01:20.469+0000] {logging_mixin.py:190} INFO - [2024-09-04T21:01:20.468+0000] {dag.py:3211} INFO - Sync 1 DAGs
[2024-09-04T21:01:20.491+0000] {logging_mixin.py:190} INFO - [2024-09-04T21:01:20.491+0000] {dag.py:4138} INFO - Setting next_dagrun for example_branch_operator to 2024-09-03 00:00:00+00:00, run_after=2024-09-04 00:00:00+00:00
[2024-09-04T21:01:20.514+0000] {processor.py:208} INFO - Processing /home/airflow/.local/lib/python3.12/site-packages/airflow/example_dags/example_branch_operator.py took 0.099 seconds
[2024-09-04T21:01:50.554+0000] {processor.py:186} INFO - Started process (PID=290) to work on /home/airflow/.local/lib/python3.12/site-packages/airflow/example_dags/example_branch_operator.py
[2024-09-04T21:01:50.555+0000] {processor.py:914} INFO - Processing file /home/airflow/.local/lib/python3.12/site-packages/airflow/example_dags/example_branch_operator.py for tasks to queue
[2024-09-04T21:01:50.557+0000] {logging_mixin.py:190} INFO - [2024-09-04T21:01:50.557+0000] {dagbag.py:587} INFO - Filling up the DagBag from /home/airflow/.local/lib/python3.12/site-packages/airflow/example_dags/example_branch_operator.py
[2024-09-04T21:01:50.571+0000] {processor.py:925} INFO - DAG(s) 'example_branch_operator' retrieved from /home/airflow/.local/lib/python3.12/site-packages/airflow/example_dags/example_branch_operator.py
[2024-09-04T21:01:50.597+0000] {logging_mixin.py:190} INFO - [2024-09-04T21:01:50.597+0000] {dag.py:3211} INFO - Sync 1 DAGs
[2024-09-04T21:01:50.615+0000] {logging_mixin.py:190} INFO - [2024-09-04T21:01:50.615+0000] {dag.py:4138} INFO - Setting next_dagrun for example_branch_operator to 2024-09-03 00:00:00+00:00, run_after=2024-09-04 00:00:00+00:00
[2024-09-04T21:01:50.637+0000] {processor.py:208} INFO - Processing /home/airflow/.local/lib/python3.12/site-packages/airflow/example_dags/example_branch_operator.py took 0.088 seconds
[2024-09-04T21:02:21.448+0000] {processor.py:186} INFO - Started process (PID=354) to work on /home/airflow/.local/lib/python3.12/site-packages/airflow/example_dags/example_branch_operator.py
[2024-09-04T21:02:21.449+0000] {processor.py:914} INFO - Processing file /home/airflow/.local/lib/python3.12/site-packages/airflow/example_dags/example_branch_operator.py for tasks to queue
[2024-09-04T21:02:21.451+0000] {logging_mixin.py:190} INFO - [2024-09-04T21:02:21.451+0000] {dagbag.py:587} INFO - Filling up the DagBag from /home/airflow/.local/lib/python3.12/site-packages/airflow/example_dags/example_branch_operator.py
[2024-09-04T21:02:21.465+0000] {processor.py:925} INFO - DAG(s) 'example_branch_operator' retrieved from /home/airflow/.local/lib/python3.12/site-packages/airflow/example_dags/example_branch_operator.py
[2024-09-04T21:02:21.493+0000] {logging_mixin.py:190} INFO - [2024-09-04T21:02:21.493+0000] {dag.py:3211} INFO - Sync 1 DAGs
[2024-09-04T21:02:21.513+0000] {logging_mixin.py:190} INFO - [2024-09-04T21:02:21.513+0000] {dag.py:4138} INFO - Setting next_dagrun for example_branch_operator to 2024-09-03 00:00:00+00:00, run_after=2024-09-04 00:00:00+00:00
[2024-09-04T21:02:21.537+0000] {processor.py:208} INFO - Processing /home/airflow/.local/lib/python3.12/site-packages/airflow/example_dags/example_branch_operator.py took 0.095 seconds
[2024-09-04T21:02:51.958+0000] {processor.py:186} INFO - Started process (PID=416) to work on /home/airflow/.local/lib/python3.12/site-packages/airflow/example_dags/example_branch_operator.py
[2024-09-04T21:02:51.959+0000] {processor.py:914} INFO - Processing file /home/airflow/.local/lib/python3.12/site-packages/airflow/example_dags/example_branch_operator.py for tasks to queue
[2024-09-04T21:02:51.961+0000] {logging_mixin.py:190} INFO - [2024-09-04T21:02:51.961+0000] {dagbag.py:587} INFO - Filling up the DagBag from /home/airflow/.local/lib/python3.12/site-packages/airflow/example_dags/example_branch_operator.py
[2024-09-04T21:02:51.977+0000] {processor.py:925} INFO - DAG(s) 'example_branch_operator' retrieved from /home/airflow/.local/lib/python3.12/site-packages/airflow/example_dags/example_branch_operator.py
[2024-09-04T21:02:52.012+0000] {logging_mixin.py:190} INFO - [2024-09-04T21:02:52.012+0000] {dag.py:3211} INFO - Sync 1 DAGs
[2024-09-04T21:02:52.033+0000] {logging_mixin.py:190} INFO - [2024-09-04T21:02:52.033+0000] {dag.py:4138} INFO - Setting next_dagrun for example_branch_operator to 2024-09-03 00:00:00+00:00, run_after=2024-09-04 00:00:00+00:00
[2024-09-04T21:02:52.055+0000] {processor.py:208} INFO - Processing /home/airflow/.local/lib/python3.12/site-packages/airflow/example_dags/example_branch_operator.py took 0.103 seconds
[2024-09-04T21:03:23.620+0000] {processor.py:186} INFO - Started process (PID=478) to work on /home/airflow/.local/lib/python3.12/site-packages/airflow/example_dags/example_branch_operator.py
[2024-09-04T21:03:23.622+0000] {processor.py:914} INFO - Processing file /home/airflow/.local/lib/python3.12/site-packages/airflow/example_dags/example_branch_operator.py for tasks to queue
[2024-09-04T21:03:23.628+0000] {logging_mixin.py:190} INFO - [2024-09-04T21:03:23.627+0000] {dagbag.py:587} INFO - Filling up the DagBag from /home/airflow/.local/lib/python3.12/site-packages/airflow/example_dags/example_branch_operator.py
[2024-09-04T21:03:23.665+0000] {processor.py:925} INFO - DAG(s) 'example_branch_operator' retrieved from /home/airflow/.local/lib/python3.12/site-packages/airflow/example_dags/example_branch_operator.py
[2024-09-04T21:03:23.726+0000] {logging_mixin.py:190} INFO - [2024-09-04T21:03:23.725+0000] {dag.py:3211} INFO - Sync 1 DAGs
[2024-09-04T21:03:23.774+0000] {logging_mixin.py:190} INFO - [2024-09-04T21:03:23.774+0000] {dag.py:4138} INFO - Setting next_dagrun for example_branch_operator to 2024-09-03 00:00:00+00:00, run_after=2024-09-04 00:00:00+00:00
[2024-09-04T21:03:23.810+0000] {processor.py:208} INFO - Processing /home/airflow/.local/lib/python3.12/site-packages/airflow/example_dags/example_branch_operator.py took 0.208 seconds
[2024-09-04T21:03:54.116+0000] {processor.py:186} INFO - Started process (PID=540) to work on /home/airflow/.local/lib/python3.12/site-packages/airflow/example_dags/example_branch_operator.py
[2024-09-04T21:03:54.118+0000] {processor.py:914} INFO - Processing file /home/airflow/.local/lib/python3.12/site-packages/airflow/example_dags/example_branch_operator.py for tasks to queue
[2024-09-04T21:03:54.124+0000] {logging_mixin.py:190} INFO - [2024-09-04T21:03:54.124+0000] {dagbag.py:587} INFO - Filling up the DagBag from /home/airflow/.local/lib/python3.12/site-packages/airflow/example_dags/example_branch_operator.py
[2024-09-04T21:03:54.159+0000] {processor.py:925} INFO - DAG(s) 'example_branch_operator' retrieved from /home/airflow/.local/lib/python3.12/site-packages/airflow/example_dags/example_branch_operator.py
[2024-09-04T21:03:54.237+0000] {logging_mixin.py:190} INFO - [2024-09-04T21:03:54.237+0000] {dag.py:3211} INFO - Sync 1 DAGs
[2024-09-04T21:03:54.278+0000] {logging_mixin.py:190} INFO - [2024-09-04T21:03:54.278+0000] {dag.py:4138} INFO - Setting next_dagrun for example_branch_operator to 2024-09-03 00:00:00+00:00, run_after=2024-09-04 00:00:00+00:00
[2024-09-04T21:03:54.310+0000] {processor.py:208} INFO - Processing /home/airflow/.local/lib/python3.12/site-packages/airflow/example_dags/example_branch_operator.py took 0.205 seconds
[2024-09-04T21:04:25.001+0000] {processor.py:186} INFO - Started process (PID=608) to work on /home/airflow/.local/lib/python3.12/site-packages/airflow/example_dags/example_branch_operator.py
[2024-09-04T21:04:25.003+0000] {processor.py:914} INFO - Processing file /home/airflow/.local/lib/python3.12/site-packages/airflow/example_dags/example_branch_operator.py for tasks to queue
[2024-09-04T21:04:25.006+0000] {logging_mixin.py:190} INFO - [2024-09-04T21:04:25.006+0000] {dagbag.py:587} INFO - Filling up the DagBag from /home/airflow/.local/lib/python3.12/site-packages/airflow/example_dags/example_branch_operator.py
[2024-09-04T21:04:25.032+0000] {processor.py:925} INFO - DAG(s) 'example_branch_operator' retrieved from /home/airflow/.local/lib/python3.12/site-packages/airflow/example_dags/example_branch_operator.py
[2024-09-04T21:04:25.076+0000] {logging_mixin.py:190} INFO - [2024-09-04T21:04:25.075+0000] {dag.py:3211} INFO - Sync 1 DAGs
[2024-09-04T21:04:25.111+0000] {logging_mixin.py:190} INFO - [2024-09-04T21:04:25.111+0000] {dag.py:4138} INFO - Setting next_dagrun for example_branch_operator to 2024-09-03 00:00:00+00:00, run_after=2024-09-04 00:00:00+00:00
[2024-09-04T21:04:25.142+0000] {processor.py:208} INFO - Processing /home/airflow/.local/lib/python3.12/site-packages/airflow/example_dags/example_branch_operator.py took 0.150 seconds
[2024-09-04T21:04:55.449+0000] {processor.py:186} INFO - Started process (PID=670) to work on /home/airflow/.local/lib/python3.12/site-packages/airflow/example_dags/example_branch_operator.py
[2024-09-04T21:04:55.450+0000] {processor.py:914} INFO - Processing file /home/airflow/.local/lib/python3.12/site-packages/airflow/example_dags/example_branch_operator.py for tasks to queue
[2024-09-04T21:04:55.453+0000] {logging_mixin.py:190} INFO - [2024-09-04T21:04:55.453+0000] {dagbag.py:587} INFO - Filling up the DagBag from /home/airflow/.local/lib/python3.12/site-packages/airflow/example_dags/example_branch_operator.py
[2024-09-04T21:04:55.475+0000] {processor.py:925} INFO - DAG(s) 'example_branch_operator' retrieved from /home/airflow/.local/lib/python3.12/site-packages/airflow/example_dags/example_branch_operator.py
[2024-09-04T21:04:55.515+0000] {logging_mixin.py:190} INFO - [2024-09-04T21:04:55.515+0000] {dag.py:3211} INFO - Sync 1 DAGs
[2024-09-04T21:04:55.544+0000] {logging_mixin.py:190} INFO - [2024-09-04T21:04:55.544+0000] {dag.py:4138} INFO - Setting next_dagrun for example_branch_operator to 2024-09-03 00:00:00+00:00, run_after=2024-09-04 00:00:00+00:00
[2024-09-04T21:04:55.572+0000] {processor.py:208} INFO - Processing /home/airflow/.local/lib/python3.12/site-packages/airflow/example_dags/example_branch_operator.py took 0.130 seconds
[2024-09-04T21:05:26.508+0000] {processor.py:186} INFO - Started process (PID=732) to work on /home/airflow/.local/lib/python3.12/site-packages/airflow/example_dags/example_branch_operator.py
[2024-09-04T21:05:26.510+0000] {processor.py:914} INFO - Processing file /home/airflow/.local/lib/python3.12/site-packages/airflow/example_dags/example_branch_operator.py for tasks to queue
[2024-09-04T21:05:26.516+0000] {logging_mixin.py:190} INFO - [2024-09-04T21:05:26.515+0000] {dagbag.py:587} INFO - Filling up the DagBag from /home/airflow/.local/lib/python3.12/site-packages/airflow/example_dags/example_branch_operator.py
[2024-09-04T21:05:26.558+0000] {processor.py:925} INFO - DAG(s) 'example_branch_operator' retrieved from /home/airflow/.local/lib/python3.12/site-packages/airflow/example_dags/example_branch_operator.py
[2024-09-04T21:05:26.618+0000] {logging_mixin.py:190} INFO - [2024-09-04T21:05:26.618+0000] {dag.py:3211} INFO - Sync 1 DAGs
[2024-09-04T21:05:26.688+0000] {logging_mixin.py:190} INFO - [2024-09-04T21:05:26.687+0000] {dag.py:4138} INFO - Setting next_dagrun for example_branch_operator to 2024-09-03 00:00:00+00:00, run_after=2024-09-04 00:00:00+00:00
[2024-09-04T21:05:26.723+0000] {processor.py:208} INFO - Processing /home/airflow/.local/lib/python3.12/site-packages/airflow/example_dags/example_branch_operator.py took 0.227 seconds
[2024-09-04T21:05:57.605+0000] {processor.py:186} INFO - Started process (PID=794) to work on /home/airflow/.local/lib/python3.12/site-packages/airflow/example_dags/example_branch_operator.py
[2024-09-04T21:05:57.607+0000] {processor.py:914} INFO - Processing file /home/airflow/.local/lib/python3.12/site-packages/airflow/example_dags/example_branch_operator.py for tasks to queue
[2024-09-04T21:05:57.609+0000] {logging_mixin.py:190} INFO - [2024-09-04T21:05:57.608+0000] {dagbag.py:587} INFO - Filling up the DagBag from /home/airflow/.local/lib/python3.12/site-packages/airflow/example_dags/example_branch_operator.py
[2024-09-04T21:05:57.624+0000] {processor.py:925} INFO - DAG(s) 'example_branch_operator' retrieved from /home/airflow/.local/lib/python3.12/site-packages/airflow/example_dags/example_branch_operator.py
[2024-09-04T21:05:57.650+0000] {logging_mixin.py:190} INFO - [2024-09-04T21:05:57.649+0000] {dag.py:3211} INFO - Sync 1 DAGs
[2024-09-04T21:05:57.670+0000] {logging_mixin.py:190} INFO - [2024-09-04T21:05:57.670+0000] {dag.py:4138} INFO - Setting next_dagrun for example_branch_operator to 2024-09-03 00:00:00+00:00, run_after=2024-09-04 00:00:00+00:00
[2024-09-04T21:05:57.691+0000] {processor.py:208} INFO - Processing /home/airflow/.local/lib/python3.12/site-packages/airflow/example_dags/example_branch_operator.py took 0.090 seconds
[2024-09-04T21:06:29.756+0000] {processor.py:186} INFO - Started process (PID=855) to work on /home/airflow/.local/lib/python3.12/site-packages/airflow/example_dags/example_branch_operator.py
[2024-09-04T21:06:29.772+0000] {processor.py:914} INFO - Processing file /home/airflow/.local/lib/python3.12/site-packages/airflow/example_dags/example_branch_operator.py for tasks to queue
[2024-09-04T21:06:29.798+0000] {logging_mixin.py:190} INFO - [2024-09-04T21:06:29.797+0000] {dagbag.py:587} INFO - Filling up the DagBag from /home/airflow/.local/lib/python3.12/site-packages/airflow/example_dags/example_branch_operator.py
[2024-09-04T21:06:29.937+0000] {processor.py:925} INFO - DAG(s) 'example_branch_operator' retrieved from /home/airflow/.local/lib/python3.12/site-packages/airflow/example_dags/example_branch_operator.py
[2024-09-04T21:06:30.120+0000] {logging_mixin.py:190} INFO - [2024-09-04T21:06:30.119+0000] {dag.py:3211} INFO - Sync 1 DAGs
[2024-09-04T21:06:30.275+0000] {logging_mixin.py:190} INFO - [2024-09-04T21:06:30.274+0000] {dag.py:4138} INFO - Setting next_dagrun for example_branch_operator to 2024-09-03 00:00:00+00:00, run_after=2024-09-04 00:00:00+00:00
[2024-09-04T21:06:30.384+0000] {processor.py:208} INFO - Processing /home/airflow/.local/lib/python3.12/site-packages/airflow/example_dags/example_branch_operator.py took 0.681 seconds
[2024-09-04T21:07:00.818+0000] {processor.py:186} INFO - Started process (PID=917) to work on /home/airflow/.local/lib/python3.12/site-packages/airflow/example_dags/example_branch_operator.py
[2024-09-04T21:07:00.820+0000] {processor.py:914} INFO - Processing file /home/airflow/.local/lib/python3.12/site-packages/airflow/example_dags/example_branch_operator.py for tasks to queue
[2024-09-04T21:07:00.824+0000] {logging_mixin.py:190} INFO - [2024-09-04T21:07:00.823+0000] {dagbag.py:587} INFO - Filling up the DagBag from /home/airflow/.local/lib/python3.12/site-packages/airflow/example_dags/example_branch_operator.py
[2024-09-04T21:07:00.863+0000] {processor.py:925} INFO - DAG(s) 'example_branch_operator' retrieved from /home/airflow/.local/lib/python3.12/site-packages/airflow/example_dags/example_branch_operator.py
[2024-09-04T21:07:00.910+0000] {logging_mixin.py:190} INFO - [2024-09-04T21:07:00.910+0000] {dag.py:3211} INFO - Sync 1 DAGs
[2024-09-04T21:07:00.939+0000] {logging_mixin.py:190} INFO - [2024-09-04T21:07:00.939+0000] {dag.py:4138} INFO - Setting next_dagrun for example_branch_operator to 2024-09-03 00:00:00+00:00, run_after=2024-09-04 00:00:00+00:00
[2024-09-04T21:07:00.974+0000] {processor.py:208} INFO - Processing /home/airflow/.local/lib/python3.12/site-packages/airflow/example_dags/example_branch_operator.py took 0.164 seconds
[2024-09-04T21:07:31.122+0000] {processor.py:186} INFO - Started process (PID=979) to work on /home/airflow/.local/lib/python3.12/site-packages/airflow/example_dags/example_branch_operator.py
[2024-09-04T21:07:31.128+0000] {processor.py:914} INFO - Processing file /home/airflow/.local/lib/python3.12/site-packages/airflow/example_dags/example_branch_operator.py for tasks to queue
[2024-09-04T21:07:31.147+0000] {logging_mixin.py:190} INFO - [2024-09-04T21:07:31.146+0000] {dagbag.py:587} INFO - Filling up the DagBag from /home/airflow/.local/lib/python3.12/site-packages/airflow/example_dags/example_branch_operator.py
[2024-09-04T21:07:31.210+0000] {processor.py:925} INFO - DAG(s) 'example_branch_operator' retrieved from /home/airflow/.local/lib/python3.12/site-packages/airflow/example_dags/example_branch_operator.py
[2024-09-04T21:07:31.316+0000] {logging_mixin.py:190} INFO - [2024-09-04T21:07:31.316+0000] {dag.py:3211} INFO - Sync 1 DAGs
[2024-09-04T21:07:31.471+0000] {logging_mixin.py:190} INFO - [2024-09-04T21:07:31.471+0000] {dag.py:4138} INFO - Setting next_dagrun for example_branch_operator to 2024-09-03 00:00:00+00:00, run_after=2024-09-04 00:00:00+00:00
[2024-09-04T21:07:31.504+0000] {processor.py:208} INFO - Processing /home/airflow/.local/lib/python3.12/site-packages/airflow/example_dags/example_branch_operator.py took 0.407 seconds
[2024-09-04T21:08:02.315+0000] {processor.py:186} INFO - Started process (PID=1042) to work on /home/airflow/.local/lib/python3.12/site-packages/airflow/example_dags/example_branch_operator.py
[2024-09-04T21:08:02.317+0000] {processor.py:914} INFO - Processing file /home/airflow/.local/lib/python3.12/site-packages/airflow/example_dags/example_branch_operator.py for tasks to queue
[2024-09-04T21:08:02.319+0000] {logging_mixin.py:190} INFO - [2024-09-04T21:08:02.319+0000] {dagbag.py:587} INFO - Filling up the DagBag from /home/airflow/.local/lib/python3.12/site-packages/airflow/example_dags/example_branch_operator.py
[2024-09-04T21:08:02.335+0000] {processor.py:925} INFO - DAG(s) 'example_branch_operator' retrieved from /home/airflow/.local/lib/python3.12/site-packages/airflow/example_dags/example_branch_operator.py
[2024-09-04T21:08:02.365+0000] {logging_mixin.py:190} INFO - [2024-09-04T21:08:02.365+0000] {dag.py:3211} INFO - Sync 1 DAGs
[2024-09-04T21:08:02.390+0000] {logging_mixin.py:190} INFO - [2024-09-04T21:08:02.390+0000] {dag.py:4138} INFO - Setting next_dagrun for example_branch_operator to 2024-09-03 00:00:00+00:00, run_after=2024-09-04 00:00:00+00:00
[2024-09-04T21:08:02.408+0000] {processor.py:208} INFO - Processing /home/airflow/.local/lib/python3.12/site-packages/airflow/example_dags/example_branch_operator.py took 0.099 seconds
[2024-09-04T21:08:33.016+0000] {processor.py:186} INFO - Started process (PID=1104) to work on /home/airflow/.local/lib/python3.12/site-packages/airflow/example_dags/example_branch_operator.py
[2024-09-04T21:08:33.017+0000] {processor.py:914} INFO - Processing file /home/airflow/.local/lib/python3.12/site-packages/airflow/example_dags/example_branch_operator.py for tasks to queue
[2024-09-04T21:08:33.019+0000] {logging_mixin.py:190} INFO - [2024-09-04T21:08:33.019+0000] {dagbag.py:587} INFO - Filling up the DagBag from /home/airflow/.local/lib/python3.12/site-packages/airflow/example_dags/example_branch_operator.py
[2024-09-04T21:08:33.033+0000] {processor.py:925} INFO - DAG(s) 'example_branch_operator' retrieved from /home/airflow/.local/lib/python3.12/site-packages/airflow/example_dags/example_branch_operator.py
[2024-09-04T21:08:33.059+0000] {logging_mixin.py:190} INFO - [2024-09-04T21:08:33.059+0000] {dag.py:3211} INFO - Sync 1 DAGs
[2024-09-04T21:08:33.077+0000] {logging_mixin.py:190} INFO - [2024-09-04T21:08:33.077+0000] {dag.py:4138} INFO - Setting next_dagrun for example_branch_operator to 2024-09-03 00:00:00+00:00, run_after=2024-09-04 00:00:00+00:00
[2024-09-04T21:08:33.096+0000] {processor.py:208} INFO - Processing /home/airflow/.local/lib/python3.12/site-packages/airflow/example_dags/example_branch_operator.py took 0.084 seconds
[2024-09-04T21:09:03.502+0000] {processor.py:186} INFO - Started process (PID=1166) to work on /home/airflow/.local/lib/python3.12/site-packages/airflow/example_dags/example_branch_operator.py
[2024-09-04T21:09:03.503+0000] {processor.py:914} INFO - Processing file /home/airflow/.local/lib/python3.12/site-packages/airflow/example_dags/example_branch_operator.py for tasks to queue
[2024-09-04T21:09:03.505+0000] {logging_mixin.py:190} INFO - [2024-09-04T21:09:03.505+0000] {dagbag.py:587} INFO - Filling up the DagBag from /home/airflow/.local/lib/python3.12/site-packages/airflow/example_dags/example_branch_operator.py
[2024-09-04T21:09:03.521+0000] {processor.py:925} INFO - DAG(s) 'example_branch_operator' retrieved from /home/airflow/.local/lib/python3.12/site-packages/airflow/example_dags/example_branch_operator.py
[2024-09-04T21:09:03.547+0000] {logging_mixin.py:190} INFO - [2024-09-04T21:09:03.546+0000] {dag.py:3211} INFO - Sync 1 DAGs
[2024-09-04T21:09:03.567+0000] {logging_mixin.py:190} INFO - [2024-09-04T21:09:03.566+0000] {dag.py:4138} INFO - Setting next_dagrun for example_branch_operator to 2024-09-03 00:00:00+00:00, run_after=2024-09-04 00:00:00+00:00
[2024-09-04T21:09:03.585+0000] {processor.py:208} INFO - Processing /home/airflow/.local/lib/python3.12/site-packages/airflow/example_dags/example_branch_operator.py took 0.088 seconds
[2024-09-04T21:09:33.948+0000] {processor.py:186} INFO - Started process (PID=1228) to work on /home/airflow/.local/lib/python3.12/site-packages/airflow/example_dags/example_branch_operator.py
[2024-09-04T21:09:33.949+0000] {processor.py:914} INFO - Processing file /home/airflow/.local/lib/python3.12/site-packages/airflow/example_dags/example_branch_operator.py for tasks to queue
[2024-09-04T21:09:33.951+0000] {logging_mixin.py:190} INFO - [2024-09-04T21:09:33.951+0000] {dagbag.py:587} INFO - Filling up the DagBag from /home/airflow/.local/lib/python3.12/site-packages/airflow/example_dags/example_branch_operator.py
[2024-09-04T21:09:33.966+0000] {processor.py:925} INFO - DAG(s) 'example_branch_operator' retrieved from /home/airflow/.local/lib/python3.12/site-packages/airflow/example_dags/example_branch_operator.py
[2024-09-04T21:09:33.992+0000] {logging_mixin.py:190} INFO - [2024-09-04T21:09:33.991+0000] {dag.py:3211} INFO - Sync 1 DAGs
[2024-09-04T21:09:34.010+0000] {logging_mixin.py:190} INFO - [2024-09-04T21:09:34.010+0000] {dag.py:4138} INFO - Setting next_dagrun for example_branch_operator to 2024-09-03 00:00:00+00:00, run_after=2024-09-04 00:00:00+00:00
[2024-09-04T21:09:34.028+0000] {processor.py:208} INFO - Processing /home/airflow/.local/lib/python3.12/site-packages/airflow/example_dags/example_branch_operator.py took 0.085 seconds
[2024-09-04T21:10:04.384+0000] {processor.py:186} INFO - Started process (PID=1290) to work on /home/airflow/.local/lib/python3.12/site-packages/airflow/example_dags/example_branch_operator.py
[2024-09-04T21:10:04.385+0000] {processor.py:914} INFO - Processing file /home/airflow/.local/lib/python3.12/site-packages/airflow/example_dags/example_branch_operator.py for tasks to queue
[2024-09-04T21:10:04.387+0000] {logging_mixin.py:190} INFO - [2024-09-04T21:10:04.387+0000] {dagbag.py:587} INFO - Filling up the DagBag from /home/airflow/.local/lib/python3.12/site-packages/airflow/example_dags/example_branch_operator.py
[2024-09-04T21:10:04.402+0000] {processor.py:925} INFO - DAG(s) 'example_branch_operator' retrieved from /home/airflow/.local/lib/python3.12/site-packages/airflow/example_dags/example_branch_operator.py
[2024-09-04T21:10:04.428+0000] {logging_mixin.py:190} INFO - [2024-09-04T21:10:04.428+0000] {dag.py:3211} INFO - Sync 1 DAGs
[2024-09-04T21:10:04.446+0000] {logging_mixin.py:190} INFO - [2024-09-04T21:10:04.446+0000] {dag.py:4138} INFO - Setting next_dagrun for example_branch_operator to 2024-09-03 00:00:00+00:00, run_after=2024-09-04 00:00:00+00:00
[2024-09-04T21:10:04.464+0000] {processor.py:208} INFO - Processing /home/airflow/.local/lib/python3.12/site-packages/airflow/example_dags/example_branch_operator.py took 0.085 seconds
[2024-09-04T21:10:35.017+0000] {processor.py:186} INFO - Started process (PID=1353) to work on /home/airflow/.local/lib/python3.12/site-packages/airflow/example_dags/example_branch_operator.py
[2024-09-04T21:10:35.018+0000] {processor.py:914} INFO - Processing file /home/airflow/.local/lib/python3.12/site-packages/airflow/example_dags/example_branch_operator.py for tasks to queue
[2024-09-04T21:10:35.021+0000] {logging_mixin.py:190} INFO - [2024-09-04T21:10:35.020+0000] {dagbag.py:587} INFO - Filling up the DagBag from /home/airflow/.local/lib/python3.12/site-packages/airflow/example_dags/example_branch_operator.py
[2024-09-04T21:10:35.051+0000] {processor.py:925} INFO - DAG(s) 'example_branch_operator' retrieved from /home/airflow/.local/lib/python3.12/site-packages/airflow/example_dags/example_branch_operator.py
[2024-09-04T21:10:35.090+0000] {logging_mixin.py:190} INFO - [2024-09-04T21:10:35.090+0000] {dag.py:3211} INFO - Sync 1 DAGs
[2024-09-04T21:10:35.120+0000] {logging_mixin.py:190} INFO - [2024-09-04T21:10:35.120+0000] {dag.py:4138} INFO - Setting next_dagrun for example_branch_operator to 2024-09-03 00:00:00+00:00, run_after=2024-09-04 00:00:00+00:00
[2024-09-04T21:10:35.146+0000] {processor.py:208} INFO - Processing /home/airflow/.local/lib/python3.12/site-packages/airflow/example_dags/example_branch_operator.py took 0.135 seconds
[2024-09-04T21:11:05.506+0000] {processor.py:186} INFO - Started process (PID=1416) to work on /home/airflow/.local/lib/python3.12/site-packages/airflow/example_dags/example_branch_operator.py
[2024-09-04T21:11:05.507+0000] {processor.py:914} INFO - Processing file /home/airflow/.local/lib/python3.12/site-packages/airflow/example_dags/example_branch_operator.py for tasks to queue
[2024-09-04T21:11:05.510+0000] {logging_mixin.py:190} INFO - [2024-09-04T21:11:05.509+0000] {dagbag.py:587} INFO - Filling up the DagBag from /home/airflow/.local/lib/python3.12/site-packages/airflow/example_dags/example_branch_operator.py
[2024-09-04T21:11:05.526+0000] {processor.py:925} INFO - DAG(s) 'example_branch_operator' retrieved from /home/airflow/.local/lib/python3.12/site-packages/airflow/example_dags/example_branch_operator.py
[2024-09-04T21:11:05.554+0000] {logging_mixin.py:190} INFO - [2024-09-04T21:11:05.553+0000] {dag.py:3211} INFO - Sync 1 DAGs
[2024-09-04T21:11:05.576+0000] {logging_mixin.py:190} INFO - [2024-09-04T21:11:05.576+0000] {dag.py:4138} INFO - Setting next_dagrun for example_branch_operator to 2024-09-03 00:00:00+00:00, run_after=2024-09-04 00:00:00+00:00
[2024-09-04T21:11:05.595+0000] {processor.py:208} INFO - Processing /home/airflow/.local/lib/python3.12/site-packages/airflow/example_dags/example_branch_operator.py took 0.093 seconds
[2024-09-04T21:11:35.758+0000] {processor.py:186} INFO - Started process (PID=1479) to work on /home/airflow/.local/lib/python3.12/site-packages/airflow/example_dags/example_branch_operator.py
[2024-09-04T21:11:35.759+0000] {processor.py:914} INFO - Processing file /home/airflow/.local/lib/python3.12/site-packages/airflow/example_dags/example_branch_operator.py for tasks to queue
[2024-09-04T21:11:35.761+0000] {logging_mixin.py:190} INFO - [2024-09-04T21:11:35.761+0000] {dagbag.py:587} INFO - Filling up the DagBag from /home/airflow/.local/lib/python3.12/site-packages/airflow/example_dags/example_branch_operator.py
[2024-09-04T21:11:35.780+0000] {processor.py:925} INFO - DAG(s) 'example_branch_operator' retrieved from /home/airflow/.local/lib/python3.12/site-packages/airflow/example_dags/example_branch_operator.py
[2024-09-04T21:11:35.810+0000] {logging_mixin.py:190} INFO - [2024-09-04T21:11:35.809+0000] {dag.py:3211} INFO - Sync 1 DAGs
[2024-09-04T21:11:35.832+0000] {logging_mixin.py:190} INFO - [2024-09-04T21:11:35.832+0000] {dag.py:4138} INFO - Setting next_dagrun for example_branch_operator to 2024-09-03 00:00:00+00:00, run_after=2024-09-04 00:00:00+00:00
[2024-09-04T21:11:35.851+0000] {processor.py:208} INFO - Processing /home/airflow/.local/lib/python3.12/site-packages/airflow/example_dags/example_branch_operator.py took 0.098 seconds
[2024-09-04T21:12:05.944+0000] {processor.py:186} INFO - Started process (PID=1542) to work on /home/airflow/.local/lib/python3.12/site-packages/airflow/example_dags/example_branch_operator.py
[2024-09-04T21:12:05.945+0000] {processor.py:914} INFO - Processing file /home/airflow/.local/lib/python3.12/site-packages/airflow/example_dags/example_branch_operator.py for tasks to queue
[2024-09-04T21:12:05.947+0000] {logging_mixin.py:190} INFO - [2024-09-04T21:12:05.947+0000] {dagbag.py:587} INFO - Filling up the DagBag from /home/airflow/.local/lib/python3.12/site-packages/airflow/example_dags/example_branch_operator.py
[2024-09-04T21:12:05.965+0000] {processor.py:925} INFO - DAG(s) 'example_branch_operator' retrieved from /home/airflow/.local/lib/python3.12/site-packages/airflow/example_dags/example_branch_operator.py
[2024-09-04T21:12:05.993+0000] {logging_mixin.py:190} INFO - [2024-09-04T21:12:05.992+0000] {dag.py:3211} INFO - Sync 1 DAGs
[2024-09-04T21:12:06.012+0000] {logging_mixin.py:190} INFO - [2024-09-04T21:12:06.012+0000] {dag.py:4138} INFO - Setting next_dagrun for example_branch_operator to 2024-09-03 00:00:00+00:00, run_after=2024-09-04 00:00:00+00:00
[2024-09-04T21:12:06.031+0000] {processor.py:208} INFO - Processing /home/airflow/.local/lib/python3.12/site-packages/airflow/example_dags/example_branch_operator.py took 0.092 seconds
[2024-09-04T21:12:36.828+0000] {processor.py:186} INFO - Started process (PID=1606) to work on /home/airflow/.local/lib/python3.12/site-packages/airflow/example_dags/example_branch_operator.py
[2024-09-04T21:12:36.829+0000] {processor.py:914} INFO - Processing file /home/airflow/.local/lib/python3.12/site-packages/airflow/example_dags/example_branch_operator.py for tasks to queue
[2024-09-04T21:12:36.832+0000] {logging_mixin.py:190} INFO - [2024-09-04T21:12:36.831+0000] {dagbag.py:587} INFO - Filling up the DagBag from /home/airflow/.local/lib/python3.12/site-packages/airflow/example_dags/example_branch_operator.py
[2024-09-04T21:12:36.848+0000] {processor.py:925} INFO - DAG(s) 'example_branch_operator' retrieved from /home/airflow/.local/lib/python3.12/site-packages/airflow/example_dags/example_branch_operator.py
[2024-09-04T21:12:36.877+0000] {logging_mixin.py:190} INFO - [2024-09-04T21:12:36.876+0000] {dag.py:3211} INFO - Sync 1 DAGs
[2024-09-04T21:12:36.898+0000] {logging_mixin.py:190} INFO - [2024-09-04T21:12:36.898+0000] {dag.py:4138} INFO - Setting next_dagrun for example_branch_operator to 2024-09-03 00:00:00+00:00, run_after=2024-09-04 00:00:00+00:00
[2024-09-04T21:12:36.916+0000] {processor.py:208} INFO - Processing /home/airflow/.local/lib/python3.12/site-packages/airflow/example_dags/example_branch_operator.py took 0.093 seconds
[2024-09-04T21:13:07.739+0000] {processor.py:186} INFO - Started process (PID=1669) to work on /home/airflow/.local/lib/python3.12/site-packages/airflow/example_dags/example_branch_operator.py
[2024-09-04T21:13:07.740+0000] {processor.py:914} INFO - Processing file /home/airflow/.local/lib/python3.12/site-packages/airflow/example_dags/example_branch_operator.py for tasks to queue
[2024-09-04T21:13:07.742+0000] {logging_mixin.py:190} INFO - [2024-09-04T21:13:07.742+0000] {dagbag.py:587} INFO - Filling up the DagBag from /home/airflow/.local/lib/python3.12/site-packages/airflow/example_dags/example_branch_operator.py
[2024-09-04T21:13:07.760+0000] {processor.py:925} INFO - DAG(s) 'example_branch_operator' retrieved from /home/airflow/.local/lib/python3.12/site-packages/airflow/example_dags/example_branch_operator.py
[2024-09-04T21:13:07.788+0000] {logging_mixin.py:190} INFO - [2024-09-04T21:13:07.787+0000] {dag.py:3211} INFO - Sync 1 DAGs
[2024-09-04T21:13:07.808+0000] {logging_mixin.py:190} INFO - [2024-09-04T21:13:07.808+0000] {dag.py:4138} INFO - Setting next_dagrun for example_branch_operator to 2024-09-03 00:00:00+00:00, run_after=2024-09-04 00:00:00+00:00
[2024-09-04T21:13:07.830+0000] {processor.py:208} INFO - Processing /home/airflow/.local/lib/python3.12/site-packages/airflow/example_dags/example_branch_operator.py took 0.096 seconds
[2024-09-04T21:13:37.884+0000] {processor.py:186} INFO - Started process (PID=1732) to work on /home/airflow/.local/lib/python3.12/site-packages/airflow/example_dags/example_branch_operator.py
[2024-09-04T21:13:37.885+0000] {processor.py:914} INFO - Processing file /home/airflow/.local/lib/python3.12/site-packages/airflow/example_dags/example_branch_operator.py for tasks to queue
[2024-09-04T21:13:37.887+0000] {logging_mixin.py:190} INFO - [2024-09-04T21:13:37.887+0000] {dagbag.py:587} INFO - Filling up the DagBag from /home/airflow/.local/lib/python3.12/site-packages/airflow/example_dags/example_branch_operator.py
[2024-09-04T21:13:37.905+0000] {processor.py:925} INFO - DAG(s) 'example_branch_operator' retrieved from /home/airflow/.local/lib/python3.12/site-packages/airflow/example_dags/example_branch_operator.py
[2024-09-04T21:13:37.935+0000] {logging_mixin.py:190} INFO - [2024-09-04T21:13:37.934+0000] {dag.py:3211} INFO - Sync 1 DAGs
[2024-09-04T21:13:37.957+0000] {logging_mixin.py:190} INFO - [2024-09-04T21:13:37.957+0000] {dag.py:4138} INFO - Setting next_dagrun for example_branch_operator to 2024-09-03 00:00:00+00:00, run_after=2024-09-04 00:00:00+00:00
[2024-09-04T21:13:37.978+0000] {processor.py:208} INFO - Processing /home/airflow/.local/lib/python3.12/site-packages/airflow/example_dags/example_branch_operator.py took 0.099 seconds
[2024-09-04T21:14:08.666+0000] {processor.py:186} INFO - Started process (PID=1795) to work on /home/airflow/.local/lib/python3.12/site-packages/airflow/example_dags/example_branch_operator.py
[2024-09-04T21:14:08.667+0000] {processor.py:914} INFO - Processing file /home/airflow/.local/lib/python3.12/site-packages/airflow/example_dags/example_branch_operator.py for tasks to queue
[2024-09-04T21:14:08.670+0000] {logging_mixin.py:190} INFO - [2024-09-04T21:14:08.670+0000] {dagbag.py:587} INFO - Filling up the DagBag from /home/airflow/.local/lib/python3.12/site-packages/airflow/example_dags/example_branch_operator.py
[2024-09-04T21:14:08.687+0000] {processor.py:925} INFO - DAG(s) 'example_branch_operator' retrieved from /home/airflow/.local/lib/python3.12/site-packages/airflow/example_dags/example_branch_operator.py
[2024-09-04T21:14:08.717+0000] {logging_mixin.py:190} INFO - [2024-09-04T21:14:08.716+0000] {dag.py:3211} INFO - Sync 1 DAGs
[2024-09-04T21:14:08.738+0000] {logging_mixin.py:190} INFO - [2024-09-04T21:14:08.738+0000] {dag.py:4138} INFO - Setting next_dagrun for example_branch_operator to 2024-09-03 00:00:00+00:00, run_after=2024-09-04 00:00:00+00:00
[2024-09-04T21:14:08.758+0000] {processor.py:208} INFO - Processing /home/airflow/.local/lib/python3.12/site-packages/airflow/example_dags/example_branch_operator.py took 0.099 seconds
[2024-09-04T21:14:39.493+0000] {processor.py:186} INFO - Started process (PID=1858) to work on /home/airflow/.local/lib/python3.12/site-packages/airflow/example_dags/example_branch_operator.py
[2024-09-04T21:14:39.495+0000] {processor.py:914} INFO - Processing file /home/airflow/.local/lib/python3.12/site-packages/airflow/example_dags/example_branch_operator.py for tasks to queue
[2024-09-04T21:14:39.497+0000] {logging_mixin.py:190} INFO - [2024-09-04T21:14:39.497+0000] {dagbag.py:587} INFO - Filling up the DagBag from /home/airflow/.local/lib/python3.12/site-packages/airflow/example_dags/example_branch_operator.py
[2024-09-04T21:14:39.516+0000] {processor.py:925} INFO - DAG(s) 'example_branch_operator' retrieved from /home/airflow/.local/lib/python3.12/site-packages/airflow/example_dags/example_branch_operator.py
[2024-09-04T21:14:39.547+0000] {logging_mixin.py:190} INFO - [2024-09-04T21:14:39.546+0000] {dag.py:3211} INFO - Sync 1 DAGs
[2024-09-04T21:14:39.570+0000] {logging_mixin.py:190} INFO - [2024-09-04T21:14:39.569+0000] {dag.py:4138} INFO - Setting next_dagrun for example_branch_operator to 2024-09-03 00:00:00+00:00, run_after=2024-09-04 00:00:00+00:00
[2024-09-04T21:14:39.591+0000] {processor.py:208} INFO - Processing /home/airflow/.local/lib/python3.12/site-packages/airflow/example_dags/example_branch_operator.py took 0.104 seconds
[2024-09-04T21:15:11.372+0000] {processor.py:186} INFO - Started process (PID=1921) to work on /home/airflow/.local/lib/python3.12/site-packages/airflow/example_dags/example_branch_operator.py
[2024-09-04T21:15:11.374+0000] {processor.py:914} INFO - Processing file /home/airflow/.local/lib/python3.12/site-packages/airflow/example_dags/example_branch_operator.py for tasks to queue
[2024-09-04T21:15:11.379+0000] {logging_mixin.py:190} INFO - [2024-09-04T21:15:11.379+0000] {dagbag.py:587} INFO - Filling up the DagBag from /home/airflow/.local/lib/python3.12/site-packages/airflow/example_dags/example_branch_operator.py
[2024-09-04T21:15:11.419+0000] {processor.py:925} INFO - DAG(s) 'example_branch_operator' retrieved from /home/airflow/.local/lib/python3.12/site-packages/airflow/example_dags/example_branch_operator.py
[2024-09-04T21:15:11.480+0000] {logging_mixin.py:190} INFO - [2024-09-04T21:15:11.479+0000] {dag.py:3211} INFO - Sync 1 DAGs
[2024-09-04T21:15:11.524+0000] {logging_mixin.py:190} INFO - [2024-09-04T21:15:11.524+0000] {dag.py:4138} INFO - Setting next_dagrun for example_branch_operator to 2024-09-03 00:00:00+00:00, run_after=2024-09-04 00:00:00+00:00
[2024-09-04T21:15:11.559+0000] {processor.py:208} INFO - Processing /home/airflow/.local/lib/python3.12/site-packages/airflow/example_dags/example_branch_operator.py took 0.201 seconds
[2024-09-04T21:15:41.873+0000] {processor.py:186} INFO - Started process (PID=1984) to work on /home/airflow/.local/lib/python3.12/site-packages/airflow/example_dags/example_branch_operator.py
[2024-09-04T21:15:41.875+0000] {processor.py:914} INFO - Processing file /home/airflow/.local/lib/python3.12/site-packages/airflow/example_dags/example_branch_operator.py for tasks to queue
[2024-09-04T21:15:41.880+0000] {logging_mixin.py:190} INFO - [2024-09-04T21:15:41.879+0000] {dagbag.py:587} INFO - Filling up the DagBag from /home/airflow/.local/lib/python3.12/site-packages/airflow/example_dags/example_branch_operator.py
[2024-09-04T21:15:41.913+0000] {processor.py:925} INFO - DAG(s) 'example_branch_operator' retrieved from /home/airflow/.local/lib/python3.12/site-packages/airflow/example_dags/example_branch_operator.py
[2024-09-04T21:15:41.977+0000] {logging_mixin.py:190} INFO - [2024-09-04T21:15:41.975+0000] {dag.py:3211} INFO - Sync 1 DAGs
[2024-09-04T21:15:42.020+0000] {logging_mixin.py:190} INFO - [2024-09-04T21:15:42.019+0000] {dag.py:4138} INFO - Setting next_dagrun for example_branch_operator to 2024-09-03 00:00:00+00:00, run_after=2024-09-04 00:00:00+00:00
[2024-09-04T21:15:42.052+0000] {processor.py:208} INFO - Processing /home/airflow/.local/lib/python3.12/site-packages/airflow/example_dags/example_branch_operator.py took 0.189 seconds
[2024-09-04T21:16:12.884+0000] {processor.py:186} INFO - Started process (PID=2048) to work on /home/airflow/.local/lib/python3.12/site-packages/airflow/example_dags/example_branch_operator.py
[2024-09-04T21:16:12.885+0000] {processor.py:914} INFO - Processing file /home/airflow/.local/lib/python3.12/site-packages/airflow/example_dags/example_branch_operator.py for tasks to queue
[2024-09-04T21:16:12.887+0000] {logging_mixin.py:190} INFO - [2024-09-04T21:16:12.887+0000] {dagbag.py:587} INFO - Filling up the DagBag from /home/airflow/.local/lib/python3.12/site-packages/airflow/example_dags/example_branch_operator.py
[2024-09-04T21:16:12.905+0000] {processor.py:925} INFO - DAG(s) 'example_branch_operator' retrieved from /home/airflow/.local/lib/python3.12/site-packages/airflow/example_dags/example_branch_operator.py
[2024-09-04T21:16:12.934+0000] {logging_mixin.py:190} INFO - [2024-09-04T21:16:12.934+0000] {dag.py:3211} INFO - Sync 1 DAGs
[2024-09-04T21:16:12.957+0000] {logging_mixin.py:190} INFO - [2024-09-04T21:16:12.956+0000] {dag.py:4138} INFO - Setting next_dagrun for example_branch_operator to 2024-09-03 00:00:00+00:00, run_after=2024-09-04 00:00:00+00:00
[2024-09-04T21:16:12.978+0000] {processor.py:208} INFO - Processing /home/airflow/.local/lib/python3.12/site-packages/airflow/example_dags/example_branch_operator.py took 0.099 seconds
[2024-09-04T21:16:43.372+0000] {processor.py:186} INFO - Started process (PID=2111) to work on /home/airflow/.local/lib/python3.12/site-packages/airflow/example_dags/example_branch_operator.py
[2024-09-04T21:16:43.373+0000] {processor.py:914} INFO - Processing file /home/airflow/.local/lib/python3.12/site-packages/airflow/example_dags/example_branch_operator.py for tasks to queue
[2024-09-04T21:16:43.376+0000] {logging_mixin.py:190} INFO - [2024-09-04T21:16:43.375+0000] {dagbag.py:587} INFO - Filling up the DagBag from /home/airflow/.local/lib/python3.12/site-packages/airflow/example_dags/example_branch_operator.py
[2024-09-04T21:16:43.392+0000] {processor.py:925} INFO - DAG(s) 'example_branch_operator' retrieved from /home/airflow/.local/lib/python3.12/site-packages/airflow/example_dags/example_branch_operator.py
[2024-09-04T21:16:43.420+0000] {logging_mixin.py:190} INFO - [2024-09-04T21:16:43.419+0000] {dag.py:3211} INFO - Sync 1 DAGs
[2024-09-04T21:16:43.442+0000] {logging_mixin.py:190} INFO - [2024-09-04T21:16:43.442+0000] {dag.py:4138} INFO - Setting next_dagrun for example_branch_operator to 2024-09-03 00:00:00+00:00, run_after=2024-09-04 00:00:00+00:00
[2024-09-04T21:16:43.463+0000] {processor.py:208} INFO - Processing /home/airflow/.local/lib/python3.12/site-packages/airflow/example_dags/example_branch_operator.py took 0.095 seconds
[2024-09-04T21:17:14.122+0000] {processor.py:186} INFO - Started process (PID=2174) to work on /home/airflow/.local/lib/python3.12/site-packages/airflow/example_dags/example_branch_operator.py
[2024-09-04T21:17:14.124+0000] {processor.py:914} INFO - Processing file /home/airflow/.local/lib/python3.12/site-packages/airflow/example_dags/example_branch_operator.py for tasks to queue
[2024-09-04T21:17:14.129+0000] {logging_mixin.py:190} INFO - [2024-09-04T21:17:14.128+0000] {dagbag.py:587} INFO - Filling up the DagBag from /home/airflow/.local/lib/python3.12/site-packages/airflow/example_dags/example_branch_operator.py
[2024-09-04T21:17:14.163+0000] {processor.py:925} INFO - DAG(s) 'example_branch_operator' retrieved from /home/airflow/.local/lib/python3.12/site-packages/airflow/example_dags/example_branch_operator.py
[2024-09-04T21:17:14.217+0000] {logging_mixin.py:190} INFO - [2024-09-04T21:17:14.216+0000] {dag.py:3211} INFO - Sync 1 DAGs
[2024-09-04T21:17:14.266+0000] {logging_mixin.py:190} INFO - [2024-09-04T21:17:14.266+0000] {dag.py:4138} INFO - Setting next_dagrun for example_branch_operator to 2024-09-03 00:00:00+00:00, run_after=2024-09-04 00:00:00+00:00
[2024-09-04T21:17:14.303+0000] {processor.py:208} INFO - Processing /home/airflow/.local/lib/python3.12/site-packages/airflow/example_dags/example_branch_operator.py took 0.189 seconds
[2024-09-04T21:17:45.176+0000] {processor.py:186} INFO - Started process (PID=2237) to work on /home/airflow/.local/lib/python3.12/site-packages/airflow/example_dags/example_branch_operator.py
[2024-09-04T21:17:45.178+0000] {processor.py:914} INFO - Processing file /home/airflow/.local/lib/python3.12/site-packages/airflow/example_dags/example_branch_operator.py for tasks to queue
[2024-09-04T21:17:45.180+0000] {logging_mixin.py:190} INFO - [2024-09-04T21:17:45.180+0000] {dagbag.py:587} INFO - Filling up the DagBag from /home/airflow/.local/lib/python3.12/site-packages/airflow/example_dags/example_branch_operator.py
[2024-09-04T21:17:45.197+0000] {processor.py:925} INFO - DAG(s) 'example_branch_operator' retrieved from /home/airflow/.local/lib/python3.12/site-packages/airflow/example_dags/example_branch_operator.py
[2024-09-04T21:17:45.225+0000] {logging_mixin.py:190} INFO - [2024-09-04T21:17:45.224+0000] {dag.py:3211} INFO - Sync 1 DAGs
[2024-09-04T21:17:45.245+0000] {logging_mixin.py:190} INFO - [2024-09-04T21:17:45.245+0000] {dag.py:4138} INFO - Setting next_dagrun for example_branch_operator to 2024-09-03 00:00:00+00:00, run_after=2024-09-04 00:00:00+00:00
[2024-09-04T21:17:45.267+0000] {processor.py:208} INFO - Processing /home/airflow/.local/lib/python3.12/site-packages/airflow/example_dags/example_branch_operator.py took 0.096 seconds
[2024-09-04T21:18:15.352+0000] {processor.py:186} INFO - Started process (PID=2300) to work on /home/airflow/.local/lib/python3.12/site-packages/airflow/example_dags/example_branch_operator.py
[2024-09-04T21:18:15.353+0000] {processor.py:914} INFO - Processing file /home/airflow/.local/lib/python3.12/site-packages/airflow/example_dags/example_branch_operator.py for tasks to queue
[2024-09-04T21:18:15.356+0000] {logging_mixin.py:190} INFO - [2024-09-04T21:18:15.356+0000] {dagbag.py:587} INFO - Filling up the DagBag from /home/airflow/.local/lib/python3.12/site-packages/airflow/example_dags/example_branch_operator.py
[2024-09-04T21:18:15.373+0000] {processor.py:925} INFO - DAG(s) 'example_branch_operator' retrieved from /home/airflow/.local/lib/python3.12/site-packages/airflow/example_dags/example_branch_operator.py
[2024-09-04T21:18:15.404+0000] {logging_mixin.py:190} INFO - [2024-09-04T21:18:15.404+0000] {dag.py:3211} INFO - Sync 1 DAGs
[2024-09-04T21:18:15.429+0000] {logging_mixin.py:190} INFO - [2024-09-04T21:18:15.429+0000] {dag.py:4138} INFO - Setting next_dagrun for example_branch_operator to 2024-09-03 00:00:00+00:00, run_after=2024-09-04 00:00:00+00:00
[2024-09-04T21:18:15.455+0000] {processor.py:208} INFO - Processing /home/airflow/.local/lib/python3.12/site-packages/airflow/example_dags/example_branch_operator.py took 0.108 seconds
[2024-09-04T21:18:45.964+0000] {processor.py:186} INFO - Started process (PID=2363) to work on /home/airflow/.local/lib/python3.12/site-packages/airflow/example_dags/example_branch_operator.py
[2024-09-04T21:18:45.965+0000] {processor.py:914} INFO - Processing file /home/airflow/.local/lib/python3.12/site-packages/airflow/example_dags/example_branch_operator.py for tasks to queue
[2024-09-04T21:18:45.967+0000] {logging_mixin.py:190} INFO - [2024-09-04T21:18:45.967+0000] {dagbag.py:587} INFO - Filling up the DagBag from /home/airflow/.local/lib/python3.12/site-packages/airflow/example_dags/example_branch_operator.py
[2024-09-04T21:18:45.983+0000] {processor.py:925} INFO - DAG(s) 'example_branch_operator' retrieved from /home/airflow/.local/lib/python3.12/site-packages/airflow/example_dags/example_branch_operator.py
[2024-09-04T21:18:46.010+0000] {logging_mixin.py:190} INFO - [2024-09-04T21:18:46.009+0000] {dag.py:3211} INFO - Sync 1 DAGs
[2024-09-04T21:18:46.033+0000] {logging_mixin.py:190} INFO - [2024-09-04T21:18:46.032+0000] {dag.py:4138} INFO - Setting next_dagrun for example_branch_operator to 2024-09-03 00:00:00+00:00, run_after=2024-09-04 00:00:00+00:00
[2024-09-04T21:18:46.053+0000] {processor.py:208} INFO - Processing /home/airflow/.local/lib/python3.12/site-packages/airflow/example_dags/example_branch_operator.py took 0.094 seconds
