[2024-09-04T20:52:37.192+0000] {processor.py:186} INFO - Started process (PID=106) to work on /home/airflow/.local/lib/python3.12/site-packages/airflow/example_dags/example_xcomargs.py
[2024-09-04T20:52:37.194+0000] {processor.py:914} INFO - Processing file /home/airflow/.local/lib/python3.12/site-packages/airflow/example_dags/example_xcomargs.py for tasks to queue
[2024-09-04T20:52:37.196+0000] {logging_mixin.py:190} INFO - [2024-09-04T20:52:37.196+0000] {dagbag.py:587} INFO - Filling up the DagBag from /home/airflow/.local/lib/python3.12/site-packages/airflow/example_dags/example_xcomargs.py
[2024-09-04T20:52:37.211+0000] {processor.py:925} INFO - DAG(s) 'example_xcom_args', 'example_xcom_args_with_operators' retrieved from /home/airflow/.local/lib/python3.12/site-packages/airflow/example_dags/example_xcomargs.py
[2024-09-04T20:52:37.381+0000] {logging_mixin.py:190} INFO - [2024-09-04T20:52:37.380+0000] {override.py:1858} INFO - Created Permission View: can delete on DAG:example_xcom_args
[2024-09-04T20:52:37.439+0000] {logging_mixin.py:190} INFO - [2024-09-04T20:52:37.438+0000] {override.py:1858} INFO - Created Permission View: can edit on DAG:example_xcom_args
[2024-09-04T20:52:37.456+0000] {logging_mixin.py:190} INFO - [2024-09-04T20:52:37.456+0000] {override.py:1858} INFO - Created Permission View: can read on DAG:example_xcom_args
[2024-09-04T20:52:37.479+0000] {logging_mixin.py:190} INFO - [2024-09-04T20:52:37.478+0000] {override.py:1858} INFO - Created Permission View: can delete on DAG:example_xcom_args_with_operators
[2024-09-04T20:52:37.489+0000] {logging_mixin.py:190} INFO - [2024-09-04T20:52:37.488+0000] {override.py:1858} INFO - Created Permission View: can edit on DAG:example_xcom_args_with_operators
[2024-09-04T20:52:37.500+0000] {logging_mixin.py:190} INFO - [2024-09-04T20:52:37.499+0000] {override.py:1858} INFO - Created Permission View: can read on DAG:example_xcom_args_with_operators
[2024-09-04T20:52:37.501+0000] {logging_mixin.py:190} INFO - [2024-09-04T20:52:37.501+0000] {dag.py:3211} INFO - Sync 2 DAGs
[2024-09-04T20:52:37.524+0000] {logging_mixin.py:190} INFO - [2024-09-04T20:52:37.523+0000] {dag.py:3234} INFO - Creating ORM DAG for example_xcom_args
[2024-09-04T20:52:37.525+0000] {logging_mixin.py:190} INFO - [2024-09-04T20:52:37.525+0000] {dag.py:3234} INFO - Creating ORM DAG for example_xcom_args_with_operators
[2024-09-04T20:52:37.527+0000] {logging_mixin.py:190} INFO - [2024-09-04T20:52:37.527+0000] {dag.py:4138} INFO - Setting next_dagrun for example_xcom_args to None, run_after=None
[2024-09-04T20:52:37.528+0000] {logging_mixin.py:190} INFO - [2024-09-04T20:52:37.528+0000] {dag.py:4138} INFO - Setting next_dagrun for example_xcom_args_with_operators to None, run_after=None
[2024-09-04T20:52:37.559+0000] {processor.py:208} INFO - Processing /home/airflow/.local/lib/python3.12/site-packages/airflow/example_dags/example_xcomargs.py took 0.374 seconds
[2024-09-04T21:00:18.716+0000] {processor.py:186} INFO - Started process (PID=101) to work on /home/airflow/.local/lib/python3.12/site-packages/airflow/example_dags/example_xcomargs.py
[2024-09-04T21:00:18.718+0000] {processor.py:914} INFO - Processing file /home/airflow/.local/lib/python3.12/site-packages/airflow/example_dags/example_xcomargs.py for tasks to queue
[2024-09-04T21:00:18.722+0000] {logging_mixin.py:190} INFO - [2024-09-04T21:00:18.722+0000] {dagbag.py:587} INFO - Filling up the DagBag from /home/airflow/.local/lib/python3.12/site-packages/airflow/example_dags/example_xcomargs.py
[2024-09-04T21:00:18.740+0000] {processor.py:925} INFO - DAG(s) 'example_xcom_args_with_operators', 'example_xcom_args' retrieved from /home/airflow/.local/lib/python3.12/site-packages/airflow/example_dags/example_xcomargs.py
[2024-09-04T21:00:18.794+0000] {logging_mixin.py:190} INFO - [2024-09-04T21:00:18.794+0000] {dag.py:3211} INFO - Sync 2 DAGs
[2024-09-04T21:00:18.847+0000] {logging_mixin.py:190} INFO - [2024-09-04T21:00:18.847+0000] {dag.py:4138} INFO - Setting next_dagrun for example_xcom_args to None, run_after=None
[2024-09-04T21:00:18.860+0000] {logging_mixin.py:190} INFO - [2024-09-04T21:00:18.860+0000] {dag.py:4138} INFO - Setting next_dagrun for example_xcom_args_with_operators to None, run_after=None
[2024-09-04T21:00:18.903+0000] {processor.py:208} INFO - Processing /home/airflow/.local/lib/python3.12/site-packages/airflow/example_dags/example_xcomargs.py took 0.199 seconds
[2024-09-04T21:00:49.745+0000] {processor.py:186} INFO - Started process (PID=163) to work on /home/airflow/.local/lib/python3.12/site-packages/airflow/example_dags/example_xcomargs.py
[2024-09-04T21:00:49.746+0000] {processor.py:914} INFO - Processing file /home/airflow/.local/lib/python3.12/site-packages/airflow/example_dags/example_xcomargs.py for tasks to queue
[2024-09-04T21:00:49.748+0000] {logging_mixin.py:190} INFO - [2024-09-04T21:00:49.748+0000] {dagbag.py:587} INFO - Filling up the DagBag from /home/airflow/.local/lib/python3.12/site-packages/airflow/example_dags/example_xcomargs.py
[2024-09-04T21:00:49.758+0000] {processor.py:925} INFO - DAG(s) 'example_xcom_args_with_operators', 'example_xcom_args' retrieved from /home/airflow/.local/lib/python3.12/site-packages/airflow/example_dags/example_xcomargs.py
[2024-09-04T21:00:49.780+0000] {logging_mixin.py:190} INFO - [2024-09-04T21:00:49.780+0000] {dag.py:3211} INFO - Sync 2 DAGs
[2024-09-04T21:00:49.800+0000] {logging_mixin.py:190} INFO - [2024-09-04T21:00:49.800+0000] {dag.py:4138} INFO - Setting next_dagrun for example_xcom_args to None, run_after=None
[2024-09-04T21:00:49.804+0000] {logging_mixin.py:190} INFO - [2024-09-04T21:00:49.804+0000] {dag.py:4138} INFO - Setting next_dagrun for example_xcom_args_with_operators to None, run_after=None
[2024-09-04T21:00:49.825+0000] {processor.py:208} INFO - Processing /home/airflow/.local/lib/python3.12/site-packages/airflow/example_dags/example_xcomargs.py took 0.085 seconds
[2024-09-04T21:01:20.085+0000] {processor.py:186} INFO - Started process (PID=225) to work on /home/airflow/.local/lib/python3.12/site-packages/airflow/example_dags/example_xcomargs.py
[2024-09-04T21:01:20.086+0000] {processor.py:914} INFO - Processing file /home/airflow/.local/lib/python3.12/site-packages/airflow/example_dags/example_xcomargs.py for tasks to queue
[2024-09-04T21:01:20.088+0000] {logging_mixin.py:190} INFO - [2024-09-04T21:01:20.088+0000] {dagbag.py:587} INFO - Filling up the DagBag from /home/airflow/.local/lib/python3.12/site-packages/airflow/example_dags/example_xcomargs.py
[2024-09-04T21:01:20.097+0000] {processor.py:925} INFO - DAG(s) 'example_xcom_args_with_operators', 'example_xcom_args' retrieved from /home/airflow/.local/lib/python3.12/site-packages/airflow/example_dags/example_xcomargs.py
[2024-09-04T21:01:20.123+0000] {logging_mixin.py:190} INFO - [2024-09-04T21:01:20.123+0000] {dag.py:3211} INFO - Sync 2 DAGs
[2024-09-04T21:01:20.137+0000] {logging_mixin.py:190} INFO - [2024-09-04T21:01:20.137+0000] {dag.py:4138} INFO - Setting next_dagrun for example_xcom_args to None, run_after=None
[2024-09-04T21:01:20.142+0000] {logging_mixin.py:190} INFO - [2024-09-04T21:01:20.142+0000] {dag.py:4138} INFO - Setting next_dagrun for example_xcom_args_with_operators to None, run_after=None
[2024-09-04T21:01:20.165+0000] {processor.py:208} INFO - Processing /home/airflow/.local/lib/python3.12/site-packages/airflow/example_dags/example_xcomargs.py took 0.086 seconds
[2024-09-04T21:01:50.238+0000] {processor.py:186} INFO - Started process (PID=287) to work on /home/airflow/.local/lib/python3.12/site-packages/airflow/example_dags/example_xcomargs.py
[2024-09-04T21:01:50.239+0000] {processor.py:914} INFO - Processing file /home/airflow/.local/lib/python3.12/site-packages/airflow/example_dags/example_xcomargs.py for tasks to queue
[2024-09-04T21:01:50.241+0000] {logging_mixin.py:190} INFO - [2024-09-04T21:01:50.241+0000] {dagbag.py:587} INFO - Filling up the DagBag from /home/airflow/.local/lib/python3.12/site-packages/airflow/example_dags/example_xcomargs.py
[2024-09-04T21:01:50.249+0000] {processor.py:925} INFO - DAG(s) 'example_xcom_args_with_operators', 'example_xcom_args' retrieved from /home/airflow/.local/lib/python3.12/site-packages/airflow/example_dags/example_xcomargs.py
[2024-09-04T21:01:50.271+0000] {logging_mixin.py:190} INFO - [2024-09-04T21:01:50.271+0000] {dag.py:3211} INFO - Sync 2 DAGs
[2024-09-04T21:01:50.283+0000] {logging_mixin.py:190} INFO - [2024-09-04T21:01:50.283+0000] {dag.py:4138} INFO - Setting next_dagrun for example_xcom_args to None, run_after=None
[2024-09-04T21:01:50.287+0000] {logging_mixin.py:190} INFO - [2024-09-04T21:01:50.287+0000] {dag.py:4138} INFO - Setting next_dagrun for example_xcom_args_with_operators to None, run_after=None
[2024-09-04T21:01:50.306+0000] {processor.py:208} INFO - Processing /home/airflow/.local/lib/python3.12/site-packages/airflow/example_dags/example_xcomargs.py took 0.073 seconds
[2024-09-04T21:02:21.224+0000] {processor.py:186} INFO - Started process (PID=350) to work on /home/airflow/.local/lib/python3.12/site-packages/airflow/example_dags/example_xcomargs.py
[2024-09-04T21:02:21.225+0000] {processor.py:914} INFO - Processing file /home/airflow/.local/lib/python3.12/site-packages/airflow/example_dags/example_xcomargs.py for tasks to queue
[2024-09-04T21:02:21.227+0000] {logging_mixin.py:190} INFO - [2024-09-04T21:02:21.227+0000] {dagbag.py:587} INFO - Filling up the DagBag from /home/airflow/.local/lib/python3.12/site-packages/airflow/example_dags/example_xcomargs.py
[2024-09-04T21:02:21.235+0000] {processor.py:925} INFO - DAG(s) 'example_xcom_args', 'example_xcom_args_with_operators' retrieved from /home/airflow/.local/lib/python3.12/site-packages/airflow/example_dags/example_xcomargs.py
[2024-09-04T21:02:21.253+0000] {logging_mixin.py:190} INFO - [2024-09-04T21:02:21.253+0000] {dag.py:3211} INFO - Sync 2 DAGs
[2024-09-04T21:02:21.266+0000] {logging_mixin.py:190} INFO - [2024-09-04T21:02:21.265+0000] {dag.py:4138} INFO - Setting next_dagrun for example_xcom_args to None, run_after=None
[2024-09-04T21:02:21.269+0000] {logging_mixin.py:190} INFO - [2024-09-04T21:02:21.268+0000] {dag.py:4138} INFO - Setting next_dagrun for example_xcom_args_with_operators to None, run_after=None
[2024-09-04T21:02:21.288+0000] {processor.py:208} INFO - Processing /home/airflow/.local/lib/python3.12/site-packages/airflow/example_dags/example_xcomargs.py took 0.070 seconds
[2024-09-04T21:02:51.715+0000] {processor.py:186} INFO - Started process (PID=412) to work on /home/airflow/.local/lib/python3.12/site-packages/airflow/example_dags/example_xcomargs.py
[2024-09-04T21:02:51.716+0000] {processor.py:914} INFO - Processing file /home/airflow/.local/lib/python3.12/site-packages/airflow/example_dags/example_xcomargs.py for tasks to queue
[2024-09-04T21:02:51.718+0000] {logging_mixin.py:190} INFO - [2024-09-04T21:02:51.718+0000] {dagbag.py:587} INFO - Filling up the DagBag from /home/airflow/.local/lib/python3.12/site-packages/airflow/example_dags/example_xcomargs.py
[2024-09-04T21:02:51.727+0000] {processor.py:925} INFO - DAG(s) 'example_xcom_args', 'example_xcom_args_with_operators' retrieved from /home/airflow/.local/lib/python3.12/site-packages/airflow/example_dags/example_xcomargs.py
[2024-09-04T21:02:51.749+0000] {logging_mixin.py:190} INFO - [2024-09-04T21:02:51.749+0000] {dag.py:3211} INFO - Sync 2 DAGs
[2024-09-04T21:02:51.762+0000] {logging_mixin.py:190} INFO - [2024-09-04T21:02:51.762+0000] {dag.py:4138} INFO - Setting next_dagrun for example_xcom_args to None, run_after=None
[2024-09-04T21:02:51.767+0000] {logging_mixin.py:190} INFO - [2024-09-04T21:02:51.767+0000] {dag.py:4138} INFO - Setting next_dagrun for example_xcom_args_with_operators to None, run_after=None
[2024-09-04T21:02:51.788+0000] {processor.py:208} INFO - Processing /home/airflow/.local/lib/python3.12/site-packages/airflow/example_dags/example_xcomargs.py took 0.077 seconds
[2024-09-04T21:03:23.196+0000] {processor.py:186} INFO - Started process (PID=474) to work on /home/airflow/.local/lib/python3.12/site-packages/airflow/example_dags/example_xcomargs.py
[2024-09-04T21:03:23.198+0000] {processor.py:914} INFO - Processing file /home/airflow/.local/lib/python3.12/site-packages/airflow/example_dags/example_xcomargs.py for tasks to queue
[2024-09-04T21:03:23.203+0000] {logging_mixin.py:190} INFO - [2024-09-04T21:03:23.202+0000] {dagbag.py:587} INFO - Filling up the DagBag from /home/airflow/.local/lib/python3.12/site-packages/airflow/example_dags/example_xcomargs.py
[2024-09-04T21:03:23.224+0000] {processor.py:925} INFO - DAG(s) 'example_xcom_args', 'example_xcom_args_with_operators' retrieved from /home/airflow/.local/lib/python3.12/site-packages/airflow/example_dags/example_xcomargs.py
[2024-09-04T21:03:23.270+0000] {logging_mixin.py:190} INFO - [2024-09-04T21:03:23.269+0000] {dag.py:3211} INFO - Sync 2 DAGs
[2024-09-04T21:03:23.305+0000] {logging_mixin.py:190} INFO - [2024-09-04T21:03:23.305+0000] {dag.py:4138} INFO - Setting next_dagrun for example_xcom_args to None, run_after=None
[2024-09-04T21:03:23.314+0000] {logging_mixin.py:190} INFO - [2024-09-04T21:03:23.314+0000] {dag.py:4138} INFO - Setting next_dagrun for example_xcom_args_with_operators to None, run_after=None
[2024-09-04T21:03:23.348+0000] {processor.py:208} INFO - Processing /home/airflow/.local/lib/python3.12/site-packages/airflow/example_dags/example_xcomargs.py took 0.165 seconds
[2024-09-04T21:03:53.558+0000] {processor.py:186} INFO - Started process (PID=536) to work on /home/airflow/.local/lib/python3.12/site-packages/airflow/example_dags/example_xcomargs.py
[2024-09-04T21:03:53.559+0000] {processor.py:914} INFO - Processing file /home/airflow/.local/lib/python3.12/site-packages/airflow/example_dags/example_xcomargs.py for tasks to queue
[2024-09-04T21:03:53.563+0000] {logging_mixin.py:190} INFO - [2024-09-04T21:03:53.562+0000] {dagbag.py:587} INFO - Filling up the DagBag from /home/airflow/.local/lib/python3.12/site-packages/airflow/example_dags/example_xcomargs.py
[2024-09-04T21:03:53.576+0000] {processor.py:925} INFO - DAG(s) 'example_xcom_args_with_operators', 'example_xcom_args' retrieved from /home/airflow/.local/lib/python3.12/site-packages/airflow/example_dags/example_xcomargs.py
[2024-09-04T21:03:53.609+0000] {logging_mixin.py:190} INFO - [2024-09-04T21:03:53.608+0000] {dag.py:3211} INFO - Sync 2 DAGs
[2024-09-04T21:03:53.640+0000] {logging_mixin.py:190} INFO - [2024-09-04T21:03:53.640+0000] {dag.py:4138} INFO - Setting next_dagrun for example_xcom_args to None, run_after=None
[2024-09-04T21:03:53.648+0000] {logging_mixin.py:190} INFO - [2024-09-04T21:03:53.648+0000] {dag.py:4138} INFO - Setting next_dagrun for example_xcom_args_with_operators to None, run_after=None
[2024-09-04T21:03:53.685+0000] {processor.py:208} INFO - Processing /home/airflow/.local/lib/python3.12/site-packages/airflow/example_dags/example_xcomargs.py took 0.135 seconds
[2024-09-04T21:04:24.678+0000] {processor.py:186} INFO - Started process (PID=604) to work on /home/airflow/.local/lib/python3.12/site-packages/airflow/example_dags/example_xcomargs.py
[2024-09-04T21:04:24.680+0000] {processor.py:914} INFO - Processing file /home/airflow/.local/lib/python3.12/site-packages/airflow/example_dags/example_xcomargs.py for tasks to queue
[2024-09-04T21:04:24.683+0000] {logging_mixin.py:190} INFO - [2024-09-04T21:04:24.683+0000] {dagbag.py:587} INFO - Filling up the DagBag from /home/airflow/.local/lib/python3.12/site-packages/airflow/example_dags/example_xcomargs.py
[2024-09-04T21:04:24.697+0000] {processor.py:925} INFO - DAG(s) 'example_xcom_args_with_operators', 'example_xcom_args' retrieved from /home/airflow/.local/lib/python3.12/site-packages/airflow/example_dags/example_xcomargs.py
[2024-09-04T21:04:24.730+0000] {logging_mixin.py:190} INFO - [2024-09-04T21:04:24.730+0000] {dag.py:3211} INFO - Sync 2 DAGs
[2024-09-04T21:04:24.749+0000] {logging_mixin.py:190} INFO - [2024-09-04T21:04:24.748+0000] {dag.py:4138} INFO - Setting next_dagrun for example_xcom_args to None, run_after=None
[2024-09-04T21:04:24.754+0000] {logging_mixin.py:190} INFO - [2024-09-04T21:04:24.754+0000] {dag.py:4138} INFO - Setting next_dagrun for example_xcom_args_with_operators to None, run_after=None
[2024-09-04T21:04:24.778+0000] {processor.py:208} INFO - Processing /home/airflow/.local/lib/python3.12/site-packages/airflow/example_dags/example_xcomargs.py took 0.112 seconds
[2024-09-04T21:04:54.932+0000] {processor.py:186} INFO - Started process (PID=666) to work on /home/airflow/.local/lib/python3.12/site-packages/airflow/example_dags/example_xcomargs.py
[2024-09-04T21:04:54.934+0000] {processor.py:914} INFO - Processing file /home/airflow/.local/lib/python3.12/site-packages/airflow/example_dags/example_xcomargs.py for tasks to queue
[2024-09-04T21:04:54.938+0000] {logging_mixin.py:190} INFO - [2024-09-04T21:04:54.938+0000] {dagbag.py:587} INFO - Filling up the DagBag from /home/airflow/.local/lib/python3.12/site-packages/airflow/example_dags/example_xcomargs.py
[2024-09-04T21:04:54.953+0000] {processor.py:925} INFO - DAG(s) 'example_xcom_args', 'example_xcom_args_with_operators' retrieved from /home/airflow/.local/lib/python3.12/site-packages/airflow/example_dags/example_xcomargs.py
[2024-09-04T21:04:54.995+0000] {logging_mixin.py:190} INFO - [2024-09-04T21:04:54.994+0000] {dag.py:3211} INFO - Sync 2 DAGs
[2024-09-04T21:04:55.015+0000] {logging_mixin.py:190} INFO - [2024-09-04T21:04:55.015+0000] {dag.py:4138} INFO - Setting next_dagrun for example_xcom_args to None, run_after=None
[2024-09-04T21:04:55.022+0000] {logging_mixin.py:190} INFO - [2024-09-04T21:04:55.021+0000] {dag.py:4138} INFO - Setting next_dagrun for example_xcom_args_with_operators to None, run_after=None
[2024-09-04T21:04:55.046+0000] {processor.py:208} INFO - Processing /home/airflow/.local/lib/python3.12/site-packages/airflow/example_dags/example_xcomargs.py took 0.122 seconds
[2024-09-04T21:05:26.046+0000] {processor.py:186} INFO - Started process (PID=728) to work on /home/airflow/.local/lib/python3.12/site-packages/airflow/example_dags/example_xcomargs.py
[2024-09-04T21:05:26.049+0000] {processor.py:914} INFO - Processing file /home/airflow/.local/lib/python3.12/site-packages/airflow/example_dags/example_xcomargs.py for tasks to queue
[2024-09-04T21:05:26.055+0000] {logging_mixin.py:190} INFO - [2024-09-04T21:05:26.054+0000] {dagbag.py:587} INFO - Filling up the DagBag from /home/airflow/.local/lib/python3.12/site-packages/airflow/example_dags/example_xcomargs.py
[2024-09-04T21:05:26.078+0000] {processor.py:925} INFO - DAG(s) 'example_xcom_args', 'example_xcom_args_with_operators' retrieved from /home/airflow/.local/lib/python3.12/site-packages/airflow/example_dags/example_xcomargs.py
[2024-09-04T21:05:26.125+0000] {logging_mixin.py:190} INFO - [2024-09-04T21:05:26.124+0000] {dag.py:3211} INFO - Sync 2 DAGs
[2024-09-04T21:05:26.160+0000] {logging_mixin.py:190} INFO - [2024-09-04T21:05:26.159+0000] {dag.py:4138} INFO - Setting next_dagrun for example_xcom_args to None, run_after=None
[2024-09-04T21:05:26.167+0000] {logging_mixin.py:190} INFO - [2024-09-04T21:05:26.167+0000] {dag.py:4138} INFO - Setting next_dagrun for example_xcom_args_with_operators to None, run_after=None
[2024-09-04T21:05:26.200+0000] {processor.py:208} INFO - Processing /home/airflow/.local/lib/python3.12/site-packages/airflow/example_dags/example_xcomargs.py took 0.166 seconds
[2024-09-04T21:05:56.269+0000] {processor.py:186} INFO - Started process (PID=790) to work on /home/airflow/.local/lib/python3.12/site-packages/airflow/example_dags/example_xcomargs.py
[2024-09-04T21:05:56.270+0000] {processor.py:914} INFO - Processing file /home/airflow/.local/lib/python3.12/site-packages/airflow/example_dags/example_xcomargs.py for tasks to queue
[2024-09-04T21:05:56.272+0000] {logging_mixin.py:190} INFO - [2024-09-04T21:05:56.272+0000] {dagbag.py:587} INFO - Filling up the DagBag from /home/airflow/.local/lib/python3.12/site-packages/airflow/example_dags/example_xcomargs.py
[2024-09-04T21:05:56.280+0000] {processor.py:925} INFO - DAG(s) 'example_xcom_args_with_operators', 'example_xcom_args' retrieved from /home/airflow/.local/lib/python3.12/site-packages/airflow/example_dags/example_xcomargs.py
[2024-09-04T21:05:56.303+0000] {logging_mixin.py:190} INFO - [2024-09-04T21:05:56.303+0000] {dag.py:3211} INFO - Sync 2 DAGs
[2024-09-04T21:05:56.315+0000] {logging_mixin.py:190} INFO - [2024-09-04T21:05:56.315+0000] {dag.py:4138} INFO - Setting next_dagrun for example_xcom_args to None, run_after=None
[2024-09-04T21:05:56.319+0000] {logging_mixin.py:190} INFO - [2024-09-04T21:05:56.319+0000] {dag.py:4138} INFO - Setting next_dagrun for example_xcom_args_with_operators to None, run_after=None
[2024-09-04T21:05:56.335+0000] {processor.py:208} INFO - Processing /home/airflow/.local/lib/python3.12/site-packages/airflow/example_dags/example_xcomargs.py took 0.071 seconds
[2024-09-04T21:06:28.242+0000] {processor.py:186} INFO - Started process (PID=851) to work on /home/airflow/.local/lib/python3.12/site-packages/airflow/example_dags/example_xcomargs.py
[2024-09-04T21:06:28.252+0000] {processor.py:914} INFO - Processing file /home/airflow/.local/lib/python3.12/site-packages/airflow/example_dags/example_xcomargs.py for tasks to queue
[2024-09-04T21:06:28.266+0000] {logging_mixin.py:190} INFO - [2024-09-04T21:06:28.261+0000] {dagbag.py:587} INFO - Filling up the DagBag from /home/airflow/.local/lib/python3.12/site-packages/airflow/example_dags/example_xcomargs.py
[2024-09-04T21:06:28.340+0000] {processor.py:925} INFO - DAG(s) 'example_xcom_args_with_operators', 'example_xcom_args' retrieved from /home/airflow/.local/lib/python3.12/site-packages/airflow/example_dags/example_xcomargs.py
[2024-09-04T21:06:28.514+0000] {logging_mixin.py:190} INFO - [2024-09-04T21:06:28.513+0000] {dag.py:3211} INFO - Sync 2 DAGs
[2024-09-04T21:06:28.643+0000] {logging_mixin.py:190} INFO - [2024-09-04T21:06:28.642+0000] {dag.py:4138} INFO - Setting next_dagrun for example_xcom_args to None, run_after=None
[2024-09-04T21:06:28.674+0000] {logging_mixin.py:190} INFO - [2024-09-04T21:06:28.673+0000] {dag.py:4138} INFO - Setting next_dagrun for example_xcom_args_with_operators to None, run_after=None
[2024-09-04T21:06:28.778+0000] {processor.py:208} INFO - Processing /home/airflow/.local/lib/python3.12/site-packages/airflow/example_dags/example_xcomargs.py took 0.563 seconds
[2024-09-04T21:06:59.349+0000] {processor.py:186} INFO - Started process (PID=913) to work on /home/airflow/.local/lib/python3.12/site-packages/airflow/example_dags/example_xcomargs.py
[2024-09-04T21:06:59.352+0000] {processor.py:914} INFO - Processing file /home/airflow/.local/lib/python3.12/site-packages/airflow/example_dags/example_xcomargs.py for tasks to queue
[2024-09-04T21:06:59.355+0000] {logging_mixin.py:190} INFO - [2024-09-04T21:06:59.355+0000] {dagbag.py:587} INFO - Filling up the DagBag from /home/airflow/.local/lib/python3.12/site-packages/airflow/example_dags/example_xcomargs.py
[2024-09-04T21:06:59.366+0000] {processor.py:925} INFO - DAG(s) 'example_xcom_args', 'example_xcom_args_with_operators' retrieved from /home/airflow/.local/lib/python3.12/site-packages/airflow/example_dags/example_xcomargs.py
[2024-09-04T21:06:59.394+0000] {logging_mixin.py:190} INFO - [2024-09-04T21:06:59.394+0000] {dag.py:3211} INFO - Sync 2 DAGs
[2024-09-04T21:06:59.426+0000] {logging_mixin.py:190} INFO - [2024-09-04T21:06:59.425+0000] {dag.py:4138} INFO - Setting next_dagrun for example_xcom_args to None, run_after=None
[2024-09-04T21:06:59.444+0000] {logging_mixin.py:190} INFO - [2024-09-04T21:06:59.443+0000] {dag.py:4138} INFO - Setting next_dagrun for example_xcom_args_with_operators to None, run_after=None
[2024-09-04T21:06:59.561+0000] {processor.py:208} INFO - Processing /home/airflow/.local/lib/python3.12/site-packages/airflow/example_dags/example_xcomargs.py took 0.219 seconds
[2024-09-04T21:07:29.759+0000] {processor.py:186} INFO - Started process (PID=975) to work on /home/airflow/.local/lib/python3.12/site-packages/airflow/example_dags/example_xcomargs.py
[2024-09-04T21:07:29.760+0000] {processor.py:914} INFO - Processing file /home/airflow/.local/lib/python3.12/site-packages/airflow/example_dags/example_xcomargs.py for tasks to queue
[2024-09-04T21:07:29.766+0000] {logging_mixin.py:190} INFO - [2024-09-04T21:07:29.765+0000] {dagbag.py:587} INFO - Filling up the DagBag from /home/airflow/.local/lib/python3.12/site-packages/airflow/example_dags/example_xcomargs.py
[2024-09-04T21:07:29.774+0000] {processor.py:925} INFO - DAG(s) 'example_xcom_args_with_operators', 'example_xcom_args' retrieved from /home/airflow/.local/lib/python3.12/site-packages/airflow/example_dags/example_xcomargs.py
[2024-09-04T21:07:29.811+0000] {logging_mixin.py:190} INFO - [2024-09-04T21:07:29.811+0000] {dag.py:3211} INFO - Sync 2 DAGs
[2024-09-04T21:07:29.837+0000] {logging_mixin.py:190} INFO - [2024-09-04T21:07:29.837+0000] {dag.py:4138} INFO - Setting next_dagrun for example_xcom_args to None, run_after=None
[2024-09-04T21:07:29.847+0000] {logging_mixin.py:190} INFO - [2024-09-04T21:07:29.847+0000] {dag.py:4138} INFO - Setting next_dagrun for example_xcom_args_with_operators to None, run_after=None
[2024-09-04T21:07:29.880+0000] {processor.py:208} INFO - Processing /home/airflow/.local/lib/python3.12/site-packages/airflow/example_dags/example_xcomargs.py took 0.127 seconds
[2024-09-04T21:08:00.084+0000] {processor.py:186} INFO - Started process (PID=1038) to work on /home/airflow/.local/lib/python3.12/site-packages/airflow/example_dags/example_xcomargs.py
[2024-09-04T21:08:00.085+0000] {processor.py:914} INFO - Processing file /home/airflow/.local/lib/python3.12/site-packages/airflow/example_dags/example_xcomargs.py for tasks to queue
[2024-09-04T21:08:00.088+0000] {logging_mixin.py:190} INFO - [2024-09-04T21:08:00.087+0000] {dagbag.py:587} INFO - Filling up the DagBag from /home/airflow/.local/lib/python3.12/site-packages/airflow/example_dags/example_xcomargs.py
[2024-09-04T21:08:00.097+0000] {processor.py:925} INFO - DAG(s) 'example_xcom_args', 'example_xcom_args_with_operators' retrieved from /home/airflow/.local/lib/python3.12/site-packages/airflow/example_dags/example_xcomargs.py
[2024-09-04T21:08:00.122+0000] {logging_mixin.py:190} INFO - [2024-09-04T21:08:00.122+0000] {dag.py:3211} INFO - Sync 2 DAGs
[2024-09-04T21:08:00.135+0000] {logging_mixin.py:190} INFO - [2024-09-04T21:08:00.135+0000] {dag.py:4138} INFO - Setting next_dagrun for example_xcom_args to None, run_after=None
[2024-09-04T21:08:00.140+0000] {logging_mixin.py:190} INFO - [2024-09-04T21:08:00.139+0000] {dag.py:4138} INFO - Setting next_dagrun for example_xcom_args_with_operators to None, run_after=None
[2024-09-04T21:08:00.156+0000] {processor.py:208} INFO - Processing /home/airflow/.local/lib/python3.12/site-packages/airflow/example_dags/example_xcomargs.py took 0.078 seconds
[2024-09-04T21:08:30.793+0000] {processor.py:186} INFO - Started process (PID=1100) to work on /home/airflow/.local/lib/python3.12/site-packages/airflow/example_dags/example_xcomargs.py
[2024-09-04T21:08:30.794+0000] {processor.py:914} INFO - Processing file /home/airflow/.local/lib/python3.12/site-packages/airflow/example_dags/example_xcomargs.py for tasks to queue
[2024-09-04T21:08:30.796+0000] {logging_mixin.py:190} INFO - [2024-09-04T21:08:30.795+0000] {dagbag.py:587} INFO - Filling up the DagBag from /home/airflow/.local/lib/python3.12/site-packages/airflow/example_dags/example_xcomargs.py
[2024-09-04T21:08:30.803+0000] {processor.py:925} INFO - DAG(s) 'example_xcom_args_with_operators', 'example_xcom_args' retrieved from /home/airflow/.local/lib/python3.12/site-packages/airflow/example_dags/example_xcomargs.py
[2024-09-04T21:08:30.826+0000] {logging_mixin.py:190} INFO - [2024-09-04T21:08:30.826+0000] {dag.py:3211} INFO - Sync 2 DAGs
[2024-09-04T21:08:30.837+0000] {logging_mixin.py:190} INFO - [2024-09-04T21:08:30.837+0000] {dag.py:4138} INFO - Setting next_dagrun for example_xcom_args to None, run_after=None
[2024-09-04T21:08:30.841+0000] {logging_mixin.py:190} INFO - [2024-09-04T21:08:30.841+0000] {dag.py:4138} INFO - Setting next_dagrun for example_xcom_args_with_operators to None, run_after=None
[2024-09-04T21:08:30.857+0000] {processor.py:208} INFO - Processing /home/airflow/.local/lib/python3.12/site-packages/airflow/example_dags/example_xcomargs.py took 0.070 seconds
[2024-09-04T21:09:01.273+0000] {processor.py:186} INFO - Started process (PID=1162) to work on /home/airflow/.local/lib/python3.12/site-packages/airflow/example_dags/example_xcomargs.py
[2024-09-04T21:09:01.274+0000] {processor.py:914} INFO - Processing file /home/airflow/.local/lib/python3.12/site-packages/airflow/example_dags/example_xcomargs.py for tasks to queue
[2024-09-04T21:09:01.276+0000] {logging_mixin.py:190} INFO - [2024-09-04T21:09:01.275+0000] {dagbag.py:587} INFO - Filling up the DagBag from /home/airflow/.local/lib/python3.12/site-packages/airflow/example_dags/example_xcomargs.py
[2024-09-04T21:09:01.285+0000] {processor.py:925} INFO - DAG(s) 'example_xcom_args', 'example_xcom_args_with_operators' retrieved from /home/airflow/.local/lib/python3.12/site-packages/airflow/example_dags/example_xcomargs.py
[2024-09-04T21:09:01.306+0000] {logging_mixin.py:190} INFO - [2024-09-04T21:09:01.306+0000] {dag.py:3211} INFO - Sync 2 DAGs
[2024-09-04T21:09:01.320+0000] {logging_mixin.py:190} INFO - [2024-09-04T21:09:01.320+0000] {dag.py:4138} INFO - Setting next_dagrun for example_xcom_args to None, run_after=None
[2024-09-04T21:09:01.323+0000] {logging_mixin.py:190} INFO - [2024-09-04T21:09:01.323+0000] {dag.py:4138} INFO - Setting next_dagrun for example_xcom_args_with_operators to None, run_after=None
[2024-09-04T21:09:01.340+0000] {processor.py:208} INFO - Processing /home/airflow/.local/lib/python3.12/site-packages/airflow/example_dags/example_xcomargs.py took 0.073 seconds
[2024-09-04T21:09:31.729+0000] {processor.py:186} INFO - Started process (PID=1224) to work on /home/airflow/.local/lib/python3.12/site-packages/airflow/example_dags/example_xcomargs.py
[2024-09-04T21:09:31.730+0000] {processor.py:914} INFO - Processing file /home/airflow/.local/lib/python3.12/site-packages/airflow/example_dags/example_xcomargs.py for tasks to queue
[2024-09-04T21:09:31.732+0000] {logging_mixin.py:190} INFO - [2024-09-04T21:09:31.732+0000] {dagbag.py:587} INFO - Filling up the DagBag from /home/airflow/.local/lib/python3.12/site-packages/airflow/example_dags/example_xcomargs.py
[2024-09-04T21:09:31.740+0000] {processor.py:925} INFO - DAG(s) 'example_xcom_args', 'example_xcom_args_with_operators' retrieved from /home/airflow/.local/lib/python3.12/site-packages/airflow/example_dags/example_xcomargs.py
[2024-09-04T21:09:31.763+0000] {logging_mixin.py:190} INFO - [2024-09-04T21:09:31.763+0000] {dag.py:3211} INFO - Sync 2 DAGs
[2024-09-04T21:09:31.775+0000] {logging_mixin.py:190} INFO - [2024-09-04T21:09:31.775+0000] {dag.py:4138} INFO - Setting next_dagrun for example_xcom_args to None, run_after=None
[2024-09-04T21:09:31.779+0000] {logging_mixin.py:190} INFO - [2024-09-04T21:09:31.778+0000] {dag.py:4138} INFO - Setting next_dagrun for example_xcom_args_with_operators to None, run_after=None
[2024-09-04T21:09:31.796+0000] {processor.py:208} INFO - Processing /home/airflow/.local/lib/python3.12/site-packages/airflow/example_dags/example_xcomargs.py took 0.072 seconds
[2024-09-04T21:10:02.162+0000] {processor.py:186} INFO - Started process (PID=1286) to work on /home/airflow/.local/lib/python3.12/site-packages/airflow/example_dags/example_xcomargs.py
[2024-09-04T21:10:02.163+0000] {processor.py:914} INFO - Processing file /home/airflow/.local/lib/python3.12/site-packages/airflow/example_dags/example_xcomargs.py for tasks to queue
[2024-09-04T21:10:02.165+0000] {logging_mixin.py:190} INFO - [2024-09-04T21:10:02.165+0000] {dagbag.py:587} INFO - Filling up the DagBag from /home/airflow/.local/lib/python3.12/site-packages/airflow/example_dags/example_xcomargs.py
[2024-09-04T21:10:02.173+0000] {processor.py:925} INFO - DAG(s) 'example_xcom_args_with_operators', 'example_xcom_args' retrieved from /home/airflow/.local/lib/python3.12/site-packages/airflow/example_dags/example_xcomargs.py
[2024-09-04T21:10:02.192+0000] {logging_mixin.py:190} INFO - [2024-09-04T21:10:02.192+0000] {dag.py:3211} INFO - Sync 2 DAGs
[2024-09-04T21:10:02.204+0000] {logging_mixin.py:190} INFO - [2024-09-04T21:10:02.203+0000] {dag.py:4138} INFO - Setting next_dagrun for example_xcom_args to None, run_after=None
[2024-09-04T21:10:02.207+0000] {logging_mixin.py:190} INFO - [2024-09-04T21:10:02.207+0000] {dag.py:4138} INFO - Setting next_dagrun for example_xcom_args_with_operators to None, run_after=None
[2024-09-04T21:10:02.223+0000] {processor.py:208} INFO - Processing /home/airflow/.local/lib/python3.12/site-packages/airflow/example_dags/example_xcomargs.py took 0.066 seconds
[2024-09-04T21:10:33.839+0000] {processor.py:186} INFO - Started process (PID=1349) to work on /home/airflow/.local/lib/python3.12/site-packages/airflow/example_dags/example_xcomargs.py
[2024-09-04T21:10:33.841+0000] {processor.py:914} INFO - Processing file /home/airflow/.local/lib/python3.12/site-packages/airflow/example_dags/example_xcomargs.py for tasks to queue
[2024-09-04T21:10:33.847+0000] {logging_mixin.py:190} INFO - [2024-09-04T21:10:33.847+0000] {dagbag.py:587} INFO - Filling up the DagBag from /home/airflow/.local/lib/python3.12/site-packages/airflow/example_dags/example_xcomargs.py
[2024-09-04T21:10:33.863+0000] {processor.py:925} INFO - DAG(s) 'example_xcom_args', 'example_xcom_args_with_operators' retrieved from /home/airflow/.local/lib/python3.12/site-packages/airflow/example_dags/example_xcomargs.py
[2024-09-04T21:10:33.901+0000] {logging_mixin.py:190} INFO - [2024-09-04T21:10:33.901+0000] {dag.py:3211} INFO - Sync 2 DAGs
[2024-09-04T21:10:33.920+0000] {logging_mixin.py:190} INFO - [2024-09-04T21:10:33.919+0000] {dag.py:4138} INFO - Setting next_dagrun for example_xcom_args to None, run_after=None
[2024-09-04T21:10:33.924+0000] {logging_mixin.py:190} INFO - [2024-09-04T21:10:33.924+0000] {dag.py:4138} INFO - Setting next_dagrun for example_xcom_args_with_operators to None, run_after=None
[2024-09-04T21:10:33.950+0000] {processor.py:208} INFO - Processing /home/airflow/.local/lib/python3.12/site-packages/airflow/example_dags/example_xcomargs.py took 0.119 seconds
[2024-09-04T21:11:04.374+0000] {processor.py:186} INFO - Started process (PID=1412) to work on /home/airflow/.local/lib/python3.12/site-packages/airflow/example_dags/example_xcomargs.py
[2024-09-04T21:11:04.375+0000] {processor.py:914} INFO - Processing file /home/airflow/.local/lib/python3.12/site-packages/airflow/example_dags/example_xcomargs.py for tasks to queue
[2024-09-04T21:11:04.378+0000] {logging_mixin.py:190} INFO - [2024-09-04T21:11:04.377+0000] {dagbag.py:587} INFO - Filling up the DagBag from /home/airflow/.local/lib/python3.12/site-packages/airflow/example_dags/example_xcomargs.py
[2024-09-04T21:11:04.387+0000] {processor.py:925} INFO - DAG(s) 'example_xcom_args_with_operators', 'example_xcom_args' retrieved from /home/airflow/.local/lib/python3.12/site-packages/airflow/example_dags/example_xcomargs.py
[2024-09-04T21:11:04.410+0000] {logging_mixin.py:190} INFO - [2024-09-04T21:11:04.410+0000] {dag.py:3211} INFO - Sync 2 DAGs
[2024-09-04T21:11:04.424+0000] {logging_mixin.py:190} INFO - [2024-09-04T21:11:04.424+0000] {dag.py:4138} INFO - Setting next_dagrun for example_xcom_args to None, run_after=None
[2024-09-04T21:11:04.427+0000] {logging_mixin.py:190} INFO - [2024-09-04T21:11:04.427+0000] {dag.py:4138} INFO - Setting next_dagrun for example_xcom_args_with_operators to None, run_after=None
[2024-09-04T21:11:04.445+0000] {processor.py:208} INFO - Processing /home/airflow/.local/lib/python3.12/site-packages/airflow/example_dags/example_xcomargs.py took 0.076 seconds
[2024-09-04T21:11:34.626+0000] {processor.py:186} INFO - Started process (PID=1475) to work on /home/airflow/.local/lib/python3.12/site-packages/airflow/example_dags/example_xcomargs.py
[2024-09-04T21:11:34.627+0000] {processor.py:914} INFO - Processing file /home/airflow/.local/lib/python3.12/site-packages/airflow/example_dags/example_xcomargs.py for tasks to queue
[2024-09-04T21:11:34.629+0000] {logging_mixin.py:190} INFO - [2024-09-04T21:11:34.629+0000] {dagbag.py:587} INFO - Filling up the DagBag from /home/airflow/.local/lib/python3.12/site-packages/airflow/example_dags/example_xcomargs.py
[2024-09-04T21:11:34.640+0000] {processor.py:925} INFO - DAG(s) 'example_xcom_args', 'example_xcom_args_with_operators' retrieved from /home/airflow/.local/lib/python3.12/site-packages/airflow/example_dags/example_xcomargs.py
[2024-09-04T21:11:34.663+0000] {logging_mixin.py:190} INFO - [2024-09-04T21:11:34.663+0000] {dag.py:3211} INFO - Sync 2 DAGs
[2024-09-04T21:11:34.676+0000] {logging_mixin.py:190} INFO - [2024-09-04T21:11:34.675+0000] {dag.py:4138} INFO - Setting next_dagrun for example_xcom_args to None, run_after=None
[2024-09-04T21:11:34.680+0000] {logging_mixin.py:190} INFO - [2024-09-04T21:11:34.679+0000] {dag.py:4138} INFO - Setting next_dagrun for example_xcom_args_with_operators to None, run_after=None
[2024-09-04T21:11:34.698+0000] {processor.py:208} INFO - Processing /home/airflow/.local/lib/python3.12/site-packages/airflow/example_dags/example_xcomargs.py took 0.077 seconds
[2024-09-04T21:12:04.748+0000] {processor.py:186} INFO - Started process (PID=1538) to work on /home/airflow/.local/lib/python3.12/site-packages/airflow/example_dags/example_xcomargs.py
[2024-09-04T21:12:04.748+0000] {processor.py:914} INFO - Processing file /home/airflow/.local/lib/python3.12/site-packages/airflow/example_dags/example_xcomargs.py for tasks to queue
[2024-09-04T21:12:04.751+0000] {logging_mixin.py:190} INFO - [2024-09-04T21:12:04.751+0000] {dagbag.py:587} INFO - Filling up the DagBag from /home/airflow/.local/lib/python3.12/site-packages/airflow/example_dags/example_xcomargs.py
[2024-09-04T21:12:04.761+0000] {processor.py:925} INFO - DAG(s) 'example_xcom_args', 'example_xcom_args_with_operators' retrieved from /home/airflow/.local/lib/python3.12/site-packages/airflow/example_dags/example_xcomargs.py
[2024-09-04T21:12:04.783+0000] {logging_mixin.py:190} INFO - [2024-09-04T21:12:04.783+0000] {dag.py:3211} INFO - Sync 2 DAGs
[2024-09-04T21:12:04.797+0000] {logging_mixin.py:190} INFO - [2024-09-04T21:12:04.797+0000] {dag.py:4138} INFO - Setting next_dagrun for example_xcom_args to None, run_after=None
[2024-09-04T21:12:04.801+0000] {logging_mixin.py:190} INFO - [2024-09-04T21:12:04.800+0000] {dag.py:4138} INFO - Setting next_dagrun for example_xcom_args_with_operators to None, run_after=None
[2024-09-04T21:12:04.818+0000] {processor.py:208} INFO - Processing /home/airflow/.local/lib/python3.12/site-packages/airflow/example_dags/example_xcomargs.py took 0.076 seconds
[2024-09-04T21:12:35.692+0000] {processor.py:186} INFO - Started process (PID=1602) to work on /home/airflow/.local/lib/python3.12/site-packages/airflow/example_dags/example_xcomargs.py
[2024-09-04T21:12:35.693+0000] {processor.py:914} INFO - Processing file /home/airflow/.local/lib/python3.12/site-packages/airflow/example_dags/example_xcomargs.py for tasks to queue
[2024-09-04T21:12:35.695+0000] {logging_mixin.py:190} INFO - [2024-09-04T21:12:35.695+0000] {dagbag.py:587} INFO - Filling up the DagBag from /home/airflow/.local/lib/python3.12/site-packages/airflow/example_dags/example_xcomargs.py
[2024-09-04T21:12:35.704+0000] {processor.py:925} INFO - DAG(s) 'example_xcom_args', 'example_xcom_args_with_operators' retrieved from /home/airflow/.local/lib/python3.12/site-packages/airflow/example_dags/example_xcomargs.py
[2024-09-04T21:12:35.728+0000] {logging_mixin.py:190} INFO - [2024-09-04T21:12:35.728+0000] {dag.py:3211} INFO - Sync 2 DAGs
[2024-09-04T21:12:35.740+0000] {logging_mixin.py:190} INFO - [2024-09-04T21:12:35.740+0000] {dag.py:4138} INFO - Setting next_dagrun for example_xcom_args to None, run_after=None
[2024-09-04T21:12:35.744+0000] {logging_mixin.py:190} INFO - [2024-09-04T21:12:35.744+0000] {dag.py:4138} INFO - Setting next_dagrun for example_xcom_args_with_operators to None, run_after=None
[2024-09-04T21:12:35.762+0000] {processor.py:208} INFO - Processing /home/airflow/.local/lib/python3.12/site-packages/airflow/example_dags/example_xcomargs.py took 0.074 seconds
[2024-09-04T21:13:06.543+0000] {processor.py:186} INFO - Started process (PID=1665) to work on /home/airflow/.local/lib/python3.12/site-packages/airflow/example_dags/example_xcomargs.py
[2024-09-04T21:13:06.545+0000] {processor.py:914} INFO - Processing file /home/airflow/.local/lib/python3.12/site-packages/airflow/example_dags/example_xcomargs.py for tasks to queue
[2024-09-04T21:13:06.548+0000] {logging_mixin.py:190} INFO - [2024-09-04T21:13:06.548+0000] {dagbag.py:587} INFO - Filling up the DagBag from /home/airflow/.local/lib/python3.12/site-packages/airflow/example_dags/example_xcomargs.py
[2024-09-04T21:13:06.559+0000] {processor.py:925} INFO - DAG(s) 'example_xcom_args_with_operators', 'example_xcom_args' retrieved from /home/airflow/.local/lib/python3.12/site-packages/airflow/example_dags/example_xcomargs.py
[2024-09-04T21:13:06.589+0000] {logging_mixin.py:190} INFO - [2024-09-04T21:13:06.589+0000] {dag.py:3211} INFO - Sync 2 DAGs
[2024-09-04T21:13:06.605+0000] {logging_mixin.py:190} INFO - [2024-09-04T21:13:06.605+0000] {dag.py:4138} INFO - Setting next_dagrun for example_xcom_args to None, run_after=None
[2024-09-04T21:13:06.609+0000] {logging_mixin.py:190} INFO - [2024-09-04T21:13:06.609+0000] {dag.py:4138} INFO - Setting next_dagrun for example_xcom_args_with_operators to None, run_after=None
[2024-09-04T21:13:06.629+0000] {processor.py:208} INFO - Processing /home/airflow/.local/lib/python3.12/site-packages/airflow/example_dags/example_xcomargs.py took 0.091 seconds
[2024-09-04T21:13:37.654+0000] {processor.py:186} INFO - Started process (PID=1728) to work on /home/airflow/.local/lib/python3.12/site-packages/airflow/example_dags/example_xcomargs.py
[2024-09-04T21:13:37.655+0000] {processor.py:914} INFO - Processing file /home/airflow/.local/lib/python3.12/site-packages/airflow/example_dags/example_xcomargs.py for tasks to queue
[2024-09-04T21:13:37.657+0000] {logging_mixin.py:190} INFO - [2024-09-04T21:13:37.657+0000] {dagbag.py:587} INFO - Filling up the DagBag from /home/airflow/.local/lib/python3.12/site-packages/airflow/example_dags/example_xcomargs.py
[2024-09-04T21:13:37.667+0000] {processor.py:925} INFO - DAG(s) 'example_xcom_args', 'example_xcom_args_with_operators' retrieved from /home/airflow/.local/lib/python3.12/site-packages/airflow/example_dags/example_xcomargs.py
[2024-09-04T21:13:37.691+0000] {logging_mixin.py:190} INFO - [2024-09-04T21:13:37.691+0000] {dag.py:3211} INFO - Sync 2 DAGs
[2024-09-04T21:13:37.707+0000] {logging_mixin.py:190} INFO - [2024-09-04T21:13:37.707+0000] {dag.py:4138} INFO - Setting next_dagrun for example_xcom_args to None, run_after=None
[2024-09-04T21:13:37.711+0000] {logging_mixin.py:190} INFO - [2024-09-04T21:13:37.711+0000] {dag.py:4138} INFO - Setting next_dagrun for example_xcom_args_with_operators to None, run_after=None
[2024-09-04T21:13:37.729+0000] {processor.py:208} INFO - Processing /home/airflow/.local/lib/python3.12/site-packages/airflow/example_dags/example_xcomargs.py took 0.081 seconds
[2024-09-04T21:14:08.438+0000] {processor.py:186} INFO - Started process (PID=1791) to work on /home/airflow/.local/lib/python3.12/site-packages/airflow/example_dags/example_xcomargs.py
[2024-09-04T21:14:08.439+0000] {processor.py:914} INFO - Processing file /home/airflow/.local/lib/python3.12/site-packages/airflow/example_dags/example_xcomargs.py for tasks to queue
[2024-09-04T21:14:08.442+0000] {logging_mixin.py:190} INFO - [2024-09-04T21:14:08.441+0000] {dagbag.py:587} INFO - Filling up the DagBag from /home/airflow/.local/lib/python3.12/site-packages/airflow/example_dags/example_xcomargs.py
[2024-09-04T21:14:08.452+0000] {processor.py:925} INFO - DAG(s) 'example_xcom_args', 'example_xcom_args_with_operators' retrieved from /home/airflow/.local/lib/python3.12/site-packages/airflow/example_dags/example_xcomargs.py
[2024-09-04T21:14:08.475+0000] {logging_mixin.py:190} INFO - [2024-09-04T21:14:08.475+0000] {dag.py:3211} INFO - Sync 2 DAGs
[2024-09-04T21:14:08.489+0000] {logging_mixin.py:190} INFO - [2024-09-04T21:14:08.488+0000] {dag.py:4138} INFO - Setting next_dagrun for example_xcom_args to None, run_after=None
[2024-09-04T21:14:08.493+0000] {logging_mixin.py:190} INFO - [2024-09-04T21:14:08.493+0000] {dag.py:4138} INFO - Setting next_dagrun for example_xcom_args_with_operators to None, run_after=None
[2024-09-04T21:14:08.510+0000] {processor.py:208} INFO - Processing /home/airflow/.local/lib/python3.12/site-packages/airflow/example_dags/example_xcomargs.py took 0.078 seconds
[2024-09-04T21:14:39.247+0000] {processor.py:186} INFO - Started process (PID=1854) to work on /home/airflow/.local/lib/python3.12/site-packages/airflow/example_dags/example_xcomargs.py
[2024-09-04T21:14:39.248+0000] {processor.py:914} INFO - Processing file /home/airflow/.local/lib/python3.12/site-packages/airflow/example_dags/example_xcomargs.py for tasks to queue
[2024-09-04T21:14:39.251+0000] {logging_mixin.py:190} INFO - [2024-09-04T21:14:39.251+0000] {dagbag.py:587} INFO - Filling up the DagBag from /home/airflow/.local/lib/python3.12/site-packages/airflow/example_dags/example_xcomargs.py
[2024-09-04T21:14:39.263+0000] {processor.py:925} INFO - DAG(s) 'example_xcom_args_with_operators', 'example_xcom_args' retrieved from /home/airflow/.local/lib/python3.12/site-packages/airflow/example_dags/example_xcomargs.py
[2024-09-04T21:14:39.290+0000] {logging_mixin.py:190} INFO - [2024-09-04T21:14:39.290+0000] {dag.py:3211} INFO - Sync 2 DAGs
[2024-09-04T21:14:39.305+0000] {logging_mixin.py:190} INFO - [2024-09-04T21:14:39.305+0000] {dag.py:4138} INFO - Setting next_dagrun for example_xcom_args to None, run_after=None
[2024-09-04T21:14:39.310+0000] {logging_mixin.py:190} INFO - [2024-09-04T21:14:39.310+0000] {dag.py:4138} INFO - Setting next_dagrun for example_xcom_args_with_operators to None, run_after=None
[2024-09-04T21:14:39.328+0000] {processor.py:208} INFO - Processing /home/airflow/.local/lib/python3.12/site-packages/airflow/example_dags/example_xcomargs.py took 0.087 seconds
[2024-09-04T21:15:10.875+0000] {processor.py:186} INFO - Started process (PID=1917) to work on /home/airflow/.local/lib/python3.12/site-packages/airflow/example_dags/example_xcomargs.py
[2024-09-04T21:15:10.877+0000] {processor.py:914} INFO - Processing file /home/airflow/.local/lib/python3.12/site-packages/airflow/example_dags/example_xcomargs.py for tasks to queue
[2024-09-04T21:15:10.882+0000] {logging_mixin.py:190} INFO - [2024-09-04T21:15:10.881+0000] {dagbag.py:587} INFO - Filling up the DagBag from /home/airflow/.local/lib/python3.12/site-packages/airflow/example_dags/example_xcomargs.py
[2024-09-04T21:15:10.901+0000] {processor.py:925} INFO - DAG(s) 'example_xcom_args_with_operators', 'example_xcom_args' retrieved from /home/airflow/.local/lib/python3.12/site-packages/airflow/example_dags/example_xcomargs.py
[2024-09-04T21:15:10.941+0000] {logging_mixin.py:190} INFO - [2024-09-04T21:15:10.941+0000] {dag.py:3211} INFO - Sync 2 DAGs
[2024-09-04T21:15:10.972+0000] {logging_mixin.py:190} INFO - [2024-09-04T21:15:10.972+0000] {dag.py:4138} INFO - Setting next_dagrun for example_xcom_args to None, run_after=None
[2024-09-04T21:15:10.978+0000] {logging_mixin.py:190} INFO - [2024-09-04T21:15:10.978+0000] {dag.py:4138} INFO - Setting next_dagrun for example_xcom_args_with_operators to None, run_after=None
[2024-09-04T21:15:11.007+0000] {processor.py:208} INFO - Processing /home/airflow/.local/lib/python3.12/site-packages/airflow/example_dags/example_xcomargs.py took 0.141 seconds
[2024-09-04T21:15:41.130+0000] {processor.py:186} INFO - Started process (PID=1980) to work on /home/airflow/.local/lib/python3.12/site-packages/airflow/example_dags/example_xcomargs.py
[2024-09-04T21:15:41.132+0000] {processor.py:914} INFO - Processing file /home/airflow/.local/lib/python3.12/site-packages/airflow/example_dags/example_xcomargs.py for tasks to queue
[2024-09-04T21:15:41.137+0000] {logging_mixin.py:190} INFO - [2024-09-04T21:15:41.137+0000] {dagbag.py:587} INFO - Filling up the DagBag from /home/airflow/.local/lib/python3.12/site-packages/airflow/example_dags/example_xcomargs.py
[2024-09-04T21:15:41.156+0000] {processor.py:925} INFO - DAG(s) 'example_xcom_args', 'example_xcom_args_with_operators' retrieved from /home/airflow/.local/lib/python3.12/site-packages/airflow/example_dags/example_xcomargs.py
[2024-09-04T21:15:41.197+0000] {logging_mixin.py:190} INFO - [2024-09-04T21:15:41.197+0000] {dag.py:3211} INFO - Sync 2 DAGs
[2024-09-04T21:15:41.225+0000] {logging_mixin.py:190} INFO - [2024-09-04T21:15:41.225+0000] {dag.py:4138} INFO - Setting next_dagrun for example_xcom_args to None, run_after=None
[2024-09-04T21:15:41.233+0000] {logging_mixin.py:190} INFO - [2024-09-04T21:15:41.233+0000] {dag.py:4138} INFO - Setting next_dagrun for example_xcom_args_with_operators to None, run_after=None
[2024-09-04T21:15:41.261+0000] {processor.py:208} INFO - Processing /home/airflow/.local/lib/python3.12/site-packages/airflow/example_dags/example_xcomargs.py took 0.141 seconds
[2024-09-04T21:16:11.620+0000] {processor.py:186} INFO - Started process (PID=2044) to work on /home/airflow/.local/lib/python3.12/site-packages/airflow/example_dags/example_xcomargs.py
[2024-09-04T21:16:11.621+0000] {processor.py:914} INFO - Processing file /home/airflow/.local/lib/python3.12/site-packages/airflow/example_dags/example_xcomargs.py for tasks to queue
[2024-09-04T21:16:11.624+0000] {logging_mixin.py:190} INFO - [2024-09-04T21:16:11.624+0000] {dagbag.py:587} INFO - Filling up the DagBag from /home/airflow/.local/lib/python3.12/site-packages/airflow/example_dags/example_xcomargs.py
[2024-09-04T21:16:11.635+0000] {processor.py:925} INFO - DAG(s) 'example_xcom_args_with_operators', 'example_xcom_args' retrieved from /home/airflow/.local/lib/python3.12/site-packages/airflow/example_dags/example_xcomargs.py
[2024-09-04T21:16:11.659+0000] {logging_mixin.py:190} INFO - [2024-09-04T21:16:11.659+0000] {dag.py:3211} INFO - Sync 2 DAGs
[2024-09-04T21:16:11.673+0000] {logging_mixin.py:190} INFO - [2024-09-04T21:16:11.673+0000] {dag.py:4138} INFO - Setting next_dagrun for example_xcom_args to None, run_after=None
[2024-09-04T21:16:11.677+0000] {logging_mixin.py:190} INFO - [2024-09-04T21:16:11.677+0000] {dag.py:4138} INFO - Setting next_dagrun for example_xcom_args_with_operators to None, run_after=None
[2024-09-04T21:16:11.699+0000] {processor.py:208} INFO - Processing /home/airflow/.local/lib/python3.12/site-packages/airflow/example_dags/example_xcomargs.py took 0.084 seconds
[2024-09-04T21:16:42.123+0000] {processor.py:186} INFO - Started process (PID=2107) to work on /home/airflow/.local/lib/python3.12/site-packages/airflow/example_dags/example_xcomargs.py
[2024-09-04T21:16:42.124+0000] {processor.py:914} INFO - Processing file /home/airflow/.local/lib/python3.12/site-packages/airflow/example_dags/example_xcomargs.py for tasks to queue
[2024-09-04T21:16:42.127+0000] {logging_mixin.py:190} INFO - [2024-09-04T21:16:42.126+0000] {dagbag.py:587} INFO - Filling up the DagBag from /home/airflow/.local/lib/python3.12/site-packages/airflow/example_dags/example_xcomargs.py
[2024-09-04T21:16:42.136+0000] {processor.py:925} INFO - DAG(s) 'example_xcom_args', 'example_xcom_args_with_operators' retrieved from /home/airflow/.local/lib/python3.12/site-packages/airflow/example_dags/example_xcomargs.py
[2024-09-04T21:16:42.160+0000] {logging_mixin.py:190} INFO - [2024-09-04T21:16:42.160+0000] {dag.py:3211} INFO - Sync 2 DAGs
[2024-09-04T21:16:42.173+0000] {logging_mixin.py:190} INFO - [2024-09-04T21:16:42.173+0000] {dag.py:4138} INFO - Setting next_dagrun for example_xcom_args to None, run_after=None
[2024-09-04T21:16:42.177+0000] {logging_mixin.py:190} INFO - [2024-09-04T21:16:42.177+0000] {dag.py:4138} INFO - Setting next_dagrun for example_xcom_args_with_operators to None, run_after=None
[2024-09-04T21:16:42.194+0000] {processor.py:208} INFO - Processing /home/airflow/.local/lib/python3.12/site-packages/airflow/example_dags/example_xcomargs.py took 0.076 seconds
[2024-09-04T21:17:12.609+0000] {processor.py:186} INFO - Started process (PID=2170) to work on /home/airflow/.local/lib/python3.12/site-packages/airflow/example_dags/example_xcomargs.py
[2024-09-04T21:17:12.610+0000] {processor.py:914} INFO - Processing file /home/airflow/.local/lib/python3.12/site-packages/airflow/example_dags/example_xcomargs.py for tasks to queue
[2024-09-04T21:17:12.613+0000] {logging_mixin.py:190} INFO - [2024-09-04T21:17:12.613+0000] {dagbag.py:587} INFO - Filling up the DagBag from /home/airflow/.local/lib/python3.12/site-packages/airflow/example_dags/example_xcomargs.py
[2024-09-04T21:17:12.626+0000] {processor.py:925} INFO - DAG(s) 'example_xcom_args_with_operators', 'example_xcom_args' retrieved from /home/airflow/.local/lib/python3.12/site-packages/airflow/example_dags/example_xcomargs.py
[2024-09-04T21:17:12.654+0000] {logging_mixin.py:190} INFO - [2024-09-04T21:17:12.654+0000] {dag.py:3211} INFO - Sync 2 DAGs
[2024-09-04T21:17:12.671+0000] {logging_mixin.py:190} INFO - [2024-09-04T21:17:12.671+0000] {dag.py:4138} INFO - Setting next_dagrun for example_xcom_args to None, run_after=None
[2024-09-04T21:17:12.677+0000] {logging_mixin.py:190} INFO - [2024-09-04T21:17:12.677+0000] {dag.py:4138} INFO - Setting next_dagrun for example_xcom_args_with_operators to None, run_after=None
[2024-09-04T21:17:12.703+0000] {processor.py:208} INFO - Processing /home/airflow/.local/lib/python3.12/site-packages/airflow/example_dags/example_xcomargs.py took 0.101 seconds
[2024-09-04T21:17:42.852+0000] {processor.py:186} INFO - Started process (PID=2233) to work on /home/airflow/.local/lib/python3.12/site-packages/airflow/example_dags/example_xcomargs.py
[2024-09-04T21:17:42.853+0000] {processor.py:914} INFO - Processing file /home/airflow/.local/lib/python3.12/site-packages/airflow/example_dags/example_xcomargs.py for tasks to queue
[2024-09-04T21:17:42.855+0000] {logging_mixin.py:190} INFO - [2024-09-04T21:17:42.855+0000] {dagbag.py:587} INFO - Filling up the DagBag from /home/airflow/.local/lib/python3.12/site-packages/airflow/example_dags/example_xcomargs.py
[2024-09-04T21:17:42.864+0000] {processor.py:925} INFO - DAG(s) 'example_xcom_args', 'example_xcom_args_with_operators' retrieved from /home/airflow/.local/lib/python3.12/site-packages/airflow/example_dags/example_xcomargs.py
[2024-09-04T21:17:42.890+0000] {logging_mixin.py:190} INFO - [2024-09-04T21:17:42.890+0000] {dag.py:3211} INFO - Sync 2 DAGs
[2024-09-04T21:17:42.904+0000] {logging_mixin.py:190} INFO - [2024-09-04T21:17:42.903+0000] {dag.py:4138} INFO - Setting next_dagrun for example_xcom_args to None, run_after=None
[2024-09-04T21:17:42.907+0000] {logging_mixin.py:190} INFO - [2024-09-04T21:17:42.907+0000] {dag.py:4138} INFO - Setting next_dagrun for example_xcom_args_with_operators to None, run_after=None
[2024-09-04T21:17:42.926+0000] {processor.py:208} INFO - Processing /home/airflow/.local/lib/python3.12/site-packages/airflow/example_dags/example_xcomargs.py took 0.079 seconds
[2024-09-04T21:18:13.073+0000] {processor.py:186} INFO - Started process (PID=2296) to work on /home/airflow/.local/lib/python3.12/site-packages/airflow/example_dags/example_xcomargs.py
[2024-09-04T21:18:13.075+0000] {processor.py:914} INFO - Processing file /home/airflow/.local/lib/python3.12/site-packages/airflow/example_dags/example_xcomargs.py for tasks to queue
[2024-09-04T21:18:13.078+0000] {logging_mixin.py:190} INFO - [2024-09-04T21:18:13.077+0000] {dagbag.py:587} INFO - Filling up the DagBag from /home/airflow/.local/lib/python3.12/site-packages/airflow/example_dags/example_xcomargs.py
[2024-09-04T21:18:13.088+0000] {processor.py:925} INFO - DAG(s) 'example_xcom_args_with_operators', 'example_xcom_args' retrieved from /home/airflow/.local/lib/python3.12/site-packages/airflow/example_dags/example_xcomargs.py
[2024-09-04T21:18:13.114+0000] {logging_mixin.py:190} INFO - [2024-09-04T21:18:13.113+0000] {dag.py:3211} INFO - Sync 2 DAGs
[2024-09-04T21:18:13.128+0000] {logging_mixin.py:190} INFO - [2024-09-04T21:18:13.128+0000] {dag.py:4138} INFO - Setting next_dagrun for example_xcom_args to None, run_after=None
[2024-09-04T21:18:13.132+0000] {logging_mixin.py:190} INFO - [2024-09-04T21:18:13.132+0000] {dag.py:4138} INFO - Setting next_dagrun for example_xcom_args_with_operators to None, run_after=None
[2024-09-04T21:18:13.153+0000] {processor.py:208} INFO - Processing /home/airflow/.local/lib/python3.12/site-packages/airflow/example_dags/example_xcomargs.py took 0.085 seconds
[2024-09-04T21:18:43.809+0000] {processor.py:186} INFO - Started process (PID=2359) to work on /home/airflow/.local/lib/python3.12/site-packages/airflow/example_dags/example_xcomargs.py
[2024-09-04T21:18:43.811+0000] {processor.py:914} INFO - Processing file /home/airflow/.local/lib/python3.12/site-packages/airflow/example_dags/example_xcomargs.py for tasks to queue
[2024-09-04T21:18:43.814+0000] {logging_mixin.py:190} INFO - [2024-09-04T21:18:43.814+0000] {dagbag.py:587} INFO - Filling up the DagBag from /home/airflow/.local/lib/python3.12/site-packages/airflow/example_dags/example_xcomargs.py
[2024-09-04T21:18:43.827+0000] {processor.py:925} INFO - DAG(s) 'example_xcom_args', 'example_xcom_args_with_operators' retrieved from /home/airflow/.local/lib/python3.12/site-packages/airflow/example_dags/example_xcomargs.py
[2024-09-04T21:18:43.856+0000] {logging_mixin.py:190} INFO - [2024-09-04T21:18:43.856+0000] {dag.py:3211} INFO - Sync 2 DAGs
[2024-09-04T21:18:43.874+0000] {logging_mixin.py:190} INFO - [2024-09-04T21:18:43.874+0000] {dag.py:4138} INFO - Setting next_dagrun for example_xcom_args to None, run_after=None
[2024-09-04T21:18:43.879+0000] {logging_mixin.py:190} INFO - [2024-09-04T21:18:43.879+0000] {dag.py:4138} INFO - Setting next_dagrun for example_xcom_args_with_operators to None, run_after=None
[2024-09-04T21:18:43.901+0000] {processor.py:208} INFO - Processing /home/airflow/.local/lib/python3.12/site-packages/airflow/example_dags/example_xcomargs.py took 0.098 seconds
