[2024-09-04T20:52:38.215+0000] {processor.py:186} INFO - Started process (PID=112) to work on /home/airflow/.local/lib/python3.12/site-packages/airflow/example_dags/example_dag_decorator.py
[2024-09-04T20:52:38.217+0000] {processor.py:914} INFO - Processing file /home/airflow/.local/lib/python3.12/site-packages/airflow/example_dags/example_dag_decorator.py for tasks to queue
[2024-09-04T20:52:38.221+0000] {logging_mixin.py:190} INFO - [2024-09-04T20:52:38.220+0000] {dagbag.py:587} INFO - Filling up the DagBag from /home/airflow/.local/lib/python3.12/site-packages/airflow/example_dags/example_dag_decorator.py
[2024-09-04T20:52:38.239+0000] {processor.py:925} INFO - DAG(s) 'example_dag_decorator' retrieved from /home/airflow/.local/lib/python3.12/site-packages/airflow/example_dags/example_dag_decorator.py
[2024-09-04T20:52:38.373+0000] {logging_mixin.py:190} INFO - [2024-09-04T20:52:38.372+0000] {override.py:1858} INFO - Created Permission View: can delete on DAG:example_dag_decorator
[2024-09-04T20:52:38.389+0000] {logging_mixin.py:190} INFO - [2024-09-04T20:52:38.388+0000] {override.py:1858} INFO - Created Permission View: can edit on DAG:example_dag_decorator
[2024-09-04T20:52:38.397+0000] {logging_mixin.py:190} INFO - [2024-09-04T20:52:38.397+0000] {override.py:1858} INFO - Created Permission View: can read on DAG:example_dag_decorator
[2024-09-04T20:52:38.399+0000] {logging_mixin.py:190} INFO - [2024-09-04T20:52:38.398+0000] {dag.py:3211} INFO - Sync 1 DAGs
[2024-09-04T20:52:38.415+0000] {logging_mixin.py:190} INFO - [2024-09-04T20:52:38.414+0000] {dag.py:3234} INFO - Creating ORM DAG for example_dag_decorator
[2024-09-04T20:52:38.416+0000] {logging_mixin.py:190} INFO - [2024-09-04T20:52:38.416+0000] {dag.py:4138} INFO - Setting next_dagrun for example_dag_decorator to None, run_after=None
[2024-09-04T20:52:38.434+0000] {processor.py:208} INFO - Processing /home/airflow/.local/lib/python3.12/site-packages/airflow/example_dags/example_dag_decorator.py took 0.227 seconds
[2024-09-04T21:00:19.735+0000] {processor.py:186} INFO - Started process (PID=107) to work on /home/airflow/.local/lib/python3.12/site-packages/airflow/example_dags/example_dag_decorator.py
[2024-09-04T21:00:19.737+0000] {processor.py:914} INFO - Processing file /home/airflow/.local/lib/python3.12/site-packages/airflow/example_dags/example_dag_decorator.py for tasks to queue
[2024-09-04T21:00:19.742+0000] {logging_mixin.py:190} INFO - [2024-09-04T21:00:19.742+0000] {dagbag.py:587} INFO - Filling up the DagBag from /home/airflow/.local/lib/python3.12/site-packages/airflow/example_dags/example_dag_decorator.py
[2024-09-04T21:00:19.770+0000] {processor.py:925} INFO - DAG(s) 'example_dag_decorator' retrieved from /home/airflow/.local/lib/python3.12/site-packages/airflow/example_dags/example_dag_decorator.py
[2024-09-04T21:00:19.999+0000] {logging_mixin.py:190} INFO - [2024-09-04T21:00:19.998+0000] {dag.py:3211} INFO - Sync 1 DAGs
[2024-09-04T21:00:20.025+0000] {logging_mixin.py:190} INFO - [2024-09-04T21:00:20.025+0000] {dag.py:4138} INFO - Setting next_dagrun for example_dag_decorator to None, run_after=None
[2024-09-04T21:00:20.066+0000] {processor.py:208} INFO - Processing /home/airflow/.local/lib/python3.12/site-packages/airflow/example_dags/example_dag_decorator.py took 0.342 seconds
[2024-09-04T21:00:50.311+0000] {processor.py:186} INFO - Started process (PID=169) to work on /home/airflow/.local/lib/python3.12/site-packages/airflow/example_dags/example_dag_decorator.py
[2024-09-04T21:00:50.312+0000] {processor.py:914} INFO - Processing file /home/airflow/.local/lib/python3.12/site-packages/airflow/example_dags/example_dag_decorator.py for tasks to queue
[2024-09-04T21:00:50.316+0000] {logging_mixin.py:190} INFO - [2024-09-04T21:00:50.315+0000] {dagbag.py:587} INFO - Filling up the DagBag from /home/airflow/.local/lib/python3.12/site-packages/airflow/example_dags/example_dag_decorator.py
[2024-09-04T21:00:50.330+0000] {processor.py:925} INFO - DAG(s) 'example_dag_decorator' retrieved from /home/airflow/.local/lib/python3.12/site-packages/airflow/example_dags/example_dag_decorator.py
[2024-09-04T21:00:50.424+0000] {logging_mixin.py:190} INFO - [2024-09-04T21:00:50.424+0000] {dag.py:3211} INFO - Sync 1 DAGs
[2024-09-04T21:00:50.435+0000] {logging_mixin.py:190} INFO - [2024-09-04T21:00:50.435+0000] {dag.py:4138} INFO - Setting next_dagrun for example_dag_decorator to None, run_after=None
[2024-09-04T21:00:50.457+0000] {processor.py:208} INFO - Processing /home/airflow/.local/lib/python3.12/site-packages/airflow/example_dags/example_dag_decorator.py took 0.154 seconds
[2024-09-04T21:01:20.768+0000] {processor.py:186} INFO - Started process (PID=232) to work on /home/airflow/.local/lib/python3.12/site-packages/airflow/example_dags/example_dag_decorator.py
[2024-09-04T21:01:20.769+0000] {processor.py:914} INFO - Processing file /home/airflow/.local/lib/python3.12/site-packages/airflow/example_dags/example_dag_decorator.py for tasks to queue
[2024-09-04T21:01:20.771+0000] {logging_mixin.py:190} INFO - [2024-09-04T21:01:20.771+0000] {dagbag.py:587} INFO - Filling up the DagBag from /home/airflow/.local/lib/python3.12/site-packages/airflow/example_dags/example_dag_decorator.py
[2024-09-04T21:01:20.782+0000] {processor.py:925} INFO - DAG(s) 'example_dag_decorator' retrieved from /home/airflow/.local/lib/python3.12/site-packages/airflow/example_dags/example_dag_decorator.py
[2024-09-04T21:01:20.876+0000] {logging_mixin.py:190} INFO - [2024-09-04T21:01:20.875+0000] {dag.py:3211} INFO - Sync 1 DAGs
[2024-09-04T21:01:20.887+0000] {logging_mixin.py:190} INFO - [2024-09-04T21:01:20.887+0000] {dag.py:4138} INFO - Setting next_dagrun for example_dag_decorator to None, run_after=None
[2024-09-04T21:01:20.914+0000] {processor.py:208} INFO - Processing /home/airflow/.local/lib/python3.12/site-packages/airflow/example_dags/example_dag_decorator.py took 0.151 seconds
[2024-09-04T21:01:51.819+0000] {processor.py:186} INFO - Started process (PID=294) to work on /home/airflow/.local/lib/python3.12/site-packages/airflow/example_dags/example_dag_decorator.py
[2024-09-04T21:01:51.819+0000] {processor.py:914} INFO - Processing file /home/airflow/.local/lib/python3.12/site-packages/airflow/example_dags/example_dag_decorator.py for tasks to queue
[2024-09-04T21:01:51.821+0000] {logging_mixin.py:190} INFO - [2024-09-04T21:01:51.821+0000] {dagbag.py:587} INFO - Filling up the DagBag from /home/airflow/.local/lib/python3.12/site-packages/airflow/example_dags/example_dag_decorator.py
[2024-09-04T21:01:51.830+0000] {processor.py:925} INFO - DAG(s) 'example_dag_decorator' retrieved from /home/airflow/.local/lib/python3.12/site-packages/airflow/example_dags/example_dag_decorator.py
[2024-09-04T21:01:51.919+0000] {logging_mixin.py:190} INFO - [2024-09-04T21:01:51.919+0000] {dag.py:3211} INFO - Sync 1 DAGs
[2024-09-04T21:01:51.928+0000] {logging_mixin.py:190} INFO - [2024-09-04T21:01:51.928+0000] {dag.py:4138} INFO - Setting next_dagrun for example_dag_decorator to None, run_after=None
[2024-09-04T21:01:51.950+0000] {processor.py:208} INFO - Processing /home/airflow/.local/lib/python3.12/site-packages/airflow/example_dags/example_dag_decorator.py took 0.136 seconds
[2024-09-04T21:02:22.649+0000] {processor.py:186} INFO - Started process (PID=357) to work on /home/airflow/.local/lib/python3.12/site-packages/airflow/example_dags/example_dag_decorator.py
[2024-09-04T21:02:22.650+0000] {processor.py:914} INFO - Processing file /home/airflow/.local/lib/python3.12/site-packages/airflow/example_dags/example_dag_decorator.py for tasks to queue
[2024-09-04T21:02:22.652+0000] {logging_mixin.py:190} INFO - [2024-09-04T21:02:22.652+0000] {dagbag.py:587} INFO - Filling up the DagBag from /home/airflow/.local/lib/python3.12/site-packages/airflow/example_dags/example_dag_decorator.py
[2024-09-04T21:02:22.662+0000] {processor.py:925} INFO - DAG(s) 'example_dag_decorator' retrieved from /home/airflow/.local/lib/python3.12/site-packages/airflow/example_dags/example_dag_decorator.py
[2024-09-04T21:02:22.754+0000] {logging_mixin.py:190} INFO - [2024-09-04T21:02:22.754+0000] {dag.py:3211} INFO - Sync 1 DAGs
[2024-09-04T21:02:22.765+0000] {logging_mixin.py:190} INFO - [2024-09-04T21:02:22.765+0000] {dag.py:4138} INFO - Setting next_dagrun for example_dag_decorator to None, run_after=None
[2024-09-04T21:02:22.782+0000] {processor.py:208} INFO - Processing /home/airflow/.local/lib/python3.12/site-packages/airflow/example_dags/example_dag_decorator.py took 0.138 seconds
[2024-09-04T21:02:53.228+0000] {processor.py:186} INFO - Started process (PID=419) to work on /home/airflow/.local/lib/python3.12/site-packages/airflow/example_dags/example_dag_decorator.py
[2024-09-04T21:02:53.229+0000] {processor.py:914} INFO - Processing file /home/airflow/.local/lib/python3.12/site-packages/airflow/example_dags/example_dag_decorator.py for tasks to queue
[2024-09-04T21:02:53.231+0000] {logging_mixin.py:190} INFO - [2024-09-04T21:02:53.231+0000] {dagbag.py:587} INFO - Filling up the DagBag from /home/airflow/.local/lib/python3.12/site-packages/airflow/example_dags/example_dag_decorator.py
[2024-09-04T21:02:53.241+0000] {processor.py:925} INFO - DAG(s) 'example_dag_decorator' retrieved from /home/airflow/.local/lib/python3.12/site-packages/airflow/example_dags/example_dag_decorator.py
[2024-09-04T21:02:53.333+0000] {logging_mixin.py:190} INFO - [2024-09-04T21:02:53.333+0000] {dag.py:3211} INFO - Sync 1 DAGs
[2024-09-04T21:02:53.344+0000] {logging_mixin.py:190} INFO - [2024-09-04T21:02:53.343+0000] {dag.py:4138} INFO - Setting next_dagrun for example_dag_decorator to None, run_after=None
[2024-09-04T21:02:53.366+0000] {processor.py:208} INFO - Processing /home/airflow/.local/lib/python3.12/site-packages/airflow/example_dags/example_dag_decorator.py took 0.142 seconds
[2024-09-04T21:03:24.024+0000] {processor.py:186} INFO - Started process (PID=481) to work on /home/airflow/.local/lib/python3.12/site-packages/airflow/example_dags/example_dag_decorator.py
[2024-09-04T21:03:24.027+0000] {processor.py:914} INFO - Processing file /home/airflow/.local/lib/python3.12/site-packages/airflow/example_dags/example_dag_decorator.py for tasks to queue
[2024-09-04T21:03:24.031+0000] {logging_mixin.py:190} INFO - [2024-09-04T21:03:24.031+0000] {dagbag.py:587} INFO - Filling up the DagBag from /home/airflow/.local/lib/python3.12/site-packages/airflow/example_dags/example_dag_decorator.py
[2024-09-04T21:03:24.059+0000] {processor.py:925} INFO - DAG(s) 'example_dag_decorator' retrieved from /home/airflow/.local/lib/python3.12/site-packages/airflow/example_dags/example_dag_decorator.py
[2024-09-04T21:03:24.298+0000] {logging_mixin.py:190} INFO - [2024-09-04T21:03:24.298+0000] {dag.py:3211} INFO - Sync 1 DAGs
[2024-09-04T21:03:24.327+0000] {logging_mixin.py:190} INFO - [2024-09-04T21:03:24.327+0000] {dag.py:4138} INFO - Setting next_dagrun for example_dag_decorator to None, run_after=None
[2024-09-04T21:03:24.377+0000] {processor.py:208} INFO - Processing /home/airflow/.local/lib/python3.12/site-packages/airflow/example_dags/example_dag_decorator.py took 0.368 seconds
[2024-09-04T21:03:54.576+0000] {processor.py:186} INFO - Started process (PID=549) to work on /home/airflow/.local/lib/python3.12/site-packages/airflow/example_dags/example_dag_decorator.py
[2024-09-04T21:03:54.578+0000] {processor.py:914} INFO - Processing file /home/airflow/.local/lib/python3.12/site-packages/airflow/example_dags/example_dag_decorator.py for tasks to queue
[2024-09-04T21:03:54.583+0000] {logging_mixin.py:190} INFO - [2024-09-04T21:03:54.582+0000] {dagbag.py:587} INFO - Filling up the DagBag from /home/airflow/.local/lib/python3.12/site-packages/airflow/example_dags/example_dag_decorator.py
[2024-09-04T21:03:54.610+0000] {processor.py:925} INFO - DAG(s) 'example_dag_decorator' retrieved from /home/airflow/.local/lib/python3.12/site-packages/airflow/example_dags/example_dag_decorator.py
[2024-09-04T21:03:54.812+0000] {logging_mixin.py:190} INFO - [2024-09-04T21:03:54.812+0000] {dag.py:3211} INFO - Sync 1 DAGs
[2024-09-04T21:03:54.832+0000] {logging_mixin.py:190} INFO - [2024-09-04T21:03:54.832+0000] {dag.py:4138} INFO - Setting next_dagrun for example_dag_decorator to None, run_after=None
[2024-09-04T21:03:54.865+0000] {processor.py:208} INFO - Processing /home/airflow/.local/lib/python3.12/site-packages/airflow/example_dags/example_dag_decorator.py took 0.300 seconds
[2024-09-04T21:04:25.311+0000] {processor.py:186} INFO - Started process (PID=611) to work on /home/airflow/.local/lib/python3.12/site-packages/airflow/example_dags/example_dag_decorator.py
[2024-09-04T21:04:25.313+0000] {processor.py:914} INFO - Processing file /home/airflow/.local/lib/python3.12/site-packages/airflow/example_dags/example_dag_decorator.py for tasks to queue
[2024-09-04T21:04:25.317+0000] {logging_mixin.py:190} INFO - [2024-09-04T21:04:25.317+0000] {dagbag.py:587} INFO - Filling up the DagBag from /home/airflow/.local/lib/python3.12/site-packages/airflow/example_dags/example_dag_decorator.py
[2024-09-04T21:04:25.346+0000] {processor.py:925} INFO - DAG(s) 'example_dag_decorator' retrieved from /home/airflow/.local/lib/python3.12/site-packages/airflow/example_dags/example_dag_decorator.py
[2024-09-04T21:04:25.405+0000] {logging_mixin.py:190} INFO - [2024-09-04T21:04:25.404+0000] {dag.py:3211} INFO - Sync 1 DAGs
[2024-09-04T21:04:25.432+0000] {logging_mixin.py:190} INFO - [2024-09-04T21:04:25.432+0000] {dag.py:4138} INFO - Setting next_dagrun for example_dag_decorator to None, run_after=None
[2024-09-04T21:04:25.468+0000] {processor.py:208} INFO - Processing /home/airflow/.local/lib/python3.12/site-packages/airflow/example_dags/example_dag_decorator.py took 0.168 seconds
[2024-09-04T21:04:55.935+0000] {processor.py:186} INFO - Started process (PID=673) to work on /home/airflow/.local/lib/python3.12/site-packages/airflow/example_dags/example_dag_decorator.py
[2024-09-04T21:04:55.937+0000] {processor.py:914} INFO - Processing file /home/airflow/.local/lib/python3.12/site-packages/airflow/example_dags/example_dag_decorator.py for tasks to queue
[2024-09-04T21:04:55.940+0000] {logging_mixin.py:190} INFO - [2024-09-04T21:04:55.939+0000] {dagbag.py:587} INFO - Filling up the DagBag from /home/airflow/.local/lib/python3.12/site-packages/airflow/example_dags/example_dag_decorator.py
[2024-09-04T21:04:55.956+0000] {processor.py:925} INFO - DAG(s) 'example_dag_decorator' retrieved from /home/airflow/.local/lib/python3.12/site-packages/airflow/example_dags/example_dag_decorator.py
[2024-09-04T21:04:55.993+0000] {logging_mixin.py:190} INFO - [2024-09-04T21:04:55.993+0000] {dag.py:3211} INFO - Sync 1 DAGs
[2024-09-04T21:04:56.011+0000] {logging_mixin.py:190} INFO - [2024-09-04T21:04:56.011+0000] {dag.py:4138} INFO - Setting next_dagrun for example_dag_decorator to None, run_after=None
[2024-09-04T21:04:56.038+0000] {processor.py:208} INFO - Processing /home/airflow/.local/lib/python3.12/site-packages/airflow/example_dags/example_dag_decorator.py took 0.110 seconds
[2024-09-04T21:05:26.900+0000] {processor.py:186} INFO - Started process (PID=735) to work on /home/airflow/.local/lib/python3.12/site-packages/airflow/example_dags/example_dag_decorator.py
[2024-09-04T21:05:26.902+0000] {processor.py:914} INFO - Processing file /home/airflow/.local/lib/python3.12/site-packages/airflow/example_dags/example_dag_decorator.py for tasks to queue
[2024-09-04T21:05:26.907+0000] {logging_mixin.py:190} INFO - [2024-09-04T21:05:26.906+0000] {dagbag.py:587} INFO - Filling up the DagBag from /home/airflow/.local/lib/python3.12/site-packages/airflow/example_dags/example_dag_decorator.py
[2024-09-04T21:05:26.930+0000] {processor.py:925} INFO - DAG(s) 'example_dag_decorator' retrieved from /home/airflow/.local/lib/python3.12/site-packages/airflow/example_dags/example_dag_decorator.py
[2024-09-04T21:05:27.117+0000] {logging_mixin.py:190} INFO - [2024-09-04T21:05:27.117+0000] {dag.py:3211} INFO - Sync 1 DAGs
[2024-09-04T21:05:27.138+0000] {logging_mixin.py:190} INFO - [2024-09-04T21:05:27.137+0000] {dag.py:4138} INFO - Setting next_dagrun for example_dag_decorator to None, run_after=None
[2024-09-04T21:05:27.167+0000] {processor.py:208} INFO - Processing /home/airflow/.local/lib/python3.12/site-packages/airflow/example_dags/example_dag_decorator.py took 0.278 seconds
[2024-09-04T21:05:57.708+0000] {processor.py:186} INFO - Started process (PID=796) to work on /home/airflow/.local/lib/python3.12/site-packages/airflow/example_dags/example_dag_decorator.py
[2024-09-04T21:05:57.709+0000] {processor.py:914} INFO - Processing file /home/airflow/.local/lib/python3.12/site-packages/airflow/example_dags/example_dag_decorator.py for tasks to queue
[2024-09-04T21:05:57.712+0000] {logging_mixin.py:190} INFO - [2024-09-04T21:05:57.711+0000] {dagbag.py:587} INFO - Filling up the DagBag from /home/airflow/.local/lib/python3.12/site-packages/airflow/example_dags/example_dag_decorator.py
[2024-09-04T21:05:57.723+0000] {processor.py:925} INFO - DAG(s) 'example_dag_decorator' retrieved from /home/airflow/.local/lib/python3.12/site-packages/airflow/example_dags/example_dag_decorator.py
[2024-09-04T21:05:57.807+0000] {logging_mixin.py:190} INFO - [2024-09-04T21:05:57.806+0000] {dag.py:3211} INFO - Sync 1 DAGs
[2024-09-04T21:05:57.819+0000] {logging_mixin.py:190} INFO - [2024-09-04T21:05:57.818+0000] {dag.py:4138} INFO - Setting next_dagrun for example_dag_decorator to None, run_after=None
[2024-09-04T21:05:57.837+0000] {processor.py:208} INFO - Processing /home/airflow/.local/lib/python3.12/site-packages/airflow/example_dags/example_dag_decorator.py took 0.137 seconds
[2024-09-04T21:06:30.583+0000] {processor.py:186} INFO - Started process (PID=857) to work on /home/airflow/.local/lib/python3.12/site-packages/airflow/example_dags/example_dag_decorator.py
[2024-09-04T21:06:30.586+0000] {processor.py:914} INFO - Processing file /home/airflow/.local/lib/python3.12/site-packages/airflow/example_dags/example_dag_decorator.py for tasks to queue
[2024-09-04T21:06:30.604+0000] {logging_mixin.py:190} INFO - [2024-09-04T21:06:30.603+0000] {dagbag.py:587} INFO - Filling up the DagBag from /home/airflow/.local/lib/python3.12/site-packages/airflow/example_dags/example_dag_decorator.py
[2024-09-04T21:06:30.677+0000] {processor.py:925} INFO - DAG(s) 'example_dag_decorator' retrieved from /home/airflow/.local/lib/python3.12/site-packages/airflow/example_dags/example_dag_decorator.py
[2024-09-04T21:06:31.234+0000] {logging_mixin.py:190} INFO - [2024-09-04T21:06:31.233+0000] {dag.py:3211} INFO - Sync 1 DAGs
[2024-09-04T21:06:31.304+0000] {logging_mixin.py:190} INFO - [2024-09-04T21:06:31.303+0000] {dag.py:4138} INFO - Setting next_dagrun for example_dag_decorator to None, run_after=None
[2024-09-04T21:06:31.435+0000] {processor.py:208} INFO - Processing /home/airflow/.local/lib/python3.12/site-packages/airflow/example_dags/example_dag_decorator.py took 0.881 seconds
[2024-09-04T21:07:02.059+0000] {processor.py:186} INFO - Started process (PID=919) to work on /home/airflow/.local/lib/python3.12/site-packages/airflow/example_dags/example_dag_decorator.py
[2024-09-04T21:07:02.062+0000] {processor.py:914} INFO - Processing file /home/airflow/.local/lib/python3.12/site-packages/airflow/example_dags/example_dag_decorator.py for tasks to queue
[2024-09-04T21:07:02.107+0000] {logging_mixin.py:190} INFO - [2024-09-04T21:07:02.098+0000] {dagbag.py:587} INFO - Filling up the DagBag from /home/airflow/.local/lib/python3.12/site-packages/airflow/example_dags/example_dag_decorator.py
[2024-09-04T21:07:02.274+0000] {processor.py:925} INFO - DAG(s) 'example_dag_decorator' retrieved from /home/airflow/.local/lib/python3.12/site-packages/airflow/example_dags/example_dag_decorator.py
[2024-09-04T21:07:02.577+0000] {logging_mixin.py:190} INFO - [2024-09-04T21:07:02.577+0000] {dag.py:3211} INFO - Sync 1 DAGs
[2024-09-04T21:07:02.622+0000] {logging_mixin.py:190} INFO - [2024-09-04T21:07:02.621+0000] {dag.py:4138} INFO - Setting next_dagrun for example_dag_decorator to None, run_after=None
[2024-09-04T21:07:02.654+0000] {processor.py:208} INFO - Processing /home/airflow/.local/lib/python3.12/site-packages/airflow/example_dags/example_dag_decorator.py took 0.607 seconds
[2024-09-04T21:07:32.730+0000] {processor.py:186} INFO - Started process (PID=982) to work on /home/airflow/.local/lib/python3.12/site-packages/airflow/example_dags/example_dag_decorator.py
[2024-09-04T21:07:32.731+0000] {processor.py:914} INFO - Processing file /home/airflow/.local/lib/python3.12/site-packages/airflow/example_dags/example_dag_decorator.py for tasks to queue
[2024-09-04T21:07:32.733+0000] {logging_mixin.py:190} INFO - [2024-09-04T21:07:32.733+0000] {dagbag.py:587} INFO - Filling up the DagBag from /home/airflow/.local/lib/python3.12/site-packages/airflow/example_dags/example_dag_decorator.py
[2024-09-04T21:07:32.747+0000] {processor.py:925} INFO - DAG(s) 'example_dag_decorator' retrieved from /home/airflow/.local/lib/python3.12/site-packages/airflow/example_dags/example_dag_decorator.py
[2024-09-04T21:07:32.858+0000] {logging_mixin.py:190} INFO - [2024-09-04T21:07:32.858+0000] {dag.py:3211} INFO - Sync 1 DAGs
[2024-09-04T21:07:32.870+0000] {logging_mixin.py:190} INFO - [2024-09-04T21:07:32.870+0000] {dag.py:4138} INFO - Setting next_dagrun for example_dag_decorator to None, run_after=None
[2024-09-04T21:07:32.898+0000] {processor.py:208} INFO - Processing /home/airflow/.local/lib/python3.12/site-packages/airflow/example_dags/example_dag_decorator.py took 0.175 seconds
[2024-09-04T21:08:03.497+0000] {processor.py:186} INFO - Started process (PID=1044) to work on /home/airflow/.local/lib/python3.12/site-packages/airflow/example_dags/example_dag_decorator.py
[2024-09-04T21:08:03.504+0000] {processor.py:914} INFO - Processing file /home/airflow/.local/lib/python3.12/site-packages/airflow/example_dags/example_dag_decorator.py for tasks to queue
[2024-09-04T21:08:03.516+0000] {logging_mixin.py:190} INFO - [2024-09-04T21:08:03.516+0000] {dagbag.py:587} INFO - Filling up the DagBag from /home/airflow/.local/lib/python3.12/site-packages/airflow/example_dags/example_dag_decorator.py
[2024-09-04T21:08:03.547+0000] {processor.py:925} INFO - DAG(s) 'example_dag_decorator' retrieved from /home/airflow/.local/lib/python3.12/site-packages/airflow/example_dags/example_dag_decorator.py
[2024-09-04T21:08:03.687+0000] {logging_mixin.py:190} INFO - [2024-09-04T21:08:03.687+0000] {dag.py:3211} INFO - Sync 1 DAGs
[2024-09-04T21:08:03.701+0000] {logging_mixin.py:190} INFO - [2024-09-04T21:08:03.700+0000] {dag.py:4138} INFO - Setting next_dagrun for example_dag_decorator to None, run_after=None
[2024-09-04T21:08:03.720+0000] {processor.py:208} INFO - Processing /home/airflow/.local/lib/python3.12/site-packages/airflow/example_dags/example_dag_decorator.py took 0.233 seconds
[2024-09-04T21:08:34.152+0000] {processor.py:186} INFO - Started process (PID=1106) to work on /home/airflow/.local/lib/python3.12/site-packages/airflow/example_dags/example_dag_decorator.py
[2024-09-04T21:08:34.153+0000] {processor.py:914} INFO - Processing file /home/airflow/.local/lib/python3.12/site-packages/airflow/example_dags/example_dag_decorator.py for tasks to queue
[2024-09-04T21:08:34.155+0000] {logging_mixin.py:190} INFO - [2024-09-04T21:08:34.155+0000] {dagbag.py:587} INFO - Filling up the DagBag from /home/airflow/.local/lib/python3.12/site-packages/airflow/example_dags/example_dag_decorator.py
[2024-09-04T21:08:34.164+0000] {processor.py:925} INFO - DAG(s) 'example_dag_decorator' retrieved from /home/airflow/.local/lib/python3.12/site-packages/airflow/example_dags/example_dag_decorator.py
[2024-09-04T21:08:34.249+0000] {logging_mixin.py:190} INFO - [2024-09-04T21:08:34.248+0000] {dag.py:3211} INFO - Sync 1 DAGs
[2024-09-04T21:08:34.258+0000] {logging_mixin.py:190} INFO - [2024-09-04T21:08:34.258+0000] {dag.py:4138} INFO - Setting next_dagrun for example_dag_decorator to None, run_after=None
[2024-09-04T21:08:34.278+0000] {processor.py:208} INFO - Processing /home/airflow/.local/lib/python3.12/site-packages/airflow/example_dags/example_dag_decorator.py took 0.130 seconds
[2024-09-04T21:09:04.652+0000] {processor.py:186} INFO - Started process (PID=1168) to work on /home/airflow/.local/lib/python3.12/site-packages/airflow/example_dags/example_dag_decorator.py
[2024-09-04T21:09:04.654+0000] {processor.py:914} INFO - Processing file /home/airflow/.local/lib/python3.12/site-packages/airflow/example_dags/example_dag_decorator.py for tasks to queue
[2024-09-04T21:09:04.656+0000] {logging_mixin.py:190} INFO - [2024-09-04T21:09:04.656+0000] {dagbag.py:587} INFO - Filling up the DagBag from /home/airflow/.local/lib/python3.12/site-packages/airflow/example_dags/example_dag_decorator.py
[2024-09-04T21:09:04.666+0000] {processor.py:925} INFO - DAG(s) 'example_dag_decorator' retrieved from /home/airflow/.local/lib/python3.12/site-packages/airflow/example_dags/example_dag_decorator.py
[2024-09-04T21:09:04.753+0000] {logging_mixin.py:190} INFO - [2024-09-04T21:09:04.753+0000] {dag.py:3211} INFO - Sync 1 DAGs
[2024-09-04T21:09:04.763+0000] {logging_mixin.py:190} INFO - [2024-09-04T21:09:04.763+0000] {dag.py:4138} INFO - Setting next_dagrun for example_dag_decorator to None, run_after=None
[2024-09-04T21:09:04.784+0000] {processor.py:208} INFO - Processing /home/airflow/.local/lib/python3.12/site-packages/airflow/example_dags/example_dag_decorator.py took 0.136 seconds
[2024-09-04T21:09:35.085+0000] {processor.py:186} INFO - Started process (PID=1230) to work on /home/airflow/.local/lib/python3.12/site-packages/airflow/example_dags/example_dag_decorator.py
[2024-09-04T21:09:35.087+0000] {processor.py:914} INFO - Processing file /home/airflow/.local/lib/python3.12/site-packages/airflow/example_dags/example_dag_decorator.py for tasks to queue
[2024-09-04T21:09:35.089+0000] {logging_mixin.py:190} INFO - [2024-09-04T21:09:35.088+0000] {dagbag.py:587} INFO - Filling up the DagBag from /home/airflow/.local/lib/python3.12/site-packages/airflow/example_dags/example_dag_decorator.py
[2024-09-04T21:09:35.099+0000] {processor.py:925} INFO - DAG(s) 'example_dag_decorator' retrieved from /home/airflow/.local/lib/python3.12/site-packages/airflow/example_dags/example_dag_decorator.py
[2024-09-04T21:09:35.182+0000] {logging_mixin.py:190} INFO - [2024-09-04T21:09:35.182+0000] {dag.py:3211} INFO - Sync 1 DAGs
[2024-09-04T21:09:35.192+0000] {logging_mixin.py:190} INFO - [2024-09-04T21:09:35.192+0000] {dag.py:4138} INFO - Setting next_dagrun for example_dag_decorator to None, run_after=None
[2024-09-04T21:09:35.214+0000] {processor.py:208} INFO - Processing /home/airflow/.local/lib/python3.12/site-packages/airflow/example_dags/example_dag_decorator.py took 0.133 seconds
[2024-09-04T21:10:05.531+0000] {processor.py:186} INFO - Started process (PID=1292) to work on /home/airflow/.local/lib/python3.12/site-packages/airflow/example_dags/example_dag_decorator.py
[2024-09-04T21:10:05.532+0000] {processor.py:914} INFO - Processing file /home/airflow/.local/lib/python3.12/site-packages/airflow/example_dags/example_dag_decorator.py for tasks to queue
[2024-09-04T21:10:05.534+0000] {logging_mixin.py:190} INFO - [2024-09-04T21:10:05.534+0000] {dagbag.py:587} INFO - Filling up the DagBag from /home/airflow/.local/lib/python3.12/site-packages/airflow/example_dags/example_dag_decorator.py
[2024-09-04T21:10:05.543+0000] {processor.py:925} INFO - DAG(s) 'example_dag_decorator' retrieved from /home/airflow/.local/lib/python3.12/site-packages/airflow/example_dags/example_dag_decorator.py
[2024-09-04T21:10:05.627+0000] {logging_mixin.py:190} INFO - [2024-09-04T21:10:05.627+0000] {dag.py:3211} INFO - Sync 1 DAGs
[2024-09-04T21:10:05.637+0000] {logging_mixin.py:190} INFO - [2024-09-04T21:10:05.637+0000] {dag.py:4138} INFO - Setting next_dagrun for example_dag_decorator to None, run_after=None
[2024-09-04T21:10:05.656+0000] {processor.py:208} INFO - Processing /home/airflow/.local/lib/python3.12/site-packages/airflow/example_dags/example_dag_decorator.py took 0.130 seconds
[2024-09-04T21:10:36.210+0000] {processor.py:186} INFO - Started process (PID=1355) to work on /home/airflow/.local/lib/python3.12/site-packages/airflow/example_dags/example_dag_decorator.py
[2024-09-04T21:10:36.212+0000] {processor.py:914} INFO - Processing file /home/airflow/.local/lib/python3.12/site-packages/airflow/example_dags/example_dag_decorator.py for tasks to queue
[2024-09-04T21:10:36.222+0000] {logging_mixin.py:190} INFO - [2024-09-04T21:10:36.221+0000] {dagbag.py:587} INFO - Filling up the DagBag from /home/airflow/.local/lib/python3.12/site-packages/airflow/example_dags/example_dag_decorator.py
[2024-09-04T21:10:36.245+0000] {processor.py:925} INFO - DAG(s) 'example_dag_decorator' retrieved from /home/airflow/.local/lib/python3.12/site-packages/airflow/example_dags/example_dag_decorator.py
[2024-09-04T21:10:36.409+0000] {logging_mixin.py:190} INFO - [2024-09-04T21:10:36.407+0000] {dag.py:3211} INFO - Sync 1 DAGs
[2024-09-04T21:10:36.425+0000] {logging_mixin.py:190} INFO - [2024-09-04T21:10:36.424+0000] {dag.py:4138} INFO - Setting next_dagrun for example_dag_decorator to None, run_after=None
[2024-09-04T21:10:36.452+0000] {processor.py:208} INFO - Processing /home/airflow/.local/lib/python3.12/site-packages/airflow/example_dags/example_dag_decorator.py took 0.252 seconds
[2024-09-04T21:11:06.654+0000] {processor.py:186} INFO - Started process (PID=1418) to work on /home/airflow/.local/lib/python3.12/site-packages/airflow/example_dags/example_dag_decorator.py
[2024-09-04T21:11:06.655+0000] {processor.py:914} INFO - Processing file /home/airflow/.local/lib/python3.12/site-packages/airflow/example_dags/example_dag_decorator.py for tasks to queue
[2024-09-04T21:11:06.658+0000] {logging_mixin.py:190} INFO - [2024-09-04T21:11:06.657+0000] {dagbag.py:587} INFO - Filling up the DagBag from /home/airflow/.local/lib/python3.12/site-packages/airflow/example_dags/example_dag_decorator.py
[2024-09-04T21:11:06.668+0000] {processor.py:925} INFO - DAG(s) 'example_dag_decorator' retrieved from /home/airflow/.local/lib/python3.12/site-packages/airflow/example_dags/example_dag_decorator.py
[2024-09-04T21:11:06.759+0000] {logging_mixin.py:190} INFO - [2024-09-04T21:11:06.759+0000] {dag.py:3211} INFO - Sync 1 DAGs
[2024-09-04T21:11:06.770+0000] {logging_mixin.py:190} INFO - [2024-09-04T21:11:06.770+0000] {dag.py:4138} INFO - Setting next_dagrun for example_dag_decorator to None, run_after=None
[2024-09-04T21:11:06.790+0000] {processor.py:208} INFO - Processing /home/airflow/.local/lib/python3.12/site-packages/airflow/example_dags/example_dag_decorator.py took 0.141 seconds
[2024-09-04T21:11:36.908+0000] {processor.py:186} INFO - Started process (PID=1481) to work on /home/airflow/.local/lib/python3.12/site-packages/airflow/example_dags/example_dag_decorator.py
[2024-09-04T21:11:36.909+0000] {processor.py:914} INFO - Processing file /home/airflow/.local/lib/python3.12/site-packages/airflow/example_dags/example_dag_decorator.py for tasks to queue
[2024-09-04T21:11:36.912+0000] {logging_mixin.py:190} INFO - [2024-09-04T21:11:36.911+0000] {dagbag.py:587} INFO - Filling up the DagBag from /home/airflow/.local/lib/python3.12/site-packages/airflow/example_dags/example_dag_decorator.py
[2024-09-04T21:11:36.922+0000] {processor.py:925} INFO - DAG(s) 'example_dag_decorator' retrieved from /home/airflow/.local/lib/python3.12/site-packages/airflow/example_dags/example_dag_decorator.py
[2024-09-04T21:11:37.013+0000] {logging_mixin.py:190} INFO - [2024-09-04T21:11:37.013+0000] {dag.py:3211} INFO - Sync 1 DAGs
[2024-09-04T21:11:37.024+0000] {logging_mixin.py:190} INFO - [2024-09-04T21:11:37.024+0000] {dag.py:4138} INFO - Setting next_dagrun for example_dag_decorator to None, run_after=None
[2024-09-04T21:11:37.045+0000] {processor.py:208} INFO - Processing /home/airflow/.local/lib/python3.12/site-packages/airflow/example_dags/example_dag_decorator.py took 0.142 seconds
[2024-09-04T21:12:07.098+0000] {processor.py:186} INFO - Started process (PID=1544) to work on /home/airflow/.local/lib/python3.12/site-packages/airflow/example_dags/example_dag_decorator.py
[2024-09-04T21:12:07.100+0000] {processor.py:914} INFO - Processing file /home/airflow/.local/lib/python3.12/site-packages/airflow/example_dags/example_dag_decorator.py for tasks to queue
[2024-09-04T21:12:07.102+0000] {logging_mixin.py:190} INFO - [2024-09-04T21:12:07.102+0000] {dagbag.py:587} INFO - Filling up the DagBag from /home/airflow/.local/lib/python3.12/site-packages/airflow/example_dags/example_dag_decorator.py
[2024-09-04T21:12:07.113+0000] {processor.py:925} INFO - DAG(s) 'example_dag_decorator' retrieved from /home/airflow/.local/lib/python3.12/site-packages/airflow/example_dags/example_dag_decorator.py
[2024-09-04T21:12:07.205+0000] {logging_mixin.py:190} INFO - [2024-09-04T21:12:07.204+0000] {dag.py:3211} INFO - Sync 1 DAGs
[2024-09-04T21:12:07.215+0000] {logging_mixin.py:190} INFO - [2024-09-04T21:12:07.215+0000] {dag.py:4138} INFO - Setting next_dagrun for example_dag_decorator to None, run_after=None
[2024-09-04T21:12:07.235+0000] {processor.py:208} INFO - Processing /home/airflow/.local/lib/python3.12/site-packages/airflow/example_dags/example_dag_decorator.py took 0.142 seconds
[2024-09-04T21:12:37.974+0000] {processor.py:186} INFO - Started process (PID=1608) to work on /home/airflow/.local/lib/python3.12/site-packages/airflow/example_dags/example_dag_decorator.py
[2024-09-04T21:12:37.976+0000] {processor.py:914} INFO - Processing file /home/airflow/.local/lib/python3.12/site-packages/airflow/example_dags/example_dag_decorator.py for tasks to queue
[2024-09-04T21:12:37.978+0000] {logging_mixin.py:190} INFO - [2024-09-04T21:12:37.978+0000] {dagbag.py:587} INFO - Filling up the DagBag from /home/airflow/.local/lib/python3.12/site-packages/airflow/example_dags/example_dag_decorator.py
[2024-09-04T21:12:37.988+0000] {processor.py:925} INFO - DAG(s) 'example_dag_decorator' retrieved from /home/airflow/.local/lib/python3.12/site-packages/airflow/example_dags/example_dag_decorator.py
[2024-09-04T21:12:38.078+0000] {logging_mixin.py:190} INFO - [2024-09-04T21:12:38.077+0000] {dag.py:3211} INFO - Sync 1 DAGs
[2024-09-04T21:12:38.088+0000] {logging_mixin.py:190} INFO - [2024-09-04T21:12:38.088+0000] {dag.py:4138} INFO - Setting next_dagrun for example_dag_decorator to None, run_after=None
[2024-09-04T21:12:38.108+0000] {processor.py:208} INFO - Processing /home/airflow/.local/lib/python3.12/site-packages/airflow/example_dags/example_dag_decorator.py took 0.138 seconds
[2024-09-04T21:13:08.888+0000] {processor.py:186} INFO - Started process (PID=1671) to work on /home/airflow/.local/lib/python3.12/site-packages/airflow/example_dags/example_dag_decorator.py
[2024-09-04T21:13:08.890+0000] {processor.py:914} INFO - Processing file /home/airflow/.local/lib/python3.12/site-packages/airflow/example_dags/example_dag_decorator.py for tasks to queue
[2024-09-04T21:13:08.892+0000] {logging_mixin.py:190} INFO - [2024-09-04T21:13:08.892+0000] {dagbag.py:587} INFO - Filling up the DagBag from /home/airflow/.local/lib/python3.12/site-packages/airflow/example_dags/example_dag_decorator.py
[2024-09-04T21:13:08.902+0000] {processor.py:925} INFO - DAG(s) 'example_dag_decorator' retrieved from /home/airflow/.local/lib/python3.12/site-packages/airflow/example_dags/example_dag_decorator.py
[2024-09-04T21:13:08.991+0000] {logging_mixin.py:190} INFO - [2024-09-04T21:13:08.991+0000] {dag.py:3211} INFO - Sync 1 DAGs
[2024-09-04T21:13:09.001+0000] {logging_mixin.py:190} INFO - [2024-09-04T21:13:09.001+0000] {dag.py:4138} INFO - Setting next_dagrun for example_dag_decorator to None, run_after=None
[2024-09-04T21:13:09.020+0000] {processor.py:208} INFO - Processing /home/airflow/.local/lib/python3.12/site-packages/airflow/example_dags/example_dag_decorator.py took 0.137 seconds
[2024-09-04T21:13:39.141+0000] {processor.py:186} INFO - Started process (PID=1735) to work on /home/airflow/.local/lib/python3.12/site-packages/airflow/example_dags/example_dag_decorator.py
[2024-09-04T21:13:39.142+0000] {processor.py:914} INFO - Processing file /home/airflow/.local/lib/python3.12/site-packages/airflow/example_dags/example_dag_decorator.py for tasks to queue
[2024-09-04T21:13:39.144+0000] {logging_mixin.py:190} INFO - [2024-09-04T21:13:39.144+0000] {dagbag.py:587} INFO - Filling up the DagBag from /home/airflow/.local/lib/python3.12/site-packages/airflow/example_dags/example_dag_decorator.py
[2024-09-04T21:13:39.154+0000] {processor.py:925} INFO - DAG(s) 'example_dag_decorator' retrieved from /home/airflow/.local/lib/python3.12/site-packages/airflow/example_dags/example_dag_decorator.py
[2024-09-04T21:13:39.179+0000] {logging_mixin.py:190} INFO - [2024-09-04T21:13:39.179+0000] {dag.py:3211} INFO - Sync 1 DAGs
[2024-09-04T21:13:39.193+0000] {logging_mixin.py:190} INFO - [2024-09-04T21:13:39.193+0000] {dag.py:4138} INFO - Setting next_dagrun for example_dag_decorator to None, run_after=None
[2024-09-04T21:13:39.211+0000] {processor.py:208} INFO - Processing /home/airflow/.local/lib/python3.12/site-packages/airflow/example_dags/example_dag_decorator.py took 0.075 seconds
[2024-09-04T21:14:09.812+0000] {processor.py:186} INFO - Started process (PID=1797) to work on /home/airflow/.local/lib/python3.12/site-packages/airflow/example_dags/example_dag_decorator.py
[2024-09-04T21:14:09.814+0000] {processor.py:914} INFO - Processing file /home/airflow/.local/lib/python3.12/site-packages/airflow/example_dags/example_dag_decorator.py for tasks to queue
[2024-09-04T21:14:09.817+0000] {logging_mixin.py:190} INFO - [2024-09-04T21:14:09.817+0000] {dagbag.py:587} INFO - Filling up the DagBag from /home/airflow/.local/lib/python3.12/site-packages/airflow/example_dags/example_dag_decorator.py
[2024-09-04T21:14:09.828+0000] {processor.py:925} INFO - DAG(s) 'example_dag_decorator' retrieved from /home/airflow/.local/lib/python3.12/site-packages/airflow/example_dags/example_dag_decorator.py
[2024-09-04T21:14:09.922+0000] {logging_mixin.py:190} INFO - [2024-09-04T21:14:09.921+0000] {dag.py:3211} INFO - Sync 1 DAGs
[2024-09-04T21:14:09.934+0000] {logging_mixin.py:190} INFO - [2024-09-04T21:14:09.934+0000] {dag.py:4138} INFO - Setting next_dagrun for example_dag_decorator to None, run_after=None
[2024-09-04T21:14:09.958+0000] {processor.py:208} INFO - Processing /home/airflow/.local/lib/python3.12/site-packages/airflow/example_dags/example_dag_decorator.py took 0.151 seconds
[2024-09-04T21:14:40.651+0000] {processor.py:186} INFO - Started process (PID=1860) to work on /home/airflow/.local/lib/python3.12/site-packages/airflow/example_dags/example_dag_decorator.py
[2024-09-04T21:14:40.653+0000] {processor.py:914} INFO - Processing file /home/airflow/.local/lib/python3.12/site-packages/airflow/example_dags/example_dag_decorator.py for tasks to queue
[2024-09-04T21:14:40.655+0000] {logging_mixin.py:190} INFO - [2024-09-04T21:14:40.655+0000] {dagbag.py:587} INFO - Filling up the DagBag from /home/airflow/.local/lib/python3.12/site-packages/airflow/example_dags/example_dag_decorator.py
[2024-09-04T21:14:40.667+0000] {processor.py:925} INFO - DAG(s) 'example_dag_decorator' retrieved from /home/airflow/.local/lib/python3.12/site-packages/airflow/example_dags/example_dag_decorator.py
[2024-09-04T21:14:40.764+0000] {logging_mixin.py:190} INFO - [2024-09-04T21:14:40.763+0000] {dag.py:3211} INFO - Sync 1 DAGs
[2024-09-04T21:14:40.776+0000] {logging_mixin.py:190} INFO - [2024-09-04T21:14:40.775+0000] {dag.py:4138} INFO - Setting next_dagrun for example_dag_decorator to None, run_after=None
[2024-09-04T21:14:40.795+0000] {processor.py:208} INFO - Processing /home/airflow/.local/lib/python3.12/site-packages/airflow/example_dags/example_dag_decorator.py took 0.149 seconds
[2024-09-04T21:15:11.633+0000] {processor.py:186} INFO - Started process (PID=1923) to work on /home/airflow/.local/lib/python3.12/site-packages/airflow/example_dags/example_dag_decorator.py
[2024-09-04T21:15:11.636+0000] {processor.py:914} INFO - Processing file /home/airflow/.local/lib/python3.12/site-packages/airflow/example_dags/example_dag_decorator.py for tasks to queue
[2024-09-04T21:15:11.640+0000] {logging_mixin.py:190} INFO - [2024-09-04T21:15:11.640+0000] {dagbag.py:587} INFO - Filling up the DagBag from /home/airflow/.local/lib/python3.12/site-packages/airflow/example_dags/example_dag_decorator.py
[2024-09-04T21:15:11.668+0000] {processor.py:925} INFO - DAG(s) 'example_dag_decorator' retrieved from /home/airflow/.local/lib/python3.12/site-packages/airflow/example_dags/example_dag_decorator.py
[2024-09-04T21:15:11.851+0000] {logging_mixin.py:190} INFO - [2024-09-04T21:15:11.850+0000] {dag.py:3211} INFO - Sync 1 DAGs
[2024-09-04T21:15:11.873+0000] {logging_mixin.py:190} INFO - [2024-09-04T21:15:11.873+0000] {dag.py:4138} INFO - Setting next_dagrun for example_dag_decorator to None, run_after=None
[2024-09-04T21:15:11.909+0000] {processor.py:208} INFO - Processing /home/airflow/.local/lib/python3.12/site-packages/airflow/example_dags/example_dag_decorator.py took 0.294 seconds
[2024-09-04T21:15:42.079+0000] {processor.py:186} INFO - Started process (PID=1986) to work on /home/airflow/.local/lib/python3.12/site-packages/airflow/example_dags/example_dag_decorator.py
[2024-09-04T21:15:42.081+0000] {processor.py:914} INFO - Processing file /home/airflow/.local/lib/python3.12/site-packages/airflow/example_dags/example_dag_decorator.py for tasks to queue
[2024-09-04T21:15:42.085+0000] {logging_mixin.py:190} INFO - [2024-09-04T21:15:42.085+0000] {dagbag.py:587} INFO - Filling up the DagBag from /home/airflow/.local/lib/python3.12/site-packages/airflow/example_dags/example_dag_decorator.py
[2024-09-04T21:15:42.107+0000] {processor.py:925} INFO - DAG(s) 'example_dag_decorator' retrieved from /home/airflow/.local/lib/python3.12/site-packages/airflow/example_dags/example_dag_decorator.py
[2024-09-04T21:15:42.296+0000] {logging_mixin.py:190} INFO - [2024-09-04T21:15:42.296+0000] {dag.py:3211} INFO - Sync 1 DAGs
[2024-09-04T21:15:42.320+0000] {logging_mixin.py:190} INFO - [2024-09-04T21:15:42.319+0000] {dag.py:4138} INFO - Setting next_dagrun for example_dag_decorator to None, run_after=None
[2024-09-04T21:15:42.354+0000] {processor.py:208} INFO - Processing /home/airflow/.local/lib/python3.12/site-packages/airflow/example_dags/example_dag_decorator.py took 0.288 seconds
[2024-09-04T21:16:12.990+0000] {processor.py:186} INFO - Started process (PID=2050) to work on /home/airflow/.local/lib/python3.12/site-packages/airflow/example_dags/example_dag_decorator.py
[2024-09-04T21:16:12.991+0000] {processor.py:914} INFO - Processing file /home/airflow/.local/lib/python3.12/site-packages/airflow/example_dags/example_dag_decorator.py for tasks to queue
[2024-09-04T21:16:12.994+0000] {logging_mixin.py:190} INFO - [2024-09-04T21:16:12.994+0000] {dagbag.py:587} INFO - Filling up the DagBag from /home/airflow/.local/lib/python3.12/site-packages/airflow/example_dags/example_dag_decorator.py
[2024-09-04T21:16:13.004+0000] {processor.py:925} INFO - DAG(s) 'example_dag_decorator' retrieved from /home/airflow/.local/lib/python3.12/site-packages/airflow/example_dags/example_dag_decorator.py
[2024-09-04T21:16:13.097+0000] {logging_mixin.py:190} INFO - [2024-09-04T21:16:13.097+0000] {dag.py:3211} INFO - Sync 1 DAGs
[2024-09-04T21:16:13.110+0000] {logging_mixin.py:190} INFO - [2024-09-04T21:16:13.110+0000] {dag.py:4138} INFO - Setting next_dagrun for example_dag_decorator to None, run_after=None
[2024-09-04T21:16:13.131+0000] {processor.py:208} INFO - Processing /home/airflow/.local/lib/python3.12/site-packages/airflow/example_dags/example_dag_decorator.py took 0.147 seconds
[2024-09-04T21:16:43.483+0000] {processor.py:186} INFO - Started process (PID=2113) to work on /home/airflow/.local/lib/python3.12/site-packages/airflow/example_dags/example_dag_decorator.py
[2024-09-04T21:16:43.484+0000] {processor.py:914} INFO - Processing file /home/airflow/.local/lib/python3.12/site-packages/airflow/example_dags/example_dag_decorator.py for tasks to queue
[2024-09-04T21:16:43.487+0000] {logging_mixin.py:190} INFO - [2024-09-04T21:16:43.486+0000] {dagbag.py:587} INFO - Filling up the DagBag from /home/airflow/.local/lib/python3.12/site-packages/airflow/example_dags/example_dag_decorator.py
[2024-09-04T21:16:43.499+0000] {processor.py:925} INFO - DAG(s) 'example_dag_decorator' retrieved from /home/airflow/.local/lib/python3.12/site-packages/airflow/example_dags/example_dag_decorator.py
[2024-09-04T21:16:43.589+0000] {logging_mixin.py:190} INFO - [2024-09-04T21:16:43.589+0000] {dag.py:3211} INFO - Sync 1 DAGs
[2024-09-04T21:16:43.600+0000] {logging_mixin.py:190} INFO - [2024-09-04T21:16:43.600+0000] {dag.py:4138} INFO - Setting next_dagrun for example_dag_decorator to None, run_after=None
[2024-09-04T21:16:43.622+0000] {processor.py:208} INFO - Processing /home/airflow/.local/lib/python3.12/site-packages/airflow/example_dags/example_dag_decorator.py took 0.145 seconds
[2024-09-04T21:17:14.327+0000] {processor.py:186} INFO - Started process (PID=2176) to work on /home/airflow/.local/lib/python3.12/site-packages/airflow/example_dags/example_dag_decorator.py
[2024-09-04T21:17:14.329+0000] {processor.py:914} INFO - Processing file /home/airflow/.local/lib/python3.12/site-packages/airflow/example_dags/example_dag_decorator.py for tasks to queue
[2024-09-04T21:17:14.333+0000] {logging_mixin.py:190} INFO - [2024-09-04T21:17:14.333+0000] {dagbag.py:587} INFO - Filling up the DagBag from /home/airflow/.local/lib/python3.12/site-packages/airflow/example_dags/example_dag_decorator.py
[2024-09-04T21:17:14.354+0000] {processor.py:925} INFO - DAG(s) 'example_dag_decorator' retrieved from /home/airflow/.local/lib/python3.12/site-packages/airflow/example_dags/example_dag_decorator.py
[2024-09-04T21:17:14.401+0000] {logging_mixin.py:190} INFO - [2024-09-04T21:17:14.400+0000] {dag.py:3211} INFO - Sync 1 DAGs
[2024-09-04T21:17:14.426+0000] {logging_mixin.py:190} INFO - [2024-09-04T21:17:14.426+0000] {dag.py:4138} INFO - Setting next_dagrun for example_dag_decorator to None, run_after=None
[2024-09-04T21:17:14.465+0000] {processor.py:208} INFO - Processing /home/airflow/.local/lib/python3.12/site-packages/airflow/example_dags/example_dag_decorator.py took 0.148 seconds
[2024-09-04T21:17:45.288+0000] {processor.py:186} INFO - Started process (PID=2239) to work on /home/airflow/.local/lib/python3.12/site-packages/airflow/example_dags/example_dag_decorator.py
[2024-09-04T21:17:45.289+0000] {processor.py:914} INFO - Processing file /home/airflow/.local/lib/python3.12/site-packages/airflow/example_dags/example_dag_decorator.py for tasks to queue
[2024-09-04T21:17:45.292+0000] {logging_mixin.py:190} INFO - [2024-09-04T21:17:45.292+0000] {dagbag.py:587} INFO - Filling up the DagBag from /home/airflow/.local/lib/python3.12/site-packages/airflow/example_dags/example_dag_decorator.py
[2024-09-04T21:17:45.304+0000] {processor.py:925} INFO - DAG(s) 'example_dag_decorator' retrieved from /home/airflow/.local/lib/python3.12/site-packages/airflow/example_dags/example_dag_decorator.py
[2024-09-04T21:17:45.327+0000] {logging_mixin.py:190} INFO - [2024-09-04T21:17:45.326+0000] {dag.py:3211} INFO - Sync 1 DAGs
[2024-09-04T21:17:45.340+0000] {logging_mixin.py:190} INFO - [2024-09-04T21:17:45.340+0000] {dag.py:4138} INFO - Setting next_dagrun for example_dag_decorator to None, run_after=None
[2024-09-04T21:17:45.361+0000] {processor.py:208} INFO - Processing /home/airflow/.local/lib/python3.12/site-packages/airflow/example_dags/example_dag_decorator.py took 0.078 seconds
[2024-09-04T21:18:15.478+0000] {processor.py:186} INFO - Started process (PID=2302) to work on /home/airflow/.local/lib/python3.12/site-packages/airflow/example_dags/example_dag_decorator.py
[2024-09-04T21:18:15.479+0000] {processor.py:914} INFO - Processing file /home/airflow/.local/lib/python3.12/site-packages/airflow/example_dags/example_dag_decorator.py for tasks to queue
[2024-09-04T21:18:15.482+0000] {logging_mixin.py:190} INFO - [2024-09-04T21:18:15.481+0000] {dagbag.py:587} INFO - Filling up the DagBag from /home/airflow/.local/lib/python3.12/site-packages/airflow/example_dags/example_dag_decorator.py
[2024-09-04T21:18:15.497+0000] {processor.py:925} INFO - DAG(s) 'example_dag_decorator' retrieved from /home/airflow/.local/lib/python3.12/site-packages/airflow/example_dags/example_dag_decorator.py
[2024-09-04T21:18:15.525+0000] {logging_mixin.py:190} INFO - [2024-09-04T21:18:15.524+0000] {dag.py:3211} INFO - Sync 1 DAGs
[2024-09-04T21:18:15.545+0000] {logging_mixin.py:190} INFO - [2024-09-04T21:18:15.545+0000] {dag.py:4138} INFO - Setting next_dagrun for example_dag_decorator to None, run_after=None
[2024-09-04T21:18:15.565+0000] {processor.py:208} INFO - Processing /home/airflow/.local/lib/python3.12/site-packages/airflow/example_dags/example_dag_decorator.py took 0.093 seconds
[2024-09-04T21:18:46.074+0000] {processor.py:186} INFO - Started process (PID=2365) to work on /home/airflow/.local/lib/python3.12/site-packages/airflow/example_dags/example_dag_decorator.py
[2024-09-04T21:18:46.076+0000] {processor.py:914} INFO - Processing file /home/airflow/.local/lib/python3.12/site-packages/airflow/example_dags/example_dag_decorator.py for tasks to queue
[2024-09-04T21:18:46.081+0000] {logging_mixin.py:190} INFO - [2024-09-04T21:18:46.080+0000] {dagbag.py:587} INFO - Filling up the DagBag from /home/airflow/.local/lib/python3.12/site-packages/airflow/example_dags/example_dag_decorator.py
[2024-09-04T21:18:46.094+0000] {processor.py:925} INFO - DAG(s) 'example_dag_decorator' retrieved from /home/airflow/.local/lib/python3.12/site-packages/airflow/example_dags/example_dag_decorator.py
[2024-09-04T21:18:46.188+0000] {logging_mixin.py:190} INFO - [2024-09-04T21:18:46.188+0000] {dag.py:3211} INFO - Sync 1 DAGs
[2024-09-04T21:18:46.201+0000] {logging_mixin.py:190} INFO - [2024-09-04T21:18:46.200+0000] {dag.py:4138} INFO - Setting next_dagrun for example_dag_decorator to None, run_after=None
[2024-09-04T21:18:46.222+0000] {processor.py:208} INFO - Processing /home/airflow/.local/lib/python3.12/site-packages/airflow/example_dags/example_dag_decorator.py took 0.154 seconds
