[2024-09-04T20:52:33.310+0000] {processor.py:186} INFO - Started process (PID=87) to work on /home/airflow/.local/lib/python3.12/site-packages/airflow/example_dags/example_latest_only_with_trigger.py
[2024-09-04T20:52:33.311+0000] {processor.py:914} INFO - Processing file /home/airflow/.local/lib/python3.12/site-packages/airflow/example_dags/example_latest_only_with_trigger.py for tasks to queue
[2024-09-04T20:52:33.314+0000] {logging_mixin.py:190} INFO - [2024-09-04T20:52:33.313+0000] {dagbag.py:587} INFO - Filling up the DagBag from /home/airflow/.local/lib/python3.12/site-packages/airflow/example_dags/example_latest_only_with_trigger.py
[2024-09-04T20:52:33.327+0000] {processor.py:925} INFO - DAG(s) 'latest_only_with_trigger' retrieved from /home/airflow/.local/lib/python3.12/site-packages/airflow/example_dags/example_latest_only_with_trigger.py
[2024-09-04T20:52:33.492+0000] {logging_mixin.py:190} INFO - [2024-09-04T20:52:33.491+0000] {override.py:1858} INFO - Created Permission View: can delete on DAG:latest_only_with_trigger
[2024-09-04T20:52:33.505+0000] {logging_mixin.py:190} INFO - [2024-09-04T20:52:33.504+0000] {override.py:1858} INFO - Created Permission View: can edit on DAG:latest_only_with_trigger
[2024-09-04T20:52:33.513+0000] {logging_mixin.py:190} INFO - [2024-09-04T20:52:33.512+0000] {override.py:1858} INFO - Created Permission View: can read on DAG:latest_only_with_trigger
[2024-09-04T20:52:33.514+0000] {logging_mixin.py:190} INFO - [2024-09-04T20:52:33.514+0000] {dag.py:3211} INFO - Sync 1 DAGs
[2024-09-04T20:52:33.554+0000] {logging_mixin.py:190} INFO - [2024-09-04T20:52:33.554+0000] {dag.py:3234} INFO - Creating ORM DAG for latest_only_with_trigger
[2024-09-04T20:52:33.568+0000] {logging_mixin.py:190} INFO - [2024-09-04T20:52:33.568+0000] {dag.py:4138} INFO - Setting next_dagrun for latest_only_with_trigger to 2024-09-04 16:00:00+00:00, run_after=2024-09-04 20:00:00+00:00
[2024-09-04T20:52:33.601+0000] {processor.py:208} INFO - Processing /home/airflow/.local/lib/python3.12/site-packages/airflow/example_dags/example_latest_only_with_trigger.py took 0.298 seconds
[2024-09-04T21:00:15.843+0000] {processor.py:186} INFO - Started process (PID=82) to work on /home/airflow/.local/lib/python3.12/site-packages/airflow/example_dags/example_latest_only_with_trigger.py
[2024-09-04T21:00:15.845+0000] {processor.py:914} INFO - Processing file /home/airflow/.local/lib/python3.12/site-packages/airflow/example_dags/example_latest_only_with_trigger.py for tasks to queue
[2024-09-04T21:00:15.849+0000] {logging_mixin.py:190} INFO - [2024-09-04T21:00:15.848+0000] {dagbag.py:587} INFO - Filling up the DagBag from /home/airflow/.local/lib/python3.12/site-packages/airflow/example_dags/example_latest_only_with_trigger.py
[2024-09-04T21:00:15.864+0000] {processor.py:925} INFO - DAG(s) 'latest_only_with_trigger' retrieved from /home/airflow/.local/lib/python3.12/site-packages/airflow/example_dags/example_latest_only_with_trigger.py
[2024-09-04T21:00:15.914+0000] {logging_mixin.py:190} INFO - [2024-09-04T21:00:15.914+0000] {dag.py:3211} INFO - Sync 1 DAGs
[2024-09-04T21:00:15.955+0000] {logging_mixin.py:190} INFO - [2024-09-04T21:00:15.955+0000] {dag.py:4138} INFO - Setting next_dagrun for latest_only_with_trigger to 2024-09-04 16:00:00+00:00, run_after=2024-09-04 20:00:00+00:00
[2024-09-04T21:00:15.983+0000] {processor.py:208} INFO - Processing /home/airflow/.local/lib/python3.12/site-packages/airflow/example_dags/example_latest_only_with_trigger.py took 0.153 seconds
[2024-09-04T21:00:46.908+0000] {processor.py:186} INFO - Started process (PID=144) to work on /home/airflow/.local/lib/python3.12/site-packages/airflow/example_dags/example_latest_only_with_trigger.py
[2024-09-04T21:00:46.909+0000] {processor.py:914} INFO - Processing file /home/airflow/.local/lib/python3.12/site-packages/airflow/example_dags/example_latest_only_with_trigger.py for tasks to queue
[2024-09-04T21:00:46.913+0000] {logging_mixin.py:190} INFO - [2024-09-04T21:00:46.912+0000] {dagbag.py:587} INFO - Filling up the DagBag from /home/airflow/.local/lib/python3.12/site-packages/airflow/example_dags/example_latest_only_with_trigger.py
[2024-09-04T21:00:46.919+0000] {processor.py:925} INFO - DAG(s) 'latest_only_with_trigger' retrieved from /home/airflow/.local/lib/python3.12/site-packages/airflow/example_dags/example_latest_only_with_trigger.py
[2024-09-04T21:00:46.941+0000] {logging_mixin.py:190} INFO - [2024-09-04T21:00:46.941+0000] {dag.py:3211} INFO - Sync 1 DAGs
[2024-09-04T21:00:46.961+0000] {logging_mixin.py:190} INFO - [2024-09-04T21:00:46.961+0000] {dag.py:4138} INFO - Setting next_dagrun for latest_only_with_trigger to 2024-09-04 16:00:00+00:00, run_after=2024-09-04 20:00:00+00:00
[2024-09-04T21:00:46.983+0000] {processor.py:208} INFO - Processing /home/airflow/.local/lib/python3.12/site-packages/airflow/example_dags/example_latest_only_with_trigger.py took 0.080 seconds
[2024-09-04T21:01:17.596+0000] {processor.py:186} INFO - Started process (PID=206) to work on /home/airflow/.local/lib/python3.12/site-packages/airflow/example_dags/example_latest_only_with_trigger.py
[2024-09-04T21:01:17.597+0000] {processor.py:914} INFO - Processing file /home/airflow/.local/lib/python3.12/site-packages/airflow/example_dags/example_latest_only_with_trigger.py for tasks to queue
[2024-09-04T21:01:17.599+0000] {logging_mixin.py:190} INFO - [2024-09-04T21:01:17.598+0000] {dagbag.py:587} INFO - Filling up the DagBag from /home/airflow/.local/lib/python3.12/site-packages/airflow/example_dags/example_latest_only_with_trigger.py
[2024-09-04T21:01:17.605+0000] {processor.py:925} INFO - DAG(s) 'latest_only_with_trigger' retrieved from /home/airflow/.local/lib/python3.12/site-packages/airflow/example_dags/example_latest_only_with_trigger.py
[2024-09-04T21:01:17.623+0000] {logging_mixin.py:190} INFO - [2024-09-04T21:01:17.623+0000] {dag.py:3211} INFO - Sync 1 DAGs
[2024-09-04T21:01:17.641+0000] {logging_mixin.py:190} INFO - [2024-09-04T21:01:17.641+0000] {dag.py:4138} INFO - Setting next_dagrun for latest_only_with_trigger to 2024-09-04 16:00:00+00:00, run_after=2024-09-04 20:00:00+00:00
[2024-09-04T21:01:17.666+0000] {processor.py:208} INFO - Processing /home/airflow/.local/lib/python3.12/site-packages/airflow/example_dags/example_latest_only_with_trigger.py took 0.075 seconds
[2024-09-04T21:01:47.917+0000] {processor.py:186} INFO - Started process (PID=268) to work on /home/airflow/.local/lib/python3.12/site-packages/airflow/example_dags/example_latest_only_with_trigger.py
[2024-09-04T21:01:47.918+0000] {processor.py:914} INFO - Processing file /home/airflow/.local/lib/python3.12/site-packages/airflow/example_dags/example_latest_only_with_trigger.py for tasks to queue
[2024-09-04T21:01:47.920+0000] {logging_mixin.py:190} INFO - [2024-09-04T21:01:47.920+0000] {dagbag.py:587} INFO - Filling up the DagBag from /home/airflow/.local/lib/python3.12/site-packages/airflow/example_dags/example_latest_only_with_trigger.py
[2024-09-04T21:01:47.926+0000] {processor.py:925} INFO - DAG(s) 'latest_only_with_trigger' retrieved from /home/airflow/.local/lib/python3.12/site-packages/airflow/example_dags/example_latest_only_with_trigger.py
[2024-09-04T21:01:47.944+0000] {logging_mixin.py:190} INFO - [2024-09-04T21:01:47.944+0000] {dag.py:3211} INFO - Sync 1 DAGs
[2024-09-04T21:01:47.964+0000] {logging_mixin.py:190} INFO - [2024-09-04T21:01:47.964+0000] {dag.py:4138} INFO - Setting next_dagrun for latest_only_with_trigger to 2024-09-04 16:00:00+00:00, run_after=2024-09-04 20:00:00+00:00
[2024-09-04T21:01:47.988+0000] {processor.py:208} INFO - Processing /home/airflow/.local/lib/python3.12/site-packages/airflow/example_dags/example_latest_only_with_trigger.py took 0.077 seconds
[2024-09-04T21:02:18.747+0000] {processor.py:186} INFO - Started process (PID=331) to work on /home/airflow/.local/lib/python3.12/site-packages/airflow/example_dags/example_latest_only_with_trigger.py
[2024-09-04T21:02:18.749+0000] {processor.py:914} INFO - Processing file /home/airflow/.local/lib/python3.12/site-packages/airflow/example_dags/example_latest_only_with_trigger.py for tasks to queue
[2024-09-04T21:02:18.752+0000] {logging_mixin.py:190} INFO - [2024-09-04T21:02:18.751+0000] {dagbag.py:587} INFO - Filling up the DagBag from /home/airflow/.local/lib/python3.12/site-packages/airflow/example_dags/example_latest_only_with_trigger.py
[2024-09-04T21:02:18.762+0000] {processor.py:925} INFO - DAG(s) 'latest_only_with_trigger' retrieved from /home/airflow/.local/lib/python3.12/site-packages/airflow/example_dags/example_latest_only_with_trigger.py
[2024-09-04T21:02:18.781+0000] {logging_mixin.py:190} INFO - [2024-09-04T21:02:18.780+0000] {dag.py:3211} INFO - Sync 1 DAGs
[2024-09-04T21:02:18.800+0000] {logging_mixin.py:190} INFO - [2024-09-04T21:02:18.800+0000] {dag.py:4138} INFO - Setting next_dagrun for latest_only_with_trigger to 2024-09-04 16:00:00+00:00, run_after=2024-09-04 20:00:00+00:00
[2024-09-04T21:02:18.822+0000] {processor.py:208} INFO - Processing /home/airflow/.local/lib/python3.12/site-packages/airflow/example_dags/example_latest_only_with_trigger.py took 0.081 seconds
[2024-09-04T21:02:49.569+0000] {processor.py:186} INFO - Started process (PID=393) to work on /home/airflow/.local/lib/python3.12/site-packages/airflow/example_dags/example_latest_only_with_trigger.py
[2024-09-04T21:02:49.570+0000] {processor.py:914} INFO - Processing file /home/airflow/.local/lib/python3.12/site-packages/airflow/example_dags/example_latest_only_with_trigger.py for tasks to queue
[2024-09-04T21:02:49.572+0000] {logging_mixin.py:190} INFO - [2024-09-04T21:02:49.572+0000] {dagbag.py:587} INFO - Filling up the DagBag from /home/airflow/.local/lib/python3.12/site-packages/airflow/example_dags/example_latest_only_with_trigger.py
[2024-09-04T21:02:49.578+0000] {processor.py:925} INFO - DAG(s) 'latest_only_with_trigger' retrieved from /home/airflow/.local/lib/python3.12/site-packages/airflow/example_dags/example_latest_only_with_trigger.py
[2024-09-04T21:02:49.599+0000] {logging_mixin.py:190} INFO - [2024-09-04T21:02:49.599+0000] {dag.py:3211} INFO - Sync 1 DAGs
[2024-09-04T21:02:49.617+0000] {logging_mixin.py:190} INFO - [2024-09-04T21:02:49.617+0000] {dag.py:4138} INFO - Setting next_dagrun for latest_only_with_trigger to 2024-09-04 16:00:00+00:00, run_after=2024-09-04 20:00:00+00:00
[2024-09-04T21:02:49.644+0000] {processor.py:208} INFO - Processing /home/airflow/.local/lib/python3.12/site-packages/airflow/example_dags/example_latest_only_with_trigger.py took 0.080 seconds
[2024-09-04T21:03:20.312+0000] {processor.py:186} INFO - Started process (PID=455) to work on /home/airflow/.local/lib/python3.12/site-packages/airflow/example_dags/example_latest_only_with_trigger.py
[2024-09-04T21:03:20.315+0000] {processor.py:914} INFO - Processing file /home/airflow/.local/lib/python3.12/site-packages/airflow/example_dags/example_latest_only_with_trigger.py for tasks to queue
[2024-09-04T21:03:20.321+0000] {logging_mixin.py:190} INFO - [2024-09-04T21:03:20.320+0000] {dagbag.py:587} INFO - Filling up the DagBag from /home/airflow/.local/lib/python3.12/site-packages/airflow/example_dags/example_latest_only_with_trigger.py
[2024-09-04T21:03:20.341+0000] {processor.py:925} INFO - DAG(s) 'latest_only_with_trigger' retrieved from /home/airflow/.local/lib/python3.12/site-packages/airflow/example_dags/example_latest_only_with_trigger.py
[2024-09-04T21:03:20.391+0000] {logging_mixin.py:190} INFO - [2024-09-04T21:03:20.390+0000] {dag.py:3211} INFO - Sync 1 DAGs
[2024-09-04T21:03:20.441+0000] {logging_mixin.py:190} INFO - [2024-09-04T21:03:20.440+0000] {dag.py:4138} INFO - Setting next_dagrun for latest_only_with_trigger to 2024-09-04 16:00:00+00:00, run_after=2024-09-04 20:00:00+00:00
[2024-09-04T21:03:20.478+0000] {processor.py:208} INFO - Processing /home/airflow/.local/lib/python3.12/site-packages/airflow/example_dags/example_latest_only_with_trigger.py took 0.182 seconds
[2024-09-04T21:03:50.901+0000] {processor.py:186} INFO - Started process (PID=517) to work on /home/airflow/.local/lib/python3.12/site-packages/airflow/example_dags/example_latest_only_with_trigger.py
[2024-09-04T21:03:50.903+0000] {processor.py:914} INFO - Processing file /home/airflow/.local/lib/python3.12/site-packages/airflow/example_dags/example_latest_only_with_trigger.py for tasks to queue
[2024-09-04T21:03:50.906+0000] {logging_mixin.py:190} INFO - [2024-09-04T21:03:50.905+0000] {dagbag.py:587} INFO - Filling up the DagBag from /home/airflow/.local/lib/python3.12/site-packages/airflow/example_dags/example_latest_only_with_trigger.py
[2024-09-04T21:03:50.914+0000] {processor.py:925} INFO - DAG(s) 'latest_only_with_trigger' retrieved from /home/airflow/.local/lib/python3.12/site-packages/airflow/example_dags/example_latest_only_with_trigger.py
[2024-09-04T21:03:50.940+0000] {logging_mixin.py:190} INFO - [2024-09-04T21:03:50.940+0000] {dag.py:3211} INFO - Sync 1 DAGs
[2024-09-04T21:03:50.967+0000] {logging_mixin.py:190} INFO - [2024-09-04T21:03:50.967+0000] {dag.py:4138} INFO - Setting next_dagrun for latest_only_with_trigger to 2024-09-04 16:00:00+00:00, run_after=2024-09-04 20:00:00+00:00
[2024-09-04T21:03:50.989+0000] {processor.py:208} INFO - Processing /home/airflow/.local/lib/python3.12/site-packages/airflow/example_dags/example_latest_only_with_trigger.py took 0.095 seconds
[2024-09-04T21:04:21.196+0000] {processor.py:186} INFO - Started process (PID=579) to work on /home/airflow/.local/lib/python3.12/site-packages/airflow/example_dags/example_latest_only_with_trigger.py
[2024-09-04T21:04:21.198+0000] {processor.py:914} INFO - Processing file /home/airflow/.local/lib/python3.12/site-packages/airflow/example_dags/example_latest_only_with_trigger.py for tasks to queue
[2024-09-04T21:04:21.201+0000] {logging_mixin.py:190} INFO - [2024-09-04T21:04:21.201+0000] {dagbag.py:587} INFO - Filling up the DagBag from /home/airflow/.local/lib/python3.12/site-packages/airflow/example_dags/example_latest_only_with_trigger.py
[2024-09-04T21:04:21.211+0000] {processor.py:925} INFO - DAG(s) 'latest_only_with_trigger' retrieved from /home/airflow/.local/lib/python3.12/site-packages/airflow/example_dags/example_latest_only_with_trigger.py
[2024-09-04T21:04:21.241+0000] {logging_mixin.py:190} INFO - [2024-09-04T21:04:21.241+0000] {dag.py:3211} INFO - Sync 1 DAGs
[2024-09-04T21:04:21.274+0000] {logging_mixin.py:190} INFO - [2024-09-04T21:04:21.274+0000] {dag.py:4138} INFO - Setting next_dagrun for latest_only_with_trigger to 2024-09-04 16:00:00+00:00, run_after=2024-09-04 20:00:00+00:00
[2024-09-04T21:04:21.301+0000] {processor.py:208} INFO - Processing /home/airflow/.local/lib/python3.12/site-packages/airflow/example_dags/example_latest_only_with_trigger.py took 0.115 seconds
[2024-09-04T21:04:52.170+0000] {processor.py:186} INFO - Started process (PID=641) to work on /home/airflow/.local/lib/python3.12/site-packages/airflow/example_dags/example_latest_only_with_trigger.py
[2024-09-04T21:04:52.172+0000] {processor.py:914} INFO - Processing file /home/airflow/.local/lib/python3.12/site-packages/airflow/example_dags/example_latest_only_with_trigger.py for tasks to queue
[2024-09-04T21:04:52.177+0000] {logging_mixin.py:190} INFO - [2024-09-04T21:04:52.177+0000] {dagbag.py:587} INFO - Filling up the DagBag from /home/airflow/.local/lib/python3.12/site-packages/airflow/example_dags/example_latest_only_with_trigger.py
[2024-09-04T21:04:52.191+0000] {processor.py:925} INFO - DAG(s) 'latest_only_with_trigger' retrieved from /home/airflow/.local/lib/python3.12/site-packages/airflow/example_dags/example_latest_only_with_trigger.py
[2024-09-04T21:04:52.230+0000] {logging_mixin.py:190} INFO - [2024-09-04T21:04:52.230+0000] {dag.py:3211} INFO - Sync 1 DAGs
[2024-09-04T21:04:52.281+0000] {logging_mixin.py:190} INFO - [2024-09-04T21:04:52.281+0000] {dag.py:4138} INFO - Setting next_dagrun for latest_only_with_trigger to 2024-09-04 16:00:00+00:00, run_after=2024-09-04 20:00:00+00:00
[2024-09-04T21:04:52.317+0000] {processor.py:208} INFO - Processing /home/airflow/.local/lib/python3.12/site-packages/airflow/example_dags/example_latest_only_with_trigger.py took 0.158 seconds
[2024-09-04T21:05:22.432+0000] {processor.py:186} INFO - Started process (PID=703) to work on /home/airflow/.local/lib/python3.12/site-packages/airflow/example_dags/example_latest_only_with_trigger.py
[2024-09-04T21:05:22.434+0000] {processor.py:914} INFO - Processing file /home/airflow/.local/lib/python3.12/site-packages/airflow/example_dags/example_latest_only_with_trigger.py for tasks to queue
[2024-09-04T21:05:22.437+0000] {logging_mixin.py:190} INFO - [2024-09-04T21:05:22.436+0000] {dagbag.py:587} INFO - Filling up the DagBag from /home/airflow/.local/lib/python3.12/site-packages/airflow/example_dags/example_latest_only_with_trigger.py
[2024-09-04T21:05:22.447+0000] {processor.py:925} INFO - DAG(s) 'latest_only_with_trigger' retrieved from /home/airflow/.local/lib/python3.12/site-packages/airflow/example_dags/example_latest_only_with_trigger.py
[2024-09-04T21:05:22.469+0000] {logging_mixin.py:190} INFO - [2024-09-04T21:05:22.469+0000] {dag.py:3211} INFO - Sync 1 DAGs
[2024-09-04T21:05:22.496+0000] {logging_mixin.py:190} INFO - [2024-09-04T21:05:22.495+0000] {dag.py:4138} INFO - Setting next_dagrun for latest_only_with_trigger to 2024-09-04 16:00:00+00:00, run_after=2024-09-04 20:00:00+00:00
[2024-09-04T21:05:22.520+0000] {processor.py:208} INFO - Processing /home/airflow/.local/lib/python3.12/site-packages/airflow/example_dags/example_latest_only_with_trigger.py took 0.093 seconds
[2024-09-04T21:05:53.085+0000] {processor.py:186} INFO - Started process (PID=765) to work on /home/airflow/.local/lib/python3.12/site-packages/airflow/example_dags/example_latest_only_with_trigger.py
[2024-09-04T21:05:53.086+0000] {processor.py:914} INFO - Processing file /home/airflow/.local/lib/python3.12/site-packages/airflow/example_dags/example_latest_only_with_trigger.py for tasks to queue
[2024-09-04T21:05:53.089+0000] {logging_mixin.py:190} INFO - [2024-09-04T21:05:53.088+0000] {dagbag.py:587} INFO - Filling up the DagBag from /home/airflow/.local/lib/python3.12/site-packages/airflow/example_dags/example_latest_only_with_trigger.py
[2024-09-04T21:05:53.095+0000] {processor.py:925} INFO - DAG(s) 'latest_only_with_trigger' retrieved from /home/airflow/.local/lib/python3.12/site-packages/airflow/example_dags/example_latest_only_with_trigger.py
[2024-09-04T21:05:53.114+0000] {logging_mixin.py:190} INFO - [2024-09-04T21:05:53.114+0000] {dag.py:3211} INFO - Sync 1 DAGs
[2024-09-04T21:05:53.135+0000] {logging_mixin.py:190} INFO - [2024-09-04T21:05:53.134+0000] {dag.py:4138} INFO - Setting next_dagrun for latest_only_with_trigger to 2024-09-04 16:00:00+00:00, run_after=2024-09-04 20:00:00+00:00
[2024-09-04T21:05:53.153+0000] {processor.py:208} INFO - Processing /home/airflow/.local/lib/python3.12/site-packages/airflow/example_dags/example_latest_only_with_trigger.py took 0.073 seconds
[2024-09-04T21:06:23.873+0000] {processor.py:186} INFO - Started process (PID=827) to work on /home/airflow/.local/lib/python3.12/site-packages/airflow/example_dags/example_latest_only_with_trigger.py
[2024-09-04T21:06:23.876+0000] {processor.py:914} INFO - Processing file /home/airflow/.local/lib/python3.12/site-packages/airflow/example_dags/example_latest_only_with_trigger.py for tasks to queue
[2024-09-04T21:06:23.881+0000] {logging_mixin.py:190} INFO - [2024-09-04T21:06:23.881+0000] {dagbag.py:587} INFO - Filling up the DagBag from /home/airflow/.local/lib/python3.12/site-packages/airflow/example_dags/example_latest_only_with_trigger.py
[2024-09-04T21:06:23.902+0000] {processor.py:925} INFO - DAG(s) 'latest_only_with_trigger' retrieved from /home/airflow/.local/lib/python3.12/site-packages/airflow/example_dags/example_latest_only_with_trigger.py
[2024-09-04T21:06:23.946+0000] {logging_mixin.py:190} INFO - [2024-09-04T21:06:23.946+0000] {dag.py:3211} INFO - Sync 1 DAGs
[2024-09-04T21:06:23.997+0000] {logging_mixin.py:190} INFO - [2024-09-04T21:06:23.996+0000] {dag.py:4138} INFO - Setting next_dagrun for latest_only_with_trigger to 2024-09-04 16:00:00+00:00, run_after=2024-09-04 20:00:00+00:00
[2024-09-04T21:06:24.044+0000] {processor.py:208} INFO - Processing /home/airflow/.local/lib/python3.12/site-packages/airflow/example_dags/example_latest_only_with_trigger.py took 0.185 seconds
[2024-09-04T21:06:54.690+0000] {processor.py:186} INFO - Started process (PID=888) to work on /home/airflow/.local/lib/python3.12/site-packages/airflow/example_dags/example_latest_only_with_trigger.py
[2024-09-04T21:06:54.692+0000] {processor.py:914} INFO - Processing file /home/airflow/.local/lib/python3.12/site-packages/airflow/example_dags/example_latest_only_with_trigger.py for tasks to queue
[2024-09-04T21:06:54.694+0000] {logging_mixin.py:190} INFO - [2024-09-04T21:06:54.694+0000] {dagbag.py:587} INFO - Filling up the DagBag from /home/airflow/.local/lib/python3.12/site-packages/airflow/example_dags/example_latest_only_with_trigger.py
[2024-09-04T21:06:54.703+0000] {processor.py:925} INFO - DAG(s) 'latest_only_with_trigger' retrieved from /home/airflow/.local/lib/python3.12/site-packages/airflow/example_dags/example_latest_only_with_trigger.py
[2024-09-04T21:06:54.729+0000] {logging_mixin.py:190} INFO - [2024-09-04T21:06:54.729+0000] {dag.py:3211} INFO - Sync 1 DAGs
[2024-09-04T21:06:54.752+0000] {logging_mixin.py:190} INFO - [2024-09-04T21:06:54.752+0000] {dag.py:4138} INFO - Setting next_dagrun for latest_only_with_trigger to 2024-09-04 16:00:00+00:00, run_after=2024-09-04 20:00:00+00:00
[2024-09-04T21:06:54.779+0000] {processor.py:208} INFO - Processing /home/airflow/.local/lib/python3.12/site-packages/airflow/example_dags/example_latest_only_with_trigger.py took 0.094 seconds
[2024-09-04T21:07:25.048+0000] {processor.py:186} INFO - Started process (PID=956) to work on /home/airflow/.local/lib/python3.12/site-packages/airflow/example_dags/example_latest_only_with_trigger.py
[2024-09-04T21:07:25.049+0000] {processor.py:914} INFO - Processing file /home/airflow/.local/lib/python3.12/site-packages/airflow/example_dags/example_latest_only_with_trigger.py for tasks to queue
[2024-09-04T21:07:25.053+0000] {logging_mixin.py:190} INFO - [2024-09-04T21:07:25.052+0000] {dagbag.py:587} INFO - Filling up the DagBag from /home/airflow/.local/lib/python3.12/site-packages/airflow/example_dags/example_latest_only_with_trigger.py
[2024-09-04T21:07:25.061+0000] {processor.py:925} INFO - DAG(s) 'latest_only_with_trigger' retrieved from /home/airflow/.local/lib/python3.12/site-packages/airflow/example_dags/example_latest_only_with_trigger.py
[2024-09-04T21:07:25.095+0000] {logging_mixin.py:190} INFO - [2024-09-04T21:07:25.095+0000] {dag.py:3211} INFO - Sync 1 DAGs
[2024-09-04T21:07:25.118+0000] {logging_mixin.py:190} INFO - [2024-09-04T21:07:25.118+0000] {dag.py:4138} INFO - Setting next_dagrun for latest_only_with_trigger to 2024-09-04 16:00:00+00:00, run_after=2024-09-04 20:00:00+00:00
[2024-09-04T21:07:25.133+0000] {processor.py:208} INFO - Processing /home/airflow/.local/lib/python3.12/site-packages/airflow/example_dags/example_latest_only_with_trigger.py took 0.093 seconds
[2024-09-04T21:07:55.394+0000] {processor.py:186} INFO - Started process (PID=1018) to work on /home/airflow/.local/lib/python3.12/site-packages/airflow/example_dags/example_latest_only_with_trigger.py
[2024-09-04T21:07:55.395+0000] {processor.py:914} INFO - Processing file /home/airflow/.local/lib/python3.12/site-packages/airflow/example_dags/example_latest_only_with_trigger.py for tasks to queue
[2024-09-04T21:07:55.398+0000] {logging_mixin.py:190} INFO - [2024-09-04T21:07:55.397+0000] {dagbag.py:587} INFO - Filling up the DagBag from /home/airflow/.local/lib/python3.12/site-packages/airflow/example_dags/example_latest_only_with_trigger.py
[2024-09-04T21:07:55.406+0000] {processor.py:925} INFO - DAG(s) 'latest_only_with_trigger' retrieved from /home/airflow/.local/lib/python3.12/site-packages/airflow/example_dags/example_latest_only_with_trigger.py
[2024-09-04T21:07:55.428+0000] {logging_mixin.py:190} INFO - [2024-09-04T21:07:55.428+0000] {dag.py:3211} INFO - Sync 1 DAGs
[2024-09-04T21:07:55.454+0000] {logging_mixin.py:190} INFO - [2024-09-04T21:07:55.453+0000] {dag.py:4138} INFO - Setting next_dagrun for latest_only_with_trigger to 2024-09-04 16:00:00+00:00, run_after=2024-09-04 20:00:00+00:00
[2024-09-04T21:07:55.477+0000] {processor.py:208} INFO - Processing /home/airflow/.local/lib/python3.12/site-packages/airflow/example_dags/example_latest_only_with_trigger.py took 0.089 seconds
[2024-09-04T21:08:26.579+0000] {processor.py:186} INFO - Started process (PID=1081) to work on /home/airflow/.local/lib/python3.12/site-packages/airflow/example_dags/example_latest_only_with_trigger.py
[2024-09-04T21:08:26.581+0000] {processor.py:914} INFO - Processing file /home/airflow/.local/lib/python3.12/site-packages/airflow/example_dags/example_latest_only_with_trigger.py for tasks to queue
[2024-09-04T21:08:26.583+0000] {logging_mixin.py:190} INFO - [2024-09-04T21:08:26.583+0000] {dagbag.py:587} INFO - Filling up the DagBag from /home/airflow/.local/lib/python3.12/site-packages/airflow/example_dags/example_latest_only_with_trigger.py
[2024-09-04T21:08:26.590+0000] {processor.py:925} INFO - DAG(s) 'latest_only_with_trigger' retrieved from /home/airflow/.local/lib/python3.12/site-packages/airflow/example_dags/example_latest_only_with_trigger.py
[2024-09-04T21:08:26.610+0000] {logging_mixin.py:190} INFO - [2024-09-04T21:08:26.610+0000] {dag.py:3211} INFO - Sync 1 DAGs
[2024-09-04T21:08:26.632+0000] {logging_mixin.py:190} INFO - [2024-09-04T21:08:26.632+0000] {dag.py:4138} INFO - Setting next_dagrun for latest_only_with_trigger to 2024-09-04 16:00:00+00:00, run_after=2024-09-04 20:00:00+00:00
[2024-09-04T21:08:26.648+0000] {processor.py:208} INFO - Processing /home/airflow/.local/lib/python3.12/site-packages/airflow/example_dags/example_latest_only_with_trigger.py took 0.074 seconds
[2024-09-04T21:08:57.194+0000] {processor.py:186} INFO - Started process (PID=1143) to work on /home/airflow/.local/lib/python3.12/site-packages/airflow/example_dags/example_latest_only_with_trigger.py
[2024-09-04T21:08:57.196+0000] {processor.py:914} INFO - Processing file /home/airflow/.local/lib/python3.12/site-packages/airflow/example_dags/example_latest_only_with_trigger.py for tasks to queue
[2024-09-04T21:08:57.199+0000] {logging_mixin.py:190} INFO - [2024-09-04T21:08:57.198+0000] {dagbag.py:587} INFO - Filling up the DagBag from /home/airflow/.local/lib/python3.12/site-packages/airflow/example_dags/example_latest_only_with_trigger.py
[2024-09-04T21:08:57.206+0000] {processor.py:925} INFO - DAG(s) 'latest_only_with_trigger' retrieved from /home/airflow/.local/lib/python3.12/site-packages/airflow/example_dags/example_latest_only_with_trigger.py
[2024-09-04T21:08:57.226+0000] {logging_mixin.py:190} INFO - [2024-09-04T21:08:57.226+0000] {dag.py:3211} INFO - Sync 1 DAGs
[2024-09-04T21:08:57.247+0000] {logging_mixin.py:190} INFO - [2024-09-04T21:08:57.247+0000] {dag.py:4138} INFO - Setting next_dagrun for latest_only_with_trigger to 2024-09-04 16:00:00+00:00, run_after=2024-09-04 20:00:00+00:00
[2024-09-04T21:08:57.266+0000] {processor.py:208} INFO - Processing /home/airflow/.local/lib/python3.12/site-packages/airflow/example_dags/example_latest_only_with_trigger.py took 0.077 seconds
[2024-09-04T21:09:27.541+0000] {processor.py:186} INFO - Started process (PID=1205) to work on /home/airflow/.local/lib/python3.12/site-packages/airflow/example_dags/example_latest_only_with_trigger.py
[2024-09-04T21:09:27.542+0000] {processor.py:914} INFO - Processing file /home/airflow/.local/lib/python3.12/site-packages/airflow/example_dags/example_latest_only_with_trigger.py for tasks to queue
[2024-09-04T21:09:27.545+0000] {logging_mixin.py:190} INFO - [2024-09-04T21:09:27.544+0000] {dagbag.py:587} INFO - Filling up the DagBag from /home/airflow/.local/lib/python3.12/site-packages/airflow/example_dags/example_latest_only_with_trigger.py
[2024-09-04T21:09:27.551+0000] {processor.py:925} INFO - DAG(s) 'latest_only_with_trigger' retrieved from /home/airflow/.local/lib/python3.12/site-packages/airflow/example_dags/example_latest_only_with_trigger.py
[2024-09-04T21:09:27.571+0000] {logging_mixin.py:190} INFO - [2024-09-04T21:09:27.571+0000] {dag.py:3211} INFO - Sync 1 DAGs
[2024-09-04T21:09:27.593+0000] {logging_mixin.py:190} INFO - [2024-09-04T21:09:27.593+0000] {dag.py:4138} INFO - Setting next_dagrun for latest_only_with_trigger to 2024-09-04 16:00:00+00:00, run_after=2024-09-04 20:00:00+00:00
[2024-09-04T21:09:27.612+0000] {processor.py:208} INFO - Processing /home/airflow/.local/lib/python3.12/site-packages/airflow/example_dags/example_latest_only_with_trigger.py took 0.076 seconds
[2024-09-04T21:09:57.977+0000] {processor.py:186} INFO - Started process (PID=1267) to work on /home/airflow/.local/lib/python3.12/site-packages/airflow/example_dags/example_latest_only_with_trigger.py
[2024-09-04T21:09:57.979+0000] {processor.py:914} INFO - Processing file /home/airflow/.local/lib/python3.12/site-packages/airflow/example_dags/example_latest_only_with_trigger.py for tasks to queue
[2024-09-04T21:09:57.981+0000] {logging_mixin.py:190} INFO - [2024-09-04T21:09:57.981+0000] {dagbag.py:587} INFO - Filling up the DagBag from /home/airflow/.local/lib/python3.12/site-packages/airflow/example_dags/example_latest_only_with_trigger.py
[2024-09-04T21:09:57.988+0000] {processor.py:925} INFO - DAG(s) 'latest_only_with_trigger' retrieved from /home/airflow/.local/lib/python3.12/site-packages/airflow/example_dags/example_latest_only_with_trigger.py
[2024-09-04T21:09:58.009+0000] {logging_mixin.py:190} INFO - [2024-09-04T21:09:58.008+0000] {dag.py:3211} INFO - Sync 1 DAGs
[2024-09-04T21:09:58.028+0000] {logging_mixin.py:190} INFO - [2024-09-04T21:09:58.028+0000] {dag.py:4138} INFO - Setting next_dagrun for latest_only_with_trigger to 2024-09-04 16:00:00+00:00, run_after=2024-09-04 20:00:00+00:00
[2024-09-04T21:09:58.049+0000] {processor.py:208} INFO - Processing /home/airflow/.local/lib/python3.12/site-packages/airflow/example_dags/example_latest_only_with_trigger.py took 0.076 seconds
[2024-09-04T21:10:28.451+0000] {processor.py:186} INFO - Started process (PID=1330) to work on /home/airflow/.local/lib/python3.12/site-packages/airflow/example_dags/example_latest_only_with_trigger.py
[2024-09-04T21:10:28.453+0000] {processor.py:914} INFO - Processing file /home/airflow/.local/lib/python3.12/site-packages/airflow/example_dags/example_latest_only_with_trigger.py for tasks to queue
[2024-09-04T21:10:28.456+0000] {logging_mixin.py:190} INFO - [2024-09-04T21:10:28.455+0000] {dagbag.py:587} INFO - Filling up the DagBag from /home/airflow/.local/lib/python3.12/site-packages/airflow/example_dags/example_latest_only_with_trigger.py
[2024-09-04T21:10:28.463+0000] {processor.py:925} INFO - DAG(s) 'latest_only_with_trigger' retrieved from /home/airflow/.local/lib/python3.12/site-packages/airflow/example_dags/example_latest_only_with_trigger.py
[2024-09-04T21:10:28.485+0000] {logging_mixin.py:190} INFO - [2024-09-04T21:10:28.484+0000] {dag.py:3211} INFO - Sync 1 DAGs
[2024-09-04T21:10:28.509+0000] {logging_mixin.py:190} INFO - [2024-09-04T21:10:28.508+0000] {dag.py:4138} INFO - Setting next_dagrun for latest_only_with_trigger to 2024-09-04 16:00:00+00:00, run_after=2024-09-04 20:00:00+00:00
[2024-09-04T21:10:28.529+0000] {processor.py:208} INFO - Processing /home/airflow/.local/lib/python3.12/site-packages/airflow/example_dags/example_latest_only_with_trigger.py took 0.083 seconds
[2024-09-04T21:10:58.978+0000] {processor.py:186} INFO - Started process (PID=1393) to work on /home/airflow/.local/lib/python3.12/site-packages/airflow/example_dags/example_latest_only_with_trigger.py
[2024-09-04T21:10:58.979+0000] {processor.py:914} INFO - Processing file /home/airflow/.local/lib/python3.12/site-packages/airflow/example_dags/example_latest_only_with_trigger.py for tasks to queue
[2024-09-04T21:10:58.982+0000] {logging_mixin.py:190} INFO - [2024-09-04T21:10:58.982+0000] {dagbag.py:587} INFO - Filling up the DagBag from /home/airflow/.local/lib/python3.12/site-packages/airflow/example_dags/example_latest_only_with_trigger.py
[2024-09-04T21:10:58.994+0000] {processor.py:925} INFO - DAG(s) 'latest_only_with_trigger' retrieved from /home/airflow/.local/lib/python3.12/site-packages/airflow/example_dags/example_latest_only_with_trigger.py
[2024-09-04T21:10:59.018+0000] {logging_mixin.py:190} INFO - [2024-09-04T21:10:59.017+0000] {dag.py:3211} INFO - Sync 1 DAGs
[2024-09-04T21:10:59.043+0000] {logging_mixin.py:190} INFO - [2024-09-04T21:10:59.043+0000] {dag.py:4138} INFO - Setting next_dagrun for latest_only_with_trigger to 2024-09-04 16:00:00+00:00, run_after=2024-09-04 20:00:00+00:00
[2024-09-04T21:10:59.062+0000] {processor.py:208} INFO - Processing /home/airflow/.local/lib/python3.12/site-packages/airflow/example_dags/example_latest_only_with_trigger.py took 0.091 seconds
[2024-09-04T21:11:30.023+0000] {processor.py:186} INFO - Started process (PID=1456) to work on /home/airflow/.local/lib/python3.12/site-packages/airflow/example_dags/example_latest_only_with_trigger.py
[2024-09-04T21:11:30.024+0000] {processor.py:914} INFO - Processing file /home/airflow/.local/lib/python3.12/site-packages/airflow/example_dags/example_latest_only_with_trigger.py for tasks to queue
[2024-09-04T21:11:30.027+0000] {logging_mixin.py:190} INFO - [2024-09-04T21:11:30.026+0000] {dagbag.py:587} INFO - Filling up the DagBag from /home/airflow/.local/lib/python3.12/site-packages/airflow/example_dags/example_latest_only_with_trigger.py
[2024-09-04T21:11:30.035+0000] {processor.py:925} INFO - DAG(s) 'latest_only_with_trigger' retrieved from /home/airflow/.local/lib/python3.12/site-packages/airflow/example_dags/example_latest_only_with_trigger.py
[2024-09-04T21:11:30.066+0000] {logging_mixin.py:190} INFO - [2024-09-04T21:11:30.065+0000] {dag.py:3211} INFO - Sync 1 DAGs
[2024-09-04T21:11:30.093+0000] {logging_mixin.py:190} INFO - [2024-09-04T21:11:30.093+0000] {dag.py:4138} INFO - Setting next_dagrun for latest_only_with_trigger to 2024-09-04 16:00:00+00:00, run_after=2024-09-04 20:00:00+00:00
[2024-09-04T21:11:30.118+0000] {processor.py:208} INFO - Processing /home/airflow/.local/lib/python3.12/site-packages/airflow/example_dags/example_latest_only_with_trigger.py took 0.100 seconds
[2024-09-04T21:12:00.504+0000] {processor.py:186} INFO - Started process (PID=1519) to work on /home/airflow/.local/lib/python3.12/site-packages/airflow/example_dags/example_latest_only_with_trigger.py
[2024-09-04T21:12:00.505+0000] {processor.py:914} INFO - Processing file /home/airflow/.local/lib/python3.12/site-packages/airflow/example_dags/example_latest_only_with_trigger.py for tasks to queue
[2024-09-04T21:12:00.507+0000] {logging_mixin.py:190} INFO - [2024-09-04T21:12:00.507+0000] {dagbag.py:587} INFO - Filling up the DagBag from /home/airflow/.local/lib/python3.12/site-packages/airflow/example_dags/example_latest_only_with_trigger.py
[2024-09-04T21:12:00.514+0000] {processor.py:925} INFO - DAG(s) 'latest_only_with_trigger' retrieved from /home/airflow/.local/lib/python3.12/site-packages/airflow/example_dags/example_latest_only_with_trigger.py
[2024-09-04T21:12:00.536+0000] {logging_mixin.py:190} INFO - [2024-09-04T21:12:00.536+0000] {dag.py:3211} INFO - Sync 1 DAGs
[2024-09-04T21:12:00.559+0000] {logging_mixin.py:190} INFO - [2024-09-04T21:12:00.559+0000] {dag.py:4138} INFO - Setting next_dagrun for latest_only_with_trigger to 2024-09-04 16:00:00+00:00, run_after=2024-09-04 20:00:00+00:00
[2024-09-04T21:12:00.578+0000] {processor.py:208} INFO - Processing /home/airflow/.local/lib/python3.12/site-packages/airflow/example_dags/example_latest_only_with_trigger.py took 0.079 seconds
[2024-09-04T21:12:31.375+0000] {processor.py:186} INFO - Started process (PID=1583) to work on /home/airflow/.local/lib/python3.12/site-packages/airflow/example_dags/example_latest_only_with_trigger.py
[2024-09-04T21:12:31.377+0000] {processor.py:914} INFO - Processing file /home/airflow/.local/lib/python3.12/site-packages/airflow/example_dags/example_latest_only_with_trigger.py for tasks to queue
[2024-09-04T21:12:31.380+0000] {logging_mixin.py:190} INFO - [2024-09-04T21:12:31.379+0000] {dagbag.py:587} INFO - Filling up the DagBag from /home/airflow/.local/lib/python3.12/site-packages/airflow/example_dags/example_latest_only_with_trigger.py
[2024-09-04T21:12:31.386+0000] {processor.py:925} INFO - DAG(s) 'latest_only_with_trigger' retrieved from /home/airflow/.local/lib/python3.12/site-packages/airflow/example_dags/example_latest_only_with_trigger.py
[2024-09-04T21:12:31.408+0000] {logging_mixin.py:190} INFO - [2024-09-04T21:12:31.407+0000] {dag.py:3211} INFO - Sync 1 DAGs
[2024-09-04T21:12:31.430+0000] {logging_mixin.py:190} INFO - [2024-09-04T21:12:31.430+0000] {dag.py:4138} INFO - Setting next_dagrun for latest_only_with_trigger to 2024-09-04 16:00:00+00:00, run_after=2024-09-04 20:00:00+00:00
[2024-09-04T21:12:31.451+0000] {processor.py:208} INFO - Processing /home/airflow/.local/lib/python3.12/site-packages/airflow/example_dags/example_latest_only_with_trigger.py took 0.081 seconds
[2024-09-04T21:13:02.108+0000] {processor.py:186} INFO - Started process (PID=1646) to work on /home/airflow/.local/lib/python3.12/site-packages/airflow/example_dags/example_latest_only_with_trigger.py
[2024-09-04T21:13:02.109+0000] {processor.py:914} INFO - Processing file /home/airflow/.local/lib/python3.12/site-packages/airflow/example_dags/example_latest_only_with_trigger.py for tasks to queue
[2024-09-04T21:13:02.112+0000] {logging_mixin.py:190} INFO - [2024-09-04T21:13:02.112+0000] {dagbag.py:587} INFO - Filling up the DagBag from /home/airflow/.local/lib/python3.12/site-packages/airflow/example_dags/example_latest_only_with_trigger.py
[2024-09-04T21:13:02.119+0000] {processor.py:925} INFO - DAG(s) 'latest_only_with_trigger' retrieved from /home/airflow/.local/lib/python3.12/site-packages/airflow/example_dags/example_latest_only_with_trigger.py
[2024-09-04T21:13:02.140+0000] {logging_mixin.py:190} INFO - [2024-09-04T21:13:02.140+0000] {dag.py:3211} INFO - Sync 1 DAGs
[2024-09-04T21:13:02.160+0000] {logging_mixin.py:190} INFO - [2024-09-04T21:13:02.159+0000] {dag.py:4138} INFO - Setting next_dagrun for latest_only_with_trigger to 2024-09-04 16:00:00+00:00, run_after=2024-09-04 20:00:00+00:00
[2024-09-04T21:13:02.179+0000] {processor.py:208} INFO - Processing /home/airflow/.local/lib/python3.12/site-packages/airflow/example_dags/example_latest_only_with_trigger.py took 0.076 seconds
[2024-09-04T21:13:33.169+0000] {processor.py:186} INFO - Started process (PID=1709) to work on /home/airflow/.local/lib/python3.12/site-packages/airflow/example_dags/example_latest_only_with_trigger.py
[2024-09-04T21:13:33.170+0000] {processor.py:914} INFO - Processing file /home/airflow/.local/lib/python3.12/site-packages/airflow/example_dags/example_latest_only_with_trigger.py for tasks to queue
[2024-09-04T21:13:33.172+0000] {logging_mixin.py:190} INFO - [2024-09-04T21:13:33.172+0000] {dagbag.py:587} INFO - Filling up the DagBag from /home/airflow/.local/lib/python3.12/site-packages/airflow/example_dags/example_latest_only_with_trigger.py
[2024-09-04T21:13:33.179+0000] {processor.py:925} INFO - DAG(s) 'latest_only_with_trigger' retrieved from /home/airflow/.local/lib/python3.12/site-packages/airflow/example_dags/example_latest_only_with_trigger.py
[2024-09-04T21:13:33.201+0000] {logging_mixin.py:190} INFO - [2024-09-04T21:13:33.200+0000] {dag.py:3211} INFO - Sync 1 DAGs
[2024-09-04T21:13:33.222+0000] {logging_mixin.py:190} INFO - [2024-09-04T21:13:33.222+0000] {dag.py:4138} INFO - Setting next_dagrun for latest_only_with_trigger to 2024-09-04 16:00:00+00:00, run_after=2024-09-04 20:00:00+00:00
[2024-09-04T21:13:33.244+0000] {processor.py:208} INFO - Processing /home/airflow/.local/lib/python3.12/site-packages/airflow/example_dags/example_latest_only_with_trigger.py took 0.082 seconds
[2024-09-04T21:14:04.101+0000] {processor.py:186} INFO - Started process (PID=1772) to work on /home/airflow/.local/lib/python3.12/site-packages/airflow/example_dags/example_latest_only_with_trigger.py
[2024-09-04T21:14:04.103+0000] {processor.py:914} INFO - Processing file /home/airflow/.local/lib/python3.12/site-packages/airflow/example_dags/example_latest_only_with_trigger.py for tasks to queue
[2024-09-04T21:14:04.106+0000] {logging_mixin.py:190} INFO - [2024-09-04T21:14:04.105+0000] {dagbag.py:587} INFO - Filling up the DagBag from /home/airflow/.local/lib/python3.12/site-packages/airflow/example_dags/example_latest_only_with_trigger.py
[2024-09-04T21:14:04.112+0000] {processor.py:925} INFO - DAG(s) 'latest_only_with_trigger' retrieved from /home/airflow/.local/lib/python3.12/site-packages/airflow/example_dags/example_latest_only_with_trigger.py
[2024-09-04T21:14:04.134+0000] {logging_mixin.py:190} INFO - [2024-09-04T21:14:04.134+0000] {dag.py:3211} INFO - Sync 1 DAGs
[2024-09-04T21:14:04.155+0000] {logging_mixin.py:190} INFO - [2024-09-04T21:14:04.155+0000] {dag.py:4138} INFO - Setting next_dagrun for latest_only_with_trigger to 2024-09-04 16:00:00+00:00, run_after=2024-09-04 20:00:00+00:00
[2024-09-04T21:14:04.178+0000] {processor.py:208} INFO - Processing /home/airflow/.local/lib/python3.12/site-packages/airflow/example_dags/example_latest_only_with_trigger.py took 0.082 seconds
[2024-09-04T21:14:34.959+0000] {processor.py:186} INFO - Started process (PID=1835) to work on /home/airflow/.local/lib/python3.12/site-packages/airflow/example_dags/example_latest_only_with_trigger.py
[2024-09-04T21:14:34.960+0000] {processor.py:914} INFO - Processing file /home/airflow/.local/lib/python3.12/site-packages/airflow/example_dags/example_latest_only_with_trigger.py for tasks to queue
[2024-09-04T21:14:34.963+0000] {logging_mixin.py:190} INFO - [2024-09-04T21:14:34.963+0000] {dagbag.py:587} INFO - Filling up the DagBag from /home/airflow/.local/lib/python3.12/site-packages/airflow/example_dags/example_latest_only_with_trigger.py
[2024-09-04T21:14:34.970+0000] {processor.py:925} INFO - DAG(s) 'latest_only_with_trigger' retrieved from /home/airflow/.local/lib/python3.12/site-packages/airflow/example_dags/example_latest_only_with_trigger.py
[2024-09-04T21:14:34.993+0000] {logging_mixin.py:190} INFO - [2024-09-04T21:14:34.993+0000] {dag.py:3211} INFO - Sync 1 DAGs
[2024-09-04T21:14:35.015+0000] {logging_mixin.py:190} INFO - [2024-09-04T21:14:35.015+0000] {dag.py:4138} INFO - Setting next_dagrun for latest_only_with_trigger to 2024-09-04 16:00:00+00:00, run_after=2024-09-04 20:00:00+00:00
[2024-09-04T21:14:35.037+0000] {processor.py:208} INFO - Processing /home/airflow/.local/lib/python3.12/site-packages/airflow/example_dags/example_latest_only_with_trigger.py took 0.084 seconds
[2024-09-04T21:15:06.857+0000] {processor.py:186} INFO - Started process (PID=1898) to work on /home/airflow/.local/lib/python3.12/site-packages/airflow/example_dags/example_latest_only_with_trigger.py
[2024-09-04T21:15:06.859+0000] {processor.py:914} INFO - Processing file /home/airflow/.local/lib/python3.12/site-packages/airflow/example_dags/example_latest_only_with_trigger.py for tasks to queue
[2024-09-04T21:15:06.866+0000] {logging_mixin.py:190} INFO - [2024-09-04T21:15:06.865+0000] {dagbag.py:587} INFO - Filling up the DagBag from /home/airflow/.local/lib/python3.12/site-packages/airflow/example_dags/example_latest_only_with_trigger.py
[2024-09-04T21:15:06.885+0000] {processor.py:925} INFO - DAG(s) 'latest_only_with_trigger' retrieved from /home/airflow/.local/lib/python3.12/site-packages/airflow/example_dags/example_latest_only_with_trigger.py
[2024-09-04T21:15:06.942+0000] {logging_mixin.py:190} INFO - [2024-09-04T21:15:06.941+0000] {dag.py:3211} INFO - Sync 1 DAGs
[2024-09-04T21:15:07.008+0000] {logging_mixin.py:190} INFO - [2024-09-04T21:15:07.007+0000] {dag.py:4138} INFO - Setting next_dagrun for latest_only_with_trigger to 2024-09-04 16:00:00+00:00, run_after=2024-09-04 20:00:00+00:00
[2024-09-04T21:15:07.077+0000] {processor.py:208} INFO - Processing /home/airflow/.local/lib/python3.12/site-packages/airflow/example_dags/example_latest_only_with_trigger.py took 0.233 seconds
[2024-09-04T21:15:37.330+0000] {processor.py:186} INFO - Started process (PID=1961) to work on /home/airflow/.local/lib/python3.12/site-packages/airflow/example_dags/example_latest_only_with_trigger.py
[2024-09-04T21:15:37.331+0000] {processor.py:914} INFO - Processing file /home/airflow/.local/lib/python3.12/site-packages/airflow/example_dags/example_latest_only_with_trigger.py for tasks to queue
[2024-09-04T21:15:37.333+0000] {logging_mixin.py:190} INFO - [2024-09-04T21:15:37.333+0000] {dagbag.py:587} INFO - Filling up the DagBag from /home/airflow/.local/lib/python3.12/site-packages/airflow/example_dags/example_latest_only_with_trigger.py
[2024-09-04T21:15:37.342+0000] {processor.py:925} INFO - DAG(s) 'latest_only_with_trigger' retrieved from /home/airflow/.local/lib/python3.12/site-packages/airflow/example_dags/example_latest_only_with_trigger.py
[2024-09-04T21:15:37.366+0000] {logging_mixin.py:190} INFO - [2024-09-04T21:15:37.365+0000] {dag.py:3211} INFO - Sync 1 DAGs
[2024-09-04T21:15:37.391+0000] {logging_mixin.py:190} INFO - [2024-09-04T21:15:37.390+0000] {dag.py:4138} INFO - Setting next_dagrun for latest_only_with_trigger to 2024-09-04 16:00:00+00:00, run_after=2024-09-04 20:00:00+00:00
[2024-09-04T21:15:37.408+0000] {processor.py:208} INFO - Processing /home/airflow/.local/lib/python3.12/site-packages/airflow/example_dags/example_latest_only_with_trigger.py took 0.083 seconds
[2024-09-04T21:16:08.403+0000] {processor.py:186} INFO - Started process (PID=2025) to work on /home/airflow/.local/lib/python3.12/site-packages/airflow/example_dags/example_latest_only_with_trigger.py
[2024-09-04T21:16:08.404+0000] {processor.py:914} INFO - Processing file /home/airflow/.local/lib/python3.12/site-packages/airflow/example_dags/example_latest_only_with_trigger.py for tasks to queue
[2024-09-04T21:16:08.406+0000] {logging_mixin.py:190} INFO - [2024-09-04T21:16:08.406+0000] {dagbag.py:587} INFO - Filling up the DagBag from /home/airflow/.local/lib/python3.12/site-packages/airflow/example_dags/example_latest_only_with_trigger.py
[2024-09-04T21:16:08.413+0000] {processor.py:925} INFO - DAG(s) 'latest_only_with_trigger' retrieved from /home/airflow/.local/lib/python3.12/site-packages/airflow/example_dags/example_latest_only_with_trigger.py
[2024-09-04T21:16:08.440+0000] {logging_mixin.py:190} INFO - [2024-09-04T21:16:08.440+0000] {dag.py:3211} INFO - Sync 1 DAGs
[2024-09-04T21:16:08.462+0000] {logging_mixin.py:190} INFO - [2024-09-04T21:16:08.462+0000] {dag.py:4138} INFO - Setting next_dagrun for latest_only_with_trigger to 2024-09-04 16:00:00+00:00, run_after=2024-09-04 20:00:00+00:00
[2024-09-04T21:16:08.482+0000] {processor.py:208} INFO - Processing /home/airflow/.local/lib/python3.12/site-packages/airflow/example_dags/example_latest_only_with_trigger.py took 0.084 seconds
[2024-09-04T21:16:38.772+0000] {processor.py:186} INFO - Started process (PID=2088) to work on /home/airflow/.local/lib/python3.12/site-packages/airflow/example_dags/example_latest_only_with_trigger.py
[2024-09-04T21:16:38.773+0000] {processor.py:914} INFO - Processing file /home/airflow/.local/lib/python3.12/site-packages/airflow/example_dags/example_latest_only_with_trigger.py for tasks to queue
[2024-09-04T21:16:38.776+0000] {logging_mixin.py:190} INFO - [2024-09-04T21:16:38.775+0000] {dagbag.py:587} INFO - Filling up the DagBag from /home/airflow/.local/lib/python3.12/site-packages/airflow/example_dags/example_latest_only_with_trigger.py
[2024-09-04T21:16:38.782+0000] {processor.py:925} INFO - DAG(s) 'latest_only_with_trigger' retrieved from /home/airflow/.local/lib/python3.12/site-packages/airflow/example_dags/example_latest_only_with_trigger.py
[2024-09-04T21:16:38.804+0000] {logging_mixin.py:190} INFO - [2024-09-04T21:16:38.803+0000] {dag.py:3211} INFO - Sync 1 DAGs
[2024-09-04T21:16:38.823+0000] {logging_mixin.py:190} INFO - [2024-09-04T21:16:38.823+0000] {dag.py:4138} INFO - Setting next_dagrun for latest_only_with_trigger to 2024-09-04 16:00:00+00:00, run_after=2024-09-04 20:00:00+00:00
[2024-09-04T21:16:38.844+0000] {processor.py:208} INFO - Processing /home/airflow/.local/lib/python3.12/site-packages/airflow/example_dags/example_latest_only_with_trigger.py took 0.078 seconds
[2024-09-04T21:17:09.106+0000] {processor.py:186} INFO - Started process (PID=2151) to work on /home/airflow/.local/lib/python3.12/site-packages/airflow/example_dags/example_latest_only_with_trigger.py
[2024-09-04T21:17:09.108+0000] {processor.py:914} INFO - Processing file /home/airflow/.local/lib/python3.12/site-packages/airflow/example_dags/example_latest_only_with_trigger.py for tasks to queue
[2024-09-04T21:17:09.111+0000] {logging_mixin.py:190} INFO - [2024-09-04T21:17:09.111+0000] {dagbag.py:587} INFO - Filling up the DagBag from /home/airflow/.local/lib/python3.12/site-packages/airflow/example_dags/example_latest_only_with_trigger.py
[2024-09-04T21:17:09.120+0000] {processor.py:925} INFO - DAG(s) 'latest_only_with_trigger' retrieved from /home/airflow/.local/lib/python3.12/site-packages/airflow/example_dags/example_latest_only_with_trigger.py
[2024-09-04T21:17:09.145+0000] {logging_mixin.py:190} INFO - [2024-09-04T21:17:09.144+0000] {dag.py:3211} INFO - Sync 1 DAGs
[2024-09-04T21:17:09.167+0000] {logging_mixin.py:190} INFO - [2024-09-04T21:17:09.167+0000] {dag.py:4138} INFO - Setting next_dagrun for latest_only_with_trigger to 2024-09-04 16:00:00+00:00, run_after=2024-09-04 20:00:00+00:00
[2024-09-04T21:17:09.195+0000] {processor.py:208} INFO - Processing /home/airflow/.local/lib/python3.12/site-packages/airflow/example_dags/example_latest_only_with_trigger.py took 0.095 seconds
[2024-09-04T21:17:39.370+0000] {processor.py:186} INFO - Started process (PID=2214) to work on /home/airflow/.local/lib/python3.12/site-packages/airflow/example_dags/example_latest_only_with_trigger.py
[2024-09-04T21:17:39.372+0000] {processor.py:914} INFO - Processing file /home/airflow/.local/lib/python3.12/site-packages/airflow/example_dags/example_latest_only_with_trigger.py for tasks to queue
[2024-09-04T21:17:39.375+0000] {logging_mixin.py:190} INFO - [2024-09-04T21:17:39.374+0000] {dagbag.py:587} INFO - Filling up the DagBag from /home/airflow/.local/lib/python3.12/site-packages/airflow/example_dags/example_latest_only_with_trigger.py
[2024-09-04T21:17:39.384+0000] {processor.py:925} INFO - DAG(s) 'latest_only_with_trigger' retrieved from /home/airflow/.local/lib/python3.12/site-packages/airflow/example_dags/example_latest_only_with_trigger.py
[2024-09-04T21:17:39.407+0000] {logging_mixin.py:190} INFO - [2024-09-04T21:17:39.407+0000] {dag.py:3211} INFO - Sync 1 DAGs
[2024-09-04T21:17:39.426+0000] {logging_mixin.py:190} INFO - [2024-09-04T21:17:39.425+0000] {dag.py:4138} INFO - Setting next_dagrun for latest_only_with_trigger to 2024-09-04 16:00:00+00:00, run_after=2024-09-04 20:00:00+00:00
[2024-09-04T21:17:39.445+0000] {processor.py:208} INFO - Processing /home/airflow/.local/lib/python3.12/site-packages/airflow/example_dags/example_latest_only_with_trigger.py took 0.080 seconds
[2024-09-04T21:18:09.700+0000] {processor.py:186} INFO - Started process (PID=2277) to work on /home/airflow/.local/lib/python3.12/site-packages/airflow/example_dags/example_latest_only_with_trigger.py
[2024-09-04T21:18:09.701+0000] {processor.py:914} INFO - Processing file /home/airflow/.local/lib/python3.12/site-packages/airflow/example_dags/example_latest_only_with_trigger.py for tasks to queue
[2024-09-04T21:18:09.704+0000] {logging_mixin.py:190} INFO - [2024-09-04T21:18:09.703+0000] {dagbag.py:587} INFO - Filling up the DagBag from /home/airflow/.local/lib/python3.12/site-packages/airflow/example_dags/example_latest_only_with_trigger.py
[2024-09-04T21:18:09.711+0000] {processor.py:925} INFO - DAG(s) 'latest_only_with_trigger' retrieved from /home/airflow/.local/lib/python3.12/site-packages/airflow/example_dags/example_latest_only_with_trigger.py
[2024-09-04T21:18:09.733+0000] {logging_mixin.py:190} INFO - [2024-09-04T21:18:09.732+0000] {dag.py:3211} INFO - Sync 1 DAGs
[2024-09-04T21:18:09.754+0000] {logging_mixin.py:190} INFO - [2024-09-04T21:18:09.754+0000] {dag.py:4138} INFO - Setting next_dagrun for latest_only_with_trigger to 2024-09-04 16:00:00+00:00, run_after=2024-09-04 20:00:00+00:00
[2024-09-04T21:18:09.776+0000] {processor.py:208} INFO - Processing /home/airflow/.local/lib/python3.12/site-packages/airflow/example_dags/example_latest_only_with_trigger.py took 0.081 seconds
[2024-09-04T21:18:40.062+0000] {processor.py:186} INFO - Started process (PID=2340) to work on /home/airflow/.local/lib/python3.12/site-packages/airflow/example_dags/example_latest_only_with_trigger.py
[2024-09-04T21:18:40.065+0000] {processor.py:914} INFO - Processing file /home/airflow/.local/lib/python3.12/site-packages/airflow/example_dags/example_latest_only_with_trigger.py for tasks to queue
[2024-09-04T21:18:40.080+0000] {logging_mixin.py:190} INFO - [2024-09-04T21:18:40.073+0000] {dagbag.py:587} INFO - Filling up the DagBag from /home/airflow/.local/lib/python3.12/site-packages/airflow/example_dags/example_latest_only_with_trigger.py
[2024-09-04T21:18:40.119+0000] {processor.py:925} INFO - DAG(s) 'latest_only_with_trigger' retrieved from /home/airflow/.local/lib/python3.12/site-packages/airflow/example_dags/example_latest_only_with_trigger.py
[2024-09-04T21:18:40.215+0000] {logging_mixin.py:190} INFO - [2024-09-04T21:18:40.214+0000] {dag.py:3211} INFO - Sync 1 DAGs
[2024-09-04T21:18:40.268+0000] {logging_mixin.py:190} INFO - [2024-09-04T21:18:40.267+0000] {dag.py:4138} INFO - Setting next_dagrun for latest_only_with_trigger to 2024-09-04 16:00:00+00:00, run_after=2024-09-04 20:00:00+00:00
[2024-09-04T21:18:40.313+0000] {processor.py:208} INFO - Processing /home/airflow/.local/lib/python3.12/site-packages/airflow/example_dags/example_latest_only_with_trigger.py took 0.279 seconds
