[2024-09-04T20:52:36.694+0000] {processor.py:186} INFO - Started process (PID=102) to work on /home/airflow/.local/lib/python3.12/site-packages/airflow/example_dags/example_skip_dag.py
[2024-09-04T20:52:36.695+0000] {processor.py:914} INFO - Processing file /home/airflow/.local/lib/python3.12/site-packages/airflow/example_dags/example_skip_dag.py for tasks to queue
[2024-09-04T20:52:36.698+0000] {logging_mixin.py:190} INFO - [2024-09-04T20:52:36.698+0000] {dagbag.py:587} INFO - Filling up the DagBag from /home/airflow/.local/lib/python3.12/site-packages/airflow/example_dags/example_skip_dag.py
[2024-09-04T20:52:36.707+0000] {processor.py:925} INFO - DAG(s) 'example_skip_dag' retrieved from /home/airflow/.local/lib/python3.12/site-packages/airflow/example_dags/example_skip_dag.py
[2024-09-04T20:52:36.841+0000] {logging_mixin.py:190} INFO - [2024-09-04T20:52:36.840+0000] {override.py:1858} INFO - Created Permission View: can delete on DAG:example_skip_dag
[2024-09-04T20:52:36.850+0000] {logging_mixin.py:190} INFO - [2024-09-04T20:52:36.850+0000] {override.py:1858} INFO - Created Permission View: can edit on DAG:example_skip_dag
[2024-09-04T20:52:36.859+0000] {logging_mixin.py:190} INFO - [2024-09-04T20:52:36.858+0000] {override.py:1858} INFO - Created Permission View: can read on DAG:example_skip_dag
[2024-09-04T20:52:36.860+0000] {logging_mixin.py:190} INFO - [2024-09-04T20:52:36.860+0000] {dag.py:3211} INFO - Sync 1 DAGs
[2024-09-04T20:52:36.876+0000] {logging_mixin.py:190} INFO - [2024-09-04T20:52:36.876+0000] {dag.py:3234} INFO - Creating ORM DAG for example_skip_dag
[2024-09-04T20:52:36.886+0000] {logging_mixin.py:190} INFO - [2024-09-04T20:52:36.886+0000] {dag.py:4138} INFO - Setting next_dagrun for example_skip_dag to 2024-09-03 00:00:00+00:00, run_after=2024-09-04 00:00:00+00:00
[2024-09-04T20:52:36.906+0000] {processor.py:208} INFO - Processing /home/airflow/.local/lib/python3.12/site-packages/airflow/example_dags/example_skip_dag.py took 0.220 seconds
[2024-09-04T21:00:18.249+0000] {processor.py:186} INFO - Started process (PID=97) to work on /home/airflow/.local/lib/python3.12/site-packages/airflow/example_dags/example_skip_dag.py
[2024-09-04T21:00:18.251+0000] {processor.py:914} INFO - Processing file /home/airflow/.local/lib/python3.12/site-packages/airflow/example_dags/example_skip_dag.py for tasks to queue
[2024-09-04T21:00:18.256+0000] {logging_mixin.py:190} INFO - [2024-09-04T21:00:18.255+0000] {dagbag.py:587} INFO - Filling up the DagBag from /home/airflow/.local/lib/python3.12/site-packages/airflow/example_dags/example_skip_dag.py
[2024-09-04T21:00:18.279+0000] {processor.py:925} INFO - DAG(s) 'example_skip_dag' retrieved from /home/airflow/.local/lib/python3.12/site-packages/airflow/example_dags/example_skip_dag.py
[2024-09-04T21:00:18.315+0000] {logging_mixin.py:190} INFO - [2024-09-04T21:00:18.315+0000] {dag.py:3211} INFO - Sync 1 DAGs
[2024-09-04T21:00:18.356+0000] {logging_mixin.py:190} INFO - [2024-09-04T21:00:18.356+0000] {dag.py:4138} INFO - Setting next_dagrun for example_skip_dag to 2024-09-03 00:00:00+00:00, run_after=2024-09-04 00:00:00+00:00
[2024-09-04T21:00:18.407+0000] {processor.py:208} INFO - Processing /home/airflow/.local/lib/python3.12/site-packages/airflow/example_dags/example_skip_dag.py took 0.169 seconds
[2024-09-04T21:00:48.479+0000] {processor.py:186} INFO - Started process (PID=159) to work on /home/airflow/.local/lib/python3.12/site-packages/airflow/example_dags/example_skip_dag.py
[2024-09-04T21:00:48.480+0000] {processor.py:914} INFO - Processing file /home/airflow/.local/lib/python3.12/site-packages/airflow/example_dags/example_skip_dag.py for tasks to queue
[2024-09-04T21:00:48.484+0000] {logging_mixin.py:190} INFO - [2024-09-04T21:00:48.484+0000] {dagbag.py:587} INFO - Filling up the DagBag from /home/airflow/.local/lib/python3.12/site-packages/airflow/example_dags/example_skip_dag.py
[2024-09-04T21:00:48.494+0000] {processor.py:925} INFO - DAG(s) 'example_skip_dag' retrieved from /home/airflow/.local/lib/python3.12/site-packages/airflow/example_dags/example_skip_dag.py
[2024-09-04T21:00:48.515+0000] {logging_mixin.py:190} INFO - [2024-09-04T21:00:48.515+0000] {dag.py:3211} INFO - Sync 1 DAGs
[2024-09-04T21:00:48.537+0000] {logging_mixin.py:190} INFO - [2024-09-04T21:00:48.537+0000] {dag.py:4138} INFO - Setting next_dagrun for example_skip_dag to 2024-09-03 00:00:00+00:00, run_after=2024-09-04 00:00:00+00:00
[2024-09-04T21:00:48.563+0000] {processor.py:208} INFO - Processing /home/airflow/.local/lib/python3.12/site-packages/airflow/example_dags/example_skip_dag.py took 0.093 seconds
[2024-09-04T21:01:18.907+0000] {processor.py:186} INFO - Started process (PID=221) to work on /home/airflow/.local/lib/python3.12/site-packages/airflow/example_dags/example_skip_dag.py
[2024-09-04T21:01:18.909+0000] {processor.py:914} INFO - Processing file /home/airflow/.local/lib/python3.12/site-packages/airflow/example_dags/example_skip_dag.py for tasks to queue
[2024-09-04T21:01:18.914+0000] {logging_mixin.py:190} INFO - [2024-09-04T21:01:18.913+0000] {dagbag.py:587} INFO - Filling up the DagBag from /home/airflow/.local/lib/python3.12/site-packages/airflow/example_dags/example_skip_dag.py
[2024-09-04T21:01:18.923+0000] {processor.py:925} INFO - DAG(s) 'example_skip_dag' retrieved from /home/airflow/.local/lib/python3.12/site-packages/airflow/example_dags/example_skip_dag.py
[2024-09-04T21:01:18.949+0000] {logging_mixin.py:190} INFO - [2024-09-04T21:01:18.948+0000] {dag.py:3211} INFO - Sync 1 DAGs
[2024-09-04T21:01:18.971+0000] {logging_mixin.py:190} INFO - [2024-09-04T21:01:18.971+0000] {dag.py:4138} INFO - Setting next_dagrun for example_skip_dag to 2024-09-03 00:00:00+00:00, run_after=2024-09-04 00:00:00+00:00
[2024-09-04T21:01:18.995+0000] {processor.py:208} INFO - Processing /home/airflow/.local/lib/python3.12/site-packages/airflow/example_dags/example_skip_dag.py took 0.093 seconds
[2024-09-04T21:01:49.035+0000] {processor.py:186} INFO - Started process (PID=283) to work on /home/airflow/.local/lib/python3.12/site-packages/airflow/example_dags/example_skip_dag.py
[2024-09-04T21:01:49.036+0000] {processor.py:914} INFO - Processing file /home/airflow/.local/lib/python3.12/site-packages/airflow/example_dags/example_skip_dag.py for tasks to queue
[2024-09-04T21:01:49.038+0000] {logging_mixin.py:190} INFO - [2024-09-04T21:01:49.038+0000] {dagbag.py:587} INFO - Filling up the DagBag from /home/airflow/.local/lib/python3.12/site-packages/airflow/example_dags/example_skip_dag.py
[2024-09-04T21:01:49.046+0000] {processor.py:925} INFO - DAG(s) 'example_skip_dag' retrieved from /home/airflow/.local/lib/python3.12/site-packages/airflow/example_dags/example_skip_dag.py
[2024-09-04T21:01:49.066+0000] {logging_mixin.py:190} INFO - [2024-09-04T21:01:49.065+0000] {dag.py:3211} INFO - Sync 1 DAGs
[2024-09-04T21:01:49.085+0000] {logging_mixin.py:190} INFO - [2024-09-04T21:01:49.085+0000] {dag.py:4138} INFO - Setting next_dagrun for example_skip_dag to 2024-09-03 00:00:00+00:00, run_after=2024-09-04 00:00:00+00:00
[2024-09-04T21:01:49.106+0000] {processor.py:208} INFO - Processing /home/airflow/.local/lib/python3.12/site-packages/airflow/example_dags/example_skip_dag.py took 0.076 seconds
[2024-09-04T21:02:20.021+0000] {processor.py:186} INFO - Started process (PID=346) to work on /home/airflow/.local/lib/python3.12/site-packages/airflow/example_dags/example_skip_dag.py
[2024-09-04T21:02:20.023+0000] {processor.py:914} INFO - Processing file /home/airflow/.local/lib/python3.12/site-packages/airflow/example_dags/example_skip_dag.py for tasks to queue
[2024-09-04T21:02:20.026+0000] {logging_mixin.py:190} INFO - [2024-09-04T21:02:20.025+0000] {dagbag.py:587} INFO - Filling up the DagBag from /home/airflow/.local/lib/python3.12/site-packages/airflow/example_dags/example_skip_dag.py
[2024-09-04T21:02:20.037+0000] {processor.py:925} INFO - DAG(s) 'example_skip_dag' retrieved from /home/airflow/.local/lib/python3.12/site-packages/airflow/example_dags/example_skip_dag.py
[2024-09-04T21:02:20.061+0000] {logging_mixin.py:190} INFO - [2024-09-04T21:02:20.060+0000] {dag.py:3211} INFO - Sync 1 DAGs
[2024-09-04T21:02:20.088+0000] {logging_mixin.py:190} INFO - [2024-09-04T21:02:20.088+0000] {dag.py:4138} INFO - Setting next_dagrun for example_skip_dag to 2024-09-03 00:00:00+00:00, run_after=2024-09-04 00:00:00+00:00
[2024-09-04T21:02:20.113+0000] {processor.py:208} INFO - Processing /home/airflow/.local/lib/python3.12/site-packages/airflow/example_dags/example_skip_dag.py took 0.100 seconds
[2024-09-04T21:02:50.552+0000] {processor.py:186} INFO - Started process (PID=408) to work on /home/airflow/.local/lib/python3.12/site-packages/airflow/example_dags/example_skip_dag.py
[2024-09-04T21:02:50.553+0000] {processor.py:914} INFO - Processing file /home/airflow/.local/lib/python3.12/site-packages/airflow/example_dags/example_skip_dag.py for tasks to queue
[2024-09-04T21:02:50.556+0000] {logging_mixin.py:190} INFO - [2024-09-04T21:02:50.556+0000] {dagbag.py:587} INFO - Filling up the DagBag from /home/airflow/.local/lib/python3.12/site-packages/airflow/example_dags/example_skip_dag.py
[2024-09-04T21:02:50.563+0000] {processor.py:925} INFO - DAG(s) 'example_skip_dag' retrieved from /home/airflow/.local/lib/python3.12/site-packages/airflow/example_dags/example_skip_dag.py
[2024-09-04T21:02:50.585+0000] {logging_mixin.py:190} INFO - [2024-09-04T21:02:50.585+0000] {dag.py:3211} INFO - Sync 1 DAGs
[2024-09-04T21:02:50.607+0000] {logging_mixin.py:190} INFO - [2024-09-04T21:02:50.606+0000] {dag.py:4138} INFO - Setting next_dagrun for example_skip_dag to 2024-09-03 00:00:00+00:00, run_after=2024-09-04 00:00:00+00:00
[2024-09-04T21:02:50.629+0000] {processor.py:208} INFO - Processing /home/airflow/.local/lib/python3.12/site-packages/airflow/example_dags/example_skip_dag.py took 0.082 seconds
[2024-09-04T21:03:22.780+0000] {processor.py:186} INFO - Started process (PID=470) to work on /home/airflow/.local/lib/python3.12/site-packages/airflow/example_dags/example_skip_dag.py
[2024-09-04T21:03:22.782+0000] {processor.py:914} INFO - Processing file /home/airflow/.local/lib/python3.12/site-packages/airflow/example_dags/example_skip_dag.py for tasks to queue
[2024-09-04T21:03:22.787+0000] {logging_mixin.py:190} INFO - [2024-09-04T21:03:22.786+0000] {dagbag.py:587} INFO - Filling up the DagBag from /home/airflow/.local/lib/python3.12/site-packages/airflow/example_dags/example_skip_dag.py
[2024-09-04T21:03:22.802+0000] {processor.py:925} INFO - DAG(s) 'example_skip_dag' retrieved from /home/airflow/.local/lib/python3.12/site-packages/airflow/example_dags/example_skip_dag.py
[2024-09-04T21:03:22.844+0000] {logging_mixin.py:190} INFO - [2024-09-04T21:03:22.844+0000] {dag.py:3211} INFO - Sync 1 DAGs
[2024-09-04T21:03:22.902+0000] {logging_mixin.py:190} INFO - [2024-09-04T21:03:22.902+0000] {dag.py:4138} INFO - Setting next_dagrun for example_skip_dag to 2024-09-03 00:00:00+00:00, run_after=2024-09-04 00:00:00+00:00
[2024-09-04T21:03:22.942+0000] {processor.py:208} INFO - Processing /home/airflow/.local/lib/python3.12/site-packages/airflow/example_dags/example_skip_dag.py took 0.172 seconds
[2024-09-04T21:03:53.277+0000] {processor.py:186} INFO - Started process (PID=532) to work on /home/airflow/.local/lib/python3.12/site-packages/airflow/example_dags/example_skip_dag.py
[2024-09-04T21:03:53.279+0000] {processor.py:914} INFO - Processing file /home/airflow/.local/lib/python3.12/site-packages/airflow/example_dags/example_skip_dag.py for tasks to queue
[2024-09-04T21:03:53.282+0000] {logging_mixin.py:190} INFO - [2024-09-04T21:03:53.282+0000] {dagbag.py:587} INFO - Filling up the DagBag from /home/airflow/.local/lib/python3.12/site-packages/airflow/example_dags/example_skip_dag.py
[2024-09-04T21:03:53.293+0000] {processor.py:925} INFO - DAG(s) 'example_skip_dag' retrieved from /home/airflow/.local/lib/python3.12/site-packages/airflow/example_dags/example_skip_dag.py
[2024-09-04T21:03:53.319+0000] {logging_mixin.py:190} INFO - [2024-09-04T21:03:53.319+0000] {dag.py:3211} INFO - Sync 1 DAGs
[2024-09-04T21:03:53.350+0000] {logging_mixin.py:190} INFO - [2024-09-04T21:03:53.350+0000] {dag.py:4138} INFO - Setting next_dagrun for example_skip_dag to 2024-09-03 00:00:00+00:00, run_after=2024-09-04 00:00:00+00:00
[2024-09-04T21:03:53.373+0000] {processor.py:208} INFO - Processing /home/airflow/.local/lib/python3.12/site-packages/airflow/example_dags/example_skip_dag.py took 0.104 seconds
[2024-09-04T21:04:24.365+0000] {processor.py:186} INFO - Started process (PID=594) to work on /home/airflow/.local/lib/python3.12/site-packages/airflow/example_dags/example_skip_dag.py
[2024-09-04T21:04:24.366+0000] {processor.py:914} INFO - Processing file /home/airflow/.local/lib/python3.12/site-packages/airflow/example_dags/example_skip_dag.py for tasks to queue
[2024-09-04T21:04:24.370+0000] {logging_mixin.py:190} INFO - [2024-09-04T21:04:24.369+0000] {dagbag.py:587} INFO - Filling up the DagBag from /home/airflow/.local/lib/python3.12/site-packages/airflow/example_dags/example_skip_dag.py
[2024-09-04T21:04:24.380+0000] {processor.py:925} INFO - DAG(s) 'example_skip_dag' retrieved from /home/airflow/.local/lib/python3.12/site-packages/airflow/example_dags/example_skip_dag.py
[2024-09-04T21:04:24.407+0000] {logging_mixin.py:190} INFO - [2024-09-04T21:04:24.406+0000] {dag.py:3211} INFO - Sync 1 DAGs
[2024-09-04T21:04:24.434+0000] {logging_mixin.py:190} INFO - [2024-09-04T21:04:24.434+0000] {dag.py:4138} INFO - Setting next_dagrun for example_skip_dag to 2024-09-03 00:00:00+00:00, run_after=2024-09-04 00:00:00+00:00
[2024-09-04T21:04:24.459+0000] {processor.py:208} INFO - Processing /home/airflow/.local/lib/python3.12/site-packages/airflow/example_dags/example_skip_dag.py took 0.102 seconds
[2024-09-04T21:04:54.602+0000] {processor.py:186} INFO - Started process (PID=656) to work on /home/airflow/.local/lib/python3.12/site-packages/airflow/example_dags/example_skip_dag.py
[2024-09-04T21:04:54.604+0000] {processor.py:914} INFO - Processing file /home/airflow/.local/lib/python3.12/site-packages/airflow/example_dags/example_skip_dag.py for tasks to queue
[2024-09-04T21:04:54.607+0000] {logging_mixin.py:190} INFO - [2024-09-04T21:04:54.606+0000] {dagbag.py:587} INFO - Filling up the DagBag from /home/airflow/.local/lib/python3.12/site-packages/airflow/example_dags/example_skip_dag.py
[2024-09-04T21:04:54.617+0000] {processor.py:925} INFO - DAG(s) 'example_skip_dag' retrieved from /home/airflow/.local/lib/python3.12/site-packages/airflow/example_dags/example_skip_dag.py
[2024-09-04T21:04:54.645+0000] {logging_mixin.py:190} INFO - [2024-09-04T21:04:54.645+0000] {dag.py:3211} INFO - Sync 1 DAGs
[2024-09-04T21:04:54.673+0000] {logging_mixin.py:190} INFO - [2024-09-04T21:04:54.673+0000] {dag.py:4138} INFO - Setting next_dagrun for example_skip_dag to 2024-09-03 00:00:00+00:00, run_after=2024-09-04 00:00:00+00:00
[2024-09-04T21:04:54.695+0000] {processor.py:208} INFO - Processing /home/airflow/.local/lib/python3.12/site-packages/airflow/example_dags/example_skip_dag.py took 0.101 seconds
[2024-09-04T21:05:25.565+0000] {processor.py:186} INFO - Started process (PID=724) to work on /home/airflow/.local/lib/python3.12/site-packages/airflow/example_dags/example_skip_dag.py
[2024-09-04T21:05:25.568+0000] {processor.py:914} INFO - Processing file /home/airflow/.local/lib/python3.12/site-packages/airflow/example_dags/example_skip_dag.py for tasks to queue
[2024-09-04T21:05:25.574+0000] {logging_mixin.py:190} INFO - [2024-09-04T21:05:25.573+0000] {dagbag.py:587} INFO - Filling up the DagBag from /home/airflow/.local/lib/python3.12/site-packages/airflow/example_dags/example_skip_dag.py
[2024-09-04T21:05:25.593+0000] {processor.py:925} INFO - DAG(s) 'example_skip_dag' retrieved from /home/airflow/.local/lib/python3.12/site-packages/airflow/example_dags/example_skip_dag.py
[2024-09-04T21:05:25.641+0000] {logging_mixin.py:190} INFO - [2024-09-04T21:05:25.640+0000] {dag.py:3211} INFO - Sync 1 DAGs
[2024-09-04T21:05:25.697+0000] {logging_mixin.py:190} INFO - [2024-09-04T21:05:25.696+0000] {dag.py:4138} INFO - Setting next_dagrun for example_skip_dag to 2024-09-03 00:00:00+00:00, run_after=2024-09-04 00:00:00+00:00
[2024-09-04T21:05:25.739+0000] {processor.py:208} INFO - Processing /home/airflow/.local/lib/python3.12/site-packages/airflow/example_dags/example_skip_dag.py took 0.189 seconds
[2024-09-04T21:05:55.980+0000] {processor.py:186} INFO - Started process (PID=786) to work on /home/airflow/.local/lib/python3.12/site-packages/airflow/example_dags/example_skip_dag.py
[2024-09-04T21:05:55.981+0000] {processor.py:914} INFO - Processing file /home/airflow/.local/lib/python3.12/site-packages/airflow/example_dags/example_skip_dag.py for tasks to queue
[2024-09-04T21:05:55.983+0000] {logging_mixin.py:190} INFO - [2024-09-04T21:05:55.983+0000] {dagbag.py:587} INFO - Filling up the DagBag from /home/airflow/.local/lib/python3.12/site-packages/airflow/example_dags/example_skip_dag.py
[2024-09-04T21:05:55.989+0000] {processor.py:925} INFO - DAG(s) 'example_skip_dag' retrieved from /home/airflow/.local/lib/python3.12/site-packages/airflow/example_dags/example_skip_dag.py
[2024-09-04T21:05:56.005+0000] {logging_mixin.py:190} INFO - [2024-09-04T21:05:56.005+0000] {dag.py:3211} INFO - Sync 1 DAGs
[2024-09-04T21:05:56.026+0000] {logging_mixin.py:190} INFO - [2024-09-04T21:05:56.026+0000] {dag.py:4138} INFO - Setting next_dagrun for example_skip_dag to 2024-09-03 00:00:00+00:00, run_after=2024-09-04 00:00:00+00:00
[2024-09-04T21:05:56.041+0000] {processor.py:208} INFO - Processing /home/airflow/.local/lib/python3.12/site-packages/airflow/example_dags/example_skip_dag.py took 0.066 seconds
[2024-09-04T21:06:27.519+0000] {processor.py:186} INFO - Started process (PID=847) to work on /home/airflow/.local/lib/python3.12/site-packages/airflow/example_dags/example_skip_dag.py
[2024-09-04T21:06:27.521+0000] {processor.py:914} INFO - Processing file /home/airflow/.local/lib/python3.12/site-packages/airflow/example_dags/example_skip_dag.py for tasks to queue
[2024-09-04T21:06:27.531+0000] {logging_mixin.py:190} INFO - [2024-09-04T21:06:27.530+0000] {dagbag.py:587} INFO - Filling up the DagBag from /home/airflow/.local/lib/python3.12/site-packages/airflow/example_dags/example_skip_dag.py
[2024-09-04T21:06:27.551+0000] {processor.py:925} INFO - DAG(s) 'example_skip_dag' retrieved from /home/airflow/.local/lib/python3.12/site-packages/airflow/example_dags/example_skip_dag.py
[2024-09-04T21:06:27.606+0000] {logging_mixin.py:190} INFO - [2024-09-04T21:06:27.605+0000] {dag.py:3211} INFO - Sync 1 DAGs
[2024-09-04T21:06:27.671+0000] {logging_mixin.py:190} INFO - [2024-09-04T21:06:27.670+0000] {dag.py:4138} INFO - Setting next_dagrun for example_skip_dag to 2024-09-03 00:00:00+00:00, run_after=2024-09-04 00:00:00+00:00
[2024-09-04T21:06:27.729+0000] {processor.py:208} INFO - Processing /home/airflow/.local/lib/python3.12/site-packages/airflow/example_dags/example_skip_dag.py took 0.226 seconds
[2024-09-04T21:06:58.732+0000] {processor.py:186} INFO - Started process (PID=909) to work on /home/airflow/.local/lib/python3.12/site-packages/airflow/example_dags/example_skip_dag.py
[2024-09-04T21:06:58.742+0000] {processor.py:914} INFO - Processing file /home/airflow/.local/lib/python3.12/site-packages/airflow/example_dags/example_skip_dag.py for tasks to queue
[2024-09-04T21:06:58.747+0000] {logging_mixin.py:190} INFO - [2024-09-04T21:06:58.746+0000] {dagbag.py:587} INFO - Filling up the DagBag from /home/airflow/.local/lib/python3.12/site-packages/airflow/example_dags/example_skip_dag.py
[2024-09-04T21:06:58.779+0000] {processor.py:925} INFO - DAG(s) 'example_skip_dag' retrieved from /home/airflow/.local/lib/python3.12/site-packages/airflow/example_dags/example_skip_dag.py
[2024-09-04T21:06:58.844+0000] {logging_mixin.py:190} INFO - [2024-09-04T21:06:58.843+0000] {dag.py:3211} INFO - Sync 1 DAGs
[2024-09-04T21:06:58.902+0000] {logging_mixin.py:190} INFO - [2024-09-04T21:06:58.901+0000] {dag.py:4138} INFO - Setting next_dagrun for example_skip_dag to 2024-09-03 00:00:00+00:00, run_after=2024-09-04 00:00:00+00:00
[2024-09-04T21:06:58.947+0000] {processor.py:208} INFO - Processing /home/airflow/.local/lib/python3.12/site-packages/airflow/example_dags/example_skip_dag.py took 0.224 seconds
[2024-09-04T21:07:29.487+0000] {processor.py:186} INFO - Started process (PID=971) to work on /home/airflow/.local/lib/python3.12/site-packages/airflow/example_dags/example_skip_dag.py
[2024-09-04T21:07:29.488+0000] {processor.py:914} INFO - Processing file /home/airflow/.local/lib/python3.12/site-packages/airflow/example_dags/example_skip_dag.py for tasks to queue
[2024-09-04T21:07:29.492+0000] {logging_mixin.py:190} INFO - [2024-09-04T21:07:29.491+0000] {dagbag.py:587} INFO - Filling up the DagBag from /home/airflow/.local/lib/python3.12/site-packages/airflow/example_dags/example_skip_dag.py
[2024-09-04T21:07:29.506+0000] {processor.py:925} INFO - DAG(s) 'example_skip_dag' retrieved from /home/airflow/.local/lib/python3.12/site-packages/airflow/example_dags/example_skip_dag.py
[2024-09-04T21:07:29.538+0000] {logging_mixin.py:190} INFO - [2024-09-04T21:07:29.537+0000] {dag.py:3211} INFO - Sync 1 DAGs
[2024-09-04T21:07:29.569+0000] {logging_mixin.py:190} INFO - [2024-09-04T21:07:29.569+0000] {dag.py:4138} INFO - Setting next_dagrun for example_skip_dag to 2024-09-03 00:00:00+00:00, run_after=2024-09-04 00:00:00+00:00
[2024-09-04T21:07:29.591+0000] {processor.py:208} INFO - Processing /home/airflow/.local/lib/python3.12/site-packages/airflow/example_dags/example_skip_dag.py took 0.113 seconds
[2024-09-04T21:07:59.751+0000] {processor.py:186} INFO - Started process (PID=1034) to work on /home/airflow/.local/lib/python3.12/site-packages/airflow/example_dags/example_skip_dag.py
[2024-09-04T21:07:59.754+0000] {processor.py:914} INFO - Processing file /home/airflow/.local/lib/python3.12/site-packages/airflow/example_dags/example_skip_dag.py for tasks to queue
[2024-09-04T21:07:59.756+0000] {logging_mixin.py:190} INFO - [2024-09-04T21:07:59.756+0000] {dagbag.py:587} INFO - Filling up the DagBag from /home/airflow/.local/lib/python3.12/site-packages/airflow/example_dags/example_skip_dag.py
[2024-09-04T21:07:59.762+0000] {processor.py:925} INFO - DAG(s) 'example_skip_dag' retrieved from /home/airflow/.local/lib/python3.12/site-packages/airflow/example_dags/example_skip_dag.py
[2024-09-04T21:07:59.781+0000] {logging_mixin.py:190} INFO - [2024-09-04T21:07:59.780+0000] {dag.py:3211} INFO - Sync 1 DAGs
[2024-09-04T21:07:59.801+0000] {logging_mixin.py:190} INFO - [2024-09-04T21:07:59.800+0000] {dag.py:4138} INFO - Setting next_dagrun for example_skip_dag to 2024-09-03 00:00:00+00:00, run_after=2024-09-04 00:00:00+00:00
[2024-09-04T21:07:59.816+0000] {processor.py:208} INFO - Processing /home/airflow/.local/lib/python3.12/site-packages/airflow/example_dags/example_skip_dag.py took 0.070 seconds
[2024-09-04T21:08:30.479+0000] {processor.py:186} INFO - Started process (PID=1096) to work on /home/airflow/.local/lib/python3.12/site-packages/airflow/example_dags/example_skip_dag.py
[2024-09-04T21:08:30.480+0000] {processor.py:914} INFO - Processing file /home/airflow/.local/lib/python3.12/site-packages/airflow/example_dags/example_skip_dag.py for tasks to queue
[2024-09-04T21:08:30.482+0000] {logging_mixin.py:190} INFO - [2024-09-04T21:08:30.482+0000] {dagbag.py:587} INFO - Filling up the DagBag from /home/airflow/.local/lib/python3.12/site-packages/airflow/example_dags/example_skip_dag.py
[2024-09-04T21:08:30.488+0000] {processor.py:925} INFO - DAG(s) 'example_skip_dag' retrieved from /home/airflow/.local/lib/python3.12/site-packages/airflow/example_dags/example_skip_dag.py
[2024-09-04T21:08:30.509+0000] {logging_mixin.py:190} INFO - [2024-09-04T21:08:30.509+0000] {dag.py:3211} INFO - Sync 1 DAGs
[2024-09-04T21:08:30.528+0000] {logging_mixin.py:190} INFO - [2024-09-04T21:08:30.528+0000] {dag.py:4138} INFO - Setting next_dagrun for example_skip_dag to 2024-09-03 00:00:00+00:00, run_after=2024-09-04 00:00:00+00:00
[2024-09-04T21:08:30.547+0000] {processor.py:208} INFO - Processing /home/airflow/.local/lib/python3.12/site-packages/airflow/example_dags/example_skip_dag.py took 0.073 seconds
[2024-09-04T21:09:01.070+0000] {processor.py:186} INFO - Started process (PID=1158) to work on /home/airflow/.local/lib/python3.12/site-packages/airflow/example_dags/example_skip_dag.py
[2024-09-04T21:09:01.071+0000] {processor.py:914} INFO - Processing file /home/airflow/.local/lib/python3.12/site-packages/airflow/example_dags/example_skip_dag.py for tasks to queue
[2024-09-04T21:09:01.074+0000] {logging_mixin.py:190} INFO - [2024-09-04T21:09:01.074+0000] {dagbag.py:587} INFO - Filling up the DagBag from /home/airflow/.local/lib/python3.12/site-packages/airflow/example_dags/example_skip_dag.py
[2024-09-04T21:09:01.080+0000] {processor.py:925} INFO - DAG(s) 'example_skip_dag' retrieved from /home/airflow/.local/lib/python3.12/site-packages/airflow/example_dags/example_skip_dag.py
[2024-09-04T21:09:01.100+0000] {logging_mixin.py:190} INFO - [2024-09-04T21:09:01.100+0000] {dag.py:3211} INFO - Sync 1 DAGs
[2024-09-04T21:09:01.121+0000] {logging_mixin.py:190} INFO - [2024-09-04T21:09:01.121+0000] {dag.py:4138} INFO - Setting next_dagrun for example_skip_dag to 2024-09-03 00:00:00+00:00, run_after=2024-09-04 00:00:00+00:00
[2024-09-04T21:09:01.140+0000] {processor.py:208} INFO - Processing /home/airflow/.local/lib/python3.12/site-packages/airflow/example_dags/example_skip_dag.py took 0.075 seconds
[2024-09-04T21:09:31.523+0000] {processor.py:186} INFO - Started process (PID=1220) to work on /home/airflow/.local/lib/python3.12/site-packages/airflow/example_dags/example_skip_dag.py
[2024-09-04T21:09:31.524+0000] {processor.py:914} INFO - Processing file /home/airflow/.local/lib/python3.12/site-packages/airflow/example_dags/example_skip_dag.py for tasks to queue
[2024-09-04T21:09:31.526+0000] {logging_mixin.py:190} INFO - [2024-09-04T21:09:31.526+0000] {dagbag.py:587} INFO - Filling up the DagBag from /home/airflow/.local/lib/python3.12/site-packages/airflow/example_dags/example_skip_dag.py
[2024-09-04T21:09:31.533+0000] {processor.py:925} INFO - DAG(s) 'example_skip_dag' retrieved from /home/airflow/.local/lib/python3.12/site-packages/airflow/example_dags/example_skip_dag.py
[2024-09-04T21:09:31.553+0000] {logging_mixin.py:190} INFO - [2024-09-04T21:09:31.552+0000] {dag.py:3211} INFO - Sync 1 DAGs
[2024-09-04T21:09:31.573+0000] {logging_mixin.py:190} INFO - [2024-09-04T21:09:31.572+0000] {dag.py:4138} INFO - Setting next_dagrun for example_skip_dag to 2024-09-03 00:00:00+00:00, run_after=2024-09-04 00:00:00+00:00
[2024-09-04T21:09:31.591+0000] {processor.py:208} INFO - Processing /home/airflow/.local/lib/python3.12/site-packages/airflow/example_dags/example_skip_dag.py took 0.073 seconds
[2024-09-04T21:10:01.857+0000] {processor.py:186} INFO - Started process (PID=1282) to work on /home/airflow/.local/lib/python3.12/site-packages/airflow/example_dags/example_skip_dag.py
[2024-09-04T21:10:01.859+0000] {processor.py:914} INFO - Processing file /home/airflow/.local/lib/python3.12/site-packages/airflow/example_dags/example_skip_dag.py for tasks to queue
[2024-09-04T21:10:01.861+0000] {logging_mixin.py:190} INFO - [2024-09-04T21:10:01.861+0000] {dagbag.py:587} INFO - Filling up the DagBag from /home/airflow/.local/lib/python3.12/site-packages/airflow/example_dags/example_skip_dag.py
[2024-09-04T21:10:01.867+0000] {processor.py:925} INFO - DAG(s) 'example_skip_dag' retrieved from /home/airflow/.local/lib/python3.12/site-packages/airflow/example_dags/example_skip_dag.py
[2024-09-04T21:10:01.887+0000] {logging_mixin.py:190} INFO - [2024-09-04T21:10:01.887+0000] {dag.py:3211} INFO - Sync 1 DAGs
[2024-09-04T21:10:01.906+0000] {logging_mixin.py:190} INFO - [2024-09-04T21:10:01.906+0000] {dag.py:4138} INFO - Setting next_dagrun for example_skip_dag to 2024-09-03 00:00:00+00:00, run_after=2024-09-04 00:00:00+00:00
[2024-09-04T21:10:01.925+0000] {processor.py:208} INFO - Processing /home/airflow/.local/lib/python3.12/site-packages/airflow/example_dags/example_skip_dag.py took 0.073 seconds
[2024-09-04T21:10:33.374+0000] {processor.py:186} INFO - Started process (PID=1345) to work on /home/airflow/.local/lib/python3.12/site-packages/airflow/example_dags/example_skip_dag.py
[2024-09-04T21:10:33.377+0000] {processor.py:914} INFO - Processing file /home/airflow/.local/lib/python3.12/site-packages/airflow/example_dags/example_skip_dag.py for tasks to queue
[2024-09-04T21:10:33.382+0000] {logging_mixin.py:190} INFO - [2024-09-04T21:10:33.381+0000] {dagbag.py:587} INFO - Filling up the DagBag from /home/airflow/.local/lib/python3.12/site-packages/airflow/example_dags/example_skip_dag.py
[2024-09-04T21:10:33.398+0000] {processor.py:925} INFO - DAG(s) 'example_skip_dag' retrieved from /home/airflow/.local/lib/python3.12/site-packages/airflow/example_dags/example_skip_dag.py
[2024-09-04T21:10:33.432+0000] {logging_mixin.py:190} INFO - [2024-09-04T21:10:33.431+0000] {dag.py:3211} INFO - Sync 1 DAGs
[2024-09-04T21:10:33.474+0000] {logging_mixin.py:190} INFO - [2024-09-04T21:10:33.474+0000] {dag.py:4138} INFO - Setting next_dagrun for example_skip_dag to 2024-09-03 00:00:00+00:00, run_after=2024-09-04 00:00:00+00:00
[2024-09-04T21:10:33.504+0000] {processor.py:208} INFO - Processing /home/airflow/.local/lib/python3.12/site-packages/airflow/example_dags/example_skip_dag.py took 0.140 seconds
[2024-09-04T21:11:04.023+0000] {processor.py:186} INFO - Started process (PID=1408) to work on /home/airflow/.local/lib/python3.12/site-packages/airflow/example_dags/example_skip_dag.py
[2024-09-04T21:11:04.024+0000] {processor.py:914} INFO - Processing file /home/airflow/.local/lib/python3.12/site-packages/airflow/example_dags/example_skip_dag.py for tasks to queue
[2024-09-04T21:11:04.026+0000] {logging_mixin.py:190} INFO - [2024-09-04T21:11:04.026+0000] {dagbag.py:587} INFO - Filling up the DagBag from /home/airflow/.local/lib/python3.12/site-packages/airflow/example_dags/example_skip_dag.py
[2024-09-04T21:11:04.033+0000] {processor.py:925} INFO - DAG(s) 'example_skip_dag' retrieved from /home/airflow/.local/lib/python3.12/site-packages/airflow/example_dags/example_skip_dag.py
[2024-09-04T21:11:04.054+0000] {logging_mixin.py:190} INFO - [2024-09-04T21:11:04.054+0000] {dag.py:3211} INFO - Sync 1 DAGs
[2024-09-04T21:11:04.074+0000] {logging_mixin.py:190} INFO - [2024-09-04T21:11:04.073+0000] {dag.py:4138} INFO - Setting next_dagrun for example_skip_dag to 2024-09-03 00:00:00+00:00, run_after=2024-09-04 00:00:00+00:00
[2024-09-04T21:11:04.092+0000] {processor.py:208} INFO - Processing /home/airflow/.local/lib/python3.12/site-packages/airflow/example_dags/example_skip_dag.py took 0.074 seconds
[2024-09-04T21:11:34.279+0000] {processor.py:186} INFO - Started process (PID=1471) to work on /home/airflow/.local/lib/python3.12/site-packages/airflow/example_dags/example_skip_dag.py
[2024-09-04T21:11:34.280+0000] {processor.py:914} INFO - Processing file /home/airflow/.local/lib/python3.12/site-packages/airflow/example_dags/example_skip_dag.py for tasks to queue
[2024-09-04T21:11:34.282+0000] {logging_mixin.py:190} INFO - [2024-09-04T21:11:34.282+0000] {dagbag.py:587} INFO - Filling up the DagBag from /home/airflow/.local/lib/python3.12/site-packages/airflow/example_dags/example_skip_dag.py
[2024-09-04T21:11:34.290+0000] {processor.py:925} INFO - DAG(s) 'example_skip_dag' retrieved from /home/airflow/.local/lib/python3.12/site-packages/airflow/example_dags/example_skip_dag.py
[2024-09-04T21:11:34.310+0000] {logging_mixin.py:190} INFO - [2024-09-04T21:11:34.309+0000] {dag.py:3211} INFO - Sync 1 DAGs
[2024-09-04T21:11:34.328+0000] {logging_mixin.py:190} INFO - [2024-09-04T21:11:34.328+0000] {dag.py:4138} INFO - Setting next_dagrun for example_skip_dag to 2024-09-03 00:00:00+00:00, run_after=2024-09-04 00:00:00+00:00
[2024-09-04T21:11:34.346+0000] {processor.py:208} INFO - Processing /home/airflow/.local/lib/python3.12/site-packages/airflow/example_dags/example_skip_dag.py took 0.072 seconds
[2024-09-04T21:12:04.520+0000] {processor.py:186} INFO - Started process (PID=1534) to work on /home/airflow/.local/lib/python3.12/site-packages/airflow/example_dags/example_skip_dag.py
[2024-09-04T21:12:04.521+0000] {processor.py:914} INFO - Processing file /home/airflow/.local/lib/python3.12/site-packages/airflow/example_dags/example_skip_dag.py for tasks to queue
[2024-09-04T21:12:04.524+0000] {logging_mixin.py:190} INFO - [2024-09-04T21:12:04.524+0000] {dagbag.py:587} INFO - Filling up the DagBag from /home/airflow/.local/lib/python3.12/site-packages/airflow/example_dags/example_skip_dag.py
[2024-09-04T21:12:04.534+0000] {processor.py:925} INFO - DAG(s) 'example_skip_dag' retrieved from /home/airflow/.local/lib/python3.12/site-packages/airflow/example_dags/example_skip_dag.py
[2024-09-04T21:12:04.557+0000] {logging_mixin.py:190} INFO - [2024-09-04T21:12:04.557+0000] {dag.py:3211} INFO - Sync 1 DAGs
[2024-09-04T21:12:04.582+0000] {logging_mixin.py:190} INFO - [2024-09-04T21:12:04.582+0000] {dag.py:4138} INFO - Setting next_dagrun for example_skip_dag to 2024-09-03 00:00:00+00:00, run_after=2024-09-04 00:00:00+00:00
[2024-09-04T21:12:04.601+0000] {processor.py:208} INFO - Processing /home/airflow/.local/lib/python3.12/site-packages/airflow/example_dags/example_skip_dag.py took 0.086 seconds
[2024-09-04T21:12:35.358+0000] {processor.py:186} INFO - Started process (PID=1598) to work on /home/airflow/.local/lib/python3.12/site-packages/airflow/example_dags/example_skip_dag.py
[2024-09-04T21:12:35.359+0000] {processor.py:914} INFO - Processing file /home/airflow/.local/lib/python3.12/site-packages/airflow/example_dags/example_skip_dag.py for tasks to queue
[2024-09-04T21:12:35.362+0000] {logging_mixin.py:190} INFO - [2024-09-04T21:12:35.361+0000] {dagbag.py:587} INFO - Filling up the DagBag from /home/airflow/.local/lib/python3.12/site-packages/airflow/example_dags/example_skip_dag.py
[2024-09-04T21:12:35.369+0000] {processor.py:925} INFO - DAG(s) 'example_skip_dag' retrieved from /home/airflow/.local/lib/python3.12/site-packages/airflow/example_dags/example_skip_dag.py
[2024-09-04T21:12:35.391+0000] {logging_mixin.py:190} INFO - [2024-09-04T21:12:35.390+0000] {dag.py:3211} INFO - Sync 1 DAGs
[2024-09-04T21:12:35.411+0000] {logging_mixin.py:190} INFO - [2024-09-04T21:12:35.410+0000] {dag.py:4138} INFO - Setting next_dagrun for example_skip_dag to 2024-09-03 00:00:00+00:00, run_after=2024-09-04 00:00:00+00:00
[2024-09-04T21:12:35.431+0000] {processor.py:208} INFO - Processing /home/airflow/.local/lib/python3.12/site-packages/airflow/example_dags/example_skip_dag.py took 0.079 seconds
[2024-09-04T21:13:06.313+0000] {processor.py:186} INFO - Started process (PID=1661) to work on /home/airflow/.local/lib/python3.12/site-packages/airflow/example_dags/example_skip_dag.py
[2024-09-04T21:13:06.314+0000] {processor.py:914} INFO - Processing file /home/airflow/.local/lib/python3.12/site-packages/airflow/example_dags/example_skip_dag.py for tasks to queue
[2024-09-04T21:13:06.316+0000] {logging_mixin.py:190} INFO - [2024-09-04T21:13:06.316+0000] {dagbag.py:587} INFO - Filling up the DagBag from /home/airflow/.local/lib/python3.12/site-packages/airflow/example_dags/example_skip_dag.py
[2024-09-04T21:13:06.324+0000] {processor.py:925} INFO - DAG(s) 'example_skip_dag' retrieved from /home/airflow/.local/lib/python3.12/site-packages/airflow/example_dags/example_skip_dag.py
[2024-09-04T21:13:06.352+0000] {logging_mixin.py:190} INFO - [2024-09-04T21:13:06.351+0000] {dag.py:3211} INFO - Sync 1 DAGs
[2024-09-04T21:13:06.375+0000] {logging_mixin.py:190} INFO - [2024-09-04T21:13:06.374+0000] {dag.py:4138} INFO - Setting next_dagrun for example_skip_dag to 2024-09-03 00:00:00+00:00, run_after=2024-09-04 00:00:00+00:00
[2024-09-04T21:13:06.396+0000] {processor.py:208} INFO - Processing /home/airflow/.local/lib/python3.12/site-packages/airflow/example_dags/example_skip_dag.py took 0.089 seconds
[2024-09-04T21:13:37.293+0000] {processor.py:186} INFO - Started process (PID=1724) to work on /home/airflow/.local/lib/python3.12/site-packages/airflow/example_dags/example_skip_dag.py
[2024-09-04T21:13:37.294+0000] {processor.py:914} INFO - Processing file /home/airflow/.local/lib/python3.12/site-packages/airflow/example_dags/example_skip_dag.py for tasks to queue
[2024-09-04T21:13:37.296+0000] {logging_mixin.py:190} INFO - [2024-09-04T21:13:37.296+0000] {dagbag.py:587} INFO - Filling up the DagBag from /home/airflow/.local/lib/python3.12/site-packages/airflow/example_dags/example_skip_dag.py
[2024-09-04T21:13:37.304+0000] {processor.py:925} INFO - DAG(s) 'example_skip_dag' retrieved from /home/airflow/.local/lib/python3.12/site-packages/airflow/example_dags/example_skip_dag.py
[2024-09-04T21:13:37.325+0000] {logging_mixin.py:190} INFO - [2024-09-04T21:13:37.324+0000] {dag.py:3211} INFO - Sync 1 DAGs
[2024-09-04T21:13:37.349+0000] {logging_mixin.py:190} INFO - [2024-09-04T21:13:37.349+0000] {dag.py:4138} INFO - Setting next_dagrun for example_skip_dag to 2024-09-03 00:00:00+00:00, run_after=2024-09-04 00:00:00+00:00
[2024-09-04T21:13:37.367+0000] {processor.py:208} INFO - Processing /home/airflow/.local/lib/python3.12/site-packages/airflow/example_dags/example_skip_dag.py took 0.079 seconds
[2024-09-04T21:14:08.095+0000] {processor.py:186} INFO - Started process (PID=1787) to work on /home/airflow/.local/lib/python3.12/site-packages/airflow/example_dags/example_skip_dag.py
[2024-09-04T21:14:08.096+0000] {processor.py:914} INFO - Processing file /home/airflow/.local/lib/python3.12/site-packages/airflow/example_dags/example_skip_dag.py for tasks to queue
[2024-09-04T21:14:08.098+0000] {logging_mixin.py:190} INFO - [2024-09-04T21:14:08.097+0000] {dagbag.py:587} INFO - Filling up the DagBag from /home/airflow/.local/lib/python3.12/site-packages/airflow/example_dags/example_skip_dag.py
[2024-09-04T21:14:08.104+0000] {processor.py:925} INFO - DAG(s) 'example_skip_dag' retrieved from /home/airflow/.local/lib/python3.12/site-packages/airflow/example_dags/example_skip_dag.py
[2024-09-04T21:14:08.126+0000] {logging_mixin.py:190} INFO - [2024-09-04T21:14:08.125+0000] {dag.py:3211} INFO - Sync 1 DAGs
[2024-09-04T21:14:08.145+0000] {logging_mixin.py:190} INFO - [2024-09-04T21:14:08.144+0000] {dag.py:4138} INFO - Setting next_dagrun for example_skip_dag to 2024-09-03 00:00:00+00:00, run_after=2024-09-04 00:00:00+00:00
[2024-09-04T21:14:08.167+0000] {processor.py:208} INFO - Processing /home/airflow/.local/lib/python3.12/site-packages/airflow/example_dags/example_skip_dag.py took 0.077 seconds
[2024-09-04T21:14:39.011+0000] {processor.py:186} INFO - Started process (PID=1850) to work on /home/airflow/.local/lib/python3.12/site-packages/airflow/example_dags/example_skip_dag.py
[2024-09-04T21:14:39.012+0000] {processor.py:914} INFO - Processing file /home/airflow/.local/lib/python3.12/site-packages/airflow/example_dags/example_skip_dag.py for tasks to queue
[2024-09-04T21:14:39.015+0000] {logging_mixin.py:190} INFO - [2024-09-04T21:14:39.015+0000] {dagbag.py:587} INFO - Filling up the DagBag from /home/airflow/.local/lib/python3.12/site-packages/airflow/example_dags/example_skip_dag.py
[2024-09-04T21:14:39.025+0000] {processor.py:925} INFO - DAG(s) 'example_skip_dag' retrieved from /home/airflow/.local/lib/python3.12/site-packages/airflow/example_dags/example_skip_dag.py
[2024-09-04T21:14:39.048+0000] {logging_mixin.py:190} INFO - [2024-09-04T21:14:39.047+0000] {dag.py:3211} INFO - Sync 1 DAGs
[2024-09-04T21:14:39.078+0000] {logging_mixin.py:190} INFO - [2024-09-04T21:14:39.078+0000] {dag.py:4138} INFO - Setting next_dagrun for example_skip_dag to 2024-09-03 00:00:00+00:00, run_after=2024-09-04 00:00:00+00:00
[2024-09-04T21:14:39.102+0000] {processor.py:208} INFO - Processing /home/airflow/.local/lib/python3.12/site-packages/airflow/example_dags/example_skip_dag.py took 0.096 seconds
[2024-09-04T21:15:10.437+0000] {processor.py:186} INFO - Started process (PID=1913) to work on /home/airflow/.local/lib/python3.12/site-packages/airflow/example_dags/example_skip_dag.py
[2024-09-04T21:15:10.440+0000] {processor.py:914} INFO - Processing file /home/airflow/.local/lib/python3.12/site-packages/airflow/example_dags/example_skip_dag.py for tasks to queue
[2024-09-04T21:15:10.445+0000] {logging_mixin.py:190} INFO - [2024-09-04T21:15:10.445+0000] {dagbag.py:587} INFO - Filling up the DagBag from /home/airflow/.local/lib/python3.12/site-packages/airflow/example_dags/example_skip_dag.py
[2024-09-04T21:15:10.468+0000] {processor.py:925} INFO - DAG(s) 'example_skip_dag' retrieved from /home/airflow/.local/lib/python3.12/site-packages/airflow/example_dags/example_skip_dag.py
[2024-09-04T21:15:10.516+0000] {logging_mixin.py:190} INFO - [2024-09-04T21:15:10.515+0000] {dag.py:3211} INFO - Sync 1 DAGs
[2024-09-04T21:15:10.563+0000] {logging_mixin.py:190} INFO - [2024-09-04T21:15:10.562+0000] {dag.py:4138} INFO - Setting next_dagrun for example_skip_dag to 2024-09-03 00:00:00+00:00, run_after=2024-09-04 00:00:00+00:00
[2024-09-04T21:15:10.596+0000] {processor.py:208} INFO - Processing /home/airflow/.local/lib/python3.12/site-packages/airflow/example_dags/example_skip_dag.py took 0.177 seconds
[2024-09-04T21:15:40.742+0000] {processor.py:186} INFO - Started process (PID=1976) to work on /home/airflow/.local/lib/python3.12/site-packages/airflow/example_dags/example_skip_dag.py
[2024-09-04T21:15:40.745+0000] {processor.py:914} INFO - Processing file /home/airflow/.local/lib/python3.12/site-packages/airflow/example_dags/example_skip_dag.py for tasks to queue
[2024-09-04T21:15:40.750+0000] {logging_mixin.py:190} INFO - [2024-09-04T21:15:40.750+0000] {dagbag.py:587} INFO - Filling up the DagBag from /home/airflow/.local/lib/python3.12/site-packages/airflow/example_dags/example_skip_dag.py
[2024-09-04T21:15:40.771+0000] {processor.py:925} INFO - DAG(s) 'example_skip_dag' retrieved from /home/airflow/.local/lib/python3.12/site-packages/airflow/example_dags/example_skip_dag.py
[2024-09-04T21:15:40.807+0000] {logging_mixin.py:190} INFO - [2024-09-04T21:15:40.806+0000] {dag.py:3211} INFO - Sync 1 DAGs
[2024-09-04T21:15:40.851+0000] {logging_mixin.py:190} INFO - [2024-09-04T21:15:40.850+0000] {dag.py:4138} INFO - Setting next_dagrun for example_skip_dag to 2024-09-03 00:00:00+00:00, run_after=2024-09-04 00:00:00+00:00
[2024-09-04T21:15:40.878+0000] {processor.py:208} INFO - Processing /home/airflow/.local/lib/python3.12/site-packages/airflow/example_dags/example_skip_dag.py took 0.148 seconds
[2024-09-04T21:16:11.395+0000] {processor.py:186} INFO - Started process (PID=2040) to work on /home/airflow/.local/lib/python3.12/site-packages/airflow/example_dags/example_skip_dag.py
[2024-09-04T21:16:11.396+0000] {processor.py:914} INFO - Processing file /home/airflow/.local/lib/python3.12/site-packages/airflow/example_dags/example_skip_dag.py for tasks to queue
[2024-09-04T21:16:11.399+0000] {logging_mixin.py:190} INFO - [2024-09-04T21:16:11.399+0000] {dagbag.py:587} INFO - Filling up the DagBag from /home/airflow/.local/lib/python3.12/site-packages/airflow/example_dags/example_skip_dag.py
[2024-09-04T21:16:11.407+0000] {processor.py:925} INFO - DAG(s) 'example_skip_dag' retrieved from /home/airflow/.local/lib/python3.12/site-packages/airflow/example_dags/example_skip_dag.py
[2024-09-04T21:16:11.428+0000] {logging_mixin.py:190} INFO - [2024-09-04T21:16:11.428+0000] {dag.py:3211} INFO - Sync 1 DAGs
[2024-09-04T21:16:11.449+0000] {logging_mixin.py:190} INFO - [2024-09-04T21:16:11.449+0000] {dag.py:4138} INFO - Setting next_dagrun for example_skip_dag to 2024-09-03 00:00:00+00:00, run_after=2024-09-04 00:00:00+00:00
[2024-09-04T21:16:11.470+0000] {processor.py:208} INFO - Processing /home/airflow/.local/lib/python3.12/site-packages/airflow/example_dags/example_skip_dag.py took 0.081 seconds
[2024-09-04T21:16:41.773+0000] {processor.py:186} INFO - Started process (PID=2103) to work on /home/airflow/.local/lib/python3.12/site-packages/airflow/example_dags/example_skip_dag.py
[2024-09-04T21:16:41.774+0000] {processor.py:914} INFO - Processing file /home/airflow/.local/lib/python3.12/site-packages/airflow/example_dags/example_skip_dag.py for tasks to queue
[2024-09-04T21:16:41.776+0000] {logging_mixin.py:190} INFO - [2024-09-04T21:16:41.776+0000] {dagbag.py:587} INFO - Filling up the DagBag from /home/airflow/.local/lib/python3.12/site-packages/airflow/example_dags/example_skip_dag.py
[2024-09-04T21:16:41.783+0000] {processor.py:925} INFO - DAG(s) 'example_skip_dag' retrieved from /home/airflow/.local/lib/python3.12/site-packages/airflow/example_dags/example_skip_dag.py
[2024-09-04T21:16:41.804+0000] {logging_mixin.py:190} INFO - [2024-09-04T21:16:41.803+0000] {dag.py:3211} INFO - Sync 1 DAGs
[2024-09-04T21:16:41.823+0000] {logging_mixin.py:190} INFO - [2024-09-04T21:16:41.823+0000] {dag.py:4138} INFO - Setting next_dagrun for example_skip_dag to 2024-09-03 00:00:00+00:00, run_after=2024-09-04 00:00:00+00:00
[2024-09-04T21:16:41.845+0000] {processor.py:208} INFO - Processing /home/airflow/.local/lib/python3.12/site-packages/airflow/example_dags/example_skip_dag.py took 0.077 seconds
[2024-09-04T21:17:12.345+0000] {processor.py:186} INFO - Started process (PID=2166) to work on /home/airflow/.local/lib/python3.12/site-packages/airflow/example_dags/example_skip_dag.py
[2024-09-04T21:17:12.347+0000] {processor.py:914} INFO - Processing file /home/airflow/.local/lib/python3.12/site-packages/airflow/example_dags/example_skip_dag.py for tasks to queue
[2024-09-04T21:17:12.350+0000] {logging_mixin.py:190} INFO - [2024-09-04T21:17:12.349+0000] {dagbag.py:587} INFO - Filling up the DagBag from /home/airflow/.local/lib/python3.12/site-packages/airflow/example_dags/example_skip_dag.py
[2024-09-04T21:17:12.359+0000] {processor.py:925} INFO - DAG(s) 'example_skip_dag' retrieved from /home/airflow/.local/lib/python3.12/site-packages/airflow/example_dags/example_skip_dag.py
[2024-09-04T21:17:12.384+0000] {logging_mixin.py:190} INFO - [2024-09-04T21:17:12.384+0000] {dag.py:3211} INFO - Sync 1 DAGs
[2024-09-04T21:17:12.410+0000] {logging_mixin.py:190} INFO - [2024-09-04T21:17:12.410+0000] {dag.py:4138} INFO - Setting next_dagrun for example_skip_dag to 2024-09-03 00:00:00+00:00, run_after=2024-09-04 00:00:00+00:00
[2024-09-04T21:17:12.435+0000] {processor.py:208} INFO - Processing /home/airflow/.local/lib/python3.12/site-packages/airflow/example_dags/example_skip_dag.py took 0.096 seconds
[2024-09-04T21:17:42.503+0000] {processor.py:186} INFO - Started process (PID=2229) to work on /home/airflow/.local/lib/python3.12/site-packages/airflow/example_dags/example_skip_dag.py
[2024-09-04T21:17:42.504+0000] {processor.py:914} INFO - Processing file /home/airflow/.local/lib/python3.12/site-packages/airflow/example_dags/example_skip_dag.py for tasks to queue
[2024-09-04T21:17:42.508+0000] {logging_mixin.py:190} INFO - [2024-09-04T21:17:42.508+0000] {dagbag.py:587} INFO - Filling up the DagBag from /home/airflow/.local/lib/python3.12/site-packages/airflow/example_dags/example_skip_dag.py
[2024-09-04T21:17:42.516+0000] {processor.py:925} INFO - DAG(s) 'example_skip_dag' retrieved from /home/airflow/.local/lib/python3.12/site-packages/airflow/example_dags/example_skip_dag.py
[2024-09-04T21:17:42.540+0000] {logging_mixin.py:190} INFO - [2024-09-04T21:17:42.539+0000] {dag.py:3211} INFO - Sync 1 DAGs
[2024-09-04T21:17:42.561+0000] {logging_mixin.py:190} INFO - [2024-09-04T21:17:42.561+0000] {dag.py:4138} INFO - Setting next_dagrun for example_skip_dag to 2024-09-03 00:00:00+00:00, run_after=2024-09-04 00:00:00+00:00
[2024-09-04T21:17:42.583+0000] {processor.py:208} INFO - Processing /home/airflow/.local/lib/python3.12/site-packages/airflow/example_dags/example_skip_dag.py took 0.085 seconds
[2024-09-04T21:18:12.640+0000] {processor.py:186} INFO - Started process (PID=2291) to work on /home/airflow/.local/lib/python3.12/site-packages/airflow/example_dags/example_skip_dag.py
[2024-09-04T21:18:12.641+0000] {processor.py:914} INFO - Processing file /home/airflow/.local/lib/python3.12/site-packages/airflow/example_dags/example_skip_dag.py for tasks to queue
[2024-09-04T21:18:12.643+0000] {logging_mixin.py:190} INFO - [2024-09-04T21:18:12.643+0000] {dagbag.py:587} INFO - Filling up the DagBag from /home/airflow/.local/lib/python3.12/site-packages/airflow/example_dags/example_skip_dag.py
[2024-09-04T21:18:12.652+0000] {processor.py:925} INFO - DAG(s) 'example_skip_dag' retrieved from /home/airflow/.local/lib/python3.12/site-packages/airflow/example_dags/example_skip_dag.py
[2024-09-04T21:18:12.680+0000] {logging_mixin.py:190} INFO - [2024-09-04T21:18:12.679+0000] {dag.py:3211} INFO - Sync 1 DAGs
[2024-09-04T21:18:12.707+0000] {logging_mixin.py:190} INFO - [2024-09-04T21:18:12.707+0000] {dag.py:4138} INFO - Setting next_dagrun for example_skip_dag to 2024-09-03 00:00:00+00:00, run_after=2024-09-04 00:00:00+00:00
[2024-09-04T21:18:12.732+0000] {processor.py:208} INFO - Processing /home/airflow/.local/lib/python3.12/site-packages/airflow/example_dags/example_skip_dag.py took 0.097 seconds
[2024-09-04T21:18:43.408+0000] {processor.py:186} INFO - Started process (PID=2355) to work on /home/airflow/.local/lib/python3.12/site-packages/airflow/example_dags/example_skip_dag.py
[2024-09-04T21:18:43.409+0000] {processor.py:914} INFO - Processing file /home/airflow/.local/lib/python3.12/site-packages/airflow/example_dags/example_skip_dag.py for tasks to queue
[2024-09-04T21:18:43.412+0000] {logging_mixin.py:190} INFO - [2024-09-04T21:18:43.412+0000] {dagbag.py:587} INFO - Filling up the DagBag from /home/airflow/.local/lib/python3.12/site-packages/airflow/example_dags/example_skip_dag.py
[2024-09-04T21:18:43.422+0000] {processor.py:925} INFO - DAG(s) 'example_skip_dag' retrieved from /home/airflow/.local/lib/python3.12/site-packages/airflow/example_dags/example_skip_dag.py
[2024-09-04T21:18:43.447+0000] {logging_mixin.py:190} INFO - [2024-09-04T21:18:43.446+0000] {dag.py:3211} INFO - Sync 1 DAGs
[2024-09-04T21:18:43.470+0000] {logging_mixin.py:190} INFO - [2024-09-04T21:18:43.470+0000] {dag.py:4138} INFO - Setting next_dagrun for example_skip_dag to 2024-09-03 00:00:00+00:00, run_after=2024-09-04 00:00:00+00:00
[2024-09-04T21:18:43.491+0000] {processor.py:208} INFO - Processing /home/airflow/.local/lib/python3.12/site-packages/airflow/example_dags/example_skip_dag.py took 0.089 seconds
