[2024-09-04T20:52:35.817+0000] {processor.py:186} INFO - Started process (PID=98) to work on /home/airflow/.local/lib/python3.12/site-packages/airflow/example_dags/example_task_group.py
[2024-09-04T20:52:35.818+0000] {processor.py:914} INFO - Processing file /home/airflow/.local/lib/python3.12/site-packages/airflow/example_dags/example_task_group.py for tasks to queue
[2024-09-04T20:52:35.821+0000] {logging_mixin.py:190} INFO - [2024-09-04T20:52:35.820+0000] {dagbag.py:587} INFO - Filling up the DagBag from /home/airflow/.local/lib/python3.12/site-packages/airflow/example_dags/example_task_group.py
[2024-09-04T20:52:35.833+0000] {processor.py:925} INFO - DAG(s) 'example_task_group' retrieved from /home/airflow/.local/lib/python3.12/site-packages/airflow/example_dags/example_task_group.py
[2024-09-04T20:52:35.984+0000] {logging_mixin.py:190} INFO - [2024-09-04T20:52:35.983+0000] {override.py:1858} INFO - Created Permission View: can delete on DAG:example_task_group
[2024-09-04T20:52:36.001+0000] {logging_mixin.py:190} INFO - [2024-09-04T20:52:36.000+0000] {override.py:1858} INFO - Created Permission View: can edit on DAG:example_task_group
[2024-09-04T20:52:36.011+0000] {logging_mixin.py:190} INFO - [2024-09-04T20:52:36.010+0000] {override.py:1858} INFO - Created Permission View: can read on DAG:example_task_group
[2024-09-04T20:52:36.012+0000] {logging_mixin.py:190} INFO - [2024-09-04T20:52:36.012+0000] {dag.py:3211} INFO - Sync 1 DAGs
[2024-09-04T20:52:36.028+0000] {logging_mixin.py:190} INFO - [2024-09-04T20:52:36.028+0000] {dag.py:3234} INFO - Creating ORM DAG for example_task_group
[2024-09-04T20:52:36.041+0000] {logging_mixin.py:190} INFO - [2024-09-04T20:52:36.041+0000] {dag.py:4138} INFO - Setting next_dagrun for example_task_group to 2024-09-03 00:00:00+00:00, run_after=2024-09-04 00:00:00+00:00
[2024-09-04T20:52:36.068+0000] {processor.py:208} INFO - Processing /home/airflow/.local/lib/python3.12/site-packages/airflow/example_dags/example_task_group.py took 0.261 seconds
[2024-09-04T21:00:17.530+0000] {processor.py:186} INFO - Started process (PID=93) to work on /home/airflow/.local/lib/python3.12/site-packages/airflow/example_dags/example_task_group.py
[2024-09-04T21:00:17.533+0000] {processor.py:914} INFO - Processing file /home/airflow/.local/lib/python3.12/site-packages/airflow/example_dags/example_task_group.py for tasks to queue
[2024-09-04T21:00:17.552+0000] {logging_mixin.py:190} INFO - [2024-09-04T21:00:17.552+0000] {dagbag.py:587} INFO - Filling up the DagBag from /home/airflow/.local/lib/python3.12/site-packages/airflow/example_dags/example_task_group.py
[2024-09-04T21:00:17.590+0000] {processor.py:925} INFO - DAG(s) 'example_task_group' retrieved from /home/airflow/.local/lib/python3.12/site-packages/airflow/example_dags/example_task_group.py
[2024-09-04T21:00:17.686+0000] {logging_mixin.py:190} INFO - [2024-09-04T21:00:17.685+0000] {dag.py:3211} INFO - Sync 1 DAGs
[2024-09-04T21:00:17.734+0000] {logging_mixin.py:190} INFO - [2024-09-04T21:00:17.733+0000] {dag.py:4138} INFO - Setting next_dagrun for example_task_group to 2024-09-03 00:00:00+00:00, run_after=2024-09-04 00:00:00+00:00
[2024-09-04T21:00:17.772+0000] {processor.py:208} INFO - Processing /home/airflow/.local/lib/python3.12/site-packages/airflow/example_dags/example_task_group.py took 0.251 seconds
[2024-09-04T21:00:47.848+0000] {processor.py:186} INFO - Started process (PID=154) to work on /home/airflow/.local/lib/python3.12/site-packages/airflow/example_dags/example_task_group.py
[2024-09-04T21:00:47.849+0000] {processor.py:914} INFO - Processing file /home/airflow/.local/lib/python3.12/site-packages/airflow/example_dags/example_task_group.py for tasks to queue
[2024-09-04T21:00:47.851+0000] {logging_mixin.py:190} INFO - [2024-09-04T21:00:47.850+0000] {dagbag.py:587} INFO - Filling up the DagBag from /home/airflow/.local/lib/python3.12/site-packages/airflow/example_dags/example_task_group.py
[2024-09-04T21:00:47.864+0000] {processor.py:925} INFO - DAG(s) 'example_task_group' retrieved from /home/airflow/.local/lib/python3.12/site-packages/airflow/example_dags/example_task_group.py
[2024-09-04T21:00:47.887+0000] {logging_mixin.py:190} INFO - [2024-09-04T21:00:47.886+0000] {dag.py:3211} INFO - Sync 1 DAGs
[2024-09-04T21:00:47.915+0000] {logging_mixin.py:190} INFO - [2024-09-04T21:00:47.915+0000] {dag.py:4138} INFO - Setting next_dagrun for example_task_group to 2024-09-03 00:00:00+00:00, run_after=2024-09-04 00:00:00+00:00
[2024-09-04T21:00:47.940+0000] {processor.py:208} INFO - Processing /home/airflow/.local/lib/python3.12/site-packages/airflow/example_dags/example_task_group.py took 0.097 seconds
[2024-09-04T21:01:18.618+0000] {processor.py:186} INFO - Started process (PID=217) to work on /home/airflow/.local/lib/python3.12/site-packages/airflow/example_dags/example_task_group.py
[2024-09-04T21:01:18.619+0000] {processor.py:914} INFO - Processing file /home/airflow/.local/lib/python3.12/site-packages/airflow/example_dags/example_task_group.py for tasks to queue
[2024-09-04T21:01:18.622+0000] {logging_mixin.py:190} INFO - [2024-09-04T21:01:18.621+0000] {dagbag.py:587} INFO - Filling up the DagBag from /home/airflow/.local/lib/python3.12/site-packages/airflow/example_dags/example_task_group.py
[2024-09-04T21:01:18.632+0000] {processor.py:925} INFO - DAG(s) 'example_task_group' retrieved from /home/airflow/.local/lib/python3.12/site-packages/airflow/example_dags/example_task_group.py
[2024-09-04T21:01:18.657+0000] {logging_mixin.py:190} INFO - [2024-09-04T21:01:18.656+0000] {dag.py:3211} INFO - Sync 1 DAGs
[2024-09-04T21:01:18.682+0000] {logging_mixin.py:190} INFO - [2024-09-04T21:01:18.682+0000] {dag.py:4138} INFO - Setting next_dagrun for example_task_group to 2024-09-03 00:00:00+00:00, run_after=2024-09-04 00:00:00+00:00
[2024-09-04T21:01:18.704+0000] {processor.py:208} INFO - Processing /home/airflow/.local/lib/python3.12/site-packages/airflow/example_dags/example_task_group.py took 0.091 seconds
[2024-09-04T21:01:48.774+0000] {processor.py:186} INFO - Started process (PID=279) to work on /home/airflow/.local/lib/python3.12/site-packages/airflow/example_dags/example_task_group.py
[2024-09-04T21:01:48.775+0000] {processor.py:914} INFO - Processing file /home/airflow/.local/lib/python3.12/site-packages/airflow/example_dags/example_task_group.py for tasks to queue
[2024-09-04T21:01:48.777+0000] {logging_mixin.py:190} INFO - [2024-09-04T21:01:48.777+0000] {dagbag.py:587} INFO - Filling up the DagBag from /home/airflow/.local/lib/python3.12/site-packages/airflow/example_dags/example_task_group.py
[2024-09-04T21:01:48.785+0000] {processor.py:925} INFO - DAG(s) 'example_task_group' retrieved from /home/airflow/.local/lib/python3.12/site-packages/airflow/example_dags/example_task_group.py
[2024-09-04T21:01:48.806+0000] {logging_mixin.py:190} INFO - [2024-09-04T21:01:48.805+0000] {dag.py:3211} INFO - Sync 1 DAGs
[2024-09-04T21:01:48.824+0000] {logging_mixin.py:190} INFO - [2024-09-04T21:01:48.823+0000] {dag.py:4138} INFO - Setting next_dagrun for example_task_group to 2024-09-03 00:00:00+00:00, run_after=2024-09-04 00:00:00+00:00
[2024-09-04T21:01:48.843+0000] {processor.py:208} INFO - Processing /home/airflow/.local/lib/python3.12/site-packages/airflow/example_dags/example_task_group.py took 0.075 seconds
[2024-09-04T21:02:19.667+0000] {processor.py:186} INFO - Started process (PID=342) to work on /home/airflow/.local/lib/python3.12/site-packages/airflow/example_dags/example_task_group.py
[2024-09-04T21:02:19.668+0000] {processor.py:914} INFO - Processing file /home/airflow/.local/lib/python3.12/site-packages/airflow/example_dags/example_task_group.py for tasks to queue
[2024-09-04T21:02:19.671+0000] {logging_mixin.py:190} INFO - [2024-09-04T21:02:19.670+0000] {dagbag.py:587} INFO - Filling up the DagBag from /home/airflow/.local/lib/python3.12/site-packages/airflow/example_dags/example_task_group.py
[2024-09-04T21:02:19.680+0000] {processor.py:925} INFO - DAG(s) 'example_task_group' retrieved from /home/airflow/.local/lib/python3.12/site-packages/airflow/example_dags/example_task_group.py
[2024-09-04T21:02:19.700+0000] {logging_mixin.py:190} INFO - [2024-09-04T21:02:19.700+0000] {dag.py:3211} INFO - Sync 1 DAGs
[2024-09-04T21:02:19.722+0000] {logging_mixin.py:190} INFO - [2024-09-04T21:02:19.722+0000] {dag.py:4138} INFO - Setting next_dagrun for example_task_group to 2024-09-03 00:00:00+00:00, run_after=2024-09-04 00:00:00+00:00
[2024-09-04T21:02:19.743+0000] {processor.py:208} INFO - Processing /home/airflow/.local/lib/python3.12/site-packages/airflow/example_dags/example_task_group.py took 0.081 seconds
[2024-09-04T21:02:50.312+0000] {processor.py:186} INFO - Started process (PID=404) to work on /home/airflow/.local/lib/python3.12/site-packages/airflow/example_dags/example_task_group.py
[2024-09-04T21:02:50.313+0000] {processor.py:914} INFO - Processing file /home/airflow/.local/lib/python3.12/site-packages/airflow/example_dags/example_task_group.py for tasks to queue
[2024-09-04T21:02:50.315+0000] {logging_mixin.py:190} INFO - [2024-09-04T21:02:50.315+0000] {dagbag.py:587} INFO - Filling up the DagBag from /home/airflow/.local/lib/python3.12/site-packages/airflow/example_dags/example_task_group.py
[2024-09-04T21:02:50.324+0000] {processor.py:925} INFO - DAG(s) 'example_task_group' retrieved from /home/airflow/.local/lib/python3.12/site-packages/airflow/example_dags/example_task_group.py
[2024-09-04T21:02:50.346+0000] {logging_mixin.py:190} INFO - [2024-09-04T21:02:50.345+0000] {dag.py:3211} INFO - Sync 1 DAGs
[2024-09-04T21:02:50.365+0000] {logging_mixin.py:190} INFO - [2024-09-04T21:02:50.365+0000] {dag.py:4138} INFO - Setting next_dagrun for example_task_group to 2024-09-03 00:00:00+00:00, run_after=2024-09-04 00:00:00+00:00
[2024-09-04T21:02:50.385+0000] {processor.py:208} INFO - Processing /home/airflow/.local/lib/python3.12/site-packages/airflow/example_dags/example_task_group.py took 0.078 seconds
[2024-09-04T21:03:22.241+0000] {processor.py:186} INFO - Started process (PID=466) to work on /home/airflow/.local/lib/python3.12/site-packages/airflow/example_dags/example_task_group.py
[2024-09-04T21:03:22.245+0000] {processor.py:914} INFO - Processing file /home/airflow/.local/lib/python3.12/site-packages/airflow/example_dags/example_task_group.py for tasks to queue
[2024-09-04T21:03:22.255+0000] {logging_mixin.py:190} INFO - [2024-09-04T21:03:22.254+0000] {dagbag.py:587} INFO - Filling up the DagBag from /home/airflow/.local/lib/python3.12/site-packages/airflow/example_dags/example_task_group.py
[2024-09-04T21:03:22.288+0000] {processor.py:925} INFO - DAG(s) 'example_task_group' retrieved from /home/airflow/.local/lib/python3.12/site-packages/airflow/example_dags/example_task_group.py
[2024-09-04T21:03:22.339+0000] {logging_mixin.py:190} INFO - [2024-09-04T21:03:22.339+0000] {dag.py:3211} INFO - Sync 1 DAGs
[2024-09-04T21:03:22.386+0000] {logging_mixin.py:190} INFO - [2024-09-04T21:03:22.386+0000] {dag.py:4138} INFO - Setting next_dagrun for example_task_group to 2024-09-03 00:00:00+00:00, run_after=2024-09-04 00:00:00+00:00
[2024-09-04T21:03:22.421+0000] {processor.py:208} INFO - Processing /home/airflow/.local/lib/python3.12/site-packages/airflow/example_dags/example_task_group.py took 0.203 seconds
[2024-09-04T21:03:52.955+0000] {processor.py:186} INFO - Started process (PID=528) to work on /home/airflow/.local/lib/python3.12/site-packages/airflow/example_dags/example_task_group.py
[2024-09-04T21:03:52.956+0000] {processor.py:914} INFO - Processing file /home/airflow/.local/lib/python3.12/site-packages/airflow/example_dags/example_task_group.py for tasks to queue
[2024-09-04T21:03:52.960+0000] {logging_mixin.py:190} INFO - [2024-09-04T21:03:52.959+0000] {dagbag.py:587} INFO - Filling up the DagBag from /home/airflow/.local/lib/python3.12/site-packages/airflow/example_dags/example_task_group.py
[2024-09-04T21:03:52.972+0000] {processor.py:925} INFO - DAG(s) 'example_task_group' retrieved from /home/airflow/.local/lib/python3.12/site-packages/airflow/example_dags/example_task_group.py
[2024-09-04T21:03:53.002+0000] {logging_mixin.py:190} INFO - [2024-09-04T21:03:53.002+0000] {dag.py:3211} INFO - Sync 1 DAGs
[2024-09-04T21:03:53.030+0000] {logging_mixin.py:190} INFO - [2024-09-04T21:03:53.030+0000] {dag.py:4138} INFO - Setting next_dagrun for example_task_group to 2024-09-03 00:00:00+00:00, run_after=2024-09-04 00:00:00+00:00
[2024-09-04T21:03:53.055+0000] {processor.py:208} INFO - Processing /home/airflow/.local/lib/python3.12/site-packages/airflow/example_dags/example_task_group.py took 0.107 seconds
[2024-09-04T21:04:23.931+0000] {processor.py:186} INFO - Started process (PID=590) to work on /home/airflow/.local/lib/python3.12/site-packages/airflow/example_dags/example_task_group.py
[2024-09-04T21:04:23.932+0000] {processor.py:914} INFO - Processing file /home/airflow/.local/lib/python3.12/site-packages/airflow/example_dags/example_task_group.py for tasks to queue
[2024-09-04T21:04:23.934+0000] {logging_mixin.py:190} INFO - [2024-09-04T21:04:23.934+0000] {dagbag.py:587} INFO - Filling up the DagBag from /home/airflow/.local/lib/python3.12/site-packages/airflow/example_dags/example_task_group.py
[2024-09-04T21:04:23.942+0000] {processor.py:925} INFO - DAG(s) 'example_task_group' retrieved from /home/airflow/.local/lib/python3.12/site-packages/airflow/example_dags/example_task_group.py
[2024-09-04T21:04:23.965+0000] {logging_mixin.py:190} INFO - [2024-09-04T21:04:23.964+0000] {dag.py:3211} INFO - Sync 1 DAGs
[2024-09-04T21:04:23.987+0000] {logging_mixin.py:190} INFO - [2024-09-04T21:04:23.987+0000] {dag.py:4138} INFO - Setting next_dagrun for example_task_group to 2024-09-03 00:00:00+00:00, run_after=2024-09-04 00:00:00+00:00
[2024-09-04T21:04:24.006+0000] {processor.py:208} INFO - Processing /home/airflow/.local/lib/python3.12/site-packages/airflow/example_dags/example_task_group.py took 0.080 seconds
[2024-09-04T21:04:54.174+0000] {processor.py:186} INFO - Started process (PID=651) to work on /home/airflow/.local/lib/python3.12/site-packages/airflow/example_dags/example_task_group.py
[2024-09-04T21:04:54.175+0000] {processor.py:914} INFO - Processing file /home/airflow/.local/lib/python3.12/site-packages/airflow/example_dags/example_task_group.py for tasks to queue
[2024-09-04T21:04:54.177+0000] {logging_mixin.py:190} INFO - [2024-09-04T21:04:54.177+0000] {dagbag.py:587} INFO - Filling up the DagBag from /home/airflow/.local/lib/python3.12/site-packages/airflow/example_dags/example_task_group.py
[2024-09-04T21:04:54.185+0000] {processor.py:925} INFO - DAG(s) 'example_task_group' retrieved from /home/airflow/.local/lib/python3.12/site-packages/airflow/example_dags/example_task_group.py
[2024-09-04T21:04:54.206+0000] {logging_mixin.py:190} INFO - [2024-09-04T21:04:54.206+0000] {dag.py:3211} INFO - Sync 1 DAGs
[2024-09-04T21:04:54.226+0000] {logging_mixin.py:190} INFO - [2024-09-04T21:04:54.225+0000] {dag.py:4138} INFO - Setting next_dagrun for example_task_group to 2024-09-03 00:00:00+00:00, run_after=2024-09-04 00:00:00+00:00
[2024-09-04T21:04:54.246+0000] {processor.py:208} INFO - Processing /home/airflow/.local/lib/python3.12/site-packages/airflow/example_dags/example_task_group.py took 0.078 seconds
[2024-09-04T21:05:24.502+0000] {processor.py:186} INFO - Started process (PID=713) to work on /home/airflow/.local/lib/python3.12/site-packages/airflow/example_dags/example_task_group.py
[2024-09-04T21:05:24.504+0000] {processor.py:914} INFO - Processing file /home/airflow/.local/lib/python3.12/site-packages/airflow/example_dags/example_task_group.py for tasks to queue
[2024-09-04T21:05:24.509+0000] {logging_mixin.py:190} INFO - [2024-09-04T21:05:24.508+0000] {dagbag.py:587} INFO - Filling up the DagBag from /home/airflow/.local/lib/python3.12/site-packages/airflow/example_dags/example_task_group.py
[2024-09-04T21:05:24.531+0000] {processor.py:925} INFO - DAG(s) 'example_task_group' retrieved from /home/airflow/.local/lib/python3.12/site-packages/airflow/example_dags/example_task_group.py
[2024-09-04T21:05:24.586+0000] {logging_mixin.py:190} INFO - [2024-09-04T21:05:24.585+0000] {dag.py:3211} INFO - Sync 1 DAGs
[2024-09-04T21:05:24.643+0000] {logging_mixin.py:190} INFO - [2024-09-04T21:05:24.642+0000] {dag.py:4138} INFO - Setting next_dagrun for example_task_group to 2024-09-03 00:00:00+00:00, run_after=2024-09-04 00:00:00+00:00
[2024-09-04T21:05:24.685+0000] {processor.py:208} INFO - Processing /home/airflow/.local/lib/python3.12/site-packages/airflow/example_dags/example_task_group.py took 0.200 seconds
[2024-09-04T21:05:55.637+0000] {processor.py:186} INFO - Started process (PID=782) to work on /home/airflow/.local/lib/python3.12/site-packages/airflow/example_dags/example_task_group.py
[2024-09-04T21:05:55.638+0000] {processor.py:914} INFO - Processing file /home/airflow/.local/lib/python3.12/site-packages/airflow/example_dags/example_task_group.py for tasks to queue
[2024-09-04T21:05:55.640+0000] {logging_mixin.py:190} INFO - [2024-09-04T21:05:55.640+0000] {dagbag.py:587} INFO - Filling up the DagBag from /home/airflow/.local/lib/python3.12/site-packages/airflow/example_dags/example_task_group.py
[2024-09-04T21:05:55.648+0000] {processor.py:925} INFO - DAG(s) 'example_task_group' retrieved from /home/airflow/.local/lib/python3.12/site-packages/airflow/example_dags/example_task_group.py
[2024-09-04T21:05:55.667+0000] {logging_mixin.py:190} INFO - [2024-09-04T21:05:55.667+0000] {dag.py:3211} INFO - Sync 1 DAGs
[2024-09-04T21:05:55.689+0000] {logging_mixin.py:190} INFO - [2024-09-04T21:05:55.689+0000] {dag.py:4138} INFO - Setting next_dagrun for example_task_group to 2024-09-03 00:00:00+00:00, run_after=2024-09-04 00:00:00+00:00
[2024-09-04T21:05:55.710+0000] {processor.py:208} INFO - Processing /home/airflow/.local/lib/python3.12/site-packages/airflow/example_dags/example_task_group.py took 0.077 seconds
[2024-09-04T21:06:26.583+0000] {processor.py:186} INFO - Started process (PID=843) to work on /home/airflow/.local/lib/python3.12/site-packages/airflow/example_dags/example_task_group.py
[2024-09-04T21:06:26.585+0000] {processor.py:914} INFO - Processing file /home/airflow/.local/lib/python3.12/site-packages/airflow/example_dags/example_task_group.py for tasks to queue
[2024-09-04T21:06:26.590+0000] {logging_mixin.py:190} INFO - [2024-09-04T21:06:26.590+0000] {dagbag.py:587} INFO - Filling up the DagBag from /home/airflow/.local/lib/python3.12/site-packages/airflow/example_dags/example_task_group.py
[2024-09-04T21:06:26.610+0000] {processor.py:925} INFO - DAG(s) 'example_task_group' retrieved from /home/airflow/.local/lib/python3.12/site-packages/airflow/example_dags/example_task_group.py
[2024-09-04T21:06:26.662+0000] {logging_mixin.py:190} INFO - [2024-09-04T21:06:26.659+0000] {dag.py:3211} INFO - Sync 1 DAGs
[2024-09-04T21:06:26.731+0000] {logging_mixin.py:190} INFO - [2024-09-04T21:06:26.729+0000] {dag.py:4138} INFO - Setting next_dagrun for example_task_group to 2024-09-03 00:00:00+00:00, run_after=2024-09-04 00:00:00+00:00
[2024-09-04T21:06:26.793+0000] {processor.py:208} INFO - Processing /home/airflow/.local/lib/python3.12/site-packages/airflow/example_dags/example_task_group.py took 0.226 seconds
[2024-09-04T21:06:57.421+0000] {processor.py:186} INFO - Started process (PID=905) to work on /home/airflow/.local/lib/python3.12/site-packages/airflow/example_dags/example_task_group.py
[2024-09-04T21:06:57.423+0000] {processor.py:914} INFO - Processing file /home/airflow/.local/lib/python3.12/site-packages/airflow/example_dags/example_task_group.py for tasks to queue
[2024-09-04T21:06:57.430+0000] {logging_mixin.py:190} INFO - [2024-09-04T21:06:57.429+0000] {dagbag.py:587} INFO - Filling up the DagBag from /home/airflow/.local/lib/python3.12/site-packages/airflow/example_dags/example_task_group.py
[2024-09-04T21:06:57.460+0000] {processor.py:925} INFO - DAG(s) 'example_task_group' retrieved from /home/airflow/.local/lib/python3.12/site-packages/airflow/example_dags/example_task_group.py
[2024-09-04T21:06:57.505+0000] {logging_mixin.py:190} INFO - [2024-09-04T21:06:57.505+0000] {dag.py:3211} INFO - Sync 1 DAGs
[2024-09-04T21:06:57.563+0000] {logging_mixin.py:190} INFO - [2024-09-04T21:06:57.562+0000] {dag.py:4138} INFO - Setting next_dagrun for example_task_group to 2024-09-03 00:00:00+00:00, run_after=2024-09-04 00:00:00+00:00
[2024-09-04T21:06:57.629+0000] {processor.py:208} INFO - Processing /home/airflow/.local/lib/python3.12/site-packages/airflow/example_dags/example_task_group.py took 0.224 seconds
[2024-09-04T21:07:27.784+0000] {processor.py:186} INFO - Started process (PID=966) to work on /home/airflow/.local/lib/python3.12/site-packages/airflow/example_dags/example_task_group.py
[2024-09-04T21:07:27.785+0000] {processor.py:914} INFO - Processing file /home/airflow/.local/lib/python3.12/site-packages/airflow/example_dags/example_task_group.py for tasks to queue
[2024-09-04T21:07:27.787+0000] {logging_mixin.py:190} INFO - [2024-09-04T21:07:27.787+0000] {dagbag.py:587} INFO - Filling up the DagBag from /home/airflow/.local/lib/python3.12/site-packages/airflow/example_dags/example_task_group.py
[2024-09-04T21:07:27.796+0000] {processor.py:925} INFO - DAG(s) 'example_task_group' retrieved from /home/airflow/.local/lib/python3.12/site-packages/airflow/example_dags/example_task_group.py
[2024-09-04T21:07:27.823+0000] {logging_mixin.py:190} INFO - [2024-09-04T21:07:27.823+0000] {dag.py:3211} INFO - Sync 1 DAGs
[2024-09-04T21:07:27.850+0000] {logging_mixin.py:190} INFO - [2024-09-04T21:07:27.849+0000] {dag.py:4138} INFO - Setting next_dagrun for example_task_group to 2024-09-03 00:00:00+00:00, run_after=2024-09-04 00:00:00+00:00
[2024-09-04T21:07:27.877+0000] {processor.py:208} INFO - Processing /home/airflow/.local/lib/python3.12/site-packages/airflow/example_dags/example_task_group.py took 0.102 seconds
[2024-09-04T21:07:58.274+0000] {processor.py:186} INFO - Started process (PID=1029) to work on /home/airflow/.local/lib/python3.12/site-packages/airflow/example_dags/example_task_group.py
[2024-09-04T21:07:58.275+0000] {processor.py:914} INFO - Processing file /home/airflow/.local/lib/python3.12/site-packages/airflow/example_dags/example_task_group.py for tasks to queue
[2024-09-04T21:07:58.277+0000] {logging_mixin.py:190} INFO - [2024-09-04T21:07:58.277+0000] {dagbag.py:587} INFO - Filling up the DagBag from /home/airflow/.local/lib/python3.12/site-packages/airflow/example_dags/example_task_group.py
[2024-09-04T21:07:58.286+0000] {processor.py:925} INFO - DAG(s) 'example_task_group' retrieved from /home/airflow/.local/lib/python3.12/site-packages/airflow/example_dags/example_task_group.py
[2024-09-04T21:07:58.308+0000] {logging_mixin.py:190} INFO - [2024-09-04T21:07:58.307+0000] {dag.py:3211} INFO - Sync 1 DAGs
[2024-09-04T21:07:58.331+0000] {logging_mixin.py:190} INFO - [2024-09-04T21:07:58.331+0000] {dag.py:4138} INFO - Setting next_dagrun for example_task_group to 2024-09-03 00:00:00+00:00, run_after=2024-09-04 00:00:00+00:00
[2024-09-04T21:07:58.350+0000] {processor.py:208} INFO - Processing /home/airflow/.local/lib/python3.12/site-packages/airflow/example_dags/example_task_group.py took 0.082 seconds
[2024-09-04T21:08:29.136+0000] {processor.py:186} INFO - Started process (PID=1091) to work on /home/airflow/.local/lib/python3.12/site-packages/airflow/example_dags/example_task_group.py
[2024-09-04T21:08:29.138+0000] {processor.py:914} INFO - Processing file /home/airflow/.local/lib/python3.12/site-packages/airflow/example_dags/example_task_group.py for tasks to queue
[2024-09-04T21:08:29.140+0000] {logging_mixin.py:190} INFO - [2024-09-04T21:08:29.140+0000] {dagbag.py:587} INFO - Filling up the DagBag from /home/airflow/.local/lib/python3.12/site-packages/airflow/example_dags/example_task_group.py
[2024-09-04T21:08:29.149+0000] {processor.py:925} INFO - DAG(s) 'example_task_group' retrieved from /home/airflow/.local/lib/python3.12/site-packages/airflow/example_dags/example_task_group.py
[2024-09-04T21:08:29.171+0000] {logging_mixin.py:190} INFO - [2024-09-04T21:08:29.171+0000] {dag.py:3211} INFO - Sync 1 DAGs
[2024-09-04T21:08:29.190+0000] {logging_mixin.py:190} INFO - [2024-09-04T21:08:29.190+0000] {dag.py:4138} INFO - Setting next_dagrun for example_task_group to 2024-09-03 00:00:00+00:00, run_after=2024-09-04 00:00:00+00:00
[2024-09-04T21:08:29.208+0000] {processor.py:208} INFO - Processing /home/airflow/.local/lib/python3.12/site-packages/airflow/example_dags/example_task_group.py took 0.076 seconds
[2024-09-04T21:08:59.707+0000] {processor.py:186} INFO - Started process (PID=1153) to work on /home/airflow/.local/lib/python3.12/site-packages/airflow/example_dags/example_task_group.py
[2024-09-04T21:08:59.708+0000] {processor.py:914} INFO - Processing file /home/airflow/.local/lib/python3.12/site-packages/airflow/example_dags/example_task_group.py for tasks to queue
[2024-09-04T21:08:59.710+0000] {logging_mixin.py:190} INFO - [2024-09-04T21:08:59.710+0000] {dagbag.py:587} INFO - Filling up the DagBag from /home/airflow/.local/lib/python3.12/site-packages/airflow/example_dags/example_task_group.py
[2024-09-04T21:08:59.718+0000] {processor.py:925} INFO - DAG(s) 'example_task_group' retrieved from /home/airflow/.local/lib/python3.12/site-packages/airflow/example_dags/example_task_group.py
[2024-09-04T21:08:59.739+0000] {logging_mixin.py:190} INFO - [2024-09-04T21:08:59.738+0000] {dag.py:3211} INFO - Sync 1 DAGs
[2024-09-04T21:08:59.756+0000] {logging_mixin.py:190} INFO - [2024-09-04T21:08:59.756+0000] {dag.py:4138} INFO - Setting next_dagrun for example_task_group to 2024-09-03 00:00:00+00:00, run_after=2024-09-04 00:00:00+00:00
[2024-09-04T21:08:59.774+0000] {processor.py:208} INFO - Processing /home/airflow/.local/lib/python3.12/site-packages/airflow/example_dags/example_task_group.py took 0.071 seconds
[2024-09-04T21:09:30.075+0000] {processor.py:186} INFO - Started process (PID=1215) to work on /home/airflow/.local/lib/python3.12/site-packages/airflow/example_dags/example_task_group.py
[2024-09-04T21:09:30.077+0000] {processor.py:914} INFO - Processing file /home/airflow/.local/lib/python3.12/site-packages/airflow/example_dags/example_task_group.py for tasks to queue
[2024-09-04T21:09:30.079+0000] {logging_mixin.py:190} INFO - [2024-09-04T21:09:30.078+0000] {dagbag.py:587} INFO - Filling up the DagBag from /home/airflow/.local/lib/python3.12/site-packages/airflow/example_dags/example_task_group.py
[2024-09-04T21:09:30.086+0000] {processor.py:925} INFO - DAG(s) 'example_task_group' retrieved from /home/airflow/.local/lib/python3.12/site-packages/airflow/example_dags/example_task_group.py
[2024-09-04T21:09:30.106+0000] {logging_mixin.py:190} INFO - [2024-09-04T21:09:30.105+0000] {dag.py:3211} INFO - Sync 1 DAGs
[2024-09-04T21:09:30.124+0000] {logging_mixin.py:190} INFO - [2024-09-04T21:09:30.123+0000] {dag.py:4138} INFO - Setting next_dagrun for example_task_group to 2024-09-03 00:00:00+00:00, run_after=2024-09-04 00:00:00+00:00
[2024-09-04T21:09:30.145+0000] {processor.py:208} INFO - Processing /home/airflow/.local/lib/python3.12/site-packages/airflow/example_dags/example_task_group.py took 0.074 seconds
[2024-09-04T21:10:00.498+0000] {processor.py:186} INFO - Started process (PID=1277) to work on /home/airflow/.local/lib/python3.12/site-packages/airflow/example_dags/example_task_group.py
[2024-09-04T21:10:00.499+0000] {processor.py:914} INFO - Processing file /home/airflow/.local/lib/python3.12/site-packages/airflow/example_dags/example_task_group.py for tasks to queue
[2024-09-04T21:10:00.501+0000] {logging_mixin.py:190} INFO - [2024-09-04T21:10:00.500+0000] {dagbag.py:587} INFO - Filling up the DagBag from /home/airflow/.local/lib/python3.12/site-packages/airflow/example_dags/example_task_group.py
[2024-09-04T21:10:00.508+0000] {processor.py:925} INFO - DAG(s) 'example_task_group' retrieved from /home/airflow/.local/lib/python3.12/site-packages/airflow/example_dags/example_task_group.py
[2024-09-04T21:10:00.527+0000] {logging_mixin.py:190} INFO - [2024-09-04T21:10:00.527+0000] {dag.py:3211} INFO - Sync 1 DAGs
[2024-09-04T21:10:00.545+0000] {logging_mixin.py:190} INFO - [2024-09-04T21:10:00.545+0000] {dag.py:4138} INFO - Setting next_dagrun for example_task_group to 2024-09-03 00:00:00+00:00, run_after=2024-09-04 00:00:00+00:00
[2024-09-04T21:10:00.564+0000] {processor.py:208} INFO - Processing /home/airflow/.local/lib/python3.12/site-packages/airflow/example_dags/example_task_group.py took 0.071 seconds
[2024-09-04T21:10:31.069+0000] {processor.py:186} INFO - Started process (PID=1340) to work on /home/airflow/.local/lib/python3.12/site-packages/airflow/example_dags/example_task_group.py
[2024-09-04T21:10:31.070+0000] {processor.py:914} INFO - Processing file /home/airflow/.local/lib/python3.12/site-packages/airflow/example_dags/example_task_group.py for tasks to queue
[2024-09-04T21:10:31.073+0000] {logging_mixin.py:190} INFO - [2024-09-04T21:10:31.073+0000] {dagbag.py:587} INFO - Filling up the DagBag from /home/airflow/.local/lib/python3.12/site-packages/airflow/example_dags/example_task_group.py
[2024-09-04T21:10:31.082+0000] {processor.py:925} INFO - DAG(s) 'example_task_group' retrieved from /home/airflow/.local/lib/python3.12/site-packages/airflow/example_dags/example_task_group.py
[2024-09-04T21:10:31.101+0000] {logging_mixin.py:190} INFO - [2024-09-04T21:10:31.101+0000] {dag.py:3211} INFO - Sync 1 DAGs
[2024-09-04T21:10:31.121+0000] {logging_mixin.py:190} INFO - [2024-09-04T21:10:31.121+0000] {dag.py:4138} INFO - Setting next_dagrun for example_task_group to 2024-09-03 00:00:00+00:00, run_after=2024-09-04 00:00:00+00:00
[2024-09-04T21:10:31.140+0000] {processor.py:208} INFO - Processing /home/airflow/.local/lib/python3.12/site-packages/airflow/example_dags/example_task_group.py took 0.076 seconds
[2024-09-04T21:11:01.596+0000] {processor.py:186} INFO - Started process (PID=1403) to work on /home/airflow/.local/lib/python3.12/site-packages/airflow/example_dags/example_task_group.py
[2024-09-04T21:11:01.597+0000] {processor.py:914} INFO - Processing file /home/airflow/.local/lib/python3.12/site-packages/airflow/example_dags/example_task_group.py for tasks to queue
[2024-09-04T21:11:01.600+0000] {logging_mixin.py:190} INFO - [2024-09-04T21:11:01.600+0000] {dagbag.py:587} INFO - Filling up the DagBag from /home/airflow/.local/lib/python3.12/site-packages/airflow/example_dags/example_task_group.py
[2024-09-04T21:11:01.609+0000] {processor.py:925} INFO - DAG(s) 'example_task_group' retrieved from /home/airflow/.local/lib/python3.12/site-packages/airflow/example_dags/example_task_group.py
[2024-09-04T21:11:01.630+0000] {logging_mixin.py:190} INFO - [2024-09-04T21:11:01.630+0000] {dag.py:3211} INFO - Sync 1 DAGs
[2024-09-04T21:11:01.649+0000] {logging_mixin.py:190} INFO - [2024-09-04T21:11:01.649+0000] {dag.py:4138} INFO - Setting next_dagrun for example_task_group to 2024-09-03 00:00:00+00:00, run_after=2024-09-04 00:00:00+00:00
[2024-09-04T21:11:01.673+0000] {processor.py:208} INFO - Processing /home/airflow/.local/lib/python3.12/site-packages/airflow/example_dags/example_task_group.py took 0.082 seconds
[2024-09-04T21:11:31.778+0000] {processor.py:186} INFO - Started process (PID=1466) to work on /home/airflow/.local/lib/python3.12/site-packages/airflow/example_dags/example_task_group.py
[2024-09-04T21:11:31.779+0000] {processor.py:914} INFO - Processing file /home/airflow/.local/lib/python3.12/site-packages/airflow/example_dags/example_task_group.py for tasks to queue
[2024-09-04T21:11:31.781+0000] {logging_mixin.py:190} INFO - [2024-09-04T21:11:31.781+0000] {dagbag.py:587} INFO - Filling up the DagBag from /home/airflow/.local/lib/python3.12/site-packages/airflow/example_dags/example_task_group.py
[2024-09-04T21:11:31.790+0000] {processor.py:925} INFO - DAG(s) 'example_task_group' retrieved from /home/airflow/.local/lib/python3.12/site-packages/airflow/example_dags/example_task_group.py
[2024-09-04T21:11:31.812+0000] {logging_mixin.py:190} INFO - [2024-09-04T21:11:31.811+0000] {dag.py:3211} INFO - Sync 1 DAGs
[2024-09-04T21:11:31.832+0000] {logging_mixin.py:190} INFO - [2024-09-04T21:11:31.831+0000] {dag.py:4138} INFO - Setting next_dagrun for example_task_group to 2024-09-03 00:00:00+00:00, run_after=2024-09-04 00:00:00+00:00
[2024-09-04T21:11:31.853+0000] {processor.py:208} INFO - Processing /home/airflow/.local/lib/python3.12/site-packages/airflow/example_dags/example_task_group.py took 0.080 seconds
[2024-09-04T21:12:02.218+0000] {processor.py:186} INFO - Started process (PID=1529) to work on /home/airflow/.local/lib/python3.12/site-packages/airflow/example_dags/example_task_group.py
[2024-09-04T21:12:02.219+0000] {processor.py:914} INFO - Processing file /home/airflow/.local/lib/python3.12/site-packages/airflow/example_dags/example_task_group.py for tasks to queue
[2024-09-04T21:12:02.221+0000] {logging_mixin.py:190} INFO - [2024-09-04T21:12:02.221+0000] {dagbag.py:587} INFO - Filling up the DagBag from /home/airflow/.local/lib/python3.12/site-packages/airflow/example_dags/example_task_group.py
[2024-09-04T21:12:02.231+0000] {processor.py:925} INFO - DAG(s) 'example_task_group' retrieved from /home/airflow/.local/lib/python3.12/site-packages/airflow/example_dags/example_task_group.py
[2024-09-04T21:12:02.252+0000] {logging_mixin.py:190} INFO - [2024-09-04T21:12:02.251+0000] {dag.py:3211} INFO - Sync 1 DAGs
[2024-09-04T21:12:02.276+0000] {logging_mixin.py:190} INFO - [2024-09-04T21:12:02.276+0000] {dag.py:4138} INFO - Setting next_dagrun for example_task_group to 2024-09-03 00:00:00+00:00, run_after=2024-09-04 00:00:00+00:00
[2024-09-04T21:12:02.297+0000] {processor.py:208} INFO - Processing /home/airflow/.local/lib/python3.12/site-packages/airflow/example_dags/example_task_group.py took 0.085 seconds
[2024-09-04T21:12:32.962+0000] {processor.py:186} INFO - Started process (PID=1593) to work on /home/airflow/.local/lib/python3.12/site-packages/airflow/example_dags/example_task_group.py
[2024-09-04T21:12:32.963+0000] {processor.py:914} INFO - Processing file /home/airflow/.local/lib/python3.12/site-packages/airflow/example_dags/example_task_group.py for tasks to queue
[2024-09-04T21:12:32.966+0000] {logging_mixin.py:190} INFO - [2024-09-04T21:12:32.966+0000] {dagbag.py:587} INFO - Filling up the DagBag from /home/airflow/.local/lib/python3.12/site-packages/airflow/example_dags/example_task_group.py
[2024-09-04T21:12:32.977+0000] {processor.py:925} INFO - DAG(s) 'example_task_group' retrieved from /home/airflow/.local/lib/python3.12/site-packages/airflow/example_dags/example_task_group.py
[2024-09-04T21:12:33.000+0000] {logging_mixin.py:190} INFO - [2024-09-04T21:12:33.000+0000] {dag.py:3211} INFO - Sync 1 DAGs
[2024-09-04T21:12:33.021+0000] {logging_mixin.py:190} INFO - [2024-09-04T21:12:33.021+0000] {dag.py:4138} INFO - Setting next_dagrun for example_task_group to 2024-09-03 00:00:00+00:00, run_after=2024-09-04 00:00:00+00:00
[2024-09-04T21:12:33.041+0000] {processor.py:208} INFO - Processing /home/airflow/.local/lib/python3.12/site-packages/airflow/example_dags/example_task_group.py took 0.085 seconds
[2024-09-04T21:13:03.813+0000] {processor.py:186} INFO - Started process (PID=1656) to work on /home/airflow/.local/lib/python3.12/site-packages/airflow/example_dags/example_task_group.py
[2024-09-04T21:13:03.814+0000] {processor.py:914} INFO - Processing file /home/airflow/.local/lib/python3.12/site-packages/airflow/example_dags/example_task_group.py for tasks to queue
[2024-09-04T21:13:03.816+0000] {logging_mixin.py:190} INFO - [2024-09-04T21:13:03.816+0000] {dagbag.py:587} INFO - Filling up the DagBag from /home/airflow/.local/lib/python3.12/site-packages/airflow/example_dags/example_task_group.py
[2024-09-04T21:13:03.825+0000] {processor.py:925} INFO - DAG(s) 'example_task_group' retrieved from /home/airflow/.local/lib/python3.12/site-packages/airflow/example_dags/example_task_group.py
[2024-09-04T21:13:03.844+0000] {logging_mixin.py:190} INFO - [2024-09-04T21:13:03.844+0000] {dag.py:3211} INFO - Sync 1 DAGs
[2024-09-04T21:13:03.862+0000] {logging_mixin.py:190} INFO - [2024-09-04T21:13:03.862+0000] {dag.py:4138} INFO - Setting next_dagrun for example_task_group to 2024-09-03 00:00:00+00:00, run_after=2024-09-04 00:00:00+00:00
[2024-09-04T21:13:03.890+0000] {processor.py:208} INFO - Processing /home/airflow/.local/lib/python3.12/site-packages/airflow/example_dags/example_task_group.py took 0.082 seconds
[2024-09-04T21:13:34.901+0000] {processor.py:186} INFO - Started process (PID=1719) to work on /home/airflow/.local/lib/python3.12/site-packages/airflow/example_dags/example_task_group.py
[2024-09-04T21:13:34.902+0000] {processor.py:914} INFO - Processing file /home/airflow/.local/lib/python3.12/site-packages/airflow/example_dags/example_task_group.py for tasks to queue
[2024-09-04T21:13:34.904+0000] {logging_mixin.py:190} INFO - [2024-09-04T21:13:34.904+0000] {dagbag.py:587} INFO - Filling up the DagBag from /home/airflow/.local/lib/python3.12/site-packages/airflow/example_dags/example_task_group.py
[2024-09-04T21:13:34.913+0000] {processor.py:925} INFO - DAG(s) 'example_task_group' retrieved from /home/airflow/.local/lib/python3.12/site-packages/airflow/example_dags/example_task_group.py
[2024-09-04T21:13:34.932+0000] {logging_mixin.py:190} INFO - [2024-09-04T21:13:34.932+0000] {dag.py:3211} INFO - Sync 1 DAGs
[2024-09-04T21:13:34.952+0000] {logging_mixin.py:190} INFO - [2024-09-04T21:13:34.952+0000] {dag.py:4138} INFO - Setting next_dagrun for example_task_group to 2024-09-03 00:00:00+00:00, run_after=2024-09-04 00:00:00+00:00
[2024-09-04T21:13:34.973+0000] {processor.py:208} INFO - Processing /home/airflow/.local/lib/python3.12/site-packages/airflow/example_dags/example_task_group.py took 0.077 seconds
[2024-09-04T21:14:05.697+0000] {processor.py:186} INFO - Started process (PID=1782) to work on /home/airflow/.local/lib/python3.12/site-packages/airflow/example_dags/example_task_group.py
[2024-09-04T21:14:05.698+0000] {processor.py:914} INFO - Processing file /home/airflow/.local/lib/python3.12/site-packages/airflow/example_dags/example_task_group.py for tasks to queue
[2024-09-04T21:14:05.700+0000] {logging_mixin.py:190} INFO - [2024-09-04T21:14:05.700+0000] {dagbag.py:587} INFO - Filling up the DagBag from /home/airflow/.local/lib/python3.12/site-packages/airflow/example_dags/example_task_group.py
[2024-09-04T21:14:05.708+0000] {processor.py:925} INFO - DAG(s) 'example_task_group' retrieved from /home/airflow/.local/lib/python3.12/site-packages/airflow/example_dags/example_task_group.py
[2024-09-04T21:14:05.730+0000] {logging_mixin.py:190} INFO - [2024-09-04T21:14:05.730+0000] {dag.py:3211} INFO - Sync 1 DAGs
[2024-09-04T21:14:05.750+0000] {logging_mixin.py:190} INFO - [2024-09-04T21:14:05.750+0000] {dag.py:4138} INFO - Setting next_dagrun for example_task_group to 2024-09-03 00:00:00+00:00, run_after=2024-09-04 00:00:00+00:00
[2024-09-04T21:14:05.769+0000] {processor.py:208} INFO - Processing /home/airflow/.local/lib/python3.12/site-packages/airflow/example_dags/example_task_group.py took 0.077 seconds
[2024-09-04T21:14:36.561+0000] {processor.py:186} INFO - Started process (PID=1845) to work on /home/airflow/.local/lib/python3.12/site-packages/airflow/example_dags/example_task_group.py
[2024-09-04T21:14:36.562+0000] {processor.py:914} INFO - Processing file /home/airflow/.local/lib/python3.12/site-packages/airflow/example_dags/example_task_group.py for tasks to queue
[2024-09-04T21:14:36.565+0000] {logging_mixin.py:190} INFO - [2024-09-04T21:14:36.564+0000] {dagbag.py:587} INFO - Filling up the DagBag from /home/airflow/.local/lib/python3.12/site-packages/airflow/example_dags/example_task_group.py
[2024-09-04T21:14:36.574+0000] {processor.py:925} INFO - DAG(s) 'example_task_group' retrieved from /home/airflow/.local/lib/python3.12/site-packages/airflow/example_dags/example_task_group.py
[2024-09-04T21:14:36.596+0000] {logging_mixin.py:190} INFO - [2024-09-04T21:14:36.596+0000] {dag.py:3211} INFO - Sync 1 DAGs
[2024-09-04T21:14:36.617+0000] {logging_mixin.py:190} INFO - [2024-09-04T21:14:36.617+0000] {dag.py:4138} INFO - Setting next_dagrun for example_task_group to 2024-09-03 00:00:00+00:00, run_after=2024-09-04 00:00:00+00:00
[2024-09-04T21:14:36.639+0000] {processor.py:208} INFO - Processing /home/airflow/.local/lib/python3.12/site-packages/airflow/example_dags/example_task_group.py took 0.084 seconds
[2024-09-04T21:15:08.288+0000] {processor.py:186} INFO - Started process (PID=1908) to work on /home/airflow/.local/lib/python3.12/site-packages/airflow/example_dags/example_task_group.py
[2024-09-04T21:15:08.291+0000] {processor.py:914} INFO - Processing file /home/airflow/.local/lib/python3.12/site-packages/airflow/example_dags/example_task_group.py for tasks to queue
[2024-09-04T21:15:08.298+0000] {logging_mixin.py:190} INFO - [2024-09-04T21:15:08.297+0000] {dagbag.py:587} INFO - Filling up the DagBag from /home/airflow/.local/lib/python3.12/site-packages/airflow/example_dags/example_task_group.py
[2024-09-04T21:15:08.330+0000] {processor.py:925} INFO - DAG(s) 'example_task_group' retrieved from /home/airflow/.local/lib/python3.12/site-packages/airflow/example_dags/example_task_group.py
[2024-09-04T21:15:08.397+0000] {logging_mixin.py:190} INFO - [2024-09-04T21:15:08.396+0000] {dag.py:3211} INFO - Sync 1 DAGs
[2024-09-04T21:15:08.470+0000] {logging_mixin.py:190} INFO - [2024-09-04T21:15:08.469+0000] {dag.py:4138} INFO - Setting next_dagrun for example_task_group to 2024-09-03 00:00:00+00:00, run_after=2024-09-04 00:00:00+00:00
[2024-09-04T21:15:08.525+0000] {processor.py:208} INFO - Processing /home/airflow/.local/lib/python3.12/site-packages/airflow/example_dags/example_task_group.py took 0.255 seconds
[2024-09-04T21:15:39.161+0000] {processor.py:186} INFO - Started process (PID=1971) to work on /home/airflow/.local/lib/python3.12/site-packages/airflow/example_dags/example_task_group.py
[2024-09-04T21:15:39.163+0000] {processor.py:914} INFO - Processing file /home/airflow/.local/lib/python3.12/site-packages/airflow/example_dags/example_task_group.py for tasks to queue
[2024-09-04T21:15:39.167+0000] {logging_mixin.py:190} INFO - [2024-09-04T21:15:39.167+0000] {dagbag.py:587} INFO - Filling up the DagBag from /home/airflow/.local/lib/python3.12/site-packages/airflow/example_dags/example_task_group.py
[2024-09-04T21:15:39.183+0000] {processor.py:925} INFO - DAG(s) 'example_task_group' retrieved from /home/airflow/.local/lib/python3.12/site-packages/airflow/example_dags/example_task_group.py
[2024-09-04T21:15:39.217+0000] {logging_mixin.py:190} INFO - [2024-09-04T21:15:39.216+0000] {dag.py:3211} INFO - Sync 1 DAGs
[2024-09-04T21:15:39.252+0000] {logging_mixin.py:190} INFO - [2024-09-04T21:15:39.252+0000] {dag.py:4138} INFO - Setting next_dagrun for example_task_group to 2024-09-03 00:00:00+00:00, run_after=2024-09-04 00:00:00+00:00
[2024-09-04T21:15:39.282+0000] {processor.py:208} INFO - Processing /home/airflow/.local/lib/python3.12/site-packages/airflow/example_dags/example_task_group.py took 0.130 seconds
[2024-09-04T21:16:10.000+0000] {processor.py:186} INFO - Started process (PID=2035) to work on /home/airflow/.local/lib/python3.12/site-packages/airflow/example_dags/example_task_group.py
[2024-09-04T21:16:10.002+0000] {processor.py:914} INFO - Processing file /home/airflow/.local/lib/python3.12/site-packages/airflow/example_dags/example_task_group.py for tasks to queue
[2024-09-04T21:16:10.004+0000] {logging_mixin.py:190} INFO - [2024-09-04T21:16:10.004+0000] {dagbag.py:587} INFO - Filling up the DagBag from /home/airflow/.local/lib/python3.12/site-packages/airflow/example_dags/example_task_group.py
[2024-09-04T21:16:10.015+0000] {processor.py:925} INFO - DAG(s) 'example_task_group' retrieved from /home/airflow/.local/lib/python3.12/site-packages/airflow/example_dags/example_task_group.py
[2024-09-04T21:16:10.038+0000] {logging_mixin.py:190} INFO - [2024-09-04T21:16:10.037+0000] {dag.py:3211} INFO - Sync 1 DAGs
[2024-09-04T21:16:10.057+0000] {logging_mixin.py:190} INFO - [2024-09-04T21:16:10.057+0000] {dag.py:4138} INFO - Setting next_dagrun for example_task_group to 2024-09-03 00:00:00+00:00, run_after=2024-09-04 00:00:00+00:00
[2024-09-04T21:16:10.077+0000] {processor.py:208} INFO - Processing /home/airflow/.local/lib/python3.12/site-packages/airflow/example_dags/example_task_group.py took 0.083 seconds
[2024-09-04T21:16:40.371+0000] {processor.py:186} INFO - Started process (PID=2098) to work on /home/airflow/.local/lib/python3.12/site-packages/airflow/example_dags/example_task_group.py
[2024-09-04T21:16:40.373+0000] {processor.py:914} INFO - Processing file /home/airflow/.local/lib/python3.12/site-packages/airflow/example_dags/example_task_group.py for tasks to queue
[2024-09-04T21:16:40.375+0000] {logging_mixin.py:190} INFO - [2024-09-04T21:16:40.375+0000] {dagbag.py:587} INFO - Filling up the DagBag from /home/airflow/.local/lib/python3.12/site-packages/airflow/example_dags/example_task_group.py
[2024-09-04T21:16:40.385+0000] {processor.py:925} INFO - DAG(s) 'example_task_group' retrieved from /home/airflow/.local/lib/python3.12/site-packages/airflow/example_dags/example_task_group.py
[2024-09-04T21:16:40.408+0000] {logging_mixin.py:190} INFO - [2024-09-04T21:16:40.408+0000] {dag.py:3211} INFO - Sync 1 DAGs
[2024-09-04T21:16:40.429+0000] {logging_mixin.py:190} INFO - [2024-09-04T21:16:40.428+0000] {dag.py:4138} INFO - Setting next_dagrun for example_task_group to 2024-09-03 00:00:00+00:00, run_after=2024-09-04 00:00:00+00:00
[2024-09-04T21:16:40.453+0000] {processor.py:208} INFO - Processing /home/airflow/.local/lib/python3.12/site-packages/airflow/example_dags/example_task_group.py took 0.087 seconds
[2024-09-04T21:17:10.921+0000] {processor.py:186} INFO - Started process (PID=2161) to work on /home/airflow/.local/lib/python3.12/site-packages/airflow/example_dags/example_task_group.py
[2024-09-04T21:17:10.922+0000] {processor.py:914} INFO - Processing file /home/airflow/.local/lib/python3.12/site-packages/airflow/example_dags/example_task_group.py for tasks to queue
[2024-09-04T21:17:10.925+0000] {logging_mixin.py:190} INFO - [2024-09-04T21:17:10.925+0000] {dagbag.py:587} INFO - Filling up the DagBag from /home/airflow/.local/lib/python3.12/site-packages/airflow/example_dags/example_task_group.py
[2024-09-04T21:17:10.937+0000] {processor.py:925} INFO - DAG(s) 'example_task_group' retrieved from /home/airflow/.local/lib/python3.12/site-packages/airflow/example_dags/example_task_group.py
[2024-09-04T21:17:10.964+0000] {logging_mixin.py:190} INFO - [2024-09-04T21:17:10.963+0000] {dag.py:3211} INFO - Sync 1 DAGs
[2024-09-04T21:17:10.991+0000] {logging_mixin.py:190} INFO - [2024-09-04T21:17:10.991+0000] {dag.py:4138} INFO - Setting next_dagrun for example_task_group to 2024-09-03 00:00:00+00:00, run_after=2024-09-04 00:00:00+00:00
[2024-09-04T21:17:11.014+0000] {processor.py:208} INFO - Processing /home/airflow/.local/lib/python3.12/site-packages/airflow/example_dags/example_task_group.py took 0.099 seconds
[2024-09-04T21:17:41.072+0000] {processor.py:186} INFO - Started process (PID=2224) to work on /home/airflow/.local/lib/python3.12/site-packages/airflow/example_dags/example_task_group.py
[2024-09-04T21:17:41.073+0000] {processor.py:914} INFO - Processing file /home/airflow/.local/lib/python3.12/site-packages/airflow/example_dags/example_task_group.py for tasks to queue
[2024-09-04T21:17:41.076+0000] {logging_mixin.py:190} INFO - [2024-09-04T21:17:41.075+0000] {dagbag.py:587} INFO - Filling up the DagBag from /home/airflow/.local/lib/python3.12/site-packages/airflow/example_dags/example_task_group.py
[2024-09-04T21:17:41.085+0000] {processor.py:925} INFO - DAG(s) 'example_task_group' retrieved from /home/airflow/.local/lib/python3.12/site-packages/airflow/example_dags/example_task_group.py
[2024-09-04T21:17:41.105+0000] {logging_mixin.py:190} INFO - [2024-09-04T21:17:41.105+0000] {dag.py:3211} INFO - Sync 1 DAGs
[2024-09-04T21:17:41.124+0000] {logging_mixin.py:190} INFO - [2024-09-04T21:17:41.124+0000] {dag.py:4138} INFO - Setting next_dagrun for example_task_group to 2024-09-03 00:00:00+00:00, run_after=2024-09-04 00:00:00+00:00
[2024-09-04T21:17:41.145+0000] {processor.py:208} INFO - Processing /home/airflow/.local/lib/python3.12/site-packages/airflow/example_dags/example_task_group.py took 0.079 seconds
[2024-09-04T21:18:11.312+0000] {processor.py:186} INFO - Started process (PID=2287) to work on /home/airflow/.local/lib/python3.12/site-packages/airflow/example_dags/example_task_group.py
[2024-09-04T21:18:11.313+0000] {processor.py:914} INFO - Processing file /home/airflow/.local/lib/python3.12/site-packages/airflow/example_dags/example_task_group.py for tasks to queue
[2024-09-04T21:18:11.316+0000] {logging_mixin.py:190} INFO - [2024-09-04T21:18:11.316+0000] {dagbag.py:587} INFO - Filling up the DagBag from /home/airflow/.local/lib/python3.12/site-packages/airflow/example_dags/example_task_group.py
[2024-09-04T21:18:11.326+0000] {processor.py:925} INFO - DAG(s) 'example_task_group' retrieved from /home/airflow/.local/lib/python3.12/site-packages/airflow/example_dags/example_task_group.py
[2024-09-04T21:18:11.347+0000] {logging_mixin.py:190} INFO - [2024-09-04T21:18:11.347+0000] {dag.py:3211} INFO - Sync 1 DAGs
[2024-09-04T21:18:11.366+0000] {logging_mixin.py:190} INFO - [2024-09-04T21:18:11.366+0000] {dag.py:4138} INFO - Setting next_dagrun for example_task_group to 2024-09-03 00:00:00+00:00, run_after=2024-09-04 00:00:00+00:00
[2024-09-04T21:18:11.387+0000] {processor.py:208} INFO - Processing /home/airflow/.local/lib/python3.12/site-packages/airflow/example_dags/example_task_group.py took 0.080 seconds
[2024-09-04T21:18:42.122+0000] {processor.py:186} INFO - Started process (PID=2350) to work on /home/airflow/.local/lib/python3.12/site-packages/airflow/example_dags/example_task_group.py
[2024-09-04T21:18:42.123+0000] {processor.py:914} INFO - Processing file /home/airflow/.local/lib/python3.12/site-packages/airflow/example_dags/example_task_group.py for tasks to queue
[2024-09-04T21:18:42.125+0000] {logging_mixin.py:190} INFO - [2024-09-04T21:18:42.125+0000] {dagbag.py:587} INFO - Filling up the DagBag from /home/airflow/.local/lib/python3.12/site-packages/airflow/example_dags/example_task_group.py
[2024-09-04T21:18:42.136+0000] {processor.py:925} INFO - DAG(s) 'example_task_group' retrieved from /home/airflow/.local/lib/python3.12/site-packages/airflow/example_dags/example_task_group.py
[2024-09-04T21:18:42.161+0000] {logging_mixin.py:190} INFO - [2024-09-04T21:18:42.161+0000] {dag.py:3211} INFO - Sync 1 DAGs
[2024-09-04T21:18:42.186+0000] {logging_mixin.py:190} INFO - [2024-09-04T21:18:42.186+0000] {dag.py:4138} INFO - Setting next_dagrun for example_task_group to 2024-09-03 00:00:00+00:00, run_after=2024-09-04 00:00:00+00:00
[2024-09-04T21:18:42.207+0000] {processor.py:208} INFO - Processing /home/airflow/.local/lib/python3.12/site-packages/airflow/example_dags/example_task_group.py took 0.092 seconds
