[2024-09-04T20:52:36.427+0000] {processor.py:186} INFO - Started process (PID=101) to work on /home/airflow/.local/lib/python3.12/site-packages/airflow/example_dags/example_nested_branch_dag.py
[2024-09-04T20:52:36.429+0000] {processor.py:914} INFO - Processing file /home/airflow/.local/lib/python3.12/site-packages/airflow/example_dags/example_nested_branch_dag.py for tasks to queue
[2024-09-04T20:52:36.431+0000] {logging_mixin.py:190} INFO - [2024-09-04T20:52:36.431+0000] {dagbag.py:587} INFO - Filling up the DagBag from /home/airflow/.local/lib/python3.12/site-packages/airflow/example_dags/example_nested_branch_dag.py
[2024-09-04T20:52:36.445+0000] {processor.py:925} INFO - DAG(s) 'example_nested_branch_dag' retrieved from /home/airflow/.local/lib/python3.12/site-packages/airflow/example_dags/example_nested_branch_dag.py
[2024-09-04T20:52:36.576+0000] {logging_mixin.py:190} INFO - [2024-09-04T20:52:36.575+0000] {override.py:1858} INFO - Created Permission View: can delete on DAG:example_nested_branch_dag
[2024-09-04T20:52:36.590+0000] {logging_mixin.py:190} INFO - [2024-09-04T20:52:36.589+0000] {override.py:1858} INFO - Created Permission View: can edit on DAG:example_nested_branch_dag
[2024-09-04T20:52:36.598+0000] {logging_mixin.py:190} INFO - [2024-09-04T20:52:36.597+0000] {override.py:1858} INFO - Created Permission View: can read on DAG:example_nested_branch_dag
[2024-09-04T20:52:36.598+0000] {logging_mixin.py:190} INFO - [2024-09-04T20:52:36.598+0000] {dag.py:3211} INFO - Sync 1 DAGs
[2024-09-04T20:52:36.615+0000] {logging_mixin.py:190} INFO - [2024-09-04T20:52:36.615+0000] {dag.py:3234} INFO - Creating ORM DAG for example_nested_branch_dag
[2024-09-04T20:52:36.633+0000] {logging_mixin.py:190} INFO - [2024-09-04T20:52:36.632+0000] {dag.py:4138} INFO - Setting next_dagrun for example_nested_branch_dag to 2024-09-03 00:00:00+00:00, run_after=2024-09-04 00:00:00+00:00
[2024-09-04T20:52:36.652+0000] {processor.py:208} INFO - Processing /home/airflow/.local/lib/python3.12/site-packages/airflow/example_dags/example_nested_branch_dag.py took 0.231 seconds
[2024-09-04T21:00:18.101+0000] {processor.py:186} INFO - Started process (PID=96) to work on /home/airflow/.local/lib/python3.12/site-packages/airflow/example_dags/example_nested_branch_dag.py
[2024-09-04T21:00:18.104+0000] {processor.py:914} INFO - Processing file /home/airflow/.local/lib/python3.12/site-packages/airflow/example_dags/example_nested_branch_dag.py for tasks to queue
[2024-09-04T21:00:18.108+0000] {logging_mixin.py:190} INFO - [2024-09-04T21:00:18.108+0000] {dagbag.py:587} INFO - Filling up the DagBag from /home/airflow/.local/lib/python3.12/site-packages/airflow/example_dags/example_nested_branch_dag.py
[2024-09-04T21:00:18.132+0000] {processor.py:925} INFO - DAG(s) 'example_nested_branch_dag' retrieved from /home/airflow/.local/lib/python3.12/site-packages/airflow/example_dags/example_nested_branch_dag.py
[2024-09-04T21:00:18.196+0000] {logging_mixin.py:190} INFO - [2024-09-04T21:00:18.195+0000] {dag.py:3211} INFO - Sync 1 DAGs
[2024-09-04T21:00:18.238+0000] {logging_mixin.py:190} INFO - [2024-09-04T21:00:18.238+0000] {dag.py:4138} INFO - Setting next_dagrun for example_nested_branch_dag to 2024-09-03 00:00:00+00:00, run_after=2024-09-04 00:00:00+00:00
[2024-09-04T21:00:18.276+0000] {processor.py:208} INFO - Processing /home/airflow/.local/lib/python3.12/site-packages/airflow/example_dags/example_nested_branch_dag.py took 0.185 seconds
[2024-09-04T21:00:48.320+0000] {processor.py:186} INFO - Started process (PID=158) to work on /home/airflow/.local/lib/python3.12/site-packages/airflow/example_dags/example_nested_branch_dag.py
[2024-09-04T21:00:48.322+0000] {processor.py:914} INFO - Processing file /home/airflow/.local/lib/python3.12/site-packages/airflow/example_dags/example_nested_branch_dag.py for tasks to queue
[2024-09-04T21:00:48.324+0000] {logging_mixin.py:190} INFO - [2024-09-04T21:00:48.324+0000] {dagbag.py:587} INFO - Filling up the DagBag from /home/airflow/.local/lib/python3.12/site-packages/airflow/example_dags/example_nested_branch_dag.py
[2024-09-04T21:00:48.338+0000] {processor.py:925} INFO - DAG(s) 'example_nested_branch_dag' retrieved from /home/airflow/.local/lib/python3.12/site-packages/airflow/example_dags/example_nested_branch_dag.py
[2024-09-04T21:00:48.368+0000] {logging_mixin.py:190} INFO - [2024-09-04T21:00:48.368+0000] {dag.py:3211} INFO - Sync 1 DAGs
[2024-09-04T21:00:48.400+0000] {logging_mixin.py:190} INFO - [2024-09-04T21:00:48.400+0000] {dag.py:4138} INFO - Setting next_dagrun for example_nested_branch_dag to 2024-09-03 00:00:00+00:00, run_after=2024-09-04 00:00:00+00:00
[2024-09-04T21:00:48.433+0000] {processor.py:208} INFO - Processing /home/airflow/.local/lib/python3.12/site-packages/airflow/example_dags/example_nested_branch_dag.py took 0.117 seconds
[2024-09-04T21:01:18.805+0000] {processor.py:186} INFO - Started process (PID=220) to work on /home/airflow/.local/lib/python3.12/site-packages/airflow/example_dags/example_nested_branch_dag.py
[2024-09-04T21:01:18.806+0000] {processor.py:914} INFO - Processing file /home/airflow/.local/lib/python3.12/site-packages/airflow/example_dags/example_nested_branch_dag.py for tasks to queue
[2024-09-04T21:01:18.809+0000] {logging_mixin.py:190} INFO - [2024-09-04T21:01:18.808+0000] {dagbag.py:587} INFO - Filling up the DagBag from /home/airflow/.local/lib/python3.12/site-packages/airflow/example_dags/example_nested_branch_dag.py
[2024-09-04T21:01:18.821+0000] {processor.py:925} INFO - DAG(s) 'example_nested_branch_dag' retrieved from /home/airflow/.local/lib/python3.12/site-packages/airflow/example_dags/example_nested_branch_dag.py
[2024-09-04T21:01:18.850+0000] {logging_mixin.py:190} INFO - [2024-09-04T21:01:18.849+0000] {dag.py:3211} INFO - Sync 1 DAGs
[2024-09-04T21:01:18.873+0000] {logging_mixin.py:190} INFO - [2024-09-04T21:01:18.873+0000] {dag.py:4138} INFO - Setting next_dagrun for example_nested_branch_dag to 2024-09-03 00:00:00+00:00, run_after=2024-09-04 00:00:00+00:00
[2024-09-04T21:01:18.901+0000] {processor.py:208} INFO - Processing /home/airflow/.local/lib/python3.12/site-packages/airflow/example_dags/example_nested_branch_dag.py took 0.102 seconds
[2024-09-04T21:01:49.000+0000] {processor.py:186} INFO - Started process (PID=282) to work on /home/airflow/.local/lib/python3.12/site-packages/airflow/example_dags/example_nested_branch_dag.py
[2024-09-04T21:01:49.001+0000] {processor.py:914} INFO - Processing file /home/airflow/.local/lib/python3.12/site-packages/airflow/example_dags/example_nested_branch_dag.py for tasks to queue
[2024-09-04T21:01:49.004+0000] {logging_mixin.py:190} INFO - [2024-09-04T21:01:49.004+0000] {dagbag.py:587} INFO - Filling up the DagBag from /home/airflow/.local/lib/python3.12/site-packages/airflow/example_dags/example_nested_branch_dag.py
[2024-09-04T21:01:49.015+0000] {processor.py:925} INFO - DAG(s) 'example_nested_branch_dag' retrieved from /home/airflow/.local/lib/python3.12/site-packages/airflow/example_dags/example_nested_branch_dag.py
[2024-09-04T21:01:49.035+0000] {logging_mixin.py:190} INFO - [2024-09-04T21:01:49.035+0000] {dag.py:3211} INFO - Sync 1 DAGs
[2024-09-04T21:01:49.056+0000] {logging_mixin.py:190} INFO - [2024-09-04T21:01:49.056+0000] {dag.py:4138} INFO - Setting next_dagrun for example_nested_branch_dag to 2024-09-03 00:00:00+00:00, run_after=2024-09-04 00:00:00+00:00
[2024-09-04T21:01:49.075+0000] {processor.py:208} INFO - Processing /home/airflow/.local/lib/python3.12/site-packages/airflow/example_dags/example_nested_branch_dag.py took 0.080 seconds
[2024-09-04T21:02:19.919+0000] {processor.py:186} INFO - Started process (PID=345) to work on /home/airflow/.local/lib/python3.12/site-packages/airflow/example_dags/example_nested_branch_dag.py
[2024-09-04T21:02:19.922+0000] {processor.py:914} INFO - Processing file /home/airflow/.local/lib/python3.12/site-packages/airflow/example_dags/example_nested_branch_dag.py for tasks to queue
[2024-09-04T21:02:19.931+0000] {logging_mixin.py:190} INFO - [2024-09-04T21:02:19.928+0000] {dagbag.py:587} INFO - Filling up the DagBag from /home/airflow/.local/lib/python3.12/site-packages/airflow/example_dags/example_nested_branch_dag.py
[2024-09-04T21:02:19.955+0000] {processor.py:925} INFO - DAG(s) 'example_nested_branch_dag' retrieved from /home/airflow/.local/lib/python3.12/site-packages/airflow/example_dags/example_nested_branch_dag.py
[2024-09-04T21:02:19.999+0000] {logging_mixin.py:190} INFO - [2024-09-04T21:02:19.999+0000] {dag.py:3211} INFO - Sync 1 DAGs
[2024-09-04T21:02:20.038+0000] {logging_mixin.py:190} INFO - [2024-09-04T21:02:20.038+0000] {dag.py:4138} INFO - Setting next_dagrun for example_nested_branch_dag to 2024-09-03 00:00:00+00:00, run_after=2024-09-04 00:00:00+00:00
[2024-09-04T21:02:20.065+0000] {processor.py:208} INFO - Processing /home/airflow/.local/lib/python3.12/site-packages/airflow/example_dags/example_nested_branch_dag.py took 0.160 seconds
[2024-09-04T21:02:50.477+0000] {processor.py:186} INFO - Started process (PID=407) to work on /home/airflow/.local/lib/python3.12/site-packages/airflow/example_dags/example_nested_branch_dag.py
[2024-09-04T21:02:50.479+0000] {processor.py:914} INFO - Processing file /home/airflow/.local/lib/python3.12/site-packages/airflow/example_dags/example_nested_branch_dag.py for tasks to queue
[2024-09-04T21:02:50.481+0000] {logging_mixin.py:190} INFO - [2024-09-04T21:02:50.481+0000] {dagbag.py:587} INFO - Filling up the DagBag from /home/airflow/.local/lib/python3.12/site-packages/airflow/example_dags/example_nested_branch_dag.py
[2024-09-04T21:02:50.491+0000] {processor.py:925} INFO - DAG(s) 'example_nested_branch_dag' retrieved from /home/airflow/.local/lib/python3.12/site-packages/airflow/example_dags/example_nested_branch_dag.py
[2024-09-04T21:02:50.512+0000] {logging_mixin.py:190} INFO - [2024-09-04T21:02:50.511+0000] {dag.py:3211} INFO - Sync 1 DAGs
[2024-09-04T21:02:50.533+0000] {logging_mixin.py:190} INFO - [2024-09-04T21:02:50.532+0000] {dag.py:4138} INFO - Setting next_dagrun for example_nested_branch_dag to 2024-09-03 00:00:00+00:00, run_after=2024-09-04 00:00:00+00:00
[2024-09-04T21:02:50.553+0000] {processor.py:208} INFO - Processing /home/airflow/.local/lib/python3.12/site-packages/airflow/example_dags/example_nested_branch_dag.py took 0.081 seconds
[2024-09-04T21:03:22.650+0000] {processor.py:186} INFO - Started process (PID=469) to work on /home/airflow/.local/lib/python3.12/site-packages/airflow/example_dags/example_nested_branch_dag.py
[2024-09-04T21:03:22.653+0000] {processor.py:914} INFO - Processing file /home/airflow/.local/lib/python3.12/site-packages/airflow/example_dags/example_nested_branch_dag.py for tasks to queue
[2024-09-04T21:03:22.657+0000] {logging_mixin.py:190} INFO - [2024-09-04T21:03:22.657+0000] {dagbag.py:587} INFO - Filling up the DagBag from /home/airflow/.local/lib/python3.12/site-packages/airflow/example_dags/example_nested_branch_dag.py
[2024-09-04T21:03:22.679+0000] {processor.py:925} INFO - DAG(s) 'example_nested_branch_dag' retrieved from /home/airflow/.local/lib/python3.12/site-packages/airflow/example_dags/example_nested_branch_dag.py
[2024-09-04T21:03:22.719+0000] {logging_mixin.py:190} INFO - [2024-09-04T21:03:22.719+0000] {dag.py:3211} INFO - Sync 1 DAGs
[2024-09-04T21:03:22.766+0000] {logging_mixin.py:190} INFO - [2024-09-04T21:03:22.766+0000] {dag.py:4138} INFO - Setting next_dagrun for example_nested_branch_dag to 2024-09-03 00:00:00+00:00, run_after=2024-09-04 00:00:00+00:00
[2024-09-04T21:03:22.802+0000] {processor.py:208} INFO - Processing /home/airflow/.local/lib/python3.12/site-packages/airflow/example_dags/example_nested_branch_dag.py took 0.167 seconds
[2024-09-04T21:03:53.247+0000] {processor.py:186} INFO - Started process (PID=531) to work on /home/airflow/.local/lib/python3.12/site-packages/airflow/example_dags/example_nested_branch_dag.py
[2024-09-04T21:03:53.248+0000] {processor.py:914} INFO - Processing file /home/airflow/.local/lib/python3.12/site-packages/airflow/example_dags/example_nested_branch_dag.py for tasks to queue
[2024-09-04T21:03:53.251+0000] {logging_mixin.py:190} INFO - [2024-09-04T21:03:53.251+0000] {dagbag.py:587} INFO - Filling up the DagBag from /home/airflow/.local/lib/python3.12/site-packages/airflow/example_dags/example_nested_branch_dag.py
[2024-09-04T21:03:53.266+0000] {processor.py:925} INFO - DAG(s) 'example_nested_branch_dag' retrieved from /home/airflow/.local/lib/python3.12/site-packages/airflow/example_dags/example_nested_branch_dag.py
[2024-09-04T21:03:53.290+0000] {logging_mixin.py:190} INFO - [2024-09-04T21:03:53.290+0000] {dag.py:3211} INFO - Sync 1 DAGs
[2024-09-04T21:03:53.317+0000] {logging_mixin.py:190} INFO - [2024-09-04T21:03:53.316+0000] {dag.py:4138} INFO - Setting next_dagrun for example_nested_branch_dag to 2024-09-03 00:00:00+00:00, run_after=2024-09-04 00:00:00+00:00
[2024-09-04T21:03:53.341+0000] {processor.py:208} INFO - Processing /home/airflow/.local/lib/python3.12/site-packages/airflow/example_dags/example_nested_branch_dag.py took 0.101 seconds
[2024-09-04T21:04:24.222+0000] {processor.py:186} INFO - Started process (PID=593) to work on /home/airflow/.local/lib/python3.12/site-packages/airflow/example_dags/example_nested_branch_dag.py
[2024-09-04T21:04:24.224+0000] {processor.py:914} INFO - Processing file /home/airflow/.local/lib/python3.12/site-packages/airflow/example_dags/example_nested_branch_dag.py for tasks to queue
[2024-09-04T21:04:24.227+0000] {logging_mixin.py:190} INFO - [2024-09-04T21:04:24.226+0000] {dagbag.py:587} INFO - Filling up the DagBag from /home/airflow/.local/lib/python3.12/site-packages/airflow/example_dags/example_nested_branch_dag.py
[2024-09-04T21:04:24.239+0000] {processor.py:925} INFO - DAG(s) 'example_nested_branch_dag' retrieved from /home/airflow/.local/lib/python3.12/site-packages/airflow/example_dags/example_nested_branch_dag.py
[2024-09-04T21:04:24.267+0000] {logging_mixin.py:190} INFO - [2024-09-04T21:04:24.267+0000] {dag.py:3211} INFO - Sync 1 DAGs
[2024-09-04T21:04:24.294+0000] {logging_mixin.py:190} INFO - [2024-09-04T21:04:24.294+0000] {dag.py:4138} INFO - Setting next_dagrun for example_nested_branch_dag to 2024-09-03 00:00:00+00:00, run_after=2024-09-04 00:00:00+00:00
[2024-09-04T21:04:24.318+0000] {processor.py:208} INFO - Processing /home/airflow/.local/lib/python3.12/site-packages/airflow/example_dags/example_nested_branch_dag.py took 0.103 seconds
[2024-09-04T21:04:54.563+0000] {processor.py:186} INFO - Started process (PID=655) to work on /home/airflow/.local/lib/python3.12/site-packages/airflow/example_dags/example_nested_branch_dag.py
[2024-09-04T21:04:54.564+0000] {processor.py:914} INFO - Processing file /home/airflow/.local/lib/python3.12/site-packages/airflow/example_dags/example_nested_branch_dag.py for tasks to queue
[2024-09-04T21:04:54.568+0000] {logging_mixin.py:190} INFO - [2024-09-04T21:04:54.568+0000] {dagbag.py:587} INFO - Filling up the DagBag from /home/airflow/.local/lib/python3.12/site-packages/airflow/example_dags/example_nested_branch_dag.py
[2024-09-04T21:04:54.586+0000] {processor.py:925} INFO - DAG(s) 'example_nested_branch_dag' retrieved from /home/airflow/.local/lib/python3.12/site-packages/airflow/example_dags/example_nested_branch_dag.py
[2024-09-04T21:04:54.615+0000] {logging_mixin.py:190} INFO - [2024-09-04T21:04:54.614+0000] {dag.py:3211} INFO - Sync 1 DAGs
[2024-09-04T21:04:54.646+0000] {logging_mixin.py:190} INFO - [2024-09-04T21:04:54.646+0000] {dag.py:4138} INFO - Setting next_dagrun for example_nested_branch_dag to 2024-09-03 00:00:00+00:00, run_after=2024-09-04 00:00:00+00:00
[2024-09-04T21:04:54.669+0000] {processor.py:208} INFO - Processing /home/airflow/.local/lib/python3.12/site-packages/airflow/example_dags/example_nested_branch_dag.py took 0.114 seconds
[2024-09-04T21:05:25.327+0000] {processor.py:186} INFO - Started process (PID=723) to work on /home/airflow/.local/lib/python3.12/site-packages/airflow/example_dags/example_nested_branch_dag.py
[2024-09-04T21:05:25.328+0000] {processor.py:914} INFO - Processing file /home/airflow/.local/lib/python3.12/site-packages/airflow/example_dags/example_nested_branch_dag.py for tasks to queue
[2024-09-04T21:05:25.334+0000] {logging_mixin.py:190} INFO - [2024-09-04T21:05:25.333+0000] {dagbag.py:587} INFO - Filling up the DagBag from /home/airflow/.local/lib/python3.12/site-packages/airflow/example_dags/example_nested_branch_dag.py
[2024-09-04T21:05:25.355+0000] {processor.py:925} INFO - DAG(s) 'example_nested_branch_dag' retrieved from /home/airflow/.local/lib/python3.12/site-packages/airflow/example_dags/example_nested_branch_dag.py
[2024-09-04T21:05:25.395+0000] {logging_mixin.py:190} INFO - [2024-09-04T21:05:25.394+0000] {dag.py:3211} INFO - Sync 1 DAGs
[2024-09-04T21:05:25.446+0000] {logging_mixin.py:190} INFO - [2024-09-04T21:05:25.446+0000] {dag.py:4138} INFO - Setting next_dagrun for example_nested_branch_dag to 2024-09-03 00:00:00+00:00, run_after=2024-09-04 00:00:00+00:00
[2024-09-04T21:05:25.483+0000] {processor.py:208} INFO - Processing /home/airflow/.local/lib/python3.12/site-packages/airflow/example_dags/example_nested_branch_dag.py took 0.168 seconds
[2024-09-04T21:05:55.877+0000] {processor.py:186} INFO - Started process (PID=785) to work on /home/airflow/.local/lib/python3.12/site-packages/airflow/example_dags/example_nested_branch_dag.py
[2024-09-04T21:05:55.878+0000] {processor.py:914} INFO - Processing file /home/airflow/.local/lib/python3.12/site-packages/airflow/example_dags/example_nested_branch_dag.py for tasks to queue
[2024-09-04T21:05:55.880+0000] {logging_mixin.py:190} INFO - [2024-09-04T21:05:55.880+0000] {dagbag.py:587} INFO - Filling up the DagBag from /home/airflow/.local/lib/python3.12/site-packages/airflow/example_dags/example_nested_branch_dag.py
[2024-09-04T21:05:55.891+0000] {processor.py:925} INFO - DAG(s) 'example_nested_branch_dag' retrieved from /home/airflow/.local/lib/python3.12/site-packages/airflow/example_dags/example_nested_branch_dag.py
[2024-09-04T21:05:55.912+0000] {logging_mixin.py:190} INFO - [2024-09-04T21:05:55.912+0000] {dag.py:3211} INFO - Sync 1 DAGs
[2024-09-04T21:05:55.932+0000] {logging_mixin.py:190} INFO - [2024-09-04T21:05:55.932+0000] {dag.py:4138} INFO - Setting next_dagrun for example_nested_branch_dag to 2024-09-03 00:00:00+00:00, run_after=2024-09-04 00:00:00+00:00
[2024-09-04T21:05:55.949+0000] {processor.py:208} INFO - Processing /home/airflow/.local/lib/python3.12/site-packages/airflow/example_dags/example_nested_branch_dag.py took 0.078 seconds
[2024-09-04T21:06:27.302+0000] {processor.py:186} INFO - Started process (PID=846) to work on /home/airflow/.local/lib/python3.12/site-packages/airflow/example_dags/example_nested_branch_dag.py
[2024-09-04T21:06:27.305+0000] {processor.py:914} INFO - Processing file /home/airflow/.local/lib/python3.12/site-packages/airflow/example_dags/example_nested_branch_dag.py for tasks to queue
[2024-09-04T21:06:27.314+0000] {logging_mixin.py:190} INFO - [2024-09-04T21:06:27.312+0000] {dagbag.py:587} INFO - Filling up the DagBag from /home/airflow/.local/lib/python3.12/site-packages/airflow/example_dags/example_nested_branch_dag.py
[2024-09-04T21:06:27.374+0000] {processor.py:925} INFO - DAG(s) 'example_nested_branch_dag' retrieved from /home/airflow/.local/lib/python3.12/site-packages/airflow/example_dags/example_nested_branch_dag.py
[2024-09-04T21:06:27.459+0000] {logging_mixin.py:190} INFO - [2024-09-04T21:06:27.459+0000] {dag.py:3211} INFO - Sync 1 DAGs
[2024-09-04T21:06:27.531+0000] {logging_mixin.py:190} INFO - [2024-09-04T21:06:27.531+0000] {dag.py:4138} INFO - Setting next_dagrun for example_nested_branch_dag to 2024-09-03 00:00:00+00:00, run_after=2024-09-04 00:00:00+00:00
[2024-09-04T21:06:27.584+0000] {processor.py:208} INFO - Processing /home/airflow/.local/lib/python3.12/site-packages/airflow/example_dags/example_nested_branch_dag.py took 0.303 seconds
[2024-09-04T21:06:58.716+0000] {processor.py:186} INFO - Started process (PID=908) to work on /home/airflow/.local/lib/python3.12/site-packages/airflow/example_dags/example_nested_branch_dag.py
[2024-09-04T21:06:58.723+0000] {processor.py:914} INFO - Processing file /home/airflow/.local/lib/python3.12/site-packages/airflow/example_dags/example_nested_branch_dag.py for tasks to queue
[2024-09-04T21:06:58.728+0000] {logging_mixin.py:190} INFO - [2024-09-04T21:06:58.728+0000] {dagbag.py:587} INFO - Filling up the DagBag from /home/airflow/.local/lib/python3.12/site-packages/airflow/example_dags/example_nested_branch_dag.py
[2024-09-04T21:06:58.760+0000] {processor.py:925} INFO - DAG(s) 'example_nested_branch_dag' retrieved from /home/airflow/.local/lib/python3.12/site-packages/airflow/example_dags/example_nested_branch_dag.py
[2024-09-04T21:06:58.859+0000] {logging_mixin.py:190} INFO - [2024-09-04T21:06:58.858+0000] {dag.py:3211} INFO - Sync 1 DAGs
[2024-09-04T21:06:58.911+0000] {logging_mixin.py:190} INFO - [2024-09-04T21:06:58.911+0000] {dag.py:4138} INFO - Setting next_dagrun for example_nested_branch_dag to 2024-09-03 00:00:00+00:00, run_after=2024-09-04 00:00:00+00:00
[2024-09-04T21:06:58.957+0000] {processor.py:208} INFO - Processing /home/airflow/.local/lib/python3.12/site-packages/airflow/example_dags/example_nested_branch_dag.py took 0.261 seconds
[2024-09-04T21:07:29.327+0000] {processor.py:186} INFO - Started process (PID=970) to work on /home/airflow/.local/lib/python3.12/site-packages/airflow/example_dags/example_nested_branch_dag.py
[2024-09-04T21:07:29.331+0000] {processor.py:914} INFO - Processing file /home/airflow/.local/lib/python3.12/site-packages/airflow/example_dags/example_nested_branch_dag.py for tasks to queue
[2024-09-04T21:07:29.336+0000] {logging_mixin.py:190} INFO - [2024-09-04T21:07:29.335+0000] {dagbag.py:587} INFO - Filling up the DagBag from /home/airflow/.local/lib/python3.12/site-packages/airflow/example_dags/example_nested_branch_dag.py
[2024-09-04T21:07:29.352+0000] {processor.py:925} INFO - DAG(s) 'example_nested_branch_dag' retrieved from /home/airflow/.local/lib/python3.12/site-packages/airflow/example_dags/example_nested_branch_dag.py
[2024-09-04T21:07:29.380+0000] {logging_mixin.py:190} INFO - [2024-09-04T21:07:29.379+0000] {dag.py:3211} INFO - Sync 1 DAGs
[2024-09-04T21:07:29.407+0000] {logging_mixin.py:190} INFO - [2024-09-04T21:07:29.407+0000] {dag.py:4138} INFO - Setting next_dagrun for example_nested_branch_dag to 2024-09-03 00:00:00+00:00, run_after=2024-09-04 00:00:00+00:00
[2024-09-04T21:07:29.435+0000] {processor.py:208} INFO - Processing /home/airflow/.local/lib/python3.12/site-packages/airflow/example_dags/example_nested_branch_dag.py took 0.113 seconds
[2024-09-04T21:07:59.646+0000] {processor.py:186} INFO - Started process (PID=1033) to work on /home/airflow/.local/lib/python3.12/site-packages/airflow/example_dags/example_nested_branch_dag.py
[2024-09-04T21:07:59.647+0000] {processor.py:914} INFO - Processing file /home/airflow/.local/lib/python3.12/site-packages/airflow/example_dags/example_nested_branch_dag.py for tasks to queue
[2024-09-04T21:07:59.650+0000] {logging_mixin.py:190} INFO - [2024-09-04T21:07:59.649+0000] {dagbag.py:587} INFO - Filling up the DagBag from /home/airflow/.local/lib/python3.12/site-packages/airflow/example_dags/example_nested_branch_dag.py
[2024-09-04T21:07:59.660+0000] {processor.py:925} INFO - DAG(s) 'example_nested_branch_dag' retrieved from /home/airflow/.local/lib/python3.12/site-packages/airflow/example_dags/example_nested_branch_dag.py
[2024-09-04T21:07:59.680+0000] {logging_mixin.py:190} INFO - [2024-09-04T21:07:59.680+0000] {dag.py:3211} INFO - Sync 1 DAGs
[2024-09-04T21:07:59.703+0000] {logging_mixin.py:190} INFO - [2024-09-04T21:07:59.702+0000] {dag.py:4138} INFO - Setting next_dagrun for example_nested_branch_dag to 2024-09-03 00:00:00+00:00, run_after=2024-09-04 00:00:00+00:00
[2024-09-04T21:07:59.720+0000] {processor.py:208} INFO - Processing /home/airflow/.local/lib/python3.12/site-packages/airflow/example_dags/example_nested_branch_dag.py took 0.080 seconds
[2024-09-04T21:08:30.460+0000] {processor.py:186} INFO - Started process (PID=1095) to work on /home/airflow/.local/lib/python3.12/site-packages/airflow/example_dags/example_nested_branch_dag.py
[2024-09-04T21:08:30.461+0000] {processor.py:914} INFO - Processing file /home/airflow/.local/lib/python3.12/site-packages/airflow/example_dags/example_nested_branch_dag.py for tasks to queue
[2024-09-04T21:08:30.463+0000] {logging_mixin.py:190} INFO - [2024-09-04T21:08:30.462+0000] {dagbag.py:587} INFO - Filling up the DagBag from /home/airflow/.local/lib/python3.12/site-packages/airflow/example_dags/example_nested_branch_dag.py
[2024-09-04T21:08:30.473+0000] {processor.py:925} INFO - DAG(s) 'example_nested_branch_dag' retrieved from /home/airflow/.local/lib/python3.12/site-packages/airflow/example_dags/example_nested_branch_dag.py
[2024-09-04T21:08:30.491+0000] {logging_mixin.py:190} INFO - [2024-09-04T21:08:30.491+0000] {dag.py:3211} INFO - Sync 1 DAGs
[2024-09-04T21:08:30.511+0000] {logging_mixin.py:190} INFO - [2024-09-04T21:08:30.510+0000] {dag.py:4138} INFO - Setting next_dagrun for example_nested_branch_dag to 2024-09-03 00:00:00+00:00, run_after=2024-09-04 00:00:00+00:00
[2024-09-04T21:08:30.527+0000] {processor.py:208} INFO - Processing /home/airflow/.local/lib/python3.12/site-packages/airflow/example_dags/example_nested_branch_dag.py took 0.073 seconds
[2024-09-04T21:09:01.048+0000] {processor.py:186} INFO - Started process (PID=1157) to work on /home/airflow/.local/lib/python3.12/site-packages/airflow/example_dags/example_nested_branch_dag.py
[2024-09-04T21:09:01.049+0000] {processor.py:914} INFO - Processing file /home/airflow/.local/lib/python3.12/site-packages/airflow/example_dags/example_nested_branch_dag.py for tasks to queue
[2024-09-04T21:09:01.052+0000] {logging_mixin.py:190} INFO - [2024-09-04T21:09:01.051+0000] {dagbag.py:587} INFO - Filling up the DagBag from /home/airflow/.local/lib/python3.12/site-packages/airflow/example_dags/example_nested_branch_dag.py
[2024-09-04T21:09:01.063+0000] {processor.py:925} INFO - DAG(s) 'example_nested_branch_dag' retrieved from /home/airflow/.local/lib/python3.12/site-packages/airflow/example_dags/example_nested_branch_dag.py
[2024-09-04T21:09:01.082+0000] {logging_mixin.py:190} INFO - [2024-09-04T21:09:01.082+0000] {dag.py:3211} INFO - Sync 1 DAGs
[2024-09-04T21:09:01.102+0000] {logging_mixin.py:190} INFO - [2024-09-04T21:09:01.102+0000] {dag.py:4138} INFO - Setting next_dagrun for example_nested_branch_dag to 2024-09-03 00:00:00+00:00, run_after=2024-09-04 00:00:00+00:00
[2024-09-04T21:09:01.122+0000] {processor.py:208} INFO - Processing /home/airflow/.local/lib/python3.12/site-packages/airflow/example_dags/example_nested_branch_dag.py took 0.079 seconds
[2024-09-04T21:09:31.412+0000] {processor.py:186} INFO - Started process (PID=1219) to work on /home/airflow/.local/lib/python3.12/site-packages/airflow/example_dags/example_nested_branch_dag.py
[2024-09-04T21:09:31.413+0000] {processor.py:914} INFO - Processing file /home/airflow/.local/lib/python3.12/site-packages/airflow/example_dags/example_nested_branch_dag.py for tasks to queue
[2024-09-04T21:09:31.415+0000] {logging_mixin.py:190} INFO - [2024-09-04T21:09:31.414+0000] {dagbag.py:587} INFO - Filling up the DagBag from /home/airflow/.local/lib/python3.12/site-packages/airflow/example_dags/example_nested_branch_dag.py
[2024-09-04T21:09:31.423+0000] {processor.py:925} INFO - DAG(s) 'example_nested_branch_dag' retrieved from /home/airflow/.local/lib/python3.12/site-packages/airflow/example_dags/example_nested_branch_dag.py
[2024-09-04T21:09:31.444+0000] {logging_mixin.py:190} INFO - [2024-09-04T21:09:31.443+0000] {dag.py:3211} INFO - Sync 1 DAGs
[2024-09-04T21:09:31.465+0000] {logging_mixin.py:190} INFO - [2024-09-04T21:09:31.465+0000] {dag.py:4138} INFO - Setting next_dagrun for example_nested_branch_dag to 2024-09-03 00:00:00+00:00, run_after=2024-09-04 00:00:00+00:00
[2024-09-04T21:09:31.483+0000] {processor.py:208} INFO - Processing /home/airflow/.local/lib/python3.12/site-packages/airflow/example_dags/example_nested_branch_dag.py took 0.076 seconds
[2024-09-04T21:10:01.832+0000] {processor.py:186} INFO - Started process (PID=1281) to work on /home/airflow/.local/lib/python3.12/site-packages/airflow/example_dags/example_nested_branch_dag.py
[2024-09-04T21:10:01.834+0000] {processor.py:914} INFO - Processing file /home/airflow/.local/lib/python3.12/site-packages/airflow/example_dags/example_nested_branch_dag.py for tasks to queue
[2024-09-04T21:10:01.836+0000] {logging_mixin.py:190} INFO - [2024-09-04T21:10:01.835+0000] {dagbag.py:587} INFO - Filling up the DagBag from /home/airflow/.local/lib/python3.12/site-packages/airflow/example_dags/example_nested_branch_dag.py
[2024-09-04T21:10:01.846+0000] {processor.py:925} INFO - DAG(s) 'example_nested_branch_dag' retrieved from /home/airflow/.local/lib/python3.12/site-packages/airflow/example_dags/example_nested_branch_dag.py
[2024-09-04T21:10:01.866+0000] {logging_mixin.py:190} INFO - [2024-09-04T21:10:01.866+0000] {dag.py:3211} INFO - Sync 1 DAGs
[2024-09-04T21:10:01.886+0000] {logging_mixin.py:190} INFO - [2024-09-04T21:10:01.886+0000] {dag.py:4138} INFO - Setting next_dagrun for example_nested_branch_dag to 2024-09-03 00:00:00+00:00, run_after=2024-09-04 00:00:00+00:00
[2024-09-04T21:10:01.906+0000] {processor.py:208} INFO - Processing /home/airflow/.local/lib/python3.12/site-packages/airflow/example_dags/example_nested_branch_dag.py took 0.078 seconds
[2024-09-04T21:10:33.324+0000] {processor.py:186} INFO - Started process (PID=1344) to work on /home/airflow/.local/lib/python3.12/site-packages/airflow/example_dags/example_nested_branch_dag.py
[2024-09-04T21:10:33.326+0000] {processor.py:914} INFO - Processing file /home/airflow/.local/lib/python3.12/site-packages/airflow/example_dags/example_nested_branch_dag.py for tasks to queue
[2024-09-04T21:10:33.332+0000] {logging_mixin.py:190} INFO - [2024-09-04T21:10:33.332+0000] {dagbag.py:587} INFO - Filling up the DagBag from /home/airflow/.local/lib/python3.12/site-packages/airflow/example_dags/example_nested_branch_dag.py
[2024-09-04T21:10:33.357+0000] {processor.py:925} INFO - DAG(s) 'example_nested_branch_dag' retrieved from /home/airflow/.local/lib/python3.12/site-packages/airflow/example_dags/example_nested_branch_dag.py
[2024-09-04T21:10:33.403+0000] {logging_mixin.py:190} INFO - [2024-09-04T21:10:33.402+0000] {dag.py:3211} INFO - Sync 1 DAGs
[2024-09-04T21:10:33.441+0000] {logging_mixin.py:190} INFO - [2024-09-04T21:10:33.441+0000] {dag.py:4138} INFO - Setting next_dagrun for example_nested_branch_dag to 2024-09-03 00:00:00+00:00, run_after=2024-09-04 00:00:00+00:00
[2024-09-04T21:10:33.480+0000] {processor.py:208} INFO - Processing /home/airflow/.local/lib/python3.12/site-packages/airflow/example_dags/example_nested_branch_dag.py took 0.164 seconds
[2024-09-04T21:11:03.905+0000] {processor.py:186} INFO - Started process (PID=1407) to work on /home/airflow/.local/lib/python3.12/site-packages/airflow/example_dags/example_nested_branch_dag.py
[2024-09-04T21:11:03.906+0000] {processor.py:914} INFO - Processing file /home/airflow/.local/lib/python3.12/site-packages/airflow/example_dags/example_nested_branch_dag.py for tasks to queue
[2024-09-04T21:11:03.909+0000] {logging_mixin.py:190} INFO - [2024-09-04T21:11:03.908+0000] {dagbag.py:587} INFO - Filling up the DagBag from /home/airflow/.local/lib/python3.12/site-packages/airflow/example_dags/example_nested_branch_dag.py
[2024-09-04T21:11:03.920+0000] {processor.py:925} INFO - DAG(s) 'example_nested_branch_dag' retrieved from /home/airflow/.local/lib/python3.12/site-packages/airflow/example_dags/example_nested_branch_dag.py
[2024-09-04T21:11:03.942+0000] {logging_mixin.py:190} INFO - [2024-09-04T21:11:03.941+0000] {dag.py:3211} INFO - Sync 1 DAGs
[2024-09-04T21:11:03.962+0000] {logging_mixin.py:190} INFO - [2024-09-04T21:11:03.962+0000] {dag.py:4138} INFO - Setting next_dagrun for example_nested_branch_dag to 2024-09-03 00:00:00+00:00, run_after=2024-09-04 00:00:00+00:00
[2024-09-04T21:11:03.981+0000] {processor.py:208} INFO - Processing /home/airflow/.local/lib/python3.12/site-packages/airflow/example_dags/example_nested_branch_dag.py took 0.082 seconds
[2024-09-04T21:11:34.166+0000] {processor.py:186} INFO - Started process (PID=1470) to work on /home/airflow/.local/lib/python3.12/site-packages/airflow/example_dags/example_nested_branch_dag.py
[2024-09-04T21:11:34.167+0000] {processor.py:914} INFO - Processing file /home/airflow/.local/lib/python3.12/site-packages/airflow/example_dags/example_nested_branch_dag.py for tasks to queue
[2024-09-04T21:11:34.169+0000] {logging_mixin.py:190} INFO - [2024-09-04T21:11:34.169+0000] {dagbag.py:587} INFO - Filling up the DagBag from /home/airflow/.local/lib/python3.12/site-packages/airflow/example_dags/example_nested_branch_dag.py
[2024-09-04T21:11:34.180+0000] {processor.py:925} INFO - DAG(s) 'example_nested_branch_dag' retrieved from /home/airflow/.local/lib/python3.12/site-packages/airflow/example_dags/example_nested_branch_dag.py
[2024-09-04T21:11:34.201+0000] {logging_mixin.py:190} INFO - [2024-09-04T21:11:34.200+0000] {dag.py:3211} INFO - Sync 1 DAGs
[2024-09-04T21:11:34.220+0000] {logging_mixin.py:190} INFO - [2024-09-04T21:11:34.220+0000] {dag.py:4138} INFO - Setting next_dagrun for example_nested_branch_dag to 2024-09-03 00:00:00+00:00, run_after=2024-09-04 00:00:00+00:00
[2024-09-04T21:11:34.240+0000] {processor.py:208} INFO - Processing /home/airflow/.local/lib/python3.12/site-packages/airflow/example_dags/example_nested_branch_dag.py took 0.079 seconds
[2024-09-04T21:12:04.493+0000] {processor.py:186} INFO - Started process (PID=1533) to work on /home/airflow/.local/lib/python3.12/site-packages/airflow/example_dags/example_nested_branch_dag.py
[2024-09-04T21:12:04.494+0000] {processor.py:914} INFO - Processing file /home/airflow/.local/lib/python3.12/site-packages/airflow/example_dags/example_nested_branch_dag.py for tasks to queue
[2024-09-04T21:12:04.497+0000] {logging_mixin.py:190} INFO - [2024-09-04T21:12:04.497+0000] {dagbag.py:587} INFO - Filling up the DagBag from /home/airflow/.local/lib/python3.12/site-packages/airflow/example_dags/example_nested_branch_dag.py
[2024-09-04T21:12:04.508+0000] {processor.py:925} INFO - DAG(s) 'example_nested_branch_dag' retrieved from /home/airflow/.local/lib/python3.12/site-packages/airflow/example_dags/example_nested_branch_dag.py
[2024-09-04T21:12:04.532+0000] {logging_mixin.py:190} INFO - [2024-09-04T21:12:04.531+0000] {dag.py:3211} INFO - Sync 1 DAGs
[2024-09-04T21:12:04.555+0000] {logging_mixin.py:190} INFO - [2024-09-04T21:12:04.554+0000] {dag.py:4138} INFO - Setting next_dagrun for example_nested_branch_dag to 2024-09-03 00:00:00+00:00, run_after=2024-09-04 00:00:00+00:00
[2024-09-04T21:12:04.577+0000] {processor.py:208} INFO - Processing /home/airflow/.local/lib/python3.12/site-packages/airflow/example_dags/example_nested_branch_dag.py took 0.089 seconds
[2024-09-04T21:12:35.336+0000] {processor.py:186} INFO - Started process (PID=1597) to work on /home/airflow/.local/lib/python3.12/site-packages/airflow/example_dags/example_nested_branch_dag.py
[2024-09-04T21:12:35.338+0000] {processor.py:914} INFO - Processing file /home/airflow/.local/lib/python3.12/site-packages/airflow/example_dags/example_nested_branch_dag.py for tasks to queue
[2024-09-04T21:12:35.341+0000] {logging_mixin.py:190} INFO - [2024-09-04T21:12:35.340+0000] {dagbag.py:587} INFO - Filling up the DagBag from /home/airflow/.local/lib/python3.12/site-packages/airflow/example_dags/example_nested_branch_dag.py
[2024-09-04T21:12:35.352+0000] {processor.py:925} INFO - DAG(s) 'example_nested_branch_dag' retrieved from /home/airflow/.local/lib/python3.12/site-packages/airflow/example_dags/example_nested_branch_dag.py
[2024-09-04T21:12:35.373+0000] {logging_mixin.py:190} INFO - [2024-09-04T21:12:35.373+0000] {dag.py:3211} INFO - Sync 1 DAGs
[2024-09-04T21:12:35.394+0000] {logging_mixin.py:190} INFO - [2024-09-04T21:12:35.394+0000] {dag.py:4138} INFO - Setting next_dagrun for example_nested_branch_dag to 2024-09-03 00:00:00+00:00, run_after=2024-09-04 00:00:00+00:00
[2024-09-04T21:12:35.416+0000] {processor.py:208} INFO - Processing /home/airflow/.local/lib/python3.12/site-packages/airflow/example_dags/example_nested_branch_dag.py took 0.085 seconds
[2024-09-04T21:13:06.162+0000] {processor.py:186} INFO - Started process (PID=1660) to work on /home/airflow/.local/lib/python3.12/site-packages/airflow/example_dags/example_nested_branch_dag.py
[2024-09-04T21:13:06.163+0000] {processor.py:914} INFO - Processing file /home/airflow/.local/lib/python3.12/site-packages/airflow/example_dags/example_nested_branch_dag.py for tasks to queue
[2024-09-04T21:13:06.166+0000] {logging_mixin.py:190} INFO - [2024-09-04T21:13:06.166+0000] {dagbag.py:587} INFO - Filling up the DagBag from /home/airflow/.local/lib/python3.12/site-packages/airflow/example_dags/example_nested_branch_dag.py
[2024-09-04T21:13:06.184+0000] {processor.py:925} INFO - DAG(s) 'example_nested_branch_dag' retrieved from /home/airflow/.local/lib/python3.12/site-packages/airflow/example_dags/example_nested_branch_dag.py
[2024-09-04T21:13:06.226+0000] {logging_mixin.py:190} INFO - [2024-09-04T21:13:06.226+0000] {dag.py:3211} INFO - Sync 1 DAGs
[2024-09-04T21:13:06.256+0000] {logging_mixin.py:190} INFO - [2024-09-04T21:13:06.255+0000] {dag.py:4138} INFO - Setting next_dagrun for example_nested_branch_dag to 2024-09-03 00:00:00+00:00, run_after=2024-09-04 00:00:00+00:00
[2024-09-04T21:13:06.274+0000] {processor.py:208} INFO - Processing /home/airflow/.local/lib/python3.12/site-packages/airflow/example_dags/example_nested_branch_dag.py took 0.117 seconds
[2024-09-04T21:13:37.179+0000] {processor.py:186} INFO - Started process (PID=1723) to work on /home/airflow/.local/lib/python3.12/site-packages/airflow/example_dags/example_nested_branch_dag.py
[2024-09-04T21:13:37.180+0000] {processor.py:914} INFO - Processing file /home/airflow/.local/lib/python3.12/site-packages/airflow/example_dags/example_nested_branch_dag.py for tasks to queue
[2024-09-04T21:13:37.183+0000] {logging_mixin.py:190} INFO - [2024-09-04T21:13:37.182+0000] {dagbag.py:587} INFO - Filling up the DagBag from /home/airflow/.local/lib/python3.12/site-packages/airflow/example_dags/example_nested_branch_dag.py
[2024-09-04T21:13:37.193+0000] {processor.py:925} INFO - DAG(s) 'example_nested_branch_dag' retrieved from /home/airflow/.local/lib/python3.12/site-packages/airflow/example_dags/example_nested_branch_dag.py
[2024-09-04T21:13:37.214+0000] {logging_mixin.py:190} INFO - [2024-09-04T21:13:37.214+0000] {dag.py:3211} INFO - Sync 1 DAGs
[2024-09-04T21:13:37.241+0000] {logging_mixin.py:190} INFO - [2024-09-04T21:13:37.241+0000] {dag.py:4138} INFO - Setting next_dagrun for example_nested_branch_dag to 2024-09-03 00:00:00+00:00, run_after=2024-09-04 00:00:00+00:00
[2024-09-04T21:13:37.260+0000] {processor.py:208} INFO - Processing /home/airflow/.local/lib/python3.12/site-packages/airflow/example_dags/example_nested_branch_dag.py took 0.086 seconds
[2024-09-04T21:14:07.980+0000] {processor.py:186} INFO - Started process (PID=1786) to work on /home/airflow/.local/lib/python3.12/site-packages/airflow/example_dags/example_nested_branch_dag.py
[2024-09-04T21:14:07.981+0000] {processor.py:914} INFO - Processing file /home/airflow/.local/lib/python3.12/site-packages/airflow/example_dags/example_nested_branch_dag.py for tasks to queue
[2024-09-04T21:14:07.984+0000] {logging_mixin.py:190} INFO - [2024-09-04T21:14:07.984+0000] {dagbag.py:587} INFO - Filling up the DagBag from /home/airflow/.local/lib/python3.12/site-packages/airflow/example_dags/example_nested_branch_dag.py
[2024-09-04T21:14:07.994+0000] {processor.py:925} INFO - DAG(s) 'example_nested_branch_dag' retrieved from /home/airflow/.local/lib/python3.12/site-packages/airflow/example_dags/example_nested_branch_dag.py
[2024-09-04T21:14:08.016+0000] {logging_mixin.py:190} INFO - [2024-09-04T21:14:08.016+0000] {dag.py:3211} INFO - Sync 1 DAGs
[2024-09-04T21:14:08.039+0000] {logging_mixin.py:190} INFO - [2024-09-04T21:14:08.038+0000] {dag.py:4138} INFO - Setting next_dagrun for example_nested_branch_dag to 2024-09-03 00:00:00+00:00, run_after=2024-09-04 00:00:00+00:00
[2024-09-04T21:14:08.058+0000] {processor.py:208} INFO - Processing /home/airflow/.local/lib/python3.12/site-packages/airflow/example_dags/example_nested_branch_dag.py took 0.083 seconds
[2024-09-04T21:14:38.888+0000] {processor.py:186} INFO - Started process (PID=1849) to work on /home/airflow/.local/lib/python3.12/site-packages/airflow/example_dags/example_nested_branch_dag.py
[2024-09-04T21:14:38.889+0000] {processor.py:914} INFO - Processing file /home/airflow/.local/lib/python3.12/site-packages/airflow/example_dags/example_nested_branch_dag.py for tasks to queue
[2024-09-04T21:14:38.892+0000] {logging_mixin.py:190} INFO - [2024-09-04T21:14:38.892+0000] {dagbag.py:587} INFO - Filling up the DagBag from /home/airflow/.local/lib/python3.12/site-packages/airflow/example_dags/example_nested_branch_dag.py
[2024-09-04T21:14:38.904+0000] {processor.py:925} INFO - DAG(s) 'example_nested_branch_dag' retrieved from /home/airflow/.local/lib/python3.12/site-packages/airflow/example_dags/example_nested_branch_dag.py
[2024-09-04T21:14:38.926+0000] {logging_mixin.py:190} INFO - [2024-09-04T21:14:38.926+0000] {dag.py:3211} INFO - Sync 1 DAGs
[2024-09-04T21:14:38.957+0000] {logging_mixin.py:190} INFO - [2024-09-04T21:14:38.957+0000] {dag.py:4138} INFO - Setting next_dagrun for example_nested_branch_dag to 2024-09-03 00:00:00+00:00, run_after=2024-09-04 00:00:00+00:00
[2024-09-04T21:14:38.979+0000] {processor.py:208} INFO - Processing /home/airflow/.local/lib/python3.12/site-packages/airflow/example_dags/example_nested_branch_dag.py took 0.098 seconds
[2024-09-04T21:15:09.945+0000] {processor.py:186} INFO - Started process (PID=1912) to work on /home/airflow/.local/lib/python3.12/site-packages/airflow/example_dags/example_nested_branch_dag.py
[2024-09-04T21:15:10.059+0000] {processor.py:914} INFO - Processing file /home/airflow/.local/lib/python3.12/site-packages/airflow/example_dags/example_nested_branch_dag.py for tasks to queue
[2024-09-04T21:15:10.081+0000] {logging_mixin.py:190} INFO - [2024-09-04T21:15:10.079+0000] {dagbag.py:587} INFO - Filling up the DagBag from /home/airflow/.local/lib/python3.12/site-packages/airflow/example_dags/example_nested_branch_dag.py
[2024-09-04T21:15:10.145+0000] {processor.py:925} INFO - DAG(s) 'example_nested_branch_dag' retrieved from /home/airflow/.local/lib/python3.12/site-packages/airflow/example_dags/example_nested_branch_dag.py
[2024-09-04T21:15:10.221+0000] {logging_mixin.py:190} INFO - [2024-09-04T21:15:10.219+0000] {dag.py:3211} INFO - Sync 1 DAGs
[2024-09-04T21:15:10.298+0000] {logging_mixin.py:190} INFO - [2024-09-04T21:15:10.297+0000] {dag.py:4138} INFO - Setting next_dagrun for example_nested_branch_dag to 2024-09-03 00:00:00+00:00, run_after=2024-09-04 00:00:00+00:00
[2024-09-04T21:15:10.342+0000] {processor.py:208} INFO - Processing /home/airflow/.local/lib/python3.12/site-packages/airflow/example_dags/example_nested_branch_dag.py took 0.422 seconds
[2024-09-04T21:15:40.554+0000] {processor.py:186} INFO - Started process (PID=1975) to work on /home/airflow/.local/lib/python3.12/site-packages/airflow/example_dags/example_nested_branch_dag.py
[2024-09-04T21:15:40.555+0000] {processor.py:914} INFO - Processing file /home/airflow/.local/lib/python3.12/site-packages/airflow/example_dags/example_nested_branch_dag.py for tasks to queue
[2024-09-04T21:15:40.559+0000] {logging_mixin.py:190} INFO - [2024-09-04T21:15:40.559+0000] {dagbag.py:587} INFO - Filling up the DagBag from /home/airflow/.local/lib/python3.12/site-packages/airflow/example_dags/example_nested_branch_dag.py
[2024-09-04T21:15:40.576+0000] {processor.py:925} INFO - DAG(s) 'example_nested_branch_dag' retrieved from /home/airflow/.local/lib/python3.12/site-packages/airflow/example_dags/example_nested_branch_dag.py
[2024-09-04T21:15:40.612+0000] {logging_mixin.py:190} INFO - [2024-09-04T21:15:40.612+0000] {dag.py:3211} INFO - Sync 1 DAGs
[2024-09-04T21:15:40.657+0000] {logging_mixin.py:190} INFO - [2024-09-04T21:15:40.657+0000] {dag.py:4138} INFO - Setting next_dagrun for example_nested_branch_dag to 2024-09-03 00:00:00+00:00, run_after=2024-09-04 00:00:00+00:00
[2024-09-04T21:15:40.689+0000] {processor.py:208} INFO - Processing /home/airflow/.local/lib/python3.12/site-packages/airflow/example_dags/example_nested_branch_dag.py took 0.143 seconds
[2024-09-04T21:16:11.295+0000] {processor.py:186} INFO - Started process (PID=2039) to work on /home/airflow/.local/lib/python3.12/site-packages/airflow/example_dags/example_nested_branch_dag.py
[2024-09-04T21:16:11.296+0000] {processor.py:914} INFO - Processing file /home/airflow/.local/lib/python3.12/site-packages/airflow/example_dags/example_nested_branch_dag.py for tasks to queue
[2024-09-04T21:16:11.299+0000] {logging_mixin.py:190} INFO - [2024-09-04T21:16:11.298+0000] {dagbag.py:587} INFO - Filling up the DagBag from /home/airflow/.local/lib/python3.12/site-packages/airflow/example_dags/example_nested_branch_dag.py
[2024-09-04T21:16:11.310+0000] {processor.py:925} INFO - DAG(s) 'example_nested_branch_dag' retrieved from /home/airflow/.local/lib/python3.12/site-packages/airflow/example_dags/example_nested_branch_dag.py
[2024-09-04T21:16:11.332+0000] {logging_mixin.py:190} INFO - [2024-09-04T21:16:11.331+0000] {dag.py:3211} INFO - Sync 1 DAGs
[2024-09-04T21:16:11.354+0000] {logging_mixin.py:190} INFO - [2024-09-04T21:16:11.353+0000] {dag.py:4138} INFO - Setting next_dagrun for example_nested_branch_dag to 2024-09-03 00:00:00+00:00, run_after=2024-09-04 00:00:00+00:00
[2024-09-04T21:16:11.379+0000] {processor.py:208} INFO - Processing /home/airflow/.local/lib/python3.12/site-packages/airflow/example_dags/example_nested_branch_dag.py took 0.090 seconds
[2024-09-04T21:16:41.662+0000] {processor.py:186} INFO - Started process (PID=2102) to work on /home/airflow/.local/lib/python3.12/site-packages/airflow/example_dags/example_nested_branch_dag.py
[2024-09-04T21:16:41.663+0000] {processor.py:914} INFO - Processing file /home/airflow/.local/lib/python3.12/site-packages/airflow/example_dags/example_nested_branch_dag.py for tasks to queue
[2024-09-04T21:16:41.666+0000] {logging_mixin.py:190} INFO - [2024-09-04T21:16:41.666+0000] {dagbag.py:587} INFO - Filling up the DagBag from /home/airflow/.local/lib/python3.12/site-packages/airflow/example_dags/example_nested_branch_dag.py
[2024-09-04T21:16:41.678+0000] {processor.py:925} INFO - DAG(s) 'example_nested_branch_dag' retrieved from /home/airflow/.local/lib/python3.12/site-packages/airflow/example_dags/example_nested_branch_dag.py
[2024-09-04T21:16:41.699+0000] {logging_mixin.py:190} INFO - [2024-09-04T21:16:41.699+0000] {dag.py:3211} INFO - Sync 1 DAGs
[2024-09-04T21:16:41.720+0000] {logging_mixin.py:190} INFO - [2024-09-04T21:16:41.720+0000] {dag.py:4138} INFO - Setting next_dagrun for example_nested_branch_dag to 2024-09-03 00:00:00+00:00, run_after=2024-09-04 00:00:00+00:00
[2024-09-04T21:16:41.741+0000] {processor.py:208} INFO - Processing /home/airflow/.local/lib/python3.12/site-packages/airflow/example_dags/example_nested_branch_dag.py took 0.084 seconds
[2024-09-04T21:17:12.221+0000] {processor.py:186} INFO - Started process (PID=2165) to work on /home/airflow/.local/lib/python3.12/site-packages/airflow/example_dags/example_nested_branch_dag.py
[2024-09-04T21:17:12.223+0000] {processor.py:914} INFO - Processing file /home/airflow/.local/lib/python3.12/site-packages/airflow/example_dags/example_nested_branch_dag.py for tasks to queue
[2024-09-04T21:17:12.225+0000] {logging_mixin.py:190} INFO - [2024-09-04T21:17:12.225+0000] {dagbag.py:587} INFO - Filling up the DagBag from /home/airflow/.local/lib/python3.12/site-packages/airflow/example_dags/example_nested_branch_dag.py
[2024-09-04T21:17:12.239+0000] {processor.py:925} INFO - DAG(s) 'example_nested_branch_dag' retrieved from /home/airflow/.local/lib/python3.12/site-packages/airflow/example_dags/example_nested_branch_dag.py
[2024-09-04T21:17:12.263+0000] {logging_mixin.py:190} INFO - [2024-09-04T21:17:12.263+0000] {dag.py:3211} INFO - Sync 1 DAGs
[2024-09-04T21:17:12.288+0000] {logging_mixin.py:190} INFO - [2024-09-04T21:17:12.288+0000] {dag.py:4138} INFO - Setting next_dagrun for example_nested_branch_dag to 2024-09-03 00:00:00+00:00, run_after=2024-09-04 00:00:00+00:00
[2024-09-04T21:17:12.309+0000] {processor.py:208} INFO - Processing /home/airflow/.local/lib/python3.12/site-packages/airflow/example_dags/example_nested_branch_dag.py took 0.094 seconds
[2024-09-04T21:17:42.377+0000] {processor.py:186} INFO - Started process (PID=2228) to work on /home/airflow/.local/lib/python3.12/site-packages/airflow/example_dags/example_nested_branch_dag.py
[2024-09-04T21:17:42.377+0000] {processor.py:914} INFO - Processing file /home/airflow/.local/lib/python3.12/site-packages/airflow/example_dags/example_nested_branch_dag.py for tasks to queue
[2024-09-04T21:17:42.380+0000] {logging_mixin.py:190} INFO - [2024-09-04T21:17:42.380+0000] {dagbag.py:587} INFO - Filling up the DagBag from /home/airflow/.local/lib/python3.12/site-packages/airflow/example_dags/example_nested_branch_dag.py
[2024-09-04T21:17:42.392+0000] {processor.py:925} INFO - DAG(s) 'example_nested_branch_dag' retrieved from /home/airflow/.local/lib/python3.12/site-packages/airflow/example_dags/example_nested_branch_dag.py
[2024-09-04T21:17:42.419+0000] {logging_mixin.py:190} INFO - [2024-09-04T21:17:42.418+0000] {dag.py:3211} INFO - Sync 1 DAGs
[2024-09-04T21:17:42.440+0000] {logging_mixin.py:190} INFO - [2024-09-04T21:17:42.440+0000] {dag.py:4138} INFO - Setting next_dagrun for example_nested_branch_dag to 2024-09-03 00:00:00+00:00, run_after=2024-09-04 00:00:00+00:00
[2024-09-04T21:17:42.460+0000] {processor.py:208} INFO - Processing /home/airflow/.local/lib/python3.12/site-packages/airflow/example_dags/example_nested_branch_dag.py took 0.089 seconds
[2024-09-04T21:18:12.502+0000] {processor.py:186} INFO - Started process (PID=2290) to work on /home/airflow/.local/lib/python3.12/site-packages/airflow/example_dags/example_nested_branch_dag.py
[2024-09-04T21:18:12.504+0000] {processor.py:914} INFO - Processing file /home/airflow/.local/lib/python3.12/site-packages/airflow/example_dags/example_nested_branch_dag.py for tasks to queue
[2024-09-04T21:18:12.507+0000] {logging_mixin.py:190} INFO - [2024-09-04T21:18:12.507+0000] {dagbag.py:587} INFO - Filling up the DagBag from /home/airflow/.local/lib/python3.12/site-packages/airflow/example_dags/example_nested_branch_dag.py
[2024-09-04T21:18:12.520+0000] {processor.py:925} INFO - DAG(s) 'example_nested_branch_dag' retrieved from /home/airflow/.local/lib/python3.12/site-packages/airflow/example_dags/example_nested_branch_dag.py
[2024-09-04T21:18:12.545+0000] {logging_mixin.py:190} INFO - [2024-09-04T21:18:12.544+0000] {dag.py:3211} INFO - Sync 1 DAGs
[2024-09-04T21:18:12.573+0000] {logging_mixin.py:190} INFO - [2024-09-04T21:18:12.573+0000] {dag.py:4138} INFO - Setting next_dagrun for example_nested_branch_dag to 2024-09-03 00:00:00+00:00, run_after=2024-09-04 00:00:00+00:00
[2024-09-04T21:18:12.595+0000] {processor.py:208} INFO - Processing /home/airflow/.local/lib/python3.12/site-packages/airflow/example_dags/example_nested_branch_dag.py took 0.100 seconds
[2024-09-04T21:18:43.387+0000] {processor.py:186} INFO - Started process (PID=2354) to work on /home/airflow/.local/lib/python3.12/site-packages/airflow/example_dags/example_nested_branch_dag.py
[2024-09-04T21:18:43.388+0000] {processor.py:914} INFO - Processing file /home/airflow/.local/lib/python3.12/site-packages/airflow/example_dags/example_nested_branch_dag.py for tasks to queue
[2024-09-04T21:18:43.391+0000] {logging_mixin.py:190} INFO - [2024-09-04T21:18:43.390+0000] {dagbag.py:587} INFO - Filling up the DagBag from /home/airflow/.local/lib/python3.12/site-packages/airflow/example_dags/example_nested_branch_dag.py
[2024-09-04T21:18:43.403+0000] {processor.py:925} INFO - DAG(s) 'example_nested_branch_dag' retrieved from /home/airflow/.local/lib/python3.12/site-packages/airflow/example_dags/example_nested_branch_dag.py
[2024-09-04T21:18:43.430+0000] {logging_mixin.py:190} INFO - [2024-09-04T21:18:43.429+0000] {dag.py:3211} INFO - Sync 1 DAGs
[2024-09-04T21:18:43.454+0000] {logging_mixin.py:190} INFO - [2024-09-04T21:18:43.453+0000] {dag.py:4138} INFO - Setting next_dagrun for example_nested_branch_dag to 2024-09-03 00:00:00+00:00, run_after=2024-09-04 00:00:00+00:00
[2024-09-04T21:18:43.474+0000] {processor.py:208} INFO - Processing /home/airflow/.local/lib/python3.12/site-packages/airflow/example_dags/example_nested_branch_dag.py took 0.092 seconds
