[2024-09-04T20:52:38.980+0000] {processor.py:186} INFO - Started process (PID=118) to work on /home/airflow/.local/lib/python3.12/site-packages/airflow/example_dags/example_dataset_alias.py
[2024-09-04T20:52:38.982+0000] {processor.py:914} INFO - Processing file /home/airflow/.local/lib/python3.12/site-packages/airflow/example_dags/example_dataset_alias.py for tasks to queue
[2024-09-04T20:52:38.991+0000] {logging_mixin.py:190} INFO - [2024-09-04T20:52:38.990+0000] {dagbag.py:587} INFO - Filling up the DagBag from /home/airflow/.local/lib/python3.12/site-packages/airflow/example_dags/example_dataset_alias.py
[2024-09-04T20:52:39.248+0000] {processor.py:925} INFO - DAG(s) 'dataset_alias_example_alias_consumer', 'dataset_alias_example_alias_producer', 'dataset_s3_bucket_consumer', 'dataset_s3_bucket_producer' retrieved from /home/airflow/.local/lib/python3.12/site-packages/airflow/example_dags/example_dataset_alias.py
[2024-09-04T20:52:39.397+0000] {logging_mixin.py:190} INFO - [2024-09-04T20:52:39.396+0000] {override.py:1858} INFO - Created Permission View: can delete on DAG:dataset_alias_example_alias_consumer
[2024-09-04T20:52:39.416+0000] {logging_mixin.py:190} INFO - [2024-09-04T20:52:39.415+0000] {override.py:1858} INFO - Created Permission View: can edit on DAG:dataset_alias_example_alias_consumer
[2024-09-04T20:52:39.426+0000] {logging_mixin.py:190} INFO - [2024-09-04T20:52:39.425+0000] {override.py:1858} INFO - Created Permission View: can read on DAG:dataset_alias_example_alias_consumer
[2024-09-04T20:52:39.448+0000] {logging_mixin.py:190} INFO - [2024-09-04T20:52:39.448+0000] {override.py:1858} INFO - Created Permission View: can delete on DAG:dataset_alias_example_alias_producer
[2024-09-04T20:52:39.459+0000] {logging_mixin.py:190} INFO - [2024-09-04T20:52:39.458+0000] {override.py:1858} INFO - Created Permission View: can edit on DAG:dataset_alias_example_alias_producer
[2024-09-04T20:52:39.469+0000] {logging_mixin.py:190} INFO - [2024-09-04T20:52:39.468+0000] {override.py:1858} INFO - Created Permission View: can read on DAG:dataset_alias_example_alias_producer
[2024-09-04T20:52:39.497+0000] {logging_mixin.py:190} INFO - [2024-09-04T20:52:39.497+0000] {override.py:1858} INFO - Created Permission View: can delete on DAG:dataset_s3_bucket_consumer
[2024-09-04T20:52:39.509+0000] {logging_mixin.py:190} INFO - [2024-09-04T20:52:39.508+0000] {override.py:1858} INFO - Created Permission View: can edit on DAG:dataset_s3_bucket_consumer
[2024-09-04T20:52:39.523+0000] {logging_mixin.py:190} INFO - [2024-09-04T20:52:39.521+0000] {override.py:1858} INFO - Created Permission View: can read on DAG:dataset_s3_bucket_consumer
[2024-09-04T20:52:39.540+0000] {logging_mixin.py:190} INFO - [2024-09-04T20:52:39.539+0000] {override.py:1858} INFO - Created Permission View: can delete on DAG:dataset_s3_bucket_producer
[2024-09-04T20:52:39.553+0000] {logging_mixin.py:190} INFO - [2024-09-04T20:52:39.552+0000] {override.py:1858} INFO - Created Permission View: can edit on DAG:dataset_s3_bucket_producer
[2024-09-04T20:52:39.563+0000] {logging_mixin.py:190} INFO - [2024-09-04T20:52:39.563+0000] {override.py:1858} INFO - Created Permission View: can read on DAG:dataset_s3_bucket_producer
[2024-09-04T20:52:39.564+0000] {logging_mixin.py:190} INFO - [2024-09-04T20:52:39.564+0000] {dag.py:3211} INFO - Sync 4 DAGs
[2024-09-04T20:52:39.583+0000] {logging_mixin.py:190} INFO - [2024-09-04T20:52:39.583+0000] {dag.py:3234} INFO - Creating ORM DAG for dataset_s3_bucket_producer
[2024-09-04T20:52:39.585+0000] {logging_mixin.py:190} INFO - [2024-09-04T20:52:39.584+0000] {dag.py:3234} INFO - Creating ORM DAG for dataset_alias_example_alias_consumer
[2024-09-04T20:52:39.586+0000] {logging_mixin.py:190} INFO - [2024-09-04T20:52:39.586+0000] {dag.py:3234} INFO - Creating ORM DAG for dataset_s3_bucket_consumer
[2024-09-04T20:52:39.587+0000] {logging_mixin.py:190} INFO - [2024-09-04T20:52:39.586+0000] {dag.py:3234} INFO - Creating ORM DAG for dataset_alias_example_alias_producer
[2024-09-04T20:52:39.601+0000] {logging_mixin.py:190} INFO - [2024-09-04T20:52:39.601+0000] {dag.py:4138} INFO - Setting next_dagrun for dataset_alias_example_alias_consumer to None, run_after=None
[2024-09-04T20:52:39.602+0000] {logging_mixin.py:190} INFO - [2024-09-04T20:52:39.602+0000] {dag.py:4138} INFO - Setting next_dagrun for dataset_alias_example_alias_producer to None, run_after=None
[2024-09-04T20:52:39.604+0000] {logging_mixin.py:190} INFO - [2024-09-04T20:52:39.603+0000] {dag.py:4138} INFO - Setting next_dagrun for dataset_s3_bucket_consumer to None, run_after=None
[2024-09-04T20:52:39.605+0000] {logging_mixin.py:190} INFO - [2024-09-04T20:52:39.605+0000] {dag.py:4138} INFO - Setting next_dagrun for dataset_s3_bucket_producer to None, run_after=None
[2024-09-04T20:52:39.649+0000] {processor.py:208} INFO - Processing /home/airflow/.local/lib/python3.12/site-packages/airflow/example_dags/example_dataset_alias.py took 0.676 seconds
[2024-09-04T21:00:20.564+0000] {processor.py:186} INFO - Started process (PID=113) to work on /home/airflow/.local/lib/python3.12/site-packages/airflow/example_dags/example_dataset_alias.py
[2024-09-04T21:00:20.566+0000] {processor.py:914} INFO - Processing file /home/airflow/.local/lib/python3.12/site-packages/airflow/example_dags/example_dataset_alias.py for tasks to queue
[2024-09-04T21:00:20.569+0000] {logging_mixin.py:190} INFO - [2024-09-04T21:00:20.569+0000] {dagbag.py:587} INFO - Filling up the DagBag from /home/airflow/.local/lib/python3.12/site-packages/airflow/example_dags/example_dataset_alias.py
[2024-09-04T21:00:20.822+0000] {processor.py:925} INFO - DAG(s) 'dataset_alias_example_alias_producer', 'dataset_alias_example_alias_consumer', 'dataset_s3_bucket_consumer', 'dataset_s3_bucket_producer' retrieved from /home/airflow/.local/lib/python3.12/site-packages/airflow/example_dags/example_dataset_alias.py
[2024-09-04T21:00:20.864+0000] {logging_mixin.py:190} INFO - [2024-09-04T21:00:20.864+0000] {dag.py:3211} INFO - Sync 4 DAGs
[2024-09-04T21:00:20.904+0000] {logging_mixin.py:190} INFO - [2024-09-04T21:00:20.903+0000] {dag.py:4138} INFO - Setting next_dagrun for dataset_alias_example_alias_consumer to None, run_after=None
[2024-09-04T21:00:20.908+0000] {logging_mixin.py:190} INFO - [2024-09-04T21:00:20.908+0000] {dag.py:4138} INFO - Setting next_dagrun for dataset_alias_example_alias_producer to None, run_after=None
[2024-09-04T21:00:20.910+0000] {logging_mixin.py:190} INFO - [2024-09-04T21:00:20.910+0000] {dag.py:4138} INFO - Setting next_dagrun for dataset_s3_bucket_consumer to None, run_after=None
[2024-09-04T21:00:20.913+0000] {logging_mixin.py:190} INFO - [2024-09-04T21:00:20.912+0000] {dag.py:4138} INFO - Setting next_dagrun for dataset_s3_bucket_producer to None, run_after=None
[2024-09-04T21:00:20.949+0000] {processor.py:208} INFO - Processing /home/airflow/.local/lib/python3.12/site-packages/airflow/example_dags/example_dataset_alias.py took 0.396 seconds
[2024-09-04T21:00:51.784+0000] {processor.py:186} INFO - Started process (PID=175) to work on /home/airflow/.local/lib/python3.12/site-packages/airflow/example_dags/example_dataset_alias.py
[2024-09-04T21:00:51.785+0000] {processor.py:914} INFO - Processing file /home/airflow/.local/lib/python3.12/site-packages/airflow/example_dags/example_dataset_alias.py for tasks to queue
[2024-09-04T21:00:51.788+0000] {logging_mixin.py:190} INFO - [2024-09-04T21:00:51.788+0000] {dagbag.py:587} INFO - Filling up the DagBag from /home/airflow/.local/lib/python3.12/site-packages/airflow/example_dags/example_dataset_alias.py
[2024-09-04T21:00:51.934+0000] {processor.py:925} INFO - DAG(s) 'dataset_alias_example_alias_producer', 'dataset_s3_bucket_producer', 'dataset_s3_bucket_consumer', 'dataset_alias_example_alias_consumer' retrieved from /home/airflow/.local/lib/python3.12/site-packages/airflow/example_dags/example_dataset_alias.py
[2024-09-04T21:00:51.961+0000] {logging_mixin.py:190} INFO - [2024-09-04T21:00:51.961+0000] {dag.py:3211} INFO - Sync 4 DAGs
[2024-09-04T21:00:51.985+0000] {logging_mixin.py:190} INFO - [2024-09-04T21:00:51.985+0000] {dag.py:4138} INFO - Setting next_dagrun for dataset_alias_example_alias_consumer to None, run_after=None
[2024-09-04T21:00:51.991+0000] {logging_mixin.py:190} INFO - [2024-09-04T21:00:51.991+0000] {dag.py:4138} INFO - Setting next_dagrun for dataset_alias_example_alias_producer to None, run_after=None
[2024-09-04T21:00:51.993+0000] {logging_mixin.py:190} INFO - [2024-09-04T21:00:51.993+0000] {dag.py:4138} INFO - Setting next_dagrun for dataset_s3_bucket_consumer to None, run_after=None
[2024-09-04T21:00:51.995+0000] {logging_mixin.py:190} INFO - [2024-09-04T21:00:51.995+0000] {dag.py:4138} INFO - Setting next_dagrun for dataset_s3_bucket_producer to None, run_after=None
[2024-09-04T21:00:52.028+0000] {processor.py:208} INFO - Processing /home/airflow/.local/lib/python3.12/site-packages/airflow/example_dags/example_dataset_alias.py took 0.249 seconds
[2024-09-04T21:01:22.076+0000] {processor.py:186} INFO - Started process (PID=237) to work on /home/airflow/.local/lib/python3.12/site-packages/airflow/example_dags/example_dataset_alias.py
[2024-09-04T21:01:22.077+0000] {processor.py:914} INFO - Processing file /home/airflow/.local/lib/python3.12/site-packages/airflow/example_dags/example_dataset_alias.py for tasks to queue
[2024-09-04T21:01:22.079+0000] {logging_mixin.py:190} INFO - [2024-09-04T21:01:22.079+0000] {dagbag.py:587} INFO - Filling up the DagBag from /home/airflow/.local/lib/python3.12/site-packages/airflow/example_dags/example_dataset_alias.py
[2024-09-04T21:01:22.207+0000] {processor.py:925} INFO - DAG(s) 'dataset_alias_example_alias_consumer', 'dataset_s3_bucket_consumer', 'dataset_s3_bucket_producer', 'dataset_alias_example_alias_producer' retrieved from /home/airflow/.local/lib/python3.12/site-packages/airflow/example_dags/example_dataset_alias.py
[2024-09-04T21:01:22.229+0000] {logging_mixin.py:190} INFO - [2024-09-04T21:01:22.229+0000] {dag.py:3211} INFO - Sync 4 DAGs
[2024-09-04T21:01:22.253+0000] {logging_mixin.py:190} INFO - [2024-09-04T21:01:22.252+0000] {dag.py:4138} INFO - Setting next_dagrun for dataset_alias_example_alias_consumer to None, run_after=None
[2024-09-04T21:01:22.256+0000] {logging_mixin.py:190} INFO - [2024-09-04T21:01:22.256+0000] {dag.py:4138} INFO - Setting next_dagrun for dataset_alias_example_alias_producer to None, run_after=None
[2024-09-04T21:01:22.258+0000] {logging_mixin.py:190} INFO - [2024-09-04T21:01:22.258+0000] {dag.py:4138} INFO - Setting next_dagrun for dataset_s3_bucket_consumer to None, run_after=None
[2024-09-04T21:01:22.260+0000] {logging_mixin.py:190} INFO - [2024-09-04T21:01:22.260+0000] {dag.py:4138} INFO - Setting next_dagrun for dataset_s3_bucket_producer to None, run_after=None
[2024-09-04T21:01:22.285+0000] {processor.py:208} INFO - Processing /home/airflow/.local/lib/python3.12/site-packages/airflow/example_dags/example_dataset_alias.py took 0.213 seconds
[2024-09-04T21:01:53.106+0000] {processor.py:186} INFO - Started process (PID=299) to work on /home/airflow/.local/lib/python3.12/site-packages/airflow/example_dags/example_dataset_alias.py
[2024-09-04T21:01:53.107+0000] {processor.py:914} INFO - Processing file /home/airflow/.local/lib/python3.12/site-packages/airflow/example_dags/example_dataset_alias.py for tasks to queue
[2024-09-04T21:01:53.109+0000] {logging_mixin.py:190} INFO - [2024-09-04T21:01:53.109+0000] {dagbag.py:587} INFO - Filling up the DagBag from /home/airflow/.local/lib/python3.12/site-packages/airflow/example_dags/example_dataset_alias.py
[2024-09-04T21:01:53.233+0000] {processor.py:925} INFO - DAG(s) 'dataset_alias_example_alias_producer', 'dataset_alias_example_alias_consumer', 'dataset_s3_bucket_consumer', 'dataset_s3_bucket_producer' retrieved from /home/airflow/.local/lib/python3.12/site-packages/airflow/example_dags/example_dataset_alias.py
[2024-09-04T21:01:53.253+0000] {logging_mixin.py:190} INFO - [2024-09-04T21:01:53.253+0000] {dag.py:3211} INFO - Sync 4 DAGs
[2024-09-04T21:01:53.273+0000] {logging_mixin.py:190} INFO - [2024-09-04T21:01:53.273+0000] {dag.py:4138} INFO - Setting next_dagrun for dataset_alias_example_alias_consumer to None, run_after=None
[2024-09-04T21:01:53.276+0000] {logging_mixin.py:190} INFO - [2024-09-04T21:01:53.276+0000] {dag.py:4138} INFO - Setting next_dagrun for dataset_alias_example_alias_producer to None, run_after=None
[2024-09-04T21:01:53.278+0000] {logging_mixin.py:190} INFO - [2024-09-04T21:01:53.278+0000] {dag.py:4138} INFO - Setting next_dagrun for dataset_s3_bucket_consumer to None, run_after=None
[2024-09-04T21:01:53.280+0000] {logging_mixin.py:190} INFO - [2024-09-04T21:01:53.280+0000] {dag.py:4138} INFO - Setting next_dagrun for dataset_s3_bucket_producer to None, run_after=None
[2024-09-04T21:01:53.303+0000] {processor.py:208} INFO - Processing /home/airflow/.local/lib/python3.12/site-packages/airflow/example_dags/example_dataset_alias.py took 0.202 seconds
[2024-09-04T21:02:23.923+0000] {processor.py:186} INFO - Started process (PID=362) to work on /home/airflow/.local/lib/python3.12/site-packages/airflow/example_dags/example_dataset_alias.py
[2024-09-04T21:02:23.925+0000] {processor.py:914} INFO - Processing file /home/airflow/.local/lib/python3.12/site-packages/airflow/example_dags/example_dataset_alias.py for tasks to queue
[2024-09-04T21:02:23.927+0000] {logging_mixin.py:190} INFO - [2024-09-04T21:02:23.926+0000] {dagbag.py:587} INFO - Filling up the DagBag from /home/airflow/.local/lib/python3.12/site-packages/airflow/example_dags/example_dataset_alias.py
[2024-09-04T21:02:24.068+0000] {processor.py:925} INFO - DAG(s) 'dataset_alias_example_alias_consumer', 'dataset_s3_bucket_producer', 'dataset_s3_bucket_consumer', 'dataset_alias_example_alias_producer' retrieved from /home/airflow/.local/lib/python3.12/site-packages/airflow/example_dags/example_dataset_alias.py
[2024-09-04T21:02:24.092+0000] {logging_mixin.py:190} INFO - [2024-09-04T21:02:24.092+0000] {dag.py:3211} INFO - Sync 4 DAGs
[2024-09-04T21:02:24.114+0000] {logging_mixin.py:190} INFO - [2024-09-04T21:02:24.114+0000] {dag.py:4138} INFO - Setting next_dagrun for dataset_alias_example_alias_consumer to None, run_after=None
[2024-09-04T21:02:24.117+0000] {logging_mixin.py:190} INFO - [2024-09-04T21:02:24.117+0000] {dag.py:4138} INFO - Setting next_dagrun for dataset_alias_example_alias_producer to None, run_after=None
[2024-09-04T21:02:24.118+0000] {logging_mixin.py:190} INFO - [2024-09-04T21:02:24.118+0000] {dag.py:4138} INFO - Setting next_dagrun for dataset_s3_bucket_consumer to None, run_after=None
[2024-09-04T21:02:24.120+0000] {logging_mixin.py:190} INFO - [2024-09-04T21:02:24.120+0000] {dag.py:4138} INFO - Setting next_dagrun for dataset_s3_bucket_producer to None, run_after=None
[2024-09-04T21:02:24.144+0000] {processor.py:208} INFO - Processing /home/airflow/.local/lib/python3.12/site-packages/airflow/example_dags/example_dataset_alias.py took 0.226 seconds
[2024-09-04T21:02:54.510+0000] {processor.py:186} INFO - Started process (PID=430) to work on /home/airflow/.local/lib/python3.12/site-packages/airflow/example_dags/example_dataset_alias.py
[2024-09-04T21:02:54.511+0000] {processor.py:914} INFO - Processing file /home/airflow/.local/lib/python3.12/site-packages/airflow/example_dags/example_dataset_alias.py for tasks to queue
[2024-09-04T21:02:54.515+0000] {logging_mixin.py:190} INFO - [2024-09-04T21:02:54.515+0000] {dagbag.py:587} INFO - Filling up the DagBag from /home/airflow/.local/lib/python3.12/site-packages/airflow/example_dags/example_dataset_alias.py
[2024-09-04T21:02:54.645+0000] {processor.py:925} INFO - DAG(s) 'dataset_alias_example_alias_consumer', 'dataset_alias_example_alias_producer', 'dataset_s3_bucket_producer', 'dataset_s3_bucket_consumer' retrieved from /home/airflow/.local/lib/python3.12/site-packages/airflow/example_dags/example_dataset_alias.py
[2024-09-04T21:02:54.667+0000] {logging_mixin.py:190} INFO - [2024-09-04T21:02:54.666+0000] {dag.py:3211} INFO - Sync 4 DAGs
[2024-09-04T21:02:54.686+0000] {logging_mixin.py:190} INFO - [2024-09-04T21:02:54.686+0000] {dag.py:4138} INFO - Setting next_dagrun for dataset_alias_example_alias_consumer to None, run_after=None
[2024-09-04T21:02:54.689+0000] {logging_mixin.py:190} INFO - [2024-09-04T21:02:54.689+0000] {dag.py:4138} INFO - Setting next_dagrun for dataset_alias_example_alias_producer to None, run_after=None
[2024-09-04T21:02:54.692+0000] {logging_mixin.py:190} INFO - [2024-09-04T21:02:54.691+0000] {dag.py:4138} INFO - Setting next_dagrun for dataset_s3_bucket_consumer to None, run_after=None
[2024-09-04T21:02:54.693+0000] {logging_mixin.py:190} INFO - [2024-09-04T21:02:54.693+0000] {dag.py:4138} INFO - Setting next_dagrun for dataset_s3_bucket_producer to None, run_after=None
[2024-09-04T21:02:54.718+0000] {processor.py:208} INFO - Processing /home/airflow/.local/lib/python3.12/site-packages/airflow/example_dags/example_dataset_alias.py took 0.215 seconds
[2024-09-04T21:03:24.881+0000] {processor.py:186} INFO - Started process (PID=493) to work on /home/airflow/.local/lib/python3.12/site-packages/airflow/example_dags/example_dataset_alias.py
[2024-09-04T21:03:24.883+0000] {processor.py:914} INFO - Processing file /home/airflow/.local/lib/python3.12/site-packages/airflow/example_dags/example_dataset_alias.py for tasks to queue
[2024-09-04T21:03:24.888+0000] {logging_mixin.py:190} INFO - [2024-09-04T21:03:24.887+0000] {dagbag.py:587} INFO - Filling up the DagBag from /home/airflow/.local/lib/python3.12/site-packages/airflow/example_dags/example_dataset_alias.py
[2024-09-04T21:03:25.173+0000] {processor.py:925} INFO - DAG(s) 'dataset_s3_bucket_producer', 'dataset_s3_bucket_consumer', 'dataset_alias_example_alias_consumer', 'dataset_alias_example_alias_producer' retrieved from /home/airflow/.local/lib/python3.12/site-packages/airflow/example_dags/example_dataset_alias.py
[2024-09-04T21:03:25.218+0000] {logging_mixin.py:190} INFO - [2024-09-04T21:03:25.218+0000] {dag.py:3211} INFO - Sync 4 DAGs
[2024-09-04T21:03:25.262+0000] {logging_mixin.py:190} INFO - [2024-09-04T21:03:25.262+0000] {dag.py:4138} INFO - Setting next_dagrun for dataset_alias_example_alias_consumer to None, run_after=None
[2024-09-04T21:03:25.267+0000] {logging_mixin.py:190} INFO - [2024-09-04T21:03:25.267+0000] {dag.py:4138} INFO - Setting next_dagrun for dataset_alias_example_alias_producer to None, run_after=None
[2024-09-04T21:03:25.270+0000] {logging_mixin.py:190} INFO - [2024-09-04T21:03:25.270+0000] {dag.py:4138} INFO - Setting next_dagrun for dataset_s3_bucket_consumer to None, run_after=None
[2024-09-04T21:03:25.273+0000] {logging_mixin.py:190} INFO - [2024-09-04T21:03:25.272+0000] {dag.py:4138} INFO - Setting next_dagrun for dataset_s3_bucket_producer to None, run_after=None
[2024-09-04T21:03:25.316+0000] {processor.py:208} INFO - Processing /home/airflow/.local/lib/python3.12/site-packages/airflow/example_dags/example_dataset_alias.py took 0.448 seconds
[2024-09-04T21:03:55.707+0000] {processor.py:186} INFO - Started process (PID=556) to work on /home/airflow/.local/lib/python3.12/site-packages/airflow/example_dags/example_dataset_alias.py
[2024-09-04T21:03:55.710+0000] {processor.py:914} INFO - Processing file /home/airflow/.local/lib/python3.12/site-packages/airflow/example_dags/example_dataset_alias.py for tasks to queue
[2024-09-04T21:03:55.715+0000] {logging_mixin.py:190} INFO - [2024-09-04T21:03:55.714+0000] {dagbag.py:587} INFO - Filling up the DagBag from /home/airflow/.local/lib/python3.12/site-packages/airflow/example_dags/example_dataset_alias.py
[2024-09-04T21:03:56.164+0000] {processor.py:925} INFO - DAG(s) 'dataset_alias_example_alias_producer', 'dataset_s3_bucket_producer', 'dataset_alias_example_alias_consumer', 'dataset_s3_bucket_consumer' retrieved from /home/airflow/.local/lib/python3.12/site-packages/airflow/example_dags/example_dataset_alias.py
[2024-09-04T21:03:56.275+0000] {logging_mixin.py:190} INFO - [2024-09-04T21:03:56.274+0000] {dag.py:3211} INFO - Sync 4 DAGs
[2024-09-04T21:03:56.403+0000] {logging_mixin.py:190} INFO - [2024-09-04T21:03:56.402+0000] {dag.py:4138} INFO - Setting next_dagrun for dataset_alias_example_alias_consumer to None, run_after=None
[2024-09-04T21:03:56.425+0000] {logging_mixin.py:190} INFO - [2024-09-04T21:03:56.424+0000] {dag.py:4138} INFO - Setting next_dagrun for dataset_alias_example_alias_producer to None, run_after=None
[2024-09-04T21:03:56.439+0000] {logging_mixin.py:190} INFO - [2024-09-04T21:03:56.432+0000] {dag.py:4138} INFO - Setting next_dagrun for dataset_s3_bucket_consumer to None, run_after=None
[2024-09-04T21:03:56.446+0000] {logging_mixin.py:190} INFO - [2024-09-04T21:03:56.446+0000] {dag.py:4138} INFO - Setting next_dagrun for dataset_s3_bucket_producer to None, run_after=None
[2024-09-04T21:03:56.556+0000] {processor.py:208} INFO - Processing /home/airflow/.local/lib/python3.12/site-packages/airflow/example_dags/example_dataset_alias.py took 0.863 seconds
[2024-09-04T21:04:27.064+0000] {processor.py:186} INFO - Started process (PID=618) to work on /home/airflow/.local/lib/python3.12/site-packages/airflow/example_dags/example_dataset_alias.py
[2024-09-04T21:04:27.066+0000] {processor.py:914} INFO - Processing file /home/airflow/.local/lib/python3.12/site-packages/airflow/example_dags/example_dataset_alias.py for tasks to queue
[2024-09-04T21:04:27.069+0000] {logging_mixin.py:190} INFO - [2024-09-04T21:04:27.068+0000] {dagbag.py:587} INFO - Filling up the DagBag from /home/airflow/.local/lib/python3.12/site-packages/airflow/example_dags/example_dataset_alias.py
[2024-09-04T21:04:27.248+0000] {processor.py:925} INFO - DAG(s) 'dataset_alias_example_alias_consumer', 'dataset_s3_bucket_consumer', 'dataset_alias_example_alias_producer', 'dataset_s3_bucket_producer' retrieved from /home/airflow/.local/lib/python3.12/site-packages/airflow/example_dags/example_dataset_alias.py
[2024-09-04T21:04:27.278+0000] {logging_mixin.py:190} INFO - [2024-09-04T21:04:27.277+0000] {dag.py:3211} INFO - Sync 4 DAGs
[2024-09-04T21:04:27.309+0000] {logging_mixin.py:190} INFO - [2024-09-04T21:04:27.309+0000] {dag.py:4138} INFO - Setting next_dagrun for dataset_alias_example_alias_consumer to None, run_after=None
[2024-09-04T21:04:27.312+0000] {logging_mixin.py:190} INFO - [2024-09-04T21:04:27.312+0000] {dag.py:4138} INFO - Setting next_dagrun for dataset_alias_example_alias_producer to None, run_after=None
[2024-09-04T21:04:27.315+0000] {logging_mixin.py:190} INFO - [2024-09-04T21:04:27.315+0000] {dag.py:4138} INFO - Setting next_dagrun for dataset_s3_bucket_consumer to None, run_after=None
[2024-09-04T21:04:27.317+0000] {logging_mixin.py:190} INFO - [2024-09-04T21:04:27.317+0000] {dag.py:4138} INFO - Setting next_dagrun for dataset_s3_bucket_producer to None, run_after=None
[2024-09-04T21:04:27.350+0000] {processor.py:208} INFO - Processing /home/airflow/.local/lib/python3.12/site-packages/airflow/example_dags/example_dataset_alias.py took 0.293 seconds
[2024-09-04T21:04:57.595+0000] {processor.py:186} INFO - Started process (PID=680) to work on /home/airflow/.local/lib/python3.12/site-packages/airflow/example_dags/example_dataset_alias.py
[2024-09-04T21:04:57.596+0000] {processor.py:914} INFO - Processing file /home/airflow/.local/lib/python3.12/site-packages/airflow/example_dags/example_dataset_alias.py for tasks to queue
[2024-09-04T21:04:57.599+0000] {logging_mixin.py:190} INFO - [2024-09-04T21:04:57.599+0000] {dagbag.py:587} INFO - Filling up the DagBag from /home/airflow/.local/lib/python3.12/site-packages/airflow/example_dags/example_dataset_alias.py
[2024-09-04T21:04:58.231+0000] {processor.py:925} INFO - DAG(s) 'dataset_s3_bucket_consumer', 'dataset_s3_bucket_producer', 'dataset_alias_example_alias_consumer', 'dataset_alias_example_alias_producer' retrieved from /home/airflow/.local/lib/python3.12/site-packages/airflow/example_dags/example_dataset_alias.py
[2024-09-04T21:04:58.361+0000] {logging_mixin.py:190} INFO - [2024-09-04T21:04:58.360+0000] {dag.py:3211} INFO - Sync 4 DAGs
[2024-09-04T21:04:58.488+0000] {logging_mixin.py:190} INFO - [2024-09-04T21:04:58.488+0000] {dag.py:4138} INFO - Setting next_dagrun for dataset_alias_example_alias_consumer to None, run_after=None
[2024-09-04T21:04:58.502+0000] {logging_mixin.py:190} INFO - [2024-09-04T21:04:58.502+0000] {dag.py:4138} INFO - Setting next_dagrun for dataset_alias_example_alias_producer to None, run_after=None
[2024-09-04T21:04:58.516+0000] {logging_mixin.py:190} INFO - [2024-09-04T21:04:58.514+0000] {dag.py:4138} INFO - Setting next_dagrun for dataset_s3_bucket_consumer to None, run_after=None
[2024-09-04T21:04:58.528+0000] {logging_mixin.py:190} INFO - [2024-09-04T21:04:58.527+0000] {dag.py:4138} INFO - Setting next_dagrun for dataset_s3_bucket_producer to None, run_after=None
[2024-09-04T21:04:58.632+0000] {processor.py:208} INFO - Processing /home/airflow/.local/lib/python3.12/site-packages/airflow/example_dags/example_dataset_alias.py took 1.046 seconds
[2024-09-04T21:05:28.714+0000] {processor.py:186} INFO - Started process (PID=743) to work on /home/airflow/.local/lib/python3.12/site-packages/airflow/example_dags/example_dataset_alias.py
[2024-09-04T21:05:28.716+0000] {processor.py:914} INFO - Processing file /home/airflow/.local/lib/python3.12/site-packages/airflow/example_dags/example_dataset_alias.py for tasks to queue
[2024-09-04T21:05:28.719+0000] {logging_mixin.py:190} INFO - [2024-09-04T21:05:28.719+0000] {dagbag.py:587} INFO - Filling up the DagBag from /home/airflow/.local/lib/python3.12/site-packages/airflow/example_dags/example_dataset_alias.py
[2024-09-04T21:05:28.924+0000] {processor.py:925} INFO - DAG(s) 'dataset_alias_example_alias_consumer', 'dataset_s3_bucket_consumer', 'dataset_s3_bucket_producer', 'dataset_alias_example_alias_producer' retrieved from /home/airflow/.local/lib/python3.12/site-packages/airflow/example_dags/example_dataset_alias.py
[2024-09-04T21:05:28.952+0000] {logging_mixin.py:190} INFO - [2024-09-04T21:05:28.952+0000] {dag.py:3211} INFO - Sync 4 DAGs
[2024-09-04T21:05:28.983+0000] {logging_mixin.py:190} INFO - [2024-09-04T21:05:28.983+0000] {dag.py:4138} INFO - Setting next_dagrun for dataset_alias_example_alias_consumer to None, run_after=None
[2024-09-04T21:05:28.988+0000] {logging_mixin.py:190} INFO - [2024-09-04T21:05:28.987+0000] {dag.py:4138} INFO - Setting next_dagrun for dataset_alias_example_alias_producer to None, run_after=None
[2024-09-04T21:05:28.990+0000] {logging_mixin.py:190} INFO - [2024-09-04T21:05:28.990+0000] {dag.py:4138} INFO - Setting next_dagrun for dataset_s3_bucket_consumer to None, run_after=None
[2024-09-04T21:05:28.993+0000] {logging_mixin.py:190} INFO - [2024-09-04T21:05:28.992+0000] {dag.py:4138} INFO - Setting next_dagrun for dataset_s3_bucket_producer to None, run_after=None
[2024-09-04T21:05:29.021+0000] {processor.py:208} INFO - Processing /home/airflow/.local/lib/python3.12/site-packages/airflow/example_dags/example_dataset_alias.py took 0.314 seconds
[2024-09-04T21:05:59.147+0000] {processor.py:186} INFO - Started process (PID=804) to work on /home/airflow/.local/lib/python3.12/site-packages/airflow/example_dags/example_dataset_alias.py
[2024-09-04T21:05:59.149+0000] {processor.py:914} INFO - Processing file /home/airflow/.local/lib/python3.12/site-packages/airflow/example_dags/example_dataset_alias.py for tasks to queue
[2024-09-04T21:05:59.153+0000] {logging_mixin.py:190} INFO - [2024-09-04T21:05:59.152+0000] {dagbag.py:587} INFO - Filling up the DagBag from /home/airflow/.local/lib/python3.12/site-packages/airflow/example_dags/example_dataset_alias.py
[2024-09-04T21:05:59.377+0000] {processor.py:925} INFO - DAG(s) 'dataset_alias_example_alias_producer', 'dataset_alias_example_alias_consumer', 'dataset_s3_bucket_consumer', 'dataset_s3_bucket_producer' retrieved from /home/airflow/.local/lib/python3.12/site-packages/airflow/example_dags/example_dataset_alias.py
[2024-09-04T21:05:59.406+0000] {logging_mixin.py:190} INFO - [2024-09-04T21:05:59.405+0000] {dag.py:3211} INFO - Sync 4 DAGs
[2024-09-04T21:05:59.436+0000] {logging_mixin.py:190} INFO - [2024-09-04T21:05:59.436+0000] {dag.py:4138} INFO - Setting next_dagrun for dataset_alias_example_alias_consumer to None, run_after=None
[2024-09-04T21:05:59.440+0000] {logging_mixin.py:190} INFO - [2024-09-04T21:05:59.439+0000] {dag.py:4138} INFO - Setting next_dagrun for dataset_alias_example_alias_producer to None, run_after=None
[2024-09-04T21:05:59.441+0000] {logging_mixin.py:190} INFO - [2024-09-04T21:05:59.441+0000] {dag.py:4138} INFO - Setting next_dagrun for dataset_s3_bucket_consumer to None, run_after=None
[2024-09-04T21:05:59.443+0000] {logging_mixin.py:190} INFO - [2024-09-04T21:05:59.443+0000] {dag.py:4138} INFO - Setting next_dagrun for dataset_s3_bucket_producer to None, run_after=None
[2024-09-04T21:05:59.471+0000] {processor.py:208} INFO - Processing /home/airflow/.local/lib/python3.12/site-packages/airflow/example_dags/example_dataset_alias.py took 0.334 seconds
[2024-09-04T21:06:33.060+0000] {processor.py:186} INFO - Started process (PID=865) to work on /home/airflow/.local/lib/python3.12/site-packages/airflow/example_dags/example_dataset_alias.py
[2024-09-04T21:06:33.063+0000] {processor.py:914} INFO - Processing file /home/airflow/.local/lib/python3.12/site-packages/airflow/example_dags/example_dataset_alias.py for tasks to queue
[2024-09-04T21:06:33.082+0000] {logging_mixin.py:190} INFO - [2024-09-04T21:06:33.080+0000] {dagbag.py:587} INFO - Filling up the DagBag from /home/airflow/.local/lib/python3.12/site-packages/airflow/example_dags/example_dataset_alias.py
[2024-09-04T21:06:34.162+0000] {processor.py:925} INFO - DAG(s) 'dataset_alias_example_alias_consumer', 'dataset_alias_example_alias_producer', 'dataset_s3_bucket_producer', 'dataset_s3_bucket_consumer' retrieved from /home/airflow/.local/lib/python3.12/site-packages/airflow/example_dags/example_dataset_alias.py
[2024-09-04T21:06:34.316+0000] {logging_mixin.py:190} INFO - [2024-09-04T21:06:34.315+0000] {dag.py:3211} INFO - Sync 4 DAGs
[2024-09-04T21:06:34.429+0000] {logging_mixin.py:190} INFO - [2024-09-04T21:06:34.424+0000] {dag.py:4138} INFO - Setting next_dagrun for dataset_alias_example_alias_consumer to None, run_after=None
[2024-09-04T21:06:34.443+0000] {logging_mixin.py:190} INFO - [2024-09-04T21:06:34.442+0000] {dag.py:4138} INFO - Setting next_dagrun for dataset_alias_example_alias_producer to None, run_after=None
[2024-09-04T21:06:34.454+0000] {logging_mixin.py:190} INFO - [2024-09-04T21:06:34.452+0000] {dag.py:4138} INFO - Setting next_dagrun for dataset_s3_bucket_consumer to None, run_after=None
[2024-09-04T21:06:34.460+0000] {logging_mixin.py:190} INFO - [2024-09-04T21:06:34.460+0000] {dag.py:4138} INFO - Setting next_dagrun for dataset_s3_bucket_producer to None, run_after=None
[2024-09-04T21:06:34.603+0000] {processor.py:208} INFO - Processing /home/airflow/.local/lib/python3.12/site-packages/airflow/example_dags/example_dataset_alias.py took 1.584 seconds
[2024-09-04T21:07:05.297+0000] {processor.py:186} INFO - Started process (PID=928) to work on /home/airflow/.local/lib/python3.12/site-packages/airflow/example_dags/example_dataset_alias.py
[2024-09-04T21:07:05.299+0000] {processor.py:914} INFO - Processing file /home/airflow/.local/lib/python3.12/site-packages/airflow/example_dags/example_dataset_alias.py for tasks to queue
[2024-09-04T21:07:05.301+0000] {logging_mixin.py:190} INFO - [2024-09-04T21:07:05.301+0000] {dagbag.py:587} INFO - Filling up the DagBag from /home/airflow/.local/lib/python3.12/site-packages/airflow/example_dags/example_dataset_alias.py
[2024-09-04T21:07:05.440+0000] {processor.py:925} INFO - DAG(s) 'dataset_s3_bucket_producer', 'dataset_alias_example_alias_producer', 'dataset_alias_example_alias_consumer', 'dataset_s3_bucket_consumer' retrieved from /home/airflow/.local/lib/python3.12/site-packages/airflow/example_dags/example_dataset_alias.py
[2024-09-04T21:07:05.462+0000] {logging_mixin.py:190} INFO - [2024-09-04T21:07:05.462+0000] {dag.py:3211} INFO - Sync 4 DAGs
[2024-09-04T21:07:05.482+0000] {logging_mixin.py:190} INFO - [2024-09-04T21:07:05.482+0000] {dag.py:4138} INFO - Setting next_dagrun for dataset_alias_example_alias_consumer to None, run_after=None
[2024-09-04T21:07:05.484+0000] {logging_mixin.py:190} INFO - [2024-09-04T21:07:05.484+0000] {dag.py:4138} INFO - Setting next_dagrun for dataset_alias_example_alias_producer to None, run_after=None
[2024-09-04T21:07:05.487+0000] {logging_mixin.py:190} INFO - [2024-09-04T21:07:05.486+0000] {dag.py:4138} INFO - Setting next_dagrun for dataset_s3_bucket_consumer to None, run_after=None
[2024-09-04T21:07:05.488+0000] {logging_mixin.py:190} INFO - [2024-09-04T21:07:05.488+0000] {dag.py:4138} INFO - Setting next_dagrun for dataset_s3_bucket_producer to None, run_after=None
[2024-09-04T21:07:05.535+0000] {processor.py:208} INFO - Processing /home/airflow/.local/lib/python3.12/site-packages/airflow/example_dags/example_dataset_alias.py took 0.244 seconds
[2024-09-04T21:07:35.612+0000] {processor.py:186} INFO - Started process (PID=992) to work on /home/airflow/.local/lib/python3.12/site-packages/airflow/example_dags/example_dataset_alias.py
[2024-09-04T21:07:35.613+0000] {processor.py:914} INFO - Processing file /home/airflow/.local/lib/python3.12/site-packages/airflow/example_dags/example_dataset_alias.py for tasks to queue
[2024-09-04T21:07:35.615+0000] {logging_mixin.py:190} INFO - [2024-09-04T21:07:35.615+0000] {dagbag.py:587} INFO - Filling up the DagBag from /home/airflow/.local/lib/python3.12/site-packages/airflow/example_dags/example_dataset_alias.py
[2024-09-04T21:07:35.769+0000] {processor.py:925} INFO - DAG(s) 'dataset_alias_example_alias_consumer', 'dataset_alias_example_alias_producer', 'dataset_s3_bucket_producer', 'dataset_s3_bucket_consumer' retrieved from /home/airflow/.local/lib/python3.12/site-packages/airflow/example_dags/example_dataset_alias.py
[2024-09-04T21:07:35.825+0000] {logging_mixin.py:190} INFO - [2024-09-04T21:07:35.825+0000] {dag.py:3211} INFO - Sync 4 DAGs
[2024-09-04T21:07:35.866+0000] {logging_mixin.py:190} INFO - [2024-09-04T21:07:35.866+0000] {dag.py:4138} INFO - Setting next_dagrun for dataset_alias_example_alias_consumer to None, run_after=None
[2024-09-04T21:07:35.876+0000] {logging_mixin.py:190} INFO - [2024-09-04T21:07:35.876+0000] {dag.py:4138} INFO - Setting next_dagrun for dataset_alias_example_alias_producer to None, run_after=None
[2024-09-04T21:07:35.878+0000] {logging_mixin.py:190} INFO - [2024-09-04T21:07:35.878+0000] {dag.py:4138} INFO - Setting next_dagrun for dataset_s3_bucket_consumer to None, run_after=None
[2024-09-04T21:07:35.879+0000] {logging_mixin.py:190} INFO - [2024-09-04T21:07:35.879+0000] {dag.py:4138} INFO - Setting next_dagrun for dataset_s3_bucket_producer to None, run_after=None
[2024-09-04T21:07:35.916+0000] {processor.py:208} INFO - Processing /home/airflow/.local/lib/python3.12/site-packages/airflow/example_dags/example_dataset_alias.py took 0.309 seconds
[2024-09-04T21:08:06.212+0000] {processor.py:186} INFO - Started process (PID=1053) to work on /home/airflow/.local/lib/python3.12/site-packages/airflow/example_dags/example_dataset_alias.py
[2024-09-04T21:08:06.214+0000] {processor.py:914} INFO - Processing file /home/airflow/.local/lib/python3.12/site-packages/airflow/example_dags/example_dataset_alias.py for tasks to queue
[2024-09-04T21:08:06.216+0000] {logging_mixin.py:190} INFO - [2024-09-04T21:08:06.216+0000] {dagbag.py:587} INFO - Filling up the DagBag from /home/airflow/.local/lib/python3.12/site-packages/airflow/example_dags/example_dataset_alias.py
[2024-09-04T21:08:06.342+0000] {processor.py:925} INFO - DAG(s) 'dataset_alias_example_alias_producer', 'dataset_s3_bucket_consumer', 'dataset_alias_example_alias_consumer', 'dataset_s3_bucket_producer' retrieved from /home/airflow/.local/lib/python3.12/site-packages/airflow/example_dags/example_dataset_alias.py
[2024-09-04T21:08:06.363+0000] {logging_mixin.py:190} INFO - [2024-09-04T21:08:06.363+0000] {dag.py:3211} INFO - Sync 4 DAGs
[2024-09-04T21:08:06.382+0000] {logging_mixin.py:190} INFO - [2024-09-04T21:08:06.381+0000] {dag.py:4138} INFO - Setting next_dagrun for dataset_alias_example_alias_consumer to None, run_after=None
[2024-09-04T21:08:06.384+0000] {logging_mixin.py:190} INFO - [2024-09-04T21:08:06.384+0000] {dag.py:4138} INFO - Setting next_dagrun for dataset_alias_example_alias_producer to None, run_after=None
[2024-09-04T21:08:06.386+0000] {logging_mixin.py:190} INFO - [2024-09-04T21:08:06.386+0000] {dag.py:4138} INFO - Setting next_dagrun for dataset_s3_bucket_consumer to None, run_after=None
[2024-09-04T21:08:06.388+0000] {logging_mixin.py:190} INFO - [2024-09-04T21:08:06.388+0000] {dag.py:4138} INFO - Setting next_dagrun for dataset_s3_bucket_producer to None, run_after=None
[2024-09-04T21:08:06.411+0000] {processor.py:208} INFO - Processing /home/airflow/.local/lib/python3.12/site-packages/airflow/example_dags/example_dataset_alias.py took 0.204 seconds
[2024-09-04T21:08:36.639+0000] {processor.py:186} INFO - Started process (PID=1115) to work on /home/airflow/.local/lib/python3.12/site-packages/airflow/example_dags/example_dataset_alias.py
[2024-09-04T21:08:36.640+0000] {processor.py:914} INFO - Processing file /home/airflow/.local/lib/python3.12/site-packages/airflow/example_dags/example_dataset_alias.py for tasks to queue
[2024-09-04T21:08:36.642+0000] {logging_mixin.py:190} INFO - [2024-09-04T21:08:36.642+0000] {dagbag.py:587} INFO - Filling up the DagBag from /home/airflow/.local/lib/python3.12/site-packages/airflow/example_dags/example_dataset_alias.py
[2024-09-04T21:08:36.787+0000] {processor.py:925} INFO - DAG(s) 'dataset_alias_example_alias_producer', 'dataset_alias_example_alias_consumer', 'dataset_s3_bucket_producer', 'dataset_s3_bucket_consumer' retrieved from /home/airflow/.local/lib/python3.12/site-packages/airflow/example_dags/example_dataset_alias.py
[2024-09-04T21:08:36.807+0000] {logging_mixin.py:190} INFO - [2024-09-04T21:08:36.807+0000] {dag.py:3211} INFO - Sync 4 DAGs
[2024-09-04T21:08:36.839+0000] {logging_mixin.py:190} INFO - [2024-09-04T21:08:36.838+0000] {dag.py:4138} INFO - Setting next_dagrun for dataset_alias_example_alias_consumer to None, run_after=None
[2024-09-04T21:08:36.843+0000] {logging_mixin.py:190} INFO - [2024-09-04T21:08:36.843+0000] {dag.py:4138} INFO - Setting next_dagrun for dataset_alias_example_alias_producer to None, run_after=None
[2024-09-04T21:08:36.844+0000] {logging_mixin.py:190} INFO - [2024-09-04T21:08:36.844+0000] {dag.py:4138} INFO - Setting next_dagrun for dataset_s3_bucket_consumer to None, run_after=None
[2024-09-04T21:08:36.846+0000] {logging_mixin.py:190} INFO - [2024-09-04T21:08:36.845+0000] {dag.py:4138} INFO - Setting next_dagrun for dataset_s3_bucket_producer to None, run_after=None
[2024-09-04T21:08:36.891+0000] {processor.py:208} INFO - Processing /home/airflow/.local/lib/python3.12/site-packages/airflow/example_dags/example_dataset_alias.py took 0.260 seconds
[2024-09-04T21:09:07.163+0000] {processor.py:186} INFO - Started process (PID=1177) to work on /home/airflow/.local/lib/python3.12/site-packages/airflow/example_dags/example_dataset_alias.py
[2024-09-04T21:09:07.164+0000] {processor.py:914} INFO - Processing file /home/airflow/.local/lib/python3.12/site-packages/airflow/example_dags/example_dataset_alias.py for tasks to queue
[2024-09-04T21:09:07.166+0000] {logging_mixin.py:190} INFO - [2024-09-04T21:09:07.166+0000] {dagbag.py:587} INFO - Filling up the DagBag from /home/airflow/.local/lib/python3.12/site-packages/airflow/example_dags/example_dataset_alias.py
[2024-09-04T21:09:07.289+0000] {processor.py:925} INFO - DAG(s) 'dataset_s3_bucket_producer', 'dataset_s3_bucket_consumer', 'dataset_alias_example_alias_consumer', 'dataset_alias_example_alias_producer' retrieved from /home/airflow/.local/lib/python3.12/site-packages/airflow/example_dags/example_dataset_alias.py
[2024-09-04T21:09:07.312+0000] {logging_mixin.py:190} INFO - [2024-09-04T21:09:07.312+0000] {dag.py:3211} INFO - Sync 4 DAGs
[2024-09-04T21:09:07.334+0000] {logging_mixin.py:190} INFO - [2024-09-04T21:09:07.334+0000] {dag.py:4138} INFO - Setting next_dagrun for dataset_alias_example_alias_consumer to None, run_after=None
[2024-09-04T21:09:07.337+0000] {logging_mixin.py:190} INFO - [2024-09-04T21:09:07.337+0000] {dag.py:4138} INFO - Setting next_dagrun for dataset_alias_example_alias_producer to None, run_after=None
[2024-09-04T21:09:07.339+0000] {logging_mixin.py:190} INFO - [2024-09-04T21:09:07.339+0000] {dag.py:4138} INFO - Setting next_dagrun for dataset_s3_bucket_consumer to None, run_after=None
[2024-09-04T21:09:07.340+0000] {logging_mixin.py:190} INFO - [2024-09-04T21:09:07.340+0000] {dag.py:4138} INFO - Setting next_dagrun for dataset_s3_bucket_producer to None, run_after=None
[2024-09-04T21:09:07.361+0000] {processor.py:208} INFO - Processing /home/airflow/.local/lib/python3.12/site-packages/airflow/example_dags/example_dataset_alias.py took 0.205 seconds
[2024-09-04T21:09:37.587+0000] {processor.py:186} INFO - Started process (PID=1239) to work on /home/airflow/.local/lib/python3.12/site-packages/airflow/example_dags/example_dataset_alias.py
[2024-09-04T21:09:37.588+0000] {processor.py:914} INFO - Processing file /home/airflow/.local/lib/python3.12/site-packages/airflow/example_dags/example_dataset_alias.py for tasks to queue
[2024-09-04T21:09:37.590+0000] {logging_mixin.py:190} INFO - [2024-09-04T21:09:37.590+0000] {dagbag.py:587} INFO - Filling up the DagBag from /home/airflow/.local/lib/python3.12/site-packages/airflow/example_dags/example_dataset_alias.py
[2024-09-04T21:09:37.719+0000] {processor.py:925} INFO - DAG(s) 'dataset_s3_bucket_producer', 'dataset_s3_bucket_consumer', 'dataset_alias_example_alias_consumer', 'dataset_alias_example_alias_producer' retrieved from /home/airflow/.local/lib/python3.12/site-packages/airflow/example_dags/example_dataset_alias.py
[2024-09-04T21:09:37.742+0000] {logging_mixin.py:190} INFO - [2024-09-04T21:09:37.742+0000] {dag.py:3211} INFO - Sync 4 DAGs
[2024-09-04T21:09:37.762+0000] {logging_mixin.py:190} INFO - [2024-09-04T21:09:37.762+0000] {dag.py:4138} INFO - Setting next_dagrun for dataset_alias_example_alias_consumer to None, run_after=None
[2024-09-04T21:09:37.765+0000] {logging_mixin.py:190} INFO - [2024-09-04T21:09:37.765+0000] {dag.py:4138} INFO - Setting next_dagrun for dataset_alias_example_alias_producer to None, run_after=None
[2024-09-04T21:09:37.766+0000] {logging_mixin.py:190} INFO - [2024-09-04T21:09:37.766+0000] {dag.py:4138} INFO - Setting next_dagrun for dataset_s3_bucket_consumer to None, run_after=None
[2024-09-04T21:09:37.768+0000] {logging_mixin.py:190} INFO - [2024-09-04T21:09:37.768+0000] {dag.py:4138} INFO - Setting next_dagrun for dataset_s3_bucket_producer to None, run_after=None
[2024-09-04T21:09:37.793+0000] {processor.py:208} INFO - Processing /home/airflow/.local/lib/python3.12/site-packages/airflow/example_dags/example_dataset_alias.py took 0.211 seconds
[2024-09-04T21:10:08.041+0000] {processor.py:186} INFO - Started process (PID=1301) to work on /home/airflow/.local/lib/python3.12/site-packages/airflow/example_dags/example_dataset_alias.py
[2024-09-04T21:10:08.042+0000] {processor.py:914} INFO - Processing file /home/airflow/.local/lib/python3.12/site-packages/airflow/example_dags/example_dataset_alias.py for tasks to queue
[2024-09-04T21:10:08.044+0000] {logging_mixin.py:190} INFO - [2024-09-04T21:10:08.044+0000] {dagbag.py:587} INFO - Filling up the DagBag from /home/airflow/.local/lib/python3.12/site-packages/airflow/example_dags/example_dataset_alias.py
[2024-09-04T21:10:08.174+0000] {processor.py:925} INFO - DAG(s) 'dataset_alias_example_alias_consumer', 'dataset_alias_example_alias_producer', 'dataset_s3_bucket_consumer', 'dataset_s3_bucket_producer' retrieved from /home/airflow/.local/lib/python3.12/site-packages/airflow/example_dags/example_dataset_alias.py
[2024-09-04T21:10:08.197+0000] {logging_mixin.py:190} INFO - [2024-09-04T21:10:08.197+0000] {dag.py:3211} INFO - Sync 4 DAGs
[2024-09-04T21:10:08.218+0000] {logging_mixin.py:190} INFO - [2024-09-04T21:10:08.218+0000] {dag.py:4138} INFO - Setting next_dagrun for dataset_alias_example_alias_consumer to None, run_after=None
[2024-09-04T21:10:08.221+0000] {logging_mixin.py:190} INFO - [2024-09-04T21:10:08.221+0000] {dag.py:4138} INFO - Setting next_dagrun for dataset_alias_example_alias_producer to None, run_after=None
[2024-09-04T21:10:08.223+0000] {logging_mixin.py:190} INFO - [2024-09-04T21:10:08.222+0000] {dag.py:4138} INFO - Setting next_dagrun for dataset_s3_bucket_consumer to None, run_after=None
[2024-09-04T21:10:08.224+0000] {logging_mixin.py:190} INFO - [2024-09-04T21:10:08.224+0000] {dag.py:4138} INFO - Setting next_dagrun for dataset_s3_bucket_producer to None, run_after=None
[2024-09-04T21:10:08.247+0000] {processor.py:208} INFO - Processing /home/airflow/.local/lib/python3.12/site-packages/airflow/example_dags/example_dataset_alias.py took 0.210 seconds
[2024-09-04T21:10:38.999+0000] {processor.py:186} INFO - Started process (PID=1364) to work on /home/airflow/.local/lib/python3.12/site-packages/airflow/example_dags/example_dataset_alias.py
[2024-09-04T21:10:39.000+0000] {processor.py:914} INFO - Processing file /home/airflow/.local/lib/python3.12/site-packages/airflow/example_dags/example_dataset_alias.py for tasks to queue
[2024-09-04T21:10:39.003+0000] {logging_mixin.py:190} INFO - [2024-09-04T21:10:39.003+0000] {dagbag.py:587} INFO - Filling up the DagBag from /home/airflow/.local/lib/python3.12/site-packages/airflow/example_dags/example_dataset_alias.py
[2024-09-04T21:10:39.201+0000] {processor.py:925} INFO - DAG(s) 'dataset_alias_example_alias_consumer', 'dataset_s3_bucket_consumer', 'dataset_alias_example_alias_producer', 'dataset_s3_bucket_producer' retrieved from /home/airflow/.local/lib/python3.12/site-packages/airflow/example_dags/example_dataset_alias.py
[2024-09-04T21:10:39.237+0000] {logging_mixin.py:190} INFO - [2024-09-04T21:10:39.237+0000] {dag.py:3211} INFO - Sync 4 DAGs
[2024-09-04T21:10:39.279+0000] {logging_mixin.py:190} INFO - [2024-09-04T21:10:39.278+0000] {dag.py:4138} INFO - Setting next_dagrun for dataset_alias_example_alias_consumer to None, run_after=None
[2024-09-04T21:10:39.282+0000] {logging_mixin.py:190} INFO - [2024-09-04T21:10:39.282+0000] {dag.py:4138} INFO - Setting next_dagrun for dataset_alias_example_alias_producer to None, run_after=None
[2024-09-04T21:10:39.284+0000] {logging_mixin.py:190} INFO - [2024-09-04T21:10:39.284+0000] {dag.py:4138} INFO - Setting next_dagrun for dataset_s3_bucket_consumer to None, run_after=None
[2024-09-04T21:10:39.286+0000] {logging_mixin.py:190} INFO - [2024-09-04T21:10:39.286+0000] {dag.py:4138} INFO - Setting next_dagrun for dataset_s3_bucket_producer to None, run_after=None
[2024-09-04T21:10:39.320+0000] {processor.py:208} INFO - Processing /home/airflow/.local/lib/python3.12/site-packages/airflow/example_dags/example_dataset_alias.py took 0.331 seconds
[2024-09-04T21:11:09.423+0000] {processor.py:186} INFO - Started process (PID=1430) to work on /home/airflow/.local/lib/python3.12/site-packages/airflow/example_dags/example_dataset_alias.py
[2024-09-04T21:11:09.424+0000] {processor.py:914} INFO - Processing file /home/airflow/.local/lib/python3.12/site-packages/airflow/example_dags/example_dataset_alias.py for tasks to queue
[2024-09-04T21:11:09.427+0000] {logging_mixin.py:190} INFO - [2024-09-04T21:11:09.426+0000] {dagbag.py:587} INFO - Filling up the DagBag from /home/airflow/.local/lib/python3.12/site-packages/airflow/example_dags/example_dataset_alias.py
[2024-09-04T21:11:09.569+0000] {processor.py:925} INFO - DAG(s) 'dataset_s3_bucket_consumer', 'dataset_s3_bucket_producer', 'dataset_alias_example_alias_producer', 'dataset_alias_example_alias_consumer' retrieved from /home/airflow/.local/lib/python3.12/site-packages/airflow/example_dags/example_dataset_alias.py
[2024-09-04T21:11:09.588+0000] {logging_mixin.py:190} INFO - [2024-09-04T21:11:09.588+0000] {dag.py:3211} INFO - Sync 4 DAGs
[2024-09-04T21:11:09.606+0000] {logging_mixin.py:190} INFO - [2024-09-04T21:11:09.606+0000] {dag.py:4138} INFO - Setting next_dagrun for dataset_alias_example_alias_consumer to None, run_after=None
[2024-09-04T21:11:09.608+0000] {logging_mixin.py:190} INFO - [2024-09-04T21:11:09.608+0000] {dag.py:4138} INFO - Setting next_dagrun for dataset_alias_example_alias_producer to None, run_after=None
[2024-09-04T21:11:09.610+0000] {logging_mixin.py:190} INFO - [2024-09-04T21:11:09.610+0000] {dag.py:4138} INFO - Setting next_dagrun for dataset_s3_bucket_consumer to None, run_after=None
[2024-09-04T21:11:09.611+0000] {logging_mixin.py:190} INFO - [2024-09-04T21:11:09.611+0000] {dag.py:4138} INFO - Setting next_dagrun for dataset_s3_bucket_producer to None, run_after=None
[2024-09-04T21:11:09.632+0000] {processor.py:208} INFO - Processing /home/airflow/.local/lib/python3.12/site-packages/airflow/example_dags/example_dataset_alias.py took 0.216 seconds
[2024-09-04T21:11:39.697+0000] {processor.py:186} INFO - Started process (PID=1495) to work on /home/airflow/.local/lib/python3.12/site-packages/airflow/example_dags/example_dataset_alias.py
[2024-09-04T21:11:39.698+0000] {processor.py:914} INFO - Processing file /home/airflow/.local/lib/python3.12/site-packages/airflow/example_dags/example_dataset_alias.py for tasks to queue
[2024-09-04T21:11:39.700+0000] {logging_mixin.py:190} INFO - [2024-09-04T21:11:39.700+0000] {dagbag.py:587} INFO - Filling up the DagBag from /home/airflow/.local/lib/python3.12/site-packages/airflow/example_dags/example_dataset_alias.py
[2024-09-04T21:11:39.828+0000] {processor.py:925} INFO - DAG(s) 'dataset_s3_bucket_consumer', 'dataset_alias_example_alias_producer', 'dataset_alias_example_alias_consumer', 'dataset_s3_bucket_producer' retrieved from /home/airflow/.local/lib/python3.12/site-packages/airflow/example_dags/example_dataset_alias.py
[2024-09-04T21:11:39.853+0000] {logging_mixin.py:190} INFO - [2024-09-04T21:11:39.853+0000] {dag.py:3211} INFO - Sync 4 DAGs
[2024-09-04T21:11:39.872+0000] {logging_mixin.py:190} INFO - [2024-09-04T21:11:39.872+0000] {dag.py:4138} INFO - Setting next_dagrun for dataset_alias_example_alias_consumer to None, run_after=None
[2024-09-04T21:11:39.875+0000] {logging_mixin.py:190} INFO - [2024-09-04T21:11:39.874+0000] {dag.py:4138} INFO - Setting next_dagrun for dataset_alias_example_alias_producer to None, run_after=None
[2024-09-04T21:11:39.876+0000] {logging_mixin.py:190} INFO - [2024-09-04T21:11:39.876+0000] {dag.py:4138} INFO - Setting next_dagrun for dataset_s3_bucket_consumer to None, run_after=None
[2024-09-04T21:11:39.878+0000] {logging_mixin.py:190} INFO - [2024-09-04T21:11:39.878+0000] {dag.py:4138} INFO - Setting next_dagrun for dataset_s3_bucket_producer to None, run_after=None
[2024-09-04T21:11:39.898+0000] {processor.py:208} INFO - Processing /home/airflow/.local/lib/python3.12/site-packages/airflow/example_dags/example_dataset_alias.py took 0.207 seconds
[2024-09-04T21:12:10.864+0000] {processor.py:186} INFO - Started process (PID=1559) to work on /home/airflow/.local/lib/python3.12/site-packages/airflow/example_dags/example_dataset_alias.py
[2024-09-04T21:12:10.865+0000] {processor.py:914} INFO - Processing file /home/airflow/.local/lib/python3.12/site-packages/airflow/example_dags/example_dataset_alias.py for tasks to queue
[2024-09-04T21:12:10.867+0000] {logging_mixin.py:190} INFO - [2024-09-04T21:12:10.867+0000] {dagbag.py:587} INFO - Filling up the DagBag from /home/airflow/.local/lib/python3.12/site-packages/airflow/example_dags/example_dataset_alias.py
[2024-09-04T21:12:10.997+0000] {processor.py:925} INFO - DAG(s) 'dataset_s3_bucket_producer', 'dataset_s3_bucket_consumer', 'dataset_alias_example_alias_producer', 'dataset_alias_example_alias_consumer' retrieved from /home/airflow/.local/lib/python3.12/site-packages/airflow/example_dags/example_dataset_alias.py
[2024-09-04T21:12:11.018+0000] {logging_mixin.py:190} INFO - [2024-09-04T21:12:11.017+0000] {dag.py:3211} INFO - Sync 4 DAGs
[2024-09-04T21:12:11.035+0000] {logging_mixin.py:190} INFO - [2024-09-04T21:12:11.035+0000] {dag.py:4138} INFO - Setting next_dagrun for dataset_alias_example_alias_consumer to None, run_after=None
[2024-09-04T21:12:11.038+0000] {logging_mixin.py:190} INFO - [2024-09-04T21:12:11.038+0000] {dag.py:4138} INFO - Setting next_dagrun for dataset_alias_example_alias_producer to None, run_after=None
[2024-09-04T21:12:11.039+0000] {logging_mixin.py:190} INFO - [2024-09-04T21:12:11.039+0000] {dag.py:4138} INFO - Setting next_dagrun for dataset_s3_bucket_consumer to None, run_after=None
[2024-09-04T21:12:11.041+0000] {logging_mixin.py:190} INFO - [2024-09-04T21:12:11.041+0000] {dag.py:4138} INFO - Setting next_dagrun for dataset_s3_bucket_producer to None, run_after=None
[2024-09-04T21:12:11.066+0000] {processor.py:208} INFO - Processing /home/airflow/.local/lib/python3.12/site-packages/airflow/example_dags/example_dataset_alias.py took 0.208 seconds
[2024-09-04T21:12:41.730+0000] {processor.py:186} INFO - Started process (PID=1623) to work on /home/airflow/.local/lib/python3.12/site-packages/airflow/example_dags/example_dataset_alias.py
[2024-09-04T21:12:41.731+0000] {processor.py:914} INFO - Processing file /home/airflow/.local/lib/python3.12/site-packages/airflow/example_dags/example_dataset_alias.py for tasks to queue
[2024-09-04T21:12:41.733+0000] {logging_mixin.py:190} INFO - [2024-09-04T21:12:41.733+0000] {dagbag.py:587} INFO - Filling up the DagBag from /home/airflow/.local/lib/python3.12/site-packages/airflow/example_dags/example_dataset_alias.py
[2024-09-04T21:12:41.855+0000] {processor.py:925} INFO - DAG(s) 'dataset_s3_bucket_consumer', 'dataset_s3_bucket_producer', 'dataset_alias_example_alias_consumer', 'dataset_alias_example_alias_producer' retrieved from /home/airflow/.local/lib/python3.12/site-packages/airflow/example_dags/example_dataset_alias.py
[2024-09-04T21:12:41.876+0000] {logging_mixin.py:190} INFO - [2024-09-04T21:12:41.876+0000] {dag.py:3211} INFO - Sync 4 DAGs
[2024-09-04T21:12:41.893+0000] {logging_mixin.py:190} INFO - [2024-09-04T21:12:41.893+0000] {dag.py:4138} INFO - Setting next_dagrun for dataset_alias_example_alias_consumer to None, run_after=None
[2024-09-04T21:12:41.897+0000] {logging_mixin.py:190} INFO - [2024-09-04T21:12:41.897+0000] {dag.py:4138} INFO - Setting next_dagrun for dataset_alias_example_alias_producer to None, run_after=None
[2024-09-04T21:12:41.898+0000] {logging_mixin.py:190} INFO - [2024-09-04T21:12:41.898+0000] {dag.py:4138} INFO - Setting next_dagrun for dataset_s3_bucket_consumer to None, run_after=None
[2024-09-04T21:12:41.900+0000] {logging_mixin.py:190} INFO - [2024-09-04T21:12:41.900+0000] {dag.py:4138} INFO - Setting next_dagrun for dataset_s3_bucket_producer to None, run_after=None
[2024-09-04T21:12:41.920+0000] {processor.py:208} INFO - Processing /home/airflow/.local/lib/python3.12/site-packages/airflow/example_dags/example_dataset_alias.py took 0.195 seconds
[2024-09-04T21:13:12.639+0000] {processor.py:186} INFO - Started process (PID=1686) to work on /home/airflow/.local/lib/python3.12/site-packages/airflow/example_dags/example_dataset_alias.py
[2024-09-04T21:13:12.640+0000] {processor.py:914} INFO - Processing file /home/airflow/.local/lib/python3.12/site-packages/airflow/example_dags/example_dataset_alias.py for tasks to queue
[2024-09-04T21:13:12.642+0000] {logging_mixin.py:190} INFO - [2024-09-04T21:13:12.642+0000] {dagbag.py:587} INFO - Filling up the DagBag from /home/airflow/.local/lib/python3.12/site-packages/airflow/example_dags/example_dataset_alias.py
[2024-09-04T21:13:12.770+0000] {processor.py:925} INFO - DAG(s) 'dataset_s3_bucket_consumer', 'dataset_s3_bucket_producer', 'dataset_alias_example_alias_consumer', 'dataset_alias_example_alias_producer' retrieved from /home/airflow/.local/lib/python3.12/site-packages/airflow/example_dags/example_dataset_alias.py
[2024-09-04T21:13:12.793+0000] {logging_mixin.py:190} INFO - [2024-09-04T21:13:12.792+0000] {dag.py:3211} INFO - Sync 4 DAGs
[2024-09-04T21:13:12.811+0000] {logging_mixin.py:190} INFO - [2024-09-04T21:13:12.811+0000] {dag.py:4138} INFO - Setting next_dagrun for dataset_alias_example_alias_consumer to None, run_after=None
[2024-09-04T21:13:12.814+0000] {logging_mixin.py:190} INFO - [2024-09-04T21:13:12.814+0000] {dag.py:4138} INFO - Setting next_dagrun for dataset_alias_example_alias_producer to None, run_after=None
[2024-09-04T21:13:12.815+0000] {logging_mixin.py:190} INFO - [2024-09-04T21:13:12.815+0000] {dag.py:4138} INFO - Setting next_dagrun for dataset_s3_bucket_consumer to None, run_after=None
[2024-09-04T21:13:12.817+0000] {logging_mixin.py:190} INFO - [2024-09-04T21:13:12.817+0000] {dag.py:4138} INFO - Setting next_dagrun for dataset_s3_bucket_producer to None, run_after=None
[2024-09-04T21:13:12.839+0000] {processor.py:208} INFO - Processing /home/airflow/.local/lib/python3.12/site-packages/airflow/example_dags/example_dataset_alias.py took 0.205 seconds
[2024-09-04T21:13:42.896+0000] {processor.py:186} INFO - Started process (PID=1749) to work on /home/airflow/.local/lib/python3.12/site-packages/airflow/example_dags/example_dataset_alias.py
[2024-09-04T21:13:42.897+0000] {processor.py:914} INFO - Processing file /home/airflow/.local/lib/python3.12/site-packages/airflow/example_dags/example_dataset_alias.py for tasks to queue
[2024-09-04T21:13:42.899+0000] {logging_mixin.py:190} INFO - [2024-09-04T21:13:42.899+0000] {dagbag.py:587} INFO - Filling up the DagBag from /home/airflow/.local/lib/python3.12/site-packages/airflow/example_dags/example_dataset_alias.py
[2024-09-04T21:13:43.023+0000] {processor.py:925} INFO - DAG(s) 'dataset_s3_bucket_producer', 'dataset_alias_example_alias_producer', 'dataset_alias_example_alias_consumer', 'dataset_s3_bucket_consumer' retrieved from /home/airflow/.local/lib/python3.12/site-packages/airflow/example_dags/example_dataset_alias.py
[2024-09-04T21:13:43.044+0000] {logging_mixin.py:190} INFO - [2024-09-04T21:13:43.044+0000] {dag.py:3211} INFO - Sync 4 DAGs
[2024-09-04T21:13:43.061+0000] {logging_mixin.py:190} INFO - [2024-09-04T21:13:43.061+0000] {dag.py:4138} INFO - Setting next_dagrun for dataset_alias_example_alias_consumer to None, run_after=None
[2024-09-04T21:13:43.064+0000] {logging_mixin.py:190} INFO - [2024-09-04T21:13:43.064+0000] {dag.py:4138} INFO - Setting next_dagrun for dataset_alias_example_alias_producer to None, run_after=None
[2024-09-04T21:13:43.066+0000] {logging_mixin.py:190} INFO - [2024-09-04T21:13:43.066+0000] {dag.py:4138} INFO - Setting next_dagrun for dataset_s3_bucket_consumer to None, run_after=None
[2024-09-04T21:13:43.067+0000] {logging_mixin.py:190} INFO - [2024-09-04T21:13:43.067+0000] {dag.py:4138} INFO - Setting next_dagrun for dataset_s3_bucket_producer to None, run_after=None
[2024-09-04T21:13:43.092+0000] {processor.py:208} INFO - Processing /home/airflow/.local/lib/python3.12/site-packages/airflow/example_dags/example_dataset_alias.py took 0.200 seconds
[2024-09-04T21:14:13.562+0000] {processor.py:186} INFO - Started process (PID=1812) to work on /home/airflow/.local/lib/python3.12/site-packages/airflow/example_dags/example_dataset_alias.py
[2024-09-04T21:14:13.564+0000] {processor.py:914} INFO - Processing file /home/airflow/.local/lib/python3.12/site-packages/airflow/example_dags/example_dataset_alias.py for tasks to queue
[2024-09-04T21:14:13.567+0000] {logging_mixin.py:190} INFO - [2024-09-04T21:14:13.567+0000] {dagbag.py:587} INFO - Filling up the DagBag from /home/airflow/.local/lib/python3.12/site-packages/airflow/example_dags/example_dataset_alias.py
[2024-09-04T21:14:13.796+0000] {processor.py:925} INFO - DAG(s) 'dataset_alias_example_alias_producer', 'dataset_alias_example_alias_consumer', 'dataset_s3_bucket_consumer', 'dataset_s3_bucket_producer' retrieved from /home/airflow/.local/lib/python3.12/site-packages/airflow/example_dags/example_dataset_alias.py
[2024-09-04T21:14:13.838+0000] {logging_mixin.py:190} INFO - [2024-09-04T21:14:13.837+0000] {dag.py:3211} INFO - Sync 4 DAGs
[2024-09-04T21:14:13.873+0000] {logging_mixin.py:190} INFO - [2024-09-04T21:14:13.872+0000] {dag.py:4138} INFO - Setting next_dagrun for dataset_alias_example_alias_consumer to None, run_after=None
[2024-09-04T21:14:13.877+0000] {logging_mixin.py:190} INFO - [2024-09-04T21:14:13.876+0000] {dag.py:4138} INFO - Setting next_dagrun for dataset_alias_example_alias_producer to None, run_after=None
[2024-09-04T21:14:13.880+0000] {logging_mixin.py:190} INFO - [2024-09-04T21:14:13.880+0000] {dag.py:4138} INFO - Setting next_dagrun for dataset_s3_bucket_consumer to None, run_after=None
[2024-09-04T21:14:13.883+0000] {logging_mixin.py:190} INFO - [2024-09-04T21:14:13.883+0000] {dag.py:4138} INFO - Setting next_dagrun for dataset_s3_bucket_producer to None, run_after=None
[2024-09-04T21:14:13.928+0000] {processor.py:208} INFO - Processing /home/airflow/.local/lib/python3.12/site-packages/airflow/example_dags/example_dataset_alias.py took 0.374 seconds
[2024-09-04T21:14:44.647+0000] {processor.py:186} INFO - Started process (PID=1875) to work on /home/airflow/.local/lib/python3.12/site-packages/airflow/example_dags/example_dataset_alias.py
[2024-09-04T21:14:44.649+0000] {processor.py:914} INFO - Processing file /home/airflow/.local/lib/python3.12/site-packages/airflow/example_dags/example_dataset_alias.py for tasks to queue
[2024-09-04T21:14:44.656+0000] {logging_mixin.py:190} INFO - [2024-09-04T21:14:44.655+0000] {dagbag.py:587} INFO - Filling up the DagBag from /home/airflow/.local/lib/python3.12/site-packages/airflow/example_dags/example_dataset_alias.py
[2024-09-04T21:14:45.002+0000] {processor.py:925} INFO - DAG(s) 'dataset_s3_bucket_consumer', 'dataset_alias_example_alias_producer', 'dataset_alias_example_alias_consumer', 'dataset_s3_bucket_producer' retrieved from /home/airflow/.local/lib/python3.12/site-packages/airflow/example_dags/example_dataset_alias.py
[2024-09-04T21:14:45.056+0000] {logging_mixin.py:190} INFO - [2024-09-04T21:14:45.055+0000] {dag.py:3211} INFO - Sync 4 DAGs
[2024-09-04T21:14:45.102+0000] {logging_mixin.py:190} INFO - [2024-09-04T21:14:45.102+0000] {dag.py:4138} INFO - Setting next_dagrun for dataset_alias_example_alias_consumer to None, run_after=None
[2024-09-04T21:14:45.106+0000] {logging_mixin.py:190} INFO - [2024-09-04T21:14:45.106+0000] {dag.py:4138} INFO - Setting next_dagrun for dataset_alias_example_alias_producer to None, run_after=None
[2024-09-04T21:14:45.110+0000] {logging_mixin.py:190} INFO - [2024-09-04T21:14:45.109+0000] {dag.py:4138} INFO - Setting next_dagrun for dataset_s3_bucket_consumer to None, run_after=None
[2024-09-04T21:14:45.114+0000] {logging_mixin.py:190} INFO - [2024-09-04T21:14:45.114+0000] {dag.py:4138} INFO - Setting next_dagrun for dataset_s3_bucket_producer to None, run_after=None
[2024-09-04T21:14:45.155+0000] {processor.py:208} INFO - Processing /home/airflow/.local/lib/python3.12/site-packages/airflow/example_dags/example_dataset_alias.py took 0.521 seconds
[2024-09-04T21:15:16.087+0000] {processor.py:186} INFO - Started process (PID=1938) to work on /home/airflow/.local/lib/python3.12/site-packages/airflow/example_dags/example_dataset_alias.py
[2024-09-04T21:15:16.089+0000] {processor.py:914} INFO - Processing file /home/airflow/.local/lib/python3.12/site-packages/airflow/example_dags/example_dataset_alias.py for tasks to queue
[2024-09-04T21:15:16.093+0000] {logging_mixin.py:190} INFO - [2024-09-04T21:15:16.092+0000] {dagbag.py:587} INFO - Filling up the DagBag from /home/airflow/.local/lib/python3.12/site-packages/airflow/example_dags/example_dataset_alias.py
[2024-09-04T21:15:16.434+0000] {processor.py:925} INFO - DAG(s) 'dataset_s3_bucket_consumer', 'dataset_alias_example_alias_producer', 'dataset_s3_bucket_producer', 'dataset_alias_example_alias_consumer' retrieved from /home/airflow/.local/lib/python3.12/site-packages/airflow/example_dags/example_dataset_alias.py
[2024-09-04T21:15:16.488+0000] {logging_mixin.py:190} INFO - [2024-09-04T21:15:16.487+0000] {dag.py:3211} INFO - Sync 4 DAGs
[2024-09-04T21:15:16.560+0000] {logging_mixin.py:190} INFO - [2024-09-04T21:15:16.559+0000] {dag.py:4138} INFO - Setting next_dagrun for dataset_alias_example_alias_consumer to None, run_after=None
[2024-09-04T21:15:16.567+0000] {logging_mixin.py:190} INFO - [2024-09-04T21:15:16.566+0000] {dag.py:4138} INFO - Setting next_dagrun for dataset_alias_example_alias_producer to None, run_after=None
[2024-09-04T21:15:16.571+0000] {logging_mixin.py:190} INFO - [2024-09-04T21:15:16.570+0000] {dag.py:4138} INFO - Setting next_dagrun for dataset_s3_bucket_consumer to None, run_after=None
[2024-09-04T21:15:16.574+0000] {logging_mixin.py:190} INFO - [2024-09-04T21:15:16.574+0000] {dag.py:4138} INFO - Setting next_dagrun for dataset_s3_bucket_producer to None, run_after=None
[2024-09-04T21:15:16.625+0000] {processor.py:208} INFO - Processing /home/airflow/.local/lib/python3.12/site-packages/airflow/example_dags/example_dataset_alias.py took 0.550 seconds
[2024-09-04T21:15:47.363+0000] {processor.py:186} INFO - Started process (PID=2002) to work on /home/airflow/.local/lib/python3.12/site-packages/airflow/example_dags/example_dataset_alias.py
[2024-09-04T21:15:47.364+0000] {processor.py:914} INFO - Processing file /home/airflow/.local/lib/python3.12/site-packages/airflow/example_dags/example_dataset_alias.py for tasks to queue
[2024-09-04T21:15:47.366+0000] {logging_mixin.py:190} INFO - [2024-09-04T21:15:47.366+0000] {dagbag.py:587} INFO - Filling up the DagBag from /home/airflow/.local/lib/python3.12/site-packages/airflow/example_dags/example_dataset_alias.py
[2024-09-04T21:15:47.557+0000] {processor.py:925} INFO - DAG(s) 'dataset_s3_bucket_producer', 'dataset_alias_example_alias_consumer', 'dataset_s3_bucket_consumer', 'dataset_alias_example_alias_producer' retrieved from /home/airflow/.local/lib/python3.12/site-packages/airflow/example_dags/example_dataset_alias.py
[2024-09-04T21:15:47.652+0000] {logging_mixin.py:190} INFO - [2024-09-04T21:15:47.651+0000] {dag.py:3211} INFO - Sync 4 DAGs
[2024-09-04T21:15:47.719+0000] {logging_mixin.py:190} INFO - [2024-09-04T21:15:47.718+0000] {dag.py:4138} INFO - Setting next_dagrun for dataset_alias_example_alias_consumer to None, run_after=None
[2024-09-04T21:15:47.724+0000] {logging_mixin.py:190} INFO - [2024-09-04T21:15:47.724+0000] {dag.py:4138} INFO - Setting next_dagrun for dataset_alias_example_alias_producer to None, run_after=None
[2024-09-04T21:15:47.727+0000] {logging_mixin.py:190} INFO - [2024-09-04T21:15:47.727+0000] {dag.py:4138} INFO - Setting next_dagrun for dataset_s3_bucket_consumer to None, run_after=None
[2024-09-04T21:15:47.731+0000] {logging_mixin.py:190} INFO - [2024-09-04T21:15:47.730+0000] {dag.py:4138} INFO - Setting next_dagrun for dataset_s3_bucket_producer to None, run_after=None
[2024-09-04T21:15:47.795+0000] {processor.py:208} INFO - Processing /home/airflow/.local/lib/python3.12/site-packages/airflow/example_dags/example_dataset_alias.py took 0.436 seconds
[2024-09-04T21:16:17.929+0000] {processor.py:186} INFO - Started process (PID=2066) to work on /home/airflow/.local/lib/python3.12/site-packages/airflow/example_dags/example_dataset_alias.py
[2024-09-04T21:16:17.930+0000] {processor.py:914} INFO - Processing file /home/airflow/.local/lib/python3.12/site-packages/airflow/example_dags/example_dataset_alias.py for tasks to queue
[2024-09-04T21:16:17.933+0000] {logging_mixin.py:190} INFO - [2024-09-04T21:16:17.933+0000] {dagbag.py:587} INFO - Filling up the DagBag from /home/airflow/.local/lib/python3.12/site-packages/airflow/example_dags/example_dataset_alias.py
[2024-09-04T21:16:18.137+0000] {processor.py:925} INFO - DAG(s) 'dataset_s3_bucket_producer', 'dataset_alias_example_alias_producer', 'dataset_alias_example_alias_consumer', 'dataset_s3_bucket_consumer' retrieved from /home/airflow/.local/lib/python3.12/site-packages/airflow/example_dags/example_dataset_alias.py
[2024-09-04T21:16:18.168+0000] {logging_mixin.py:190} INFO - [2024-09-04T21:16:18.167+0000] {dag.py:3211} INFO - Sync 4 DAGs
[2024-09-04T21:16:18.198+0000] {logging_mixin.py:190} INFO - [2024-09-04T21:16:18.198+0000] {dag.py:4138} INFO - Setting next_dagrun for dataset_alias_example_alias_consumer to None, run_after=None
[2024-09-04T21:16:18.202+0000] {logging_mixin.py:190} INFO - [2024-09-04T21:16:18.201+0000] {dag.py:4138} INFO - Setting next_dagrun for dataset_alias_example_alias_producer to None, run_after=None
[2024-09-04T21:16:18.204+0000] {logging_mixin.py:190} INFO - [2024-09-04T21:16:18.204+0000] {dag.py:4138} INFO - Setting next_dagrun for dataset_s3_bucket_consumer to None, run_after=None
[2024-09-04T21:16:18.206+0000] {logging_mixin.py:190} INFO - [2024-09-04T21:16:18.205+0000] {dag.py:4138} INFO - Setting next_dagrun for dataset_s3_bucket_producer to None, run_after=None
[2024-09-04T21:16:18.234+0000] {processor.py:208} INFO - Processing /home/airflow/.local/lib/python3.12/site-packages/airflow/example_dags/example_dataset_alias.py took 0.314 seconds
[2024-09-04T21:16:48.301+0000] {processor.py:186} INFO - Started process (PID=2129) to work on /home/airflow/.local/lib/python3.12/site-packages/airflow/example_dags/example_dataset_alias.py
[2024-09-04T21:16:48.303+0000] {processor.py:914} INFO - Processing file /home/airflow/.local/lib/python3.12/site-packages/airflow/example_dags/example_dataset_alias.py for tasks to queue
[2024-09-04T21:16:48.305+0000] {logging_mixin.py:190} INFO - [2024-09-04T21:16:48.305+0000] {dagbag.py:587} INFO - Filling up the DagBag from /home/airflow/.local/lib/python3.12/site-packages/airflow/example_dags/example_dataset_alias.py
[2024-09-04T21:16:48.445+0000] {processor.py:925} INFO - DAG(s) 'dataset_alias_example_alias_producer', 'dataset_alias_example_alias_consumer', 'dataset_s3_bucket_producer', 'dataset_s3_bucket_consumer' retrieved from /home/airflow/.local/lib/python3.12/site-packages/airflow/example_dags/example_dataset_alias.py
[2024-09-04T21:16:48.467+0000] {logging_mixin.py:190} INFO - [2024-09-04T21:16:48.466+0000] {dag.py:3211} INFO - Sync 4 DAGs
[2024-09-04T21:16:48.486+0000] {logging_mixin.py:190} INFO - [2024-09-04T21:16:48.486+0000] {dag.py:4138} INFO - Setting next_dagrun for dataset_alias_example_alias_consumer to None, run_after=None
[2024-09-04T21:16:48.489+0000] {logging_mixin.py:190} INFO - [2024-09-04T21:16:48.489+0000] {dag.py:4138} INFO - Setting next_dagrun for dataset_alias_example_alias_producer to None, run_after=None
[2024-09-04T21:16:48.490+0000] {logging_mixin.py:190} INFO - [2024-09-04T21:16:48.490+0000] {dag.py:4138} INFO - Setting next_dagrun for dataset_s3_bucket_consumer to None, run_after=None
[2024-09-04T21:16:48.492+0000] {logging_mixin.py:190} INFO - [2024-09-04T21:16:48.491+0000] {dag.py:4138} INFO - Setting next_dagrun for dataset_s3_bucket_producer to None, run_after=None
[2024-09-04T21:16:48.515+0000] {processor.py:208} INFO - Processing /home/airflow/.local/lib/python3.12/site-packages/airflow/example_dags/example_dataset_alias.py took 0.219 seconds
[2024-09-04T21:17:18.719+0000] {processor.py:186} INFO - Started process (PID=2192) to work on /home/airflow/.local/lib/python3.12/site-packages/airflow/example_dags/example_dataset_alias.py
[2024-09-04T21:17:18.720+0000] {processor.py:914} INFO - Processing file /home/airflow/.local/lib/python3.12/site-packages/airflow/example_dags/example_dataset_alias.py for tasks to queue
[2024-09-04T21:17:18.723+0000] {logging_mixin.py:190} INFO - [2024-09-04T21:17:18.723+0000] {dagbag.py:587} INFO - Filling up the DagBag from /home/airflow/.local/lib/python3.12/site-packages/airflow/example_dags/example_dataset_alias.py
[2024-09-04T21:17:18.857+0000] {processor.py:925} INFO - DAG(s) 'dataset_alias_example_alias_consumer', 'dataset_s3_bucket_consumer', 'dataset_s3_bucket_producer', 'dataset_alias_example_alias_producer' retrieved from /home/airflow/.local/lib/python3.12/site-packages/airflow/example_dags/example_dataset_alias.py
[2024-09-04T21:17:18.877+0000] {logging_mixin.py:190} INFO - [2024-09-04T21:17:18.877+0000] {dag.py:3211} INFO - Sync 4 DAGs
[2024-09-04T21:17:18.896+0000] {logging_mixin.py:190} INFO - [2024-09-04T21:17:18.896+0000] {dag.py:4138} INFO - Setting next_dagrun for dataset_alias_example_alias_consumer to None, run_after=None
[2024-09-04T21:17:18.899+0000] {logging_mixin.py:190} INFO - [2024-09-04T21:17:18.899+0000] {dag.py:4138} INFO - Setting next_dagrun for dataset_alias_example_alias_producer to None, run_after=None
[2024-09-04T21:17:18.901+0000] {logging_mixin.py:190} INFO - [2024-09-04T21:17:18.901+0000] {dag.py:4138} INFO - Setting next_dagrun for dataset_s3_bucket_consumer to None, run_after=None
[2024-09-04T21:17:18.902+0000] {logging_mixin.py:190} INFO - [2024-09-04T21:17:18.902+0000] {dag.py:4138} INFO - Setting next_dagrun for dataset_s3_bucket_producer to None, run_after=None
[2024-09-04T21:17:18.923+0000] {processor.py:208} INFO - Processing /home/airflow/.local/lib/python3.12/site-packages/airflow/example_dags/example_dataset_alias.py took 0.208 seconds
[2024-09-04T21:17:49.114+0000] {processor.py:186} INFO - Started process (PID=2255) to work on /home/airflow/.local/lib/python3.12/site-packages/airflow/example_dags/example_dataset_alias.py
[2024-09-04T21:17:49.115+0000] {processor.py:914} INFO - Processing file /home/airflow/.local/lib/python3.12/site-packages/airflow/example_dags/example_dataset_alias.py for tasks to queue
[2024-09-04T21:17:49.117+0000] {logging_mixin.py:190} INFO - [2024-09-04T21:17:49.117+0000] {dagbag.py:587} INFO - Filling up the DagBag from /home/airflow/.local/lib/python3.12/site-packages/airflow/example_dags/example_dataset_alias.py
[2024-09-04T21:17:49.249+0000] {processor.py:925} INFO - DAG(s) 'dataset_s3_bucket_consumer', 'dataset_s3_bucket_producer', 'dataset_alias_example_alias_consumer', 'dataset_alias_example_alias_producer' retrieved from /home/airflow/.local/lib/python3.12/site-packages/airflow/example_dags/example_dataset_alias.py
[2024-09-04T21:17:49.269+0000] {logging_mixin.py:190} INFO - [2024-09-04T21:17:49.269+0000] {dag.py:3211} INFO - Sync 4 DAGs
[2024-09-04T21:17:49.288+0000] {logging_mixin.py:190} INFO - [2024-09-04T21:17:49.287+0000] {dag.py:4138} INFO - Setting next_dagrun for dataset_alias_example_alias_consumer to None, run_after=None
[2024-09-04T21:17:49.290+0000] {logging_mixin.py:190} INFO - [2024-09-04T21:17:49.290+0000] {dag.py:4138} INFO - Setting next_dagrun for dataset_alias_example_alias_producer to None, run_after=None
[2024-09-04T21:17:49.292+0000] {logging_mixin.py:190} INFO - [2024-09-04T21:17:49.292+0000] {dag.py:4138} INFO - Setting next_dagrun for dataset_s3_bucket_consumer to None, run_after=None
[2024-09-04T21:17:49.294+0000] {logging_mixin.py:190} INFO - [2024-09-04T21:17:49.294+0000] {dag.py:4138} INFO - Setting next_dagrun for dataset_s3_bucket_producer to None, run_after=None
[2024-09-04T21:17:49.319+0000] {processor.py:208} INFO - Processing /home/airflow/.local/lib/python3.12/site-packages/airflow/example_dags/example_dataset_alias.py took 0.210 seconds
[2024-09-04T21:18:19.533+0000] {processor.py:186} INFO - Started process (PID=2318) to work on /home/airflow/.local/lib/python3.12/site-packages/airflow/example_dags/example_dataset_alias.py
[2024-09-04T21:18:19.534+0000] {processor.py:914} INFO - Processing file /home/airflow/.local/lib/python3.12/site-packages/airflow/example_dags/example_dataset_alias.py for tasks to queue
[2024-09-04T21:18:19.536+0000] {logging_mixin.py:190} INFO - [2024-09-04T21:18:19.536+0000] {dagbag.py:587} INFO - Filling up the DagBag from /home/airflow/.local/lib/python3.12/site-packages/airflow/example_dags/example_dataset_alias.py
[2024-09-04T21:18:19.669+0000] {processor.py:925} INFO - DAG(s) 'dataset_s3_bucket_producer', 'dataset_alias_example_alias_consumer', 'dataset_alias_example_alias_producer', 'dataset_s3_bucket_consumer' retrieved from /home/airflow/.local/lib/python3.12/site-packages/airflow/example_dags/example_dataset_alias.py
[2024-09-04T21:18:19.689+0000] {logging_mixin.py:190} INFO - [2024-09-04T21:18:19.688+0000] {dag.py:3211} INFO - Sync 4 DAGs
[2024-09-04T21:18:19.707+0000] {logging_mixin.py:190} INFO - [2024-09-04T21:18:19.706+0000] {dag.py:4138} INFO - Setting next_dagrun for dataset_alias_example_alias_consumer to None, run_after=None
[2024-09-04T21:18:19.709+0000] {logging_mixin.py:190} INFO - [2024-09-04T21:18:19.709+0000] {dag.py:4138} INFO - Setting next_dagrun for dataset_alias_example_alias_producer to None, run_after=None
[2024-09-04T21:18:19.711+0000] {logging_mixin.py:190} INFO - [2024-09-04T21:18:19.711+0000] {dag.py:4138} INFO - Setting next_dagrun for dataset_s3_bucket_consumer to None, run_after=None
[2024-09-04T21:18:19.713+0000] {logging_mixin.py:190} INFO - [2024-09-04T21:18:19.713+0000] {dag.py:4138} INFO - Setting next_dagrun for dataset_s3_bucket_producer to None, run_after=None
[2024-09-04T21:18:19.737+0000] {processor.py:208} INFO - Processing /home/airflow/.local/lib/python3.12/site-packages/airflow/example_dags/example_dataset_alias.py took 0.209 seconds
[2024-09-04T21:18:50.013+0000] {processor.py:186} INFO - Started process (PID=2381) to work on /home/airflow/.local/lib/python3.12/site-packages/airflow/example_dags/example_dataset_alias.py
[2024-09-04T21:18:50.014+0000] {processor.py:914} INFO - Processing file /home/airflow/.local/lib/python3.12/site-packages/airflow/example_dags/example_dataset_alias.py for tasks to queue
[2024-09-04T21:18:50.017+0000] {logging_mixin.py:190} INFO - [2024-09-04T21:18:50.017+0000] {dagbag.py:587} INFO - Filling up the DagBag from /home/airflow/.local/lib/python3.12/site-packages/airflow/example_dags/example_dataset_alias.py
[2024-09-04T21:18:50.166+0000] {processor.py:925} INFO - DAG(s) 'dataset_alias_example_alias_consumer', 'dataset_alias_example_alias_producer', 'dataset_s3_bucket_consumer', 'dataset_s3_bucket_producer' retrieved from /home/airflow/.local/lib/python3.12/site-packages/airflow/example_dags/example_dataset_alias.py
[2024-09-04T21:18:50.189+0000] {logging_mixin.py:190} INFO - [2024-09-04T21:18:50.188+0000] {dag.py:3211} INFO - Sync 4 DAGs
[2024-09-04T21:18:50.208+0000] {logging_mixin.py:190} INFO - [2024-09-04T21:18:50.207+0000] {dag.py:4138} INFO - Setting next_dagrun for dataset_alias_example_alias_consumer to None, run_after=None
[2024-09-04T21:18:50.211+0000] {logging_mixin.py:190} INFO - [2024-09-04T21:18:50.211+0000] {dag.py:4138} INFO - Setting next_dagrun for dataset_alias_example_alias_producer to None, run_after=None
[2024-09-04T21:18:50.214+0000] {logging_mixin.py:190} INFO - [2024-09-04T21:18:50.214+0000] {dag.py:4138} INFO - Setting next_dagrun for dataset_s3_bucket_consumer to None, run_after=None
[2024-09-04T21:18:50.219+0000] {logging_mixin.py:190} INFO - [2024-09-04T21:18:50.219+0000] {dag.py:4138} INFO - Setting next_dagrun for dataset_s3_bucket_producer to None, run_after=None
[2024-09-04T21:18:50.244+0000] {processor.py:208} INFO - Processing /home/airflow/.local/lib/python3.12/site-packages/airflow/example_dags/example_dataset_alias.py took 0.238 seconds
