[2024-09-04T20:52:25.834+0000] {processor.py:186} INFO - Started process (PID=76) to work on /home/airflow/.local/lib/python3.12/site-packages/airflow/example_dags/example_inlet_event_extra.py
[2024-09-04T20:52:25.874+0000] {processor.py:914} INFO - Processing file /home/airflow/.local/lib/python3.12/site-packages/airflow/example_dags/example_inlet_event_extra.py for tasks to queue
[2024-09-04T20:52:25.962+0000] {logging_mixin.py:190} INFO - [2024-09-04T20:52:25.956+0000] {dagbag.py:587} INFO - Filling up the DagBag from /home/airflow/.local/lib/python3.12/site-packages/airflow/example_dags/example_inlet_event_extra.py
[2024-09-04T20:52:28.532+0000] {processor.py:925} INFO - DAG(s) 'read_dataset_event_from_classic', 'read_dataset_event' retrieved from /home/airflow/.local/lib/python3.12/site-packages/airflow/example_dags/example_inlet_event_extra.py
[2024-09-04T20:52:29.224+0000] {logging_mixin.py:190} INFO - [2024-09-04T20:52:29.223+0000] {override.py:1858} INFO - Created Permission View: can delete on DAG:read_dataset_event_from_classic
[2024-09-04T20:52:29.242+0000] {logging_mixin.py:190} INFO - [2024-09-04T20:52:29.241+0000] {override.py:1858} INFO - Created Permission View: can edit on DAG:read_dataset_event_from_classic
[2024-09-04T20:52:29.252+0000] {logging_mixin.py:190} INFO - [2024-09-04T20:52:29.252+0000] {override.py:1858} INFO - Created Permission View: can read on DAG:read_dataset_event_from_classic
[2024-09-04T20:52:29.272+0000] {logging_mixin.py:190} INFO - [2024-09-04T20:52:29.272+0000] {override.py:1858} INFO - Created Permission View: can delete on DAG:read_dataset_event
[2024-09-04T20:52:29.281+0000] {logging_mixin.py:190} INFO - [2024-09-04T20:52:29.281+0000] {override.py:1858} INFO - Created Permission View: can edit on DAG:read_dataset_event
[2024-09-04T20:52:29.325+0000] {logging_mixin.py:190} INFO - [2024-09-04T20:52:29.325+0000] {override.py:1858} INFO - Created Permission View: can read on DAG:read_dataset_event
[2024-09-04T20:52:29.326+0000] {logging_mixin.py:190} INFO - [2024-09-04T20:52:29.326+0000] {dag.py:3211} INFO - Sync 2 DAGs
[2024-09-04T20:52:29.439+0000] {logging_mixin.py:190} INFO - [2024-09-04T20:52:29.439+0000] {dag.py:3234} INFO - Creating ORM DAG for read_dataset_event
[2024-09-04T20:52:29.442+0000] {logging_mixin.py:190} INFO - [2024-09-04T20:52:29.441+0000] {dag.py:3234} INFO - Creating ORM DAG for read_dataset_event_from_classic
[2024-09-04T20:52:29.606+0000] {logging_mixin.py:190} INFO - [2024-09-04T20:52:29.606+0000] {dag.py:4138} INFO - Setting next_dagrun for read_dataset_event to 2024-09-03 00:00:00+00:00, run_after=2024-09-04 00:00:00+00:00
[2024-09-04T20:52:29.618+0000] {logging_mixin.py:190} INFO - [2024-09-04T20:52:29.618+0000] {dag.py:4138} INFO - Setting next_dagrun for read_dataset_event_from_classic to 2024-09-03 00:00:00+00:00, run_after=2024-09-04 00:00:00+00:00
[2024-09-04T20:52:29.774+0000] {processor.py:208} INFO - Processing /home/airflow/.local/lib/python3.12/site-packages/airflow/example_dags/example_inlet_event_extra.py took 4.213 seconds
[2024-09-04T21:00:10.950+0000] {processor.py:186} INFO - Started process (PID=71) to work on /home/airflow/.local/lib/python3.12/site-packages/airflow/example_dags/example_inlet_event_extra.py
[2024-09-04T21:00:10.957+0000] {processor.py:914} INFO - Processing file /home/airflow/.local/lib/python3.12/site-packages/airflow/example_dags/example_inlet_event_extra.py for tasks to queue
[2024-09-04T21:00:10.981+0000] {logging_mixin.py:190} INFO - [2024-09-04T21:00:10.979+0000] {dagbag.py:587} INFO - Filling up the DagBag from /home/airflow/.local/lib/python3.12/site-packages/airflow/example_dags/example_inlet_event_extra.py
[2024-09-04T21:00:13.496+0000] {processor.py:925} INFO - DAG(s) 'read_dataset_event_from_classic', 'read_dataset_event' retrieved from /home/airflow/.local/lib/python3.12/site-packages/airflow/example_dags/example_inlet_event_extra.py
[2024-09-04T21:00:13.589+0000] {logging_mixin.py:190} INFO - [2024-09-04T21:00:13.588+0000] {dag.py:3211} INFO - Sync 2 DAGs
[2024-09-04T21:00:13.684+0000] {logging_mixin.py:190} INFO - [2024-09-04T21:00:13.684+0000] {dag.py:4138} INFO - Setting next_dagrun for read_dataset_event to 2024-09-03 00:00:00+00:00, run_after=2024-09-04 00:00:00+00:00
[2024-09-04T21:00:13.709+0000] {logging_mixin.py:190} INFO - [2024-09-04T21:00:13.709+0000] {dag.py:4138} INFO - Setting next_dagrun for read_dataset_event_from_classic to 2024-09-03 00:00:00+00:00, run_after=2024-09-04 00:00:00+00:00
[2024-09-04T21:00:13.755+0000] {processor.py:208} INFO - Processing /home/airflow/.local/lib/python3.12/site-packages/airflow/example_dags/example_inlet_event_extra.py took 2.840 seconds
[2024-09-04T21:00:43.872+0000] {processor.py:186} INFO - Started process (PID=133) to work on /home/airflow/.local/lib/python3.12/site-packages/airflow/example_dags/example_inlet_event_extra.py
[2024-09-04T21:00:43.873+0000] {processor.py:914} INFO - Processing file /home/airflow/.local/lib/python3.12/site-packages/airflow/example_dags/example_inlet_event_extra.py for tasks to queue
[2024-09-04T21:00:43.877+0000] {logging_mixin.py:190} INFO - [2024-09-04T21:00:43.876+0000] {dagbag.py:587} INFO - Filling up the DagBag from /home/airflow/.local/lib/python3.12/site-packages/airflow/example_dags/example_inlet_event_extra.py
[2024-09-04T21:00:44.030+0000] {processor.py:925} INFO - DAG(s) 'read_dataset_event', 'read_dataset_event_from_classic' retrieved from /home/airflow/.local/lib/python3.12/site-packages/airflow/example_dags/example_inlet_event_extra.py
[2024-09-04T21:00:44.063+0000] {logging_mixin.py:190} INFO - [2024-09-04T21:00:44.063+0000] {dag.py:3211} INFO - Sync 2 DAGs
[2024-09-04T21:00:44.105+0000] {logging_mixin.py:190} INFO - [2024-09-04T21:00:44.105+0000] {dag.py:4138} INFO - Setting next_dagrun for read_dataset_event to 2024-09-03 00:00:00+00:00, run_after=2024-09-04 00:00:00+00:00
[2024-09-04T21:00:44.110+0000] {logging_mixin.py:190} INFO - [2024-09-04T21:00:44.110+0000] {dag.py:4138} INFO - Setting next_dagrun for read_dataset_event_from_classic to 2024-09-03 00:00:00+00:00, run_after=2024-09-04 00:00:00+00:00
[2024-09-04T21:00:44.131+0000] {processor.py:208} INFO - Processing /home/airflow/.local/lib/python3.12/site-packages/airflow/example_dags/example_inlet_event_extra.py took 0.265 seconds
[2024-09-04T21:01:14.731+0000] {processor.py:186} INFO - Started process (PID=195) to work on /home/airflow/.local/lib/python3.12/site-packages/airflow/example_dags/example_inlet_event_extra.py
[2024-09-04T21:01:14.732+0000] {processor.py:914} INFO - Processing file /home/airflow/.local/lib/python3.12/site-packages/airflow/example_dags/example_inlet_event_extra.py for tasks to queue
[2024-09-04T21:01:14.735+0000] {logging_mixin.py:190} INFO - [2024-09-04T21:01:14.734+0000] {dagbag.py:587} INFO - Filling up the DagBag from /home/airflow/.local/lib/python3.12/site-packages/airflow/example_dags/example_inlet_event_extra.py
[2024-09-04T21:01:14.846+0000] {processor.py:925} INFO - DAG(s) 'read_dataset_event_from_classic', 'read_dataset_event' retrieved from /home/airflow/.local/lib/python3.12/site-packages/airflow/example_dags/example_inlet_event_extra.py
[2024-09-04T21:01:14.869+0000] {logging_mixin.py:190} INFO - [2024-09-04T21:01:14.869+0000] {dag.py:3211} INFO - Sync 2 DAGs
[2024-09-04T21:01:14.890+0000] {logging_mixin.py:190} INFO - [2024-09-04T21:01:14.890+0000] {dag.py:4138} INFO - Setting next_dagrun for read_dataset_event to 2024-09-03 00:00:00+00:00, run_after=2024-09-04 00:00:00+00:00
[2024-09-04T21:01:14.895+0000] {logging_mixin.py:190} INFO - [2024-09-04T21:01:14.895+0000] {dag.py:4138} INFO - Setting next_dagrun for read_dataset_event_from_classic to 2024-09-03 00:00:00+00:00, run_after=2024-09-04 00:00:00+00:00
[2024-09-04T21:01:14.916+0000] {processor.py:208} INFO - Processing /home/airflow/.local/lib/python3.12/site-packages/airflow/example_dags/example_inlet_event_extra.py took 0.191 seconds
[2024-09-04T21:01:44.963+0000] {processor.py:186} INFO - Started process (PID=257) to work on /home/airflow/.local/lib/python3.12/site-packages/airflow/example_dags/example_inlet_event_extra.py
[2024-09-04T21:01:44.964+0000] {processor.py:914} INFO - Processing file /home/airflow/.local/lib/python3.12/site-packages/airflow/example_dags/example_inlet_event_extra.py for tasks to queue
[2024-09-04T21:01:44.966+0000] {logging_mixin.py:190} INFO - [2024-09-04T21:01:44.966+0000] {dagbag.py:587} INFO - Filling up the DagBag from /home/airflow/.local/lib/python3.12/site-packages/airflow/example_dags/example_inlet_event_extra.py
[2024-09-04T21:01:45.069+0000] {processor.py:925} INFO - DAG(s) 'read_dataset_event_from_classic', 'read_dataset_event' retrieved from /home/airflow/.local/lib/python3.12/site-packages/airflow/example_dags/example_inlet_event_extra.py
[2024-09-04T21:01:45.089+0000] {logging_mixin.py:190} INFO - [2024-09-04T21:01:45.089+0000] {dag.py:3211} INFO - Sync 2 DAGs
[2024-09-04T21:01:45.108+0000] {logging_mixin.py:190} INFO - [2024-09-04T21:01:45.108+0000] {dag.py:4138} INFO - Setting next_dagrun for read_dataset_event to 2024-09-03 00:00:00+00:00, run_after=2024-09-04 00:00:00+00:00
[2024-09-04T21:01:45.112+0000] {logging_mixin.py:190} INFO - [2024-09-04T21:01:45.112+0000] {dag.py:4138} INFO - Setting next_dagrun for read_dataset_event_from_classic to 2024-09-03 00:00:00+00:00, run_after=2024-09-04 00:00:00+00:00
[2024-09-04T21:01:45.130+0000] {processor.py:208} INFO - Processing /home/airflow/.local/lib/python3.12/site-packages/airflow/example_dags/example_inlet_event_extra.py took 0.172 seconds
[2024-09-04T21:02:15.888+0000] {processor.py:186} INFO - Started process (PID=320) to work on /home/airflow/.local/lib/python3.12/site-packages/airflow/example_dags/example_inlet_event_extra.py
[2024-09-04T21:02:15.889+0000] {processor.py:914} INFO - Processing file /home/airflow/.local/lib/python3.12/site-packages/airflow/example_dags/example_inlet_event_extra.py for tasks to queue
[2024-09-04T21:02:15.891+0000] {logging_mixin.py:190} INFO - [2024-09-04T21:02:15.891+0000] {dagbag.py:587} INFO - Filling up the DagBag from /home/airflow/.local/lib/python3.12/site-packages/airflow/example_dags/example_inlet_event_extra.py
[2024-09-04T21:02:16.011+0000] {processor.py:925} INFO - DAG(s) 'read_dataset_event', 'read_dataset_event_from_classic' retrieved from /home/airflow/.local/lib/python3.12/site-packages/airflow/example_dags/example_inlet_event_extra.py
[2024-09-04T21:02:16.029+0000] {logging_mixin.py:190} INFO - [2024-09-04T21:02:16.029+0000] {dag.py:3211} INFO - Sync 2 DAGs
[2024-09-04T21:02:16.052+0000] {logging_mixin.py:190} INFO - [2024-09-04T21:02:16.051+0000] {dag.py:4138} INFO - Setting next_dagrun for read_dataset_event to 2024-09-03 00:00:00+00:00, run_after=2024-09-04 00:00:00+00:00
[2024-09-04T21:02:16.057+0000] {logging_mixin.py:190} INFO - [2024-09-04T21:02:16.056+0000] {dag.py:4138} INFO - Setting next_dagrun for read_dataset_event_from_classic to 2024-09-03 00:00:00+00:00, run_after=2024-09-04 00:00:00+00:00
[2024-09-04T21:02:16.074+0000] {processor.py:208} INFO - Processing /home/airflow/.local/lib/python3.12/site-packages/airflow/example_dags/example_inlet_event_extra.py took 0.192 seconds
[2024-09-04T21:02:46.717+0000] {processor.py:186} INFO - Started process (PID=382) to work on /home/airflow/.local/lib/python3.12/site-packages/airflow/example_dags/example_inlet_event_extra.py
[2024-09-04T21:02:46.718+0000] {processor.py:914} INFO - Processing file /home/airflow/.local/lib/python3.12/site-packages/airflow/example_dags/example_inlet_event_extra.py for tasks to queue
[2024-09-04T21:02:46.721+0000] {logging_mixin.py:190} INFO - [2024-09-04T21:02:46.720+0000] {dagbag.py:587} INFO - Filling up the DagBag from /home/airflow/.local/lib/python3.12/site-packages/airflow/example_dags/example_inlet_event_extra.py
[2024-09-04T21:02:46.841+0000] {processor.py:925} INFO - DAG(s) 'read_dataset_event', 'read_dataset_event_from_classic' retrieved from /home/airflow/.local/lib/python3.12/site-packages/airflow/example_dags/example_inlet_event_extra.py
[2024-09-04T21:02:46.861+0000] {logging_mixin.py:190} INFO - [2024-09-04T21:02:46.861+0000] {dag.py:3211} INFO - Sync 2 DAGs
[2024-09-04T21:02:46.881+0000] {logging_mixin.py:190} INFO - [2024-09-04T21:02:46.881+0000] {dag.py:4138} INFO - Setting next_dagrun for read_dataset_event to 2024-09-03 00:00:00+00:00, run_after=2024-09-04 00:00:00+00:00
[2024-09-04T21:02:46.886+0000] {logging_mixin.py:190} INFO - [2024-09-04T21:02:46.886+0000] {dag.py:4138} INFO - Setting next_dagrun for read_dataset_event_from_classic to 2024-09-03 00:00:00+00:00, run_after=2024-09-04 00:00:00+00:00
[2024-09-04T21:02:46.906+0000] {processor.py:208} INFO - Processing /home/airflow/.local/lib/python3.12/site-packages/airflow/example_dags/example_inlet_event_extra.py took 0.194 seconds
[2024-09-04T21:03:17.339+0000] {processor.py:186} INFO - Started process (PID=444) to work on /home/airflow/.local/lib/python3.12/site-packages/airflow/example_dags/example_inlet_event_extra.py
[2024-09-04T21:03:17.340+0000] {processor.py:914} INFO - Processing file /home/airflow/.local/lib/python3.12/site-packages/airflow/example_dags/example_inlet_event_extra.py for tasks to queue
[2024-09-04T21:03:17.343+0000] {logging_mixin.py:190} INFO - [2024-09-04T21:03:17.342+0000] {dagbag.py:587} INFO - Filling up the DagBag from /home/airflow/.local/lib/python3.12/site-packages/airflow/example_dags/example_inlet_event_extra.py
[2024-09-04T21:03:17.477+0000] {processor.py:925} INFO - DAG(s) 'read_dataset_event', 'read_dataset_event_from_classic' retrieved from /home/airflow/.local/lib/python3.12/site-packages/airflow/example_dags/example_inlet_event_extra.py
[2024-09-04T21:03:17.509+0000] {logging_mixin.py:190} INFO - [2024-09-04T21:03:17.509+0000] {dag.py:3211} INFO - Sync 2 DAGs
[2024-09-04T21:03:17.536+0000] {logging_mixin.py:190} INFO - [2024-09-04T21:03:17.536+0000] {dag.py:4138} INFO - Setting next_dagrun for read_dataset_event to 2024-09-03 00:00:00+00:00, run_after=2024-09-04 00:00:00+00:00
[2024-09-04T21:03:17.541+0000] {logging_mixin.py:190} INFO - [2024-09-04T21:03:17.541+0000] {dag.py:4138} INFO - Setting next_dagrun for read_dataset_event_from_classic to 2024-09-03 00:00:00+00:00, run_after=2024-09-04 00:00:00+00:00
[2024-09-04T21:03:17.562+0000] {processor.py:208} INFO - Processing /home/airflow/.local/lib/python3.12/site-packages/airflow/example_dags/example_inlet_event_extra.py took 0.230 seconds
[2024-09-04T21:03:48.075+0000] {processor.py:186} INFO - Started process (PID=506) to work on /home/airflow/.local/lib/python3.12/site-packages/airflow/example_dags/example_inlet_event_extra.py
[2024-09-04T21:03:48.076+0000] {processor.py:914} INFO - Processing file /home/airflow/.local/lib/python3.12/site-packages/airflow/example_dags/example_inlet_event_extra.py for tasks to queue
[2024-09-04T21:03:48.079+0000] {logging_mixin.py:190} INFO - [2024-09-04T21:03:48.079+0000] {dagbag.py:587} INFO - Filling up the DagBag from /home/airflow/.local/lib/python3.12/site-packages/airflow/example_dags/example_inlet_event_extra.py
[2024-09-04T21:03:48.198+0000] {processor.py:925} INFO - DAG(s) 'read_dataset_event_from_classic', 'read_dataset_event' retrieved from /home/airflow/.local/lib/python3.12/site-packages/airflow/example_dags/example_inlet_event_extra.py
[2024-09-04T21:03:48.220+0000] {logging_mixin.py:190} INFO - [2024-09-04T21:03:48.220+0000] {dag.py:3211} INFO - Sync 2 DAGs
[2024-09-04T21:03:48.244+0000] {logging_mixin.py:190} INFO - [2024-09-04T21:03:48.244+0000] {dag.py:4138} INFO - Setting next_dagrun for read_dataset_event to 2024-09-03 00:00:00+00:00, run_after=2024-09-04 00:00:00+00:00
[2024-09-04T21:03:48.249+0000] {logging_mixin.py:190} INFO - [2024-09-04T21:03:48.249+0000] {dag.py:4138} INFO - Setting next_dagrun for read_dataset_event_from_classic to 2024-09-03 00:00:00+00:00, run_after=2024-09-04 00:00:00+00:00
[2024-09-04T21:03:48.273+0000] {processor.py:208} INFO - Processing /home/airflow/.local/lib/python3.12/site-packages/airflow/example_dags/example_inlet_event_extra.py took 0.203 seconds
[2024-09-04T21:04:18.886+0000] {processor.py:186} INFO - Started process (PID=568) to work on /home/airflow/.local/lib/python3.12/site-packages/airflow/example_dags/example_inlet_event_extra.py
[2024-09-04T21:04:18.887+0000] {processor.py:914} INFO - Processing file /home/airflow/.local/lib/python3.12/site-packages/airflow/example_dags/example_inlet_event_extra.py for tasks to queue
[2024-09-04T21:04:18.894+0000] {logging_mixin.py:190} INFO - [2024-09-04T21:04:18.894+0000] {dagbag.py:587} INFO - Filling up the DagBag from /home/airflow/.local/lib/python3.12/site-packages/airflow/example_dags/example_inlet_event_extra.py
[2024-09-04T21:04:19.130+0000] {processor.py:925} INFO - DAG(s) 'read_dataset_event', 'read_dataset_event_from_classic' retrieved from /home/airflow/.local/lib/python3.12/site-packages/airflow/example_dags/example_inlet_event_extra.py
[2024-09-04T21:04:19.161+0000] {logging_mixin.py:190} INFO - [2024-09-04T21:04:19.160+0000] {dag.py:3211} INFO - Sync 2 DAGs
[2024-09-04T21:04:19.198+0000] {logging_mixin.py:190} INFO - [2024-09-04T21:04:19.198+0000] {dag.py:4138} INFO - Setting next_dagrun for read_dataset_event to 2024-09-03 00:00:00+00:00, run_after=2024-09-04 00:00:00+00:00
[2024-09-04T21:04:19.207+0000] {logging_mixin.py:190} INFO - [2024-09-04T21:04:19.207+0000] {dag.py:4138} INFO - Setting next_dagrun for read_dataset_event_from_classic to 2024-09-03 00:00:00+00:00, run_after=2024-09-04 00:00:00+00:00
[2024-09-04T21:04:19.230+0000] {processor.py:208} INFO - Processing /home/airflow/.local/lib/python3.12/site-packages/airflow/example_dags/example_inlet_event_extra.py took 0.354 seconds
[2024-09-04T21:04:49.879+0000] {processor.py:186} INFO - Started process (PID=630) to work on /home/airflow/.local/lib/python3.12/site-packages/airflow/example_dags/example_inlet_event_extra.py
[2024-09-04T21:04:49.880+0000] {processor.py:914} INFO - Processing file /home/airflow/.local/lib/python3.12/site-packages/airflow/example_dags/example_inlet_event_extra.py for tasks to queue
[2024-09-04T21:04:49.883+0000] {logging_mixin.py:190} INFO - [2024-09-04T21:04:49.883+0000] {dagbag.py:587} INFO - Filling up the DagBag from /home/airflow/.local/lib/python3.12/site-packages/airflow/example_dags/example_inlet_event_extra.py
[2024-09-04T21:04:50.047+0000] {processor.py:925} INFO - DAG(s) 'read_dataset_event', 'read_dataset_event_from_classic' retrieved from /home/airflow/.local/lib/python3.12/site-packages/airflow/example_dags/example_inlet_event_extra.py
[2024-09-04T21:04:50.080+0000] {logging_mixin.py:190} INFO - [2024-09-04T21:04:50.079+0000] {dag.py:3211} INFO - Sync 2 DAGs
[2024-09-04T21:04:50.119+0000] {logging_mixin.py:190} INFO - [2024-09-04T21:04:50.119+0000] {dag.py:4138} INFO - Setting next_dagrun for read_dataset_event to 2024-09-03 00:00:00+00:00, run_after=2024-09-04 00:00:00+00:00
[2024-09-04T21:04:50.125+0000] {logging_mixin.py:190} INFO - [2024-09-04T21:04:50.125+0000] {dag.py:4138} INFO - Setting next_dagrun for read_dataset_event_from_classic to 2024-09-03 00:00:00+00:00, run_after=2024-09-04 00:00:00+00:00
[2024-09-04T21:04:50.148+0000] {processor.py:208} INFO - Processing /home/airflow/.local/lib/python3.12/site-packages/airflow/example_dags/example_inlet_event_extra.py took 0.276 seconds
[2024-09-04T21:05:20.497+0000] {processor.py:186} INFO - Started process (PID=692) to work on /home/airflow/.local/lib/python3.12/site-packages/airflow/example_dags/example_inlet_event_extra.py
[2024-09-04T21:05:20.499+0000] {processor.py:914} INFO - Processing file /home/airflow/.local/lib/python3.12/site-packages/airflow/example_dags/example_inlet_event_extra.py for tasks to queue
[2024-09-04T21:05:20.501+0000] {logging_mixin.py:190} INFO - [2024-09-04T21:05:20.500+0000] {dagbag.py:587} INFO - Filling up the DagBag from /home/airflow/.local/lib/python3.12/site-packages/airflow/example_dags/example_inlet_event_extra.py
[2024-09-04T21:05:20.611+0000] {processor.py:925} INFO - DAG(s) 'read_dataset_event_from_classic', 'read_dataset_event' retrieved from /home/airflow/.local/lib/python3.12/site-packages/airflow/example_dags/example_inlet_event_extra.py
[2024-09-04T21:05:20.635+0000] {logging_mixin.py:190} INFO - [2024-09-04T21:05:20.635+0000] {dag.py:3211} INFO - Sync 2 DAGs
[2024-09-04T21:05:20.655+0000] {logging_mixin.py:190} INFO - [2024-09-04T21:05:20.655+0000] {dag.py:4138} INFO - Setting next_dagrun for read_dataset_event to 2024-09-03 00:00:00+00:00, run_after=2024-09-04 00:00:00+00:00
[2024-09-04T21:05:20.660+0000] {logging_mixin.py:190} INFO - [2024-09-04T21:05:20.660+0000] {dag.py:4138} INFO - Setting next_dagrun for read_dataset_event_from_classic to 2024-09-03 00:00:00+00:00, run_after=2024-09-04 00:00:00+00:00
[2024-09-04T21:05:20.678+0000] {processor.py:208} INFO - Processing /home/airflow/.local/lib/python3.12/site-packages/airflow/example_dags/example_inlet_event_extra.py took 0.185 seconds
[2024-09-04T21:05:51.361+0000] {processor.py:186} INFO - Started process (PID=754) to work on /home/airflow/.local/lib/python3.12/site-packages/airflow/example_dags/example_inlet_event_extra.py
[2024-09-04T21:05:51.362+0000] {processor.py:914} INFO - Processing file /home/airflow/.local/lib/python3.12/site-packages/airflow/example_dags/example_inlet_event_extra.py for tasks to queue
[2024-09-04T21:05:51.365+0000] {logging_mixin.py:190} INFO - [2024-09-04T21:05:51.364+0000] {dagbag.py:587} INFO - Filling up the DagBag from /home/airflow/.local/lib/python3.12/site-packages/airflow/example_dags/example_inlet_event_extra.py
[2024-09-04T21:05:51.472+0000] {processor.py:925} INFO - DAG(s) 'read_dataset_event_from_classic', 'read_dataset_event' retrieved from /home/airflow/.local/lib/python3.12/site-packages/airflow/example_dags/example_inlet_event_extra.py
[2024-09-04T21:05:51.495+0000] {logging_mixin.py:190} INFO - [2024-09-04T21:05:51.495+0000] {dag.py:3211} INFO - Sync 2 DAGs
[2024-09-04T21:05:51.515+0000] {logging_mixin.py:190} INFO - [2024-09-04T21:05:51.514+0000] {dag.py:4138} INFO - Setting next_dagrun for read_dataset_event to 2024-09-03 00:00:00+00:00, run_after=2024-09-04 00:00:00+00:00
[2024-09-04T21:05:51.519+0000] {logging_mixin.py:190} INFO - [2024-09-04T21:05:51.519+0000] {dag.py:4138} INFO - Setting next_dagrun for read_dataset_event_from_classic to 2024-09-03 00:00:00+00:00, run_after=2024-09-04 00:00:00+00:00
[2024-09-04T21:05:51.537+0000] {processor.py:208} INFO - Processing /home/airflow/.local/lib/python3.12/site-packages/airflow/example_dags/example_inlet_event_extra.py took 0.180 seconds
[2024-09-04T21:06:21.960+0000] {processor.py:186} INFO - Started process (PID=816) to work on /home/airflow/.local/lib/python3.12/site-packages/airflow/example_dags/example_inlet_event_extra.py
[2024-09-04T21:06:21.962+0000] {processor.py:914} INFO - Processing file /home/airflow/.local/lib/python3.12/site-packages/airflow/example_dags/example_inlet_event_extra.py for tasks to queue
[2024-09-04T21:06:21.968+0000] {logging_mixin.py:190} INFO - [2024-09-04T21:06:21.966+0000] {dagbag.py:587} INFO - Filling up the DagBag from /home/airflow/.local/lib/python3.12/site-packages/airflow/example_dags/example_inlet_event_extra.py
[2024-09-04T21:06:22.178+0000] {processor.py:925} INFO - DAG(s) 'read_dataset_event_from_classic', 'read_dataset_event' retrieved from /home/airflow/.local/lib/python3.12/site-packages/airflow/example_dags/example_inlet_event_extra.py
[2024-09-04T21:06:22.214+0000] {logging_mixin.py:190} INFO - [2024-09-04T21:06:22.213+0000] {dag.py:3211} INFO - Sync 2 DAGs
[2024-09-04T21:06:22.264+0000] {logging_mixin.py:190} INFO - [2024-09-04T21:06:22.264+0000] {dag.py:4138} INFO - Setting next_dagrun for read_dataset_event to 2024-09-03 00:00:00+00:00, run_after=2024-09-04 00:00:00+00:00
[2024-09-04T21:06:22.273+0000] {logging_mixin.py:190} INFO - [2024-09-04T21:06:22.273+0000] {dag.py:4138} INFO - Setting next_dagrun for read_dataset_event_from_classic to 2024-09-03 00:00:00+00:00, run_after=2024-09-04 00:00:00+00:00
[2024-09-04T21:06:22.306+0000] {processor.py:208} INFO - Processing /home/airflow/.local/lib/python3.12/site-packages/airflow/example_dags/example_inlet_event_extra.py took 0.355 seconds
[2024-09-04T21:06:52.771+0000] {processor.py:186} INFO - Started process (PID=877) to work on /home/airflow/.local/lib/python3.12/site-packages/airflow/example_dags/example_inlet_event_extra.py
[2024-09-04T21:06:52.773+0000] {processor.py:914} INFO - Processing file /home/airflow/.local/lib/python3.12/site-packages/airflow/example_dags/example_inlet_event_extra.py for tasks to queue
[2024-09-04T21:06:52.777+0000] {logging_mixin.py:190} INFO - [2024-09-04T21:06:52.777+0000] {dagbag.py:587} INFO - Filling up the DagBag from /home/airflow/.local/lib/python3.12/site-packages/airflow/example_dags/example_inlet_event_extra.py
[2024-09-04T21:06:52.925+0000] {processor.py:925} INFO - DAG(s) 'read_dataset_event_from_classic', 'read_dataset_event' retrieved from /home/airflow/.local/lib/python3.12/site-packages/airflow/example_dags/example_inlet_event_extra.py
[2024-09-04T21:06:52.954+0000] {logging_mixin.py:190} INFO - [2024-09-04T21:06:52.954+0000] {dag.py:3211} INFO - Sync 2 DAGs
[2024-09-04T21:06:52.980+0000] {logging_mixin.py:190} INFO - [2024-09-04T21:06:52.980+0000] {dag.py:4138} INFO - Setting next_dagrun for read_dataset_event to 2024-09-03 00:00:00+00:00, run_after=2024-09-04 00:00:00+00:00
[2024-09-04T21:06:52.984+0000] {logging_mixin.py:190} INFO - [2024-09-04T21:06:52.984+0000] {dag.py:4138} INFO - Setting next_dagrun for read_dataset_event_from_classic to 2024-09-03 00:00:00+00:00, run_after=2024-09-04 00:00:00+00:00
[2024-09-04T21:06:53.000+0000] {processor.py:208} INFO - Processing /home/airflow/.local/lib/python3.12/site-packages/airflow/example_dags/example_inlet_event_extra.py took 0.238 seconds
[2024-09-04T21:07:23.934+0000] {processor.py:186} INFO - Started process (PID=939) to work on /home/airflow/.local/lib/python3.12/site-packages/airflow/example_dags/example_inlet_event_extra.py
[2024-09-04T21:07:23.935+0000] {processor.py:914} INFO - Processing file /home/airflow/.local/lib/python3.12/site-packages/airflow/example_dags/example_inlet_event_extra.py for tasks to queue
[2024-09-04T21:07:23.939+0000] {logging_mixin.py:190} INFO - [2024-09-04T21:07:23.938+0000] {dagbag.py:587} INFO - Filling up the DagBag from /home/airflow/.local/lib/python3.12/site-packages/airflow/example_dags/example_inlet_event_extra.py
[2024-09-04T21:07:24.093+0000] {processor.py:925} INFO - DAG(s) 'read_dataset_event', 'read_dataset_event_from_classic' retrieved from /home/airflow/.local/lib/python3.12/site-packages/airflow/example_dags/example_inlet_event_extra.py
[2024-09-04T21:07:24.138+0000] {logging_mixin.py:190} INFO - [2024-09-04T21:07:24.137+0000] {dag.py:3211} INFO - Sync 2 DAGs
[2024-09-04T21:07:24.178+0000] {logging_mixin.py:190} INFO - [2024-09-04T21:07:24.178+0000] {dag.py:4138} INFO - Setting next_dagrun for read_dataset_event to 2024-09-03 00:00:00+00:00, run_after=2024-09-04 00:00:00+00:00
[2024-09-04T21:07:24.188+0000] {logging_mixin.py:190} INFO - [2024-09-04T21:07:24.187+0000] {dag.py:4138} INFO - Setting next_dagrun for read_dataset_event_from_classic to 2024-09-03 00:00:00+00:00, run_after=2024-09-04 00:00:00+00:00
[2024-09-04T21:07:24.211+0000] {processor.py:208} INFO - Processing /home/airflow/.local/lib/python3.12/site-packages/airflow/example_dags/example_inlet_event_extra.py took 0.284 seconds
[2024-09-04T21:07:54.326+0000] {processor.py:186} INFO - Started process (PID=1001) to work on /home/airflow/.local/lib/python3.12/site-packages/airflow/example_dags/example_inlet_event_extra.py
[2024-09-04T21:07:54.330+0000] {processor.py:914} INFO - Processing file /home/airflow/.local/lib/python3.12/site-packages/airflow/example_dags/example_inlet_event_extra.py for tasks to queue
[2024-09-04T21:07:54.334+0000] {logging_mixin.py:190} INFO - [2024-09-04T21:07:54.333+0000] {dagbag.py:587} INFO - Filling up the DagBag from /home/airflow/.local/lib/python3.12/site-packages/airflow/example_dags/example_inlet_event_extra.py
[2024-09-04T21:07:54.519+0000] {processor.py:925} INFO - DAG(s) 'read_dataset_event_from_classic', 'read_dataset_event' retrieved from /home/airflow/.local/lib/python3.12/site-packages/airflow/example_dags/example_inlet_event_extra.py
[2024-09-04T21:07:54.552+0000] {logging_mixin.py:190} INFO - [2024-09-04T21:07:54.551+0000] {dag.py:3211} INFO - Sync 2 DAGs
[2024-09-04T21:07:54.584+0000] {logging_mixin.py:190} INFO - [2024-09-04T21:07:54.584+0000] {dag.py:4138} INFO - Setting next_dagrun for read_dataset_event to 2024-09-03 00:00:00+00:00, run_after=2024-09-04 00:00:00+00:00
[2024-09-04T21:07:54.592+0000] {logging_mixin.py:190} INFO - [2024-09-04T21:07:54.592+0000] {dag.py:4138} INFO - Setting next_dagrun for read_dataset_event_from_classic to 2024-09-03 00:00:00+00:00, run_after=2024-09-04 00:00:00+00:00
[2024-09-04T21:07:54.615+0000] {processor.py:208} INFO - Processing /home/airflow/.local/lib/python3.12/site-packages/airflow/example_dags/example_inlet_event_extra.py took 0.300 seconds
[2024-09-04T21:08:24.778+0000] {processor.py:186} INFO - Started process (PID=1064) to work on /home/airflow/.local/lib/python3.12/site-packages/airflow/example_dags/example_inlet_event_extra.py
[2024-09-04T21:08:24.779+0000] {processor.py:914} INFO - Processing file /home/airflow/.local/lib/python3.12/site-packages/airflow/example_dags/example_inlet_event_extra.py for tasks to queue
[2024-09-04T21:08:24.782+0000] {logging_mixin.py:190} INFO - [2024-09-04T21:08:24.782+0000] {dagbag.py:587} INFO - Filling up the DagBag from /home/airflow/.local/lib/python3.12/site-packages/airflow/example_dags/example_inlet_event_extra.py
[2024-09-04T21:08:24.979+0000] {processor.py:925} INFO - DAG(s) 'read_dataset_event', 'read_dataset_event_from_classic' retrieved from /home/airflow/.local/lib/python3.12/site-packages/airflow/example_dags/example_inlet_event_extra.py
[2024-09-04T21:08:25.004+0000] {logging_mixin.py:190} INFO - [2024-09-04T21:08:25.004+0000] {dag.py:3211} INFO - Sync 2 DAGs
[2024-09-04T21:08:25.037+0000] {logging_mixin.py:190} INFO - [2024-09-04T21:08:25.036+0000] {dag.py:4138} INFO - Setting next_dagrun for read_dataset_event to 2024-09-03 00:00:00+00:00, run_after=2024-09-04 00:00:00+00:00
[2024-09-04T21:08:25.043+0000] {logging_mixin.py:190} INFO - [2024-09-04T21:08:25.043+0000] {dag.py:4138} INFO - Setting next_dagrun for read_dataset_event_from_classic to 2024-09-03 00:00:00+00:00, run_after=2024-09-04 00:00:00+00:00
[2024-09-04T21:08:25.059+0000] {processor.py:208} INFO - Processing /home/airflow/.local/lib/python3.12/site-packages/airflow/example_dags/example_inlet_event_extra.py took 0.287 seconds
[2024-09-04T21:08:55.377+0000] {processor.py:186} INFO - Started process (PID=1132) to work on /home/airflow/.local/lib/python3.12/site-packages/airflow/example_dags/example_inlet_event_extra.py
[2024-09-04T21:08:55.378+0000] {processor.py:914} INFO - Processing file /home/airflow/.local/lib/python3.12/site-packages/airflow/example_dags/example_inlet_event_extra.py for tasks to queue
[2024-09-04T21:08:55.381+0000] {logging_mixin.py:190} INFO - [2024-09-04T21:08:55.381+0000] {dagbag.py:587} INFO - Filling up the DagBag from /home/airflow/.local/lib/python3.12/site-packages/airflow/example_dags/example_inlet_event_extra.py
[2024-09-04T21:08:55.492+0000] {processor.py:925} INFO - DAG(s) 'read_dataset_event_from_classic', 'read_dataset_event' retrieved from /home/airflow/.local/lib/python3.12/site-packages/airflow/example_dags/example_inlet_event_extra.py
[2024-09-04T21:08:55.513+0000] {logging_mixin.py:190} INFO - [2024-09-04T21:08:55.513+0000] {dag.py:3211} INFO - Sync 2 DAGs
[2024-09-04T21:08:55.532+0000] {logging_mixin.py:190} INFO - [2024-09-04T21:08:55.532+0000] {dag.py:4138} INFO - Setting next_dagrun for read_dataset_event to 2024-09-03 00:00:00+00:00, run_after=2024-09-04 00:00:00+00:00
[2024-09-04T21:08:55.536+0000] {logging_mixin.py:190} INFO - [2024-09-04T21:08:55.536+0000] {dag.py:4138} INFO - Setting next_dagrun for read_dataset_event_from_classic to 2024-09-03 00:00:00+00:00, run_after=2024-09-04 00:00:00+00:00
[2024-09-04T21:08:55.552+0000] {processor.py:208} INFO - Processing /home/airflow/.local/lib/python3.12/site-packages/airflow/example_dags/example_inlet_event_extra.py took 0.180 seconds
[2024-09-04T21:09:25.724+0000] {processor.py:186} INFO - Started process (PID=1194) to work on /home/airflow/.local/lib/python3.12/site-packages/airflow/example_dags/example_inlet_event_extra.py
[2024-09-04T21:09:25.725+0000] {processor.py:914} INFO - Processing file /home/airflow/.local/lib/python3.12/site-packages/airflow/example_dags/example_inlet_event_extra.py for tasks to queue
[2024-09-04T21:09:25.728+0000] {logging_mixin.py:190} INFO - [2024-09-04T21:09:25.727+0000] {dagbag.py:587} INFO - Filling up the DagBag from /home/airflow/.local/lib/python3.12/site-packages/airflow/example_dags/example_inlet_event_extra.py
[2024-09-04T21:09:25.834+0000] {processor.py:925} INFO - DAG(s) 'read_dataset_event_from_classic', 'read_dataset_event' retrieved from /home/airflow/.local/lib/python3.12/site-packages/airflow/example_dags/example_inlet_event_extra.py
[2024-09-04T21:09:25.856+0000] {logging_mixin.py:190} INFO - [2024-09-04T21:09:25.856+0000] {dag.py:3211} INFO - Sync 2 DAGs
[2024-09-04T21:09:25.875+0000] {logging_mixin.py:190} INFO - [2024-09-04T21:09:25.875+0000] {dag.py:4138} INFO - Setting next_dagrun for read_dataset_event to 2024-09-03 00:00:00+00:00, run_after=2024-09-04 00:00:00+00:00
[2024-09-04T21:09:25.880+0000] {logging_mixin.py:190} INFO - [2024-09-04T21:09:25.880+0000] {dag.py:4138} INFO - Setting next_dagrun for read_dataset_event_from_classic to 2024-09-03 00:00:00+00:00, run_after=2024-09-04 00:00:00+00:00
[2024-09-04T21:09:25.897+0000] {processor.py:208} INFO - Processing /home/airflow/.local/lib/python3.12/site-packages/airflow/example_dags/example_inlet_event_extra.py took 0.178 seconds
[2024-09-04T21:09:56.180+0000] {processor.py:186} INFO - Started process (PID=1256) to work on /home/airflow/.local/lib/python3.12/site-packages/airflow/example_dags/example_inlet_event_extra.py
[2024-09-04T21:09:56.181+0000] {processor.py:914} INFO - Processing file /home/airflow/.local/lib/python3.12/site-packages/airflow/example_dags/example_inlet_event_extra.py for tasks to queue
[2024-09-04T21:09:56.184+0000] {logging_mixin.py:190} INFO - [2024-09-04T21:09:56.184+0000] {dagbag.py:587} INFO - Filling up the DagBag from /home/airflow/.local/lib/python3.12/site-packages/airflow/example_dags/example_inlet_event_extra.py
[2024-09-04T21:09:56.287+0000] {processor.py:925} INFO - DAG(s) 'read_dataset_event_from_classic', 'read_dataset_event' retrieved from /home/airflow/.local/lib/python3.12/site-packages/airflow/example_dags/example_inlet_event_extra.py
[2024-09-04T21:09:56.311+0000] {logging_mixin.py:190} INFO - [2024-09-04T21:09:56.311+0000] {dag.py:3211} INFO - Sync 2 DAGs
[2024-09-04T21:09:56.331+0000] {logging_mixin.py:190} INFO - [2024-09-04T21:09:56.331+0000] {dag.py:4138} INFO - Setting next_dagrun for read_dataset_event to 2024-09-03 00:00:00+00:00, run_after=2024-09-04 00:00:00+00:00
[2024-09-04T21:09:56.336+0000] {logging_mixin.py:190} INFO - [2024-09-04T21:09:56.336+0000] {dag.py:4138} INFO - Setting next_dagrun for read_dataset_event_from_classic to 2024-09-03 00:00:00+00:00, run_after=2024-09-04 00:00:00+00:00
[2024-09-04T21:09:56.353+0000] {processor.py:208} INFO - Processing /home/airflow/.local/lib/python3.12/site-packages/airflow/example_dags/example_inlet_event_extra.py took 0.178 seconds
[2024-09-04T21:10:27.369+0000] {processor.py:186} INFO - Started process (PID=1319) to work on /home/airflow/.local/lib/python3.12/site-packages/airflow/example_dags/example_inlet_event_extra.py
[2024-09-04T21:10:27.370+0000] {processor.py:914} INFO - Processing file /home/airflow/.local/lib/python3.12/site-packages/airflow/example_dags/example_inlet_event_extra.py for tasks to queue
[2024-09-04T21:10:27.373+0000] {logging_mixin.py:190} INFO - [2024-09-04T21:10:27.372+0000] {dagbag.py:587} INFO - Filling up the DagBag from /home/airflow/.local/lib/python3.12/site-packages/airflow/example_dags/example_inlet_event_extra.py
[2024-09-04T21:10:27.545+0000] {processor.py:925} INFO - DAG(s) 'read_dataset_event_from_classic', 'read_dataset_event' retrieved from /home/airflow/.local/lib/python3.12/site-packages/airflow/example_dags/example_inlet_event_extra.py
[2024-09-04T21:10:27.582+0000] {logging_mixin.py:190} INFO - [2024-09-04T21:10:27.581+0000] {dag.py:3211} INFO - Sync 2 DAGs
[2024-09-04T21:10:27.608+0000] {logging_mixin.py:190} INFO - [2024-09-04T21:10:27.608+0000] {dag.py:4138} INFO - Setting next_dagrun for read_dataset_event to 2024-09-03 00:00:00+00:00, run_after=2024-09-04 00:00:00+00:00
[2024-09-04T21:10:27.613+0000] {logging_mixin.py:190} INFO - [2024-09-04T21:10:27.613+0000] {dag.py:4138} INFO - Setting next_dagrun for read_dataset_event_from_classic to 2024-09-03 00:00:00+00:00, run_after=2024-09-04 00:00:00+00:00
[2024-09-04T21:10:27.632+0000] {processor.py:208} INFO - Processing /home/airflow/.local/lib/python3.12/site-packages/airflow/example_dags/example_inlet_event_extra.py took 0.267 seconds
[2024-09-04T21:10:57.868+0000] {processor.py:186} INFO - Started process (PID=1382) to work on /home/airflow/.local/lib/python3.12/site-packages/airflow/example_dags/example_inlet_event_extra.py
[2024-09-04T21:10:57.869+0000] {processor.py:914} INFO - Processing file /home/airflow/.local/lib/python3.12/site-packages/airflow/example_dags/example_inlet_event_extra.py for tasks to queue
[2024-09-04T21:10:57.872+0000] {logging_mixin.py:190} INFO - [2024-09-04T21:10:57.872+0000] {dagbag.py:587} INFO - Filling up the DagBag from /home/airflow/.local/lib/python3.12/site-packages/airflow/example_dags/example_inlet_event_extra.py
[2024-09-04T21:10:58.196+0000] {processor.py:925} INFO - DAG(s) 'read_dataset_event', 'read_dataset_event_from_classic' retrieved from /home/airflow/.local/lib/python3.12/site-packages/airflow/example_dags/example_inlet_event_extra.py
[2024-09-04T21:10:58.228+0000] {logging_mixin.py:190} INFO - [2024-09-04T21:10:58.228+0000] {dag.py:3211} INFO - Sync 2 DAGs
[2024-09-04T21:10:58.257+0000] {logging_mixin.py:190} INFO - [2024-09-04T21:10:58.257+0000] {dag.py:4138} INFO - Setting next_dagrun for read_dataset_event to 2024-09-03 00:00:00+00:00, run_after=2024-09-04 00:00:00+00:00
[2024-09-04T21:10:58.266+0000] {logging_mixin.py:190} INFO - [2024-09-04T21:10:58.265+0000] {dag.py:4138} INFO - Setting next_dagrun for read_dataset_event_from_classic to 2024-09-03 00:00:00+00:00, run_after=2024-09-04 00:00:00+00:00
[2024-09-04T21:10:58.291+0000] {processor.py:208} INFO - Processing /home/airflow/.local/lib/python3.12/site-packages/airflow/example_dags/example_inlet_event_extra.py took 0.430 seconds
[2024-09-04T21:11:29.045+0000] {processor.py:186} INFO - Started process (PID=1445) to work on /home/airflow/.local/lib/python3.12/site-packages/airflow/example_dags/example_inlet_event_extra.py
[2024-09-04T21:11:29.046+0000] {processor.py:914} INFO - Processing file /home/airflow/.local/lib/python3.12/site-packages/airflow/example_dags/example_inlet_event_extra.py for tasks to queue
[2024-09-04T21:11:29.049+0000] {logging_mixin.py:190} INFO - [2024-09-04T21:11:29.049+0000] {dagbag.py:587} INFO - Filling up the DagBag from /home/airflow/.local/lib/python3.12/site-packages/airflow/example_dags/example_inlet_event_extra.py
[2024-09-04T21:11:29.187+0000] {processor.py:925} INFO - DAG(s) 'read_dataset_event', 'read_dataset_event_from_classic' retrieved from /home/airflow/.local/lib/python3.12/site-packages/airflow/example_dags/example_inlet_event_extra.py
[2024-09-04T21:11:29.208+0000] {logging_mixin.py:190} INFO - [2024-09-04T21:11:29.208+0000] {dag.py:3211} INFO - Sync 2 DAGs
[2024-09-04T21:11:29.229+0000] {logging_mixin.py:190} INFO - [2024-09-04T21:11:29.229+0000] {dag.py:4138} INFO - Setting next_dagrun for read_dataset_event to 2024-09-03 00:00:00+00:00, run_after=2024-09-04 00:00:00+00:00
[2024-09-04T21:11:29.234+0000] {logging_mixin.py:190} INFO - [2024-09-04T21:11:29.234+0000] {dag.py:4138} INFO - Setting next_dagrun for read_dataset_event_from_classic to 2024-09-03 00:00:00+00:00, run_after=2024-09-04 00:00:00+00:00
[2024-09-04T21:11:29.259+0000] {processor.py:208} INFO - Processing /home/airflow/.local/lib/python3.12/site-packages/airflow/example_dags/example_inlet_event_extra.py took 0.219 seconds
[2024-09-04T21:11:59.400+0000] {processor.py:186} INFO - Started process (PID=1508) to work on /home/airflow/.local/lib/python3.12/site-packages/airflow/example_dags/example_inlet_event_extra.py
[2024-09-04T21:11:59.401+0000] {processor.py:914} INFO - Processing file /home/airflow/.local/lib/python3.12/site-packages/airflow/example_dags/example_inlet_event_extra.py for tasks to queue
[2024-09-04T21:11:59.404+0000] {logging_mixin.py:190} INFO - [2024-09-04T21:11:59.404+0000] {dagbag.py:587} INFO - Filling up the DagBag from /home/airflow/.local/lib/python3.12/site-packages/airflow/example_dags/example_inlet_event_extra.py
[2024-09-04T21:11:59.526+0000] {processor.py:925} INFO - DAG(s) 'read_dataset_event_from_classic', 'read_dataset_event' retrieved from /home/airflow/.local/lib/python3.12/site-packages/airflow/example_dags/example_inlet_event_extra.py
[2024-09-04T21:11:59.548+0000] {logging_mixin.py:190} INFO - [2024-09-04T21:11:59.548+0000] {dag.py:3211} INFO - Sync 2 DAGs
[2024-09-04T21:11:59.568+0000] {logging_mixin.py:190} INFO - [2024-09-04T21:11:59.568+0000] {dag.py:4138} INFO - Setting next_dagrun for read_dataset_event to 2024-09-03 00:00:00+00:00, run_after=2024-09-04 00:00:00+00:00
[2024-09-04T21:11:59.572+0000] {logging_mixin.py:190} INFO - [2024-09-04T21:11:59.572+0000] {dag.py:4138} INFO - Setting next_dagrun for read_dataset_event_from_classic to 2024-09-03 00:00:00+00:00, run_after=2024-09-04 00:00:00+00:00
[2024-09-04T21:11:59.590+0000] {processor.py:208} INFO - Processing /home/airflow/.local/lib/python3.12/site-packages/airflow/example_dags/example_inlet_event_extra.py took 0.195 seconds
[2024-09-04T21:12:30.505+0000] {processor.py:186} INFO - Started process (PID=1572) to work on /home/airflow/.local/lib/python3.12/site-packages/airflow/example_dags/example_inlet_event_extra.py
[2024-09-04T21:12:30.506+0000] {processor.py:914} INFO - Processing file /home/airflow/.local/lib/python3.12/site-packages/airflow/example_dags/example_inlet_event_extra.py for tasks to queue
[2024-09-04T21:12:30.509+0000] {logging_mixin.py:190} INFO - [2024-09-04T21:12:30.508+0000] {dagbag.py:587} INFO - Filling up the DagBag from /home/airflow/.local/lib/python3.12/site-packages/airflow/example_dags/example_inlet_event_extra.py
[2024-09-04T21:12:30.622+0000] {processor.py:925} INFO - DAG(s) 'read_dataset_event', 'read_dataset_event_from_classic' retrieved from /home/airflow/.local/lib/python3.12/site-packages/airflow/example_dags/example_inlet_event_extra.py
[2024-09-04T21:12:30.643+0000] {logging_mixin.py:190} INFO - [2024-09-04T21:12:30.643+0000] {dag.py:3211} INFO - Sync 2 DAGs
[2024-09-04T21:12:30.663+0000] {logging_mixin.py:190} INFO - [2024-09-04T21:12:30.663+0000] {dag.py:4138} INFO - Setting next_dagrun for read_dataset_event to 2024-09-03 00:00:00+00:00, run_after=2024-09-04 00:00:00+00:00
[2024-09-04T21:12:30.669+0000] {logging_mixin.py:190} INFO - [2024-09-04T21:12:30.668+0000] {dag.py:4138} INFO - Setting next_dagrun for read_dataset_event_from_classic to 2024-09-03 00:00:00+00:00, run_after=2024-09-04 00:00:00+00:00
[2024-09-04T21:12:30.689+0000] {processor.py:208} INFO - Processing /home/airflow/.local/lib/python3.12/site-packages/airflow/example_dags/example_inlet_event_extra.py took 0.190 seconds
[2024-09-04T21:13:01.127+0000] {processor.py:186} INFO - Started process (PID=1635) to work on /home/airflow/.local/lib/python3.12/site-packages/airflow/example_dags/example_inlet_event_extra.py
[2024-09-04T21:13:01.128+0000] {processor.py:914} INFO - Processing file /home/airflow/.local/lib/python3.12/site-packages/airflow/example_dags/example_inlet_event_extra.py for tasks to queue
[2024-09-04T21:13:01.131+0000] {logging_mixin.py:190} INFO - [2024-09-04T21:13:01.131+0000] {dagbag.py:587} INFO - Filling up the DagBag from /home/airflow/.local/lib/python3.12/site-packages/airflow/example_dags/example_inlet_event_extra.py
[2024-09-04T21:13:01.256+0000] {processor.py:925} INFO - DAG(s) 'read_dataset_event_from_classic', 'read_dataset_event' retrieved from /home/airflow/.local/lib/python3.12/site-packages/airflow/example_dags/example_inlet_event_extra.py
[2024-09-04T21:13:01.278+0000] {logging_mixin.py:190} INFO - [2024-09-04T21:13:01.278+0000] {dag.py:3211} INFO - Sync 2 DAGs
[2024-09-04T21:13:01.298+0000] {logging_mixin.py:190} INFO - [2024-09-04T21:13:01.298+0000] {dag.py:4138} INFO - Setting next_dagrun for read_dataset_event to 2024-09-03 00:00:00+00:00, run_after=2024-09-04 00:00:00+00:00
[2024-09-04T21:13:01.302+0000] {logging_mixin.py:190} INFO - [2024-09-04T21:13:01.302+0000] {dag.py:4138} INFO - Setting next_dagrun for read_dataset_event_from_classic to 2024-09-03 00:00:00+00:00, run_after=2024-09-04 00:00:00+00:00
[2024-09-04T21:13:01.320+0000] {processor.py:208} INFO - Processing /home/airflow/.local/lib/python3.12/site-packages/airflow/example_dags/example_inlet_event_extra.py took 0.198 seconds
[2024-09-04T21:13:32.058+0000] {processor.py:186} INFO - Started process (PID=1698) to work on /home/airflow/.local/lib/python3.12/site-packages/airflow/example_dags/example_inlet_event_extra.py
[2024-09-04T21:13:32.059+0000] {processor.py:914} INFO - Processing file /home/airflow/.local/lib/python3.12/site-packages/airflow/example_dags/example_inlet_event_extra.py for tasks to queue
[2024-09-04T21:13:32.062+0000] {logging_mixin.py:190} INFO - [2024-09-04T21:13:32.061+0000] {dagbag.py:587} INFO - Filling up the DagBag from /home/airflow/.local/lib/python3.12/site-packages/airflow/example_dags/example_inlet_event_extra.py
[2024-09-04T21:13:32.175+0000] {processor.py:925} INFO - DAG(s) 'read_dataset_event_from_classic', 'read_dataset_event' retrieved from /home/airflow/.local/lib/python3.12/site-packages/airflow/example_dags/example_inlet_event_extra.py
[2024-09-04T21:13:32.199+0000] {logging_mixin.py:190} INFO - [2024-09-04T21:13:32.199+0000] {dag.py:3211} INFO - Sync 2 DAGs
[2024-09-04T21:13:32.219+0000] {logging_mixin.py:190} INFO - [2024-09-04T21:13:32.219+0000] {dag.py:4138} INFO - Setting next_dagrun for read_dataset_event to 2024-09-03 00:00:00+00:00, run_after=2024-09-04 00:00:00+00:00
[2024-09-04T21:13:32.223+0000] {logging_mixin.py:190} INFO - [2024-09-04T21:13:32.223+0000] {dag.py:4138} INFO - Setting next_dagrun for read_dataset_event_from_classic to 2024-09-03 00:00:00+00:00, run_after=2024-09-04 00:00:00+00:00
[2024-09-04T21:13:32.242+0000] {processor.py:208} INFO - Processing /home/airflow/.local/lib/python3.12/site-packages/airflow/example_dags/example_inlet_event_extra.py took 0.190 seconds
[2024-09-04T21:14:02.331+0000] {processor.py:186} INFO - Started process (PID=1761) to work on /home/airflow/.local/lib/python3.12/site-packages/airflow/example_dags/example_inlet_event_extra.py
[2024-09-04T21:14:02.332+0000] {processor.py:914} INFO - Processing file /home/airflow/.local/lib/python3.12/site-packages/airflow/example_dags/example_inlet_event_extra.py for tasks to queue
[2024-09-04T21:14:02.335+0000] {logging_mixin.py:190} INFO - [2024-09-04T21:14:02.335+0000] {dagbag.py:587} INFO - Filling up the DagBag from /home/airflow/.local/lib/python3.12/site-packages/airflow/example_dags/example_inlet_event_extra.py
[2024-09-04T21:14:02.450+0000] {processor.py:925} INFO - DAG(s) 'read_dataset_event_from_classic', 'read_dataset_event' retrieved from /home/airflow/.local/lib/python3.12/site-packages/airflow/example_dags/example_inlet_event_extra.py
[2024-09-04T21:14:02.475+0000] {logging_mixin.py:190} INFO - [2024-09-04T21:14:02.474+0000] {dag.py:3211} INFO - Sync 2 DAGs
[2024-09-04T21:14:02.496+0000] {logging_mixin.py:190} INFO - [2024-09-04T21:14:02.496+0000] {dag.py:4138} INFO - Setting next_dagrun for read_dataset_event to 2024-09-03 00:00:00+00:00, run_after=2024-09-04 00:00:00+00:00
[2024-09-04T21:14:02.500+0000] {logging_mixin.py:190} INFO - [2024-09-04T21:14:02.500+0000] {dag.py:4138} INFO - Setting next_dagrun for read_dataset_event_from_classic to 2024-09-03 00:00:00+00:00, run_after=2024-09-04 00:00:00+00:00
[2024-09-04T21:14:02.518+0000] {processor.py:208} INFO - Processing /home/airflow/.local/lib/python3.12/site-packages/airflow/example_dags/example_inlet_event_extra.py took 0.191 seconds
[2024-09-04T21:14:32.955+0000] {processor.py:186} INFO - Started process (PID=1824) to work on /home/airflow/.local/lib/python3.12/site-packages/airflow/example_dags/example_inlet_event_extra.py
[2024-09-04T21:14:32.956+0000] {processor.py:914} INFO - Processing file /home/airflow/.local/lib/python3.12/site-packages/airflow/example_dags/example_inlet_event_extra.py for tasks to queue
[2024-09-04T21:14:32.960+0000] {logging_mixin.py:190} INFO - [2024-09-04T21:14:32.959+0000] {dagbag.py:587} INFO - Filling up the DagBag from /home/airflow/.local/lib/python3.12/site-packages/airflow/example_dags/example_inlet_event_extra.py
[2024-09-04T21:14:33.166+0000] {processor.py:925} INFO - DAG(s) 'read_dataset_event_from_classic', 'read_dataset_event' retrieved from /home/airflow/.local/lib/python3.12/site-packages/airflow/example_dags/example_inlet_event_extra.py
[2024-09-04T21:14:33.237+0000] {logging_mixin.py:190} INFO - [2024-09-04T21:14:33.236+0000] {dag.py:3211} INFO - Sync 2 DAGs
[2024-09-04T21:14:33.298+0000] {logging_mixin.py:190} INFO - [2024-09-04T21:14:33.298+0000] {dag.py:4138} INFO - Setting next_dagrun for read_dataset_event to 2024-09-03 00:00:00+00:00, run_after=2024-09-04 00:00:00+00:00
[2024-09-04T21:14:33.303+0000] {logging_mixin.py:190} INFO - [2024-09-04T21:14:33.303+0000] {dag.py:4138} INFO - Setting next_dagrun for read_dataset_event_from_classic to 2024-09-03 00:00:00+00:00, run_after=2024-09-04 00:00:00+00:00
[2024-09-04T21:14:33.319+0000] {processor.py:208} INFO - Processing /home/airflow/.local/lib/python3.12/site-packages/airflow/example_dags/example_inlet_event_extra.py took 0.371 seconds
[2024-09-04T21:15:03.776+0000] {processor.py:186} INFO - Started process (PID=1887) to work on /home/airflow/.local/lib/python3.12/site-packages/airflow/example_dags/example_inlet_event_extra.py
[2024-09-04T21:15:03.778+0000] {processor.py:914} INFO - Processing file /home/airflow/.local/lib/python3.12/site-packages/airflow/example_dags/example_inlet_event_extra.py for tasks to queue
[2024-09-04T21:15:03.821+0000] {logging_mixin.py:190} INFO - [2024-09-04T21:15:03.818+0000] {dagbag.py:587} INFO - Filling up the DagBag from /home/airflow/.local/lib/python3.12/site-packages/airflow/example_dags/example_inlet_event_extra.py
[2024-09-04T21:15:04.732+0000] {processor.py:925} INFO - DAG(s) 'read_dataset_event', 'read_dataset_event_from_classic' retrieved from /home/airflow/.local/lib/python3.12/site-packages/airflow/example_dags/example_inlet_event_extra.py
[2024-09-04T21:15:04.958+0000] {logging_mixin.py:190} INFO - [2024-09-04T21:15:04.957+0000] {dag.py:3211} INFO - Sync 2 DAGs
[2024-09-04T21:15:05.106+0000] {logging_mixin.py:190} INFO - [2024-09-04T21:15:05.105+0000] {dag.py:4138} INFO - Setting next_dagrun for read_dataset_event to 2024-09-03 00:00:00+00:00, run_after=2024-09-04 00:00:00+00:00
[2024-09-04T21:15:05.120+0000] {logging_mixin.py:190} INFO - [2024-09-04T21:15:05.119+0000] {dag.py:4138} INFO - Setting next_dagrun for read_dataset_event_from_classic to 2024-09-03 00:00:00+00:00, run_after=2024-09-04 00:00:00+00:00
[2024-09-04T21:15:05.160+0000] {processor.py:208} INFO - Processing /home/airflow/.local/lib/python3.12/site-packages/airflow/example_dags/example_inlet_event_extra.py took 1.481 seconds
[2024-09-04T21:15:36.042+0000] {processor.py:186} INFO - Started process (PID=1950) to work on /home/airflow/.local/lib/python3.12/site-packages/airflow/example_dags/example_inlet_event_extra.py
[2024-09-04T21:15:36.043+0000] {processor.py:914} INFO - Processing file /home/airflow/.local/lib/python3.12/site-packages/airflow/example_dags/example_inlet_event_extra.py for tasks to queue
[2024-09-04T21:15:36.045+0000] {logging_mixin.py:190} INFO - [2024-09-04T21:15:36.045+0000] {dagbag.py:587} INFO - Filling up the DagBag from /home/airflow/.local/lib/python3.12/site-packages/airflow/example_dags/example_inlet_event_extra.py
[2024-09-04T21:15:36.180+0000] {processor.py:925} INFO - DAG(s) 'read_dataset_event_from_classic', 'read_dataset_event' retrieved from /home/airflow/.local/lib/python3.12/site-packages/airflow/example_dags/example_inlet_event_extra.py
[2024-09-04T21:15:36.223+0000] {logging_mixin.py:190} INFO - [2024-09-04T21:15:36.223+0000] {dag.py:3211} INFO - Sync 2 DAGs
[2024-09-04T21:15:36.259+0000] {logging_mixin.py:190} INFO - [2024-09-04T21:15:36.259+0000] {dag.py:4138} INFO - Setting next_dagrun for read_dataset_event to 2024-09-03 00:00:00+00:00, run_after=2024-09-04 00:00:00+00:00
[2024-09-04T21:15:36.264+0000] {logging_mixin.py:190} INFO - [2024-09-04T21:15:36.264+0000] {dag.py:4138} INFO - Setting next_dagrun for read_dataset_event_from_classic to 2024-09-03 00:00:00+00:00, run_after=2024-09-04 00:00:00+00:00
[2024-09-04T21:15:36.281+0000] {processor.py:208} INFO - Processing /home/airflow/.local/lib/python3.12/site-packages/airflow/example_dags/example_inlet_event_extra.py took 0.246 seconds
[2024-09-04T21:16:07.306+0000] {processor.py:186} INFO - Started process (PID=2014) to work on /home/airflow/.local/lib/python3.12/site-packages/airflow/example_dags/example_inlet_event_extra.py
[2024-09-04T21:16:07.307+0000] {processor.py:914} INFO - Processing file /home/airflow/.local/lib/python3.12/site-packages/airflow/example_dags/example_inlet_event_extra.py for tasks to queue
[2024-09-04T21:16:07.309+0000] {logging_mixin.py:190} INFO - [2024-09-04T21:16:07.309+0000] {dagbag.py:587} INFO - Filling up the DagBag from /home/airflow/.local/lib/python3.12/site-packages/airflow/example_dags/example_inlet_event_extra.py
[2024-09-04T21:16:07.437+0000] {processor.py:925} INFO - DAG(s) 'read_dataset_event_from_classic', 'read_dataset_event' retrieved from /home/airflow/.local/lib/python3.12/site-packages/airflow/example_dags/example_inlet_event_extra.py
[2024-09-04T21:16:07.458+0000] {logging_mixin.py:190} INFO - [2024-09-04T21:16:07.458+0000] {dag.py:3211} INFO - Sync 2 DAGs
[2024-09-04T21:16:07.481+0000] {logging_mixin.py:190} INFO - [2024-09-04T21:16:07.481+0000] {dag.py:4138} INFO - Setting next_dagrun for read_dataset_event to 2024-09-03 00:00:00+00:00, run_after=2024-09-04 00:00:00+00:00
[2024-09-04T21:16:07.485+0000] {logging_mixin.py:190} INFO - [2024-09-04T21:16:07.485+0000] {dag.py:4138} INFO - Setting next_dagrun for read_dataset_event_from_classic to 2024-09-03 00:00:00+00:00, run_after=2024-09-04 00:00:00+00:00
[2024-09-04T21:16:07.501+0000] {processor.py:208} INFO - Processing /home/airflow/.local/lib/python3.12/site-packages/airflow/example_dags/example_inlet_event_extra.py took 0.200 seconds
[2024-09-04T21:16:37.617+0000] {processor.py:186} INFO - Started process (PID=2077) to work on /home/airflow/.local/lib/python3.12/site-packages/airflow/example_dags/example_inlet_event_extra.py
[2024-09-04T21:16:37.619+0000] {processor.py:914} INFO - Processing file /home/airflow/.local/lib/python3.12/site-packages/airflow/example_dags/example_inlet_event_extra.py for tasks to queue
[2024-09-04T21:16:37.622+0000] {logging_mixin.py:190} INFO - [2024-09-04T21:16:37.621+0000] {dagbag.py:587} INFO - Filling up the DagBag from /home/airflow/.local/lib/python3.12/site-packages/airflow/example_dags/example_inlet_event_extra.py
[2024-09-04T21:16:37.743+0000] {processor.py:925} INFO - DAG(s) 'read_dataset_event', 'read_dataset_event_from_classic' retrieved from /home/airflow/.local/lib/python3.12/site-packages/airflow/example_dags/example_inlet_event_extra.py
[2024-09-04T21:16:37.767+0000] {logging_mixin.py:190} INFO - [2024-09-04T21:16:37.766+0000] {dag.py:3211} INFO - Sync 2 DAGs
[2024-09-04T21:16:37.788+0000] {logging_mixin.py:190} INFO - [2024-09-04T21:16:37.788+0000] {dag.py:4138} INFO - Setting next_dagrun for read_dataset_event to 2024-09-03 00:00:00+00:00, run_after=2024-09-04 00:00:00+00:00
[2024-09-04T21:16:37.793+0000] {logging_mixin.py:190} INFO - [2024-09-04T21:16:37.793+0000] {dag.py:4138} INFO - Setting next_dagrun for read_dataset_event_from_classic to 2024-09-03 00:00:00+00:00, run_after=2024-09-04 00:00:00+00:00
[2024-09-04T21:16:37.813+0000] {processor.py:208} INFO - Processing /home/airflow/.local/lib/python3.12/site-packages/airflow/example_dags/example_inlet_event_extra.py took 0.201 seconds
[2024-09-04T21:17:07.929+0000] {processor.py:186} INFO - Started process (PID=2140) to work on /home/airflow/.local/lib/python3.12/site-packages/airflow/example_dags/example_inlet_event_extra.py
[2024-09-04T21:17:07.930+0000] {processor.py:914} INFO - Processing file /home/airflow/.local/lib/python3.12/site-packages/airflow/example_dags/example_inlet_event_extra.py for tasks to queue
[2024-09-04T21:17:07.933+0000] {logging_mixin.py:190} INFO - [2024-09-04T21:17:07.933+0000] {dagbag.py:587} INFO - Filling up the DagBag from /home/airflow/.local/lib/python3.12/site-packages/airflow/example_dags/example_inlet_event_extra.py
[2024-09-04T21:17:08.063+0000] {processor.py:925} INFO - DAG(s) 'read_dataset_event_from_classic', 'read_dataset_event' retrieved from /home/airflow/.local/lib/python3.12/site-packages/airflow/example_dags/example_inlet_event_extra.py
[2024-09-04T21:17:08.085+0000] {logging_mixin.py:190} INFO - [2024-09-04T21:17:08.085+0000] {dag.py:3211} INFO - Sync 2 DAGs
[2024-09-04T21:17:08.111+0000] {logging_mixin.py:190} INFO - [2024-09-04T21:17:08.111+0000] {dag.py:4138} INFO - Setting next_dagrun for read_dataset_event to 2024-09-03 00:00:00+00:00, run_after=2024-09-04 00:00:00+00:00
[2024-09-04T21:17:08.117+0000] {logging_mixin.py:190} INFO - [2024-09-04T21:17:08.117+0000] {dag.py:4138} INFO - Setting next_dagrun for read_dataset_event_from_classic to 2024-09-03 00:00:00+00:00, run_after=2024-09-04 00:00:00+00:00
[2024-09-04T21:17:08.137+0000] {processor.py:208} INFO - Processing /home/airflow/.local/lib/python3.12/site-packages/airflow/example_dags/example_inlet_event_extra.py took 0.214 seconds
[2024-09-04T21:17:38.240+0000] {processor.py:186} INFO - Started process (PID=2203) to work on /home/airflow/.local/lib/python3.12/site-packages/airflow/example_dags/example_inlet_event_extra.py
[2024-09-04T21:17:38.240+0000] {processor.py:914} INFO - Processing file /home/airflow/.local/lib/python3.12/site-packages/airflow/example_dags/example_inlet_event_extra.py for tasks to queue
[2024-09-04T21:17:38.243+0000] {logging_mixin.py:190} INFO - [2024-09-04T21:17:38.243+0000] {dagbag.py:587} INFO - Filling up the DagBag from /home/airflow/.local/lib/python3.12/site-packages/airflow/example_dags/example_inlet_event_extra.py
[2024-09-04T21:17:38.368+0000] {processor.py:925} INFO - DAG(s) 'read_dataset_event_from_classic', 'read_dataset_event' retrieved from /home/airflow/.local/lib/python3.12/site-packages/airflow/example_dags/example_inlet_event_extra.py
[2024-09-04T21:17:38.391+0000] {logging_mixin.py:190} INFO - [2024-09-04T21:17:38.390+0000] {dag.py:3211} INFO - Sync 2 DAGs
[2024-09-04T21:17:38.414+0000] {logging_mixin.py:190} INFO - [2024-09-04T21:17:38.414+0000] {dag.py:4138} INFO - Setting next_dagrun for read_dataset_event to 2024-09-03 00:00:00+00:00, run_after=2024-09-04 00:00:00+00:00
[2024-09-04T21:17:38.419+0000] {logging_mixin.py:190} INFO - [2024-09-04T21:17:38.418+0000] {dag.py:4138} INFO - Setting next_dagrun for read_dataset_event_from_classic to 2024-09-03 00:00:00+00:00, run_after=2024-09-04 00:00:00+00:00
[2024-09-04T21:17:38.440+0000] {processor.py:208} INFO - Processing /home/airflow/.local/lib/python3.12/site-packages/airflow/example_dags/example_inlet_event_extra.py took 0.205 seconds
[2024-09-04T21:18:08.582+0000] {processor.py:186} INFO - Started process (PID=2266) to work on /home/airflow/.local/lib/python3.12/site-packages/airflow/example_dags/example_inlet_event_extra.py
[2024-09-04T21:18:08.583+0000] {processor.py:914} INFO - Processing file /home/airflow/.local/lib/python3.12/site-packages/airflow/example_dags/example_inlet_event_extra.py for tasks to queue
[2024-09-04T21:18:08.586+0000] {logging_mixin.py:190} INFO - [2024-09-04T21:18:08.585+0000] {dagbag.py:587} INFO - Filling up the DagBag from /home/airflow/.local/lib/python3.12/site-packages/airflow/example_dags/example_inlet_event_extra.py
[2024-09-04T21:18:08.704+0000] {processor.py:925} INFO - DAG(s) 'read_dataset_event_from_classic', 'read_dataset_event' retrieved from /home/airflow/.local/lib/python3.12/site-packages/airflow/example_dags/example_inlet_event_extra.py
[2024-09-04T21:18:08.727+0000] {logging_mixin.py:190} INFO - [2024-09-04T21:18:08.726+0000] {dag.py:3211} INFO - Sync 2 DAGs
[2024-09-04T21:18:08.747+0000] {logging_mixin.py:190} INFO - [2024-09-04T21:18:08.746+0000] {dag.py:4138} INFO - Setting next_dagrun for read_dataset_event to 2024-09-03 00:00:00+00:00, run_after=2024-09-04 00:00:00+00:00
[2024-09-04T21:18:08.751+0000] {logging_mixin.py:190} INFO - [2024-09-04T21:18:08.751+0000] {dag.py:4138} INFO - Setting next_dagrun for read_dataset_event_from_classic to 2024-09-03 00:00:00+00:00, run_after=2024-09-04 00:00:00+00:00
[2024-09-04T21:18:08.769+0000] {processor.py:208} INFO - Processing /home/airflow/.local/lib/python3.12/site-packages/airflow/example_dags/example_inlet_event_extra.py took 0.193 seconds
[2024-09-04T21:18:38.985+0000] {processor.py:186} INFO - Started process (PID=2329) to work on /home/airflow/.local/lib/python3.12/site-packages/airflow/example_dags/example_inlet_event_extra.py
[2024-09-04T21:18:38.987+0000] {processor.py:914} INFO - Processing file /home/airflow/.local/lib/python3.12/site-packages/airflow/example_dags/example_inlet_event_extra.py for tasks to queue
[2024-09-04T21:18:38.989+0000] {logging_mixin.py:190} INFO - [2024-09-04T21:18:38.989+0000] {dagbag.py:587} INFO - Filling up the DagBag from /home/airflow/.local/lib/python3.12/site-packages/airflow/example_dags/example_inlet_event_extra.py
[2024-09-04T21:18:39.119+0000] {processor.py:925} INFO - DAG(s) 'read_dataset_event_from_classic', 'read_dataset_event' retrieved from /home/airflow/.local/lib/python3.12/site-packages/airflow/example_dags/example_inlet_event_extra.py
[2024-09-04T21:18:39.142+0000] {logging_mixin.py:190} INFO - [2024-09-04T21:18:39.142+0000] {dag.py:3211} INFO - Sync 2 DAGs
[2024-09-04T21:18:39.164+0000] {logging_mixin.py:190} INFO - [2024-09-04T21:18:39.163+0000] {dag.py:4138} INFO - Setting next_dagrun for read_dataset_event to 2024-09-03 00:00:00+00:00, run_after=2024-09-04 00:00:00+00:00
[2024-09-04T21:18:39.168+0000] {logging_mixin.py:190} INFO - [2024-09-04T21:18:39.168+0000] {dag.py:4138} INFO - Setting next_dagrun for read_dataset_event_from_classic to 2024-09-03 00:00:00+00:00, run_after=2024-09-04 00:00:00+00:00
[2024-09-04T21:18:39.194+0000] {processor.py:208} INFO - Processing /home/airflow/.local/lib/python3.12/site-packages/airflow/example_dags/example_inlet_event_extra.py took 0.213 seconds
