[2024-09-04T20:52:32.963+0000] {processor.py:186} INFO - Started process (PID=86) to work on /home/airflow/.local/lib/python3.12/site-packages/airflow/example_dags/example_trigger_controller_dag.py
[2024-09-04T20:52:32.967+0000] {processor.py:914} INFO - Processing file /home/airflow/.local/lib/python3.12/site-packages/airflow/example_dags/example_trigger_controller_dag.py for tasks to queue
[2024-09-04T20:52:32.972+0000] {logging_mixin.py:190} INFO - [2024-09-04T20:52:32.971+0000] {dagbag.py:587} INFO - Filling up the DagBag from /home/airflow/.local/lib/python3.12/site-packages/airflow/example_dags/example_trigger_controller_dag.py
[2024-09-04T20:52:32.983+0000] {processor.py:925} INFO - DAG(s) 'example_trigger_controller_dag' retrieved from /home/airflow/.local/lib/python3.12/site-packages/airflow/example_dags/example_trigger_controller_dag.py
[2024-09-04T20:52:33.301+0000] {logging_mixin.py:190} INFO - [2024-09-04T20:52:33.300+0000] {override.py:1858} INFO - Created Permission View: can delete on DAG:example_trigger_controller_dag
[2024-09-04T20:52:33.313+0000] {logging_mixin.py:190} INFO - [2024-09-04T20:52:33.313+0000] {override.py:1858} INFO - Created Permission View: can edit on DAG:example_trigger_controller_dag
[2024-09-04T20:52:33.328+0000] {logging_mixin.py:190} INFO - [2024-09-04T20:52:33.327+0000] {override.py:1858} INFO - Created Permission View: can read on DAG:example_trigger_controller_dag
[2024-09-04T20:52:33.329+0000] {logging_mixin.py:190} INFO - [2024-09-04T20:52:33.329+0000] {dag.py:3211} INFO - Sync 1 DAGs
[2024-09-04T20:52:33.348+0000] {logging_mixin.py:190} INFO - [2024-09-04T20:52:33.348+0000] {dag.py:3234} INFO - Creating ORM DAG for example_trigger_controller_dag
[2024-09-04T20:52:33.362+0000] {logging_mixin.py:190} INFO - [2024-09-04T20:52:33.361+0000] {dag.py:4138} INFO - Setting next_dagrun for example_trigger_controller_dag to 2021-01-01 00:00:00+00:00, run_after=2021-01-01 00:00:00+00:00
[2024-09-04T20:52:33.385+0000] {processor.py:208} INFO - Processing /home/airflow/.local/lib/python3.12/site-packages/airflow/example_dags/example_trigger_controller_dag.py took 0.434 seconds
[2024-09-04T21:00:15.834+0000] {processor.py:186} INFO - Started process (PID=81) to work on /home/airflow/.local/lib/python3.12/site-packages/airflow/example_dags/example_trigger_controller_dag.py
[2024-09-04T21:00:15.836+0000] {processor.py:914} INFO - Processing file /home/airflow/.local/lib/python3.12/site-packages/airflow/example_dags/example_trigger_controller_dag.py for tasks to queue
[2024-09-04T21:00:15.841+0000] {logging_mixin.py:190} INFO - [2024-09-04T21:00:15.840+0000] {dagbag.py:587} INFO - Filling up the DagBag from /home/airflow/.local/lib/python3.12/site-packages/airflow/example_dags/example_trigger_controller_dag.py
[2024-09-04T21:00:15.854+0000] {processor.py:925} INFO - DAG(s) 'example_trigger_controller_dag' retrieved from /home/airflow/.local/lib/python3.12/site-packages/airflow/example_dags/example_trigger_controller_dag.py
[2024-09-04T21:00:15.898+0000] {logging_mixin.py:190} INFO - [2024-09-04T21:00:15.898+0000] {dag.py:3211} INFO - Sync 1 DAGs
[2024-09-04T21:00:15.944+0000] {logging_mixin.py:190} INFO - [2024-09-04T21:00:15.944+0000] {dag.py:4138} INFO - Setting next_dagrun for example_trigger_controller_dag to 2021-01-01 00:00:00+00:00, run_after=2021-01-01 00:00:00+00:00
[2024-09-04T21:00:15.975+0000] {processor.py:208} INFO - Processing /home/airflow/.local/lib/python3.12/site-packages/airflow/example_dags/example_trigger_controller_dag.py took 0.162 seconds
[2024-09-04T21:00:46.908+0000] {processor.py:186} INFO - Started process (PID=143) to work on /home/airflow/.local/lib/python3.12/site-packages/airflow/example_dags/example_trigger_controller_dag.py
[2024-09-04T21:00:46.909+0000] {processor.py:914} INFO - Processing file /home/airflow/.local/lib/python3.12/site-packages/airflow/example_dags/example_trigger_controller_dag.py for tasks to queue
[2024-09-04T21:00:46.913+0000] {logging_mixin.py:190} INFO - [2024-09-04T21:00:46.912+0000] {dagbag.py:587} INFO - Filling up the DagBag from /home/airflow/.local/lib/python3.12/site-packages/airflow/example_dags/example_trigger_controller_dag.py
[2024-09-04T21:00:46.919+0000] {processor.py:925} INFO - DAG(s) 'example_trigger_controller_dag' retrieved from /home/airflow/.local/lib/python3.12/site-packages/airflow/example_dags/example_trigger_controller_dag.py
[2024-09-04T21:00:46.941+0000] {logging_mixin.py:190} INFO - [2024-09-04T21:00:46.941+0000] {dag.py:3211} INFO - Sync 1 DAGs
[2024-09-04T21:00:46.964+0000] {logging_mixin.py:190} INFO - [2024-09-04T21:00:46.964+0000] {dag.py:4138} INFO - Setting next_dagrun for example_trigger_controller_dag to 2021-01-01 00:00:00+00:00, run_after=2021-01-01 00:00:00+00:00
[2024-09-04T21:00:46.988+0000] {processor.py:208} INFO - Processing /home/airflow/.local/lib/python3.12/site-packages/airflow/example_dags/example_trigger_controller_dag.py took 0.085 seconds
[2024-09-04T21:01:17.595+0000] {processor.py:186} INFO - Started process (PID=205) to work on /home/airflow/.local/lib/python3.12/site-packages/airflow/example_dags/example_trigger_controller_dag.py
[2024-09-04T21:01:17.596+0000] {processor.py:914} INFO - Processing file /home/airflow/.local/lib/python3.12/site-packages/airflow/example_dags/example_trigger_controller_dag.py for tasks to queue
[2024-09-04T21:01:17.598+0000] {logging_mixin.py:190} INFO - [2024-09-04T21:01:17.597+0000] {dagbag.py:587} INFO - Filling up the DagBag from /home/airflow/.local/lib/python3.12/site-packages/airflow/example_dags/example_trigger_controller_dag.py
[2024-09-04T21:01:17.603+0000] {processor.py:925} INFO - DAG(s) 'example_trigger_controller_dag' retrieved from /home/airflow/.local/lib/python3.12/site-packages/airflow/example_dags/example_trigger_controller_dag.py
[2024-09-04T21:01:17.622+0000] {logging_mixin.py:190} INFO - [2024-09-04T21:01:17.621+0000] {dag.py:3211} INFO - Sync 1 DAGs
[2024-09-04T21:01:17.640+0000] {logging_mixin.py:190} INFO - [2024-09-04T21:01:17.640+0000] {dag.py:4138} INFO - Setting next_dagrun for example_trigger_controller_dag to 2021-01-01 00:00:00+00:00, run_after=2021-01-01 00:00:00+00:00
[2024-09-04T21:01:17.662+0000] {processor.py:208} INFO - Processing /home/airflow/.local/lib/python3.12/site-packages/airflow/example_dags/example_trigger_controller_dag.py took 0.072 seconds
[2024-09-04T21:01:47.917+0000] {processor.py:186} INFO - Started process (PID=267) to work on /home/airflow/.local/lib/python3.12/site-packages/airflow/example_dags/example_trigger_controller_dag.py
[2024-09-04T21:01:47.918+0000] {processor.py:914} INFO - Processing file /home/airflow/.local/lib/python3.12/site-packages/airflow/example_dags/example_trigger_controller_dag.py for tasks to queue
[2024-09-04T21:01:47.920+0000] {logging_mixin.py:190} INFO - [2024-09-04T21:01:47.920+0000] {dagbag.py:587} INFO - Filling up the DagBag from /home/airflow/.local/lib/python3.12/site-packages/airflow/example_dags/example_trigger_controller_dag.py
[2024-09-04T21:01:47.926+0000] {processor.py:925} INFO - DAG(s) 'example_trigger_controller_dag' retrieved from /home/airflow/.local/lib/python3.12/site-packages/airflow/example_dags/example_trigger_controller_dag.py
[2024-09-04T21:01:47.944+0000] {logging_mixin.py:190} INFO - [2024-09-04T21:01:47.943+0000] {dag.py:3211} INFO - Sync 1 DAGs
[2024-09-04T21:01:47.964+0000] {logging_mixin.py:190} INFO - [2024-09-04T21:01:47.963+0000] {dag.py:4138} INFO - Setting next_dagrun for example_trigger_controller_dag to 2021-01-01 00:00:00+00:00, run_after=2021-01-01 00:00:00+00:00
[2024-09-04T21:01:47.986+0000] {processor.py:208} INFO - Processing /home/airflow/.local/lib/python3.12/site-packages/airflow/example_dags/example_trigger_controller_dag.py took 0.074 seconds
[2024-09-04T21:02:18.744+0000] {processor.py:186} INFO - Started process (PID=330) to work on /home/airflow/.local/lib/python3.12/site-packages/airflow/example_dags/example_trigger_controller_dag.py
[2024-09-04T21:02:18.745+0000] {processor.py:914} INFO - Processing file /home/airflow/.local/lib/python3.12/site-packages/airflow/example_dags/example_trigger_controller_dag.py for tasks to queue
[2024-09-04T21:02:18.748+0000] {logging_mixin.py:190} INFO - [2024-09-04T21:02:18.747+0000] {dagbag.py:587} INFO - Filling up the DagBag from /home/airflow/.local/lib/python3.12/site-packages/airflow/example_dags/example_trigger_controller_dag.py
[2024-09-04T21:02:18.755+0000] {processor.py:925} INFO - DAG(s) 'example_trigger_controller_dag' retrieved from /home/airflow/.local/lib/python3.12/site-packages/airflow/example_dags/example_trigger_controller_dag.py
[2024-09-04T21:02:18.775+0000] {logging_mixin.py:190} INFO - [2024-09-04T21:02:18.775+0000] {dag.py:3211} INFO - Sync 1 DAGs
[2024-09-04T21:02:18.795+0000] {logging_mixin.py:190} INFO - [2024-09-04T21:02:18.795+0000] {dag.py:4138} INFO - Setting next_dagrun for example_trigger_controller_dag to 2021-01-01 00:00:00+00:00, run_after=2021-01-01 00:00:00+00:00
[2024-09-04T21:02:18.816+0000] {processor.py:208} INFO - Processing /home/airflow/.local/lib/python3.12/site-packages/airflow/example_dags/example_trigger_controller_dag.py took 0.077 seconds
[2024-09-04T21:02:49.569+0000] {processor.py:186} INFO - Started process (PID=392) to work on /home/airflow/.local/lib/python3.12/site-packages/airflow/example_dags/example_trigger_controller_dag.py
[2024-09-04T21:02:49.570+0000] {processor.py:914} INFO - Processing file /home/airflow/.local/lib/python3.12/site-packages/airflow/example_dags/example_trigger_controller_dag.py for tasks to queue
[2024-09-04T21:02:49.572+0000] {logging_mixin.py:190} INFO - [2024-09-04T21:02:49.572+0000] {dagbag.py:587} INFO - Filling up the DagBag from /home/airflow/.local/lib/python3.12/site-packages/airflow/example_dags/example_trigger_controller_dag.py
[2024-09-04T21:02:49.578+0000] {processor.py:925} INFO - DAG(s) 'example_trigger_controller_dag' retrieved from /home/airflow/.local/lib/python3.12/site-packages/airflow/example_dags/example_trigger_controller_dag.py
[2024-09-04T21:02:49.599+0000] {logging_mixin.py:190} INFO - [2024-09-04T21:02:49.598+0000] {dag.py:3211} INFO - Sync 1 DAGs
[2024-09-04T21:02:49.617+0000] {logging_mixin.py:190} INFO - [2024-09-04T21:02:49.617+0000] {dag.py:4138} INFO - Setting next_dagrun for example_trigger_controller_dag to 2021-01-01 00:00:00+00:00, run_after=2021-01-01 00:00:00+00:00
[2024-09-04T21:02:49.638+0000] {processor.py:208} INFO - Processing /home/airflow/.local/lib/python3.12/site-packages/airflow/example_dags/example_trigger_controller_dag.py took 0.074 seconds
[2024-09-04T21:03:20.072+0000] {processor.py:186} INFO - Started process (PID=454) to work on /home/airflow/.local/lib/python3.12/site-packages/airflow/example_dags/example_trigger_controller_dag.py
[2024-09-04T21:03:20.074+0000] {processor.py:914} INFO - Processing file /home/airflow/.local/lib/python3.12/site-packages/airflow/example_dags/example_trigger_controller_dag.py for tasks to queue
[2024-09-04T21:03:20.080+0000] {logging_mixin.py:190} INFO - [2024-09-04T21:03:20.079+0000] {dagbag.py:587} INFO - Filling up the DagBag from /home/airflow/.local/lib/python3.12/site-packages/airflow/example_dags/example_trigger_controller_dag.py
[2024-09-04T21:03:20.094+0000] {processor.py:925} INFO - DAG(s) 'example_trigger_controller_dag' retrieved from /home/airflow/.local/lib/python3.12/site-packages/airflow/example_dags/example_trigger_controller_dag.py
[2024-09-04T21:03:20.137+0000] {logging_mixin.py:190} INFO - [2024-09-04T21:03:20.136+0000] {dag.py:3211} INFO - Sync 1 DAGs
[2024-09-04T21:03:20.183+0000] {logging_mixin.py:190} INFO - [2024-09-04T21:03:20.183+0000] {dag.py:4138} INFO - Setting next_dagrun for example_trigger_controller_dag to 2021-01-01 00:00:00+00:00, run_after=2021-01-01 00:00:00+00:00
[2024-09-04T21:03:20.225+0000] {processor.py:208} INFO - Processing /home/airflow/.local/lib/python3.12/site-packages/airflow/example_dags/example_trigger_controller_dag.py took 0.166 seconds
[2024-09-04T21:03:50.837+0000] {processor.py:186} INFO - Started process (PID=516) to work on /home/airflow/.local/lib/python3.12/site-packages/airflow/example_dags/example_trigger_controller_dag.py
[2024-09-04T21:03:50.839+0000] {processor.py:914} INFO - Processing file /home/airflow/.local/lib/python3.12/site-packages/airflow/example_dags/example_trigger_controller_dag.py for tasks to queue
[2024-09-04T21:03:50.842+0000] {logging_mixin.py:190} INFO - [2024-09-04T21:03:50.841+0000] {dagbag.py:587} INFO - Filling up the DagBag from /home/airflow/.local/lib/python3.12/site-packages/airflow/example_dags/example_trigger_controller_dag.py
[2024-09-04T21:03:50.850+0000] {processor.py:925} INFO - DAG(s) 'example_trigger_controller_dag' retrieved from /home/airflow/.local/lib/python3.12/site-packages/airflow/example_dags/example_trigger_controller_dag.py
[2024-09-04T21:03:50.873+0000] {logging_mixin.py:190} INFO - [2024-09-04T21:03:50.873+0000] {dag.py:3211} INFO - Sync 1 DAGs
[2024-09-04T21:03:50.900+0000] {logging_mixin.py:190} INFO - [2024-09-04T21:03:50.900+0000] {dag.py:4138} INFO - Setting next_dagrun for example_trigger_controller_dag to 2021-01-01 00:00:00+00:00, run_after=2021-01-01 00:00:00+00:00
[2024-09-04T21:03:50.923+0000] {processor.py:208} INFO - Processing /home/airflow/.local/lib/python3.12/site-packages/airflow/example_dags/example_trigger_controller_dag.py took 0.093 seconds
[2024-09-04T21:04:21.119+0000] {processor.py:186} INFO - Started process (PID=578) to work on /home/airflow/.local/lib/python3.12/site-packages/airflow/example_dags/example_trigger_controller_dag.py
[2024-09-04T21:04:21.120+0000] {processor.py:914} INFO - Processing file /home/airflow/.local/lib/python3.12/site-packages/airflow/example_dags/example_trigger_controller_dag.py for tasks to queue
[2024-09-04T21:04:21.123+0000] {logging_mixin.py:190} INFO - [2024-09-04T21:04:21.123+0000] {dagbag.py:587} INFO - Filling up the DagBag from /home/airflow/.local/lib/python3.12/site-packages/airflow/example_dags/example_trigger_controller_dag.py
[2024-09-04T21:04:21.133+0000] {processor.py:925} INFO - DAG(s) 'example_trigger_controller_dag' retrieved from /home/airflow/.local/lib/python3.12/site-packages/airflow/example_dags/example_trigger_controller_dag.py
[2024-09-04T21:04:21.160+0000] {logging_mixin.py:190} INFO - [2024-09-04T21:04:21.159+0000] {dag.py:3211} INFO - Sync 1 DAGs
[2024-09-04T21:04:21.189+0000] {logging_mixin.py:190} INFO - [2024-09-04T21:04:21.189+0000] {dag.py:4138} INFO - Setting next_dagrun for example_trigger_controller_dag to 2021-01-01 00:00:00+00:00, run_after=2021-01-01 00:00:00+00:00
[2024-09-04T21:04:21.211+0000] {processor.py:208} INFO - Processing /home/airflow/.local/lib/python3.12/site-packages/airflow/example_dags/example_trigger_controller_dag.py took 0.100 seconds
[2024-09-04T21:04:52.060+0000] {processor.py:186} INFO - Started process (PID=640) to work on /home/airflow/.local/lib/python3.12/site-packages/airflow/example_dags/example_trigger_controller_dag.py
[2024-09-04T21:04:52.062+0000] {processor.py:914} INFO - Processing file /home/airflow/.local/lib/python3.12/site-packages/airflow/example_dags/example_trigger_controller_dag.py for tasks to queue
[2024-09-04T21:04:52.067+0000] {logging_mixin.py:190} INFO - [2024-09-04T21:04:52.066+0000] {dagbag.py:587} INFO - Filling up the DagBag from /home/airflow/.local/lib/python3.12/site-packages/airflow/example_dags/example_trigger_controller_dag.py
[2024-09-04T21:04:52.080+0000] {processor.py:925} INFO - DAG(s) 'example_trigger_controller_dag' retrieved from /home/airflow/.local/lib/python3.12/site-packages/airflow/example_dags/example_trigger_controller_dag.py
[2024-09-04T21:04:52.115+0000] {logging_mixin.py:190} INFO - [2024-09-04T21:04:52.115+0000] {dag.py:3211} INFO - Sync 1 DAGs
[2024-09-04T21:04:52.160+0000] {logging_mixin.py:190} INFO - [2024-09-04T21:04:52.159+0000] {dag.py:4138} INFO - Setting next_dagrun for example_trigger_controller_dag to 2021-01-01 00:00:00+00:00, run_after=2021-01-01 00:00:00+00:00
[2024-09-04T21:04:52.193+0000] {processor.py:208} INFO - Processing /home/airflow/.local/lib/python3.12/site-packages/airflow/example_dags/example_trigger_controller_dag.py took 0.145 seconds
[2024-09-04T21:05:22.406+0000] {processor.py:186} INFO - Started process (PID=702) to work on /home/airflow/.local/lib/python3.12/site-packages/airflow/example_dags/example_trigger_controller_dag.py
[2024-09-04T21:05:22.408+0000] {processor.py:914} INFO - Processing file /home/airflow/.local/lib/python3.12/site-packages/airflow/example_dags/example_trigger_controller_dag.py for tasks to queue
[2024-09-04T21:05:22.410+0000] {logging_mixin.py:190} INFO - [2024-09-04T21:05:22.410+0000] {dagbag.py:587} INFO - Filling up the DagBag from /home/airflow/.local/lib/python3.12/site-packages/airflow/example_dags/example_trigger_controller_dag.py
[2024-09-04T21:05:22.416+0000] {processor.py:925} INFO - DAG(s) 'example_trigger_controller_dag' retrieved from /home/airflow/.local/lib/python3.12/site-packages/airflow/example_dags/example_trigger_controller_dag.py
[2024-09-04T21:05:22.435+0000] {logging_mixin.py:190} INFO - [2024-09-04T21:05:22.435+0000] {dag.py:3211} INFO - Sync 1 DAGs
[2024-09-04T21:05:22.463+0000] {logging_mixin.py:190} INFO - [2024-09-04T21:05:22.462+0000] {dag.py:4138} INFO - Setting next_dagrun for example_trigger_controller_dag to 2021-01-01 00:00:00+00:00, run_after=2021-01-01 00:00:00+00:00
[2024-09-04T21:05:22.485+0000] {processor.py:208} INFO - Processing /home/airflow/.local/lib/python3.12/site-packages/airflow/example_dags/example_trigger_controller_dag.py took 0.085 seconds
[2024-09-04T21:05:53.053+0000] {processor.py:186} INFO - Started process (PID=764) to work on /home/airflow/.local/lib/python3.12/site-packages/airflow/example_dags/example_trigger_controller_dag.py
[2024-09-04T21:05:53.054+0000] {processor.py:914} INFO - Processing file /home/airflow/.local/lib/python3.12/site-packages/airflow/example_dags/example_trigger_controller_dag.py for tasks to queue
[2024-09-04T21:05:53.056+0000] {logging_mixin.py:190} INFO - [2024-09-04T21:05:53.056+0000] {dagbag.py:587} INFO - Filling up the DagBag from /home/airflow/.local/lib/python3.12/site-packages/airflow/example_dags/example_trigger_controller_dag.py
[2024-09-04T21:05:53.062+0000] {processor.py:925} INFO - DAG(s) 'example_trigger_controller_dag' retrieved from /home/airflow/.local/lib/python3.12/site-packages/airflow/example_dags/example_trigger_controller_dag.py
[2024-09-04T21:05:53.082+0000] {logging_mixin.py:190} INFO - [2024-09-04T21:05:53.082+0000] {dag.py:3211} INFO - Sync 1 DAGs
[2024-09-04T21:05:53.102+0000] {logging_mixin.py:190} INFO - [2024-09-04T21:05:53.102+0000] {dag.py:4138} INFO - Setting next_dagrun for example_trigger_controller_dag to 2021-01-01 00:00:00+00:00, run_after=2021-01-01 00:00:00+00:00
[2024-09-04T21:05:53.122+0000] {processor.py:208} INFO - Processing /home/airflow/.local/lib/python3.12/site-packages/airflow/example_dags/example_trigger_controller_dag.py took 0.074 seconds
[2024-09-04T21:06:23.798+0000] {processor.py:186} INFO - Started process (PID=826) to work on /home/airflow/.local/lib/python3.12/site-packages/airflow/example_dags/example_trigger_controller_dag.py
[2024-09-04T21:06:23.800+0000] {processor.py:914} INFO - Processing file /home/airflow/.local/lib/python3.12/site-packages/airflow/example_dags/example_trigger_controller_dag.py for tasks to queue
[2024-09-04T21:06:23.806+0000] {logging_mixin.py:190} INFO - [2024-09-04T21:06:23.805+0000] {dagbag.py:587} INFO - Filling up the DagBag from /home/airflow/.local/lib/python3.12/site-packages/airflow/example_dags/example_trigger_controller_dag.py
[2024-09-04T21:06:23.819+0000] {processor.py:925} INFO - DAG(s) 'example_trigger_controller_dag' retrieved from /home/airflow/.local/lib/python3.12/site-packages/airflow/example_dags/example_trigger_controller_dag.py
[2024-09-04T21:06:23.857+0000] {logging_mixin.py:190} INFO - [2024-09-04T21:06:23.856+0000] {dag.py:3211} INFO - Sync 1 DAGs
[2024-09-04T21:06:23.902+0000] {logging_mixin.py:190} INFO - [2024-09-04T21:06:23.901+0000] {dag.py:4138} INFO - Setting next_dagrun for example_trigger_controller_dag to 2021-01-01 00:00:00+00:00, run_after=2021-01-01 00:00:00+00:00
[2024-09-04T21:06:23.938+0000] {processor.py:208} INFO - Processing /home/airflow/.local/lib/python3.12/site-packages/airflow/example_dags/example_trigger_controller_dag.py took 0.153 seconds
[2024-09-04T21:06:54.617+0000] {processor.py:186} INFO - Started process (PID=887) to work on /home/airflow/.local/lib/python3.12/site-packages/airflow/example_dags/example_trigger_controller_dag.py
[2024-09-04T21:06:54.618+0000] {processor.py:914} INFO - Processing file /home/airflow/.local/lib/python3.12/site-packages/airflow/example_dags/example_trigger_controller_dag.py for tasks to queue
[2024-09-04T21:06:54.621+0000] {logging_mixin.py:190} INFO - [2024-09-04T21:06:54.621+0000] {dagbag.py:587} INFO - Filling up the DagBag from /home/airflow/.local/lib/python3.12/site-packages/airflow/example_dags/example_trigger_controller_dag.py
[2024-09-04T21:06:54.628+0000] {processor.py:925} INFO - DAG(s) 'example_trigger_controller_dag' retrieved from /home/airflow/.local/lib/python3.12/site-packages/airflow/example_dags/example_trigger_controller_dag.py
[2024-09-04T21:06:54.650+0000] {logging_mixin.py:190} INFO - [2024-09-04T21:06:54.650+0000] {dag.py:3211} INFO - Sync 1 DAGs
[2024-09-04T21:06:54.675+0000] {logging_mixin.py:190} INFO - [2024-09-04T21:06:54.675+0000] {dag.py:4138} INFO - Setting next_dagrun for example_trigger_controller_dag to 2021-01-01 00:00:00+00:00, run_after=2021-01-01 00:00:00+00:00
[2024-09-04T21:06:54.695+0000] {processor.py:208} INFO - Processing /home/airflow/.local/lib/python3.12/site-packages/airflow/example_dags/example_trigger_controller_dag.py took 0.083 seconds
[2024-09-04T21:07:24.909+0000] {processor.py:186} INFO - Started process (PID=949) to work on /home/airflow/.local/lib/python3.12/site-packages/airflow/example_dags/example_trigger_controller_dag.py
[2024-09-04T21:07:24.911+0000] {processor.py:914} INFO - Processing file /home/airflow/.local/lib/python3.12/site-packages/airflow/example_dags/example_trigger_controller_dag.py for tasks to queue
[2024-09-04T21:07:24.915+0000] {logging_mixin.py:190} INFO - [2024-09-04T21:07:24.915+0000] {dagbag.py:587} INFO - Filling up the DagBag from /home/airflow/.local/lib/python3.12/site-packages/airflow/example_dags/example_trigger_controller_dag.py
[2024-09-04T21:07:24.925+0000] {processor.py:925} INFO - DAG(s) 'example_trigger_controller_dag' retrieved from /home/airflow/.local/lib/python3.12/site-packages/airflow/example_dags/example_trigger_controller_dag.py
[2024-09-04T21:07:24.954+0000] {logging_mixin.py:190} INFO - [2024-09-04T21:07:24.954+0000] {dag.py:3211} INFO - Sync 1 DAGs
[2024-09-04T21:07:24.982+0000] {logging_mixin.py:190} INFO - [2024-09-04T21:07:24.980+0000] {dag.py:4138} INFO - Setting next_dagrun for example_trigger_controller_dag to 2021-01-01 00:00:00+00:00, run_after=2021-01-01 00:00:00+00:00
[2024-09-04T21:07:25.007+0000] {processor.py:208} INFO - Processing /home/airflow/.local/lib/python3.12/site-packages/airflow/example_dags/example_trigger_controller_dag.py took 0.103 seconds
[2024-09-04T21:07:55.374+0000] {processor.py:186} INFO - Started process (PID=1017) to work on /home/airflow/.local/lib/python3.12/site-packages/airflow/example_dags/example_trigger_controller_dag.py
[2024-09-04T21:07:55.376+0000] {processor.py:914} INFO - Processing file /home/airflow/.local/lib/python3.12/site-packages/airflow/example_dags/example_trigger_controller_dag.py for tasks to queue
[2024-09-04T21:07:55.378+0000] {logging_mixin.py:190} INFO - [2024-09-04T21:07:55.378+0000] {dagbag.py:587} INFO - Filling up the DagBag from /home/airflow/.local/lib/python3.12/site-packages/airflow/example_dags/example_trigger_controller_dag.py
[2024-09-04T21:07:55.386+0000] {processor.py:925} INFO - DAG(s) 'example_trigger_controller_dag' retrieved from /home/airflow/.local/lib/python3.12/site-packages/airflow/example_dags/example_trigger_controller_dag.py
[2024-09-04T21:07:55.407+0000] {logging_mixin.py:190} INFO - [2024-09-04T21:07:55.407+0000] {dag.py:3211} INFO - Sync 1 DAGs
[2024-09-04T21:07:55.433+0000] {logging_mixin.py:190} INFO - [2024-09-04T21:07:55.433+0000] {dag.py:4138} INFO - Setting next_dagrun for example_trigger_controller_dag to 2021-01-01 00:00:00+00:00, run_after=2021-01-01 00:00:00+00:00
[2024-09-04T21:07:55.454+0000] {processor.py:208} INFO - Processing /home/airflow/.local/lib/python3.12/site-packages/airflow/example_dags/example_trigger_controller_dag.py took 0.088 seconds
[2024-09-04T21:08:26.538+0000] {processor.py:186} INFO - Started process (PID=1080) to work on /home/airflow/.local/lib/python3.12/site-packages/airflow/example_dags/example_trigger_controller_dag.py
[2024-09-04T21:08:26.540+0000] {processor.py:914} INFO - Processing file /home/airflow/.local/lib/python3.12/site-packages/airflow/example_dags/example_trigger_controller_dag.py for tasks to queue
[2024-09-04T21:08:26.542+0000] {logging_mixin.py:190} INFO - [2024-09-04T21:08:26.542+0000] {dagbag.py:587} INFO - Filling up the DagBag from /home/airflow/.local/lib/python3.12/site-packages/airflow/example_dags/example_trigger_controller_dag.py
[2024-09-04T21:08:26.549+0000] {processor.py:925} INFO - DAG(s) 'example_trigger_controller_dag' retrieved from /home/airflow/.local/lib/python3.12/site-packages/airflow/example_dags/example_trigger_controller_dag.py
[2024-09-04T21:08:26.569+0000] {logging_mixin.py:190} INFO - [2024-09-04T21:08:26.569+0000] {dag.py:3211} INFO - Sync 1 DAGs
[2024-09-04T21:08:26.589+0000] {logging_mixin.py:190} INFO - [2024-09-04T21:08:26.589+0000] {dag.py:4138} INFO - Setting next_dagrun for example_trigger_controller_dag to 2021-01-01 00:00:00+00:00, run_after=2021-01-01 00:00:00+00:00
[2024-09-04T21:08:26.607+0000] {processor.py:208} INFO - Processing /home/airflow/.local/lib/python3.12/site-packages/airflow/example_dags/example_trigger_controller_dag.py took 0.074 seconds
[2024-09-04T21:08:57.141+0000] {processor.py:186} INFO - Started process (PID=1142) to work on /home/airflow/.local/lib/python3.12/site-packages/airflow/example_dags/example_trigger_controller_dag.py
[2024-09-04T21:08:57.142+0000] {processor.py:914} INFO - Processing file /home/airflow/.local/lib/python3.12/site-packages/airflow/example_dags/example_trigger_controller_dag.py for tasks to queue
[2024-09-04T21:08:57.145+0000] {logging_mixin.py:190} INFO - [2024-09-04T21:08:57.144+0000] {dagbag.py:587} INFO - Filling up the DagBag from /home/airflow/.local/lib/python3.12/site-packages/airflow/example_dags/example_trigger_controller_dag.py
[2024-09-04T21:08:57.151+0000] {processor.py:925} INFO - DAG(s) 'example_trigger_controller_dag' retrieved from /home/airflow/.local/lib/python3.12/site-packages/airflow/example_dags/example_trigger_controller_dag.py
[2024-09-04T21:08:57.168+0000] {logging_mixin.py:190} INFO - [2024-09-04T21:08:57.168+0000] {dag.py:3211} INFO - Sync 1 DAGs
[2024-09-04T21:08:57.189+0000] {logging_mixin.py:190} INFO - [2024-09-04T21:08:57.189+0000] {dag.py:4138} INFO - Setting next_dagrun for example_trigger_controller_dag to 2021-01-01 00:00:00+00:00, run_after=2021-01-01 00:00:00+00:00
[2024-09-04T21:08:57.208+0000] {processor.py:208} INFO - Processing /home/airflow/.local/lib/python3.12/site-packages/airflow/example_dags/example_trigger_controller_dag.py took 0.073 seconds
[2024-09-04T21:09:27.490+0000] {processor.py:186} INFO - Started process (PID=1204) to work on /home/airflow/.local/lib/python3.12/site-packages/airflow/example_dags/example_trigger_controller_dag.py
[2024-09-04T21:09:27.491+0000] {processor.py:914} INFO - Processing file /home/airflow/.local/lib/python3.12/site-packages/airflow/example_dags/example_trigger_controller_dag.py for tasks to queue
[2024-09-04T21:09:27.494+0000] {logging_mixin.py:190} INFO - [2024-09-04T21:09:27.493+0000] {dagbag.py:587} INFO - Filling up the DagBag from /home/airflow/.local/lib/python3.12/site-packages/airflow/example_dags/example_trigger_controller_dag.py
[2024-09-04T21:09:27.500+0000] {processor.py:925} INFO - DAG(s) 'example_trigger_controller_dag' retrieved from /home/airflow/.local/lib/python3.12/site-packages/airflow/example_dags/example_trigger_controller_dag.py
[2024-09-04T21:09:27.520+0000] {logging_mixin.py:190} INFO - [2024-09-04T21:09:27.520+0000] {dag.py:3211} INFO - Sync 1 DAGs
[2024-09-04T21:09:27.541+0000] {logging_mixin.py:190} INFO - [2024-09-04T21:09:27.541+0000] {dag.py:4138} INFO - Setting next_dagrun for example_trigger_controller_dag to 2021-01-01 00:00:00+00:00, run_after=2021-01-01 00:00:00+00:00
[2024-09-04T21:09:27.560+0000] {processor.py:208} INFO - Processing /home/airflow/.local/lib/python3.12/site-packages/airflow/example_dags/example_trigger_controller_dag.py took 0.075 seconds
[2024-09-04T21:09:57.918+0000] {processor.py:186} INFO - Started process (PID=1266) to work on /home/airflow/.local/lib/python3.12/site-packages/airflow/example_dags/example_trigger_controller_dag.py
[2024-09-04T21:09:57.919+0000] {processor.py:914} INFO - Processing file /home/airflow/.local/lib/python3.12/site-packages/airflow/example_dags/example_trigger_controller_dag.py for tasks to queue
[2024-09-04T21:09:57.921+0000] {logging_mixin.py:190} INFO - [2024-09-04T21:09:57.921+0000] {dagbag.py:587} INFO - Filling up the DagBag from /home/airflow/.local/lib/python3.12/site-packages/airflow/example_dags/example_trigger_controller_dag.py
[2024-09-04T21:09:57.927+0000] {processor.py:925} INFO - DAG(s) 'example_trigger_controller_dag' retrieved from /home/airflow/.local/lib/python3.12/site-packages/airflow/example_dags/example_trigger_controller_dag.py
[2024-09-04T21:09:57.946+0000] {logging_mixin.py:190} INFO - [2024-09-04T21:09:57.946+0000] {dag.py:3211} INFO - Sync 1 DAGs
[2024-09-04T21:09:57.966+0000] {logging_mixin.py:190} INFO - [2024-09-04T21:09:57.966+0000] {dag.py:4138} INFO - Setting next_dagrun for example_trigger_controller_dag to 2021-01-01 00:00:00+00:00, run_after=2021-01-01 00:00:00+00:00
[2024-09-04T21:09:57.985+0000] {processor.py:208} INFO - Processing /home/airflow/.local/lib/python3.12/site-packages/airflow/example_dags/example_trigger_controller_dag.py took 0.071 seconds
[2024-09-04T21:10:28.423+0000] {processor.py:186} INFO - Started process (PID=1329) to work on /home/airflow/.local/lib/python3.12/site-packages/airflow/example_dags/example_trigger_controller_dag.py
[2024-09-04T21:10:28.425+0000] {processor.py:914} INFO - Processing file /home/airflow/.local/lib/python3.12/site-packages/airflow/example_dags/example_trigger_controller_dag.py for tasks to queue
[2024-09-04T21:10:28.428+0000] {logging_mixin.py:190} INFO - [2024-09-04T21:10:28.428+0000] {dagbag.py:587} INFO - Filling up the DagBag from /home/airflow/.local/lib/python3.12/site-packages/airflow/example_dags/example_trigger_controller_dag.py
[2024-09-04T21:10:28.435+0000] {processor.py:925} INFO - DAG(s) 'example_trigger_controller_dag' retrieved from /home/airflow/.local/lib/python3.12/site-packages/airflow/example_dags/example_trigger_controller_dag.py
[2024-09-04T21:10:28.456+0000] {logging_mixin.py:190} INFO - [2024-09-04T21:10:28.455+0000] {dag.py:3211} INFO - Sync 1 DAGs
[2024-09-04T21:10:28.478+0000] {logging_mixin.py:190} INFO - [2024-09-04T21:10:28.477+0000] {dag.py:4138} INFO - Setting next_dagrun for example_trigger_controller_dag to 2021-01-01 00:00:00+00:00, run_after=2021-01-01 00:00:00+00:00
[2024-09-04T21:10:28.497+0000] {processor.py:208} INFO - Processing /home/airflow/.local/lib/python3.12/site-packages/airflow/example_dags/example_trigger_controller_dag.py took 0.079 seconds
[2024-09-04T21:10:58.958+0000] {processor.py:186} INFO - Started process (PID=1392) to work on /home/airflow/.local/lib/python3.12/site-packages/airflow/example_dags/example_trigger_controller_dag.py
[2024-09-04T21:10:58.960+0000] {processor.py:914} INFO - Processing file /home/airflow/.local/lib/python3.12/site-packages/airflow/example_dags/example_trigger_controller_dag.py for tasks to queue
[2024-09-04T21:10:58.963+0000] {logging_mixin.py:190} INFO - [2024-09-04T21:10:58.963+0000] {dagbag.py:587} INFO - Filling up the DagBag from /home/airflow/.local/lib/python3.12/site-packages/airflow/example_dags/example_trigger_controller_dag.py
[2024-09-04T21:10:58.970+0000] {processor.py:925} INFO - DAG(s) 'example_trigger_controller_dag' retrieved from /home/airflow/.local/lib/python3.12/site-packages/airflow/example_dags/example_trigger_controller_dag.py
[2024-09-04T21:10:59.000+0000] {logging_mixin.py:190} INFO - [2024-09-04T21:10:58.999+0000] {dag.py:3211} INFO - Sync 1 DAGs
[2024-09-04T21:10:59.024+0000] {logging_mixin.py:190} INFO - [2024-09-04T21:10:59.024+0000] {dag.py:4138} INFO - Setting next_dagrun for example_trigger_controller_dag to 2021-01-01 00:00:00+00:00, run_after=2021-01-01 00:00:00+00:00
[2024-09-04T21:10:59.043+0000] {processor.py:208} INFO - Processing /home/airflow/.local/lib/python3.12/site-packages/airflow/example_dags/example_trigger_controller_dag.py took 0.091 seconds
[2024-09-04T21:11:29.916+0000] {processor.py:186} INFO - Started process (PID=1455) to work on /home/airflow/.local/lib/python3.12/site-packages/airflow/example_dags/example_trigger_controller_dag.py
[2024-09-04T21:11:29.917+0000] {processor.py:914} INFO - Processing file /home/airflow/.local/lib/python3.12/site-packages/airflow/example_dags/example_trigger_controller_dag.py for tasks to queue
[2024-09-04T21:11:29.919+0000] {logging_mixin.py:190} INFO - [2024-09-04T21:11:29.919+0000] {dagbag.py:587} INFO - Filling up the DagBag from /home/airflow/.local/lib/python3.12/site-packages/airflow/example_dags/example_trigger_controller_dag.py
[2024-09-04T21:11:29.925+0000] {processor.py:925} INFO - DAG(s) 'example_trigger_controller_dag' retrieved from /home/airflow/.local/lib/python3.12/site-packages/airflow/example_dags/example_trigger_controller_dag.py
[2024-09-04T21:11:29.944+0000] {logging_mixin.py:190} INFO - [2024-09-04T21:11:29.944+0000] {dag.py:3211} INFO - Sync 1 DAGs
[2024-09-04T21:11:29.966+0000] {logging_mixin.py:190} INFO - [2024-09-04T21:11:29.966+0000] {dag.py:4138} INFO - Setting next_dagrun for example_trigger_controller_dag to 2021-01-01 00:00:00+00:00, run_after=2021-01-01 00:00:00+00:00
[2024-09-04T21:11:29.985+0000] {processor.py:208} INFO - Processing /home/airflow/.local/lib/python3.12/site-packages/airflow/example_dags/example_trigger_controller_dag.py took 0.075 seconds
[2024-09-04T21:12:00.386+0000] {processor.py:186} INFO - Started process (PID=1518) to work on /home/airflow/.local/lib/python3.12/site-packages/airflow/example_dags/example_trigger_controller_dag.py
[2024-09-04T21:12:00.387+0000] {processor.py:914} INFO - Processing file /home/airflow/.local/lib/python3.12/site-packages/airflow/example_dags/example_trigger_controller_dag.py for tasks to queue
[2024-09-04T21:12:00.390+0000] {logging_mixin.py:190} INFO - [2024-09-04T21:12:00.390+0000] {dagbag.py:587} INFO - Filling up the DagBag from /home/airflow/.local/lib/python3.12/site-packages/airflow/example_dags/example_trigger_controller_dag.py
[2024-09-04T21:12:00.398+0000] {processor.py:925} INFO - DAG(s) 'example_trigger_controller_dag' retrieved from /home/airflow/.local/lib/python3.12/site-packages/airflow/example_dags/example_trigger_controller_dag.py
[2024-09-04T21:12:00.418+0000] {logging_mixin.py:190} INFO - [2024-09-04T21:12:00.418+0000] {dag.py:3211} INFO - Sync 1 DAGs
[2024-09-04T21:12:00.440+0000] {logging_mixin.py:190} INFO - [2024-09-04T21:12:00.440+0000] {dag.py:4138} INFO - Setting next_dagrun for example_trigger_controller_dag to 2021-01-01 00:00:00+00:00, run_after=2021-01-01 00:00:00+00:00
[2024-09-04T21:12:00.460+0000] {processor.py:208} INFO - Processing /home/airflow/.local/lib/python3.12/site-packages/airflow/example_dags/example_trigger_controller_dag.py took 0.079 seconds
[2024-09-04T21:12:31.336+0000] {processor.py:186} INFO - Started process (PID=1582) to work on /home/airflow/.local/lib/python3.12/site-packages/airflow/example_dags/example_trigger_controller_dag.py
[2024-09-04T21:12:31.337+0000] {processor.py:914} INFO - Processing file /home/airflow/.local/lib/python3.12/site-packages/airflow/example_dags/example_trigger_controller_dag.py for tasks to queue
[2024-09-04T21:12:31.340+0000] {logging_mixin.py:190} INFO - [2024-09-04T21:12:31.339+0000] {dagbag.py:587} INFO - Filling up the DagBag from /home/airflow/.local/lib/python3.12/site-packages/airflow/example_dags/example_trigger_controller_dag.py
[2024-09-04T21:12:31.347+0000] {processor.py:925} INFO - DAG(s) 'example_trigger_controller_dag' retrieved from /home/airflow/.local/lib/python3.12/site-packages/airflow/example_dags/example_trigger_controller_dag.py
[2024-09-04T21:12:31.369+0000] {logging_mixin.py:190} INFO - [2024-09-04T21:12:31.368+0000] {dag.py:3211} INFO - Sync 1 DAGs
[2024-09-04T21:12:31.389+0000] {logging_mixin.py:190} INFO - [2024-09-04T21:12:31.388+0000] {dag.py:4138} INFO - Setting next_dagrun for example_trigger_controller_dag to 2021-01-01 00:00:00+00:00, run_after=2021-01-01 00:00:00+00:00
[2024-09-04T21:12:31.408+0000] {processor.py:208} INFO - Processing /home/airflow/.local/lib/python3.12/site-packages/airflow/example_dags/example_trigger_controller_dag.py took 0.078 seconds
[2024-09-04T21:13:02.108+0000] {processor.py:186} INFO - Started process (PID=1645) to work on /home/airflow/.local/lib/python3.12/site-packages/airflow/example_dags/example_trigger_controller_dag.py
[2024-09-04T21:13:02.109+0000] {processor.py:914} INFO - Processing file /home/airflow/.local/lib/python3.12/site-packages/airflow/example_dags/example_trigger_controller_dag.py for tasks to queue
[2024-09-04T21:13:02.112+0000] {logging_mixin.py:190} INFO - [2024-09-04T21:13:02.112+0000] {dagbag.py:587} INFO - Filling up the DagBag from /home/airflow/.local/lib/python3.12/site-packages/airflow/example_dags/example_trigger_controller_dag.py
[2024-09-04T21:13:02.119+0000] {processor.py:925} INFO - DAG(s) 'example_trigger_controller_dag' retrieved from /home/airflow/.local/lib/python3.12/site-packages/airflow/example_dags/example_trigger_controller_dag.py
[2024-09-04T21:13:02.139+0000] {logging_mixin.py:190} INFO - [2024-09-04T21:13:02.138+0000] {dag.py:3211} INFO - Sync 1 DAGs
[2024-09-04T21:13:02.159+0000] {logging_mixin.py:190} INFO - [2024-09-04T21:13:02.159+0000] {dag.py:4138} INFO - Setting next_dagrun for example_trigger_controller_dag to 2021-01-01 00:00:00+00:00, run_after=2021-01-01 00:00:00+00:00
[2024-09-04T21:13:02.179+0000] {processor.py:208} INFO - Processing /home/airflow/.local/lib/python3.12/site-packages/airflow/example_dags/example_trigger_controller_dag.py took 0.076 seconds
[2024-09-04T21:13:33.050+0000] {processor.py:186} INFO - Started process (PID=1708) to work on /home/airflow/.local/lib/python3.12/site-packages/airflow/example_dags/example_trigger_controller_dag.py
[2024-09-04T21:13:33.052+0000] {processor.py:914} INFO - Processing file /home/airflow/.local/lib/python3.12/site-packages/airflow/example_dags/example_trigger_controller_dag.py for tasks to queue
[2024-09-04T21:13:33.054+0000] {logging_mixin.py:190} INFO - [2024-09-04T21:13:33.054+0000] {dagbag.py:587} INFO - Filling up the DagBag from /home/airflow/.local/lib/python3.12/site-packages/airflow/example_dags/example_trigger_controller_dag.py
[2024-09-04T21:13:33.062+0000] {processor.py:925} INFO - DAG(s) 'example_trigger_controller_dag' retrieved from /home/airflow/.local/lib/python3.12/site-packages/airflow/example_dags/example_trigger_controller_dag.py
[2024-09-04T21:13:33.083+0000] {logging_mixin.py:190} INFO - [2024-09-04T21:13:33.082+0000] {dag.py:3211} INFO - Sync 1 DAGs
[2024-09-04T21:13:33.102+0000] {logging_mixin.py:190} INFO - [2024-09-04T21:13:33.102+0000] {dag.py:4138} INFO - Setting next_dagrun for example_trigger_controller_dag to 2021-01-01 00:00:00+00:00, run_after=2021-01-01 00:00:00+00:00
[2024-09-04T21:13:33.127+0000] {processor.py:208} INFO - Processing /home/airflow/.local/lib/python3.12/site-packages/airflow/example_dags/example_trigger_controller_dag.py took 0.082 seconds
[2024-09-04T21:14:04.076+0000] {processor.py:186} INFO - Started process (PID=1771) to work on /home/airflow/.local/lib/python3.12/site-packages/airflow/example_dags/example_trigger_controller_dag.py
[2024-09-04T21:14:04.077+0000] {processor.py:914} INFO - Processing file /home/airflow/.local/lib/python3.12/site-packages/airflow/example_dags/example_trigger_controller_dag.py for tasks to queue
[2024-09-04T21:14:04.080+0000] {logging_mixin.py:190} INFO - [2024-09-04T21:14:04.080+0000] {dagbag.py:587} INFO - Filling up the DagBag from /home/airflow/.local/lib/python3.12/site-packages/airflow/example_dags/example_trigger_controller_dag.py
[2024-09-04T21:14:04.087+0000] {processor.py:925} INFO - DAG(s) 'example_trigger_controller_dag' retrieved from /home/airflow/.local/lib/python3.12/site-packages/airflow/example_dags/example_trigger_controller_dag.py
[2024-09-04T21:14:04.108+0000] {logging_mixin.py:190} INFO - [2024-09-04T21:14:04.107+0000] {dag.py:3211} INFO - Sync 1 DAGs
[2024-09-04T21:14:04.127+0000] {logging_mixin.py:190} INFO - [2024-09-04T21:14:04.127+0000] {dag.py:4138} INFO - Setting next_dagrun for example_trigger_controller_dag to 2021-01-01 00:00:00+00:00, run_after=2021-01-01 00:00:00+00:00
[2024-09-04T21:14:04.150+0000] {processor.py:208} INFO - Processing /home/airflow/.local/lib/python3.12/site-packages/airflow/example_dags/example_trigger_controller_dag.py took 0.079 seconds
[2024-09-04T21:14:34.919+0000] {processor.py:186} INFO - Started process (PID=1834) to work on /home/airflow/.local/lib/python3.12/site-packages/airflow/example_dags/example_trigger_controller_dag.py
[2024-09-04T21:14:34.920+0000] {processor.py:914} INFO - Processing file /home/airflow/.local/lib/python3.12/site-packages/airflow/example_dags/example_trigger_controller_dag.py for tasks to queue
[2024-09-04T21:14:34.923+0000] {logging_mixin.py:190} INFO - [2024-09-04T21:14:34.922+0000] {dagbag.py:587} INFO - Filling up the DagBag from /home/airflow/.local/lib/python3.12/site-packages/airflow/example_dags/example_trigger_controller_dag.py
[2024-09-04T21:14:34.930+0000] {processor.py:925} INFO - DAG(s) 'example_trigger_controller_dag' retrieved from /home/airflow/.local/lib/python3.12/site-packages/airflow/example_dags/example_trigger_controller_dag.py
[2024-09-04T21:14:34.952+0000] {logging_mixin.py:190} INFO - [2024-09-04T21:14:34.951+0000] {dag.py:3211} INFO - Sync 1 DAGs
[2024-09-04T21:14:34.973+0000] {logging_mixin.py:190} INFO - [2024-09-04T21:14:34.973+0000] {dag.py:4138} INFO - Setting next_dagrun for example_trigger_controller_dag to 2021-01-01 00:00:00+00:00, run_after=2021-01-01 00:00:00+00:00
[2024-09-04T21:14:34.994+0000] {processor.py:208} INFO - Processing /home/airflow/.local/lib/python3.12/site-packages/airflow/example_dags/example_trigger_controller_dag.py took 0.081 seconds
[2024-09-04T21:15:06.711+0000] {processor.py:186} INFO - Started process (PID=1897) to work on /home/airflow/.local/lib/python3.12/site-packages/airflow/example_dags/example_trigger_controller_dag.py
[2024-09-04T21:15:06.714+0000] {processor.py:914} INFO - Processing file /home/airflow/.local/lib/python3.12/site-packages/airflow/example_dags/example_trigger_controller_dag.py for tasks to queue
[2024-09-04T21:15:06.719+0000] {logging_mixin.py:190} INFO - [2024-09-04T21:15:06.718+0000] {dagbag.py:587} INFO - Filling up the DagBag from /home/airflow/.local/lib/python3.12/site-packages/airflow/example_dags/example_trigger_controller_dag.py
[2024-09-04T21:15:06.734+0000] {processor.py:925} INFO - DAG(s) 'example_trigger_controller_dag' retrieved from /home/airflow/.local/lib/python3.12/site-packages/airflow/example_dags/example_trigger_controller_dag.py
[2024-09-04T21:15:06.778+0000] {logging_mixin.py:190} INFO - [2024-09-04T21:15:06.777+0000] {dag.py:3211} INFO - Sync 1 DAGs
[2024-09-04T21:15:06.835+0000] {logging_mixin.py:190} INFO - [2024-09-04T21:15:06.834+0000] {dag.py:4138} INFO - Setting next_dagrun for example_trigger_controller_dag to 2021-01-01 00:00:00+00:00, run_after=2021-01-01 00:00:00+00:00
[2024-09-04T21:15:06.878+0000] {processor.py:208} INFO - Processing /home/airflow/.local/lib/python3.12/site-packages/airflow/example_dags/example_trigger_controller_dag.py took 0.178 seconds
[2024-09-04T21:15:37.219+0000] {processor.py:186} INFO - Started process (PID=1960) to work on /home/airflow/.local/lib/python3.12/site-packages/airflow/example_dags/example_trigger_controller_dag.py
[2024-09-04T21:15:37.222+0000] {processor.py:914} INFO - Processing file /home/airflow/.local/lib/python3.12/site-packages/airflow/example_dags/example_trigger_controller_dag.py for tasks to queue
[2024-09-04T21:15:37.226+0000] {logging_mixin.py:190} INFO - [2024-09-04T21:15:37.225+0000] {dagbag.py:587} INFO - Filling up the DagBag from /home/airflow/.local/lib/python3.12/site-packages/airflow/example_dags/example_trigger_controller_dag.py
[2024-09-04T21:15:37.232+0000] {processor.py:925} INFO - DAG(s) 'example_trigger_controller_dag' retrieved from /home/airflow/.local/lib/python3.12/site-packages/airflow/example_dags/example_trigger_controller_dag.py
[2024-09-04T21:15:37.253+0000] {logging_mixin.py:190} INFO - [2024-09-04T21:15:37.253+0000] {dag.py:3211} INFO - Sync 1 DAGs
[2024-09-04T21:15:37.281+0000] {logging_mixin.py:190} INFO - [2024-09-04T21:15:37.281+0000] {dag.py:4138} INFO - Setting next_dagrun for example_trigger_controller_dag to 2021-01-01 00:00:00+00:00, run_after=2021-01-01 00:00:00+00:00
[2024-09-04T21:15:37.299+0000] {processor.py:208} INFO - Processing /home/airflow/.local/lib/python3.12/site-packages/airflow/example_dags/example_trigger_controller_dag.py took 0.087 seconds
[2024-09-04T21:16:08.289+0000] {processor.py:186} INFO - Started process (PID=2024) to work on /home/airflow/.local/lib/python3.12/site-packages/airflow/example_dags/example_trigger_controller_dag.py
[2024-09-04T21:16:08.291+0000] {processor.py:914} INFO - Processing file /home/airflow/.local/lib/python3.12/site-packages/airflow/example_dags/example_trigger_controller_dag.py for tasks to queue
[2024-09-04T21:16:08.293+0000] {logging_mixin.py:190} INFO - [2024-09-04T21:16:08.293+0000] {dagbag.py:587} INFO - Filling up the DagBag from /home/airflow/.local/lib/python3.12/site-packages/airflow/example_dags/example_trigger_controller_dag.py
[2024-09-04T21:16:08.300+0000] {processor.py:925} INFO - DAG(s) 'example_trigger_controller_dag' retrieved from /home/airflow/.local/lib/python3.12/site-packages/airflow/example_dags/example_trigger_controller_dag.py
[2024-09-04T21:16:08.321+0000] {logging_mixin.py:190} INFO - [2024-09-04T21:16:08.320+0000] {dag.py:3211} INFO - Sync 1 DAGs
[2024-09-04T21:16:08.340+0000] {logging_mixin.py:190} INFO - [2024-09-04T21:16:08.340+0000] {dag.py:4138} INFO - Setting next_dagrun for example_trigger_controller_dag to 2021-01-01 00:00:00+00:00, run_after=2021-01-01 00:00:00+00:00
[2024-09-04T21:16:08.362+0000] {processor.py:208} INFO - Processing /home/airflow/.local/lib/python3.12/site-packages/airflow/example_dags/example_trigger_controller_dag.py took 0.077 seconds
[2024-09-04T21:16:38.657+0000] {processor.py:186} INFO - Started process (PID=2087) to work on /home/airflow/.local/lib/python3.12/site-packages/airflow/example_dags/example_trigger_controller_dag.py
[2024-09-04T21:16:38.658+0000] {processor.py:914} INFO - Processing file /home/airflow/.local/lib/python3.12/site-packages/airflow/example_dags/example_trigger_controller_dag.py for tasks to queue
[2024-09-04T21:16:38.660+0000] {logging_mixin.py:190} INFO - [2024-09-04T21:16:38.660+0000] {dagbag.py:587} INFO - Filling up the DagBag from /home/airflow/.local/lib/python3.12/site-packages/airflow/example_dags/example_trigger_controller_dag.py
[2024-09-04T21:16:38.667+0000] {processor.py:925} INFO - DAG(s) 'example_trigger_controller_dag' retrieved from /home/airflow/.local/lib/python3.12/site-packages/airflow/example_dags/example_trigger_controller_dag.py
[2024-09-04T21:16:38.689+0000] {logging_mixin.py:190} INFO - [2024-09-04T21:16:38.689+0000] {dag.py:3211} INFO - Sync 1 DAGs
[2024-09-04T21:16:38.711+0000] {logging_mixin.py:190} INFO - [2024-09-04T21:16:38.711+0000] {dag.py:4138} INFO - Setting next_dagrun for example_trigger_controller_dag to 2021-01-01 00:00:00+00:00, run_after=2021-01-01 00:00:00+00:00
[2024-09-04T21:16:38.737+0000] {processor.py:208} INFO - Processing /home/airflow/.local/lib/python3.12/site-packages/airflow/example_dags/example_trigger_controller_dag.py took 0.085 seconds
[2024-09-04T21:17:08.981+0000] {processor.py:186} INFO - Started process (PID=2150) to work on /home/airflow/.local/lib/python3.12/site-packages/airflow/example_dags/example_trigger_controller_dag.py
[2024-09-04T21:17:08.983+0000] {processor.py:914} INFO - Processing file /home/airflow/.local/lib/python3.12/site-packages/airflow/example_dags/example_trigger_controller_dag.py for tasks to queue
[2024-09-04T21:17:08.985+0000] {logging_mixin.py:190} INFO - [2024-09-04T21:17:08.985+0000] {dagbag.py:587} INFO - Filling up the DagBag from /home/airflow/.local/lib/python3.12/site-packages/airflow/example_dags/example_trigger_controller_dag.py
[2024-09-04T21:17:08.991+0000] {processor.py:925} INFO - DAG(s) 'example_trigger_controller_dag' retrieved from /home/airflow/.local/lib/python3.12/site-packages/airflow/example_dags/example_trigger_controller_dag.py
[2024-09-04T21:17:09.011+0000] {logging_mixin.py:190} INFO - [2024-09-04T21:17:09.010+0000] {dag.py:3211} INFO - Sync 1 DAGs
[2024-09-04T21:17:09.033+0000] {logging_mixin.py:190} INFO - [2024-09-04T21:17:09.033+0000] {dag.py:4138} INFO - Setting next_dagrun for example_trigger_controller_dag to 2021-01-01 00:00:00+00:00, run_after=2021-01-01 00:00:00+00:00
[2024-09-04T21:17:09.056+0000] {processor.py:208} INFO - Processing /home/airflow/.local/lib/python3.12/site-packages/airflow/example_dags/example_trigger_controller_dag.py took 0.080 seconds
[2024-09-04T21:17:39.253+0000] {processor.py:186} INFO - Started process (PID=2213) to work on /home/airflow/.local/lib/python3.12/site-packages/airflow/example_dags/example_trigger_controller_dag.py
[2024-09-04T21:17:39.254+0000] {processor.py:914} INFO - Processing file /home/airflow/.local/lib/python3.12/site-packages/airflow/example_dags/example_trigger_controller_dag.py for tasks to queue
[2024-09-04T21:17:39.257+0000] {logging_mixin.py:190} INFO - [2024-09-04T21:17:39.256+0000] {dagbag.py:587} INFO - Filling up the DagBag from /home/airflow/.local/lib/python3.12/site-packages/airflow/example_dags/example_trigger_controller_dag.py
[2024-09-04T21:17:39.264+0000] {processor.py:925} INFO - DAG(s) 'example_trigger_controller_dag' retrieved from /home/airflow/.local/lib/python3.12/site-packages/airflow/example_dags/example_trigger_controller_dag.py
[2024-09-04T21:17:39.284+0000] {logging_mixin.py:190} INFO - [2024-09-04T21:17:39.284+0000] {dag.py:3211} INFO - Sync 1 DAGs
[2024-09-04T21:17:39.304+0000] {logging_mixin.py:190} INFO - [2024-09-04T21:17:39.304+0000] {dag.py:4138} INFO - Setting next_dagrun for example_trigger_controller_dag to 2021-01-01 00:00:00+00:00, run_after=2021-01-01 00:00:00+00:00
[2024-09-04T21:17:39.325+0000] {processor.py:208} INFO - Processing /home/airflow/.local/lib/python3.12/site-packages/airflow/example_dags/example_trigger_controller_dag.py took 0.077 seconds
[2024-09-04T21:18:09.588+0000] {processor.py:186} INFO - Started process (PID=2276) to work on /home/airflow/.local/lib/python3.12/site-packages/airflow/example_dags/example_trigger_controller_dag.py
[2024-09-04T21:18:09.589+0000] {processor.py:914} INFO - Processing file /home/airflow/.local/lib/python3.12/site-packages/airflow/example_dags/example_trigger_controller_dag.py for tasks to queue
[2024-09-04T21:18:09.591+0000] {logging_mixin.py:190} INFO - [2024-09-04T21:18:09.591+0000] {dagbag.py:587} INFO - Filling up the DagBag from /home/airflow/.local/lib/python3.12/site-packages/airflow/example_dags/example_trigger_controller_dag.py
[2024-09-04T21:18:09.599+0000] {processor.py:925} INFO - DAG(s) 'example_trigger_controller_dag' retrieved from /home/airflow/.local/lib/python3.12/site-packages/airflow/example_dags/example_trigger_controller_dag.py
[2024-09-04T21:18:09.620+0000] {logging_mixin.py:190} INFO - [2024-09-04T21:18:09.619+0000] {dag.py:3211} INFO - Sync 1 DAGs
[2024-09-04T21:18:09.641+0000] {logging_mixin.py:190} INFO - [2024-09-04T21:18:09.641+0000] {dag.py:4138} INFO - Setting next_dagrun for example_trigger_controller_dag to 2021-01-01 00:00:00+00:00, run_after=2021-01-01 00:00:00+00:00
[2024-09-04T21:18:09.663+0000] {processor.py:208} INFO - Processing /home/airflow/.local/lib/python3.12/site-packages/airflow/example_dags/example_trigger_controller_dag.py took 0.080 seconds
[2024-09-04T21:18:39.991+0000] {processor.py:186} INFO - Started process (PID=2339) to work on /home/airflow/.local/lib/python3.12/site-packages/airflow/example_dags/example_trigger_controller_dag.py
[2024-09-04T21:18:39.992+0000] {processor.py:914} INFO - Processing file /home/airflow/.local/lib/python3.12/site-packages/airflow/example_dags/example_trigger_controller_dag.py for tasks to queue
[2024-09-04T21:18:39.996+0000] {logging_mixin.py:190} INFO - [2024-09-04T21:18:39.995+0000] {dagbag.py:587} INFO - Filling up the DagBag from /home/airflow/.local/lib/python3.12/site-packages/airflow/example_dags/example_trigger_controller_dag.py
[2024-09-04T21:18:40.009+0000] {processor.py:925} INFO - DAG(s) 'example_trigger_controller_dag' retrieved from /home/airflow/.local/lib/python3.12/site-packages/airflow/example_dags/example_trigger_controller_dag.py
[2024-09-04T21:18:40.077+0000] {logging_mixin.py:190} INFO - [2024-09-04T21:18:40.076+0000] {dag.py:3211} INFO - Sync 1 DAGs
[2024-09-04T21:18:40.176+0000] {logging_mixin.py:190} INFO - [2024-09-04T21:18:40.175+0000] {dag.py:4138} INFO - Setting next_dagrun for example_trigger_controller_dag to 2021-01-01 00:00:00+00:00, run_after=2021-01-01 00:00:00+00:00
[2024-09-04T21:18:40.241+0000] {processor.py:208} INFO - Processing /home/airflow/.local/lib/python3.12/site-packages/airflow/example_dags/example_trigger_controller_dag.py took 0.260 seconds
