[2024-09-04T20:52:26.751+0000] {processor.py:186} INFO - Started process (PID=77) to work on /home/airflow/.local/lib/python3.12/site-packages/airflow/example_dags/example_outlet_event_extra.py
[2024-09-04T20:52:26.753+0000] {processor.py:914} INFO - Processing file /home/airflow/.local/lib/python3.12/site-packages/airflow/example_dags/example_outlet_event_extra.py for tasks to queue
[2024-09-04T20:52:26.770+0000] {logging_mixin.py:190} INFO - [2024-09-04T20:52:26.761+0000] {dagbag.py:587} INFO - Filling up the DagBag from /home/airflow/.local/lib/python3.12/site-packages/airflow/example_dags/example_outlet_event_extra.py
[2024-09-04T20:52:28.554+0000] {processor.py:925} INFO - DAG(s) 'dataset_with_extra_from_classic_operator', 'dataset_with_extra_by_yield', 'dataset_with_extra_by_context' retrieved from /home/airflow/.local/lib/python3.12/site-packages/airflow/example_dags/example_outlet_event_extra.py
[2024-09-04T20:52:29.241+0000] {logging_mixin.py:190} INFO - [2024-09-04T20:52:29.240+0000] {override.py:1858} INFO - Created Permission View: can delete on DAG:dataset_with_extra_from_classic_operator
[2024-09-04T20:52:29.276+0000] {logging_mixin.py:190} INFO - [2024-09-04T20:52:29.275+0000] {override.py:1858} INFO - Created Permission View: can edit on DAG:dataset_with_extra_from_classic_operator
[2024-09-04T20:52:29.287+0000] {logging_mixin.py:190} INFO - [2024-09-04T20:52:29.287+0000] {override.py:1858} INFO - Created Permission View: can read on DAG:dataset_with_extra_from_classic_operator
[2024-09-04T20:52:29.334+0000] {logging_mixin.py:190} INFO - [2024-09-04T20:52:29.333+0000] {override.py:1858} INFO - Created Permission View: can delete on DAG:dataset_with_extra_by_yield
[2024-09-04T20:52:29.343+0000] {logging_mixin.py:190} INFO - [2024-09-04T20:52:29.343+0000] {override.py:1858} INFO - Created Permission View: can edit on DAG:dataset_with_extra_by_yield
[2024-09-04T20:52:29.355+0000] {logging_mixin.py:190} INFO - [2024-09-04T20:52:29.354+0000] {override.py:1858} INFO - Created Permission View: can read on DAG:dataset_with_extra_by_yield
[2024-09-04T20:52:29.372+0000] {logging_mixin.py:190} INFO - [2024-09-04T20:52:29.372+0000] {override.py:1858} INFO - Created Permission View: can delete on DAG:dataset_with_extra_by_context
[2024-09-04T20:52:29.385+0000] {logging_mixin.py:190} INFO - [2024-09-04T20:52:29.384+0000] {override.py:1858} INFO - Created Permission View: can edit on DAG:dataset_with_extra_by_context
[2024-09-04T20:52:29.399+0000] {logging_mixin.py:190} INFO - [2024-09-04T20:52:29.398+0000] {override.py:1858} INFO - Created Permission View: can read on DAG:dataset_with_extra_by_context
[2024-09-04T20:52:29.401+0000] {logging_mixin.py:190} INFO - [2024-09-04T20:52:29.400+0000] {dag.py:3211} INFO - Sync 3 DAGs
[2024-09-04T20:52:29.551+0000] {logging_mixin.py:190} INFO - [2024-09-04T20:52:29.550+0000] {dag.py:3234} INFO - Creating ORM DAG for dataset_with_extra_by_yield
[2024-09-04T20:52:29.555+0000] {logging_mixin.py:190} INFO - [2024-09-04T20:52:29.555+0000] {dag.py:3234} INFO - Creating ORM DAG for dataset_with_extra_from_classic_operator
[2024-09-04T20:52:29.558+0000] {logging_mixin.py:190} INFO - [2024-09-04T20:52:29.557+0000] {dag.py:3234} INFO - Creating ORM DAG for dataset_with_extra_by_context
[2024-09-04T20:52:29.703+0000] {logging_mixin.py:190} INFO - [2024-09-04T20:52:29.702+0000] {dag.py:4138} INFO - Setting next_dagrun for dataset_with_extra_by_context to 2024-09-03 00:00:00+00:00, run_after=2024-09-04 00:00:00+00:00
[2024-09-04T20:52:29.709+0000] {logging_mixin.py:190} INFO - [2024-09-04T20:52:29.709+0000] {dag.py:4138} INFO - Setting next_dagrun for dataset_with_extra_by_yield to 2024-09-03 00:00:00+00:00, run_after=2024-09-04 00:00:00+00:00
[2024-09-04T20:52:29.713+0000] {logging_mixin.py:190} INFO - [2024-09-04T20:52:29.712+0000] {dag.py:4138} INFO - Setting next_dagrun for dataset_with_extra_from_classic_operator to 2024-09-03 00:00:00+00:00, run_after=2024-09-04 00:00:00+00:00
[2024-09-04T20:52:29.877+0000] {processor.py:208} INFO - Processing /home/airflow/.local/lib/python3.12/site-packages/airflow/example_dags/example_outlet_event_extra.py took 3.141 seconds
[2024-09-04T21:00:11.623+0000] {processor.py:186} INFO - Started process (PID=72) to work on /home/airflow/.local/lib/python3.12/site-packages/airflow/example_dags/example_outlet_event_extra.py
[2024-09-04T21:00:11.633+0000] {processor.py:914} INFO - Processing file /home/airflow/.local/lib/python3.12/site-packages/airflow/example_dags/example_outlet_event_extra.py for tasks to queue
[2024-09-04T21:00:11.683+0000] {logging_mixin.py:190} INFO - [2024-09-04T21:00:11.664+0000] {dagbag.py:587} INFO - Filling up the DagBag from /home/airflow/.local/lib/python3.12/site-packages/airflow/example_dags/example_outlet_event_extra.py
[2024-09-04T21:00:13.497+0000] {processor.py:925} INFO - DAG(s) 'dataset_with_extra_by_yield', 'dataset_with_extra_by_context', 'dataset_with_extra_from_classic_operator' retrieved from /home/airflow/.local/lib/python3.12/site-packages/airflow/example_dags/example_outlet_event_extra.py
[2024-09-04T21:00:13.592+0000] {logging_mixin.py:190} INFO - [2024-09-04T21:00:13.592+0000] {dag.py:3211} INFO - Sync 3 DAGs
[2024-09-04T21:00:13.687+0000] {logging_mixin.py:190} INFO - [2024-09-04T21:00:13.685+0000] {dag.py:4138} INFO - Setting next_dagrun for dataset_with_extra_by_context to 2024-09-03 00:00:00+00:00, run_after=2024-09-04 00:00:00+00:00
[2024-09-04T21:00:13.705+0000] {logging_mixin.py:190} INFO - [2024-09-04T21:00:13.704+0000] {dag.py:4138} INFO - Setting next_dagrun for dataset_with_extra_by_yield to 2024-09-03 00:00:00+00:00, run_after=2024-09-04 00:00:00+00:00
[2024-09-04T21:00:13.709+0000] {logging_mixin.py:190} INFO - [2024-09-04T21:00:13.708+0000] {dag.py:4138} INFO - Setting next_dagrun for dataset_with_extra_from_classic_operator to 2024-09-03 00:00:00+00:00, run_after=2024-09-04 00:00:00+00:00
[2024-09-04T21:00:13.763+0000] {processor.py:208} INFO - Processing /home/airflow/.local/lib/python3.12/site-packages/airflow/example_dags/example_outlet_event_extra.py took 2.202 seconds
[2024-09-04T21:00:43.872+0000] {processor.py:186} INFO - Started process (PID=134) to work on /home/airflow/.local/lib/python3.12/site-packages/airflow/example_dags/example_outlet_event_extra.py
[2024-09-04T21:00:43.873+0000] {processor.py:914} INFO - Processing file /home/airflow/.local/lib/python3.12/site-packages/airflow/example_dags/example_outlet_event_extra.py for tasks to queue
[2024-09-04T21:00:43.877+0000] {logging_mixin.py:190} INFO - [2024-09-04T21:00:43.876+0000] {dagbag.py:587} INFO - Filling up the DagBag from /home/airflow/.local/lib/python3.12/site-packages/airflow/example_dags/example_outlet_event_extra.py
[2024-09-04T21:00:44.034+0000] {processor.py:925} INFO - DAG(s) 'dataset_with_extra_from_classic_operator', 'dataset_with_extra_by_context', 'dataset_with_extra_by_yield' retrieved from /home/airflow/.local/lib/python3.12/site-packages/airflow/example_dags/example_outlet_event_extra.py
[2024-09-04T21:00:44.067+0000] {logging_mixin.py:190} INFO - [2024-09-04T21:00:44.066+0000] {dag.py:3211} INFO - Sync 3 DAGs
[2024-09-04T21:00:44.107+0000] {logging_mixin.py:190} INFO - [2024-09-04T21:00:44.107+0000] {dag.py:4138} INFO - Setting next_dagrun for dataset_with_extra_by_context to 2024-09-03 00:00:00+00:00, run_after=2024-09-04 00:00:00+00:00
[2024-09-04T21:00:44.113+0000] {logging_mixin.py:190} INFO - [2024-09-04T21:00:44.113+0000] {dag.py:4138} INFO - Setting next_dagrun for dataset_with_extra_by_yield to 2024-09-03 00:00:00+00:00, run_after=2024-09-04 00:00:00+00:00
[2024-09-04T21:00:44.116+0000] {logging_mixin.py:190} INFO - [2024-09-04T21:00:44.116+0000] {dag.py:4138} INFO - Setting next_dagrun for dataset_with_extra_from_classic_operator to 2024-09-03 00:00:00+00:00, run_after=2024-09-04 00:00:00+00:00
[2024-09-04T21:00:44.144+0000] {processor.py:208} INFO - Processing /home/airflow/.local/lib/python3.12/site-packages/airflow/example_dags/example_outlet_event_extra.py took 0.278 seconds
[2024-09-04T21:01:14.731+0000] {processor.py:186} INFO - Started process (PID=196) to work on /home/airflow/.local/lib/python3.12/site-packages/airflow/example_dags/example_outlet_event_extra.py
[2024-09-04T21:01:14.732+0000] {processor.py:914} INFO - Processing file /home/airflow/.local/lib/python3.12/site-packages/airflow/example_dags/example_outlet_event_extra.py for tasks to queue
[2024-09-04T21:01:14.735+0000] {logging_mixin.py:190} INFO - [2024-09-04T21:01:14.734+0000] {dagbag.py:587} INFO - Filling up the DagBag from /home/airflow/.local/lib/python3.12/site-packages/airflow/example_dags/example_outlet_event_extra.py
[2024-09-04T21:01:14.848+0000] {processor.py:925} INFO - DAG(s) 'dataset_with_extra_by_context', 'dataset_with_extra_from_classic_operator', 'dataset_with_extra_by_yield' retrieved from /home/airflow/.local/lib/python3.12/site-packages/airflow/example_dags/example_outlet_event_extra.py
[2024-09-04T21:01:14.871+0000] {logging_mixin.py:190} INFO - [2024-09-04T21:01:14.871+0000] {dag.py:3211} INFO - Sync 3 DAGs
[2024-09-04T21:01:14.892+0000] {logging_mixin.py:190} INFO - [2024-09-04T21:01:14.892+0000] {dag.py:4138} INFO - Setting next_dagrun for dataset_with_extra_by_context to 2024-09-03 00:00:00+00:00, run_after=2024-09-04 00:00:00+00:00
[2024-09-04T21:01:14.898+0000] {logging_mixin.py:190} INFO - [2024-09-04T21:01:14.898+0000] {dag.py:4138} INFO - Setting next_dagrun for dataset_with_extra_by_yield to 2024-09-03 00:00:00+00:00, run_after=2024-09-04 00:00:00+00:00
[2024-09-04T21:01:14.901+0000] {logging_mixin.py:190} INFO - [2024-09-04T21:01:14.901+0000] {dag.py:4138} INFO - Setting next_dagrun for dataset_with_extra_from_classic_operator to 2024-09-03 00:00:00+00:00, run_after=2024-09-04 00:00:00+00:00
[2024-09-04T21:01:14.924+0000] {processor.py:208} INFO - Processing /home/airflow/.local/lib/python3.12/site-packages/airflow/example_dags/example_outlet_event_extra.py took 0.198 seconds
[2024-09-04T21:01:45.170+0000] {processor.py:186} INFO - Started process (PID=258) to work on /home/airflow/.local/lib/python3.12/site-packages/airflow/example_dags/example_outlet_event_extra.py
[2024-09-04T21:01:45.171+0000] {processor.py:914} INFO - Processing file /home/airflow/.local/lib/python3.12/site-packages/airflow/example_dags/example_outlet_event_extra.py for tasks to queue
[2024-09-04T21:01:45.173+0000] {logging_mixin.py:190} INFO - [2024-09-04T21:01:45.173+0000] {dagbag.py:587} INFO - Filling up the DagBag from /home/airflow/.local/lib/python3.12/site-packages/airflow/example_dags/example_outlet_event_extra.py
[2024-09-04T21:01:45.288+0000] {processor.py:925} INFO - DAG(s) 'dataset_with_extra_from_classic_operator', 'dataset_with_extra_by_yield', 'dataset_with_extra_by_context' retrieved from /home/airflow/.local/lib/python3.12/site-packages/airflow/example_dags/example_outlet_event_extra.py
[2024-09-04T21:01:45.309+0000] {logging_mixin.py:190} INFO - [2024-09-04T21:01:45.309+0000] {dag.py:3211} INFO - Sync 3 DAGs
[2024-09-04T21:01:45.326+0000] {logging_mixin.py:190} INFO - [2024-09-04T21:01:45.326+0000] {dag.py:4138} INFO - Setting next_dagrun for dataset_with_extra_by_context to 2024-09-03 00:00:00+00:00, run_after=2024-09-04 00:00:00+00:00
[2024-09-04T21:01:45.330+0000] {logging_mixin.py:190} INFO - [2024-09-04T21:01:45.330+0000] {dag.py:4138} INFO - Setting next_dagrun for dataset_with_extra_by_yield to 2024-09-03 00:00:00+00:00, run_after=2024-09-04 00:00:00+00:00
[2024-09-04T21:01:45.332+0000] {logging_mixin.py:190} INFO - [2024-09-04T21:01:45.332+0000] {dag.py:4138} INFO - Setting next_dagrun for dataset_with_extra_from_classic_operator to 2024-09-03 00:00:00+00:00, run_after=2024-09-04 00:00:00+00:00
[2024-09-04T21:01:45.353+0000] {processor.py:208} INFO - Processing /home/airflow/.local/lib/python3.12/site-packages/airflow/example_dags/example_outlet_event_extra.py took 0.188 seconds
[2024-09-04T21:02:15.890+0000] {processor.py:186} INFO - Started process (PID=321) to work on /home/airflow/.local/lib/python3.12/site-packages/airflow/example_dags/example_outlet_event_extra.py
[2024-09-04T21:02:15.890+0000] {processor.py:914} INFO - Processing file /home/airflow/.local/lib/python3.12/site-packages/airflow/example_dags/example_outlet_event_extra.py for tasks to queue
[2024-09-04T21:02:15.893+0000] {logging_mixin.py:190} INFO - [2024-09-04T21:02:15.892+0000] {dagbag.py:587} INFO - Filling up the DagBag from /home/airflow/.local/lib/python3.12/site-packages/airflow/example_dags/example_outlet_event_extra.py
[2024-09-04T21:02:16.011+0000] {processor.py:925} INFO - DAG(s) 'dataset_with_extra_by_yield', 'dataset_with_extra_by_context', 'dataset_with_extra_from_classic_operator' retrieved from /home/airflow/.local/lib/python3.12/site-packages/airflow/example_dags/example_outlet_event_extra.py
[2024-09-04T21:02:16.035+0000] {logging_mixin.py:190} INFO - [2024-09-04T21:02:16.034+0000] {dag.py:3211} INFO - Sync 3 DAGs
[2024-09-04T21:02:16.061+0000] {logging_mixin.py:190} INFO - [2024-09-04T21:02:16.061+0000] {dag.py:4138} INFO - Setting next_dagrun for dataset_with_extra_by_context to 2024-09-03 00:00:00+00:00, run_after=2024-09-04 00:00:00+00:00
[2024-09-04T21:02:16.065+0000] {logging_mixin.py:190} INFO - [2024-09-04T21:02:16.065+0000] {dag.py:4138} INFO - Setting next_dagrun for dataset_with_extra_by_yield to 2024-09-03 00:00:00+00:00, run_after=2024-09-04 00:00:00+00:00
[2024-09-04T21:02:16.067+0000] {logging_mixin.py:190} INFO - [2024-09-04T21:02:16.067+0000] {dag.py:4138} INFO - Setting next_dagrun for dataset_with_extra_from_classic_operator to 2024-09-03 00:00:00+00:00, run_after=2024-09-04 00:00:00+00:00
[2024-09-04T21:02:16.090+0000] {processor.py:208} INFO - Processing /home/airflow/.local/lib/python3.12/site-packages/airflow/example_dags/example_outlet_event_extra.py took 0.205 seconds
[2024-09-04T21:02:46.718+0000] {processor.py:186} INFO - Started process (PID=383) to work on /home/airflow/.local/lib/python3.12/site-packages/airflow/example_dags/example_outlet_event_extra.py
[2024-09-04T21:02:46.719+0000] {processor.py:914} INFO - Processing file /home/airflow/.local/lib/python3.12/site-packages/airflow/example_dags/example_outlet_event_extra.py for tasks to queue
[2024-09-04T21:02:46.721+0000] {logging_mixin.py:190} INFO - [2024-09-04T21:02:46.721+0000] {dagbag.py:587} INFO - Filling up the DagBag from /home/airflow/.local/lib/python3.12/site-packages/airflow/example_dags/example_outlet_event_extra.py
[2024-09-04T21:02:46.842+0000] {processor.py:925} INFO - DAG(s) 'dataset_with_extra_by_yield', 'dataset_with_extra_from_classic_operator', 'dataset_with_extra_by_context' retrieved from /home/airflow/.local/lib/python3.12/site-packages/airflow/example_dags/example_outlet_event_extra.py
[2024-09-04T21:02:46.864+0000] {logging_mixin.py:190} INFO - [2024-09-04T21:02:46.864+0000] {dag.py:3211} INFO - Sync 3 DAGs
[2024-09-04T21:02:46.883+0000] {logging_mixin.py:190} INFO - [2024-09-04T21:02:46.883+0000] {dag.py:4138} INFO - Setting next_dagrun for dataset_with_extra_by_context to 2024-09-03 00:00:00+00:00, run_after=2024-09-04 00:00:00+00:00
[2024-09-04T21:02:46.888+0000] {logging_mixin.py:190} INFO - [2024-09-04T21:02:46.887+0000] {dag.py:4138} INFO - Setting next_dagrun for dataset_with_extra_by_yield to 2024-09-03 00:00:00+00:00, run_after=2024-09-04 00:00:00+00:00
[2024-09-04T21:02:46.890+0000] {logging_mixin.py:190} INFO - [2024-09-04T21:02:46.890+0000] {dag.py:4138} INFO - Setting next_dagrun for dataset_with_extra_from_classic_operator to 2024-09-03 00:00:00+00:00, run_after=2024-09-04 00:00:00+00:00
[2024-09-04T21:02:46.914+0000] {processor.py:208} INFO - Processing /home/airflow/.local/lib/python3.12/site-packages/airflow/example_dags/example_outlet_event_extra.py took 0.202 seconds
[2024-09-04T21:03:17.339+0000] {processor.py:186} INFO - Started process (PID=445) to work on /home/airflow/.local/lib/python3.12/site-packages/airflow/example_dags/example_outlet_event_extra.py
[2024-09-04T21:03:17.340+0000] {processor.py:914} INFO - Processing file /home/airflow/.local/lib/python3.12/site-packages/airflow/example_dags/example_outlet_event_extra.py for tasks to queue
[2024-09-04T21:03:17.343+0000] {logging_mixin.py:190} INFO - [2024-09-04T21:03:17.342+0000] {dagbag.py:587} INFO - Filling up the DagBag from /home/airflow/.local/lib/python3.12/site-packages/airflow/example_dags/example_outlet_event_extra.py
[2024-09-04T21:03:17.478+0000] {processor.py:925} INFO - DAG(s) 'dataset_with_extra_by_yield', 'dataset_with_extra_from_classic_operator', 'dataset_with_extra_by_context' retrieved from /home/airflow/.local/lib/python3.12/site-packages/airflow/example_dags/example_outlet_event_extra.py
[2024-09-04T21:03:17.512+0000] {logging_mixin.py:190} INFO - [2024-09-04T21:03:17.512+0000] {dag.py:3211} INFO - Sync 3 DAGs
[2024-09-04T21:03:17.541+0000] {logging_mixin.py:190} INFO - [2024-09-04T21:03:17.541+0000] {dag.py:4138} INFO - Setting next_dagrun for dataset_with_extra_by_context to 2024-09-03 00:00:00+00:00, run_after=2024-09-04 00:00:00+00:00
[2024-09-04T21:03:17.546+0000] {logging_mixin.py:190} INFO - [2024-09-04T21:03:17.545+0000] {dag.py:4138} INFO - Setting next_dagrun for dataset_with_extra_by_yield to 2024-09-03 00:00:00+00:00, run_after=2024-09-04 00:00:00+00:00
[2024-09-04T21:03:17.548+0000] {logging_mixin.py:190} INFO - [2024-09-04T21:03:17.548+0000] {dag.py:4138} INFO - Setting next_dagrun for dataset_with_extra_from_classic_operator to 2024-09-03 00:00:00+00:00, run_after=2024-09-04 00:00:00+00:00
[2024-09-04T21:03:17.575+0000] {processor.py:208} INFO - Processing /home/airflow/.local/lib/python3.12/site-packages/airflow/example_dags/example_outlet_event_extra.py took 0.242 seconds
[2024-09-04T21:03:48.076+0000] {processor.py:186} INFO - Started process (PID=507) to work on /home/airflow/.local/lib/python3.12/site-packages/airflow/example_dags/example_outlet_event_extra.py
[2024-09-04T21:03:48.078+0000] {processor.py:914} INFO - Processing file /home/airflow/.local/lib/python3.12/site-packages/airflow/example_dags/example_outlet_event_extra.py for tasks to queue
[2024-09-04T21:03:48.080+0000] {logging_mixin.py:190} INFO - [2024-09-04T21:03:48.080+0000] {dagbag.py:587} INFO - Filling up the DagBag from /home/airflow/.local/lib/python3.12/site-packages/airflow/example_dags/example_outlet_event_extra.py
[2024-09-04T21:03:48.199+0000] {processor.py:925} INFO - DAG(s) 'dataset_with_extra_from_classic_operator', 'dataset_with_extra_by_context', 'dataset_with_extra_by_yield' retrieved from /home/airflow/.local/lib/python3.12/site-packages/airflow/example_dags/example_outlet_event_extra.py
[2024-09-04T21:03:48.224+0000] {logging_mixin.py:190} INFO - [2024-09-04T21:03:48.223+0000] {dag.py:3211} INFO - Sync 3 DAGs
[2024-09-04T21:03:48.247+0000] {logging_mixin.py:190} INFO - [2024-09-04T21:03:48.247+0000] {dag.py:4138} INFO - Setting next_dagrun for dataset_with_extra_by_context to 2024-09-03 00:00:00+00:00, run_after=2024-09-04 00:00:00+00:00
[2024-09-04T21:03:48.253+0000] {logging_mixin.py:190} INFO - [2024-09-04T21:03:48.252+0000] {dag.py:4138} INFO - Setting next_dagrun for dataset_with_extra_by_yield to 2024-09-03 00:00:00+00:00, run_after=2024-09-04 00:00:00+00:00
[2024-09-04T21:03:48.257+0000] {logging_mixin.py:190} INFO - [2024-09-04T21:03:48.257+0000] {dag.py:4138} INFO - Setting next_dagrun for dataset_with_extra_from_classic_operator to 2024-09-03 00:00:00+00:00, run_after=2024-09-04 00:00:00+00:00
[2024-09-04T21:03:48.288+0000] {processor.py:208} INFO - Processing /home/airflow/.local/lib/python3.12/site-packages/airflow/example_dags/example_outlet_event_extra.py took 0.218 seconds
[2024-09-04T21:04:18.890+0000] {processor.py:186} INFO - Started process (PID=569) to work on /home/airflow/.local/lib/python3.12/site-packages/airflow/example_dags/example_outlet_event_extra.py
[2024-09-04T21:04:18.893+0000] {processor.py:914} INFO - Processing file /home/airflow/.local/lib/python3.12/site-packages/airflow/example_dags/example_outlet_event_extra.py for tasks to queue
[2024-09-04T21:04:18.898+0000] {logging_mixin.py:190} INFO - [2024-09-04T21:04:18.897+0000] {dagbag.py:587} INFO - Filling up the DagBag from /home/airflow/.local/lib/python3.12/site-packages/airflow/example_dags/example_outlet_event_extra.py
[2024-09-04T21:04:19.131+0000] {processor.py:925} INFO - DAG(s) 'dataset_with_extra_by_yield', 'dataset_with_extra_by_context', 'dataset_with_extra_from_classic_operator' retrieved from /home/airflow/.local/lib/python3.12/site-packages/airflow/example_dags/example_outlet_event_extra.py
[2024-09-04T21:04:19.168+0000] {logging_mixin.py:190} INFO - [2024-09-04T21:04:19.167+0000] {dag.py:3211} INFO - Sync 3 DAGs
[2024-09-04T21:04:19.202+0000] {logging_mixin.py:190} INFO - [2024-09-04T21:04:19.202+0000] {dag.py:4138} INFO - Setting next_dagrun for dataset_with_extra_by_context to 2024-09-03 00:00:00+00:00, run_after=2024-09-04 00:00:00+00:00
[2024-09-04T21:04:19.210+0000] {logging_mixin.py:190} INFO - [2024-09-04T21:04:19.209+0000] {dag.py:4138} INFO - Setting next_dagrun for dataset_with_extra_by_yield to 2024-09-03 00:00:00+00:00, run_after=2024-09-04 00:00:00+00:00
[2024-09-04T21:04:19.213+0000] {logging_mixin.py:190} INFO - [2024-09-04T21:04:19.213+0000] {dag.py:4138} INFO - Setting next_dagrun for dataset_with_extra_from_classic_operator to 2024-09-03 00:00:00+00:00, run_after=2024-09-04 00:00:00+00:00
[2024-09-04T21:04:19.243+0000] {processor.py:208} INFO - Processing /home/airflow/.local/lib/python3.12/site-packages/airflow/example_dags/example_outlet_event_extra.py took 0.367 seconds
[2024-09-04T21:04:49.878+0000] {processor.py:186} INFO - Started process (PID=631) to work on /home/airflow/.local/lib/python3.12/site-packages/airflow/example_dags/example_outlet_event_extra.py
[2024-09-04T21:04:49.880+0000] {processor.py:914} INFO - Processing file /home/airflow/.local/lib/python3.12/site-packages/airflow/example_dags/example_outlet_event_extra.py for tasks to queue
[2024-09-04T21:04:49.882+0000] {logging_mixin.py:190} INFO - [2024-09-04T21:04:49.882+0000] {dagbag.py:587} INFO - Filling up the DagBag from /home/airflow/.local/lib/python3.12/site-packages/airflow/example_dags/example_outlet_event_extra.py
[2024-09-04T21:04:50.063+0000] {processor.py:925} INFO - DAG(s) 'dataset_with_extra_from_classic_operator', 'dataset_with_extra_by_yield', 'dataset_with_extra_by_context' retrieved from /home/airflow/.local/lib/python3.12/site-packages/airflow/example_dags/example_outlet_event_extra.py
[2024-09-04T21:04:50.098+0000] {logging_mixin.py:190} INFO - [2024-09-04T21:04:50.098+0000] {dag.py:3211} INFO - Sync 3 DAGs
[2024-09-04T21:04:50.135+0000] {logging_mixin.py:190} INFO - [2024-09-04T21:04:50.135+0000] {dag.py:4138} INFO - Setting next_dagrun for dataset_with_extra_by_context to 2024-09-03 00:00:00+00:00, run_after=2024-09-04 00:00:00+00:00
[2024-09-04T21:04:50.143+0000] {logging_mixin.py:190} INFO - [2024-09-04T21:04:50.143+0000] {dag.py:4138} INFO - Setting next_dagrun for dataset_with_extra_by_yield to 2024-09-03 00:00:00+00:00, run_after=2024-09-04 00:00:00+00:00
[2024-09-04T21:04:50.148+0000] {logging_mixin.py:190} INFO - [2024-09-04T21:04:50.147+0000] {dag.py:4138} INFO - Setting next_dagrun for dataset_with_extra_from_classic_operator to 2024-09-03 00:00:00+00:00, run_after=2024-09-04 00:00:00+00:00
[2024-09-04T21:04:50.178+0000] {processor.py:208} INFO - Processing /home/airflow/.local/lib/python3.12/site-packages/airflow/example_dags/example_outlet_event_extra.py took 0.306 seconds
[2024-09-04T21:05:20.497+0000] {processor.py:186} INFO - Started process (PID=693) to work on /home/airflow/.local/lib/python3.12/site-packages/airflow/example_dags/example_outlet_event_extra.py
[2024-09-04T21:05:20.499+0000] {processor.py:914} INFO - Processing file /home/airflow/.local/lib/python3.12/site-packages/airflow/example_dags/example_outlet_event_extra.py for tasks to queue
[2024-09-04T21:05:20.501+0000] {logging_mixin.py:190} INFO - [2024-09-04T21:05:20.500+0000] {dagbag.py:587} INFO - Filling up the DagBag from /home/airflow/.local/lib/python3.12/site-packages/airflow/example_dags/example_outlet_event_extra.py
[2024-09-04T21:05:20.613+0000] {processor.py:925} INFO - DAG(s) 'dataset_with_extra_by_context', 'dataset_with_extra_from_classic_operator', 'dataset_with_extra_by_yield' retrieved from /home/airflow/.local/lib/python3.12/site-packages/airflow/example_dags/example_outlet_event_extra.py
[2024-09-04T21:05:20.638+0000] {logging_mixin.py:190} INFO - [2024-09-04T21:05:20.637+0000] {dag.py:3211} INFO - Sync 3 DAGs
[2024-09-04T21:05:20.658+0000] {logging_mixin.py:190} INFO - [2024-09-04T21:05:20.657+0000] {dag.py:4138} INFO - Setting next_dagrun for dataset_with_extra_by_context to 2024-09-03 00:00:00+00:00, run_after=2024-09-04 00:00:00+00:00
[2024-09-04T21:05:20.662+0000] {logging_mixin.py:190} INFO - [2024-09-04T21:05:20.662+0000] {dag.py:4138} INFO - Setting next_dagrun for dataset_with_extra_by_yield to 2024-09-03 00:00:00+00:00, run_after=2024-09-04 00:00:00+00:00
[2024-09-04T21:05:20.664+0000] {logging_mixin.py:190} INFO - [2024-09-04T21:05:20.664+0000] {dag.py:4138} INFO - Setting next_dagrun for dataset_with_extra_from_classic_operator to 2024-09-03 00:00:00+00:00, run_after=2024-09-04 00:00:00+00:00
[2024-09-04T21:05:20.684+0000] {processor.py:208} INFO - Processing /home/airflow/.local/lib/python3.12/site-packages/airflow/example_dags/example_outlet_event_extra.py took 0.191 seconds
[2024-09-04T21:05:51.363+0000] {processor.py:186} INFO - Started process (PID=755) to work on /home/airflow/.local/lib/python3.12/site-packages/airflow/example_dags/example_outlet_event_extra.py
[2024-09-04T21:05:51.364+0000] {processor.py:914} INFO - Processing file /home/airflow/.local/lib/python3.12/site-packages/airflow/example_dags/example_outlet_event_extra.py for tasks to queue
[2024-09-04T21:05:51.366+0000] {logging_mixin.py:190} INFO - [2024-09-04T21:05:51.366+0000] {dagbag.py:587} INFO - Filling up the DagBag from /home/airflow/.local/lib/python3.12/site-packages/airflow/example_dags/example_outlet_event_extra.py
[2024-09-04T21:05:51.473+0000] {processor.py:925} INFO - DAG(s) 'dataset_with_extra_by_context', 'dataset_with_extra_from_classic_operator', 'dataset_with_extra_by_yield' retrieved from /home/airflow/.local/lib/python3.12/site-packages/airflow/example_dags/example_outlet_event_extra.py
[2024-09-04T21:05:51.498+0000] {logging_mixin.py:190} INFO - [2024-09-04T21:05:51.498+0000] {dag.py:3211} INFO - Sync 3 DAGs
[2024-09-04T21:05:51.516+0000] {logging_mixin.py:190} INFO - [2024-09-04T21:05:51.516+0000] {dag.py:4138} INFO - Setting next_dagrun for dataset_with_extra_by_context to 2024-09-03 00:00:00+00:00, run_after=2024-09-04 00:00:00+00:00
[2024-09-04T21:05:51.521+0000] {logging_mixin.py:190} INFO - [2024-09-04T21:05:51.521+0000] {dag.py:4138} INFO - Setting next_dagrun for dataset_with_extra_by_yield to 2024-09-03 00:00:00+00:00, run_after=2024-09-04 00:00:00+00:00
[2024-09-04T21:05:51.523+0000] {logging_mixin.py:190} INFO - [2024-09-04T21:05:51.523+0000] {dag.py:4138} INFO - Setting next_dagrun for dataset_with_extra_from_classic_operator to 2024-09-03 00:00:00+00:00, run_after=2024-09-04 00:00:00+00:00
[2024-09-04T21:05:51.544+0000] {processor.py:208} INFO - Processing /home/airflow/.local/lib/python3.12/site-packages/airflow/example_dags/example_outlet_event_extra.py took 0.186 seconds
[2024-09-04T21:06:21.962+0000] {processor.py:186} INFO - Started process (PID=817) to work on /home/airflow/.local/lib/python3.12/site-packages/airflow/example_dags/example_outlet_event_extra.py
[2024-09-04T21:06:21.964+0000] {processor.py:914} INFO - Processing file /home/airflow/.local/lib/python3.12/site-packages/airflow/example_dags/example_outlet_event_extra.py for tasks to queue
[2024-09-04T21:06:21.969+0000] {logging_mixin.py:190} INFO - [2024-09-04T21:06:21.969+0000] {dagbag.py:587} INFO - Filling up the DagBag from /home/airflow/.local/lib/python3.12/site-packages/airflow/example_dags/example_outlet_event_extra.py
[2024-09-04T21:06:22.182+0000] {processor.py:925} INFO - DAG(s) 'dataset_with_extra_by_yield', 'dataset_with_extra_by_context', 'dataset_with_extra_from_classic_operator' retrieved from /home/airflow/.local/lib/python3.12/site-packages/airflow/example_dags/example_outlet_event_extra.py
[2024-09-04T21:06:22.220+0000] {logging_mixin.py:190} INFO - [2024-09-04T21:06:22.219+0000] {dag.py:3211} INFO - Sync 3 DAGs
[2024-09-04T21:06:22.266+0000] {logging_mixin.py:190} INFO - [2024-09-04T21:06:22.265+0000] {dag.py:4138} INFO - Setting next_dagrun for dataset_with_extra_by_context to 2024-09-03 00:00:00+00:00, run_after=2024-09-04 00:00:00+00:00
[2024-09-04T21:06:22.274+0000] {logging_mixin.py:190} INFO - [2024-09-04T21:06:22.274+0000] {dag.py:4138} INFO - Setting next_dagrun for dataset_with_extra_by_yield to 2024-09-03 00:00:00+00:00, run_after=2024-09-04 00:00:00+00:00
[2024-09-04T21:06:22.278+0000] {logging_mixin.py:190} INFO - [2024-09-04T21:06:22.277+0000] {dag.py:4138} INFO - Setting next_dagrun for dataset_with_extra_from_classic_operator to 2024-09-03 00:00:00+00:00, run_after=2024-09-04 00:00:00+00:00
[2024-09-04T21:06:22.320+0000] {processor.py:208} INFO - Processing /home/airflow/.local/lib/python3.12/site-packages/airflow/example_dags/example_outlet_event_extra.py took 0.368 seconds
[2024-09-04T21:06:52.821+0000] {processor.py:186} INFO - Started process (PID=878) to work on /home/airflow/.local/lib/python3.12/site-packages/airflow/example_dags/example_outlet_event_extra.py
[2024-09-04T21:06:52.822+0000] {processor.py:914} INFO - Processing file /home/airflow/.local/lib/python3.12/site-packages/airflow/example_dags/example_outlet_event_extra.py for tasks to queue
[2024-09-04T21:06:52.828+0000] {logging_mixin.py:190} INFO - [2024-09-04T21:06:52.827+0000] {dagbag.py:587} INFO - Filling up the DagBag from /home/airflow/.local/lib/python3.12/site-packages/airflow/example_dags/example_outlet_event_extra.py
[2024-09-04T21:06:52.976+0000] {processor.py:925} INFO - DAG(s) 'dataset_with_extra_from_classic_operator', 'dataset_with_extra_by_yield', 'dataset_with_extra_by_context' retrieved from /home/airflow/.local/lib/python3.12/site-packages/airflow/example_dags/example_outlet_event_extra.py
[2024-09-04T21:06:53.001+0000] {logging_mixin.py:190} INFO - [2024-09-04T21:06:53.001+0000] {dag.py:3211} INFO - Sync 3 DAGs
[2024-09-04T21:06:53.025+0000] {logging_mixin.py:190} INFO - [2024-09-04T21:06:53.025+0000] {dag.py:4138} INFO - Setting next_dagrun for dataset_with_extra_by_context to 2024-09-03 00:00:00+00:00, run_after=2024-09-04 00:00:00+00:00
[2024-09-04T21:06:53.030+0000] {logging_mixin.py:190} INFO - [2024-09-04T21:06:53.030+0000] {dag.py:4138} INFO - Setting next_dagrun for dataset_with_extra_by_yield to 2024-09-03 00:00:00+00:00, run_after=2024-09-04 00:00:00+00:00
[2024-09-04T21:06:53.033+0000] {logging_mixin.py:190} INFO - [2024-09-04T21:06:53.032+0000] {dag.py:4138} INFO - Setting next_dagrun for dataset_with_extra_from_classic_operator to 2024-09-03 00:00:00+00:00, run_after=2024-09-04 00:00:00+00:00
[2024-09-04T21:06:53.057+0000] {processor.py:208} INFO - Processing /home/airflow/.local/lib/python3.12/site-packages/airflow/example_dags/example_outlet_event_extra.py took 0.254 seconds
[2024-09-04T21:07:23.936+0000] {processor.py:186} INFO - Started process (PID=940) to work on /home/airflow/.local/lib/python3.12/site-packages/airflow/example_dags/example_outlet_event_extra.py
[2024-09-04T21:07:23.938+0000] {processor.py:914} INFO - Processing file /home/airflow/.local/lib/python3.12/site-packages/airflow/example_dags/example_outlet_event_extra.py for tasks to queue
[2024-09-04T21:07:23.941+0000] {logging_mixin.py:190} INFO - [2024-09-04T21:07:23.940+0000] {dagbag.py:587} INFO - Filling up the DagBag from /home/airflow/.local/lib/python3.12/site-packages/airflow/example_dags/example_outlet_event_extra.py
[2024-09-04T21:07:24.095+0000] {processor.py:925} INFO - DAG(s) 'dataset_with_extra_by_yield', 'dataset_with_extra_by_context', 'dataset_with_extra_from_classic_operator' retrieved from /home/airflow/.local/lib/python3.12/site-packages/airflow/example_dags/example_outlet_event_extra.py
[2024-09-04T21:07:24.139+0000] {logging_mixin.py:190} INFO - [2024-09-04T21:07:24.139+0000] {dag.py:3211} INFO - Sync 3 DAGs
[2024-09-04T21:07:24.178+0000] {logging_mixin.py:190} INFO - [2024-09-04T21:07:24.178+0000] {dag.py:4138} INFO - Setting next_dagrun for dataset_with_extra_by_context to 2024-09-03 00:00:00+00:00, run_after=2024-09-04 00:00:00+00:00
[2024-09-04T21:07:24.187+0000] {logging_mixin.py:190} INFO - [2024-09-04T21:07:24.187+0000] {dag.py:4138} INFO - Setting next_dagrun for dataset_with_extra_by_yield to 2024-09-03 00:00:00+00:00, run_after=2024-09-04 00:00:00+00:00
[2024-09-04T21:07:24.190+0000] {logging_mixin.py:190} INFO - [2024-09-04T21:07:24.190+0000] {dag.py:4138} INFO - Setting next_dagrun for dataset_with_extra_from_classic_operator to 2024-09-03 00:00:00+00:00, run_after=2024-09-04 00:00:00+00:00
[2024-09-04T21:07:24.225+0000] {processor.py:208} INFO - Processing /home/airflow/.local/lib/python3.12/site-packages/airflow/example_dags/example_outlet_event_extra.py took 0.297 seconds
[2024-09-04T21:07:54.330+0000] {processor.py:186} INFO - Started process (PID=1002) to work on /home/airflow/.local/lib/python3.12/site-packages/airflow/example_dags/example_outlet_event_extra.py
[2024-09-04T21:07:54.331+0000] {processor.py:914} INFO - Processing file /home/airflow/.local/lib/python3.12/site-packages/airflow/example_dags/example_outlet_event_extra.py for tasks to queue
[2024-09-04T21:07:54.335+0000] {logging_mixin.py:190} INFO - [2024-09-04T21:07:54.335+0000] {dagbag.py:587} INFO - Filling up the DagBag from /home/airflow/.local/lib/python3.12/site-packages/airflow/example_dags/example_outlet_event_extra.py
[2024-09-04T21:07:54.519+0000] {processor.py:925} INFO - DAG(s) 'dataset_with_extra_by_yield', 'dataset_with_extra_from_classic_operator', 'dataset_with_extra_by_context' retrieved from /home/airflow/.local/lib/python3.12/site-packages/airflow/example_dags/example_outlet_event_extra.py
[2024-09-04T21:07:54.553+0000] {logging_mixin.py:190} INFO - [2024-09-04T21:07:54.552+0000] {dag.py:3211} INFO - Sync 3 DAGs
[2024-09-04T21:07:54.584+0000] {logging_mixin.py:190} INFO - [2024-09-04T21:07:54.583+0000] {dag.py:4138} INFO - Setting next_dagrun for dataset_with_extra_by_context to 2024-09-03 00:00:00+00:00, run_after=2024-09-04 00:00:00+00:00
[2024-09-04T21:07:54.597+0000] {logging_mixin.py:190} INFO - [2024-09-04T21:07:54.597+0000] {dag.py:4138} INFO - Setting next_dagrun for dataset_with_extra_by_yield to 2024-09-03 00:00:00+00:00, run_after=2024-09-04 00:00:00+00:00
[2024-09-04T21:07:54.600+0000] {logging_mixin.py:190} INFO - [2024-09-04T21:07:54.600+0000] {dag.py:4138} INFO - Setting next_dagrun for dataset_with_extra_from_classic_operator to 2024-09-03 00:00:00+00:00, run_after=2024-09-04 00:00:00+00:00
[2024-09-04T21:07:54.629+0000] {processor.py:208} INFO - Processing /home/airflow/.local/lib/python3.12/site-packages/airflow/example_dags/example_outlet_event_extra.py took 0.309 seconds
[2024-09-04T21:08:24.779+0000] {processor.py:186} INFO - Started process (PID=1065) to work on /home/airflow/.local/lib/python3.12/site-packages/airflow/example_dags/example_outlet_event_extra.py
[2024-09-04T21:08:24.784+0000] {processor.py:914} INFO - Processing file /home/airflow/.local/lib/python3.12/site-packages/airflow/example_dags/example_outlet_event_extra.py for tasks to queue
[2024-09-04T21:08:24.787+0000] {logging_mixin.py:190} INFO - [2024-09-04T21:08:24.787+0000] {dagbag.py:587} INFO - Filling up the DagBag from /home/airflow/.local/lib/python3.12/site-packages/airflow/example_dags/example_outlet_event_extra.py
[2024-09-04T21:08:24.920+0000] {processor.py:925} INFO - DAG(s) 'dataset_with_extra_by_yield', 'dataset_with_extra_from_classic_operator', 'dataset_with_extra_by_context' retrieved from /home/airflow/.local/lib/python3.12/site-packages/airflow/example_dags/example_outlet_event_extra.py
[2024-09-04T21:08:24.946+0000] {logging_mixin.py:190} INFO - [2024-09-04T21:08:24.946+0000] {dag.py:3211} INFO - Sync 3 DAGs
[2024-09-04T21:08:24.978+0000] {logging_mixin.py:190} INFO - [2024-09-04T21:08:24.978+0000] {dag.py:4138} INFO - Setting next_dagrun for dataset_with_extra_by_context to 2024-09-03 00:00:00+00:00, run_after=2024-09-04 00:00:00+00:00
[2024-09-04T21:08:24.982+0000] {logging_mixin.py:190} INFO - [2024-09-04T21:08:24.982+0000] {dag.py:4138} INFO - Setting next_dagrun for dataset_with_extra_by_yield to 2024-09-03 00:00:00+00:00, run_after=2024-09-04 00:00:00+00:00
[2024-09-04T21:08:24.985+0000] {logging_mixin.py:190} INFO - [2024-09-04T21:08:24.985+0000] {dag.py:4138} INFO - Setting next_dagrun for dataset_with_extra_from_classic_operator to 2024-09-03 00:00:00+00:00, run_after=2024-09-04 00:00:00+00:00
[2024-09-04T21:08:25.014+0000] {processor.py:208} INFO - Processing /home/airflow/.local/lib/python3.12/site-packages/airflow/example_dags/example_outlet_event_extra.py took 0.241 seconds
[2024-09-04T21:08:55.378+0000] {processor.py:186} INFO - Started process (PID=1133) to work on /home/airflow/.local/lib/python3.12/site-packages/airflow/example_dags/example_outlet_event_extra.py
[2024-09-04T21:08:55.379+0000] {processor.py:914} INFO - Processing file /home/airflow/.local/lib/python3.12/site-packages/airflow/example_dags/example_outlet_event_extra.py for tasks to queue
[2024-09-04T21:08:55.382+0000] {logging_mixin.py:190} INFO - [2024-09-04T21:08:55.382+0000] {dagbag.py:587} INFO - Filling up the DagBag from /home/airflow/.local/lib/python3.12/site-packages/airflow/example_dags/example_outlet_event_extra.py
[2024-09-04T21:08:55.493+0000] {processor.py:925} INFO - DAG(s) 'dataset_with_extra_from_classic_operator', 'dataset_with_extra_by_yield', 'dataset_with_extra_by_context' retrieved from /home/airflow/.local/lib/python3.12/site-packages/airflow/example_dags/example_outlet_event_extra.py
[2024-09-04T21:08:55.515+0000] {logging_mixin.py:190} INFO - [2024-09-04T21:08:55.515+0000] {dag.py:3211} INFO - Sync 3 DAGs
[2024-09-04T21:08:55.533+0000] {logging_mixin.py:190} INFO - [2024-09-04T21:08:55.533+0000] {dag.py:4138} INFO - Setting next_dagrun for dataset_with_extra_by_context to 2024-09-03 00:00:00+00:00, run_after=2024-09-04 00:00:00+00:00
[2024-09-04T21:08:55.537+0000] {logging_mixin.py:190} INFO - [2024-09-04T21:08:55.537+0000] {dag.py:4138} INFO - Setting next_dagrun for dataset_with_extra_by_yield to 2024-09-03 00:00:00+00:00, run_after=2024-09-04 00:00:00+00:00
[2024-09-04T21:08:55.539+0000] {logging_mixin.py:190} INFO - [2024-09-04T21:08:55.539+0000] {dag.py:4138} INFO - Setting next_dagrun for dataset_with_extra_from_classic_operator to 2024-09-03 00:00:00+00:00, run_after=2024-09-04 00:00:00+00:00
[2024-09-04T21:08:55.559+0000] {processor.py:208} INFO - Processing /home/airflow/.local/lib/python3.12/site-packages/airflow/example_dags/example_outlet_event_extra.py took 0.187 seconds
[2024-09-04T21:09:25.724+0000] {processor.py:186} INFO - Started process (PID=1195) to work on /home/airflow/.local/lib/python3.12/site-packages/airflow/example_dags/example_outlet_event_extra.py
[2024-09-04T21:09:25.725+0000] {processor.py:914} INFO - Processing file /home/airflow/.local/lib/python3.12/site-packages/airflow/example_dags/example_outlet_event_extra.py for tasks to queue
[2024-09-04T21:09:25.728+0000] {logging_mixin.py:190} INFO - [2024-09-04T21:09:25.727+0000] {dagbag.py:587} INFO - Filling up the DagBag from /home/airflow/.local/lib/python3.12/site-packages/airflow/example_dags/example_outlet_event_extra.py
[2024-09-04T21:09:25.835+0000] {processor.py:925} INFO - DAG(s) 'dataset_with_extra_by_yield', 'dataset_with_extra_by_context', 'dataset_with_extra_from_classic_operator' retrieved from /home/airflow/.local/lib/python3.12/site-packages/airflow/example_dags/example_outlet_event_extra.py
[2024-09-04T21:09:25.859+0000] {logging_mixin.py:190} INFO - [2024-09-04T21:09:25.859+0000] {dag.py:3211} INFO - Sync 3 DAGs
[2024-09-04T21:09:25.878+0000] {logging_mixin.py:190} INFO - [2024-09-04T21:09:25.878+0000] {dag.py:4138} INFO - Setting next_dagrun for dataset_with_extra_by_context to 2024-09-03 00:00:00+00:00, run_after=2024-09-04 00:00:00+00:00
[2024-09-04T21:09:25.882+0000] {logging_mixin.py:190} INFO - [2024-09-04T21:09:25.882+0000] {dag.py:4138} INFO - Setting next_dagrun for dataset_with_extra_by_yield to 2024-09-03 00:00:00+00:00, run_after=2024-09-04 00:00:00+00:00
[2024-09-04T21:09:25.885+0000] {logging_mixin.py:190} INFO - [2024-09-04T21:09:25.885+0000] {dag.py:4138} INFO - Setting next_dagrun for dataset_with_extra_from_classic_operator to 2024-09-03 00:00:00+00:00, run_after=2024-09-04 00:00:00+00:00
[2024-09-04T21:09:25.906+0000] {processor.py:208} INFO - Processing /home/airflow/.local/lib/python3.12/site-packages/airflow/example_dags/example_outlet_event_extra.py took 0.187 seconds
[2024-09-04T21:09:56.182+0000] {processor.py:186} INFO - Started process (PID=1257) to work on /home/airflow/.local/lib/python3.12/site-packages/airflow/example_dags/example_outlet_event_extra.py
[2024-09-04T21:09:56.183+0000] {processor.py:914} INFO - Processing file /home/airflow/.local/lib/python3.12/site-packages/airflow/example_dags/example_outlet_event_extra.py for tasks to queue
[2024-09-04T21:09:56.185+0000] {logging_mixin.py:190} INFO - [2024-09-04T21:09:56.185+0000] {dagbag.py:587} INFO - Filling up the DagBag from /home/airflow/.local/lib/python3.12/site-packages/airflow/example_dags/example_outlet_event_extra.py
[2024-09-04T21:09:56.290+0000] {processor.py:925} INFO - DAG(s) 'dataset_with_extra_from_classic_operator', 'dataset_with_extra_by_yield', 'dataset_with_extra_by_context' retrieved from /home/airflow/.local/lib/python3.12/site-packages/airflow/example_dags/example_outlet_event_extra.py
[2024-09-04T21:09:56.313+0000] {logging_mixin.py:190} INFO - [2024-09-04T21:09:56.313+0000] {dag.py:3211} INFO - Sync 3 DAGs
[2024-09-04T21:09:56.331+0000] {logging_mixin.py:190} INFO - [2024-09-04T21:09:56.331+0000] {dag.py:4138} INFO - Setting next_dagrun for dataset_with_extra_by_context to 2024-09-03 00:00:00+00:00, run_after=2024-09-04 00:00:00+00:00
[2024-09-04T21:09:56.335+0000] {logging_mixin.py:190} INFO - [2024-09-04T21:09:56.335+0000] {dag.py:4138} INFO - Setting next_dagrun for dataset_with_extra_by_yield to 2024-09-03 00:00:00+00:00, run_after=2024-09-04 00:00:00+00:00
[2024-09-04T21:09:56.338+0000] {logging_mixin.py:190} INFO - [2024-09-04T21:09:56.338+0000] {dag.py:4138} INFO - Setting next_dagrun for dataset_with_extra_from_classic_operator to 2024-09-03 00:00:00+00:00, run_after=2024-09-04 00:00:00+00:00
[2024-09-04T21:09:56.357+0000] {processor.py:208} INFO - Processing /home/airflow/.local/lib/python3.12/site-packages/airflow/example_dags/example_outlet_event_extra.py took 0.180 seconds
[2024-09-04T21:10:27.369+0000] {processor.py:186} INFO - Started process (PID=1320) to work on /home/airflow/.local/lib/python3.12/site-packages/airflow/example_dags/example_outlet_event_extra.py
[2024-09-04T21:10:27.370+0000] {processor.py:914} INFO - Processing file /home/airflow/.local/lib/python3.12/site-packages/airflow/example_dags/example_outlet_event_extra.py for tasks to queue
[2024-09-04T21:10:27.373+0000] {logging_mixin.py:190} INFO - [2024-09-04T21:10:27.372+0000] {dagbag.py:587} INFO - Filling up the DagBag from /home/airflow/.local/lib/python3.12/site-packages/airflow/example_dags/example_outlet_event_extra.py
[2024-09-04T21:10:27.539+0000] {processor.py:925} INFO - DAG(s) 'dataset_with_extra_from_classic_operator', 'dataset_with_extra_by_yield', 'dataset_with_extra_by_context' retrieved from /home/airflow/.local/lib/python3.12/site-packages/airflow/example_dags/example_outlet_event_extra.py
[2024-09-04T21:10:27.587+0000] {logging_mixin.py:190} INFO - [2024-09-04T21:10:27.587+0000] {dag.py:3211} INFO - Sync 3 DAGs
[2024-09-04T21:10:27.610+0000] {logging_mixin.py:190} INFO - [2024-09-04T21:10:27.610+0000] {dag.py:4138} INFO - Setting next_dagrun for dataset_with_extra_by_context to 2024-09-03 00:00:00+00:00, run_after=2024-09-04 00:00:00+00:00
[2024-09-04T21:10:27.615+0000] {logging_mixin.py:190} INFO - [2024-09-04T21:10:27.615+0000] {dag.py:4138} INFO - Setting next_dagrun for dataset_with_extra_by_yield to 2024-09-03 00:00:00+00:00, run_after=2024-09-04 00:00:00+00:00
[2024-09-04T21:10:27.617+0000] {logging_mixin.py:190} INFO - [2024-09-04T21:10:27.617+0000] {dag.py:4138} INFO - Setting next_dagrun for dataset_with_extra_from_classic_operator to 2024-09-03 00:00:00+00:00, run_after=2024-09-04 00:00:00+00:00
[2024-09-04T21:10:27.643+0000] {processor.py:208} INFO - Processing /home/airflow/.local/lib/python3.12/site-packages/airflow/example_dags/example_outlet_event_extra.py took 0.279 seconds
[2024-09-04T21:10:57.892+0000] {processor.py:186} INFO - Started process (PID=1383) to work on /home/airflow/.local/lib/python3.12/site-packages/airflow/example_dags/example_outlet_event_extra.py
[2024-09-04T21:10:57.894+0000] {processor.py:914} INFO - Processing file /home/airflow/.local/lib/python3.12/site-packages/airflow/example_dags/example_outlet_event_extra.py for tasks to queue
[2024-09-04T21:10:57.898+0000] {logging_mixin.py:190} INFO - [2024-09-04T21:10:57.898+0000] {dagbag.py:587} INFO - Filling up the DagBag from /home/airflow/.local/lib/python3.12/site-packages/airflow/example_dags/example_outlet_event_extra.py
[2024-09-04T21:10:58.207+0000] {processor.py:925} INFO - DAG(s) 'dataset_with_extra_by_context', 'dataset_with_extra_from_classic_operator', 'dataset_with_extra_by_yield' retrieved from /home/airflow/.local/lib/python3.12/site-packages/airflow/example_dags/example_outlet_event_extra.py
[2024-09-04T21:10:58.246+0000] {logging_mixin.py:190} INFO - [2024-09-04T21:10:58.245+0000] {dag.py:3211} INFO - Sync 3 DAGs
[2024-09-04T21:10:58.292+0000] {logging_mixin.py:190} INFO - [2024-09-04T21:10:58.292+0000] {dag.py:4138} INFO - Setting next_dagrun for dataset_with_extra_by_context to 2024-09-03 00:00:00+00:00, run_after=2024-09-04 00:00:00+00:00
[2024-09-04T21:10:58.298+0000] {logging_mixin.py:190} INFO - [2024-09-04T21:10:58.297+0000] {dag.py:4138} INFO - Setting next_dagrun for dataset_with_extra_by_yield to 2024-09-03 00:00:00+00:00, run_after=2024-09-04 00:00:00+00:00
[2024-09-04T21:10:58.301+0000] {logging_mixin.py:190} INFO - [2024-09-04T21:10:58.301+0000] {dag.py:4138} INFO - Setting next_dagrun for dataset_with_extra_from_classic_operator to 2024-09-03 00:00:00+00:00, run_after=2024-09-04 00:00:00+00:00
[2024-09-04T21:10:58.323+0000] {processor.py:208} INFO - Processing /home/airflow/.local/lib/python3.12/site-packages/airflow/example_dags/example_outlet_event_extra.py took 0.440 seconds
[2024-09-04T21:11:29.046+0000] {processor.py:186} INFO - Started process (PID=1446) to work on /home/airflow/.local/lib/python3.12/site-packages/airflow/example_dags/example_outlet_event_extra.py
[2024-09-04T21:11:29.047+0000] {processor.py:914} INFO - Processing file /home/airflow/.local/lib/python3.12/site-packages/airflow/example_dags/example_outlet_event_extra.py for tasks to queue
[2024-09-04T21:11:29.049+0000] {logging_mixin.py:190} INFO - [2024-09-04T21:11:29.049+0000] {dagbag.py:587} INFO - Filling up the DagBag from /home/airflow/.local/lib/python3.12/site-packages/airflow/example_dags/example_outlet_event_extra.py
[2024-09-04T21:11:29.187+0000] {processor.py:925} INFO - DAG(s) 'dataset_with_extra_by_yield', 'dataset_with_extra_from_classic_operator', 'dataset_with_extra_by_context' retrieved from /home/airflow/.local/lib/python3.12/site-packages/airflow/example_dags/example_outlet_event_extra.py
[2024-09-04T21:11:29.213+0000] {logging_mixin.py:190} INFO - [2024-09-04T21:11:29.213+0000] {dag.py:3211} INFO - Sync 3 DAGs
[2024-09-04T21:11:29.242+0000] {logging_mixin.py:190} INFO - [2024-09-04T21:11:29.242+0000] {dag.py:4138} INFO - Setting next_dagrun for dataset_with_extra_by_context to 2024-09-03 00:00:00+00:00, run_after=2024-09-04 00:00:00+00:00
[2024-09-04T21:11:29.247+0000] {logging_mixin.py:190} INFO - [2024-09-04T21:11:29.247+0000] {dag.py:4138} INFO - Setting next_dagrun for dataset_with_extra_by_yield to 2024-09-03 00:00:00+00:00, run_after=2024-09-04 00:00:00+00:00
[2024-09-04T21:11:29.250+0000] {logging_mixin.py:190} INFO - [2024-09-04T21:11:29.250+0000] {dag.py:4138} INFO - Setting next_dagrun for dataset_with_extra_from_classic_operator to 2024-09-03 00:00:00+00:00, run_after=2024-09-04 00:00:00+00:00
[2024-09-04T21:11:29.280+0000] {processor.py:208} INFO - Processing /home/airflow/.local/lib/python3.12/site-packages/airflow/example_dags/example_outlet_event_extra.py took 0.239 seconds
[2024-09-04T21:11:59.400+0000] {processor.py:186} INFO - Started process (PID=1509) to work on /home/airflow/.local/lib/python3.12/site-packages/airflow/example_dags/example_outlet_event_extra.py
[2024-09-04T21:11:59.401+0000] {processor.py:914} INFO - Processing file /home/airflow/.local/lib/python3.12/site-packages/airflow/example_dags/example_outlet_event_extra.py for tasks to queue
[2024-09-04T21:11:59.404+0000] {logging_mixin.py:190} INFO - [2024-09-04T21:11:59.404+0000] {dagbag.py:587} INFO - Filling up the DagBag from /home/airflow/.local/lib/python3.12/site-packages/airflow/example_dags/example_outlet_event_extra.py
[2024-09-04T21:11:59.526+0000] {processor.py:925} INFO - DAG(s) 'dataset_with_extra_by_yield', 'dataset_with_extra_by_context', 'dataset_with_extra_from_classic_operator' retrieved from /home/airflow/.local/lib/python3.12/site-packages/airflow/example_dags/example_outlet_event_extra.py
[2024-09-04T21:11:59.552+0000] {logging_mixin.py:190} INFO - [2024-09-04T21:11:59.552+0000] {dag.py:3211} INFO - Sync 3 DAGs
[2024-09-04T21:11:59.572+0000] {logging_mixin.py:190} INFO - [2024-09-04T21:11:59.572+0000] {dag.py:4138} INFO - Setting next_dagrun for dataset_with_extra_by_context to 2024-09-03 00:00:00+00:00, run_after=2024-09-04 00:00:00+00:00
[2024-09-04T21:11:59.576+0000] {logging_mixin.py:190} INFO - [2024-09-04T21:11:59.576+0000] {dag.py:4138} INFO - Setting next_dagrun for dataset_with_extra_by_yield to 2024-09-03 00:00:00+00:00, run_after=2024-09-04 00:00:00+00:00
[2024-09-04T21:11:59.579+0000] {logging_mixin.py:190} INFO - [2024-09-04T21:11:59.579+0000] {dag.py:4138} INFO - Setting next_dagrun for dataset_with_extra_from_classic_operator to 2024-09-03 00:00:00+00:00, run_after=2024-09-04 00:00:00+00:00
[2024-09-04T21:11:59.602+0000] {processor.py:208} INFO - Processing /home/airflow/.local/lib/python3.12/site-packages/airflow/example_dags/example_outlet_event_extra.py took 0.207 seconds
[2024-09-04T21:12:30.498+0000] {processor.py:186} INFO - Started process (PID=1573) to work on /home/airflow/.local/lib/python3.12/site-packages/airflow/example_dags/example_outlet_event_extra.py
[2024-09-04T21:12:30.499+0000] {processor.py:914} INFO - Processing file /home/airflow/.local/lib/python3.12/site-packages/airflow/example_dags/example_outlet_event_extra.py for tasks to queue
[2024-09-04T21:12:30.502+0000] {logging_mixin.py:190} INFO - [2024-09-04T21:12:30.502+0000] {dagbag.py:587} INFO - Filling up the DagBag from /home/airflow/.local/lib/python3.12/site-packages/airflow/example_dags/example_outlet_event_extra.py
[2024-09-04T21:12:30.621+0000] {processor.py:925} INFO - DAG(s) 'dataset_with_extra_by_yield', 'dataset_with_extra_from_classic_operator', 'dataset_with_extra_by_context' retrieved from /home/airflow/.local/lib/python3.12/site-packages/airflow/example_dags/example_outlet_event_extra.py
[2024-09-04T21:12:30.646+0000] {logging_mixin.py:190} INFO - [2024-09-04T21:12:30.646+0000] {dag.py:3211} INFO - Sync 3 DAGs
[2024-09-04T21:12:30.665+0000] {logging_mixin.py:190} INFO - [2024-09-04T21:12:30.665+0000] {dag.py:4138} INFO - Setting next_dagrun for dataset_with_extra_by_context to 2024-09-03 00:00:00+00:00, run_after=2024-09-04 00:00:00+00:00
[2024-09-04T21:12:30.670+0000] {logging_mixin.py:190} INFO - [2024-09-04T21:12:30.670+0000] {dag.py:4138} INFO - Setting next_dagrun for dataset_with_extra_by_yield to 2024-09-03 00:00:00+00:00, run_after=2024-09-04 00:00:00+00:00
[2024-09-04T21:12:30.672+0000] {logging_mixin.py:190} INFO - [2024-09-04T21:12:30.672+0000] {dag.py:4138} INFO - Setting next_dagrun for dataset_with_extra_from_classic_operator to 2024-09-03 00:00:00+00:00, run_after=2024-09-04 00:00:00+00:00
[2024-09-04T21:12:30.695+0000] {processor.py:208} INFO - Processing /home/airflow/.local/lib/python3.12/site-packages/airflow/example_dags/example_outlet_event_extra.py took 0.202 seconds
[2024-09-04T21:13:01.127+0000] {processor.py:186} INFO - Started process (PID=1636) to work on /home/airflow/.local/lib/python3.12/site-packages/airflow/example_dags/example_outlet_event_extra.py
[2024-09-04T21:13:01.128+0000] {processor.py:914} INFO - Processing file /home/airflow/.local/lib/python3.12/site-packages/airflow/example_dags/example_outlet_event_extra.py for tasks to queue
[2024-09-04T21:13:01.131+0000] {logging_mixin.py:190} INFO - [2024-09-04T21:13:01.131+0000] {dagbag.py:587} INFO - Filling up the DagBag from /home/airflow/.local/lib/python3.12/site-packages/airflow/example_dags/example_outlet_event_extra.py
[2024-09-04T21:13:01.257+0000] {processor.py:925} INFO - DAG(s) 'dataset_with_extra_by_context', 'dataset_with_extra_from_classic_operator', 'dataset_with_extra_by_yield' retrieved from /home/airflow/.local/lib/python3.12/site-packages/airflow/example_dags/example_outlet_event_extra.py
[2024-09-04T21:13:01.282+0000] {logging_mixin.py:190} INFO - [2024-09-04T21:13:01.282+0000] {dag.py:3211} INFO - Sync 3 DAGs
[2024-09-04T21:13:01.302+0000] {logging_mixin.py:190} INFO - [2024-09-04T21:13:01.302+0000] {dag.py:4138} INFO - Setting next_dagrun for dataset_with_extra_by_context to 2024-09-03 00:00:00+00:00, run_after=2024-09-04 00:00:00+00:00
[2024-09-04T21:13:01.307+0000] {logging_mixin.py:190} INFO - [2024-09-04T21:13:01.307+0000] {dag.py:4138} INFO - Setting next_dagrun for dataset_with_extra_by_yield to 2024-09-03 00:00:00+00:00, run_after=2024-09-04 00:00:00+00:00
[2024-09-04T21:13:01.310+0000] {logging_mixin.py:190} INFO - [2024-09-04T21:13:01.309+0000] {dag.py:4138} INFO - Setting next_dagrun for dataset_with_extra_from_classic_operator to 2024-09-03 00:00:00+00:00, run_after=2024-09-04 00:00:00+00:00
[2024-09-04T21:13:01.331+0000] {processor.py:208} INFO - Processing /home/airflow/.local/lib/python3.12/site-packages/airflow/example_dags/example_outlet_event_extra.py took 0.209 seconds
[2024-09-04T21:13:32.058+0000] {processor.py:186} INFO - Started process (PID=1699) to work on /home/airflow/.local/lib/python3.12/site-packages/airflow/example_dags/example_outlet_event_extra.py
[2024-09-04T21:13:32.059+0000] {processor.py:914} INFO - Processing file /home/airflow/.local/lib/python3.12/site-packages/airflow/example_dags/example_outlet_event_extra.py for tasks to queue
[2024-09-04T21:13:32.062+0000] {logging_mixin.py:190} INFO - [2024-09-04T21:13:32.061+0000] {dagbag.py:587} INFO - Filling up the DagBag from /home/airflow/.local/lib/python3.12/site-packages/airflow/example_dags/example_outlet_event_extra.py
[2024-09-04T21:13:32.176+0000] {processor.py:925} INFO - DAG(s) 'dataset_with_extra_by_yield', 'dataset_with_extra_by_context', 'dataset_with_extra_from_classic_operator' retrieved from /home/airflow/.local/lib/python3.12/site-packages/airflow/example_dags/example_outlet_event_extra.py
[2024-09-04T21:13:32.203+0000] {logging_mixin.py:190} INFO - [2024-09-04T21:13:32.203+0000] {dag.py:3211} INFO - Sync 3 DAGs
[2024-09-04T21:13:32.222+0000] {logging_mixin.py:190} INFO - [2024-09-04T21:13:32.222+0000] {dag.py:4138} INFO - Setting next_dagrun for dataset_with_extra_by_context to 2024-09-03 00:00:00+00:00, run_after=2024-09-04 00:00:00+00:00
[2024-09-04T21:13:32.227+0000] {logging_mixin.py:190} INFO - [2024-09-04T21:13:32.227+0000] {dag.py:4138} INFO - Setting next_dagrun for dataset_with_extra_by_yield to 2024-09-03 00:00:00+00:00, run_after=2024-09-04 00:00:00+00:00
[2024-09-04T21:13:32.230+0000] {logging_mixin.py:190} INFO - [2024-09-04T21:13:32.230+0000] {dag.py:4138} INFO - Setting next_dagrun for dataset_with_extra_from_classic_operator to 2024-09-03 00:00:00+00:00, run_after=2024-09-04 00:00:00+00:00
[2024-09-04T21:13:32.250+0000] {processor.py:208} INFO - Processing /home/airflow/.local/lib/python3.12/site-packages/airflow/example_dags/example_outlet_event_extra.py took 0.197 seconds
[2024-09-04T21:14:02.331+0000] {processor.py:186} INFO - Started process (PID=1762) to work on /home/airflow/.local/lib/python3.12/site-packages/airflow/example_dags/example_outlet_event_extra.py
[2024-09-04T21:14:02.332+0000] {processor.py:914} INFO - Processing file /home/airflow/.local/lib/python3.12/site-packages/airflow/example_dags/example_outlet_event_extra.py for tasks to queue
[2024-09-04T21:14:02.335+0000] {logging_mixin.py:190} INFO - [2024-09-04T21:14:02.335+0000] {dagbag.py:587} INFO - Filling up the DagBag from /home/airflow/.local/lib/python3.12/site-packages/airflow/example_dags/example_outlet_event_extra.py
[2024-09-04T21:14:02.451+0000] {processor.py:925} INFO - DAG(s) 'dataset_with_extra_by_yield', 'dataset_with_extra_from_classic_operator', 'dataset_with_extra_by_context' retrieved from /home/airflow/.local/lib/python3.12/site-packages/airflow/example_dags/example_outlet_event_extra.py
[2024-09-04T21:14:02.478+0000] {logging_mixin.py:190} INFO - [2024-09-04T21:14:02.478+0000] {dag.py:3211} INFO - Sync 3 DAGs
[2024-09-04T21:14:02.500+0000] {logging_mixin.py:190} INFO - [2024-09-04T21:14:02.499+0000] {dag.py:4138} INFO - Setting next_dagrun for dataset_with_extra_by_context to 2024-09-03 00:00:00+00:00, run_after=2024-09-04 00:00:00+00:00
[2024-09-04T21:14:02.505+0000] {logging_mixin.py:190} INFO - [2024-09-04T21:14:02.504+0000] {dag.py:4138} INFO - Setting next_dagrun for dataset_with_extra_by_yield to 2024-09-03 00:00:00+00:00, run_after=2024-09-04 00:00:00+00:00
[2024-09-04T21:14:02.507+0000] {logging_mixin.py:190} INFO - [2024-09-04T21:14:02.507+0000] {dag.py:4138} INFO - Setting next_dagrun for dataset_with_extra_from_classic_operator to 2024-09-03 00:00:00+00:00, run_after=2024-09-04 00:00:00+00:00
[2024-09-04T21:14:02.529+0000] {processor.py:208} INFO - Processing /home/airflow/.local/lib/python3.12/site-packages/airflow/example_dags/example_outlet_event_extra.py took 0.204 seconds
[2024-09-04T21:14:32.959+0000] {processor.py:186} INFO - Started process (PID=1825) to work on /home/airflow/.local/lib/python3.12/site-packages/airflow/example_dags/example_outlet_event_extra.py
[2024-09-04T21:14:32.960+0000] {processor.py:914} INFO - Processing file /home/airflow/.local/lib/python3.12/site-packages/airflow/example_dags/example_outlet_event_extra.py for tasks to queue
[2024-09-04T21:14:32.964+0000] {logging_mixin.py:190} INFO - [2024-09-04T21:14:32.964+0000] {dagbag.py:587} INFO - Filling up the DagBag from /home/airflow/.local/lib/python3.12/site-packages/airflow/example_dags/example_outlet_event_extra.py
[2024-09-04T21:14:33.180+0000] {processor.py:925} INFO - DAG(s) 'dataset_with_extra_by_yield', 'dataset_with_extra_by_context', 'dataset_with_extra_from_classic_operator' retrieved from /home/airflow/.local/lib/python3.12/site-packages/airflow/example_dags/example_outlet_event_extra.py
[2024-09-04T21:14:33.246+0000] {logging_mixin.py:190} INFO - [2024-09-04T21:14:33.245+0000] {dag.py:3211} INFO - Sync 3 DAGs
[2024-09-04T21:14:33.298+0000] {logging_mixin.py:190} INFO - [2024-09-04T21:14:33.298+0000] {dag.py:4138} INFO - Setting next_dagrun for dataset_with_extra_by_context to 2024-09-03 00:00:00+00:00, run_after=2024-09-04 00:00:00+00:00
[2024-09-04T21:14:33.303+0000] {logging_mixin.py:190} INFO - [2024-09-04T21:14:33.303+0000] {dag.py:4138} INFO - Setting next_dagrun for dataset_with_extra_by_yield to 2024-09-03 00:00:00+00:00, run_after=2024-09-04 00:00:00+00:00
[2024-09-04T21:14:33.306+0000] {logging_mixin.py:190} INFO - [2024-09-04T21:14:33.306+0000] {dag.py:4138} INFO - Setting next_dagrun for dataset_with_extra_from_classic_operator to 2024-09-03 00:00:00+00:00, run_after=2024-09-04 00:00:00+00:00
[2024-09-04T21:14:33.325+0000] {processor.py:208} INFO - Processing /home/airflow/.local/lib/python3.12/site-packages/airflow/example_dags/example_outlet_event_extra.py took 0.372 seconds
[2024-09-04T21:15:03.824+0000] {processor.py:186} INFO - Started process (PID=1888) to work on /home/airflow/.local/lib/python3.12/site-packages/airflow/example_dags/example_outlet_event_extra.py
[2024-09-04T21:15:03.836+0000] {processor.py:914} INFO - Processing file /home/airflow/.local/lib/python3.12/site-packages/airflow/example_dags/example_outlet_event_extra.py for tasks to queue
[2024-09-04T21:15:03.874+0000] {logging_mixin.py:190} INFO - [2024-09-04T21:15:03.872+0000] {dagbag.py:587} INFO - Filling up the DagBag from /home/airflow/.local/lib/python3.12/site-packages/airflow/example_dags/example_outlet_event_extra.py
[2024-09-04T21:15:04.736+0000] {processor.py:925} INFO - DAG(s) 'dataset_with_extra_by_yield', 'dataset_with_extra_by_context', 'dataset_with_extra_from_classic_operator' retrieved from /home/airflow/.local/lib/python3.12/site-packages/airflow/example_dags/example_outlet_event_extra.py
[2024-09-04T21:15:04.979+0000] {logging_mixin.py:190} INFO - [2024-09-04T21:15:04.978+0000] {dag.py:3211} INFO - Sync 3 DAGs
[2024-09-04T21:15:05.116+0000] {logging_mixin.py:190} INFO - [2024-09-04T21:15:05.116+0000] {dag.py:4138} INFO - Setting next_dagrun for dataset_with_extra_by_context to 2024-09-03 00:00:00+00:00, run_after=2024-09-04 00:00:00+00:00
[2024-09-04T21:15:05.131+0000] {logging_mixin.py:190} INFO - [2024-09-04T21:15:05.130+0000] {dag.py:4138} INFO - Setting next_dagrun for dataset_with_extra_by_yield to 2024-09-03 00:00:00+00:00, run_after=2024-09-04 00:00:00+00:00
[2024-09-04T21:15:05.138+0000] {logging_mixin.py:190} INFO - [2024-09-04T21:15:05.138+0000] {dag.py:4138} INFO - Setting next_dagrun for dataset_with_extra_from_classic_operator to 2024-09-03 00:00:00+00:00, run_after=2024-09-04 00:00:00+00:00
[2024-09-04T21:15:05.191+0000] {processor.py:208} INFO - Processing /home/airflow/.local/lib/python3.12/site-packages/airflow/example_dags/example_outlet_event_extra.py took 1.452 seconds
[2024-09-04T21:15:36.044+0000] {processor.py:186} INFO - Started process (PID=1951) to work on /home/airflow/.local/lib/python3.12/site-packages/airflow/example_dags/example_outlet_event_extra.py
[2024-09-04T21:15:36.045+0000] {processor.py:914} INFO - Processing file /home/airflow/.local/lib/python3.12/site-packages/airflow/example_dags/example_outlet_event_extra.py for tasks to queue
[2024-09-04T21:15:36.048+0000] {logging_mixin.py:190} INFO - [2024-09-04T21:15:36.048+0000] {dagbag.py:587} INFO - Filling up the DagBag from /home/airflow/.local/lib/python3.12/site-packages/airflow/example_dags/example_outlet_event_extra.py
[2024-09-04T21:15:36.171+0000] {processor.py:925} INFO - DAG(s) 'dataset_with_extra_by_yield', 'dataset_with_extra_from_classic_operator', 'dataset_with_extra_by_context' retrieved from /home/airflow/.local/lib/python3.12/site-packages/airflow/example_dags/example_outlet_event_extra.py
[2024-09-04T21:15:36.213+0000] {logging_mixin.py:190} INFO - [2024-09-04T21:15:36.213+0000] {dag.py:3211} INFO - Sync 3 DAGs
[2024-09-04T21:15:36.256+0000] {logging_mixin.py:190} INFO - [2024-09-04T21:15:36.256+0000] {dag.py:4138} INFO - Setting next_dagrun for dataset_with_extra_by_context to 2024-09-03 00:00:00+00:00, run_after=2024-09-04 00:00:00+00:00
[2024-09-04T21:15:36.262+0000] {logging_mixin.py:190} INFO - [2024-09-04T21:15:36.261+0000] {dag.py:4138} INFO - Setting next_dagrun for dataset_with_extra_by_yield to 2024-09-03 00:00:00+00:00, run_after=2024-09-04 00:00:00+00:00
[2024-09-04T21:15:36.264+0000] {logging_mixin.py:190} INFO - [2024-09-04T21:15:36.264+0000] {dag.py:4138} INFO - Setting next_dagrun for dataset_with_extra_from_classic_operator to 2024-09-03 00:00:00+00:00, run_after=2024-09-04 00:00:00+00:00
[2024-09-04T21:15:36.286+0000] {processor.py:208} INFO - Processing /home/airflow/.local/lib/python3.12/site-packages/airflow/example_dags/example_outlet_event_extra.py took 0.246 seconds
[2024-09-04T21:16:07.306+0000] {processor.py:186} INFO - Started process (PID=2015) to work on /home/airflow/.local/lib/python3.12/site-packages/airflow/example_dags/example_outlet_event_extra.py
[2024-09-04T21:16:07.307+0000] {processor.py:914} INFO - Processing file /home/airflow/.local/lib/python3.12/site-packages/airflow/example_dags/example_outlet_event_extra.py for tasks to queue
[2024-09-04T21:16:07.309+0000] {logging_mixin.py:190} INFO - [2024-09-04T21:16:07.309+0000] {dagbag.py:587} INFO - Filling up the DagBag from /home/airflow/.local/lib/python3.12/site-packages/airflow/example_dags/example_outlet_event_extra.py
[2024-09-04T21:16:07.438+0000] {processor.py:925} INFO - DAG(s) 'dataset_with_extra_by_context', 'dataset_with_extra_from_classic_operator', 'dataset_with_extra_by_yield' retrieved from /home/airflow/.local/lib/python3.12/site-packages/airflow/example_dags/example_outlet_event_extra.py
[2024-09-04T21:16:07.462+0000] {logging_mixin.py:190} INFO - [2024-09-04T21:16:07.461+0000] {dag.py:3211} INFO - Sync 3 DAGs
[2024-09-04T21:16:07.483+0000] {logging_mixin.py:190} INFO - [2024-09-04T21:16:07.483+0000] {dag.py:4138} INFO - Setting next_dagrun for dataset_with_extra_by_context to 2024-09-03 00:00:00+00:00, run_after=2024-09-04 00:00:00+00:00
[2024-09-04T21:16:07.487+0000] {logging_mixin.py:190} INFO - [2024-09-04T21:16:07.487+0000] {dag.py:4138} INFO - Setting next_dagrun for dataset_with_extra_by_yield to 2024-09-03 00:00:00+00:00, run_after=2024-09-04 00:00:00+00:00
[2024-09-04T21:16:07.489+0000] {logging_mixin.py:190} INFO - [2024-09-04T21:16:07.489+0000] {dag.py:4138} INFO - Setting next_dagrun for dataset_with_extra_from_classic_operator to 2024-09-03 00:00:00+00:00, run_after=2024-09-04 00:00:00+00:00
[2024-09-04T21:16:07.512+0000] {processor.py:208} INFO - Processing /home/airflow/.local/lib/python3.12/site-packages/airflow/example_dags/example_outlet_event_extra.py took 0.212 seconds
[2024-09-04T21:16:37.617+0000] {processor.py:186} INFO - Started process (PID=2078) to work on /home/airflow/.local/lib/python3.12/site-packages/airflow/example_dags/example_outlet_event_extra.py
[2024-09-04T21:16:37.619+0000] {processor.py:914} INFO - Processing file /home/airflow/.local/lib/python3.12/site-packages/airflow/example_dags/example_outlet_event_extra.py for tasks to queue
[2024-09-04T21:16:37.622+0000] {logging_mixin.py:190} INFO - [2024-09-04T21:16:37.621+0000] {dagbag.py:587} INFO - Filling up the DagBag from /home/airflow/.local/lib/python3.12/site-packages/airflow/example_dags/example_outlet_event_extra.py
[2024-09-04T21:16:37.745+0000] {processor.py:925} INFO - DAG(s) 'dataset_with_extra_from_classic_operator', 'dataset_with_extra_by_yield', 'dataset_with_extra_by_context' retrieved from /home/airflow/.local/lib/python3.12/site-packages/airflow/example_dags/example_outlet_event_extra.py
[2024-09-04T21:16:37.770+0000] {logging_mixin.py:190} INFO - [2024-09-04T21:16:37.769+0000] {dag.py:3211} INFO - Sync 3 DAGs
[2024-09-04T21:16:37.791+0000] {logging_mixin.py:190} INFO - [2024-09-04T21:16:37.790+0000] {dag.py:4138} INFO - Setting next_dagrun for dataset_with_extra_by_context to 2024-09-03 00:00:00+00:00, run_after=2024-09-04 00:00:00+00:00
[2024-09-04T21:16:37.795+0000] {logging_mixin.py:190} INFO - [2024-09-04T21:16:37.795+0000] {dag.py:4138} INFO - Setting next_dagrun for dataset_with_extra_by_yield to 2024-09-03 00:00:00+00:00, run_after=2024-09-04 00:00:00+00:00
[2024-09-04T21:16:37.798+0000] {logging_mixin.py:190} INFO - [2024-09-04T21:16:37.798+0000] {dag.py:4138} INFO - Setting next_dagrun for dataset_with_extra_from_classic_operator to 2024-09-03 00:00:00+00:00, run_after=2024-09-04 00:00:00+00:00
[2024-09-04T21:16:37.819+0000] {processor.py:208} INFO - Processing /home/airflow/.local/lib/python3.12/site-packages/airflow/example_dags/example_outlet_event_extra.py took 0.207 seconds
[2024-09-04T21:17:07.931+0000] {processor.py:186} INFO - Started process (PID=2141) to work on /home/airflow/.local/lib/python3.12/site-packages/airflow/example_dags/example_outlet_event_extra.py
[2024-09-04T21:17:07.932+0000] {processor.py:914} INFO - Processing file /home/airflow/.local/lib/python3.12/site-packages/airflow/example_dags/example_outlet_event_extra.py for tasks to queue
[2024-09-04T21:17:07.936+0000] {logging_mixin.py:190} INFO - [2024-09-04T21:17:07.936+0000] {dagbag.py:587} INFO - Filling up the DagBag from /home/airflow/.local/lib/python3.12/site-packages/airflow/example_dags/example_outlet_event_extra.py
[2024-09-04T21:17:08.064+0000] {processor.py:925} INFO - DAG(s) 'dataset_with_extra_from_classic_operator', 'dataset_with_extra_by_yield', 'dataset_with_extra_by_context' retrieved from /home/airflow/.local/lib/python3.12/site-packages/airflow/example_dags/example_outlet_event_extra.py
[2024-09-04T21:17:08.089+0000] {logging_mixin.py:190} INFO - [2024-09-04T21:17:08.089+0000] {dag.py:3211} INFO - Sync 3 DAGs
[2024-09-04T21:17:08.111+0000] {logging_mixin.py:190} INFO - [2024-09-04T21:17:08.111+0000] {dag.py:4138} INFO - Setting next_dagrun for dataset_with_extra_by_context to 2024-09-03 00:00:00+00:00, run_after=2024-09-04 00:00:00+00:00
[2024-09-04T21:17:08.117+0000] {logging_mixin.py:190} INFO - [2024-09-04T21:17:08.116+0000] {dag.py:4138} INFO - Setting next_dagrun for dataset_with_extra_by_yield to 2024-09-03 00:00:00+00:00, run_after=2024-09-04 00:00:00+00:00
[2024-09-04T21:17:08.121+0000] {logging_mixin.py:190} INFO - [2024-09-04T21:17:08.120+0000] {dag.py:4138} INFO - Setting next_dagrun for dataset_with_extra_from_classic_operator to 2024-09-03 00:00:00+00:00, run_after=2024-09-04 00:00:00+00:00
[2024-09-04T21:17:08.147+0000] {processor.py:208} INFO - Processing /home/airflow/.local/lib/python3.12/site-packages/airflow/example_dags/example_outlet_event_extra.py took 0.222 seconds
[2024-09-04T21:17:38.239+0000] {processor.py:186} INFO - Started process (PID=2204) to work on /home/airflow/.local/lib/python3.12/site-packages/airflow/example_dags/example_outlet_event_extra.py
[2024-09-04T21:17:38.241+0000] {processor.py:914} INFO - Processing file /home/airflow/.local/lib/python3.12/site-packages/airflow/example_dags/example_outlet_event_extra.py for tasks to queue
[2024-09-04T21:17:38.243+0000] {logging_mixin.py:190} INFO - [2024-09-04T21:17:38.243+0000] {dagbag.py:587} INFO - Filling up the DagBag from /home/airflow/.local/lib/python3.12/site-packages/airflow/example_dags/example_outlet_event_extra.py
[2024-09-04T21:17:38.369+0000] {processor.py:925} INFO - DAG(s) 'dataset_with_extra_by_context', 'dataset_with_extra_from_classic_operator', 'dataset_with_extra_by_yield' retrieved from /home/airflow/.local/lib/python3.12/site-packages/airflow/example_dags/example_outlet_event_extra.py
[2024-09-04T21:17:38.396+0000] {logging_mixin.py:190} INFO - [2024-09-04T21:17:38.396+0000] {dag.py:3211} INFO - Sync 3 DAGs
[2024-09-04T21:17:38.418+0000] {logging_mixin.py:190} INFO - [2024-09-04T21:17:38.418+0000] {dag.py:4138} INFO - Setting next_dagrun for dataset_with_extra_by_context to 2024-09-03 00:00:00+00:00, run_after=2024-09-04 00:00:00+00:00
[2024-09-04T21:17:38.424+0000] {logging_mixin.py:190} INFO - [2024-09-04T21:17:38.424+0000] {dag.py:4138} INFO - Setting next_dagrun for dataset_with_extra_by_yield to 2024-09-03 00:00:00+00:00, run_after=2024-09-04 00:00:00+00:00
[2024-09-04T21:17:38.427+0000] {logging_mixin.py:190} INFO - [2024-09-04T21:17:38.427+0000] {dag.py:4138} INFO - Setting next_dagrun for dataset_with_extra_from_classic_operator to 2024-09-03 00:00:00+00:00, run_after=2024-09-04 00:00:00+00:00
[2024-09-04T21:17:38.449+0000] {processor.py:208} INFO - Processing /home/airflow/.local/lib/python3.12/site-packages/airflow/example_dags/example_outlet_event_extra.py took 0.215 seconds
[2024-09-04T21:18:08.583+0000] {processor.py:186} INFO - Started process (PID=2267) to work on /home/airflow/.local/lib/python3.12/site-packages/airflow/example_dags/example_outlet_event_extra.py
[2024-09-04T21:18:08.584+0000] {processor.py:914} INFO - Processing file /home/airflow/.local/lib/python3.12/site-packages/airflow/example_dags/example_outlet_event_extra.py for tasks to queue
[2024-09-04T21:18:08.587+0000] {logging_mixin.py:190} INFO - [2024-09-04T21:18:08.587+0000] {dagbag.py:587} INFO - Filling up the DagBag from /home/airflow/.local/lib/python3.12/site-packages/airflow/example_dags/example_outlet_event_extra.py
[2024-09-04T21:18:08.704+0000] {processor.py:925} INFO - DAG(s) 'dataset_with_extra_from_classic_operator', 'dataset_with_extra_by_yield', 'dataset_with_extra_by_context' retrieved from /home/airflow/.local/lib/python3.12/site-packages/airflow/example_dags/example_outlet_event_extra.py
[2024-09-04T21:18:08.730+0000] {logging_mixin.py:190} INFO - [2024-09-04T21:18:08.730+0000] {dag.py:3211} INFO - Sync 3 DAGs
[2024-09-04T21:18:08.752+0000] {logging_mixin.py:190} INFO - [2024-09-04T21:18:08.751+0000] {dag.py:4138} INFO - Setting next_dagrun for dataset_with_extra_by_context to 2024-09-03 00:00:00+00:00, run_after=2024-09-04 00:00:00+00:00
[2024-09-04T21:18:08.756+0000] {logging_mixin.py:190} INFO - [2024-09-04T21:18:08.756+0000] {dag.py:4138} INFO - Setting next_dagrun for dataset_with_extra_by_yield to 2024-09-03 00:00:00+00:00, run_after=2024-09-04 00:00:00+00:00
[2024-09-04T21:18:08.759+0000] {logging_mixin.py:190} INFO - [2024-09-04T21:18:08.759+0000] {dag.py:4138} INFO - Setting next_dagrun for dataset_with_extra_from_classic_operator to 2024-09-03 00:00:00+00:00, run_after=2024-09-04 00:00:00+00:00
[2024-09-04T21:18:08.782+0000] {processor.py:208} INFO - Processing /home/airflow/.local/lib/python3.12/site-packages/airflow/example_dags/example_outlet_event_extra.py took 0.204 seconds
[2024-09-04T21:18:38.986+0000] {processor.py:186} INFO - Started process (PID=2330) to work on /home/airflow/.local/lib/python3.12/site-packages/airflow/example_dags/example_outlet_event_extra.py
[2024-09-04T21:18:38.987+0000] {processor.py:914} INFO - Processing file /home/airflow/.local/lib/python3.12/site-packages/airflow/example_dags/example_outlet_event_extra.py for tasks to queue
[2024-09-04T21:18:38.990+0000] {logging_mixin.py:190} INFO - [2024-09-04T21:18:38.990+0000] {dagbag.py:587} INFO - Filling up the DagBag from /home/airflow/.local/lib/python3.12/site-packages/airflow/example_dags/example_outlet_event_extra.py
[2024-09-04T21:18:39.120+0000] {processor.py:925} INFO - DAG(s) 'dataset_with_extra_from_classic_operator', 'dataset_with_extra_by_context', 'dataset_with_extra_by_yield' retrieved from /home/airflow/.local/lib/python3.12/site-packages/airflow/example_dags/example_outlet_event_extra.py
[2024-09-04T21:18:39.146+0000] {logging_mixin.py:190} INFO - [2024-09-04T21:18:39.146+0000] {dag.py:3211} INFO - Sync 3 DAGs
[2024-09-04T21:18:39.168+0000] {logging_mixin.py:190} INFO - [2024-09-04T21:18:39.168+0000] {dag.py:4138} INFO - Setting next_dagrun for dataset_with_extra_by_context to 2024-09-03 00:00:00+00:00, run_after=2024-09-04 00:00:00+00:00
[2024-09-04T21:18:39.174+0000] {logging_mixin.py:190} INFO - [2024-09-04T21:18:39.174+0000] {dag.py:4138} INFO - Setting next_dagrun for dataset_with_extra_by_yield to 2024-09-03 00:00:00+00:00, run_after=2024-09-04 00:00:00+00:00
[2024-09-04T21:18:39.177+0000] {logging_mixin.py:190} INFO - [2024-09-04T21:18:39.177+0000] {dag.py:4138} INFO - Setting next_dagrun for dataset_with_extra_from_classic_operator to 2024-09-03 00:00:00+00:00, run_after=2024-09-04 00:00:00+00:00
[2024-09-04T21:18:39.200+0000] {processor.py:208} INFO - Processing /home/airflow/.local/lib/python3.12/site-packages/airflow/example_dags/example_outlet_event_extra.py took 0.219 seconds
