[2024-09-04T20:52:32.895+0000] {processor.py:186} INFO - Started process (PID=85) to work on /home/airflow/.local/lib/python3.12/site-packages/airflow/example_dags/tutorial.py
[2024-09-04T20:52:32.896+0000] {processor.py:914} INFO - Processing file /home/airflow/.local/lib/python3.12/site-packages/airflow/example_dags/tutorial.py for tasks to queue
[2024-09-04T20:52:32.900+0000] {logging_mixin.py:190} INFO - [2024-09-04T20:52:32.900+0000] {dagbag.py:587} INFO - Filling up the DagBag from /home/airflow/.local/lib/python3.12/site-packages/airflow/example_dags/tutorial.py
[2024-09-04T20:52:32.915+0000] {processor.py:925} INFO - DAG(s) 'tutorial' retrieved from /home/airflow/.local/lib/python3.12/site-packages/airflow/example_dags/tutorial.py
[2024-09-04T20:52:33.103+0000] {logging_mixin.py:190} INFO - [2024-09-04T20:52:33.102+0000] {override.py:1858} INFO - Created Permission View: can delete on DAG:tutorial
[2024-09-04T20:52:33.115+0000] {logging_mixin.py:190} INFO - [2024-09-04T20:52:33.115+0000] {override.py:1858} INFO - Created Permission View: can edit on DAG:tutorial
[2024-09-04T20:52:33.125+0000] {logging_mixin.py:190} INFO - [2024-09-04T20:52:33.124+0000] {override.py:1858} INFO - Created Permission View: can read on DAG:tutorial
[2024-09-04T20:52:33.126+0000] {logging_mixin.py:190} INFO - [2024-09-04T20:52:33.126+0000] {dag.py:3211} INFO - Sync 1 DAGs
[2024-09-04T20:52:33.147+0000] {logging_mixin.py:190} INFO - [2024-09-04T20:52:33.147+0000] {dag.py:3234} INFO - Creating ORM DAG for tutorial
[2024-09-04T20:52:33.209+0000] {logging_mixin.py:190} INFO - [2024-09-04T20:52:33.209+0000] {dag.py:4138} INFO - Setting next_dagrun for tutorial to 2024-09-03 00:00:00+00:00, run_after=2024-09-04 00:00:00+00:00
[2024-09-04T20:52:33.261+0000] {processor.py:208} INFO - Processing /home/airflow/.local/lib/python3.12/site-packages/airflow/example_dags/tutorial.py took 0.380 seconds
[2024-09-04T21:00:15.498+0000] {processor.py:186} INFO - Started process (PID=80) to work on /home/airflow/.local/lib/python3.12/site-packages/airflow/example_dags/tutorial.py
[2024-09-04T21:00:15.500+0000] {processor.py:914} INFO - Processing file /home/airflow/.local/lib/python3.12/site-packages/airflow/example_dags/tutorial.py for tasks to queue
[2024-09-04T21:00:15.503+0000] {logging_mixin.py:190} INFO - [2024-09-04T21:00:15.503+0000] {dagbag.py:587} INFO - Filling up the DagBag from /home/airflow/.local/lib/python3.12/site-packages/airflow/example_dags/tutorial.py
[2024-09-04T21:00:15.518+0000] {processor.py:925} INFO - DAG(s) 'tutorial' retrieved from /home/airflow/.local/lib/python3.12/site-packages/airflow/example_dags/tutorial.py
[2024-09-04T21:00:15.565+0000] {logging_mixin.py:190} INFO - [2024-09-04T21:00:15.565+0000] {dag.py:3211} INFO - Sync 1 DAGs
[2024-09-04T21:00:15.618+0000] {logging_mixin.py:190} INFO - [2024-09-04T21:00:15.618+0000] {dag.py:4138} INFO - Setting next_dagrun for tutorial to 2024-09-03 00:00:00+00:00, run_after=2024-09-04 00:00:00+00:00
[2024-09-04T21:00:15.703+0000] {processor.py:208} INFO - Processing /home/airflow/.local/lib/python3.12/site-packages/airflow/example_dags/tutorial.py took 0.215 seconds
[2024-09-04T21:00:45.765+0000] {processor.py:186} INFO - Started process (PID=141) to work on /home/airflow/.local/lib/python3.12/site-packages/airflow/example_dags/tutorial.py
[2024-09-04T21:00:45.766+0000] {processor.py:914} INFO - Processing file /home/airflow/.local/lib/python3.12/site-packages/airflow/example_dags/tutorial.py for tasks to queue
[2024-09-04T21:00:45.768+0000] {logging_mixin.py:190} INFO - [2024-09-04T21:00:45.768+0000] {dagbag.py:587} INFO - Filling up the DagBag from /home/airflow/.local/lib/python3.12/site-packages/airflow/example_dags/tutorial.py
[2024-09-04T21:00:45.776+0000] {processor.py:925} INFO - DAG(s) 'tutorial' retrieved from /home/airflow/.local/lib/python3.12/site-packages/airflow/example_dags/tutorial.py
[2024-09-04T21:00:45.797+0000] {logging_mixin.py:190} INFO - [2024-09-04T21:00:45.796+0000] {dag.py:3211} INFO - Sync 1 DAGs
[2024-09-04T21:00:45.818+0000] {logging_mixin.py:190} INFO - [2024-09-04T21:00:45.817+0000] {dag.py:4138} INFO - Setting next_dagrun for tutorial to 2024-09-03 00:00:00+00:00, run_after=2024-09-04 00:00:00+00:00
[2024-09-04T21:00:45.839+0000] {processor.py:208} INFO - Processing /home/airflow/.local/lib/python3.12/site-packages/airflow/example_dags/tutorial.py took 0.079 seconds
[2024-09-04T21:01:16.484+0000] {processor.py:186} INFO - Started process (PID=203) to work on /home/airflow/.local/lib/python3.12/site-packages/airflow/example_dags/tutorial.py
[2024-09-04T21:01:16.485+0000] {processor.py:914} INFO - Processing file /home/airflow/.local/lib/python3.12/site-packages/airflow/example_dags/tutorial.py for tasks to queue
[2024-09-04T21:01:16.487+0000] {logging_mixin.py:190} INFO - [2024-09-04T21:01:16.487+0000] {dagbag.py:587} INFO - Filling up the DagBag from /home/airflow/.local/lib/python3.12/site-packages/airflow/example_dags/tutorial.py
[2024-09-04T21:01:16.493+0000] {processor.py:925} INFO - DAG(s) 'tutorial' retrieved from /home/airflow/.local/lib/python3.12/site-packages/airflow/example_dags/tutorial.py
[2024-09-04T21:01:16.511+0000] {logging_mixin.py:190} INFO - [2024-09-04T21:01:16.511+0000] {dag.py:3211} INFO - Sync 1 DAGs
[2024-09-04T21:01:16.529+0000] {logging_mixin.py:190} INFO - [2024-09-04T21:01:16.529+0000] {dag.py:4138} INFO - Setting next_dagrun for tutorial to 2024-09-03 00:00:00+00:00, run_after=2024-09-04 00:00:00+00:00
[2024-09-04T21:01:16.550+0000] {processor.py:208} INFO - Processing /home/airflow/.local/lib/python3.12/site-packages/airflow/example_dags/tutorial.py took 0.070 seconds
[2024-09-04T21:01:46.796+0000] {processor.py:186} INFO - Started process (PID=265) to work on /home/airflow/.local/lib/python3.12/site-packages/airflow/example_dags/tutorial.py
[2024-09-04T21:01:46.797+0000] {processor.py:914} INFO - Processing file /home/airflow/.local/lib/python3.12/site-packages/airflow/example_dags/tutorial.py for tasks to queue
[2024-09-04T21:01:46.799+0000] {logging_mixin.py:190} INFO - [2024-09-04T21:01:46.799+0000] {dagbag.py:587} INFO - Filling up the DagBag from /home/airflow/.local/lib/python3.12/site-packages/airflow/example_dags/tutorial.py
[2024-09-04T21:01:46.805+0000] {processor.py:925} INFO - DAG(s) 'tutorial' retrieved from /home/airflow/.local/lib/python3.12/site-packages/airflow/example_dags/tutorial.py
[2024-09-04T21:01:46.825+0000] {logging_mixin.py:190} INFO - [2024-09-04T21:01:46.825+0000] {dag.py:3211} INFO - Sync 1 DAGs
[2024-09-04T21:01:46.844+0000] {logging_mixin.py:190} INFO - [2024-09-04T21:01:46.844+0000] {dag.py:4138} INFO - Setting next_dagrun for tutorial to 2024-09-03 00:00:00+00:00, run_after=2024-09-04 00:00:00+00:00
[2024-09-04T21:01:46.865+0000] {processor.py:208} INFO - Processing /home/airflow/.local/lib/python3.12/site-packages/airflow/example_dags/tutorial.py took 0.073 seconds
[2024-09-04T21:02:17.733+0000] {processor.py:186} INFO - Started process (PID=329) to work on /home/airflow/.local/lib/python3.12/site-packages/airflow/example_dags/tutorial.py
[2024-09-04T21:02:17.734+0000] {processor.py:914} INFO - Processing file /home/airflow/.local/lib/python3.12/site-packages/airflow/example_dags/tutorial.py for tasks to queue
[2024-09-04T21:02:17.736+0000] {logging_mixin.py:190} INFO - [2024-09-04T21:02:17.736+0000] {dagbag.py:587} INFO - Filling up the DagBag from /home/airflow/.local/lib/python3.12/site-packages/airflow/example_dags/tutorial.py
[2024-09-04T21:02:17.743+0000] {processor.py:925} INFO - DAG(s) 'tutorial' retrieved from /home/airflow/.local/lib/python3.12/site-packages/airflow/example_dags/tutorial.py
[2024-09-04T21:02:17.760+0000] {logging_mixin.py:190} INFO - [2024-09-04T21:02:17.760+0000] {dag.py:3211} INFO - Sync 1 DAGs
[2024-09-04T21:02:17.777+0000] {logging_mixin.py:190} INFO - [2024-09-04T21:02:17.777+0000] {dag.py:4138} INFO - Setting next_dagrun for tutorial to 2024-09-03 00:00:00+00:00, run_after=2024-09-04 00:00:00+00:00
[2024-09-04T21:02:17.797+0000] {processor.py:208} INFO - Processing /home/airflow/.local/lib/python3.12/site-packages/airflow/example_dags/tutorial.py took 0.069 seconds
[2024-09-04T21:02:48.549+0000] {processor.py:186} INFO - Started process (PID=391) to work on /home/airflow/.local/lib/python3.12/site-packages/airflow/example_dags/tutorial.py
[2024-09-04T21:02:48.550+0000] {processor.py:914} INFO - Processing file /home/airflow/.local/lib/python3.12/site-packages/airflow/example_dags/tutorial.py for tasks to queue
[2024-09-04T21:02:48.552+0000] {logging_mixin.py:190} INFO - [2024-09-04T21:02:48.552+0000] {dagbag.py:587} INFO - Filling up the DagBag from /home/airflow/.local/lib/python3.12/site-packages/airflow/example_dags/tutorial.py
[2024-09-04T21:02:48.558+0000] {processor.py:925} INFO - DAG(s) 'tutorial' retrieved from /home/airflow/.local/lib/python3.12/site-packages/airflow/example_dags/tutorial.py
[2024-09-04T21:02:48.576+0000] {logging_mixin.py:190} INFO - [2024-09-04T21:02:48.576+0000] {dag.py:3211} INFO - Sync 1 DAGs
[2024-09-04T21:02:48.595+0000] {logging_mixin.py:190} INFO - [2024-09-04T21:02:48.595+0000] {dag.py:4138} INFO - Setting next_dagrun for tutorial to 2024-09-03 00:00:00+00:00, run_after=2024-09-04 00:00:00+00:00
[2024-09-04T21:02:48.614+0000] {processor.py:208} INFO - Processing /home/airflow/.local/lib/python3.12/site-packages/airflow/example_dags/tutorial.py took 0.070 seconds
[2024-09-04T21:03:19.824+0000] {processor.py:186} INFO - Started process (PID=453) to work on /home/airflow/.local/lib/python3.12/site-packages/airflow/example_dags/tutorial.py
[2024-09-04T21:03:19.826+0000] {processor.py:914} INFO - Processing file /home/airflow/.local/lib/python3.12/site-packages/airflow/example_dags/tutorial.py for tasks to queue
[2024-09-04T21:03:19.832+0000] {logging_mixin.py:190} INFO - [2024-09-04T21:03:19.831+0000] {dagbag.py:587} INFO - Filling up the DagBag from /home/airflow/.local/lib/python3.12/site-packages/airflow/example_dags/tutorial.py
[2024-09-04T21:03:19.851+0000] {processor.py:925} INFO - DAG(s) 'tutorial' retrieved from /home/airflow/.local/lib/python3.12/site-packages/airflow/example_dags/tutorial.py
[2024-09-04T21:03:19.895+0000] {logging_mixin.py:190} INFO - [2024-09-04T21:03:19.894+0000] {dag.py:3211} INFO - Sync 1 DAGs
[2024-09-04T21:03:19.947+0000] {logging_mixin.py:190} INFO - [2024-09-04T21:03:19.946+0000] {dag.py:4138} INFO - Setting next_dagrun for tutorial to 2024-09-03 00:00:00+00:00, run_after=2024-09-04 00:00:00+00:00
[2024-09-04T21:03:19.989+0000] {processor.py:208} INFO - Processing /home/airflow/.local/lib/python3.12/site-packages/airflow/example_dags/tutorial.py took 0.180 seconds
[2024-09-04T21:03:50.776+0000] {processor.py:186} INFO - Started process (PID=515) to work on /home/airflow/.local/lib/python3.12/site-packages/airflow/example_dags/tutorial.py
[2024-09-04T21:03:50.777+0000] {processor.py:914} INFO - Processing file /home/airflow/.local/lib/python3.12/site-packages/airflow/example_dags/tutorial.py for tasks to queue
[2024-09-04T21:03:50.780+0000] {logging_mixin.py:190} INFO - [2024-09-04T21:03:50.780+0000] {dagbag.py:587} INFO - Filling up the DagBag from /home/airflow/.local/lib/python3.12/site-packages/airflow/example_dags/tutorial.py
[2024-09-04T21:03:50.789+0000] {processor.py:925} INFO - DAG(s) 'tutorial' retrieved from /home/airflow/.local/lib/python3.12/site-packages/airflow/example_dags/tutorial.py
[2024-09-04T21:03:50.813+0000] {logging_mixin.py:190} INFO - [2024-09-04T21:03:50.813+0000] {dag.py:3211} INFO - Sync 1 DAGs
[2024-09-04T21:03:50.838+0000] {logging_mixin.py:190} INFO - [2024-09-04T21:03:50.838+0000] {dag.py:4138} INFO - Setting next_dagrun for tutorial to 2024-09-03 00:00:00+00:00, run_after=2024-09-04 00:00:00+00:00
[2024-09-04T21:03:50.859+0000] {processor.py:208} INFO - Processing /home/airflow/.local/lib/python3.12/site-packages/airflow/example_dags/tutorial.py took 0.090 seconds
[2024-09-04T21:04:21.057+0000] {processor.py:186} INFO - Started process (PID=577) to work on /home/airflow/.local/lib/python3.12/site-packages/airflow/example_dags/tutorial.py
[2024-09-04T21:04:21.059+0000] {processor.py:914} INFO - Processing file /home/airflow/.local/lib/python3.12/site-packages/airflow/example_dags/tutorial.py for tasks to queue
[2024-09-04T21:04:21.062+0000] {logging_mixin.py:190} INFO - [2024-09-04T21:04:21.061+0000] {dagbag.py:587} INFO - Filling up the DagBag from /home/airflow/.local/lib/python3.12/site-packages/airflow/example_dags/tutorial.py
[2024-09-04T21:04:21.072+0000] {processor.py:925} INFO - DAG(s) 'tutorial' retrieved from /home/airflow/.local/lib/python3.12/site-packages/airflow/example_dags/tutorial.py
[2024-09-04T21:04:21.099+0000] {logging_mixin.py:190} INFO - [2024-09-04T21:04:21.099+0000] {dag.py:3211} INFO - Sync 1 DAGs
[2024-09-04T21:04:21.129+0000] {logging_mixin.py:190} INFO - [2024-09-04T21:04:21.128+0000] {dag.py:4138} INFO - Setting next_dagrun for tutorial to 2024-09-03 00:00:00+00:00, run_after=2024-09-04 00:00:00+00:00
[2024-09-04T21:04:21.154+0000] {processor.py:208} INFO - Processing /home/airflow/.local/lib/python3.12/site-packages/airflow/example_dags/tutorial.py took 0.103 seconds
[2024-09-04T21:04:51.960+0000] {processor.py:186} INFO - Started process (PID=639) to work on /home/airflow/.local/lib/python3.12/site-packages/airflow/example_dags/tutorial.py
[2024-09-04T21:04:51.962+0000] {processor.py:914} INFO - Processing file /home/airflow/.local/lib/python3.12/site-packages/airflow/example_dags/tutorial.py for tasks to queue
[2024-09-04T21:04:51.966+0000] {logging_mixin.py:190} INFO - [2024-09-04T21:04:51.966+0000] {dagbag.py:587} INFO - Filling up the DagBag from /home/airflow/.local/lib/python3.12/site-packages/airflow/example_dags/tutorial.py
[2024-09-04T21:04:51.985+0000] {processor.py:925} INFO - DAG(s) 'tutorial' retrieved from /home/airflow/.local/lib/python3.12/site-packages/airflow/example_dags/tutorial.py
[2024-09-04T21:04:52.032+0000] {logging_mixin.py:190} INFO - [2024-09-04T21:04:52.031+0000] {dag.py:3211} INFO - Sync 1 DAGs
[2024-09-04T21:04:52.081+0000] {logging_mixin.py:190} INFO - [2024-09-04T21:04:52.081+0000] {dag.py:4138} INFO - Setting next_dagrun for tutorial to 2024-09-03 00:00:00+00:00, run_after=2024-09-04 00:00:00+00:00
[2024-09-04T21:04:52.115+0000] {processor.py:208} INFO - Processing /home/airflow/.local/lib/python3.12/site-packages/airflow/example_dags/tutorial.py took 0.167 seconds
[2024-09-04T21:05:22.300+0000] {processor.py:186} INFO - Started process (PID=701) to work on /home/airflow/.local/lib/python3.12/site-packages/airflow/example_dags/tutorial.py
[2024-09-04T21:05:22.301+0000] {processor.py:914} INFO - Processing file /home/airflow/.local/lib/python3.12/site-packages/airflow/example_dags/tutorial.py for tasks to queue
[2024-09-04T21:05:22.303+0000] {logging_mixin.py:190} INFO - [2024-09-04T21:05:22.303+0000] {dagbag.py:587} INFO - Filling up the DagBag from /home/airflow/.local/lib/python3.12/site-packages/airflow/example_dags/tutorial.py
[2024-09-04T21:05:22.310+0000] {processor.py:925} INFO - DAG(s) 'tutorial' retrieved from /home/airflow/.local/lib/python3.12/site-packages/airflow/example_dags/tutorial.py
[2024-09-04T21:05:22.329+0000] {logging_mixin.py:190} INFO - [2024-09-04T21:05:22.328+0000] {dag.py:3211} INFO - Sync 1 DAGs
[2024-09-04T21:05:22.348+0000] {logging_mixin.py:190} INFO - [2024-09-04T21:05:22.348+0000] {dag.py:4138} INFO - Setting next_dagrun for tutorial to 2024-09-03 00:00:00+00:00, run_after=2024-09-04 00:00:00+00:00
[2024-09-04T21:05:22.371+0000] {processor.py:208} INFO - Processing /home/airflow/.local/lib/python3.12/site-packages/airflow/example_dags/tutorial.py took 0.076 seconds
[2024-09-04T21:05:52.980+0000] {processor.py:186} INFO - Started process (PID=763) to work on /home/airflow/.local/lib/python3.12/site-packages/airflow/example_dags/tutorial.py
[2024-09-04T21:05:52.981+0000] {processor.py:914} INFO - Processing file /home/airflow/.local/lib/python3.12/site-packages/airflow/example_dags/tutorial.py for tasks to queue
[2024-09-04T21:05:52.983+0000] {logging_mixin.py:190} INFO - [2024-09-04T21:05:52.983+0000] {dagbag.py:587} INFO - Filling up the DagBag from /home/airflow/.local/lib/python3.12/site-packages/airflow/example_dags/tutorial.py
[2024-09-04T21:05:52.991+0000] {processor.py:925} INFO - DAG(s) 'tutorial' retrieved from /home/airflow/.local/lib/python3.12/site-packages/airflow/example_dags/tutorial.py
[2024-09-04T21:05:53.012+0000] {logging_mixin.py:190} INFO - [2024-09-04T21:05:53.012+0000] {dag.py:3211} INFO - Sync 1 DAGs
[2024-09-04T21:05:53.033+0000] {logging_mixin.py:190} INFO - [2024-09-04T21:05:53.033+0000] {dag.py:4138} INFO - Setting next_dagrun for tutorial to 2024-09-03 00:00:00+00:00, run_after=2024-09-04 00:00:00+00:00
[2024-09-04T21:05:53.052+0000] {processor.py:208} INFO - Processing /home/airflow/.local/lib/python3.12/site-packages/airflow/example_dags/tutorial.py took 0.076 seconds
[2024-09-04T21:06:23.641+0000] {processor.py:186} INFO - Started process (PID=825) to work on /home/airflow/.local/lib/python3.12/site-packages/airflow/example_dags/tutorial.py
[2024-09-04T21:06:23.643+0000] {processor.py:914} INFO - Processing file /home/airflow/.local/lib/python3.12/site-packages/airflow/example_dags/tutorial.py for tasks to queue
[2024-09-04T21:06:23.649+0000] {logging_mixin.py:190} INFO - [2024-09-04T21:06:23.648+0000] {dagbag.py:587} INFO - Filling up the DagBag from /home/airflow/.local/lib/python3.12/site-packages/airflow/example_dags/tutorial.py
[2024-09-04T21:06:23.666+0000] {processor.py:925} INFO - DAG(s) 'tutorial' retrieved from /home/airflow/.local/lib/python3.12/site-packages/airflow/example_dags/tutorial.py
[2024-09-04T21:06:23.710+0000] {logging_mixin.py:190} INFO - [2024-09-04T21:06:23.709+0000] {dag.py:3211} INFO - Sync 1 DAGs
[2024-09-04T21:06:23.768+0000] {logging_mixin.py:190} INFO - [2024-09-04T21:06:23.767+0000] {dag.py:4138} INFO - Setting next_dagrun for tutorial to 2024-09-03 00:00:00+00:00, run_after=2024-09-04 00:00:00+00:00
[2024-09-04T21:06:23.809+0000] {processor.py:208} INFO - Processing /home/airflow/.local/lib/python3.12/site-packages/airflow/example_dags/tutorial.py took 0.181 seconds
[2024-09-04T21:06:54.509+0000] {processor.py:186} INFO - Started process (PID=886) to work on /home/airflow/.local/lib/python3.12/site-packages/airflow/example_dags/tutorial.py
[2024-09-04T21:06:54.511+0000] {processor.py:914} INFO - Processing file /home/airflow/.local/lib/python3.12/site-packages/airflow/example_dags/tutorial.py for tasks to queue
[2024-09-04T21:06:54.514+0000] {logging_mixin.py:190} INFO - [2024-09-04T21:06:54.514+0000] {dagbag.py:587} INFO - Filling up the DagBag from /home/airflow/.local/lib/python3.12/site-packages/airflow/example_dags/tutorial.py
[2024-09-04T21:06:54.523+0000] {processor.py:925} INFO - DAG(s) 'tutorial' retrieved from /home/airflow/.local/lib/python3.12/site-packages/airflow/example_dags/tutorial.py
[2024-09-04T21:06:54.542+0000] {logging_mixin.py:190} INFO - [2024-09-04T21:06:54.542+0000] {dag.py:3211} INFO - Sync 1 DAGs
[2024-09-04T21:06:54.562+0000] {logging_mixin.py:190} INFO - [2024-09-04T21:06:54.562+0000] {dag.py:4138} INFO - Setting next_dagrun for tutorial to 2024-09-03 00:00:00+00:00, run_after=2024-09-04 00:00:00+00:00
[2024-09-04T21:06:54.582+0000] {processor.py:208} INFO - Processing /home/airflow/.local/lib/python3.12/site-packages/airflow/example_dags/tutorial.py took 0.080 seconds
[2024-09-04T21:07:24.755+0000] {processor.py:186} INFO - Started process (PID=947) to work on /home/airflow/.local/lib/python3.12/site-packages/airflow/example_dags/tutorial.py
[2024-09-04T21:07:24.756+0000] {processor.py:914} INFO - Processing file /home/airflow/.local/lib/python3.12/site-packages/airflow/example_dags/tutorial.py for tasks to queue
[2024-09-04T21:07:24.758+0000] {logging_mixin.py:190} INFO - [2024-09-04T21:07:24.757+0000] {dagbag.py:587} INFO - Filling up the DagBag from /home/airflow/.local/lib/python3.12/site-packages/airflow/example_dags/tutorial.py
[2024-09-04T21:07:24.764+0000] {processor.py:925} INFO - DAG(s) 'tutorial' retrieved from /home/airflow/.local/lib/python3.12/site-packages/airflow/example_dags/tutorial.py
[2024-09-04T21:07:24.781+0000] {logging_mixin.py:190} INFO - [2024-09-04T21:07:24.780+0000] {dag.py:3211} INFO - Sync 1 DAGs
[2024-09-04T21:07:24.806+0000] {logging_mixin.py:190} INFO - [2024-09-04T21:07:24.806+0000] {dag.py:4138} INFO - Setting next_dagrun for tutorial to 2024-09-03 00:00:00+00:00, run_after=2024-09-04 00:00:00+00:00
[2024-09-04T21:07:24.830+0000] {processor.py:208} INFO - Processing /home/airflow/.local/lib/python3.12/site-packages/airflow/example_dags/tutorial.py took 0.080 seconds
[2024-09-04T21:07:55.214+0000] {processor.py:186} INFO - Started process (PID=1016) to work on /home/airflow/.local/lib/python3.12/site-packages/airflow/example_dags/tutorial.py
[2024-09-04T21:07:55.215+0000] {processor.py:914} INFO - Processing file /home/airflow/.local/lib/python3.12/site-packages/airflow/example_dags/tutorial.py for tasks to queue
[2024-09-04T21:07:55.218+0000] {logging_mixin.py:190} INFO - [2024-09-04T21:07:55.218+0000] {dagbag.py:587} INFO - Filling up the DagBag from /home/airflow/.local/lib/python3.12/site-packages/airflow/example_dags/tutorial.py
[2024-09-04T21:07:55.235+0000] {processor.py:925} INFO - DAG(s) 'tutorial' retrieved from /home/airflow/.local/lib/python3.12/site-packages/airflow/example_dags/tutorial.py
[2024-09-04T21:07:55.262+0000] {logging_mixin.py:190} INFO - [2024-09-04T21:07:55.261+0000] {dag.py:3211} INFO - Sync 1 DAGs
[2024-09-04T21:07:55.299+0000] {logging_mixin.py:190} INFO - [2024-09-04T21:07:55.299+0000] {dag.py:4138} INFO - Setting next_dagrun for tutorial to 2024-09-03 00:00:00+00:00, run_after=2024-09-04 00:00:00+00:00
[2024-09-04T21:07:55.332+0000] {processor.py:208} INFO - Processing /home/airflow/.local/lib/python3.12/site-packages/airflow/example_dags/tutorial.py took 0.125 seconds
[2024-09-04T21:08:26.431+0000] {processor.py:186} INFO - Started process (PID=1079) to work on /home/airflow/.local/lib/python3.12/site-packages/airflow/example_dags/tutorial.py
[2024-09-04T21:08:26.433+0000] {processor.py:914} INFO - Processing file /home/airflow/.local/lib/python3.12/site-packages/airflow/example_dags/tutorial.py for tasks to queue
[2024-09-04T21:08:26.435+0000] {logging_mixin.py:190} INFO - [2024-09-04T21:08:26.435+0000] {dagbag.py:587} INFO - Filling up the DagBag from /home/airflow/.local/lib/python3.12/site-packages/airflow/example_dags/tutorial.py
[2024-09-04T21:08:26.443+0000] {processor.py:925} INFO - DAG(s) 'tutorial' retrieved from /home/airflow/.local/lib/python3.12/site-packages/airflow/example_dags/tutorial.py
[2024-09-04T21:08:26.463+0000] {logging_mixin.py:190} INFO - [2024-09-04T21:08:26.462+0000] {dag.py:3211} INFO - Sync 1 DAGs
[2024-09-04T21:08:26.482+0000] {logging_mixin.py:190} INFO - [2024-09-04T21:08:26.482+0000] {dag.py:4138} INFO - Setting next_dagrun for tutorial to 2024-09-03 00:00:00+00:00, run_after=2024-09-04 00:00:00+00:00
[2024-09-04T21:08:26.501+0000] {processor.py:208} INFO - Processing /home/airflow/.local/lib/python3.12/site-packages/airflow/example_dags/tutorial.py took 0.075 seconds
[2024-09-04T21:08:57.039+0000] {processor.py:186} INFO - Started process (PID=1141) to work on /home/airflow/.local/lib/python3.12/site-packages/airflow/example_dags/tutorial.py
[2024-09-04T21:08:57.040+0000] {processor.py:914} INFO - Processing file /home/airflow/.local/lib/python3.12/site-packages/airflow/example_dags/tutorial.py for tasks to queue
[2024-09-04T21:08:57.042+0000] {logging_mixin.py:190} INFO - [2024-09-04T21:08:57.042+0000] {dagbag.py:587} INFO - Filling up the DagBag from /home/airflow/.local/lib/python3.12/site-packages/airflow/example_dags/tutorial.py
[2024-09-04T21:08:57.049+0000] {processor.py:925} INFO - DAG(s) 'tutorial' retrieved from /home/airflow/.local/lib/python3.12/site-packages/airflow/example_dags/tutorial.py
[2024-09-04T21:08:57.066+0000] {logging_mixin.py:190} INFO - [2024-09-04T21:08:57.066+0000] {dag.py:3211} INFO - Sync 1 DAGs
[2024-09-04T21:08:57.085+0000] {logging_mixin.py:190} INFO - [2024-09-04T21:08:57.085+0000] {dag.py:4138} INFO - Setting next_dagrun for tutorial to 2024-09-03 00:00:00+00:00, run_after=2024-09-04 00:00:00+00:00
[2024-09-04T21:08:57.103+0000] {processor.py:208} INFO - Processing /home/airflow/.local/lib/python3.12/site-packages/airflow/example_dags/tutorial.py took 0.069 seconds
[2024-09-04T21:09:27.389+0000] {processor.py:186} INFO - Started process (PID=1203) to work on /home/airflow/.local/lib/python3.12/site-packages/airflow/example_dags/tutorial.py
[2024-09-04T21:09:27.391+0000] {processor.py:914} INFO - Processing file /home/airflow/.local/lib/python3.12/site-packages/airflow/example_dags/tutorial.py for tasks to queue
[2024-09-04T21:09:27.393+0000] {logging_mixin.py:190} INFO - [2024-09-04T21:09:27.393+0000] {dagbag.py:587} INFO - Filling up the DagBag from /home/airflow/.local/lib/python3.12/site-packages/airflow/example_dags/tutorial.py
[2024-09-04T21:09:27.400+0000] {processor.py:925} INFO - DAG(s) 'tutorial' retrieved from /home/airflow/.local/lib/python3.12/site-packages/airflow/example_dags/tutorial.py
[2024-09-04T21:09:27.420+0000] {logging_mixin.py:190} INFO - [2024-09-04T21:09:27.420+0000] {dag.py:3211} INFO - Sync 1 DAGs
[2024-09-04T21:09:27.439+0000] {logging_mixin.py:190} INFO - [2024-09-04T21:09:27.439+0000] {dag.py:4138} INFO - Setting next_dagrun for tutorial to 2024-09-03 00:00:00+00:00, run_after=2024-09-04 00:00:00+00:00
[2024-09-04T21:09:27.458+0000] {processor.py:208} INFO - Processing /home/airflow/.local/lib/python3.12/site-packages/airflow/example_dags/tutorial.py took 0.074 seconds
[2024-09-04T21:09:57.823+0000] {processor.py:186} INFO - Started process (PID=1265) to work on /home/airflow/.local/lib/python3.12/site-packages/airflow/example_dags/tutorial.py
[2024-09-04T21:09:57.825+0000] {processor.py:914} INFO - Processing file /home/airflow/.local/lib/python3.12/site-packages/airflow/example_dags/tutorial.py for tasks to queue
[2024-09-04T21:09:57.827+0000] {logging_mixin.py:190} INFO - [2024-09-04T21:09:57.826+0000] {dagbag.py:587} INFO - Filling up the DagBag from /home/airflow/.local/lib/python3.12/site-packages/airflow/example_dags/tutorial.py
[2024-09-04T21:09:57.834+0000] {processor.py:925} INFO - DAG(s) 'tutorial' retrieved from /home/airflow/.local/lib/python3.12/site-packages/airflow/example_dags/tutorial.py
[2024-09-04T21:09:57.849+0000] {logging_mixin.py:190} INFO - [2024-09-04T21:09:57.849+0000] {dag.py:3211} INFO - Sync 1 DAGs
[2024-09-04T21:09:57.869+0000] {logging_mixin.py:190} INFO - [2024-09-04T21:09:57.868+0000] {dag.py:4138} INFO - Setting next_dagrun for tutorial to 2024-09-03 00:00:00+00:00, run_after=2024-09-04 00:00:00+00:00
[2024-09-04T21:09:57.885+0000] {processor.py:208} INFO - Processing /home/airflow/.local/lib/python3.12/site-packages/airflow/example_dags/tutorial.py took 0.067 seconds
[2024-09-04T21:10:28.313+0000] {processor.py:186} INFO - Started process (PID=1328) to work on /home/airflow/.local/lib/python3.12/site-packages/airflow/example_dags/tutorial.py
[2024-09-04T21:10:28.314+0000] {processor.py:914} INFO - Processing file /home/airflow/.local/lib/python3.12/site-packages/airflow/example_dags/tutorial.py for tasks to queue
[2024-09-04T21:10:28.316+0000] {logging_mixin.py:190} INFO - [2024-09-04T21:10:28.316+0000] {dagbag.py:587} INFO - Filling up the DagBag from /home/airflow/.local/lib/python3.12/site-packages/airflow/example_dags/tutorial.py
[2024-09-04T21:10:28.324+0000] {processor.py:925} INFO - DAG(s) 'tutorial' retrieved from /home/airflow/.local/lib/python3.12/site-packages/airflow/example_dags/tutorial.py
[2024-09-04T21:10:28.346+0000] {logging_mixin.py:190} INFO - [2024-09-04T21:10:28.346+0000] {dag.py:3211} INFO - Sync 1 DAGs
[2024-09-04T21:10:28.367+0000] {logging_mixin.py:190} INFO - [2024-09-04T21:10:28.367+0000] {dag.py:4138} INFO - Setting next_dagrun for tutorial to 2024-09-03 00:00:00+00:00, run_after=2024-09-04 00:00:00+00:00
[2024-09-04T21:10:28.386+0000] {processor.py:208} INFO - Processing /home/airflow/.local/lib/python3.12/site-packages/airflow/example_dags/tutorial.py took 0.079 seconds
[2024-09-04T21:10:58.839+0000] {processor.py:186} INFO - Started process (PID=1391) to work on /home/airflow/.local/lib/python3.12/site-packages/airflow/example_dags/tutorial.py
[2024-09-04T21:10:58.840+0000] {processor.py:914} INFO - Processing file /home/airflow/.local/lib/python3.12/site-packages/airflow/example_dags/tutorial.py for tasks to queue
[2024-09-04T21:10:58.844+0000] {logging_mixin.py:190} INFO - [2024-09-04T21:10:58.843+0000] {dagbag.py:587} INFO - Filling up the DagBag from /home/airflow/.local/lib/python3.12/site-packages/airflow/example_dags/tutorial.py
[2024-09-04T21:10:58.854+0000] {processor.py:925} INFO - DAG(s) 'tutorial' retrieved from /home/airflow/.local/lib/python3.12/site-packages/airflow/example_dags/tutorial.py
[2024-09-04T21:10:58.880+0000] {logging_mixin.py:190} INFO - [2024-09-04T21:10:58.880+0000] {dag.py:3211} INFO - Sync 1 DAGs
[2024-09-04T21:10:58.910+0000] {logging_mixin.py:190} INFO - [2024-09-04T21:10:58.910+0000] {dag.py:4138} INFO - Setting next_dagrun for tutorial to 2024-09-03 00:00:00+00:00, run_after=2024-09-04 00:00:00+00:00
[2024-09-04T21:10:58.935+0000] {processor.py:208} INFO - Processing /home/airflow/.local/lib/python3.12/site-packages/airflow/example_dags/tutorial.py took 0.103 seconds
[2024-09-04T21:11:29.789+0000] {processor.py:186} INFO - Started process (PID=1454) to work on /home/airflow/.local/lib/python3.12/site-packages/airflow/example_dags/tutorial.py
[2024-09-04T21:11:29.790+0000] {processor.py:914} INFO - Processing file /home/airflow/.local/lib/python3.12/site-packages/airflow/example_dags/tutorial.py for tasks to queue
[2024-09-04T21:11:29.793+0000] {logging_mixin.py:190} INFO - [2024-09-04T21:11:29.793+0000] {dagbag.py:587} INFO - Filling up the DagBag from /home/airflow/.local/lib/python3.12/site-packages/airflow/example_dags/tutorial.py
[2024-09-04T21:11:29.804+0000] {processor.py:925} INFO - DAG(s) 'tutorial' retrieved from /home/airflow/.local/lib/python3.12/site-packages/airflow/example_dags/tutorial.py
[2024-09-04T21:11:29.829+0000] {logging_mixin.py:190} INFO - [2024-09-04T21:11:29.828+0000] {dag.py:3211} INFO - Sync 1 DAGs
[2024-09-04T21:11:29.854+0000] {logging_mixin.py:190} INFO - [2024-09-04T21:11:29.854+0000] {dag.py:4138} INFO - Setting next_dagrun for tutorial to 2024-09-03 00:00:00+00:00, run_after=2024-09-04 00:00:00+00:00
[2024-09-04T21:11:29.873+0000] {processor.py:208} INFO - Processing /home/airflow/.local/lib/python3.12/site-packages/airflow/example_dags/tutorial.py took 0.089 seconds
[2024-09-04T21:12:00.384+0000] {processor.py:186} INFO - Started process (PID=1517) to work on /home/airflow/.local/lib/python3.12/site-packages/airflow/example_dags/tutorial.py
[2024-09-04T21:12:00.385+0000] {processor.py:914} INFO - Processing file /home/airflow/.local/lib/python3.12/site-packages/airflow/example_dags/tutorial.py for tasks to queue
[2024-09-04T21:12:00.387+0000] {logging_mixin.py:190} INFO - [2024-09-04T21:12:00.387+0000] {dagbag.py:587} INFO - Filling up the DagBag from /home/airflow/.local/lib/python3.12/site-packages/airflow/example_dags/tutorial.py
[2024-09-04T21:12:00.395+0000] {processor.py:925} INFO - DAG(s) 'tutorial' retrieved from /home/airflow/.local/lib/python3.12/site-packages/airflow/example_dags/tutorial.py
[2024-09-04T21:12:00.415+0000] {logging_mixin.py:190} INFO - [2024-09-04T21:12:00.415+0000] {dag.py:3211} INFO - Sync 1 DAGs
[2024-09-04T21:12:00.443+0000] {logging_mixin.py:190} INFO - [2024-09-04T21:12:00.443+0000] {dag.py:4138} INFO - Setting next_dagrun for tutorial to 2024-09-03 00:00:00+00:00, run_after=2024-09-04 00:00:00+00:00
[2024-09-04T21:12:00.463+0000] {processor.py:208} INFO - Processing /home/airflow/.local/lib/python3.12/site-packages/airflow/example_dags/tutorial.py took 0.085 seconds
[2024-09-04T21:12:31.261+0000] {processor.py:186} INFO - Started process (PID=1581) to work on /home/airflow/.local/lib/python3.12/site-packages/airflow/example_dags/tutorial.py
[2024-09-04T21:12:31.263+0000] {processor.py:914} INFO - Processing file /home/airflow/.local/lib/python3.12/site-packages/airflow/example_dags/tutorial.py for tasks to queue
[2024-09-04T21:12:31.265+0000] {logging_mixin.py:190} INFO - [2024-09-04T21:12:31.265+0000] {dagbag.py:587} INFO - Filling up the DagBag from /home/airflow/.local/lib/python3.12/site-packages/airflow/example_dags/tutorial.py
[2024-09-04T21:12:31.273+0000] {processor.py:925} INFO - DAG(s) 'tutorial' retrieved from /home/airflow/.local/lib/python3.12/site-packages/airflow/example_dags/tutorial.py
[2024-09-04T21:12:31.294+0000] {logging_mixin.py:190} INFO - [2024-09-04T21:12:31.294+0000] {dag.py:3211} INFO - Sync 1 DAGs
[2024-09-04T21:12:31.316+0000] {logging_mixin.py:190} INFO - [2024-09-04T21:12:31.316+0000] {dag.py:4138} INFO - Setting next_dagrun for tutorial to 2024-09-03 00:00:00+00:00, run_after=2024-09-04 00:00:00+00:00
[2024-09-04T21:12:31.335+0000] {processor.py:208} INFO - Processing /home/airflow/.local/lib/python3.12/site-packages/airflow/example_dags/tutorial.py took 0.079 seconds
[2024-09-04T21:13:01.996+0000] {processor.py:186} INFO - Started process (PID=1644) to work on /home/airflow/.local/lib/python3.12/site-packages/airflow/example_dags/tutorial.py
[2024-09-04T21:13:01.997+0000] {processor.py:914} INFO - Processing file /home/airflow/.local/lib/python3.12/site-packages/airflow/example_dags/tutorial.py for tasks to queue
[2024-09-04T21:13:01.999+0000] {logging_mixin.py:190} INFO - [2024-09-04T21:13:01.999+0000] {dagbag.py:587} INFO - Filling up the DagBag from /home/airflow/.local/lib/python3.12/site-packages/airflow/example_dags/tutorial.py
[2024-09-04T21:13:02.006+0000] {processor.py:925} INFO - DAG(s) 'tutorial' retrieved from /home/airflow/.local/lib/python3.12/site-packages/airflow/example_dags/tutorial.py
[2024-09-04T21:13:02.026+0000] {logging_mixin.py:190} INFO - [2024-09-04T21:13:02.025+0000] {dag.py:3211} INFO - Sync 1 DAGs
[2024-09-04T21:13:02.046+0000] {logging_mixin.py:190} INFO - [2024-09-04T21:13:02.046+0000] {dag.py:4138} INFO - Setting next_dagrun for tutorial to 2024-09-03 00:00:00+00:00, run_after=2024-09-04 00:00:00+00:00
[2024-09-04T21:13:02.064+0000] {processor.py:208} INFO - Processing /home/airflow/.local/lib/python3.12/site-packages/airflow/example_dags/tutorial.py took 0.073 seconds
[2024-09-04T21:13:33.050+0000] {processor.py:186} INFO - Started process (PID=1707) to work on /home/airflow/.local/lib/python3.12/site-packages/airflow/example_dags/tutorial.py
[2024-09-04T21:13:33.052+0000] {processor.py:914} INFO - Processing file /home/airflow/.local/lib/python3.12/site-packages/airflow/example_dags/tutorial.py for tasks to queue
[2024-09-04T21:13:33.054+0000] {logging_mixin.py:190} INFO - [2024-09-04T21:13:33.054+0000] {dagbag.py:587} INFO - Filling up the DagBag from /home/airflow/.local/lib/python3.12/site-packages/airflow/example_dags/tutorial.py
[2024-09-04T21:13:33.064+0000] {processor.py:925} INFO - DAG(s) 'tutorial' retrieved from /home/airflow/.local/lib/python3.12/site-packages/airflow/example_dags/tutorial.py
[2024-09-04T21:13:33.083+0000] {logging_mixin.py:190} INFO - [2024-09-04T21:13:33.082+0000] {dag.py:3211} INFO - Sync 1 DAGs
[2024-09-04T21:13:33.104+0000] {logging_mixin.py:190} INFO - [2024-09-04T21:13:33.104+0000] {dag.py:4138} INFO - Setting next_dagrun for tutorial to 2024-09-03 00:00:00+00:00, run_after=2024-09-04 00:00:00+00:00
[2024-09-04T21:13:33.128+0000] {processor.py:208} INFO - Processing /home/airflow/.local/lib/python3.12/site-packages/airflow/example_dags/tutorial.py took 0.082 seconds
[2024-09-04T21:14:03.989+0000] {processor.py:186} INFO - Started process (PID=1770) to work on /home/airflow/.local/lib/python3.12/site-packages/airflow/example_dags/tutorial.py
[2024-09-04T21:14:03.990+0000] {processor.py:914} INFO - Processing file /home/airflow/.local/lib/python3.12/site-packages/airflow/example_dags/tutorial.py for tasks to queue
[2024-09-04T21:14:03.993+0000] {logging_mixin.py:190} INFO - [2024-09-04T21:14:03.992+0000] {dagbag.py:587} INFO - Filling up the DagBag from /home/airflow/.local/lib/python3.12/site-packages/airflow/example_dags/tutorial.py
[2024-09-04T21:14:04.000+0000] {processor.py:925} INFO - DAG(s) 'tutorial' retrieved from /home/airflow/.local/lib/python3.12/site-packages/airflow/example_dags/tutorial.py
[2024-09-04T21:14:04.020+0000] {logging_mixin.py:190} INFO - [2024-09-04T21:14:04.020+0000] {dag.py:3211} INFO - Sync 1 DAGs
[2024-09-04T21:14:04.040+0000] {logging_mixin.py:190} INFO - [2024-09-04T21:14:04.040+0000] {dag.py:4138} INFO - Setting next_dagrun for tutorial to 2024-09-03 00:00:00+00:00, run_after=2024-09-04 00:00:00+00:00
[2024-09-04T21:14:04.061+0000] {processor.py:208} INFO - Processing /home/airflow/.local/lib/python3.12/site-packages/airflow/example_dags/tutorial.py took 0.076 seconds
[2024-09-04T21:14:34.847+0000] {processor.py:186} INFO - Started process (PID=1833) to work on /home/airflow/.local/lib/python3.12/site-packages/airflow/example_dags/tutorial.py
[2024-09-04T21:14:34.848+0000] {processor.py:914} INFO - Processing file /home/airflow/.local/lib/python3.12/site-packages/airflow/example_dags/tutorial.py for tasks to queue
[2024-09-04T21:14:34.851+0000] {logging_mixin.py:190} INFO - [2024-09-04T21:14:34.850+0000] {dagbag.py:587} INFO - Filling up the DagBag from /home/airflow/.local/lib/python3.12/site-packages/airflow/example_dags/tutorial.py
[2024-09-04T21:14:34.858+0000] {processor.py:925} INFO - DAG(s) 'tutorial' retrieved from /home/airflow/.local/lib/python3.12/site-packages/airflow/example_dags/tutorial.py
[2024-09-04T21:14:34.879+0000] {logging_mixin.py:190} INFO - [2024-09-04T21:14:34.879+0000] {dag.py:3211} INFO - Sync 1 DAGs
[2024-09-04T21:14:34.901+0000] {logging_mixin.py:190} INFO - [2024-09-04T21:14:34.901+0000] {dag.py:4138} INFO - Setting next_dagrun for tutorial to 2024-09-03 00:00:00+00:00, run_after=2024-09-04 00:00:00+00:00
[2024-09-04T21:14:34.921+0000] {processor.py:208} INFO - Processing /home/airflow/.local/lib/python3.12/site-packages/airflow/example_dags/tutorial.py took 0.079 seconds
[2024-09-04T21:15:06.628+0000] {processor.py:186} INFO - Started process (PID=1896) to work on /home/airflow/.local/lib/python3.12/site-packages/airflow/example_dags/tutorial.py
[2024-09-04T21:15:06.630+0000] {processor.py:914} INFO - Processing file /home/airflow/.local/lib/python3.12/site-packages/airflow/example_dags/tutorial.py for tasks to queue
[2024-09-04T21:15:06.636+0000] {logging_mixin.py:190} INFO - [2024-09-04T21:15:06.635+0000] {dagbag.py:587} INFO - Filling up the DagBag from /home/airflow/.local/lib/python3.12/site-packages/airflow/example_dags/tutorial.py
[2024-09-04T21:15:06.654+0000] {processor.py:925} INFO - DAG(s) 'tutorial' retrieved from /home/airflow/.local/lib/python3.12/site-packages/airflow/example_dags/tutorial.py
[2024-09-04T21:15:06.697+0000] {logging_mixin.py:190} INFO - [2024-09-04T21:15:06.697+0000] {dag.py:3211} INFO - Sync 1 DAGs
[2024-09-04T21:15:06.751+0000] {logging_mixin.py:190} INFO - [2024-09-04T21:15:06.751+0000] {dag.py:4138} INFO - Setting next_dagrun for tutorial to 2024-09-03 00:00:00+00:00, run_after=2024-09-04 00:00:00+00:00
[2024-09-04T21:15:06.792+0000] {processor.py:208} INFO - Processing /home/airflow/.local/lib/python3.12/site-packages/airflow/example_dags/tutorial.py took 0.177 seconds
[2024-09-04T21:15:37.216+0000] {processor.py:186} INFO - Started process (PID=1959) to work on /home/airflow/.local/lib/python3.12/site-packages/airflow/example_dags/tutorial.py
[2024-09-04T21:15:37.217+0000] {processor.py:914} INFO - Processing file /home/airflow/.local/lib/python3.12/site-packages/airflow/example_dags/tutorial.py for tasks to queue
[2024-09-04T21:15:37.221+0000] {logging_mixin.py:190} INFO - [2024-09-04T21:15:37.220+0000] {dagbag.py:587} INFO - Filling up the DagBag from /home/airflow/.local/lib/python3.12/site-packages/airflow/example_dags/tutorial.py
[2024-09-04T21:15:37.231+0000] {processor.py:925} INFO - DAG(s) 'tutorial' retrieved from /home/airflow/.local/lib/python3.12/site-packages/airflow/example_dags/tutorial.py
[2024-09-04T21:15:37.253+0000] {logging_mixin.py:190} INFO - [2024-09-04T21:15:37.253+0000] {dag.py:3211} INFO - Sync 1 DAGs
[2024-09-04T21:15:37.278+0000] {logging_mixin.py:190} INFO - [2024-09-04T21:15:37.277+0000] {dag.py:4138} INFO - Setting next_dagrun for tutorial to 2024-09-03 00:00:00+00:00, run_after=2024-09-04 00:00:00+00:00
[2024-09-04T21:15:37.295+0000] {processor.py:208} INFO - Processing /home/airflow/.local/lib/python3.12/site-packages/airflow/example_dags/tutorial.py took 0.084 seconds
[2024-09-04T21:16:08.289+0000] {processor.py:186} INFO - Started process (PID=2023) to work on /home/airflow/.local/lib/python3.12/site-packages/airflow/example_dags/tutorial.py
[2024-09-04T21:16:08.291+0000] {processor.py:914} INFO - Processing file /home/airflow/.local/lib/python3.12/site-packages/airflow/example_dags/tutorial.py for tasks to queue
[2024-09-04T21:16:08.293+0000] {logging_mixin.py:190} INFO - [2024-09-04T21:16:08.293+0000] {dagbag.py:587} INFO - Filling up the DagBag from /home/airflow/.local/lib/python3.12/site-packages/airflow/example_dags/tutorial.py
[2024-09-04T21:16:08.301+0000] {processor.py:925} INFO - DAG(s) 'tutorial' retrieved from /home/airflow/.local/lib/python3.12/site-packages/airflow/example_dags/tutorial.py
[2024-09-04T21:16:08.321+0000] {logging_mixin.py:190} INFO - [2024-09-04T21:16:08.321+0000] {dag.py:3211} INFO - Sync 1 DAGs
[2024-09-04T21:16:08.340+0000] {logging_mixin.py:190} INFO - [2024-09-04T21:16:08.340+0000] {dag.py:4138} INFO - Setting next_dagrun for tutorial to 2024-09-03 00:00:00+00:00, run_after=2024-09-04 00:00:00+00:00
[2024-09-04T21:16:08.360+0000] {processor.py:208} INFO - Processing /home/airflow/.local/lib/python3.12/site-packages/airflow/example_dags/tutorial.py took 0.076 seconds
[2024-09-04T21:16:38.657+0000] {processor.py:186} INFO - Started process (PID=2086) to work on /home/airflow/.local/lib/python3.12/site-packages/airflow/example_dags/tutorial.py
[2024-09-04T21:16:38.658+0000] {processor.py:914} INFO - Processing file /home/airflow/.local/lib/python3.12/site-packages/airflow/example_dags/tutorial.py for tasks to queue
[2024-09-04T21:16:38.660+0000] {logging_mixin.py:190} INFO - [2024-09-04T21:16:38.660+0000] {dagbag.py:587} INFO - Filling up the DagBag from /home/airflow/.local/lib/python3.12/site-packages/airflow/example_dags/tutorial.py
[2024-09-04T21:16:38.669+0000] {processor.py:925} INFO - DAG(s) 'tutorial' retrieved from /home/airflow/.local/lib/python3.12/site-packages/airflow/example_dags/tutorial.py
[2024-09-04T21:16:38.689+0000] {logging_mixin.py:190} INFO - [2024-09-04T21:16:38.689+0000] {dag.py:3211} INFO - Sync 1 DAGs
[2024-09-04T21:16:38.711+0000] {logging_mixin.py:190} INFO - [2024-09-04T21:16:38.711+0000] {dag.py:4138} INFO - Setting next_dagrun for tutorial to 2024-09-03 00:00:00+00:00, run_after=2024-09-04 00:00:00+00:00
[2024-09-04T21:16:38.732+0000] {processor.py:208} INFO - Processing /home/airflow/.local/lib/python3.12/site-packages/airflow/example_dags/tutorial.py took 0.080 seconds
[2024-09-04T21:17:08.981+0000] {processor.py:186} INFO - Started process (PID=2149) to work on /home/airflow/.local/lib/python3.12/site-packages/airflow/example_dags/tutorial.py
[2024-09-04T21:17:08.983+0000] {processor.py:914} INFO - Processing file /home/airflow/.local/lib/python3.12/site-packages/airflow/example_dags/tutorial.py for tasks to queue
[2024-09-04T21:17:08.985+0000] {logging_mixin.py:190} INFO - [2024-09-04T21:17:08.985+0000] {dagbag.py:587} INFO - Filling up the DagBag from /home/airflow/.local/lib/python3.12/site-packages/airflow/example_dags/tutorial.py
[2024-09-04T21:17:08.994+0000] {processor.py:925} INFO - DAG(s) 'tutorial' retrieved from /home/airflow/.local/lib/python3.12/site-packages/airflow/example_dags/tutorial.py
[2024-09-04T21:17:09.017+0000] {logging_mixin.py:190} INFO - [2024-09-04T21:17:09.017+0000] {dag.py:3211} INFO - Sync 1 DAGs
[2024-09-04T21:17:09.037+0000] {logging_mixin.py:190} INFO - [2024-09-04T21:17:09.037+0000] {dag.py:4138} INFO - Setting next_dagrun for tutorial to 2024-09-03 00:00:00+00:00, run_after=2024-09-04 00:00:00+00:00
[2024-09-04T21:17:09.060+0000] {processor.py:208} INFO - Processing /home/airflow/.local/lib/python3.12/site-packages/airflow/example_dags/tutorial.py took 0.084 seconds
[2024-09-04T21:17:39.252+0000] {processor.py:186} INFO - Started process (PID=2212) to work on /home/airflow/.local/lib/python3.12/site-packages/airflow/example_dags/tutorial.py
[2024-09-04T21:17:39.254+0000] {processor.py:914} INFO - Processing file /home/airflow/.local/lib/python3.12/site-packages/airflow/example_dags/tutorial.py for tasks to queue
[2024-09-04T21:17:39.256+0000] {logging_mixin.py:190} INFO - [2024-09-04T21:17:39.256+0000] {dagbag.py:587} INFO - Filling up the DagBag from /home/airflow/.local/lib/python3.12/site-packages/airflow/example_dags/tutorial.py
[2024-09-04T21:17:39.265+0000] {processor.py:925} INFO - DAG(s) 'tutorial' retrieved from /home/airflow/.local/lib/python3.12/site-packages/airflow/example_dags/tutorial.py
[2024-09-04T21:17:39.285+0000] {logging_mixin.py:190} INFO - [2024-09-04T21:17:39.285+0000] {dag.py:3211} INFO - Sync 1 DAGs
[2024-09-04T21:17:39.307+0000] {logging_mixin.py:190} INFO - [2024-09-04T21:17:39.306+0000] {dag.py:4138} INFO - Setting next_dagrun for tutorial to 2024-09-03 00:00:00+00:00, run_after=2024-09-04 00:00:00+00:00
[2024-09-04T21:17:39.327+0000] {processor.py:208} INFO - Processing /home/airflow/.local/lib/python3.12/site-packages/airflow/example_dags/tutorial.py took 0.080 seconds
[2024-09-04T21:18:09.588+0000] {processor.py:186} INFO - Started process (PID=2275) to work on /home/airflow/.local/lib/python3.12/site-packages/airflow/example_dags/tutorial.py
[2024-09-04T21:18:09.589+0000] {processor.py:914} INFO - Processing file /home/airflow/.local/lib/python3.12/site-packages/airflow/example_dags/tutorial.py for tasks to queue
[2024-09-04T21:18:09.591+0000] {logging_mixin.py:190} INFO - [2024-09-04T21:18:09.591+0000] {dagbag.py:587} INFO - Filling up the DagBag from /home/airflow/.local/lib/python3.12/site-packages/airflow/example_dags/tutorial.py
[2024-09-04T21:18:09.599+0000] {processor.py:925} INFO - DAG(s) 'tutorial' retrieved from /home/airflow/.local/lib/python3.12/site-packages/airflow/example_dags/tutorial.py
[2024-09-04T21:18:09.620+0000] {logging_mixin.py:190} INFO - [2024-09-04T21:18:09.620+0000] {dag.py:3211} INFO - Sync 1 DAGs
[2024-09-04T21:18:09.642+0000] {logging_mixin.py:190} INFO - [2024-09-04T21:18:09.641+0000] {dag.py:4138} INFO - Setting next_dagrun for tutorial to 2024-09-03 00:00:00+00:00, run_after=2024-09-04 00:00:00+00:00
[2024-09-04T21:18:09.661+0000] {processor.py:208} INFO - Processing /home/airflow/.local/lib/python3.12/site-packages/airflow/example_dags/tutorial.py took 0.078 seconds
[2024-09-04T21:18:39.872+0000] {processor.py:186} INFO - Started process (PID=2338) to work on /home/airflow/.local/lib/python3.12/site-packages/airflow/example_dags/tutorial.py
[2024-09-04T21:18:39.873+0000] {processor.py:914} INFO - Processing file /home/airflow/.local/lib/python3.12/site-packages/airflow/example_dags/tutorial.py for tasks to queue
[2024-09-04T21:18:39.876+0000] {logging_mixin.py:190} INFO - [2024-09-04T21:18:39.876+0000] {dagbag.py:587} INFO - Filling up the DagBag from /home/airflow/.local/lib/python3.12/site-packages/airflow/example_dags/tutorial.py
[2024-09-04T21:18:39.887+0000] {processor.py:925} INFO - DAG(s) 'tutorial' retrieved from /home/airflow/.local/lib/python3.12/site-packages/airflow/example_dags/tutorial.py
[2024-09-04T21:18:39.917+0000] {logging_mixin.py:190} INFO - [2024-09-04T21:18:39.917+0000] {dag.py:3211} INFO - Sync 1 DAGs
[2024-09-04T21:18:39.947+0000] {logging_mixin.py:190} INFO - [2024-09-04T21:18:39.947+0000] {dag.py:4138} INFO - Setting next_dagrun for tutorial to 2024-09-03 00:00:00+00:00, run_after=2024-09-04 00:00:00+00:00
[2024-09-04T21:18:39.975+0000] {processor.py:208} INFO - Processing /home/airflow/.local/lib/python3.12/site-packages/airflow/example_dags/tutorial.py took 0.111 seconds
