[2024-09-04T20:52:38.733+0000] {processor.py:186} INFO - Started process (PID=116) to work on /home/airflow/.local/lib/python3.12/site-packages/airflow/example_dags/tutorial_dag.py
[2024-09-04T20:52:38.734+0000] {processor.py:914} INFO - Processing file /home/airflow/.local/lib/python3.12/site-packages/airflow/example_dags/tutorial_dag.py for tasks to queue
[2024-09-04T20:52:38.737+0000] {logging_mixin.py:190} INFO - [2024-09-04T20:52:38.737+0000] {dagbag.py:587} INFO - Filling up the DagBag from /home/airflow/.local/lib/python3.12/site-packages/airflow/example_dags/tutorial_dag.py
[2024-09-04T20:52:38.748+0000] {processor.py:925} INFO - DAG(s) 'tutorial_dag' retrieved from /home/airflow/.local/lib/python3.12/site-packages/airflow/example_dags/tutorial_dag.py
[2024-09-04T20:52:38.879+0000] {logging_mixin.py:190} INFO - [2024-09-04T20:52:38.878+0000] {override.py:1858} INFO - Created Permission View: can delete on DAG:tutorial_dag
[2024-09-04T20:52:38.894+0000] {logging_mixin.py:190} INFO - [2024-09-04T20:52:38.893+0000] {override.py:1858} INFO - Created Permission View: can edit on DAG:tutorial_dag
[2024-09-04T20:52:38.901+0000] {logging_mixin.py:190} INFO - [2024-09-04T20:52:38.901+0000] {override.py:1858} INFO - Created Permission View: can read on DAG:tutorial_dag
[2024-09-04T20:52:38.902+0000] {logging_mixin.py:190} INFO - [2024-09-04T20:52:38.902+0000] {dag.py:3211} INFO - Sync 1 DAGs
[2024-09-04T20:52:38.914+0000] {logging_mixin.py:190} INFO - [2024-09-04T20:52:38.914+0000] {dag.py:3234} INFO - Creating ORM DAG for tutorial_dag
[2024-09-04T20:52:38.915+0000] {logging_mixin.py:190} INFO - [2024-09-04T20:52:38.915+0000] {dag.py:4138} INFO - Setting next_dagrun for tutorial_dag to None, run_after=None
[2024-09-04T20:52:38.934+0000] {processor.py:208} INFO - Processing /home/airflow/.local/lib/python3.12/site-packages/airflow/example_dags/tutorial_dag.py took 0.209 seconds
[2024-09-04T21:00:20.375+0000] {processor.py:186} INFO - Started process (PID=111) to work on /home/airflow/.local/lib/python3.12/site-packages/airflow/example_dags/tutorial_dag.py
[2024-09-04T21:00:20.378+0000] {processor.py:914} INFO - Processing file /home/airflow/.local/lib/python3.12/site-packages/airflow/example_dags/tutorial_dag.py for tasks to queue
[2024-09-04T21:00:20.382+0000] {logging_mixin.py:190} INFO - [2024-09-04T21:00:20.382+0000] {dagbag.py:587} INFO - Filling up the DagBag from /home/airflow/.local/lib/python3.12/site-packages/airflow/example_dags/tutorial_dag.py
[2024-09-04T21:00:20.397+0000] {processor.py:925} INFO - DAG(s) 'tutorial_dag' retrieved from /home/airflow/.local/lib/python3.12/site-packages/airflow/example_dags/tutorial_dag.py
[2024-09-04T21:00:20.440+0000] {logging_mixin.py:190} INFO - [2024-09-04T21:00:20.440+0000] {dag.py:3211} INFO - Sync 1 DAGs
[2024-09-04T21:00:20.470+0000] {logging_mixin.py:190} INFO - [2024-09-04T21:00:20.469+0000] {dag.py:4138} INFO - Setting next_dagrun for tutorial_dag to None, run_after=None
[2024-09-04T21:00:20.509+0000] {processor.py:208} INFO - Processing /home/airflow/.local/lib/python3.12/site-packages/airflow/example_dags/tutorial_dag.py took 0.144 seconds
[2024-09-04T21:00:50.645+0000] {processor.py:186} INFO - Started process (PID=173) to work on /home/airflow/.local/lib/python3.12/site-packages/airflow/example_dags/tutorial_dag.py
[2024-09-04T21:00:50.647+0000] {processor.py:914} INFO - Processing file /home/airflow/.local/lib/python3.12/site-packages/airflow/example_dags/tutorial_dag.py for tasks to queue
[2024-09-04T21:00:50.650+0000] {logging_mixin.py:190} INFO - [2024-09-04T21:00:50.649+0000] {dagbag.py:587} INFO - Filling up the DagBag from /home/airflow/.local/lib/python3.12/site-packages/airflow/example_dags/tutorial_dag.py
[2024-09-04T21:00:50.662+0000] {processor.py:925} INFO - DAG(s) 'tutorial_dag' retrieved from /home/airflow/.local/lib/python3.12/site-packages/airflow/example_dags/tutorial_dag.py
[2024-09-04T21:00:50.690+0000] {logging_mixin.py:190} INFO - [2024-09-04T21:00:50.690+0000] {dag.py:3211} INFO - Sync 1 DAGs
[2024-09-04T21:00:50.706+0000] {logging_mixin.py:190} INFO - [2024-09-04T21:00:50.706+0000] {dag.py:4138} INFO - Setting next_dagrun for tutorial_dag to None, run_after=None
[2024-09-04T21:00:50.726+0000] {processor.py:208} INFO - Processing /home/airflow/.local/lib/python3.12/site-packages/airflow/example_dags/tutorial_dag.py took 0.088 seconds
[2024-09-04T21:01:20.955+0000] {processor.py:186} INFO - Started process (PID=235) to work on /home/airflow/.local/lib/python3.12/site-packages/airflow/example_dags/tutorial_dag.py
[2024-09-04T21:01:20.957+0000] {processor.py:914} INFO - Processing file /home/airflow/.local/lib/python3.12/site-packages/airflow/example_dags/tutorial_dag.py for tasks to queue
[2024-09-04T21:01:20.960+0000] {logging_mixin.py:190} INFO - [2024-09-04T21:01:20.959+0000] {dagbag.py:587} INFO - Filling up the DagBag from /home/airflow/.local/lib/python3.12/site-packages/airflow/example_dags/tutorial_dag.py
[2024-09-04T21:01:20.968+0000] {processor.py:925} INFO - DAG(s) 'tutorial_dag' retrieved from /home/airflow/.local/lib/python3.12/site-packages/airflow/example_dags/tutorial_dag.py
[2024-09-04T21:01:20.990+0000] {logging_mixin.py:190} INFO - [2024-09-04T21:01:20.990+0000] {dag.py:3211} INFO - Sync 1 DAGs
[2024-09-04T21:01:21.005+0000] {logging_mixin.py:190} INFO - [2024-09-04T21:01:21.005+0000] {dag.py:4138} INFO - Setting next_dagrun for tutorial_dag to None, run_after=None
[2024-09-04T21:01:21.028+0000] {processor.py:208} INFO - Processing /home/airflow/.local/lib/python3.12/site-packages/airflow/example_dags/tutorial_dag.py took 0.078 seconds
[2024-09-04T21:01:51.988+0000] {processor.py:186} INFO - Started process (PID=297) to work on /home/airflow/.local/lib/python3.12/site-packages/airflow/example_dags/tutorial_dag.py
[2024-09-04T21:01:51.989+0000] {processor.py:914} INFO - Processing file /home/airflow/.local/lib/python3.12/site-packages/airflow/example_dags/tutorial_dag.py for tasks to queue
[2024-09-04T21:01:51.991+0000] {logging_mixin.py:190} INFO - [2024-09-04T21:01:51.991+0000] {dagbag.py:587} INFO - Filling up the DagBag from /home/airflow/.local/lib/python3.12/site-packages/airflow/example_dags/tutorial_dag.py
[2024-09-04T21:01:51.998+0000] {processor.py:925} INFO - DAG(s) 'tutorial_dag' retrieved from /home/airflow/.local/lib/python3.12/site-packages/airflow/example_dags/tutorial_dag.py
[2024-09-04T21:01:52.019+0000] {logging_mixin.py:190} INFO - [2024-09-04T21:01:52.019+0000] {dag.py:3211} INFO - Sync 1 DAGs
[2024-09-04T21:01:52.031+0000] {logging_mixin.py:190} INFO - [2024-09-04T21:01:52.031+0000] {dag.py:4138} INFO - Setting next_dagrun for tutorial_dag to None, run_after=None
[2024-09-04T21:01:52.053+0000] {processor.py:208} INFO - Processing /home/airflow/.local/lib/python3.12/site-packages/airflow/example_dags/tutorial_dag.py took 0.070 seconds
[2024-09-04T21:02:22.816+0000] {processor.py:186} INFO - Started process (PID=360) to work on /home/airflow/.local/lib/python3.12/site-packages/airflow/example_dags/tutorial_dag.py
[2024-09-04T21:02:22.817+0000] {processor.py:914} INFO - Processing file /home/airflow/.local/lib/python3.12/site-packages/airflow/example_dags/tutorial_dag.py for tasks to queue
[2024-09-04T21:02:22.820+0000] {logging_mixin.py:190} INFO - [2024-09-04T21:02:22.819+0000] {dagbag.py:587} INFO - Filling up the DagBag from /home/airflow/.local/lib/python3.12/site-packages/airflow/example_dags/tutorial_dag.py
[2024-09-04T21:02:22.827+0000] {processor.py:925} INFO - DAG(s) 'tutorial_dag' retrieved from /home/airflow/.local/lib/python3.12/site-packages/airflow/example_dags/tutorial_dag.py
[2024-09-04T21:02:22.846+0000] {logging_mixin.py:190} INFO - [2024-09-04T21:02:22.846+0000] {dag.py:3211} INFO - Sync 1 DAGs
[2024-09-04T21:02:22.858+0000] {logging_mixin.py:190} INFO - [2024-09-04T21:02:22.858+0000] {dag.py:4138} INFO - Setting next_dagrun for tutorial_dag to None, run_after=None
[2024-09-04T21:02:22.879+0000] {processor.py:208} INFO - Processing /home/airflow/.local/lib/python3.12/site-packages/airflow/example_dags/tutorial_dag.py took 0.068 seconds
[2024-09-04T21:02:53.403+0000] {processor.py:186} INFO - Started process (PID=422) to work on /home/airflow/.local/lib/python3.12/site-packages/airflow/example_dags/tutorial_dag.py
[2024-09-04T21:02:53.404+0000] {processor.py:914} INFO - Processing file /home/airflow/.local/lib/python3.12/site-packages/airflow/example_dags/tutorial_dag.py for tasks to queue
[2024-09-04T21:02:53.407+0000] {logging_mixin.py:190} INFO - [2024-09-04T21:02:53.407+0000] {dagbag.py:587} INFO - Filling up the DagBag from /home/airflow/.local/lib/python3.12/site-packages/airflow/example_dags/tutorial_dag.py
[2024-09-04T21:02:53.414+0000] {processor.py:925} INFO - DAG(s) 'tutorial_dag' retrieved from /home/airflow/.local/lib/python3.12/site-packages/airflow/example_dags/tutorial_dag.py
[2024-09-04T21:02:53.433+0000] {logging_mixin.py:190} INFO - [2024-09-04T21:02:53.433+0000] {dag.py:3211} INFO - Sync 1 DAGs
[2024-09-04T21:02:53.446+0000] {logging_mixin.py:190} INFO - [2024-09-04T21:02:53.446+0000] {dag.py:4138} INFO - Setting next_dagrun for tutorial_dag to None, run_after=None
[2024-09-04T21:02:53.466+0000] {processor.py:208} INFO - Processing /home/airflow/.local/lib/python3.12/site-packages/airflow/example_dags/tutorial_dag.py took 0.068 seconds
[2024-09-04T21:03:24.472+0000] {processor.py:186} INFO - Started process (PID=484) to work on /home/airflow/.local/lib/python3.12/site-packages/airflow/example_dags/tutorial_dag.py
[2024-09-04T21:03:24.476+0000] {processor.py:914} INFO - Processing file /home/airflow/.local/lib/python3.12/site-packages/airflow/example_dags/tutorial_dag.py for tasks to queue
[2024-09-04T21:03:24.484+0000] {logging_mixin.py:190} INFO - [2024-09-04T21:03:24.483+0000] {dagbag.py:587} INFO - Filling up the DagBag from /home/airflow/.local/lib/python3.12/site-packages/airflow/example_dags/tutorial_dag.py
[2024-09-04T21:03:24.503+0000] {processor.py:925} INFO - DAG(s) 'tutorial_dag' retrieved from /home/airflow/.local/lib/python3.12/site-packages/airflow/example_dags/tutorial_dag.py
[2024-09-04T21:03:24.553+0000] {logging_mixin.py:190} INFO - [2024-09-04T21:03:24.552+0000] {dag.py:3211} INFO - Sync 1 DAGs
[2024-09-04T21:03:24.589+0000] {logging_mixin.py:190} INFO - [2024-09-04T21:03:24.588+0000] {dag.py:4138} INFO - Setting next_dagrun for tutorial_dag to None, run_after=None
[2024-09-04T21:03:24.634+0000] {processor.py:208} INFO - Processing /home/airflow/.local/lib/python3.12/site-packages/airflow/example_dags/tutorial_dag.py took 0.180 seconds
[2024-09-04T21:03:55.179+0000] {processor.py:186} INFO - Started process (PID=552) to work on /home/airflow/.local/lib/python3.12/site-packages/airflow/example_dags/tutorial_dag.py
[2024-09-04T21:03:55.181+0000] {processor.py:914} INFO - Processing file /home/airflow/.local/lib/python3.12/site-packages/airflow/example_dags/tutorial_dag.py for tasks to queue
[2024-09-04T21:03:55.187+0000] {logging_mixin.py:190} INFO - [2024-09-04T21:03:55.187+0000] {dagbag.py:587} INFO - Filling up the DagBag from /home/airflow/.local/lib/python3.12/site-packages/airflow/example_dags/tutorial_dag.py
[2024-09-04T21:03:55.204+0000] {processor.py:925} INFO - DAG(s) 'tutorial_dag' retrieved from /home/airflow/.local/lib/python3.12/site-packages/airflow/example_dags/tutorial_dag.py
[2024-09-04T21:03:55.255+0000] {logging_mixin.py:190} INFO - [2024-09-04T21:03:55.255+0000] {dag.py:3211} INFO - Sync 1 DAGs
[2024-09-04T21:03:55.292+0000] {logging_mixin.py:190} INFO - [2024-09-04T21:03:55.291+0000] {dag.py:4138} INFO - Setting next_dagrun for tutorial_dag to None, run_after=None
[2024-09-04T21:03:55.335+0000] {processor.py:208} INFO - Processing /home/airflow/.local/lib/python3.12/site-packages/airflow/example_dags/tutorial_dag.py took 0.172 seconds
[2024-09-04T21:04:25.555+0000] {processor.py:186} INFO - Started process (PID=614) to work on /home/airflow/.local/lib/python3.12/site-packages/airflow/example_dags/tutorial_dag.py
[2024-09-04T21:04:25.556+0000] {processor.py:914} INFO - Processing file /home/airflow/.local/lib/python3.12/site-packages/airflow/example_dags/tutorial_dag.py for tasks to queue
[2024-09-04T21:04:25.561+0000] {logging_mixin.py:190} INFO - [2024-09-04T21:04:25.560+0000] {dagbag.py:587} INFO - Filling up the DagBag from /home/airflow/.local/lib/python3.12/site-packages/airflow/example_dags/tutorial_dag.py
[2024-09-04T21:04:25.572+0000] {processor.py:925} INFO - DAG(s) 'tutorial_dag' retrieved from /home/airflow/.local/lib/python3.12/site-packages/airflow/example_dags/tutorial_dag.py
[2024-09-04T21:04:25.603+0000] {logging_mixin.py:190} INFO - [2024-09-04T21:04:25.602+0000] {dag.py:3211} INFO - Sync 1 DAGs
[2024-09-04T21:04:25.625+0000] {logging_mixin.py:190} INFO - [2024-09-04T21:04:25.625+0000] {dag.py:4138} INFO - Setting next_dagrun for tutorial_dag to None, run_after=None
[2024-09-04T21:04:25.653+0000] {processor.py:208} INFO - Processing /home/airflow/.local/lib/python3.12/site-packages/airflow/example_dags/tutorial_dag.py took 0.109 seconds
[2024-09-04T21:04:56.275+0000] {processor.py:186} INFO - Started process (PID=676) to work on /home/airflow/.local/lib/python3.12/site-packages/airflow/example_dags/tutorial_dag.py
[2024-09-04T21:04:56.276+0000] {processor.py:914} INFO - Processing file /home/airflow/.local/lib/python3.12/site-packages/airflow/example_dags/tutorial_dag.py for tasks to queue
[2024-09-04T21:04:56.280+0000] {logging_mixin.py:190} INFO - [2024-09-04T21:04:56.280+0000] {dagbag.py:587} INFO - Filling up the DagBag from /home/airflow/.local/lib/python3.12/site-packages/airflow/example_dags/tutorial_dag.py
[2024-09-04T21:04:56.289+0000] {processor.py:925} INFO - DAG(s) 'tutorial_dag' retrieved from /home/airflow/.local/lib/python3.12/site-packages/airflow/example_dags/tutorial_dag.py
[2024-09-04T21:04:56.317+0000] {logging_mixin.py:190} INFO - [2024-09-04T21:04:56.317+0000] {dag.py:3211} INFO - Sync 1 DAGs
[2024-09-04T21:04:56.335+0000] {logging_mixin.py:190} INFO - [2024-09-04T21:04:56.335+0000] {dag.py:4138} INFO - Setting next_dagrun for tutorial_dag to None, run_after=None
[2024-09-04T21:04:56.362+0000] {processor.py:208} INFO - Processing /home/airflow/.local/lib/python3.12/site-packages/airflow/example_dags/tutorial_dag.py took 0.098 seconds
[2024-09-04T21:05:27.231+0000] {processor.py:186} INFO - Started process (PID=738) to work on /home/airflow/.local/lib/python3.12/site-packages/airflow/example_dags/tutorial_dag.py
[2024-09-04T21:05:27.234+0000] {processor.py:914} INFO - Processing file /home/airflow/.local/lib/python3.12/site-packages/airflow/example_dags/tutorial_dag.py for tasks to queue
[2024-09-04T21:05:27.239+0000] {logging_mixin.py:190} INFO - [2024-09-04T21:05:27.238+0000] {dagbag.py:587} INFO - Filling up the DagBag from /home/airflow/.local/lib/python3.12/site-packages/airflow/example_dags/tutorial_dag.py
[2024-09-04T21:05:27.255+0000] {processor.py:925} INFO - DAG(s) 'tutorial_dag' retrieved from /home/airflow/.local/lib/python3.12/site-packages/airflow/example_dags/tutorial_dag.py
[2024-09-04T21:05:27.296+0000] {logging_mixin.py:190} INFO - [2024-09-04T21:05:27.295+0000] {dag.py:3211} INFO - Sync 1 DAGs
[2024-09-04T21:05:27.323+0000] {logging_mixin.py:190} INFO - [2024-09-04T21:05:27.323+0000] {dag.py:4138} INFO - Setting next_dagrun for tutorial_dag to None, run_after=None
[2024-09-04T21:05:27.358+0000] {processor.py:208} INFO - Processing /home/airflow/.local/lib/python3.12/site-packages/airflow/example_dags/tutorial_dag.py took 0.138 seconds
[2024-09-04T21:05:57.918+0000] {processor.py:186} INFO - Started process (PID=800) to work on /home/airflow/.local/lib/python3.12/site-packages/airflow/example_dags/tutorial_dag.py
[2024-09-04T21:05:57.920+0000] {processor.py:914} INFO - Processing file /home/airflow/.local/lib/python3.12/site-packages/airflow/example_dags/tutorial_dag.py for tasks to queue
[2024-09-04T21:05:57.922+0000] {logging_mixin.py:190} INFO - [2024-09-04T21:05:57.922+0000] {dagbag.py:587} INFO - Filling up the DagBag from /home/airflow/.local/lib/python3.12/site-packages/airflow/example_dags/tutorial_dag.py
[2024-09-04T21:05:57.929+0000] {processor.py:925} INFO - DAG(s) 'tutorial_dag' retrieved from /home/airflow/.local/lib/python3.12/site-packages/airflow/example_dags/tutorial_dag.py
[2024-09-04T21:05:57.948+0000] {logging_mixin.py:190} INFO - [2024-09-04T21:05:57.948+0000] {dag.py:3211} INFO - Sync 1 DAGs
[2024-09-04T21:05:57.963+0000] {logging_mixin.py:190} INFO - [2024-09-04T21:05:57.962+0000] {dag.py:4138} INFO - Setting next_dagrun for tutorial_dag to None, run_after=None
[2024-09-04T21:05:57.981+0000] {processor.py:208} INFO - Processing /home/airflow/.local/lib/python3.12/site-packages/airflow/example_dags/tutorial_dag.py took 0.068 seconds
[2024-09-04T21:06:31.992+0000] {processor.py:186} INFO - Started process (PID=861) to work on /home/airflow/.local/lib/python3.12/site-packages/airflow/example_dags/tutorial_dag.py
[2024-09-04T21:06:31.999+0000] {processor.py:914} INFO - Processing file /home/airflow/.local/lib/python3.12/site-packages/airflow/example_dags/tutorial_dag.py for tasks to queue
[2024-09-04T21:06:32.006+0000] {logging_mixin.py:190} INFO - [2024-09-04T21:06:32.005+0000] {dagbag.py:587} INFO - Filling up the DagBag from /home/airflow/.local/lib/python3.12/site-packages/airflow/example_dags/tutorial_dag.py
[2024-09-04T21:06:32.044+0000] {processor.py:925} INFO - DAG(s) 'tutorial_dag' retrieved from /home/airflow/.local/lib/python3.12/site-packages/airflow/example_dags/tutorial_dag.py
[2024-09-04T21:06:32.173+0000] {logging_mixin.py:190} INFO - [2024-09-04T21:06:32.173+0000] {dag.py:3211} INFO - Sync 1 DAGs
[2024-09-04T21:06:32.334+0000] {logging_mixin.py:190} INFO - [2024-09-04T21:06:32.333+0000] {dag.py:4138} INFO - Setting next_dagrun for tutorial_dag to None, run_after=None
[2024-09-04T21:06:32.420+0000] {processor.py:208} INFO - Processing /home/airflow/.local/lib/python3.12/site-packages/airflow/example_dags/tutorial_dag.py took 0.450 seconds
[2024-09-04T21:07:02.800+0000] {processor.py:186} INFO - Started process (PID=923) to work on /home/airflow/.local/lib/python3.12/site-packages/airflow/example_dags/tutorial_dag.py
[2024-09-04T21:07:02.802+0000] {processor.py:914} INFO - Processing file /home/airflow/.local/lib/python3.12/site-packages/airflow/example_dags/tutorial_dag.py for tasks to queue
[2024-09-04T21:07:02.806+0000] {logging_mixin.py:190} INFO - [2024-09-04T21:07:02.805+0000] {dagbag.py:587} INFO - Filling up the DagBag from /home/airflow/.local/lib/python3.12/site-packages/airflow/example_dags/tutorial_dag.py
[2024-09-04T21:07:02.816+0000] {processor.py:925} INFO - DAG(s) 'tutorial_dag' retrieved from /home/airflow/.local/lib/python3.12/site-packages/airflow/example_dags/tutorial_dag.py
[2024-09-04T21:07:02.861+0000] {logging_mixin.py:190} INFO - [2024-09-04T21:07:02.861+0000] {dag.py:3211} INFO - Sync 1 DAGs
[2024-09-04T21:07:02.883+0000] {logging_mixin.py:190} INFO - [2024-09-04T21:07:02.883+0000] {dag.py:4138} INFO - Setting next_dagrun for tutorial_dag to None, run_after=None
[2024-09-04T21:07:02.921+0000] {processor.py:208} INFO - Processing /home/airflow/.local/lib/python3.12/site-packages/airflow/example_dags/tutorial_dag.py took 0.130 seconds
[2024-09-04T21:07:33.102+0000] {processor.py:186} INFO - Started process (PID=985) to work on /home/airflow/.local/lib/python3.12/site-packages/airflow/example_dags/tutorial_dag.py
[2024-09-04T21:07:33.103+0000] {processor.py:914} INFO - Processing file /home/airflow/.local/lib/python3.12/site-packages/airflow/example_dags/tutorial_dag.py for tasks to queue
[2024-09-04T21:07:33.105+0000] {logging_mixin.py:190} INFO - [2024-09-04T21:07:33.105+0000] {dagbag.py:587} INFO - Filling up the DagBag from /home/airflow/.local/lib/python3.12/site-packages/airflow/example_dags/tutorial_dag.py
[2024-09-04T21:07:33.116+0000] {processor.py:925} INFO - DAG(s) 'tutorial_dag' retrieved from /home/airflow/.local/lib/python3.12/site-packages/airflow/example_dags/tutorial_dag.py
[2024-09-04T21:07:33.138+0000] {logging_mixin.py:190} INFO - [2024-09-04T21:07:33.138+0000] {dag.py:3211} INFO - Sync 1 DAGs
[2024-09-04T21:07:33.163+0000] {logging_mixin.py:190} INFO - [2024-09-04T21:07:33.162+0000] {dag.py:4138} INFO - Setting next_dagrun for tutorial_dag to None, run_after=None
[2024-09-04T21:07:33.196+0000] {processor.py:208} INFO - Processing /home/airflow/.local/lib/python3.12/site-packages/airflow/example_dags/tutorial_dag.py took 0.099 seconds
[2024-09-04T21:08:03.808+0000] {processor.py:186} INFO - Started process (PID=1048) to work on /home/airflow/.local/lib/python3.12/site-packages/airflow/example_dags/tutorial_dag.py
[2024-09-04T21:08:03.809+0000] {processor.py:914} INFO - Processing file /home/airflow/.local/lib/python3.12/site-packages/airflow/example_dags/tutorial_dag.py for tasks to queue
[2024-09-04T21:08:03.812+0000] {logging_mixin.py:190} INFO - [2024-09-04T21:08:03.811+0000] {dagbag.py:587} INFO - Filling up the DagBag from /home/airflow/.local/lib/python3.12/site-packages/airflow/example_dags/tutorial_dag.py
[2024-09-04T21:08:03.819+0000] {processor.py:925} INFO - DAG(s) 'tutorial_dag' retrieved from /home/airflow/.local/lib/python3.12/site-packages/airflow/example_dags/tutorial_dag.py
[2024-09-04T21:08:03.842+0000] {logging_mixin.py:190} INFO - [2024-09-04T21:08:03.841+0000] {dag.py:3211} INFO - Sync 1 DAGs
[2024-09-04T21:08:03.856+0000] {logging_mixin.py:190} INFO - [2024-09-04T21:08:03.855+0000] {dag.py:4138} INFO - Setting next_dagrun for tutorial_dag to None, run_after=None
[2024-09-04T21:08:03.874+0000] {processor.py:208} INFO - Processing /home/airflow/.local/lib/python3.12/site-packages/airflow/example_dags/tutorial_dag.py took 0.071 seconds
[2024-09-04T21:08:34.348+0000] {processor.py:186} INFO - Started process (PID=1110) to work on /home/airflow/.local/lib/python3.12/site-packages/airflow/example_dags/tutorial_dag.py
[2024-09-04T21:08:34.349+0000] {processor.py:914} INFO - Processing file /home/airflow/.local/lib/python3.12/site-packages/airflow/example_dags/tutorial_dag.py for tasks to queue
[2024-09-04T21:08:34.351+0000] {logging_mixin.py:190} INFO - [2024-09-04T21:08:34.351+0000] {dagbag.py:587} INFO - Filling up the DagBag from /home/airflow/.local/lib/python3.12/site-packages/airflow/example_dags/tutorial_dag.py
[2024-09-04T21:08:34.357+0000] {processor.py:925} INFO - DAG(s) 'tutorial_dag' retrieved from /home/airflow/.local/lib/python3.12/site-packages/airflow/example_dags/tutorial_dag.py
[2024-09-04T21:08:34.376+0000] {logging_mixin.py:190} INFO - [2024-09-04T21:08:34.376+0000] {dag.py:3211} INFO - Sync 1 DAGs
[2024-09-04T21:08:34.388+0000] {logging_mixin.py:190} INFO - [2024-09-04T21:08:34.388+0000] {dag.py:4138} INFO - Setting next_dagrun for tutorial_dag to None, run_after=None
[2024-09-04T21:08:34.408+0000] {processor.py:208} INFO - Processing /home/airflow/.local/lib/python3.12/site-packages/airflow/example_dags/tutorial_dag.py took 0.065 seconds
[2024-09-04T21:09:04.852+0000] {processor.py:186} INFO - Started process (PID=1172) to work on /home/airflow/.local/lib/python3.12/site-packages/airflow/example_dags/tutorial_dag.py
[2024-09-04T21:09:04.854+0000] {processor.py:914} INFO - Processing file /home/airflow/.local/lib/python3.12/site-packages/airflow/example_dags/tutorial_dag.py for tasks to queue
[2024-09-04T21:09:04.856+0000] {logging_mixin.py:190} INFO - [2024-09-04T21:09:04.856+0000] {dagbag.py:587} INFO - Filling up the DagBag from /home/airflow/.local/lib/python3.12/site-packages/airflow/example_dags/tutorial_dag.py
[2024-09-04T21:09:04.862+0000] {processor.py:925} INFO - DAG(s) 'tutorial_dag' retrieved from /home/airflow/.local/lib/python3.12/site-packages/airflow/example_dags/tutorial_dag.py
[2024-09-04T21:09:04.880+0000] {logging_mixin.py:190} INFO - [2024-09-04T21:09:04.880+0000] {dag.py:3211} INFO - Sync 1 DAGs
[2024-09-04T21:09:04.892+0000] {logging_mixin.py:190} INFO - [2024-09-04T21:09:04.892+0000] {dag.py:4138} INFO - Setting next_dagrun for tutorial_dag to None, run_after=None
[2024-09-04T21:09:04.912+0000] {processor.py:208} INFO - Processing /home/airflow/.local/lib/python3.12/site-packages/airflow/example_dags/tutorial_dag.py took 0.064 seconds
[2024-09-04T21:09:35.282+0000] {processor.py:186} INFO - Started process (PID=1234) to work on /home/airflow/.local/lib/python3.12/site-packages/airflow/example_dags/tutorial_dag.py
[2024-09-04T21:09:35.284+0000] {processor.py:914} INFO - Processing file /home/airflow/.local/lib/python3.12/site-packages/airflow/example_dags/tutorial_dag.py for tasks to queue
[2024-09-04T21:09:35.286+0000] {logging_mixin.py:190} INFO - [2024-09-04T21:09:35.286+0000] {dagbag.py:587} INFO - Filling up the DagBag from /home/airflow/.local/lib/python3.12/site-packages/airflow/example_dags/tutorial_dag.py
[2024-09-04T21:09:35.292+0000] {processor.py:925} INFO - DAG(s) 'tutorial_dag' retrieved from /home/airflow/.local/lib/python3.12/site-packages/airflow/example_dags/tutorial_dag.py
[2024-09-04T21:09:35.311+0000] {logging_mixin.py:190} INFO - [2024-09-04T21:09:35.311+0000] {dag.py:3211} INFO - Sync 1 DAGs
[2024-09-04T21:09:35.322+0000] {logging_mixin.py:190} INFO - [2024-09-04T21:09:35.322+0000] {dag.py:4138} INFO - Setting next_dagrun for tutorial_dag to None, run_after=None
[2024-09-04T21:09:35.343+0000] {processor.py:208} INFO - Processing /home/airflow/.local/lib/python3.12/site-packages/airflow/example_dags/tutorial_dag.py took 0.065 seconds
[2024-09-04T21:10:05.730+0000] {processor.py:186} INFO - Started process (PID=1296) to work on /home/airflow/.local/lib/python3.12/site-packages/airflow/example_dags/tutorial_dag.py
[2024-09-04T21:10:05.732+0000] {processor.py:914} INFO - Processing file /home/airflow/.local/lib/python3.12/site-packages/airflow/example_dags/tutorial_dag.py for tasks to queue
[2024-09-04T21:10:05.734+0000] {logging_mixin.py:190} INFO - [2024-09-04T21:10:05.734+0000] {dagbag.py:587} INFO - Filling up the DagBag from /home/airflow/.local/lib/python3.12/site-packages/airflow/example_dags/tutorial_dag.py
[2024-09-04T21:10:05.742+0000] {processor.py:925} INFO - DAG(s) 'tutorial_dag' retrieved from /home/airflow/.local/lib/python3.12/site-packages/airflow/example_dags/tutorial_dag.py
[2024-09-04T21:10:05.762+0000] {logging_mixin.py:190} INFO - [2024-09-04T21:10:05.762+0000] {dag.py:3211} INFO - Sync 1 DAGs
[2024-09-04T21:10:05.774+0000] {logging_mixin.py:190} INFO - [2024-09-04T21:10:05.774+0000] {dag.py:4138} INFO - Setting next_dagrun for tutorial_dag to None, run_after=None
[2024-09-04T21:10:05.795+0000] {processor.py:208} INFO - Processing /home/airflow/.local/lib/python3.12/site-packages/airflow/example_dags/tutorial_dag.py took 0.069 seconds
[2024-09-04T21:10:36.533+0000] {processor.py:186} INFO - Started process (PID=1359) to work on /home/airflow/.local/lib/python3.12/site-packages/airflow/example_dags/tutorial_dag.py
[2024-09-04T21:10:36.534+0000] {processor.py:914} INFO - Processing file /home/airflow/.local/lib/python3.12/site-packages/airflow/example_dags/tutorial_dag.py for tasks to queue
[2024-09-04T21:10:36.536+0000] {logging_mixin.py:190} INFO - [2024-09-04T21:10:36.536+0000] {dagbag.py:587} INFO - Filling up the DagBag from /home/airflow/.local/lib/python3.12/site-packages/airflow/example_dags/tutorial_dag.py
[2024-09-04T21:10:36.548+0000] {processor.py:925} INFO - DAG(s) 'tutorial_dag' retrieved from /home/airflow/.local/lib/python3.12/site-packages/airflow/example_dags/tutorial_dag.py
[2024-09-04T21:10:36.576+0000] {logging_mixin.py:190} INFO - [2024-09-04T21:10:36.575+0000] {dag.py:3211} INFO - Sync 1 DAGs
[2024-09-04T21:10:36.594+0000] {logging_mixin.py:190} INFO - [2024-09-04T21:10:36.594+0000] {dag.py:4138} INFO - Setting next_dagrun for tutorial_dag to None, run_after=None
[2024-09-04T21:10:36.626+0000] {processor.py:208} INFO - Processing /home/airflow/.local/lib/python3.12/site-packages/airflow/example_dags/tutorial_dag.py took 0.099 seconds
[2024-09-04T21:11:06.867+0000] {processor.py:186} INFO - Started process (PID=1422) to work on /home/airflow/.local/lib/python3.12/site-packages/airflow/example_dags/tutorial_dag.py
[2024-09-04T21:11:06.869+0000] {processor.py:914} INFO - Processing file /home/airflow/.local/lib/python3.12/site-packages/airflow/example_dags/tutorial_dag.py for tasks to queue
[2024-09-04T21:11:06.871+0000] {logging_mixin.py:190} INFO - [2024-09-04T21:11:06.871+0000] {dagbag.py:587} INFO - Filling up the DagBag from /home/airflow/.local/lib/python3.12/site-packages/airflow/example_dags/tutorial_dag.py
[2024-09-04T21:11:06.878+0000] {processor.py:925} INFO - DAG(s) 'tutorial_dag' retrieved from /home/airflow/.local/lib/python3.12/site-packages/airflow/example_dags/tutorial_dag.py
[2024-09-04T21:11:06.898+0000] {logging_mixin.py:190} INFO - [2024-09-04T21:11:06.897+0000] {dag.py:3211} INFO - Sync 1 DAGs
[2024-09-04T21:11:06.912+0000] {logging_mixin.py:190} INFO - [2024-09-04T21:11:06.912+0000] {dag.py:4138} INFO - Setting next_dagrun for tutorial_dag to None, run_after=None
[2024-09-04T21:11:06.933+0000] {processor.py:208} INFO - Processing /home/airflow/.local/lib/python3.12/site-packages/airflow/example_dags/tutorial_dag.py took 0.070 seconds
[2024-09-04T21:11:37.125+0000] {processor.py:186} INFO - Started process (PID=1485) to work on /home/airflow/.local/lib/python3.12/site-packages/airflow/example_dags/tutorial_dag.py
[2024-09-04T21:11:37.127+0000] {processor.py:914} INFO - Processing file /home/airflow/.local/lib/python3.12/site-packages/airflow/example_dags/tutorial_dag.py for tasks to queue
[2024-09-04T21:11:37.129+0000] {logging_mixin.py:190} INFO - [2024-09-04T21:11:37.129+0000] {dagbag.py:587} INFO - Filling up the DagBag from /home/airflow/.local/lib/python3.12/site-packages/airflow/example_dags/tutorial_dag.py
[2024-09-04T21:11:37.136+0000] {processor.py:925} INFO - DAG(s) 'tutorial_dag' retrieved from /home/airflow/.local/lib/python3.12/site-packages/airflow/example_dags/tutorial_dag.py
[2024-09-04T21:11:37.159+0000] {logging_mixin.py:190} INFO - [2024-09-04T21:11:37.158+0000] {dag.py:3211} INFO - Sync 1 DAGs
[2024-09-04T21:11:37.172+0000] {logging_mixin.py:190} INFO - [2024-09-04T21:11:37.172+0000] {dag.py:4138} INFO - Setting next_dagrun for tutorial_dag to None, run_after=None
[2024-09-04T21:11:37.192+0000] {processor.py:208} INFO - Processing /home/airflow/.local/lib/python3.12/site-packages/airflow/example_dags/tutorial_dag.py took 0.072 seconds
[2024-09-04T21:12:07.312+0000] {processor.py:186} INFO - Started process (PID=1548) to work on /home/airflow/.local/lib/python3.12/site-packages/airflow/example_dags/tutorial_dag.py
[2024-09-04T21:12:07.313+0000] {processor.py:914} INFO - Processing file /home/airflow/.local/lib/python3.12/site-packages/airflow/example_dags/tutorial_dag.py for tasks to queue
[2024-09-04T21:12:07.316+0000] {logging_mixin.py:190} INFO - [2024-09-04T21:12:07.315+0000] {dagbag.py:587} INFO - Filling up the DagBag from /home/airflow/.local/lib/python3.12/site-packages/airflow/example_dags/tutorial_dag.py
[2024-09-04T21:12:07.322+0000] {processor.py:925} INFO - DAG(s) 'tutorial_dag' retrieved from /home/airflow/.local/lib/python3.12/site-packages/airflow/example_dags/tutorial_dag.py
[2024-09-04T21:12:07.343+0000] {logging_mixin.py:190} INFO - [2024-09-04T21:12:07.343+0000] {dag.py:3211} INFO - Sync 1 DAGs
[2024-09-04T21:12:07.357+0000] {logging_mixin.py:190} INFO - [2024-09-04T21:12:07.357+0000] {dag.py:4138} INFO - Setting next_dagrun for tutorial_dag to None, run_after=None
[2024-09-04T21:12:07.376+0000] {processor.py:208} INFO - Processing /home/airflow/.local/lib/python3.12/site-packages/airflow/example_dags/tutorial_dag.py took 0.070 seconds
[2024-09-04T21:12:38.256+0000] {processor.py:186} INFO - Started process (PID=1612) to work on /home/airflow/.local/lib/python3.12/site-packages/airflow/example_dags/tutorial_dag.py
[2024-09-04T21:12:38.257+0000] {processor.py:914} INFO - Processing file /home/airflow/.local/lib/python3.12/site-packages/airflow/example_dags/tutorial_dag.py for tasks to queue
[2024-09-04T21:12:38.259+0000] {logging_mixin.py:190} INFO - [2024-09-04T21:12:38.259+0000] {dagbag.py:587} INFO - Filling up the DagBag from /home/airflow/.local/lib/python3.12/site-packages/airflow/example_dags/tutorial_dag.py
[2024-09-04T21:12:38.266+0000] {processor.py:925} INFO - DAG(s) 'tutorial_dag' retrieved from /home/airflow/.local/lib/python3.12/site-packages/airflow/example_dags/tutorial_dag.py
[2024-09-04T21:12:38.286+0000] {logging_mixin.py:190} INFO - [2024-09-04T21:12:38.285+0000] {dag.py:3211} INFO - Sync 1 DAGs
[2024-09-04T21:12:38.297+0000] {logging_mixin.py:190} INFO - [2024-09-04T21:12:38.297+0000] {dag.py:4138} INFO - Setting next_dagrun for tutorial_dag to None, run_after=None
[2024-09-04T21:12:38.316+0000] {processor.py:208} INFO - Processing /home/airflow/.local/lib/python3.12/site-packages/airflow/example_dags/tutorial_dag.py took 0.065 seconds
[2024-09-04T21:13:09.171+0000] {processor.py:186} INFO - Started process (PID=1675) to work on /home/airflow/.local/lib/python3.12/site-packages/airflow/example_dags/tutorial_dag.py
[2024-09-04T21:13:09.172+0000] {processor.py:914} INFO - Processing file /home/airflow/.local/lib/python3.12/site-packages/airflow/example_dags/tutorial_dag.py for tasks to queue
[2024-09-04T21:13:09.174+0000] {logging_mixin.py:190} INFO - [2024-09-04T21:13:09.174+0000] {dagbag.py:587} INFO - Filling up the DagBag from /home/airflow/.local/lib/python3.12/site-packages/airflow/example_dags/tutorial_dag.py
[2024-09-04T21:13:09.181+0000] {processor.py:925} INFO - DAG(s) 'tutorial_dag' retrieved from /home/airflow/.local/lib/python3.12/site-packages/airflow/example_dags/tutorial_dag.py
[2024-09-04T21:13:09.202+0000] {logging_mixin.py:190} INFO - [2024-09-04T21:13:09.202+0000] {dag.py:3211} INFO - Sync 1 DAGs
[2024-09-04T21:13:09.214+0000] {logging_mixin.py:190} INFO - [2024-09-04T21:13:09.214+0000] {dag.py:4138} INFO - Setting next_dagrun for tutorial_dag to None, run_after=None
[2024-09-04T21:13:09.233+0000] {processor.py:208} INFO - Processing /home/airflow/.local/lib/python3.12/site-packages/airflow/example_dags/tutorial_dag.py took 0.067 seconds
[2024-09-04T21:13:39.375+0000] {processor.py:186} INFO - Started process (PID=1738) to work on /home/airflow/.local/lib/python3.12/site-packages/airflow/example_dags/tutorial_dag.py
[2024-09-04T21:13:39.375+0000] {processor.py:914} INFO - Processing file /home/airflow/.local/lib/python3.12/site-packages/airflow/example_dags/tutorial_dag.py for tasks to queue
[2024-09-04T21:13:39.378+0000] {logging_mixin.py:190} INFO - [2024-09-04T21:13:39.377+0000] {dagbag.py:587} INFO - Filling up the DagBag from /home/airflow/.local/lib/python3.12/site-packages/airflow/example_dags/tutorial_dag.py
[2024-09-04T21:13:39.384+0000] {processor.py:925} INFO - DAG(s) 'tutorial_dag' retrieved from /home/airflow/.local/lib/python3.12/site-packages/airflow/example_dags/tutorial_dag.py
[2024-09-04T21:13:39.404+0000] {logging_mixin.py:190} INFO - [2024-09-04T21:13:39.404+0000] {dag.py:3211} INFO - Sync 1 DAGs
[2024-09-04T21:13:39.416+0000] {logging_mixin.py:190} INFO - [2024-09-04T21:13:39.416+0000] {dag.py:4138} INFO - Setting next_dagrun for tutorial_dag to None, run_after=None
[2024-09-04T21:13:39.436+0000] {processor.py:208} INFO - Processing /home/airflow/.local/lib/python3.12/site-packages/airflow/example_dags/tutorial_dag.py took 0.067 seconds
[2024-09-04T21:14:10.030+0000] {processor.py:186} INFO - Started process (PID=1801) to work on /home/airflow/.local/lib/python3.12/site-packages/airflow/example_dags/tutorial_dag.py
[2024-09-04T21:14:10.032+0000] {processor.py:914} INFO - Processing file /home/airflow/.local/lib/python3.12/site-packages/airflow/example_dags/tutorial_dag.py for tasks to queue
[2024-09-04T21:14:10.034+0000] {logging_mixin.py:190} INFO - [2024-09-04T21:14:10.034+0000] {dagbag.py:587} INFO - Filling up the DagBag from /home/airflow/.local/lib/python3.12/site-packages/airflow/example_dags/tutorial_dag.py
[2024-09-04T21:14:10.042+0000] {processor.py:925} INFO - DAG(s) 'tutorial_dag' retrieved from /home/airflow/.local/lib/python3.12/site-packages/airflow/example_dags/tutorial_dag.py
[2024-09-04T21:14:10.063+0000] {logging_mixin.py:190} INFO - [2024-09-04T21:14:10.062+0000] {dag.py:3211} INFO - Sync 1 DAGs
[2024-09-04T21:14:10.076+0000] {logging_mixin.py:190} INFO - [2024-09-04T21:14:10.076+0000] {dag.py:4138} INFO - Setting next_dagrun for tutorial_dag to None, run_after=None
[2024-09-04T21:14:10.095+0000] {processor.py:208} INFO - Processing /home/airflow/.local/lib/python3.12/site-packages/airflow/example_dags/tutorial_dag.py took 0.070 seconds
[2024-09-04T21:14:40.888+0000] {processor.py:186} INFO - Started process (PID=1864) to work on /home/airflow/.local/lib/python3.12/site-packages/airflow/example_dags/tutorial_dag.py
[2024-09-04T21:14:40.889+0000] {processor.py:914} INFO - Processing file /home/airflow/.local/lib/python3.12/site-packages/airflow/example_dags/tutorial_dag.py for tasks to queue
[2024-09-04T21:14:40.892+0000] {logging_mixin.py:190} INFO - [2024-09-04T21:14:40.892+0000] {dagbag.py:587} INFO - Filling up the DagBag from /home/airflow/.local/lib/python3.12/site-packages/airflow/example_dags/tutorial_dag.py
[2024-09-04T21:14:40.900+0000] {processor.py:925} INFO - DAG(s) 'tutorial_dag' retrieved from /home/airflow/.local/lib/python3.12/site-packages/airflow/example_dags/tutorial_dag.py
[2024-09-04T21:14:40.926+0000] {logging_mixin.py:190} INFO - [2024-09-04T21:14:40.925+0000] {dag.py:3211} INFO - Sync 1 DAGs
[2024-09-04T21:14:40.943+0000] {logging_mixin.py:190} INFO - [2024-09-04T21:14:40.942+0000] {dag.py:4138} INFO - Setting next_dagrun for tutorial_dag to None, run_after=None
[2024-09-04T21:14:40.971+0000] {processor.py:208} INFO - Processing /home/airflow/.local/lib/python3.12/site-packages/airflow/example_dags/tutorial_dag.py took 0.089 seconds
[2024-09-04T21:15:12.141+0000] {processor.py:186} INFO - Started process (PID=1927) to work on /home/airflow/.local/lib/python3.12/site-packages/airflow/example_dags/tutorial_dag.py
[2024-09-04T21:15:12.143+0000] {processor.py:914} INFO - Processing file /home/airflow/.local/lib/python3.12/site-packages/airflow/example_dags/tutorial_dag.py for tasks to queue
[2024-09-04T21:15:12.147+0000] {logging_mixin.py:190} INFO - [2024-09-04T21:15:12.146+0000] {dagbag.py:587} INFO - Filling up the DagBag from /home/airflow/.local/lib/python3.12/site-packages/airflow/example_dags/tutorial_dag.py
[2024-09-04T21:15:12.161+0000] {processor.py:925} INFO - DAG(s) 'tutorial_dag' retrieved from /home/airflow/.local/lib/python3.12/site-packages/airflow/example_dags/tutorial_dag.py
[2024-09-04T21:15:12.192+0000] {logging_mixin.py:190} INFO - [2024-09-04T21:15:12.191+0000] {dag.py:3211} INFO - Sync 1 DAGs
[2024-09-04T21:15:12.217+0000] {logging_mixin.py:190} INFO - [2024-09-04T21:15:12.217+0000] {dag.py:4138} INFO - Setting next_dagrun for tutorial_dag to None, run_after=None
[2024-09-04T21:15:12.245+0000] {processor.py:208} INFO - Processing /home/airflow/.local/lib/python3.12/site-packages/airflow/example_dags/tutorial_dag.py took 0.114 seconds
[2024-09-04T21:15:42.497+0000] {processor.py:186} INFO - Started process (PID=1990) to work on /home/airflow/.local/lib/python3.12/site-packages/airflow/example_dags/tutorial_dag.py
[2024-09-04T21:15:42.499+0000] {processor.py:914} INFO - Processing file /home/airflow/.local/lib/python3.12/site-packages/airflow/example_dags/tutorial_dag.py for tasks to queue
[2024-09-04T21:15:42.504+0000] {logging_mixin.py:190} INFO - [2024-09-04T21:15:42.503+0000] {dagbag.py:587} INFO - Filling up the DagBag from /home/airflow/.local/lib/python3.12/site-packages/airflow/example_dags/tutorial_dag.py
[2024-09-04T21:15:42.528+0000] {processor.py:925} INFO - DAG(s) 'tutorial_dag' retrieved from /home/airflow/.local/lib/python3.12/site-packages/airflow/example_dags/tutorial_dag.py
[2024-09-04T21:15:42.575+0000] {logging_mixin.py:190} INFO - [2024-09-04T21:15:42.574+0000] {dag.py:3211} INFO - Sync 1 DAGs
[2024-09-04T21:15:42.610+0000] {logging_mixin.py:190} INFO - [2024-09-04T21:15:42.610+0000] {dag.py:4138} INFO - Setting next_dagrun for tutorial_dag to None, run_after=None
[2024-09-04T21:15:42.651+0000] {processor.py:208} INFO - Processing /home/airflow/.local/lib/python3.12/site-packages/airflow/example_dags/tutorial_dag.py took 0.167 seconds
[2024-09-04T21:16:13.241+0000] {processor.py:186} INFO - Started process (PID=2054) to work on /home/airflow/.local/lib/python3.12/site-packages/airflow/example_dags/tutorial_dag.py
[2024-09-04T21:16:13.243+0000] {processor.py:914} INFO - Processing file /home/airflow/.local/lib/python3.12/site-packages/airflow/example_dags/tutorial_dag.py for tasks to queue
[2024-09-04T21:16:13.245+0000] {logging_mixin.py:190} INFO - [2024-09-04T21:16:13.245+0000] {dagbag.py:587} INFO - Filling up the DagBag from /home/airflow/.local/lib/python3.12/site-packages/airflow/example_dags/tutorial_dag.py
[2024-09-04T21:16:13.253+0000] {processor.py:925} INFO - DAG(s) 'tutorial_dag' retrieved from /home/airflow/.local/lib/python3.12/site-packages/airflow/example_dags/tutorial_dag.py
[2024-09-04T21:16:13.274+0000] {logging_mixin.py:190} INFO - [2024-09-04T21:16:13.273+0000] {dag.py:3211} INFO - Sync 1 DAGs
[2024-09-04T21:16:13.289+0000] {logging_mixin.py:190} INFO - [2024-09-04T21:16:13.289+0000] {dag.py:4138} INFO - Setting next_dagrun for tutorial_dag to None, run_after=None
[2024-09-04T21:16:13.310+0000] {processor.py:208} INFO - Processing /home/airflow/.local/lib/python3.12/site-packages/airflow/example_dags/tutorial_dag.py took 0.074 seconds
[2024-09-04T21:16:43.732+0000] {processor.py:186} INFO - Started process (PID=2117) to work on /home/airflow/.local/lib/python3.12/site-packages/airflow/example_dags/tutorial_dag.py
[2024-09-04T21:16:43.734+0000] {processor.py:914} INFO - Processing file /home/airflow/.local/lib/python3.12/site-packages/airflow/example_dags/tutorial_dag.py for tasks to queue
[2024-09-04T21:16:43.736+0000] {logging_mixin.py:190} INFO - [2024-09-04T21:16:43.736+0000] {dagbag.py:587} INFO - Filling up the DagBag from /home/airflow/.local/lib/python3.12/site-packages/airflow/example_dags/tutorial_dag.py
[2024-09-04T21:16:43.744+0000] {processor.py:925} INFO - DAG(s) 'tutorial_dag' retrieved from /home/airflow/.local/lib/python3.12/site-packages/airflow/example_dags/tutorial_dag.py
[2024-09-04T21:16:43.767+0000] {logging_mixin.py:190} INFO - [2024-09-04T21:16:43.767+0000] {dag.py:3211} INFO - Sync 1 DAGs
[2024-09-04T21:16:43.781+0000] {logging_mixin.py:190} INFO - [2024-09-04T21:16:43.781+0000] {dag.py:4138} INFO - Setting next_dagrun for tutorial_dag to None, run_after=None
[2024-09-04T21:16:43.803+0000] {processor.py:208} INFO - Processing /home/airflow/.local/lib/python3.12/site-packages/airflow/example_dags/tutorial_dag.py took 0.076 seconds
[2024-09-04T21:17:14.739+0000] {processor.py:186} INFO - Started process (PID=2180) to work on /home/airflow/.local/lib/python3.12/site-packages/airflow/example_dags/tutorial_dag.py
[2024-09-04T21:17:14.741+0000] {processor.py:914} INFO - Processing file /home/airflow/.local/lib/python3.12/site-packages/airflow/example_dags/tutorial_dag.py for tasks to queue
[2024-09-04T21:17:14.747+0000] {logging_mixin.py:190} INFO - [2024-09-04T21:17:14.746+0000] {dagbag.py:587} INFO - Filling up the DagBag from /home/airflow/.local/lib/python3.12/site-packages/airflow/example_dags/tutorial_dag.py
[2024-09-04T21:17:14.761+0000] {processor.py:925} INFO - DAG(s) 'tutorial_dag' retrieved from /home/airflow/.local/lib/python3.12/site-packages/airflow/example_dags/tutorial_dag.py
[2024-09-04T21:17:14.800+0000] {logging_mixin.py:190} INFO - [2024-09-04T21:17:14.799+0000] {dag.py:3211} INFO - Sync 1 DAGs
[2024-09-04T21:17:14.834+0000] {logging_mixin.py:190} INFO - [2024-09-04T21:17:14.834+0000] {dag.py:4138} INFO - Setting next_dagrun for tutorial_dag to None, run_after=None
[2024-09-04T21:17:14.874+0000] {processor.py:208} INFO - Processing /home/airflow/.local/lib/python3.12/site-packages/airflow/example_dags/tutorial_dag.py took 0.146 seconds
[2024-09-04T21:17:45.519+0000] {processor.py:186} INFO - Started process (PID=2243) to work on /home/airflow/.local/lib/python3.12/site-packages/airflow/example_dags/tutorial_dag.py
[2024-09-04T21:17:45.521+0000] {processor.py:914} INFO - Processing file /home/airflow/.local/lib/python3.12/site-packages/airflow/example_dags/tutorial_dag.py for tasks to queue
[2024-09-04T21:17:45.526+0000] {logging_mixin.py:190} INFO - [2024-09-04T21:17:45.524+0000] {dagbag.py:587} INFO - Filling up the DagBag from /home/airflow/.local/lib/python3.12/site-packages/airflow/example_dags/tutorial_dag.py
[2024-09-04T21:17:45.537+0000] {processor.py:925} INFO - DAG(s) 'tutorial_dag' retrieved from /home/airflow/.local/lib/python3.12/site-packages/airflow/example_dags/tutorial_dag.py
[2024-09-04T21:17:45.562+0000] {logging_mixin.py:190} INFO - [2024-09-04T21:17:45.561+0000] {dag.py:3211} INFO - Sync 1 DAGs
[2024-09-04T21:17:45.578+0000] {logging_mixin.py:190} INFO - [2024-09-04T21:17:45.577+0000] {dag.py:4138} INFO - Setting next_dagrun for tutorial_dag to None, run_after=None
[2024-09-04T21:17:45.598+0000] {processor.py:208} INFO - Processing /home/airflow/.local/lib/python3.12/site-packages/airflow/example_dags/tutorial_dag.py took 0.086 seconds
[2024-09-04T21:18:15.725+0000] {processor.py:186} INFO - Started process (PID=2306) to work on /home/airflow/.local/lib/python3.12/site-packages/airflow/example_dags/tutorial_dag.py
[2024-09-04T21:18:15.727+0000] {processor.py:914} INFO - Processing file /home/airflow/.local/lib/python3.12/site-packages/airflow/example_dags/tutorial_dag.py for tasks to queue
[2024-09-04T21:18:15.729+0000] {logging_mixin.py:190} INFO - [2024-09-04T21:18:15.729+0000] {dagbag.py:587} INFO - Filling up the DagBag from /home/airflow/.local/lib/python3.12/site-packages/airflow/example_dags/tutorial_dag.py
[2024-09-04T21:18:15.738+0000] {processor.py:925} INFO - DAG(s) 'tutorial_dag' retrieved from /home/airflow/.local/lib/python3.12/site-packages/airflow/example_dags/tutorial_dag.py
[2024-09-04T21:18:15.761+0000] {logging_mixin.py:190} INFO - [2024-09-04T21:18:15.760+0000] {dag.py:3211} INFO - Sync 1 DAGs
[2024-09-04T21:18:15.780+0000] {logging_mixin.py:190} INFO - [2024-09-04T21:18:15.780+0000] {dag.py:4138} INFO - Setting next_dagrun for tutorial_dag to None, run_after=None
[2024-09-04T21:18:15.804+0000] {processor.py:208} INFO - Processing /home/airflow/.local/lib/python3.12/site-packages/airflow/example_dags/tutorial_dag.py took 0.085 seconds
[2024-09-04T21:18:46.324+0000] {processor.py:186} INFO - Started process (PID=2369) to work on /home/airflow/.local/lib/python3.12/site-packages/airflow/example_dags/tutorial_dag.py
[2024-09-04T21:18:46.325+0000] {processor.py:914} INFO - Processing file /home/airflow/.local/lib/python3.12/site-packages/airflow/example_dags/tutorial_dag.py for tasks to queue
[2024-09-04T21:18:46.328+0000] {logging_mixin.py:190} INFO - [2024-09-04T21:18:46.328+0000] {dagbag.py:587} INFO - Filling up the DagBag from /home/airflow/.local/lib/python3.12/site-packages/airflow/example_dags/tutorial_dag.py
[2024-09-04T21:18:46.337+0000] {processor.py:925} INFO - DAG(s) 'tutorial_dag' retrieved from /home/airflow/.local/lib/python3.12/site-packages/airflow/example_dags/tutorial_dag.py
[2024-09-04T21:18:46.362+0000] {logging_mixin.py:190} INFO - [2024-09-04T21:18:46.361+0000] {dag.py:3211} INFO - Sync 1 DAGs
[2024-09-04T21:18:46.376+0000] {logging_mixin.py:190} INFO - [2024-09-04T21:18:46.376+0000] {dag.py:4138} INFO - Setting next_dagrun for tutorial_dag to None, run_after=None
[2024-09-04T21:18:46.397+0000] {processor.py:208} INFO - Processing /home/airflow/.local/lib/python3.12/site-packages/airflow/example_dags/tutorial_dag.py took 0.079 seconds
