[2024-09-06T19:18:31.995+0000] {processor.py:186} INFO - Started process (PID=5571) to work on /opt/airflow/dags/our_first_dag.py
[2024-09-06T19:18:32.008+0000] {processor.py:914} INFO - Processing file /opt/airflow/dags/our_first_dag.py for tasks to queue
[2024-09-06T19:18:32.036+0000] {logging_mixin.py:190} INFO - [2024-09-06T19:18:32.036+0000] {dagbag.py:587} INFO - Filling up the DagBag from /opt/airflow/dags/our_first_dag.py
[2024-09-06T19:18:32.179+0000] {processor.py:925} INFO - DAG(s) 'our_first_dag_v5' retrieved from /opt/airflow/dags/our_first_dag.py
[2024-09-06T19:18:32.872+0000] {logging_mixin.py:190} INFO - [2024-09-06T19:18:32.870+0000] {override.py:1858} INFO - Created Permission View: can read on DAG:our_first_dag_v5
[2024-09-06T19:18:32.929+0000] {logging_mixin.py:190} INFO - [2024-09-06T19:18:32.928+0000] {override.py:1858} INFO - Created Permission View: can edit on DAG:our_first_dag_v5
[2024-09-06T19:18:32.963+0000] {logging_mixin.py:190} INFO - [2024-09-06T19:18:32.963+0000] {override.py:1858} INFO - Created Permission View: can delete on DAG:our_first_dag_v5
[2024-09-06T19:18:32.964+0000] {logging_mixin.py:190} INFO - [2024-09-06T19:18:32.964+0000] {dag.py:3211} INFO - Sync 1 DAGs
[2024-09-06T19:18:33.015+0000] {logging_mixin.py:190} INFO - [2024-09-06T19:18:33.014+0000] {dag.py:3234} INFO - Creating ORM DAG for our_first_dag_v5
[2024-09-06T19:18:33.096+0000] {logging_mixin.py:190} INFO - [2024-09-06T19:18:33.096+0000] {dag.py:4138} INFO - Setting next_dagrun for our_first_dag_v5 to 2024-08-25 00:00:00+00:00, run_after=2024-08-26 00:00:00+00:00
[2024-09-06T19:18:33.234+0000] {processor.py:208} INFO - Processing /opt/airflow/dags/our_first_dag.py took 1.283 seconds
[2024-09-06T19:19:04.532+0000] {processor.py:186} INFO - Started process (PID=5637) to work on /opt/airflow/dags/our_first_dag.py
[2024-09-06T19:19:04.557+0000] {processor.py:914} INFO - Processing file /opt/airflow/dags/our_first_dag.py for tasks to queue
[2024-09-06T19:19:04.579+0000] {logging_mixin.py:190} INFO - [2024-09-06T19:19:04.578+0000] {dagbag.py:587} INFO - Filling up the DagBag from /opt/airflow/dags/our_first_dag.py
[2024-09-06T19:19:04.691+0000] {processor.py:925} INFO - DAG(s) 'our_first_dag_v5' retrieved from /opt/airflow/dags/our_first_dag.py
[2024-09-06T19:19:04.804+0000] {logging_mixin.py:190} INFO - [2024-09-06T19:19:04.804+0000] {dag.py:3211} INFO - Sync 1 DAGs
[2024-09-06T19:19:04.954+0000] {logging_mixin.py:190} INFO - [2024-09-06T19:19:04.953+0000] {dag.py:4138} INFO - Setting next_dagrun for our_first_dag_v5 to 2024-08-25 00:00:00+00:00, run_after=2024-08-26 00:00:00+00:00
[2024-09-06T19:19:05.112+0000] {processor.py:208} INFO - Processing /opt/airflow/dags/our_first_dag.py took 0.626 seconds
[2024-09-06T19:19:35.999+0000] {processor.py:186} INFO - Started process (PID=5702) to work on /opt/airflow/dags/our_first_dag.py
[2024-09-06T19:19:36.001+0000] {processor.py:914} INFO - Processing file /opt/airflow/dags/our_first_dag.py for tasks to queue
[2024-09-06T19:19:36.002+0000] {logging_mixin.py:190} INFO - [2024-09-06T19:19:36.002+0000] {dagbag.py:587} INFO - Filling up the DagBag from /opt/airflow/dags/our_first_dag.py
[2024-09-06T19:19:36.108+0000] {processor.py:925} INFO - DAG(s) 'our_first_dag_v5' retrieved from /opt/airflow/dags/our_first_dag.py
[2024-09-06T19:19:36.288+0000] {logging_mixin.py:190} INFO - [2024-09-06T19:19:36.288+0000] {dag.py:3211} INFO - Sync 1 DAGs
[2024-09-06T19:19:36.444+0000] {logging_mixin.py:190} INFO - [2024-09-06T19:19:36.444+0000] {dag.py:4138} INFO - Setting next_dagrun for our_first_dag_v5 to 2024-08-25 00:00:00+00:00, run_after=2024-08-26 00:00:00+00:00
[2024-09-06T19:19:36.536+0000] {processor.py:208} INFO - Processing /opt/airflow/dags/our_first_dag.py took 0.554 seconds
[2024-09-06T19:20:07.678+0000] {processor.py:186} INFO - Started process (PID=5772) to work on /opt/airflow/dags/our_first_dag.py
[2024-09-06T19:20:07.695+0000] {processor.py:914} INFO - Processing file /opt/airflow/dags/our_first_dag.py for tasks to queue
[2024-09-06T19:20:07.700+0000] {logging_mixin.py:190} INFO - [2024-09-06T19:20:07.699+0000] {dagbag.py:587} INFO - Filling up the DagBag from /opt/airflow/dags/our_first_dag.py
[2024-09-06T19:20:07.780+0000] {processor.py:925} INFO - DAG(s) 'our_first_dag_v5' retrieved from /opt/airflow/dags/our_first_dag.py
[2024-09-06T19:20:07.884+0000] {logging_mixin.py:190} INFO - [2024-09-06T19:20:07.884+0000] {dag.py:3211} INFO - Sync 1 DAGs
[2024-09-06T19:20:08.128+0000] {logging_mixin.py:190} INFO - [2024-09-06T19:20:08.128+0000] {dag.py:4138} INFO - Setting next_dagrun for our_first_dag_v5 to 2024-08-25 00:00:00+00:00, run_after=2024-08-26 00:00:00+00:00
[2024-09-06T19:20:08.338+0000] {processor.py:208} INFO - Processing /opt/airflow/dags/our_first_dag.py took 0.670 seconds
[2024-09-06T19:20:38.685+0000] {processor.py:186} INFO - Started process (PID=5837) to work on /opt/airflow/dags/our_first_dag.py
[2024-09-06T19:20:38.704+0000] {processor.py:914} INFO - Processing file /opt/airflow/dags/our_first_dag.py for tasks to queue
[2024-09-06T19:20:38.706+0000] {logging_mixin.py:190} INFO - [2024-09-06T19:20:38.706+0000] {dagbag.py:587} INFO - Filling up the DagBag from /opt/airflow/dags/our_first_dag.py
[2024-09-06T19:20:38.767+0000] {processor.py:925} INFO - DAG(s) 'our_first_dag_v5' retrieved from /opt/airflow/dags/our_first_dag.py
[2024-09-06T19:20:38.823+0000] {logging_mixin.py:190} INFO - [2024-09-06T19:20:38.822+0000] {dag.py:3211} INFO - Sync 1 DAGs
[2024-09-06T19:20:38.865+0000] {logging_mixin.py:190} INFO - [2024-09-06T19:20:38.865+0000] {dag.py:4138} INFO - Setting next_dagrun for our_first_dag_v5 to 2024-08-25 00:00:00+00:00, run_after=2024-08-26 00:00:00+00:00
[2024-09-06T19:20:38.929+0000] {processor.py:208} INFO - Processing /opt/airflow/dags/our_first_dag.py took 0.252 seconds
[2024-09-06T19:21:11.326+0000] {processor.py:186} INFO - Started process (PID=5899) to work on /opt/airflow/dags/our_first_dag.py
[2024-09-06T19:21:11.358+0000] {processor.py:914} INFO - Processing file /opt/airflow/dags/our_first_dag.py for tasks to queue
[2024-09-06T19:21:11.391+0000] {logging_mixin.py:190} INFO - [2024-09-06T19:21:11.390+0000] {dagbag.py:587} INFO - Filling up the DagBag from /opt/airflow/dags/our_first_dag.py
[2024-09-06T19:21:11.456+0000] {processor.py:925} INFO - DAG(s) 'our_first_dag_v5' retrieved from /opt/airflow/dags/our_first_dag.py
[2024-09-06T19:21:11.600+0000] {logging_mixin.py:190} INFO - [2024-09-06T19:21:11.600+0000] {dag.py:3211} INFO - Sync 1 DAGs
[2024-09-06T19:21:11.823+0000] {logging_mixin.py:190} INFO - [2024-09-06T19:21:11.822+0000] {dag.py:4138} INFO - Setting next_dagrun for our_first_dag_v5 to 2024-08-25 00:00:00+00:00, run_after=2024-08-26 00:00:00+00:00
[2024-09-06T19:21:11.925+0000] {processor.py:208} INFO - Processing /opt/airflow/dags/our_first_dag.py took 0.610 seconds
[2024-09-06T19:21:42.239+0000] {processor.py:186} INFO - Started process (PID=5963) to work on /opt/airflow/dags/our_first_dag.py
[2024-09-06T19:21:42.243+0000] {processor.py:914} INFO - Processing file /opt/airflow/dags/our_first_dag.py for tasks to queue
[2024-09-06T19:21:42.245+0000] {logging_mixin.py:190} INFO - [2024-09-06T19:21:42.244+0000] {dagbag.py:587} INFO - Filling up the DagBag from /opt/airflow/dags/our_first_dag.py
[2024-09-06T19:21:42.330+0000] {processor.py:925} INFO - DAG(s) 'our_first_dag_v5' retrieved from /opt/airflow/dags/our_first_dag.py
[2024-09-06T19:21:42.403+0000] {logging_mixin.py:190} INFO - [2024-09-06T19:21:42.403+0000] {dag.py:3211} INFO - Sync 1 DAGs
[2024-09-06T19:21:42.528+0000] {logging_mixin.py:190} INFO - [2024-09-06T19:21:42.528+0000] {dag.py:4138} INFO - Setting next_dagrun for our_first_dag_v5 to 2024-08-25 00:00:00+00:00, run_after=2024-08-26 00:00:00+00:00
[2024-09-06T19:21:42.607+0000] {processor.py:208} INFO - Processing /opt/airflow/dags/our_first_dag.py took 0.398 seconds
[2024-09-06T19:22:13.912+0000] {processor.py:186} INFO - Started process (PID=6026) to work on /opt/airflow/dags/our_first_dag.py
[2024-09-06T19:22:13.934+0000] {processor.py:914} INFO - Processing file /opt/airflow/dags/our_first_dag.py for tasks to queue
[2024-09-06T19:22:13.937+0000] {logging_mixin.py:190} INFO - [2024-09-06T19:22:13.936+0000] {dagbag.py:587} INFO - Filling up the DagBag from /opt/airflow/dags/our_first_dag.py
[2024-09-06T19:22:14.038+0000] {processor.py:925} INFO - DAG(s) 'our_first_dag_v5' retrieved from /opt/airflow/dags/our_first_dag.py
[2024-09-06T19:22:14.378+0000] {logging_mixin.py:190} INFO - [2024-09-06T19:22:14.378+0000] {dag.py:3211} INFO - Sync 1 DAGs
[2024-09-06T19:22:14.637+0000] {logging_mixin.py:190} INFO - [2024-09-06T19:22:14.634+0000] {dag.py:4138} INFO - Setting next_dagrun for our_first_dag_v5 to 2024-08-25 00:00:00+00:00, run_after=2024-08-26 00:00:00+00:00
[2024-09-06T19:22:14.852+0000] {processor.py:208} INFO - Processing /opt/airflow/dags/our_first_dag.py took 0.950 seconds
[2024-09-06T19:22:28.608+0000] {processor.py:186} INFO - Started process (PID=6050) to work on /opt/airflow/dags/our_first_dag.py
[2024-09-06T19:22:28.614+0000] {processor.py:914} INFO - Processing file /opt/airflow/dags/our_first_dag.py for tasks to queue
[2024-09-06T19:22:28.628+0000] {logging_mixin.py:190} INFO - [2024-09-06T19:22:28.627+0000] {dagbag.py:587} INFO - Filling up the DagBag from /opt/airflow/dags/our_first_dag.py
[2024-09-06T19:22:29.808+0000] {processor.py:925} INFO - DAG(s) 'our_first_dag_v5' retrieved from /opt/airflow/dags/our_first_dag.py
[2024-09-06T19:22:29.965+0000] {logging_mixin.py:190} INFO - [2024-09-06T19:22:29.965+0000] {dag.py:3211} INFO - Sync 1 DAGs
[2024-09-06T19:22:30.187+0000] {logging_mixin.py:190} INFO - [2024-09-06T19:22:30.187+0000] {dag.py:4138} INFO - Setting next_dagrun for our_first_dag_v5 to 2024-08-25 00:00:00+00:00, run_after=2024-08-26 00:00:00+00:00
[2024-09-06T19:22:30.896+0000] {processor.py:208} INFO - Processing /opt/airflow/dags/our_first_dag.py took 2.340 seconds
[2024-09-06T19:23:01.531+0000] {processor.py:186} INFO - Started process (PID=6115) to work on /opt/airflow/dags/our_first_dag.py
[2024-09-06T19:23:01.535+0000] {processor.py:914} INFO - Processing file /opt/airflow/dags/our_first_dag.py for tasks to queue
[2024-09-06T19:23:01.547+0000] {logging_mixin.py:190} INFO - [2024-09-06T19:23:01.538+0000] {dagbag.py:587} INFO - Filling up the DagBag from /opt/airflow/dags/our_first_dag.py
[2024-09-06T19:23:01.628+0000] {processor.py:925} INFO - DAG(s) 'our_first_dag_v5' retrieved from /opt/airflow/dags/our_first_dag.py
[2024-09-06T19:23:01.714+0000] {logging_mixin.py:190} INFO - [2024-09-06T19:23:01.713+0000] {dag.py:3211} INFO - Sync 1 DAGs
[2024-09-06T19:23:01.784+0000] {logging_mixin.py:190} INFO - [2024-09-06T19:23:01.784+0000] {dag.py:4138} INFO - Setting next_dagrun for our_first_dag_v5 to 2024-08-25 00:00:00+00:00, run_after=2024-08-26 00:00:00+00:00
[2024-09-06T19:23:01.859+0000] {processor.py:208} INFO - Processing /opt/airflow/dags/our_first_dag.py took 0.392 seconds
[2024-09-06T19:23:32.237+0000] {processor.py:186} INFO - Started process (PID=6180) to work on /opt/airflow/dags/our_first_dag.py
[2024-09-06T19:23:32.260+0000] {processor.py:914} INFO - Processing file /opt/airflow/dags/our_first_dag.py for tasks to queue
[2024-09-06T19:23:32.263+0000] {logging_mixin.py:190} INFO - [2024-09-06T19:23:32.262+0000] {dagbag.py:587} INFO - Filling up the DagBag from /opt/airflow/dags/our_first_dag.py
[2024-09-06T19:23:32.407+0000] {processor.py:925} INFO - DAG(s) 'our_first_dag_v5' retrieved from /opt/airflow/dags/our_first_dag.py
[2024-09-06T19:23:32.632+0000] {logging_mixin.py:190} INFO - [2024-09-06T19:23:32.631+0000] {dag.py:3211} INFO - Sync 1 DAGs
[2024-09-06T19:23:33.073+0000] {logging_mixin.py:190} INFO - [2024-09-06T19:23:33.073+0000] {dag.py:4138} INFO - Setting next_dagrun for our_first_dag_v5 to 2024-08-25 00:00:00+00:00, run_after=2024-08-26 00:00:00+00:00
[2024-09-06T19:23:33.494+0000] {processor.py:208} INFO - Processing /opt/airflow/dags/our_first_dag.py took 1.293 seconds
[2024-09-06T19:24:03.783+0000] {processor.py:186} INFO - Started process (PID=6244) to work on /opt/airflow/dags/our_first_dag.py
[2024-09-06T19:24:03.787+0000] {processor.py:914} INFO - Processing file /opt/airflow/dags/our_first_dag.py for tasks to queue
[2024-09-06T19:24:03.790+0000] {logging_mixin.py:190} INFO - [2024-09-06T19:24:03.790+0000] {dagbag.py:587} INFO - Filling up the DagBag from /opt/airflow/dags/our_first_dag.py
[2024-09-06T19:24:03.880+0000] {processor.py:925} INFO - DAG(s) 'our_first_dag_v5' retrieved from /opt/airflow/dags/our_first_dag.py
[2024-09-06T19:24:03.960+0000] {logging_mixin.py:190} INFO - [2024-09-06T19:24:03.960+0000] {dag.py:3211} INFO - Sync 1 DAGs
[2024-09-06T19:24:04.079+0000] {logging_mixin.py:190} INFO - [2024-09-06T19:24:04.078+0000] {dag.py:4138} INFO - Setting next_dagrun for our_first_dag_v5 to 2024-08-25 00:00:00+00:00, run_after=2024-08-26 00:00:00+00:00
[2024-09-06T19:24:04.156+0000] {processor.py:208} INFO - Processing /opt/airflow/dags/our_first_dag.py took 0.403 seconds
[2024-09-06T19:24:34.744+0000] {processor.py:186} INFO - Started process (PID=6309) to work on /opt/airflow/dags/our_first_dag.py
[2024-09-06T19:24:34.746+0000] {processor.py:914} INFO - Processing file /opt/airflow/dags/our_first_dag.py for tasks to queue
[2024-09-06T19:24:34.780+0000] {logging_mixin.py:190} INFO - [2024-09-06T19:24:34.780+0000] {dagbag.py:587} INFO - Filling up the DagBag from /opt/airflow/dags/our_first_dag.py
[2024-09-06T19:24:34.825+0000] {processor.py:925} INFO - DAG(s) 'our_first_dag_v5' retrieved from /opt/airflow/dags/our_first_dag.py
[2024-09-06T19:24:34.967+0000] {logging_mixin.py:190} INFO - [2024-09-06T19:24:34.966+0000] {dag.py:3211} INFO - Sync 1 DAGs
[2024-09-06T19:24:35.292+0000] {logging_mixin.py:190} INFO - [2024-09-06T19:24:35.291+0000] {dag.py:4138} INFO - Setting next_dagrun for our_first_dag_v5 to 2024-08-25 00:00:00+00:00, run_after=2024-08-26 00:00:00+00:00
[2024-09-06T19:24:35.384+0000] {processor.py:208} INFO - Processing /opt/airflow/dags/our_first_dag.py took 0.649 seconds
[2024-09-06T19:25:05.645+0000] {processor.py:186} INFO - Started process (PID=6373) to work on /opt/airflow/dags/our_first_dag.py
[2024-09-06T19:25:05.653+0000] {processor.py:914} INFO - Processing file /opt/airflow/dags/our_first_dag.py for tasks to queue
[2024-09-06T19:25:05.655+0000] {logging_mixin.py:190} INFO - [2024-09-06T19:25:05.655+0000] {dagbag.py:587} INFO - Filling up the DagBag from /opt/airflow/dags/our_first_dag.py
[2024-09-06T19:25:05.731+0000] {processor.py:925} INFO - DAG(s) 'our_first_dag_v5' retrieved from /opt/airflow/dags/our_first_dag.py
[2024-09-06T19:25:05.815+0000] {logging_mixin.py:190} INFO - [2024-09-06T19:25:05.815+0000] {dag.py:3211} INFO - Sync 1 DAGs
[2024-09-06T19:25:05.902+0000] {logging_mixin.py:190} INFO - [2024-09-06T19:25:05.901+0000] {dag.py:4138} INFO - Setting next_dagrun for our_first_dag_v5 to 2024-08-25 00:00:00+00:00, run_after=2024-08-26 00:00:00+00:00
[2024-09-06T19:25:05.964+0000] {processor.py:208} INFO - Processing /opt/airflow/dags/our_first_dag.py took 0.349 seconds
[2024-09-06T19:25:36.962+0000] {processor.py:186} INFO - Started process (PID=6437) to work on /opt/airflow/dags/our_first_dag.py
[2024-09-06T19:25:36.982+0000] {processor.py:914} INFO - Processing file /opt/airflow/dags/our_first_dag.py for tasks to queue
[2024-09-06T19:25:36.984+0000] {logging_mixin.py:190} INFO - [2024-09-06T19:25:36.984+0000] {dagbag.py:587} INFO - Filling up the DagBag from /opt/airflow/dags/our_first_dag.py
[2024-09-06T19:25:37.057+0000] {processor.py:925} INFO - DAG(s) 'our_first_dag_v5' retrieved from /opt/airflow/dags/our_first_dag.py
[2024-09-06T19:25:37.119+0000] {logging_mixin.py:190} INFO - [2024-09-06T19:25:37.118+0000] {dag.py:3211} INFO - Sync 1 DAGs
[2024-09-06T19:25:37.168+0000] {logging_mixin.py:190} INFO - [2024-09-06T19:25:37.167+0000] {dag.py:4138} INFO - Setting next_dagrun for our_first_dag_v5 to 2024-08-25 00:00:00+00:00, run_after=2024-08-26 00:00:00+00:00
[2024-09-06T19:25:37.212+0000] {processor.py:208} INFO - Processing /opt/airflow/dags/our_first_dag.py took 0.258 seconds
[2024-09-06T19:26:08.214+0000] {processor.py:186} INFO - Started process (PID=6501) to work on /opt/airflow/dags/our_first_dag.py
[2024-09-06T19:26:08.238+0000] {processor.py:914} INFO - Processing file /opt/airflow/dags/our_first_dag.py for tasks to queue
[2024-09-06T19:26:08.241+0000] {logging_mixin.py:190} INFO - [2024-09-06T19:26:08.240+0000] {dagbag.py:587} INFO - Filling up the DagBag from /opt/airflow/dags/our_first_dag.py
[2024-09-06T19:26:08.386+0000] {processor.py:925} INFO - DAG(s) 'our_first_dag_v5' retrieved from /opt/airflow/dags/our_first_dag.py
[2024-09-06T19:26:08.487+0000] {logging_mixin.py:190} INFO - [2024-09-06T19:26:08.486+0000] {dag.py:3211} INFO - Sync 1 DAGs
[2024-09-06T19:26:08.600+0000] {logging_mixin.py:190} INFO - [2024-09-06T19:26:08.600+0000] {dag.py:4138} INFO - Setting next_dagrun for our_first_dag_v5 to 2024-08-25 00:00:00+00:00, run_after=2024-08-26 00:00:00+00:00
[2024-09-06T19:26:08.686+0000] {processor.py:208} INFO - Processing /opt/airflow/dags/our_first_dag.py took 0.485 seconds
[2024-09-06T19:26:38.879+0000] {processor.py:186} INFO - Started process (PID=6564) to work on /opt/airflow/dags/our_first_dag.py
[2024-09-06T19:26:38.891+0000] {processor.py:914} INFO - Processing file /opt/airflow/dags/our_first_dag.py for tasks to queue
[2024-09-06T19:26:38.900+0000] {logging_mixin.py:190} INFO - [2024-09-06T19:26:38.898+0000] {dagbag.py:587} INFO - Filling up the DagBag from /opt/airflow/dags/our_first_dag.py
[2024-09-06T19:26:39.019+0000] {processor.py:925} INFO - DAG(s) 'our_first_dag_v5' retrieved from /opt/airflow/dags/our_first_dag.py
[2024-09-06T19:26:39.328+0000] {logging_mixin.py:190} INFO - [2024-09-06T19:26:39.327+0000] {dag.py:3211} INFO - Sync 1 DAGs
[2024-09-06T19:26:39.560+0000] {logging_mixin.py:190} INFO - [2024-09-06T19:26:39.560+0000] {dag.py:4138} INFO - Setting next_dagrun for our_first_dag_v5 to 2024-08-25 00:00:00+00:00, run_after=2024-08-26 00:00:00+00:00
[2024-09-06T19:26:39.697+0000] {processor.py:208} INFO - Processing /opt/airflow/dags/our_first_dag.py took 0.832 seconds
[2024-09-06T19:27:09.899+0000] {processor.py:186} INFO - Started process (PID=6629) to work on /opt/airflow/dags/our_first_dag.py
[2024-09-06T19:27:09.921+0000] {processor.py:914} INFO - Processing file /opt/airflow/dags/our_first_dag.py for tasks to queue
[2024-09-06T19:27:09.923+0000] {logging_mixin.py:190} INFO - [2024-09-06T19:27:09.922+0000] {dagbag.py:587} INFO - Filling up the DagBag from /opt/airflow/dags/our_first_dag.py
[2024-09-06T19:27:09.948+0000] {processor.py:925} INFO - DAG(s) 'our_first_dag_v5' retrieved from /opt/airflow/dags/our_first_dag.py
[2024-09-06T19:27:10.022+0000] {logging_mixin.py:190} INFO - [2024-09-06T19:27:10.021+0000] {dag.py:3211} INFO - Sync 1 DAGs
[2024-09-06T19:27:10.093+0000] {logging_mixin.py:190} INFO - [2024-09-06T19:27:10.093+0000] {dag.py:4138} INFO - Setting next_dagrun for our_first_dag_v5 to 2024-08-25 00:00:00+00:00, run_after=2024-08-26 00:00:00+00:00
[2024-09-06T19:27:10.141+0000] {processor.py:208} INFO - Processing /opt/airflow/dags/our_first_dag.py took 0.251 seconds
[2024-09-06T19:27:40.479+0000] {processor.py:186} INFO - Started process (PID=6691) to work on /opt/airflow/dags/our_first_dag.py
[2024-09-06T19:27:40.487+0000] {processor.py:914} INFO - Processing file /opt/airflow/dags/our_first_dag.py for tasks to queue
[2024-09-06T19:27:40.488+0000] {logging_mixin.py:190} INFO - [2024-09-06T19:27:40.488+0000] {dagbag.py:587} INFO - Filling up the DagBag from /opt/airflow/dags/our_first_dag.py
[2024-09-06T19:27:40.567+0000] {processor.py:925} INFO - DAG(s) 'our_first_dag_v5' retrieved from /opt/airflow/dags/our_first_dag.py
[2024-09-06T19:27:40.673+0000] {logging_mixin.py:190} INFO - [2024-09-06T19:27:40.672+0000] {dag.py:3211} INFO - Sync 1 DAGs
[2024-09-06T19:27:40.819+0000] {logging_mixin.py:190} INFO - [2024-09-06T19:27:40.818+0000] {dag.py:4138} INFO - Setting next_dagrun for our_first_dag_v5 to 2024-08-25 00:00:00+00:00, run_after=2024-08-26 00:00:00+00:00
[2024-09-06T19:27:40.942+0000] {processor.py:208} INFO - Processing /opt/airflow/dags/our_first_dag.py took 0.516 seconds
[2024-09-06T19:28:11.286+0000] {processor.py:186} INFO - Started process (PID=6756) to work on /opt/airflow/dags/our_first_dag.py
[2024-09-06T19:28:11.288+0000] {processor.py:914} INFO - Processing file /opt/airflow/dags/our_first_dag.py for tasks to queue
[2024-09-06T19:28:11.290+0000] {logging_mixin.py:190} INFO - [2024-09-06T19:28:11.289+0000] {dagbag.py:587} INFO - Filling up the DagBag from /opt/airflow/dags/our_first_dag.py
[2024-09-06T19:28:11.332+0000] {processor.py:925} INFO - DAG(s) 'our_first_dag_v5' retrieved from /opt/airflow/dags/our_first_dag.py
[2024-09-06T19:28:11.428+0000] {logging_mixin.py:190} INFO - [2024-09-06T19:28:11.424+0000] {dag.py:3211} INFO - Sync 1 DAGs
[2024-09-06T19:28:11.525+0000] {logging_mixin.py:190} INFO - [2024-09-06T19:28:11.525+0000] {dag.py:4138} INFO - Setting next_dagrun for our_first_dag_v5 to 2024-08-25 00:00:00+00:00, run_after=2024-08-26 00:00:00+00:00
[2024-09-06T19:28:11.601+0000] {processor.py:208} INFO - Processing /opt/airflow/dags/our_first_dag.py took 0.350 seconds
[2024-09-06T19:28:41.797+0000] {processor.py:186} INFO - Started process (PID=6812) to work on /opt/airflow/dags/our_first_dag.py
[2024-09-06T19:28:41.810+0000] {processor.py:914} INFO - Processing file /opt/airflow/dags/our_first_dag.py for tasks to queue
[2024-09-06T19:28:41.853+0000] {logging_mixin.py:190} INFO - [2024-09-06T19:28:41.852+0000] {dagbag.py:587} INFO - Filling up the DagBag from /opt/airflow/dags/our_first_dag.py
[2024-09-06T19:28:42.004+0000] {processor.py:925} INFO - DAG(s) 'our_first_dag_v5' retrieved from /opt/airflow/dags/our_first_dag.py
[2024-09-06T19:28:42.147+0000] {logging_mixin.py:190} INFO - [2024-09-06T19:28:42.146+0000] {dag.py:3211} INFO - Sync 1 DAGs
[2024-09-06T19:28:42.222+0000] {logging_mixin.py:190} INFO - [2024-09-06T19:28:42.222+0000] {dag.py:4138} INFO - Setting next_dagrun for our_first_dag_v5 to 2024-08-25 00:00:00+00:00, run_after=2024-08-26 00:00:00+00:00
[2024-09-06T19:28:42.358+0000] {processor.py:208} INFO - Processing /opt/airflow/dags/our_first_dag.py took 0.619 seconds
[2024-09-06T19:29:13.241+0000] {processor.py:186} INFO - Started process (PID=6883) to work on /opt/airflow/dags/our_first_dag.py
[2024-09-06T19:29:13.249+0000] {processor.py:914} INFO - Processing file /opt/airflow/dags/our_first_dag.py for tasks to queue
[2024-09-06T19:29:13.270+0000] {logging_mixin.py:190} INFO - [2024-09-06T19:29:13.270+0000] {dagbag.py:587} INFO - Filling up the DagBag from /opt/airflow/dags/our_first_dag.py
[2024-09-06T19:29:13.576+0000] {processor.py:925} INFO - DAG(s) 'our_first_dag_v5' retrieved from /opt/airflow/dags/our_first_dag.py
[2024-09-06T19:29:13.740+0000] {logging_mixin.py:190} INFO - [2024-09-06T19:29:13.740+0000] {dag.py:3211} INFO - Sync 1 DAGs
[2024-09-06T19:29:13.894+0000] {logging_mixin.py:190} INFO - [2024-09-06T19:29:13.894+0000] {dag.py:4138} INFO - Setting next_dagrun for our_first_dag_v5 to 2024-08-25 00:00:00+00:00, run_after=2024-08-26 00:00:00+00:00
[2024-09-06T19:29:14.016+0000] {processor.py:208} INFO - Processing /opt/airflow/dags/our_first_dag.py took 0.794 seconds
[2024-09-06T19:29:44.361+0000] {processor.py:186} INFO - Started process (PID=6948) to work on /opt/airflow/dags/our_first_dag.py
[2024-09-06T19:29:44.375+0000] {processor.py:914} INFO - Processing file /opt/airflow/dags/our_first_dag.py for tasks to queue
[2024-09-06T19:29:44.381+0000] {logging_mixin.py:190} INFO - [2024-09-06T19:29:44.381+0000] {dagbag.py:587} INFO - Filling up the DagBag from /opt/airflow/dags/our_first_dag.py
[2024-09-06T19:29:44.454+0000] {processor.py:925} INFO - DAG(s) 'our_first_dag_v5' retrieved from /opt/airflow/dags/our_first_dag.py
[2024-09-06T19:29:44.576+0000] {logging_mixin.py:190} INFO - [2024-09-06T19:29:44.575+0000] {dag.py:3211} INFO - Sync 1 DAGs
[2024-09-06T19:29:44.735+0000] {logging_mixin.py:190} INFO - [2024-09-06T19:29:44.734+0000] {dag.py:4138} INFO - Setting next_dagrun for our_first_dag_v5 to 2024-08-25 00:00:00+00:00, run_after=2024-08-26 00:00:00+00:00
[2024-09-06T19:29:44.845+0000] {processor.py:208} INFO - Processing /opt/airflow/dags/our_first_dag.py took 0.517 seconds
[2024-09-06T19:30:15.103+0000] {processor.py:186} INFO - Started process (PID=7012) to work on /opt/airflow/dags/our_first_dag.py
[2024-09-06T19:30:15.124+0000] {processor.py:914} INFO - Processing file /opt/airflow/dags/our_first_dag.py for tasks to queue
[2024-09-06T19:30:15.126+0000] {logging_mixin.py:190} INFO - [2024-09-06T19:30:15.126+0000] {dagbag.py:587} INFO - Filling up the DagBag from /opt/airflow/dags/our_first_dag.py
[2024-09-06T19:30:15.191+0000] {processor.py:925} INFO - DAG(s) 'our_first_dag_v5' retrieved from /opt/airflow/dags/our_first_dag.py
[2024-09-06T19:30:15.295+0000] {logging_mixin.py:190} INFO - [2024-09-06T19:30:15.295+0000] {dag.py:3211} INFO - Sync 1 DAGs
[2024-09-06T19:30:15.394+0000] {logging_mixin.py:190} INFO - [2024-09-06T19:30:15.394+0000] {dag.py:4138} INFO - Setting next_dagrun for our_first_dag_v5 to 2024-08-25 00:00:00+00:00, run_after=2024-08-26 00:00:00+00:00
[2024-09-06T19:30:15.509+0000] {processor.py:208} INFO - Processing /opt/airflow/dags/our_first_dag.py took 0.415 seconds
[2024-09-06T19:30:46.161+0000] {processor.py:186} INFO - Started process (PID=7076) to work on /opt/airflow/dags/our_first_dag.py
[2024-09-06T19:30:46.183+0000] {processor.py:914} INFO - Processing file /opt/airflow/dags/our_first_dag.py for tasks to queue
[2024-09-06T19:30:46.188+0000] {logging_mixin.py:190} INFO - [2024-09-06T19:30:46.187+0000] {dagbag.py:587} INFO - Filling up the DagBag from /opt/airflow/dags/our_first_dag.py
[2024-09-06T19:30:46.275+0000] {processor.py:925} INFO - DAG(s) 'our_first_dag_v5' retrieved from /opt/airflow/dags/our_first_dag.py
[2024-09-06T19:30:46.305+0000] {logging_mixin.py:190} INFO - [2024-09-06T19:30:46.304+0000] {dag.py:3211} INFO - Sync 1 DAGs
[2024-09-06T19:30:46.419+0000] {logging_mixin.py:190} INFO - [2024-09-06T19:30:46.419+0000] {dag.py:4138} INFO - Setting next_dagrun for our_first_dag_v5 to 2024-08-25 00:00:00+00:00, run_after=2024-08-26 00:00:00+00:00
[2024-09-06T19:30:46.534+0000] {processor.py:208} INFO - Processing /opt/airflow/dags/our_first_dag.py took 0.382 seconds
[2024-09-06T19:31:17.589+0000] {processor.py:186} INFO - Started process (PID=7140) to work on /opt/airflow/dags/our_first_dag.py
[2024-09-06T19:31:17.612+0000] {processor.py:914} INFO - Processing file /opt/airflow/dags/our_first_dag.py for tasks to queue
[2024-09-06T19:31:17.615+0000] {logging_mixin.py:190} INFO - [2024-09-06T19:31:17.614+0000] {dagbag.py:587} INFO - Filling up the DagBag from /opt/airflow/dags/our_first_dag.py
[2024-09-06T19:31:17.675+0000] {processor.py:925} INFO - DAG(s) 'our_first_dag_v5' retrieved from /opt/airflow/dags/our_first_dag.py
[2024-09-06T19:31:17.796+0000] {logging_mixin.py:190} INFO - [2024-09-06T19:31:17.796+0000] {dag.py:3211} INFO - Sync 1 DAGs
[2024-09-06T19:31:17.914+0000] {logging_mixin.py:190} INFO - [2024-09-06T19:31:17.914+0000] {dag.py:4138} INFO - Setting next_dagrun for our_first_dag_v5 to 2024-08-25 00:00:00+00:00, run_after=2024-08-26 00:00:00+00:00
[2024-09-06T19:31:18.008+0000] {processor.py:208} INFO - Processing /opt/airflow/dags/our_first_dag.py took 0.454 seconds
[2024-09-06T19:31:48.170+0000] {processor.py:186} INFO - Started process (PID=7204) to work on /opt/airflow/dags/our_first_dag.py
[2024-09-06T19:31:48.173+0000] {processor.py:914} INFO - Processing file /opt/airflow/dags/our_first_dag.py for tasks to queue
[2024-09-06T19:31:48.176+0000] {logging_mixin.py:190} INFO - [2024-09-06T19:31:48.176+0000] {dagbag.py:587} INFO - Filling up the DagBag from /opt/airflow/dags/our_first_dag.py
[2024-09-06T19:31:48.235+0000] {processor.py:925} INFO - DAG(s) 'our_first_dag_v5' retrieved from /opt/airflow/dags/our_first_dag.py
[2024-09-06T19:31:48.328+0000] {logging_mixin.py:190} INFO - [2024-09-06T19:31:48.328+0000] {dag.py:3211} INFO - Sync 1 DAGs
[2024-09-06T19:31:48.435+0000] {logging_mixin.py:190} INFO - [2024-09-06T19:31:48.434+0000] {dag.py:4138} INFO - Setting next_dagrun for our_first_dag_v5 to 2024-08-25 00:00:00+00:00, run_after=2024-08-26 00:00:00+00:00
[2024-09-06T19:31:48.541+0000] {processor.py:208} INFO - Processing /opt/airflow/dags/our_first_dag.py took 0.390 seconds
[2024-09-06T19:32:19.244+0000] {processor.py:186} INFO - Started process (PID=7268) to work on /opt/airflow/dags/our_first_dag.py
[2024-09-06T19:32:19.260+0000] {processor.py:914} INFO - Processing file /opt/airflow/dags/our_first_dag.py for tasks to queue
[2024-09-06T19:32:19.272+0000] {logging_mixin.py:190} INFO - [2024-09-06T19:32:19.270+0000] {dagbag.py:587} INFO - Filling up the DagBag from /opt/airflow/dags/our_first_dag.py
[2024-09-06T19:32:19.373+0000] {processor.py:925} INFO - DAG(s) 'our_first_dag_v5' retrieved from /opt/airflow/dags/our_first_dag.py
[2024-09-06T19:32:19.492+0000] {logging_mixin.py:190} INFO - [2024-09-06T19:32:19.491+0000] {dag.py:3211} INFO - Sync 1 DAGs
[2024-09-06T19:32:19.612+0000] {logging_mixin.py:190} INFO - [2024-09-06T19:32:19.612+0000] {dag.py:4138} INFO - Setting next_dagrun for our_first_dag_v5 to 2024-08-25 00:00:00+00:00, run_after=2024-08-26 00:00:00+00:00
[2024-09-06T19:32:19.734+0000] {processor.py:208} INFO - Processing /opt/airflow/dags/our_first_dag.py took 0.500 seconds
[2024-09-06T19:32:50.428+0000] {processor.py:186} INFO - Started process (PID=7333) to work on /opt/airflow/dags/our_first_dag.py
[2024-09-06T19:32:50.457+0000] {processor.py:914} INFO - Processing file /opt/airflow/dags/our_first_dag.py for tasks to queue
[2024-09-06T19:32:50.459+0000] {logging_mixin.py:190} INFO - [2024-09-06T19:32:50.459+0000] {dagbag.py:587} INFO - Filling up the DagBag from /opt/airflow/dags/our_first_dag.py
[2024-09-06T19:32:50.567+0000] {processor.py:925} INFO - DAG(s) 'our_first_dag_v5' retrieved from /opt/airflow/dags/our_first_dag.py
[2024-09-06T19:32:50.708+0000] {logging_mixin.py:190} INFO - [2024-09-06T19:32:50.708+0000] {dag.py:3211} INFO - Sync 1 DAGs
[2024-09-06T19:32:50.822+0000] {logging_mixin.py:190} INFO - [2024-09-06T19:32:50.821+0000] {dag.py:4138} INFO - Setting next_dagrun for our_first_dag_v5 to 2024-08-25 00:00:00+00:00, run_after=2024-08-26 00:00:00+00:00
[2024-09-06T19:32:50.912+0000] {processor.py:208} INFO - Processing /opt/airflow/dags/our_first_dag.py took 0.516 seconds
[2024-09-06T19:33:21.723+0000] {processor.py:186} INFO - Started process (PID=7398) to work on /opt/airflow/dags/our_first_dag.py
[2024-09-06T19:33:21.746+0000] {processor.py:914} INFO - Processing file /opt/airflow/dags/our_first_dag.py for tasks to queue
[2024-09-06T19:33:21.752+0000] {logging_mixin.py:190} INFO - [2024-09-06T19:33:21.750+0000] {dagbag.py:587} INFO - Filling up the DagBag from /opt/airflow/dags/our_first_dag.py
[2024-09-06T19:33:21.822+0000] {processor.py:925} INFO - DAG(s) 'our_first_dag_v5' retrieved from /opt/airflow/dags/our_first_dag.py
[2024-09-06T19:33:21.968+0000] {logging_mixin.py:190} INFO - [2024-09-06T19:33:21.968+0000] {dag.py:3211} INFO - Sync 1 DAGs
[2024-09-06T19:33:22.062+0000] {logging_mixin.py:190} INFO - [2024-09-06T19:33:22.061+0000] {dag.py:4138} INFO - Setting next_dagrun for our_first_dag_v5 to 2024-08-25 00:00:00+00:00, run_after=2024-08-26 00:00:00+00:00
[2024-09-06T19:33:22.197+0000] {processor.py:208} INFO - Processing /opt/airflow/dags/our_first_dag.py took 0.484 seconds
[2024-09-06T19:33:52.964+0000] {processor.py:186} INFO - Started process (PID=7463) to work on /opt/airflow/dags/our_first_dag.py
[2024-09-06T19:33:52.984+0000] {processor.py:914} INFO - Processing file /opt/airflow/dags/our_first_dag.py for tasks to queue
[2024-09-06T19:33:52.986+0000] {logging_mixin.py:190} INFO - [2024-09-06T19:33:52.985+0000] {dagbag.py:587} INFO - Filling up the DagBag from /opt/airflow/dags/our_first_dag.py
[2024-09-06T19:33:53.059+0000] {processor.py:925} INFO - DAG(s) 'our_first_dag_v5' retrieved from /opt/airflow/dags/our_first_dag.py
[2024-09-06T19:33:53.111+0000] {logging_mixin.py:190} INFO - [2024-09-06T19:33:53.110+0000] {dag.py:3211} INFO - Sync 1 DAGs
[2024-09-06T19:33:53.220+0000] {logging_mixin.py:190} INFO - [2024-09-06T19:33:53.220+0000] {dag.py:4138} INFO - Setting next_dagrun for our_first_dag_v5 to 2024-08-25 00:00:00+00:00, run_after=2024-08-26 00:00:00+00:00
[2024-09-06T19:33:53.335+0000] {processor.py:208} INFO - Processing /opt/airflow/dags/our_first_dag.py took 0.379 seconds
[2024-09-06T19:34:23.553+0000] {processor.py:186} INFO - Started process (PID=7528) to work on /opt/airflow/dags/our_first_dag.py
[2024-09-06T19:34:23.568+0000] {processor.py:914} INFO - Processing file /opt/airflow/dags/our_first_dag.py for tasks to queue
[2024-09-06T19:34:23.574+0000] {logging_mixin.py:190} INFO - [2024-09-06T19:34:23.571+0000] {dagbag.py:587} INFO - Filling up the DagBag from /opt/airflow/dags/our_first_dag.py
[2024-09-06T19:34:23.627+0000] {processor.py:925} INFO - DAG(s) 'our_first_dag_v5' retrieved from /opt/airflow/dags/our_first_dag.py
[2024-09-06T19:34:23.687+0000] {logging_mixin.py:190} INFO - [2024-09-06T19:34:23.687+0000] {dag.py:3211} INFO - Sync 1 DAGs
[2024-09-06T19:34:23.741+0000] {logging_mixin.py:190} INFO - [2024-09-06T19:34:23.740+0000] {dag.py:4138} INFO - Setting next_dagrun for our_first_dag_v5 to 2024-08-25 00:00:00+00:00, run_after=2024-08-26 00:00:00+00:00
[2024-09-06T19:34:23.819+0000] {processor.py:208} INFO - Processing /opt/airflow/dags/our_first_dag.py took 0.275 seconds
[2024-09-06T19:34:54.690+0000] {processor.py:186} INFO - Started process (PID=7592) to work on /opt/airflow/dags/our_first_dag.py
[2024-09-06T19:34:54.700+0000] {processor.py:914} INFO - Processing file /opt/airflow/dags/our_first_dag.py for tasks to queue
[2024-09-06T19:34:54.705+0000] {logging_mixin.py:190} INFO - [2024-09-06T19:34:54.705+0000] {dagbag.py:587} INFO - Filling up the DagBag from /opt/airflow/dags/our_first_dag.py
[2024-09-06T19:34:54.786+0000] {processor.py:925} INFO - DAG(s) 'our_first_dag_v5' retrieved from /opt/airflow/dags/our_first_dag.py
[2024-09-06T19:34:54.871+0000] {logging_mixin.py:190} INFO - [2024-09-06T19:34:54.870+0000] {dag.py:3211} INFO - Sync 1 DAGs
[2024-09-06T19:34:54.957+0000] {logging_mixin.py:190} INFO - [2024-09-06T19:34:54.956+0000] {dag.py:4138} INFO - Setting next_dagrun for our_first_dag_v5 to 2024-08-25 00:00:00+00:00, run_after=2024-08-26 00:00:00+00:00
[2024-09-06T19:34:55.042+0000] {processor.py:208} INFO - Processing /opt/airflow/dags/our_first_dag.py took 0.413 seconds
[2024-09-06T19:35:25.320+0000] {processor.py:186} INFO - Started process (PID=7656) to work on /opt/airflow/dags/our_first_dag.py
[2024-09-06T19:35:25.340+0000] {processor.py:914} INFO - Processing file /opt/airflow/dags/our_first_dag.py for tasks to queue
[2024-09-06T19:35:25.343+0000] {logging_mixin.py:190} INFO - [2024-09-06T19:35:25.343+0000] {dagbag.py:587} INFO - Filling up the DagBag from /opt/airflow/dags/our_first_dag.py
[2024-09-06T19:35:25.367+0000] {processor.py:925} INFO - DAG(s) 'our_first_dag_v5' retrieved from /opt/airflow/dags/our_first_dag.py
[2024-09-06T19:35:25.459+0000] {logging_mixin.py:190} INFO - [2024-09-06T19:35:25.459+0000] {dag.py:3211} INFO - Sync 1 DAGs
[2024-09-06T19:35:25.525+0000] {logging_mixin.py:190} INFO - [2024-09-06T19:35:25.524+0000] {dag.py:4138} INFO - Setting next_dagrun for our_first_dag_v5 to 2024-08-25 00:00:00+00:00, run_after=2024-08-26 00:00:00+00:00
[2024-09-06T19:35:25.603+0000] {processor.py:208} INFO - Processing /opt/airflow/dags/our_first_dag.py took 0.293 seconds
[2024-09-06T19:35:55.834+0000] {processor.py:186} INFO - Started process (PID=7718) to work on /opt/airflow/dags/our_first_dag.py
[2024-09-06T19:35:55.857+0000] {processor.py:914} INFO - Processing file /opt/airflow/dags/our_first_dag.py for tasks to queue
[2024-09-06T19:35:55.861+0000] {logging_mixin.py:190} INFO - [2024-09-06T19:35:55.861+0000] {dagbag.py:587} INFO - Filling up the DagBag from /opt/airflow/dags/our_first_dag.py
[2024-09-06T19:35:55.920+0000] {processor.py:925} INFO - DAG(s) 'our_first_dag_v5' retrieved from /opt/airflow/dags/our_first_dag.py
[2024-09-06T19:35:56.038+0000] {logging_mixin.py:190} INFO - [2024-09-06T19:35:56.037+0000] {dag.py:3211} INFO - Sync 1 DAGs
[2024-09-06T19:35:56.204+0000] {logging_mixin.py:190} INFO - [2024-09-06T19:35:56.204+0000] {dag.py:4138} INFO - Setting next_dagrun for our_first_dag_v5 to 2024-08-25 00:00:00+00:00, run_after=2024-08-26 00:00:00+00:00
[2024-09-06T19:35:56.326+0000] {processor.py:208} INFO - Processing /opt/airflow/dags/our_first_dag.py took 0.502 seconds
[2024-09-06T19:36:27.095+0000] {processor.py:186} INFO - Started process (PID=7782) to work on /opt/airflow/dags/our_first_dag.py
[2024-09-06T19:36:27.116+0000] {processor.py:914} INFO - Processing file /opt/airflow/dags/our_first_dag.py for tasks to queue
[2024-09-06T19:36:27.118+0000] {logging_mixin.py:190} INFO - [2024-09-06T19:36:27.118+0000] {dagbag.py:587} INFO - Filling up the DagBag from /opt/airflow/dags/our_first_dag.py
[2024-09-06T19:36:27.143+0000] {processor.py:925} INFO - DAG(s) 'our_first_dag_v5' retrieved from /opt/airflow/dags/our_first_dag.py
[2024-09-06T19:36:27.196+0000] {logging_mixin.py:190} INFO - [2024-09-06T19:36:27.195+0000] {dag.py:3211} INFO - Sync 1 DAGs
[2024-09-06T19:36:27.272+0000] {logging_mixin.py:190} INFO - [2024-09-06T19:36:27.271+0000] {dag.py:4138} INFO - Setting next_dagrun for our_first_dag_v5 to 2024-08-25 00:00:00+00:00, run_after=2024-08-26 00:00:00+00:00
[2024-09-06T19:36:27.316+0000] {processor.py:208} INFO - Processing /opt/airflow/dags/our_first_dag.py took 0.231 seconds
[2024-09-06T19:36:57.735+0000] {processor.py:186} INFO - Started process (PID=7847) to work on /opt/airflow/dags/our_first_dag.py
[2024-09-06T19:36:57.755+0000] {processor.py:914} INFO - Processing file /opt/airflow/dags/our_first_dag.py for tasks to queue
[2024-09-06T19:36:57.757+0000] {logging_mixin.py:190} INFO - [2024-09-06T19:36:57.757+0000] {dagbag.py:587} INFO - Filling up the DagBag from /opt/airflow/dags/our_first_dag.py
[2024-09-06T19:36:57.831+0000] {processor.py:925} INFO - DAG(s) 'our_first_dag_v5' retrieved from /opt/airflow/dags/our_first_dag.py
[2024-09-06T19:36:57.925+0000] {logging_mixin.py:190} INFO - [2024-09-06T19:36:57.924+0000] {dag.py:3211} INFO - Sync 1 DAGs
[2024-09-06T19:36:58.021+0000] {logging_mixin.py:190} INFO - [2024-09-06T19:36:58.020+0000] {dag.py:4138} INFO - Setting next_dagrun for our_first_dag_v5 to 2024-08-25 00:00:00+00:00, run_after=2024-08-26 00:00:00+00:00
[2024-09-06T19:36:58.144+0000] {processor.py:208} INFO - Processing /opt/airflow/dags/our_first_dag.py took 0.418 seconds
[2024-09-06T19:37:28.728+0000] {processor.py:186} INFO - Started process (PID=7913) to work on /opt/airflow/dags/our_first_dag.py
[2024-09-06T19:37:28.743+0000] {processor.py:914} INFO - Processing file /opt/airflow/dags/our_first_dag.py for tasks to queue
[2024-09-06T19:37:28.745+0000] {logging_mixin.py:190} INFO - [2024-09-06T19:37:28.745+0000] {dagbag.py:587} INFO - Filling up the DagBag from /opt/airflow/dags/our_first_dag.py
[2024-09-06T19:37:28.809+0000] {processor.py:925} INFO - DAG(s) 'our_first_dag_v5' retrieved from /opt/airflow/dags/our_first_dag.py
[2024-09-06T19:37:28.903+0000] {logging_mixin.py:190} INFO - [2024-09-06T19:37:28.902+0000] {dag.py:3211} INFO - Sync 1 DAGs
[2024-09-06T19:37:29.012+0000] {logging_mixin.py:190} INFO - [2024-09-06T19:37:29.011+0000] {dag.py:4138} INFO - Setting next_dagrun for our_first_dag_v5 to 2024-08-25 00:00:00+00:00, run_after=2024-08-26 00:00:00+00:00
[2024-09-06T19:37:29.116+0000] {processor.py:208} INFO - Processing /opt/airflow/dags/our_first_dag.py took 0.400 seconds
[2024-09-06T19:37:59.257+0000] {processor.py:186} INFO - Started process (PID=7976) to work on /opt/airflow/dags/our_first_dag.py
[2024-09-06T19:37:59.280+0000] {processor.py:914} INFO - Processing file /opt/airflow/dags/our_first_dag.py for tasks to queue
[2024-09-06T19:37:59.282+0000] {logging_mixin.py:190} INFO - [2024-09-06T19:37:59.281+0000] {dagbag.py:587} INFO - Filling up the DagBag from /opt/airflow/dags/our_first_dag.py
[2024-09-06T19:37:59.338+0000] {processor.py:925} INFO - DAG(s) 'our_first_dag_v5' retrieved from /opt/airflow/dags/our_first_dag.py
[2024-09-06T19:37:59.430+0000] {logging_mixin.py:190} INFO - [2024-09-06T19:37:59.430+0000] {dag.py:3211} INFO - Sync 1 DAGs
[2024-09-06T19:37:59.528+0000] {logging_mixin.py:190} INFO - [2024-09-06T19:37:59.528+0000] {dag.py:4138} INFO - Setting next_dagrun for our_first_dag_v5 to 2024-08-25 00:00:00+00:00, run_after=2024-08-26 00:00:00+00:00
[2024-09-06T19:37:59.650+0000] {processor.py:208} INFO - Processing /opt/airflow/dags/our_first_dag.py took 0.401 seconds
[2024-09-06T19:38:29.971+0000] {processor.py:186} INFO - Started process (PID=8040) to work on /opt/airflow/dags/our_first_dag.py
[2024-09-06T19:38:29.974+0000] {processor.py:914} INFO - Processing file /opt/airflow/dags/our_first_dag.py for tasks to queue
[2024-09-06T19:38:29.991+0000] {logging_mixin.py:190} INFO - [2024-09-06T19:38:29.991+0000] {dagbag.py:587} INFO - Filling up the DagBag from /opt/airflow/dags/our_first_dag.py
[2024-09-06T19:38:30.038+0000] {processor.py:925} INFO - DAG(s) 'our_first_dag_v5' retrieved from /opt/airflow/dags/our_first_dag.py
[2024-09-06T19:38:30.201+0000] {logging_mixin.py:190} INFO - [2024-09-06T19:38:30.200+0000] {dag.py:3211} INFO - Sync 1 DAGs
[2024-09-06T19:38:30.312+0000] {logging_mixin.py:190} INFO - [2024-09-06T19:38:30.312+0000] {dag.py:4138} INFO - Setting next_dagrun for our_first_dag_v5 to 2024-08-25 00:00:00+00:00, run_after=2024-08-26 00:00:00+00:00
[2024-09-06T19:38:30.466+0000] {processor.py:208} INFO - Processing /opt/airflow/dags/our_first_dag.py took 0.503 seconds
[2024-09-06T19:39:01.050+0000] {processor.py:186} INFO - Started process (PID=8102) to work on /opt/airflow/dags/our_first_dag.py
[2024-09-06T19:39:01.065+0000] {processor.py:914} INFO - Processing file /opt/airflow/dags/our_first_dag.py for tasks to queue
[2024-09-06T19:39:01.067+0000] {logging_mixin.py:190} INFO - [2024-09-06T19:39:01.067+0000] {dagbag.py:587} INFO - Filling up the DagBag from /opt/airflow/dags/our_first_dag.py
[2024-09-06T19:39:01.094+0000] {processor.py:925} INFO - DAG(s) 'our_first_dag_v5' retrieved from /opt/airflow/dags/our_first_dag.py
[2024-09-06T19:39:01.198+0000] {logging_mixin.py:190} INFO - [2024-09-06T19:39:01.198+0000] {dag.py:3211} INFO - Sync 1 DAGs
[2024-09-06T19:39:01.294+0000] {logging_mixin.py:190} INFO - [2024-09-06T19:39:01.293+0000] {dag.py:4138} INFO - Setting next_dagrun for our_first_dag_v5 to 2024-08-25 00:00:00+00:00, run_after=2024-08-26 00:00:00+00:00
[2024-09-06T19:39:01.400+0000] {processor.py:208} INFO - Processing /opt/airflow/dags/our_first_dag.py took 0.426 seconds
[2024-09-06T19:39:32.121+0000] {processor.py:186} INFO - Started process (PID=8166) to work on /opt/airflow/dags/our_first_dag.py
[2024-09-06T19:39:32.131+0000] {processor.py:914} INFO - Processing file /opt/airflow/dags/our_first_dag.py for tasks to queue
[2024-09-06T19:39:32.133+0000] {logging_mixin.py:190} INFO - [2024-09-06T19:39:32.133+0000] {dagbag.py:587} INFO - Filling up the DagBag from /opt/airflow/dags/our_first_dag.py
[2024-09-06T19:39:32.187+0000] {processor.py:925} INFO - DAG(s) 'our_first_dag_v5' retrieved from /opt/airflow/dags/our_first_dag.py
[2024-09-06T19:39:32.284+0000] {logging_mixin.py:190} INFO - [2024-09-06T19:39:32.283+0000] {dag.py:3211} INFO - Sync 1 DAGs
[2024-09-06T19:39:32.350+0000] {logging_mixin.py:190} INFO - [2024-09-06T19:39:32.350+0000] {dag.py:4138} INFO - Setting next_dagrun for our_first_dag_v5 to 2024-08-25 00:00:00+00:00, run_after=2024-08-26 00:00:00+00:00
[2024-09-06T19:39:32.453+0000] {processor.py:208} INFO - Processing /opt/airflow/dags/our_first_dag.py took 0.352 seconds
[2024-09-06T19:40:03.978+0000] {processor.py:186} INFO - Started process (PID=8231) to work on /opt/airflow/dags/our_first_dag.py
[2024-09-06T19:40:04.004+0000] {processor.py:914} INFO - Processing file /opt/airflow/dags/our_first_dag.py for tasks to queue
[2024-09-06T19:40:04.007+0000] {logging_mixin.py:190} INFO - [2024-09-06T19:40:04.006+0000] {dagbag.py:587} INFO - Filling up the DagBag from /opt/airflow/dags/our_first_dag.py
[2024-09-06T19:40:04.157+0000] {processor.py:925} INFO - DAG(s) 'our_first_dag_v5' retrieved from /opt/airflow/dags/our_first_dag.py
[2024-09-06T19:40:04.266+0000] {logging_mixin.py:190} INFO - [2024-09-06T19:40:04.265+0000] {dag.py:3211} INFO - Sync 1 DAGs
[2024-09-06T19:40:04.406+0000] {logging_mixin.py:190} INFO - [2024-09-06T19:40:04.405+0000] {dag.py:4138} INFO - Setting next_dagrun for our_first_dag_v5 to 2024-08-25 00:00:00+00:00, run_after=2024-08-26 00:00:00+00:00
[2024-09-06T19:40:04.586+0000] {processor.py:208} INFO - Processing /opt/airflow/dags/our_first_dag.py took 0.617 seconds
[2024-09-06T19:40:38.387+0000] {processor.py:186} INFO - Started process (PID=8292) to work on /opt/airflow/dags/our_first_dag.py
[2024-09-06T19:40:38.434+0000] {processor.py:914} INFO - Processing file /opt/airflow/dags/our_first_dag.py for tasks to queue
[2024-09-06T19:40:38.447+0000] {logging_mixin.py:190} INFO - [2024-09-06T19:40:38.447+0000] {dagbag.py:587} INFO - Filling up the DagBag from /opt/airflow/dags/our_first_dag.py
[2024-09-06T19:40:38.655+0000] {processor.py:925} INFO - DAG(s) 'our_first_dag_v5' retrieved from /opt/airflow/dags/our_first_dag.py
[2024-09-06T19:40:38.943+0000] {logging_mixin.py:190} INFO - [2024-09-06T19:40:38.942+0000] {dag.py:3211} INFO - Sync 1 DAGs
[2024-09-06T19:40:39.581+0000] {logging_mixin.py:190} INFO - [2024-09-06T19:40:39.580+0000] {dag.py:4138} INFO - Setting next_dagrun for our_first_dag_v5 to 2024-08-25 00:00:00+00:00, run_after=2024-08-26 00:00:00+00:00
[2024-09-06T19:40:39.884+0000] {processor.py:208} INFO - Processing /opt/airflow/dags/our_first_dag.py took 1.642 seconds
[2024-09-06T19:41:11.115+0000] {processor.py:186} INFO - Started process (PID=8354) to work on /opt/airflow/dags/our_first_dag.py
[2024-09-06T19:41:11.141+0000] {processor.py:914} INFO - Processing file /opt/airflow/dags/our_first_dag.py for tasks to queue
[2024-09-06T19:41:11.143+0000] {logging_mixin.py:190} INFO - [2024-09-06T19:41:11.142+0000] {dagbag.py:587} INFO - Filling up the DagBag from /opt/airflow/dags/our_first_dag.py
[2024-09-06T19:41:11.225+0000] {processor.py:925} INFO - DAG(s) 'our_first_dag_v5' retrieved from /opt/airflow/dags/our_first_dag.py
[2024-09-06T19:41:11.331+0000] {logging_mixin.py:190} INFO - [2024-09-06T19:41:11.331+0000] {dag.py:3211} INFO - Sync 1 DAGs
[2024-09-06T19:41:11.421+0000] {logging_mixin.py:190} INFO - [2024-09-06T19:41:11.421+0000] {dag.py:4138} INFO - Setting next_dagrun for our_first_dag_v5 to 2024-08-25 00:00:00+00:00, run_after=2024-08-26 00:00:00+00:00
[2024-09-06T19:41:11.557+0000] {processor.py:208} INFO - Processing /opt/airflow/dags/our_first_dag.py took 0.453 seconds
[2024-09-06T19:41:42.033+0000] {processor.py:186} INFO - Started process (PID=8408) to work on /opt/airflow/dags/our_first_dag.py
[2024-09-06T19:41:42.039+0000] {processor.py:914} INFO - Processing file /opt/airflow/dags/our_first_dag.py for tasks to queue
[2024-09-06T19:41:42.050+0000] {logging_mixin.py:190} INFO - [2024-09-06T19:41:42.049+0000] {dagbag.py:587} INFO - Filling up the DagBag from /opt/airflow/dags/our_first_dag.py
[2024-09-06T19:41:42.166+0000] {processor.py:925} INFO - DAG(s) 'our_first_dag_v5' retrieved from /opt/airflow/dags/our_first_dag.py
[2024-09-06T19:41:42.275+0000] {logging_mixin.py:190} INFO - [2024-09-06T19:41:42.275+0000] {dag.py:3211} INFO - Sync 1 DAGs
[2024-09-06T19:41:42.381+0000] {logging_mixin.py:190} INFO - [2024-09-06T19:41:42.380+0000] {dag.py:4138} INFO - Setting next_dagrun for our_first_dag_v5 to 2024-08-25 00:00:00+00:00, run_after=2024-08-26 00:00:00+00:00
[2024-09-06T19:41:42.496+0000] {processor.py:208} INFO - Processing /opt/airflow/dags/our_first_dag.py took 0.496 seconds
[2024-09-06T19:42:18.316+0000] {processor.py:186} INFO - Started process (PID=8470) to work on /opt/airflow/dags/our_first_dag.py
[2024-09-06T19:42:18.356+0000] {processor.py:914} INFO - Processing file /opt/airflow/dags/our_first_dag.py for tasks to queue
[2024-09-06T19:42:18.365+0000] {logging_mixin.py:190} INFO - [2024-09-06T19:42:18.365+0000] {dagbag.py:587} INFO - Filling up the DagBag from /opt/airflow/dags/our_first_dag.py
[2024-09-06T19:42:18.486+0000] {processor.py:925} INFO - DAG(s) 'our_first_dag_v5' retrieved from /opt/airflow/dags/our_first_dag.py
[2024-09-06T19:42:18.827+0000] {logging_mixin.py:190} INFO - [2024-09-06T19:42:18.827+0000] {dag.py:3211} INFO - Sync 1 DAGs
[2024-09-06T19:42:19.106+0000] {logging_mixin.py:190} INFO - [2024-09-06T19:42:19.096+0000] {dag.py:4138} INFO - Setting next_dagrun for our_first_dag_v5 to 2024-08-25 00:00:00+00:00, run_after=2024-08-26 00:00:00+00:00
[2024-09-06T19:42:19.204+0000] {processor.py:208} INFO - Processing /opt/airflow/dags/our_first_dag.py took 1.056 seconds
[2024-09-06T19:42:51.352+0000] {processor.py:186} INFO - Started process (PID=8534) to work on /opt/airflow/dags/our_first_dag.py
[2024-09-06T19:42:51.360+0000] {processor.py:914} INFO - Processing file /opt/airflow/dags/our_first_dag.py for tasks to queue
[2024-09-06T19:42:51.367+0000] {logging_mixin.py:190} INFO - [2024-09-06T19:42:51.367+0000] {dagbag.py:587} INFO - Filling up the DagBag from /opt/airflow/dags/our_first_dag.py
[2024-09-06T19:42:51.478+0000] {processor.py:925} INFO - DAG(s) 'our_first_dag_v5' retrieved from /opt/airflow/dags/our_first_dag.py
[2024-09-06T19:42:51.635+0000] {logging_mixin.py:190} INFO - [2024-09-06T19:42:51.635+0000] {dag.py:3211} INFO - Sync 1 DAGs
[2024-09-06T19:42:51.815+0000] {logging_mixin.py:190} INFO - [2024-09-06T19:42:51.779+0000] {dag.py:4138} INFO - Setting next_dagrun for our_first_dag_v5 to 2024-08-25 00:00:00+00:00, run_after=2024-08-26 00:00:00+00:00
[2024-09-06T19:42:52.021+0000] {processor.py:208} INFO - Processing /opt/airflow/dags/our_first_dag.py took 0.734 seconds
[2024-09-06T19:43:23.042+0000] {processor.py:186} INFO - Started process (PID=8596) to work on /opt/airflow/dags/our_first_dag.py
[2024-09-06T19:43:23.047+0000] {processor.py:914} INFO - Processing file /opt/airflow/dags/our_first_dag.py for tasks to queue
[2024-09-06T19:43:23.049+0000] {logging_mixin.py:190} INFO - [2024-09-06T19:43:23.048+0000] {dagbag.py:587} INFO - Filling up the DagBag from /opt/airflow/dags/our_first_dag.py
[2024-09-06T19:43:23.268+0000] {processor.py:925} INFO - DAG(s) 'our_first_dag_v5' retrieved from /opt/airflow/dags/our_first_dag.py
[2024-09-06T19:43:23.556+0000] {logging_mixin.py:190} INFO - [2024-09-06T19:43:23.555+0000] {dag.py:3211} INFO - Sync 1 DAGs
[2024-09-06T19:43:23.993+0000] {logging_mixin.py:190} INFO - [2024-09-06T19:43:23.992+0000] {dag.py:4138} INFO - Setting next_dagrun for our_first_dag_v5 to 2024-08-25 00:00:00+00:00, run_after=2024-08-26 00:00:00+00:00
[2024-09-06T19:43:24.558+0000] {processor.py:208} INFO - Processing /opt/airflow/dags/our_first_dag.py took 1.551 seconds
[2024-09-06T19:43:54.766+0000] {processor.py:186} INFO - Started process (PID=8663) to work on /opt/airflow/dags/our_first_dag.py
[2024-09-06T19:43:54.779+0000] {processor.py:914} INFO - Processing file /opt/airflow/dags/our_first_dag.py for tasks to queue
[2024-09-06T19:43:54.783+0000] {logging_mixin.py:190} INFO - [2024-09-06T19:43:54.782+0000] {dagbag.py:587} INFO - Filling up the DagBag from /opt/airflow/dags/our_first_dag.py
[2024-09-06T19:43:54.872+0000] {processor.py:925} INFO - DAG(s) 'our_first_dag_v5' retrieved from /opt/airflow/dags/our_first_dag.py
[2024-09-06T19:43:54.987+0000] {logging_mixin.py:190} INFO - [2024-09-06T19:43:54.986+0000] {dag.py:3211} INFO - Sync 1 DAGs
[2024-09-06T19:43:55.148+0000] {logging_mixin.py:190} INFO - [2024-09-06T19:43:55.148+0000] {dag.py:4138} INFO - Setting next_dagrun for our_first_dag_v5 to 2024-08-25 00:00:00+00:00, run_after=2024-08-26 00:00:00+00:00
[2024-09-06T19:43:55.266+0000] {processor.py:208} INFO - Processing /opt/airflow/dags/our_first_dag.py took 0.522 seconds
[2024-09-06T19:44:25.708+0000] {processor.py:186} INFO - Started process (PID=8734) to work on /opt/airflow/dags/our_first_dag.py
[2024-09-06T19:44:25.729+0000] {processor.py:914} INFO - Processing file /opt/airflow/dags/our_first_dag.py for tasks to queue
[2024-09-06T19:44:25.734+0000] {logging_mixin.py:190} INFO - [2024-09-06T19:44:25.734+0000] {dagbag.py:587} INFO - Filling up the DagBag from /opt/airflow/dags/our_first_dag.py
[2024-09-06T19:44:25.814+0000] {processor.py:925} INFO - DAG(s) 'our_first_dag_v5' retrieved from /opt/airflow/dags/our_first_dag.py
[2024-09-06T19:44:25.899+0000] {logging_mixin.py:190} INFO - [2024-09-06T19:44:25.898+0000] {dag.py:3211} INFO - Sync 1 DAGs
[2024-09-06T19:44:26.036+0000] {logging_mixin.py:190} INFO - [2024-09-06T19:44:26.036+0000] {dag.py:4138} INFO - Setting next_dagrun for our_first_dag_v5 to 2024-08-25 00:00:00+00:00, run_after=2024-08-26 00:00:00+00:00
[2024-09-06T19:44:26.091+0000] {processor.py:208} INFO - Processing /opt/airflow/dags/our_first_dag.py took 0.412 seconds
[2024-09-06T19:44:56.416+0000] {processor.py:186} INFO - Started process (PID=8794) to work on /opt/airflow/dags/our_first_dag.py
[2024-09-06T19:44:56.435+0000] {processor.py:914} INFO - Processing file /opt/airflow/dags/our_first_dag.py for tasks to queue
[2024-09-06T19:44:56.440+0000] {logging_mixin.py:190} INFO - [2024-09-06T19:44:56.439+0000] {dagbag.py:587} INFO - Filling up the DagBag from /opt/airflow/dags/our_first_dag.py
[2024-09-06T19:44:56.507+0000] {processor.py:925} INFO - DAG(s) 'our_first_dag_v5' retrieved from /opt/airflow/dags/our_first_dag.py
[2024-09-06T19:44:56.566+0000] {logging_mixin.py:190} INFO - [2024-09-06T19:44:56.566+0000] {dag.py:3211} INFO - Sync 1 DAGs
[2024-09-06T19:44:56.695+0000] {logging_mixin.py:190} INFO - [2024-09-06T19:44:56.693+0000] {dag.py:4138} INFO - Setting next_dagrun for our_first_dag_v5 to 2024-08-25 00:00:00+00:00, run_after=2024-08-26 00:00:00+00:00
[2024-09-06T19:44:56.792+0000] {processor.py:208} INFO - Processing /opt/airflow/dags/our_first_dag.py took 0.404 seconds
